[device]
Syslogic

[cameras]
['front', 'left_nozzle', 'back', 'right_nozzle']

[AVI]
SN214929_2023_07_28_1314_

[column names]
time avifileindex Longitude Latitude Altitude Satellites Heading Nozzle1downTMSCS Nozzle2downTMS SideBrush1downTMS SideBrush2downTMS BrushCurrent SideBrush1ExtendTMSCS SideBrush2ExtendTMSCS SideBrush1RetractTMSCS SideBrush2RetractTMSCS Nozzle1WaterSprayOnOffTMS Nozzle2WaterSprayOnOffTMS SideBrush1WaterSprayTMS SideBrush2WaterSprayTMS WSBMotoronoffTMS FanOnTMS WorkLight1OnOffTMS WorkLight2OnOffTMS NozGapOpen NozGapClose Pause_active AutoSweepActive EngineType EngineSpeed RoadSpeedTMSCS EngineFuelRateTMSCS FanSpeed TotalFuelConsumption WaterTankLevel JVMheartbeat JVMALerts GutterSprayOnOff AddWaterSprayOnOff WaterRe_circOnOff modbus_id pm_sensor_serious_fault pm_sensor_fault pm_sensor_is_degraded_mode pm_sensor_is_ready pm_1 pm_2_5 pm_10 temperature firmware_version humidity error

[data]
13:14:08.200 0001 -0.3449043035507202 51.44881057739258 13.949 16.0 73.9862289428711 0.0 0.0 0.0 0.0 0.0 0.0 0.0 0.0 0.0 0.0 0.0 0.0 0.0 0.0 0.0 0.0 0.0 0.0 0.0 0.0 0.0 7.0 0.0 0.0 0.0 0.0 2601.4500000000003 22.5 Operational 39.0 0.0 0.0 0.0 4.0 0.0 0.0 0.0 1.0 0.894 2.261 7.867 2902.0 4162.0 5316.0 0.0
13:14:08.300 0001 -0.3449043035507202 51.44881057739258 13.949 16.0 73.9862289428711 0.0 0.0 0.0 0.0 0.0 0.0 0.0 0.0 0.0 0.0 0.0 0.0 0.0 0.0 0.0 0.0 0.0 0.0 0.0 0.0 0.0 7.0 0.0 0.0 0.0 0.0 2601.4500000000003 22.5 Operational 39.0 0.0 0.0 0.0 4.0 0.0 0.0 0.0 1.0 0.894 2.261 7.867 2902.0 4162.0 5316.0 0.0
13:14:08.400 0001 -0.3449043035507202 51.44881057739258 13.949 16.0 73.9862289428711 0.0 0.0 0.0 0.0 0.0 0.0 0.0 0.0 0.0 0.0 0.0 0.0 0.0 0.0 0.0 0.0 0.0 0.0 0.0 0.0 0.0 7.0 0.0 0.0 0.0 0.0 2601.4500000000003 22.5 Operational 39.0 0.0 0.0 0.0 4.0 0.0 0.0 0.0 1.0 0.894 2.261 7.867 2902.0 4162.0 5316.0 0.0
13:14:08.500 0001 -0.3449043035507202 51.44881057739258 13.949 16.0 73.9862289428711 0.0 0.0 0.0 0.0 0.0 0.0 0.0 0.0 0.0 0.0 0.0 0.0 0.0 0.0 0.0 0.0 0.0 0.0 0.0 0.0 0.0 7.0 0.0 0.0 0.0 0.0 2601.4500000000003 22.5 Operational 39.0 0.0 0.0 0.0 4.0 0.0 0.0 0.0 1.0 0.894 2.261 7.867 2902.0 4162.0 5316.0 0.0
13:14:08.600 0001 -0.3449043035507202 51.44881057739258 13.949 16.0 73.9862289428711 0.0 0.0 0.0 0.0 0.0 0.0 0.0 0.0 0.0 0.0 0.0 0.0 0.0 0.0 0.0 0.0 0.0 0.0 0.0 0.0 0.0 7.0 0.0 0.0 0.0 0.0 2601.4500000000003 22.5 Operational 39.0 0.0 0.0 0.0 4.0 0.0 0.0 0.0 1.0 0.894 2.261 7.867 2902.0 4162.0 5316.0 0.0
13:14:08.700 0001 -0.3449043035507202 51.44881057739258 13.949 16.0 73.9862289428711 0.0 0.0 0.0 0.0 0.0 0.0 0.0 0.0 0.0 0.0 0.0 0.0 0.0 0.0 0.0 0.0 0.0 0.0 0.0 0.0 0.0 7.0 0.0 0.0 0.0 0.0 2601.4500000000003 22.5 Operational 39.0 0.0 0.0 0.0 4.0 0.0 0.0 0.0 1.0 0.894 2.261 7.867 2902.0 4162.0 5316.0 0.0
13:14:08.700 0001 -0.3449043035507202 51.44881057739258 13.949 16.0 73.9862289428711 0.0 0.0 0.0 0.0 0.0 0.0 0.0 0.0 0.0 0.0 0.0 0.0 0.0 0.0 0.0 0.0 0.0 0.0 0.0 0.0 0.0 7.0 0.0 0.0 0.0 0.0 2601.4500000000003 22.5 Operational 39.0 0.0 0.0 0.0 4.0 0.0 0.0 0.0 1.0 0.894 2.261 7.867 2902.0 4162.0 5316.0 0.0
13:14:08.800 0001 -0.3449043035507202 51.44881057739258 13.949 16.0 73.9862289428711 0.0 0.0 0.0 0.0 0.0 0.0 0.0 0.0 0.0 0.0 0.0 0.0 0.0 0.0 0.0 0.0 0.0 0.0 0.0 0.0 0.0 7.0 0.0 0.0 0.0 0.0 2601.4500000000003 22.5 Operational 39.0 0.0 0.0 0.0 4.0 0.0 0.0 0.0 1.0 0.894 2.261 7.867 2902.0 4162.0 5316.0 0.0
13:14:08.900 0001 -0.3449043035507202 51.44881057739258 13.949 16.0 73.9862289428711 0.0 0.0 0.0 0.0 0.0 0.0 0.0 0.0 0.0 0.0 0.0 0.0 0.0 0.0 0.0 0.0 0.0 0.0 0.0 0.0 0.0 7.0 0.0 0.0 0.0 0.0 2601.4500000000003 22.5 Operational 39.0 0.0 0.0 0.0 4.0 0.0 0.0 0.0 1.0 0.894 2.261 7.867 2902.0 4162.0 5316.0 0.0
13:14:09.000 0001 -0.3449043035507202 51.44881057739258 13.949 16.0 73.9862289428711 0.0 0.0 0.0 0.0 0.0 0.0 0.0 0.0 0.0 0.0 0.0 0.0 0.0 0.0 0.0 0.0 0.0 0.0 0.0 0.0 0.0 7.0 0.0 0.0 0.0 0.0 2601.4500000000003 22.5 Operational 39.0 0.0 0.0 0.0 5.0 0.0 0.0 0.0 1.0 0.837 2.287 7.663 2976.0 4162.0 5276.0 0.0
13:14:09.100 0001 -0.3449043035507202 51.44881057739258 13.949 16.0 73.9862289428711 0.0 0.0 0.0 0.0 0.0 0.0 0.0 0.0 0.0 0.0 0.0 0.0 0.0 0.0 0.0 0.0 0.0 0.0 0.0 0.0 0.0 7.0 0.0 0.0 0.0 0.0 2601.4500000000003 22.5 Operational 39.0 0.0 0.0 0.0 5.0 0.0 0.0 0.0 1.0 0.837 2.287 7.663 2976.0 4162.0 5276.0 0.0
13:14:09.200 0001 -0.3449043035507202 51.44881057739258 13.949 16.0 73.9862289428711 0.0 0.0 0.0 0.0 0.0 0.0 0.0 0.0 0.0 0.0 0.0 0.0 0.0 0.0 0.0 0.0 0.0 0.0 0.0 0.0 0.0 7.0 0.0 0.0 0.0 0.0 2601.4500000000003 22.5 Operational 39.0 0.0 0.0 0.0 5.0 0.0 0.0 0.0 1.0 0.837 2.287 7.663 2976.0 4162.0 5276.0 0.0
13:14:09.300 0001 -0.3449043035507202 51.44881057739258 13.949 16.0 73.9862289428711 0.0 0.0 0.0 0.0 0.0 0.0 0.0 0.0 0.0 0.0 0.0 0.0 0.0 0.0 0.0 0.0 0.0 0.0 0.0 0.0 0.0 7.0 0.0 0.0 0.0 0.0 2601.4500000000003 22.5 Operational 39.0 0.0 0.0 0.0 5.0 0.0 0.0 0.0 1.0 0.837 2.287 7.663 2976.0 4162.0 5276.0 0.0
13:14:09.400 0001 -0.3449043035507202 51.44881057739258 13.949 16.0 73.9862289428711 0.0 0.0 0.0 0.0 0.0 0.0 0.0 0.0 0.0 0.0 0.0 0.0 0.0 0.0 0.0 0.0 0.0 0.0 0.0 0.0 0.0 7.0 0.0 0.0 0.0 0.0 2601.4500000000003 22.5 Operational 39.0 0.0 0.0 0.0 5.0 0.0 0.0 0.0 1.0 0.837 2.287 7.663 2976.0 4162.0 5276.0 0.0
13:14:09.500 0001 -0.3449043035507202 51.44881057739258 13.949 16.0 73.9862289428711 0.0 0.0 0.0 0.0 0.0 0.0 0.0 0.0 0.0 0.0 0.0 0.0 0.0 0.0 0.0 0.0 0.0 0.0 0.0 0.0 0.0 7.0 0.0 0.0 0.0 0.0 2601.4500000000003 22.5 Operational 39.0 0.0 0.0 0.0 5.0 0.0 0.0 0.0 1.0 0.837 2.287 7.663 2976.0 4162.0 5276.0 0.0
13:14:09.600 0001 -0.3449043035507202 51.44881057739258 13.949 16.0 73.9862289428711 0.0 0.0 0.0 0.0 0.0 0.0 0.0 0.0 0.0 0.0 0.0 0.0 0.0 0.0 0.0 0.0 0.0 0.0 0.0 0.0 0.0 7.0 0.0 0.0 0.0 0.0 2601.4500000000003 22.5 Operational 39.0 0.0 0.0 0.0 5.0 0.0 0.0 0.0 1.0 0.837 2.287 7.663 2976.0 4162.0 5276.0 0.0
13:14:09.700 0001 -0.3449043035507202 51.44881057739258 13.949 16.0 73.9862289428711 0.0 0.0 0.0 0.0 0.0 0.0 0.0 0.0 0.0 0.0 0.0 0.0 0.0 0.0 0.0 0.0 0.0 0.0 0.0 0.0 0.0 7.0 0.0 0.0 0.0 0.0 2601.4500000000003 22.5 Operational 39.0 0.0 0.0 0.0 5.0 0.0 0.0 0.0 1.0 0.837 2.287 7.663 2976.0 4162.0 5276.0 0.0
13:14:09.800 0001 -0.3449043035507202 51.44881057739258 13.949 16.0 73.9862289428711 0.0 0.0 0.0 0.0 0.0 0.0 0.0 0.0 0.0 0.0 0.0 0.0 0.0 0.0 0.0 0.0 0.0 0.0 0.0 0.0 0.0 7.0 0.0 0.0 0.0 0.0 2601.4500000000003 22.5 Operational 39.0 0.0 0.0 0.0 5.0 0.0 0.0 0.0 1.0 0.837 2.287 7.663 2976.0 4162.0 5276.0 0.0
13:14:09.900 0001 -0.3449043035507202 51.44881057739258 13.949 16.0 73.9862289428711 0.0 0.0 0.0 0.0 0.0 0.0 0.0 0.0 0.0 0.0 0.0 0.0 0.0 0.0 0.0 0.0 0.0 0.0 0.0 0.0 0.0 7.0 0.0 0.0 0.0 0.0 2601.4500000000003 22.5 Operational 39.0 0.0 0.0 0.0 1.0 0.0 0.0 0.0 1.0 0.118 0.201 0.517 2976.0 4162.0 5276.0 0.0
13:14:10.000 0001 -0.3449026942253113 51.44881057739258 14.222 17.0 73.9862289428711 0.0 0.0 0.0 0.0 0.0 0.0 0.0 0.0 0.0 0.0 0.0 0.0 0.0 0.0 0.0 0.0 0.0 0.0 0.0 0.0 0.0 7.0 0.0 0.0 0.0 0.0 2601.4500000000003 22.5 Operational 39.0 0.0 0.0 0.0 1.0 0.0 0.0 0.0 1.0 0.118 0.201 0.517 4083.0 4162.0 2912.0 0.0
13:14:10.100 0001 -0.3449026942253113 51.44881057739258 14.222 17.0 73.9862289428711 0.0 0.0 0.0 0.0 0.0 0.0 0.0 0.0 0.0 0.0 0.0 0.0 0.0 0.0 0.0 0.0 0.0 0.0 0.0 0.0 0.0 7.0 0.0 0.0 0.0 0.0 2601.4500000000003 22.5 Operational 39.0 0.0 0.0 0.0 1.0 0.0 0.0 0.0 1.0 0.118 0.201 0.517 4083.0 4162.0 2912.0 0.0
13:14:10.200 0001 -0.3449026942253113 51.44881057739258 14.222 17.0 73.9862289428711 0.0 0.0 0.0 0.0 0.0 0.0 0.0 0.0 0.0 0.0 0.0 0.0 0.0 0.0 0.0 0.0 0.0 0.0 0.0 0.0 0.0 7.0 0.0 0.0 0.0 0.0 2601.4500000000003 22.5 Operational 39.0 0.0 0.0 0.0 1.0 0.0 0.0 0.0 1.0 0.118 0.201 0.517 4083.0 4162.0 2912.0 0.0
13:14:10.300 0001 -0.3449026942253113 51.44881057739258 14.222 17.0 73.9862289428711 0.0 0.0 0.0 0.0 0.0 0.0 0.0 0.0 0.0 0.0 0.0 0.0 0.0 0.0 0.0 0.0 0.0 0.0 0.0 0.0 0.0 7.0 0.0 0.0 0.0 0.0 2601.4500000000003 22.5 Operational 39.0 0.0 0.0 0.0 1.0 0.0 0.0 0.0 1.0 0.118 0.201 0.517 4083.0 4162.0 2912.0 0.0
13:14:10.400 0001 -0.3449026942253113 51.44881057739258 14.222 17.0 73.9862289428711 0.0 0.0 0.0 0.0 0.0 0.0 0.0 0.0 0.0 0.0 0.0 0.0 0.0 0.0 0.0 0.0 0.0 0.0 0.0 0.0 0.0 7.0 0.0 0.0 0.0 0.0 2601.4500000000003 22.5 Operational 39.0 0.0 0.0 0.0 1.0 0.0 0.0 0.0 1.0 0.118 0.201 0.517 4083.0 4162.0 2912.0 0.0
13:14:10.500 0001 -0.3449026942253113 51.44881057739258 14.222 17.0 73.9862289428711 0.0 0.0 0.0 0.0 0.0 0.0 0.0 0.0 0.0 0.0 0.0 0.0 0.0 0.0 0.0 0.0 0.0 0.0 0.0 0.0 0.0 7.0 0.0 0.0 0.0 0.0 2601.4500000000003 22.5 Operational 39.0 0.0 0.0 0.0 1.0 0.0 0.0 0.0 1.0 0.118 0.201 0.517 4083.0 4162.0 2912.0 0.0
13:14:10.600 0001 -0.3449026942253113 51.44881057739258 14.222 17.0 73.9862289428711 0.0 0.0 0.0 0.0 0.0 0.0 0.0 0.0 0.0 0.0 0.0 0.0 0.0 0.0 0.0 0.0 0.0 0.0 0.0 0.0 0.0 7.0 0.0 0.0 0.0 0.0 2601.4500000000003 22.5 Operational 39.0 0.0 0.0 0.0 1.0 0.0 0.0 0.0 1.0 0.118 0.201 0.517 4083.0 4162.0 2912.0 0.0
13:14:10.700 0001 -0.3449026942253113 51.44881057739258 14.222 17.0 73.9862289428711 0.0 0.0 0.0 0.0 0.0 0.0 0.0 0.0 0.0 0.0 0.0 0.0 0.0 0.0 0.0 0.0 0.0 0.0 0.0 0.0 0.0 7.0 0.0 0.0 0.0 0.0 2601.4500000000003 22.5 Operational 39.0 0.0 0.0 0.0 2.0 0.0 0.0 0.0 1.0 0.8190000000000001 1.907 6.281 2949.0 4162.0 5786.0 0.0
13:14:10.800 0001 -0.3449026942253113 51.44881057739258 14.222 17.0 73.9862289428711 0.0 0.0 0.0 0.0 0.0 0.0 0.0 0.0 0.0 0.0 0.0 0.0 0.0 0.0 0.0 0.0 0.0 0.0 0.0 0.0 0.0 7.0 0.0 0.0 0.0 0.0 2601.4500000000003 22.5 Operational 39.0 0.0 0.0 0.0 2.0 0.0 0.0 0.0 1.0 0.8190000000000001 1.907 6.281 2949.0 4162.0 5786.0 0.0
13:14:10.900 0001 -0.3449018001556396 51.44880676269531 14.087 18.0 73.9862289428711 0.0 0.0 0.0 0.0 0.0 0.0 0.0 0.0 0.0 0.0 0.0 0.0 0.0 0.0 0.0 0.0 0.0 0.0 0.0 0.0 0.0 7.0 0.0 0.0 0.0 0.0 2601.4500000000003 22.5 Operational 39.0 0.0 0.0 0.0 2.0 0.0 0.0 0.0 1.0 0.8190000000000001 1.907 6.281 2949.0 4162.0 5786.0 0.0
13:14:11.000 0001 -0.3449018001556396 51.44880676269531 14.087 18.0 73.9862289428711 0.0 0.0 0.0 0.0 0.0 0.0 0.0 0.0 0.0 0.0 0.0 0.0 0.0 0.0 0.0 0.0 0.0 0.0 0.0 0.0 0.0 7.0 0.0 0.0 0.0 0.0 2601.4500000000003 22.5 Operational 39.0 0.0 0.0 0.0 2.0 0.0 0.0 0.0 1.0 0.8190000000000001 1.907 6.281 2949.0 4162.0 5786.0 0.0
13:14:11.100 0001 -0.3449018001556396 51.44880676269531 14.087 18.0 73.9862289428711 0.0 0.0 0.0 0.0 0.0 0.0 0.0 0.0 0.0 0.0 0.0 0.0 0.0 0.0 0.0 0.0 0.0 0.0 0.0 0.0 0.0 7.0 0.0 0.0 0.0 0.0 2601.4500000000003 22.5 Operational 39.0 0.0 0.0 0.0 2.0 0.0 0.0 0.0 1.0 0.8190000000000001 1.907 6.281 2949.0 4162.0 5786.0 0.0
13:14:11.200 0001 -0.3449018001556396 51.44880676269531 14.087 18.0 73.9862289428711 0.0 0.0 0.0 0.0 0.0 0.0 0.0 0.0 0.0 0.0 0.0 0.0 0.0 0.0 0.0 0.0 0.0 0.0 0.0 0.0 0.0 7.0 0.0 0.0 0.0 0.0 2601.4500000000003 22.5 Operational 39.0 0.0 0.0 0.0 2.0 0.0 0.0 0.0 1.0 0.8190000000000001 1.907 6.281 2949.0 4162.0 5786.0 0.0
13:14:11.300 0001 -0.3449018001556396 51.44880676269531 14.087 18.0 73.9862289428711 0.0 0.0 0.0 0.0 0.0 0.0 0.0 0.0 0.0 0.0 0.0 0.0 0.0 0.0 0.0 0.0 0.0 0.0 0.0 0.0 0.0 7.0 0.0 0.0 0.0 0.0 2601.4500000000003 22.5 Operational 39.0 0.0 0.0 0.0 2.0 0.0 0.0 0.0 1.0 0.8190000000000001 1.907 6.281 2949.0 4162.0 5786.0 0.0
13:14:11.400 0001 -0.3449018001556396 51.44880676269531 14.087 18.0 73.9862289428711 0.0 0.0 0.0 0.0 0.0 0.0 0.0 0.0 0.0 0.0 0.0 0.0 0.0 0.0 0.0 0.0 0.0 0.0 0.0 0.0 0.0 7.0 0.0 0.0 0.0 0.0 2601.4500000000003 22.5 Operational 39.0 0.0 0.0 0.0 2.0 0.0 0.0 0.0 1.0 0.8190000000000001 1.907 6.281 2949.0 4162.0 5786.0 0.0
13:14:11.500 0001 -0.3449018001556396 51.44880676269531 14.087 18.0 73.9862289428711 0.0 0.0 0.0 0.0 0.0 0.0 0.0 0.0 0.0 0.0 0.0 0.0 0.0 0.0 0.0 0.0 0.0 0.0 0.0 0.0 0.0 7.0 0.0 0.0 0.0 0.0 2601.4500000000003 22.5 Operational 39.0 0.0 0.0 0.0 3.0 0.0 0.0 0.0 1.0 0.941 2.291 8.781 3370.0 4162.0 4422.0 0.0
13:14:11.600 0001 -0.3449018001556396 51.44880676269531 14.087 18.0 73.9862289428711 0.0 0.0 0.0 0.0 0.0 0.0 0.0 0.0 0.0 0.0 0.0 0.0 0.0 0.0 0.0 0.0 0.0 0.0 0.0 0.0 0.0 7.0 0.0 0.0 0.0 0.0 2601.4500000000003 22.5 Operational 39.0 0.0 0.0 0.0 3.0 0.0 0.0 0.0 1.0 0.941 2.291 8.781 3370.0 4162.0 4422.0 0.0
13:14:11.700 0001 -0.3449018001556396 51.44880676269531 14.087 18.0 73.9862289428711 0.0 0.0 0.0 0.0 0.0 0.0 0.0 0.0 0.0 0.0 0.0 0.0 0.0 0.0 0.0 0.0 0.0 0.0 0.0 0.0 0.0 7.0 0.0 0.0 0.0 0.0 2601.4500000000003 22.5 Operational 39.0 0.0 0.0 0.0 3.0 0.0 0.0 0.0 1.0 0.941 2.291 8.781 3370.0 4162.0 4422.0 0.0
13:14:11.800 0001 -0.3449018001556396 51.44880676269531 14.087 18.0 73.9862289428711 0.0 0.0 0.0 0.0 0.0 0.0 0.0 0.0 0.0 0.0 0.0 0.0 0.0 0.0 0.0 0.0 0.0 0.0 0.0 0.0 0.0 7.0 0.0 0.0 0.0 0.0 2601.4500000000003 22.5 Operational 39.0 0.0 0.0 0.0 3.0 0.0 0.0 0.0 1.0 0.941 2.291 8.781 3370.0 4162.0 4422.0 0.0
13:14:11.900 0001 -0.3449011147022247 51.44880676269531 14.006 18.0 73.9862289428711 0.0 0.0 0.0 0.0 0.0 0.0 0.0 0.0 0.0 0.0 0.0 0.0 0.0 0.0 0.0 0.0 0.0 0.0 0.0 0.0 0.0 7.0 0.0 0.0 0.0 0.0 2601.4500000000003 22.5 Operational 39.0 0.0 0.0 0.0 3.0 0.0 0.0 0.0 1.0 0.941 2.291 8.781 3370.0 4162.0 4422.0 0.0
13:14:12.000 0001 -0.3449011147022247 51.44880676269531 14.006 18.0 73.9862289428711 0.0 0.0 0.0 0.0 0.0 0.0 0.0 0.0 0.0 0.0 0.0 0.0 0.0 0.0 0.0 0.0 0.0 0.0 0.0 0.0 0.0 7.0 0.0 0.0 0.0 0.0 2601.4500000000003 22.5 Operational 39.0 0.0 0.0 0.0 3.0 0.0 0.0 0.0 1.0 0.941 2.291 8.781 3370.0 4162.0 4422.0 0.0
13:14:12.100 0001 -0.3449011147022247 51.44880676269531 14.006 18.0 73.9862289428711 0.0 0.0 0.0 0.0 0.0 0.0 0.0 0.0 0.0 0.0 0.0 0.0 0.0 0.0 0.0 0.0 0.0 0.0 0.0 0.0 0.0 7.0 0.0 0.0 0.0 0.0 2601.4500000000003 22.5 Operational 39.0 0.0 0.0 0.0 3.0 0.0 0.0 0.0 1.0 0.941 2.291 8.781 3370.0 4162.0 4422.0 0.0
13:14:12.200 0001 -0.3449011147022247 51.44880676269531 14.006 18.0 73.9862289428711 0.0 0.0 0.0 0.0 0.0 0.0 0.0 0.0 0.0 0.0 0.0 0.0 0.0 0.0 0.0 0.0 0.0 0.0 0.0 0.0 0.0 7.0 0.0 0.0 0.0 0.0 2601.4500000000003 22.5 Operational 39.0 0.0 0.0 0.0 3.0 0.0 0.0 0.0 1.0 0.941 2.291 8.781 3370.0 4162.0 4422.0 0.0
13:14:12.300 0001 -0.3449011147022247 51.44880676269531 14.006 18.0 73.9862289428711 0.0 0.0 0.0 0.0 0.0 0.0 0.0 0.0 0.0 0.0 0.0 0.0 0.0 0.0 0.0 0.0 0.0 0.0 0.0 0.0 0.0 7.0 0.0 0.0 0.0 0.0 2601.4500000000003 22.5 Operational 39.0 0.0 0.0 0.0 4.0 0.0 0.0 0.0 1.0 0.4 0.878 2.446 2901.0 4162.0 5297.0 0.0
13:14:12.400 0001 -0.3449011147022247 51.44880676269531 14.006 18.0 73.9862289428711 0.0 0.0 0.0 0.0 0.0 0.0 0.0 0.0 0.0 0.0 0.0 0.0 0.0 0.0 0.0 0.0 0.0 0.0 0.0 0.0 0.0 7.0 0.0 0.0 0.0 0.0 2601.4500000000003 22.5 Operational 39.0 0.0 0.0 0.0 4.0 0.0 0.0 0.0 1.0 0.4 0.878 2.446 2901.0 4162.0 5297.0 0.0
13:14:12.500 0001 -0.3449011147022247 51.44880676269531 14.006 18.0 73.9862289428711 0.0 0.0 0.0 0.0 0.0 0.0 0.0 0.0 0.0 0.0 0.0 0.0 0.0 0.0 0.0 0.0 0.0 0.0 0.0 0.0 0.0 7.0 0.0 0.0 0.0 0.0 2601.4500000000003 22.5 Operational 39.0 0.0 0.0 0.0 4.0 0.0 0.0 0.0 1.0 0.4 0.878 2.446 2901.0 4162.0 5297.0 0.0
13:14:12.600 0001 -0.3449011147022247 51.44880676269531 14.006 18.0 73.9862289428711 0.0 0.0 0.0 0.0 0.0 0.0 0.0 0.0 0.0 0.0 0.0 0.0 0.0 0.0 0.0 0.0 0.0 0.0 0.0 0.0 0.0 7.0 0.0 0.0 0.0 0.0 2601.4500000000003 22.5 Operational 39.0 0.0 0.0 0.0 4.0 0.0 0.0 0.0 1.0 0.4 0.878 2.446 2901.0 4162.0 5297.0 0.0
13:14:12.700 0001 -0.3449011147022247 51.44880676269531 14.006 18.0 73.9862289428711 0.0 0.0 0.0 0.0 0.0 0.0 0.0 0.0 0.0 0.0 0.0 0.0 0.0 0.0 0.0 0.0 0.0 0.0 0.0 0.0 0.0 7.0 0.0 0.0 0.0 0.0 2601.4500000000003 22.5 Operational 39.0 0.0 0.0 0.0 4.0 0.0 0.0 0.0 1.0 0.4 0.878 2.446 2901.0 4162.0 5297.0 0.0
13:14:12.800 0001 -0.3449011147022247 51.44880676269531 14.006 18.0 73.9862289428711 0.0 0.0 0.0 0.0 0.0 0.0 0.0 0.0 0.0 0.0 0.0 0.0 0.0 0.0 0.0 0.0 0.0 0.0 0.0 0.0 0.0 7.0 0.0 0.0 0.0 0.0 2601.4500000000003 22.5 Operational 39.0 0.0 0.0 0.0 4.0 0.0 0.0 0.0 1.0 0.4 0.878 2.446 2901.0 4162.0 5297.0 0.0
13:14:12.900 0001 -0.3449012041091919 51.44880676269531 13.724 18.0 73.9862289428711 0.0 0.0 0.0 0.0 0.0 0.0 0.0 0.0 0.0 0.0 0.0 0.0 0.0 0.0 0.0 0.0 0.0 0.0 0.0 0.0 0.0 7.0 0.0 0.0 0.0 0.0 2601.4500000000003 22.5 Operational 39.0 0.0 0.0 0.0 4.0 0.0 0.0 0.0 1.0 0.4 0.878 2.446 2901.0 4162.0 5297.0 0.0
13:14:13.000 0001 -0.3449012041091919 51.44880676269531 13.724 18.0 73.9862289428711 0.0 0.0 0.0 0.0 0.0 0.0 0.0 0.0 0.0 0.0 0.0 0.0 0.0 0.0 0.0 0.0 0.0 0.0 0.0 0.0 0.0 7.0 0.0 0.0 0.0 0.0 2601.4500000000003 22.5 Operational 39.0 0.0 0.0 0.0 4.0 0.0 0.0 0.0 1.0 0.4 0.878 2.446 2901.0 4162.0 5297.0 0.0
13:14:13.100 0001 -0.3449012041091919 51.44880676269531 13.724 18.0 73.9862289428711 0.0 0.0 0.0 0.0 0.0 0.0 0.0 0.0 0.0 0.0 0.0 0.0 0.0 0.0 0.0 0.0 0.0 0.0 0.0 0.0 0.0 7.0 0.0 0.0 0.0 0.0 2601.4500000000003 22.5 Operational 39.0 0.0 0.0 0.0 4.0 0.0 0.0 0.0 1.0 0.4 0.878 2.446 2901.0 4162.0 5297.0 0.0
13:14:13.200 0001 -0.3449012041091919 51.44880676269531 13.724 18.0 73.9862289428711 0.0 0.0 0.0 0.0 0.0 0.0 0.0 0.0 0.0 0.0 0.0 0.0 0.0 0.0 0.0 0.0 0.0 0.0 0.0 0.0 0.0 7.0 0.0 0.0 0.0 0.0 2601.4500000000003 22.5 Operational 39.0 0.0 0.0 0.0 4.0 0.0 0.0 0.0 1.0 0.4 0.878 2.446 2901.0 4162.0 5297.0 0.0
13:14:13.300 0001 -0.3449012041091919 51.44880676269531 13.724 18.0 73.9862289428711 0.0 0.0 0.0 0.0 0.0 0.0 0.0 0.0 0.0 0.0 0.0 0.0 0.0 0.0 0.0 0.0 0.0 0.0 0.0 0.0 0.0 7.0 0.0 0.0 0.0 0.0 2601.4500000000003 22.5 Operational 39.0 0.0 0.0 0.0 4.0 0.0 0.0 0.0 1.0 0.4 0.878 2.446 2901.0 4162.0 5297.0 0.0
13:14:13.400 0001 -0.3449012041091919 51.44880676269531 13.724 18.0 73.9862289428711 0.0 0.0 0.0 0.0 0.0 0.0 0.0 0.0 0.0 0.0 0.0 0.0 0.0 0.0 0.0 0.0 0.0 0.0 0.0 0.0 0.0 7.0 0.0 0.0 0.0 0.0 2601.4500000000003 22.5 Operational 39.0 0.0 0.0 0.0 4.0 0.0 0.0 0.0 1.0 0.4 0.878 2.446 2901.0 4162.0 5297.0 0.0
13:14:13.500 0001 -0.3449012041091919 51.44880676269531 13.724 18.0 73.9862289428711 0.0 0.0 0.0 0.0 0.0 0.0 0.0 0.0 0.0 0.0 0.0 0.0 0.0 0.0 0.0 0.0 0.0 0.0 0.0 0.0 0.0 7.0 0.0 0.0 0.0 0.0 2601.4500000000003 22.5 Operational 39.0 0.0 0.0 0.0 5.0 0.0 0.0 0.0 1.0 0.605 1.61 4.679 2978.0 4162.0 5298.0 0.0
13:14:13.600 0001 -0.3449012041091919 51.44880676269531 13.724 18.0 73.9862289428711 0.0 0.0 0.0 0.0 0.0 0.0 0.0 0.0 0.0 0.0 0.0 0.0 0.0 0.0 0.0 0.0 0.0 0.0 0.0 0.0 0.0 7.0 0.0 0.0 0.0 0.0 2601.4500000000003 22.5 Operational 39.0 0.0 0.0 0.0 5.0 0.0 0.0 0.0 1.0 0.605 1.61 4.679 2978.0 4162.0 5298.0 0.0
13:14:13.700 0001 -0.3449012041091919 51.44880676269531 13.724 18.0 73.9862289428711 0.0 0.0 0.0 0.0 0.0 0.0 0.0 0.0 0.0 0.0 0.0 0.0 0.0 0.0 0.0 0.0 0.0 0.0 0.0 0.0 0.0 7.0 0.0 0.0 0.0 0.0 2601.4500000000003 22.5 Operational 39.0 0.0 0.0 0.0 5.0 0.0 0.0 0.0 1.0 0.605 1.61 4.679 2978.0 4162.0 5298.0 0.0
13:14:13.800 0001 -0.3449012041091919 51.44880676269531 13.724 18.0 73.9862289428711 0.0 0.0 0.0 0.0 0.0 0.0 0.0 0.0 0.0 0.0 0.0 0.0 0.0 0.0 0.0 0.0 0.0 0.0 0.0 0.0 0.0 7.0 0.0 0.0 0.0 0.0 2601.4500000000003 22.5 Operational 39.0 0.0 0.0 0.0 5.0 0.0 0.0 0.0 1.0 0.605 1.61 4.679 2978.0 4162.0 5298.0 0.0
13:14:13.900 0001 -0.3449003994464874 51.44880676269531 13.658 18.0 73.9862289428711 0.0 0.0 0.0 0.0 0.0 0.0 0.0 0.0 0.0 0.0 0.0 0.0 0.0 0.0 0.0 0.0 0.0 0.0 0.0 0.0 0.0 7.0 0.0 0.0 0.0 0.0 2601.4500000000003 22.5 Operational 39.0 0.0 0.0 0.0 5.0 0.0 0.0 0.0 1.0 0.605 1.61 4.679 2978.0 4162.0 5298.0 0.0
13:14:14.000 0001 -0.3449003994464874 51.44880676269531 13.658 18.0 73.9862289428711 0.0 0.0 0.0 0.0 0.0 0.0 0.0 0.0 0.0 0.0 0.0 0.0 0.0 0.0 0.0 0.0 0.0 0.0 0.0 0.0 0.0 7.0 0.0 0.0 0.0 0.0 2601.4500000000003 22.5 Operational 39.0 0.0 0.0 0.0 5.0 0.0 0.0 0.0 1.0 0.605 1.61 4.679 2978.0 4162.0 5298.0 0.0
13:14:14.100 0001 -0.3449003994464874 51.44880676269531 13.658 18.0 73.9862289428711 0.0 0.0 0.0 0.0 0.0 0.0 0.0 0.0 0.0 0.0 0.0 0.0 0.0 0.0 0.0 0.0 0.0 0.0 0.0 0.0 0.0 7.0 0.0 0.0 0.0 0.0 2601.4500000000003 22.5 Operational 39.0 0.0 0.0 0.0 5.0 0.0 0.0 0.0 1.0 0.605 1.61 4.679 2978.0 4162.0 5298.0 0.0
13:14:14.200 0001 -0.3449003994464874 51.44880676269531 13.658 18.0 73.9862289428711 0.0 0.0 0.0 0.0 0.0 0.0 0.0 0.0 0.0 0.0 0.0 0.0 0.0 0.0 0.0 0.0 0.0 0.0 0.0 0.0 0.0 7.0 0.0 0.0 0.0 0.0 2601.4500000000003 22.5 Operational 39.0 0.0 0.0 0.0 5.0 0.0 0.0 0.0 1.0 0.605 1.61 4.679 2978.0 4162.0 5298.0 0.0
13:14:14.300 0001 -0.3449003994464874 51.44880676269531 13.658 18.0 73.9862289428711 0.0 0.0 0.0 0.0 0.0 0.0 0.0 0.0 0.0 0.0 0.0 0.0 0.0 0.0 0.0 0.0 0.0 0.0 0.0 0.0 0.0 7.0 0.0 0.0 0.0 0.0 2601.4500000000003 22.5 Operational 39.0 0.0 0.0 0.0 5.0 0.0 0.0 0.0 1.0 0.605 1.61 4.679 2978.0 4162.0 5298.0 0.0
13:14:14.400 0001 -0.3449003994464874 51.44880676269531 13.658 18.0 73.9862289428711 0.0 0.0 0.0 0.0 0.0 0.0 0.0 0.0 0.0 0.0 0.0 0.0 0.0 0.0 0.0 0.0 0.0 0.0 0.0 0.0 0.0 7.0 0.0 0.0 0.0 0.0 2601.4500000000003 22.5 Operational 39.0 0.0 0.0 0.0 5.0 0.0 0.0 0.0 1.0 0.605 1.61 4.679 2978.0 4162.0 5298.0 0.0
13:14:14.500 0001 -0.3449003994464874 51.44880676269531 13.658 18.0 73.9862289428711 0.0 0.0 0.0 0.0 0.0 0.0 0.0 0.0 0.0 0.0 0.0 0.0 0.0 0.0 0.0 0.0 0.0 0.0 0.0 0.0 0.0 7.0 0.0 0.0 0.0 0.0 2601.4500000000003 22.5 Operational 39.0 0.0 0.0 0.0 5.0 0.0 0.0 0.0 1.0 0.605 1.61 4.679 2978.0 4162.0 5298.0 0.0
13:14:14.600 0001 -0.3449003994464874 51.44880676269531 13.658 18.0 73.9862289428711 0.0 0.0 0.0 0.0 0.0 0.0 0.0 0.0 0.0 0.0 0.0 0.0 0.0 0.0 0.0 0.0 0.0 0.0 0.0 0.0 0.0 7.0 0.0 0.0 0.0 0.0 2601.4500000000003 22.5 Operational 39.0 0.0 0.0 0.0 1.0 0.0 0.0 0.0 1.0 0.079 0.129 0.3 4081.0 4162.0 2897.0 0.0
13:14:14.700 0001 -0.3449003994464874 51.44880676269531 13.658 18.0 73.9862289428711 0.0 0.0 0.0 0.0 0.0 0.0 0.0 0.0 0.0 0.0 0.0 0.0 0.0 0.0 0.0 0.0 0.0 0.0 0.0 0.0 0.0 7.0 0.0 0.0 0.0 0.0 2601.4500000000003 22.5 Operational 39.0 0.0 0.0 0.0 1.0 0.0 0.0 0.0 1.0 0.079 0.129 0.3 4081.0 4162.0 2897.0 0.0
13:14:14.800 0001 -0.3449003994464874 51.44880676269531 13.658 18.0 73.9862289428711 0.0 0.0 0.0 0.0 0.0 0.0 0.0 0.0 0.0 0.0 0.0 0.0 0.0 0.0 0.0 0.0 0.0 0.0 0.0 0.0 0.0 7.0 0.0 0.0 0.0 0.0 2601.4500000000003 22.5 Operational 39.0 0.0 0.0 0.0 1.0 0.0 0.0 0.0 1.0 0.079 0.129 0.3 4081.0 4162.0 2897.0 0.0
13:14:14.900 0001 -0.3448992967605591 51.44880294799805 13.709 17.0 73.9862289428711 0.0 0.0 0.0 0.0 0.0 0.0 0.0 0.0 0.0 0.0 0.0 0.0 0.0 0.0 0.0 0.0 0.0 0.0 0.0 0.0 0.0 7.0 0.0 0.0 0.0 0.0 2601.4500000000003 22.5 Operational 39.0 0.0 0.0 0.0 1.0 0.0 0.0 0.0 1.0 0.079 0.129 0.3 4081.0 4162.0 2897.0 0.0
13:14:15.000 0001 -0.3448992967605591 51.44880294799805 13.709 17.0 73.9862289428711 0.0 0.0 0.0 0.0 0.0 0.0 0.0 0.0 0.0 0.0 0.0 0.0 0.0 0.0 0.0 0.0 0.0 0.0 0.0 0.0 0.0 7.0 0.0 0.0 0.0 0.0 2601.4500000000003 22.5 Operational 39.0 0.0 0.0 0.0 1.0 0.0 0.0 0.0 1.0 0.079 0.129 0.3 4081.0 4162.0 2897.0 0.0
13:14:15.100 0001 -0.3448992967605591 51.44880294799805 13.709 17.0 73.9862289428711 0.0 0.0 0.0 0.0 0.0 0.0 0.0 0.0 0.0 0.0 0.0 0.0 0.0 0.0 0.0 0.0 0.0 0.0 0.0 0.0 0.0 7.0 0.0 0.0 0.0 0.0 2601.4500000000003 22.5 Operational 39.0 0.0 0.0 0.0 1.0 0.0 0.0 0.0 1.0 0.079 0.129 0.3 4081.0 4162.0 2897.0 0.0
13:14:15.200 0001 -0.3448992967605591 51.44880294799805 13.709 17.0 73.9862289428711 0.0 0.0 0.0 0.0 0.0 0.0 0.0 0.0 0.0 0.0 0.0 0.0 0.0 0.0 0.0 0.0 0.0 0.0 0.0 0.0 0.0 7.0 0.0 0.0 0.0 0.0 2601.4500000000003 22.5 Operational 39.0 0.0 0.0 0.0 1.0 0.0 0.0 0.0 1.0 0.079 0.129 0.3 4081.0 4162.0 2897.0 0.0
13:14:15.300 0001 -0.3448992967605591 51.44880294799805 13.709 17.0 73.9862289428711 0.0 0.0 0.0 0.0 0.0 0.0 0.0 0.0 0.0 0.0 0.0 0.0 0.0 0.0 0.0 0.0 0.0 0.0 0.0 0.0 0.0 7.0 0.0 0.0 0.0 0.0 2601.4500000000003 22.5 Operational 39.0 0.0 0.0 0.0 1.0 0.0 0.0 0.0 1.0 0.079 0.129 0.3 4081.0 4162.0 2897.0 0.0
13:14:15.400 0001 -0.3448992967605591 51.44880294799805 13.709 17.0 73.9862289428711 0.0 0.0 0.0 0.0 0.0 0.0 0.0 0.0 0.0 0.0 0.0 0.0 0.0 0.0 0.0 0.0 0.0 0.0 0.0 0.0 0.0 7.0 0.0 0.0 0.0 0.0 2601.4500000000003 22.5 Operational 39.0 0.0 0.0 0.0 1.0 0.0 0.0 0.0 1.0 0.079 0.129 0.3 4081.0 4162.0 2897.0 0.0
13:14:15.500 0001 -0.3448992967605591 51.44880294799805 13.709 17.0 73.9862289428711 0.0 0.0 0.0 0.0 0.0 0.0 0.0 0.0 0.0 0.0 0.0 0.0 0.0 0.0 0.0 0.0 0.0 0.0 0.0 0.0 0.0 7.0 0.0 0.0 0.0 0.0 2601.4500000000003 22.5 Operational 39.0 0.0 0.0 0.0 1.0 0.0 0.0 0.0 1.0 0.079 0.129 0.3 4081.0 4162.0 2897.0 0.0
13:14:15.600 0001 -0.3448992967605591 51.44880294799805 13.709 17.0 73.9862289428711 0.0 0.0 0.0 0.0 0.0 0.0 0.0 0.0 0.0 0.0 0.0 0.0 0.0 0.0 0.0 0.0 0.0 0.0 0.0 0.0 0.0 7.0 0.0 0.0 0.0 0.0 2601.4500000000003 22.5 Operational 39.0 0.0 0.0 0.0 2.0 0.0 0.0 0.0 1.0 0.39 0.868 2.778 2949.0 4162.0 5783.0 0.0
13:14:15.700 0001 -0.3448992967605591 51.44880294799805 13.709 17.0 73.9862289428711 0.0 0.0 0.0 0.0 0.0 0.0 0.0 0.0 0.0 0.0 0.0 0.0 0.0 0.0 0.0 0.0 0.0 0.0 0.0 0.0 0.0 7.0 0.0 0.0 0.0 0.0 2601.4500000000003 22.5 Operational 39.0 0.0 0.0 0.0 2.0 0.0 0.0 0.0 1.0 0.39 0.868 2.778 2949.0 4162.0 5783.0 0.0
13:14:15.800 0001 -0.3448992967605591 51.44880294799805 13.709 17.0 73.9862289428711 0.0 0.0 0.0 0.0 0.0 0.0 0.0 0.0 0.0 0.0 0.0 0.0 0.0 0.0 0.0 0.0 0.0 0.0 0.0 0.0 0.0 7.0 0.0 0.0 0.0 0.0 2601.4500000000003 22.5 Operational 39.0 0.0 0.0 0.0 2.0 0.0 0.0 0.0 1.0 0.39 0.868 2.778 2949.0 4162.0 5783.0 0.0
13:14:15.900 0001 -0.3448987901210785 51.44880294799805 13.459 17.0 73.9862289428711 0.0 0.0 0.0 0.0 0.0 0.0 0.0 0.0 0.0 0.0 0.0 0.0 0.0 0.0 0.0 0.0 0.0 0.0 0.0 0.0 0.0 7.0 0.0 0.0 0.0 0.0 2601.4500000000003 22.5 Operational 39.0 0.0 0.0 0.0 2.0 0.0 0.0 0.0 1.0 0.39 0.868 2.778 2949.0 4162.0 5783.0 0.0
13:14:16.000 0001 -0.3448987901210785 51.44880294799805 13.459 17.0 73.9862289428711 0.0 0.0 0.0 0.0 0.0 0.0 0.0 0.0 0.0 0.0 0.0 0.0 0.0 0.0 0.0 0.0 0.0 0.0 0.0 0.0 0.0 7.0 0.0 0.0 0.0 0.0 2601.4500000000003 22.5 Operational 39.0 0.0 0.0 0.0 2.0 0.0 0.0 0.0 1.0 0.39 0.868 2.778 2949.0 4162.0 5783.0 0.0
13:14:16.100 0001 -0.3448987901210785 51.44880294799805 13.459 17.0 73.9862289428711 0.0 0.0 0.0 0.0 0.0 0.0 0.0 0.0 0.0 0.0 0.0 0.0 0.0 0.0 0.0 0.0 0.0 0.0 0.0 0.0 0.0 7.0 0.0 0.0 0.0 0.0 2601.4500000000003 22.5 Operational 39.0 0.0 0.0 0.0 2.0 0.0 0.0 0.0 1.0 0.39 0.868 2.778 2949.0 4162.0 5783.0 0.0
13:14:16.200 0001 -0.3448987901210785 51.44880294799805 13.459 17.0 73.9862289428711 0.0 0.0 0.0 0.0 0.0 0.0 0.0 0.0 0.0 0.0 0.0 0.0 0.0 0.0 0.0 0.0 0.0 0.0 0.0 0.0 0.0 7.0 0.0 0.0 0.0 0.0 2601.4500000000003 22.5 Operational 39.0 0.0 0.0 0.0 2.0 0.0 0.0 0.0 1.0 0.39 0.868 2.778 2949.0 4162.0 5783.0 0.0
13:14:16.300 0001 -0.3448987901210785 51.44880294799805 13.459 17.0 73.9862289428711 0.0 0.0 0.0 0.0 0.0 0.0 0.0 0.0 0.0 0.0 0.0 0.0 0.0 0.0 0.0 0.0 0.0 0.0 0.0 0.0 0.0 7.0 0.0 0.0 0.0 0.0 2601.4500000000003 22.5 Operational 39.0 0.0 0.0 0.0 2.0 0.0 0.0 0.0 1.0 0.39 0.868 2.778 2949.0 4162.0 5783.0 0.0
13:14:16.400 0001 -0.3448987901210785 51.44880294799805 13.459 17.0 73.9862289428711 0.0 0.0 0.0 0.0 0.0 0.0 0.0 0.0 0.0 0.0 0.0 0.0 0.0 0.0 0.0 0.0 0.0 0.0 0.0 0.0 0.0 7.0 0.0 0.0 0.0 0.0 2601.4500000000003 22.5 Operational 39.0 0.0 0.0 0.0 3.0 0.0 0.0 0.0 1.0 0.346 0.857 3.347 3369.0 4162.0 4403.0 0.0
13:14:16.500 0001 -0.3448987901210785 51.44880294799805 13.459 17.0 73.9862289428711 0.0 0.0 0.0 0.0 0.0 0.0 0.0 0.0 0.0 0.0 0.0 0.0 0.0 0.0 0.0 0.0 0.0 0.0 0.0 0.0 0.0 7.0 0.0 0.0 0.0 0.0 2601.4500000000003 22.5 Operational 39.0 0.0 0.0 0.0 3.0 0.0 0.0 0.0 1.0 0.346 0.857 3.347 3369.0 4162.0 4403.0 0.0
13:14:16.600 0001 -0.3448987901210785 51.44880294799805 13.459 17.0 73.9862289428711 0.0 0.0 0.0 0.0 0.0 0.0 0.0 0.0 0.0 0.0 0.0 0.0 0.0 0.0 0.0 0.0 0.0 0.0 0.0 0.0 0.0 7.0 0.0 0.0 0.0 0.0 2601.4500000000003 22.5 Operational 39.0 0.0 0.0 0.0 3.0 0.0 0.0 0.0 1.0 0.346 0.857 3.347 3369.0 4162.0 4403.0 0.0
13:14:16.700 0001 -0.3448987901210785 51.44880294799805 13.459 17.0 73.9862289428711 0.0 0.0 0.0 0.0 0.0 0.0 0.0 0.0 0.0 0.0 0.0 0.0 0.0 0.0 0.0 0.0 0.0 0.0 0.0 0.0 0.0 7.0 0.0 0.0 0.0 0.0 2601.4500000000003 22.5 Operational 39.0 0.0 0.0 0.0 3.0 0.0 0.0 0.0 1.0 0.346 0.857 3.347 3369.0 4162.0 4403.0 0.0
13:14:16.800 0001 -0.3448987901210785 51.44880294799805 13.459 17.0 73.9862289428711 0.0 0.0 0.0 0.0 0.0 0.0 0.0 0.0 0.0 0.0 0.0 0.0 0.0 0.0 0.0 0.0 0.0 0.0 0.0 0.0 0.0 7.0 0.0 0.0 0.0 0.0 2601.4500000000003 22.5 Operational 39.0 0.0 0.0 0.0 3.0 0.0 0.0 0.0 1.0 0.346 0.857 3.347 3369.0 4162.0 4403.0 0.0
13:14:16.900 0001 -0.3448978960514068 51.44880294799805 13.21 17.0 73.9862289428711 0.0 0.0 0.0 0.0 0.0 0.0 0.0 0.0 0.0 0.0 0.0 0.0 0.0 0.0 0.0 0.0 0.0 0.0 0.0 0.0 0.0 7.0 0.0 0.0 0.0 0.0 2601.4500000000003 22.5 Operational 39.0 0.0 0.0 0.0 3.0 0.0 0.0 0.0 1.0 0.346 0.857 3.347 3369.0 4162.0 4403.0 0.0
13:14:17.000 0001 -0.3448978960514068 51.44880294799805 13.21 17.0 73.9862289428711 0.0 0.0 0.0 0.0 0.0 0.0 0.0 0.0 0.0 0.0 0.0 0.0 0.0 0.0 0.0 0.0 0.0 0.0 0.0 0.0 0.0 7.0 0.0 0.0 0.0 0.0 2601.4500000000003 22.5 Operational 39.0 0.0 0.0 0.0 3.0 0.0 0.0 0.0 1.0 0.346 0.857 3.347 3369.0 4162.0 4403.0 0.0
13:14:17.100 0001 -0.3448978960514068 51.44880294799805 13.21 17.0 73.9862289428711 0.0 0.0 0.0 0.0 0.0 0.0 0.0 0.0 0.0 0.0 0.0 0.0 0.0 0.0 0.0 0.0 0.0 0.0 0.0 0.0 0.0 7.0 0.0 0.0 0.0 0.0 2601.4500000000003 22.5 Operational 39.0 0.0 0.0 0.0 3.0 0.0 0.0 0.0 1.0 0.346 0.857 3.347 3369.0 4162.0 4403.0 0.0
13:14:17.200 0001 -0.3448978960514068 51.44880294799805 13.21 17.0 73.9862289428711 0.0 0.0 0.0 0.0 0.0 0.0 0.0 0.0 0.0 0.0 0.0 0.0 0.0 0.0 0.0 0.0 0.0 0.0 0.0 0.0 0.0 7.0 0.0 0.0 0.0 0.0 2601.4500000000003 22.5 Operational 39.0 0.0 0.0 0.0 4.0 0.0 0.0 0.0 1.0 0.127 0.292 1.201 2906.0 4162.0 5271.0 0.0
13:14:17.300 0001 -0.3448978960514068 51.44880294799805 13.21 17.0 73.9862289428711 0.0 0.0 0.0 0.0 0.0 0.0 0.0 0.0 0.0 0.0 0.0 0.0 0.0 0.0 0.0 0.0 0.0 0.0 0.0 0.0 0.0 7.0 0.0 0.0 0.0 0.0 2601.4500000000003 22.5 Operational 39.0 0.0 0.0 0.0 4.0 0.0 0.0 0.0 1.0 0.127 0.292 1.201 2906.0 4162.0 5271.0 0.0
13:14:17.400 0001 -0.3448978960514068 51.44880294799805 13.21 17.0 73.9862289428711 0.0 0.0 0.0 0.0 0.0 0.0 0.0 0.0 0.0 0.0 0.0 0.0 0.0 0.0 0.0 0.0 0.0 0.0 0.0 0.0 0.0 7.0 0.0 0.0 0.0 0.0 2601.4500000000003 22.5 Operational 39.0 0.0 0.0 0.0 4.0 0.0 0.0 0.0 1.0 0.127 0.292 1.201 2906.0 4162.0 5271.0 0.0
13:14:17.500 0001 -0.3448978960514068 51.44880294799805 13.21 17.0 73.9862289428711 0.0 0.0 0.0 0.0 0.0 0.0 0.0 0.0 0.0 0.0 0.0 0.0 0.0 0.0 0.0 0.0 0.0 0.0 0.0 0.0 0.0 7.0 0.0 0.0 0.0 0.0 2601.4500000000003 22.5 Operational 39.0 0.0 0.0 0.0 4.0 0.0 0.0 0.0 1.0 0.127 0.292 1.201 2906.0 4162.0 5271.0 0.0
13:14:17.600 0001 -0.3448978960514068 51.44880294799805 13.21 17.0 73.9862289428711 0.0 0.0 0.0 0.0 0.0 0.0 0.0 0.0 0.0 0.0 0.0 0.0 0.0 0.0 0.0 0.0 0.0 0.0 0.0 0.0 0.0 7.0 0.0 0.0 0.0 0.0 2601.4500000000003 22.5 Operational 39.0 0.0 0.0 0.0 4.0 0.0 0.0 0.0 1.0 0.127 0.292 1.201 2906.0 4162.0 5271.0 0.0
13:14:17.700 0001 -0.3448978960514068 51.44880294799805 13.21 17.0 73.9862289428711 0.0 0.0 0.0 0.0 0.0 0.0 0.0 0.0 0.0 0.0 0.0 0.0 0.0 0.0 0.0 0.0 0.0 0.0 0.0 0.0 0.0 7.0 0.0 0.0 0.0 0.0 2601.4500000000003 22.5 Operational 39.0 0.0 0.0 0.0 4.0 0.0 0.0 0.0 1.0 0.127 0.292 1.201 2906.0 4162.0 5271.0 0.0
13:14:17.800 0001 -0.3448978960514068 51.44880294799805 13.21 17.0 73.9862289428711 0.0 0.0 0.0 0.0 0.0 0.0 0.0 0.0 0.0 0.0 0.0 0.0 0.0 0.0 0.0 0.0 0.0 0.0 0.0 0.0 0.0 7.0 0.0 0.0 0.0 0.0 2601.4500000000003 22.5 Operational 39.0 0.0 0.0 0.0 4.0 0.0 0.0 0.0 1.0 0.127 0.292 1.201 2906.0 4162.0 5271.0 0.0
13:14:17.900 0001 -0.3448978066444397 51.44880294799805 12.796 17.0 73.9862289428711 0.0 0.0 0.0 0.0 0.0 0.0 0.0 0.0 0.0 0.0 0.0 0.0 0.0 0.0 0.0 0.0 0.0 0.0 0.0 0.0 0.0 7.0 0.0 0.0 0.0 0.0 2601.4500000000003 22.5 Operational 39.0 0.0 0.0 0.0 4.0 0.0 0.0 0.0 1.0 0.127 0.292 1.201 2906.0 4162.0 5271.0 0.0
13:14:18.000 0001 -0.3448978066444397 51.44880294799805 12.796 17.0 73.9862289428711 0.0 0.0 0.0 0.0 0.0 0.0 0.0 0.0 0.0 0.0 0.0 0.0 0.0 0.0 0.0 0.0 0.0 0.0 0.0 0.0 0.0 7.0 0.0 0.0 0.0 0.0 2601.4500000000003 22.5 Operational 39.0 0.0 0.0 0.0 5.0 0.0 0.0 0.0 1.0 0.413 0.89 3.103 2978.0 4162.0 5324.0 0.0
13:14:18.100 0001 -0.3448978066444397 51.44880294799805 12.796 17.0 73.9862289428711 0.0 0.0 0.0 0.0 0.0 0.0 0.0 0.0 0.0 0.0 0.0 0.0 0.0 0.0 0.0 0.0 0.0 0.0 0.0 0.0 0.0 7.0 0.0 0.0 0.0 0.0 2601.4500000000003 22.5 Operational 39.0 0.0 0.0 0.0 5.0 0.0 0.0 0.0 1.0 0.413 0.89 3.103 2978.0 4162.0 5324.0 0.0
13:14:18.200 0001 -0.3448978066444397 51.44880294799805 12.796 17.0 73.9862289428711 0.0 0.0 0.0 0.0 0.0 0.0 0.0 0.0 0.0 0.0 0.0 0.0 0.0 0.0 0.0 0.0 0.0 0.0 0.0 0.0 0.0 7.0 0.0 0.0 0.0 0.0 2601.4500000000003 22.5 Operational 39.0 0.0 0.0 0.0 5.0 0.0 0.0 0.0 1.0 0.413 0.89 3.103 2978.0 4162.0 5324.0 0.0
13:14:18.300 0001 -0.3448978066444397 51.44880294799805 12.796 17.0 73.9862289428711 0.0 0.0 0.0 0.0 0.0 0.0 0.0 0.0 0.0 0.0 0.0 0.0 0.0 0.0 0.0 0.0 0.0 0.0 0.0 0.0 0.0 7.0 0.0 0.0 0.0 0.0 2601.4500000000003 22.5 Operational 39.0 0.0 0.0 0.0 5.0 0.0 0.0 0.0 1.0 0.413 0.89 3.103 2978.0 4162.0 5324.0 0.0
13:14:18.400 0001 -0.3448978066444397 51.44880294799805 12.796 17.0 73.9862289428711 0.0 0.0 0.0 0.0 0.0 0.0 0.0 0.0 0.0 0.0 0.0 0.0 0.0 0.0 0.0 0.0 0.0 0.0 0.0 0.0 0.0 7.0 0.0 0.0 0.0 0.0 2601.4500000000003 22.5 Operational 39.0 0.0 0.0 0.0 5.0 0.0 0.0 0.0 1.0 0.413 0.89 3.103 2978.0 4162.0 5324.0 0.0
13:14:18.500 0001 -0.3448978066444397 51.44880294799805 12.796 17.0 73.9862289428711 0.0 0.0 0.0 0.0 0.0 0.0 0.0 0.0 0.0 0.0 0.0 0.0 0.0 0.0 0.0 0.0 0.0 0.0 0.0 0.0 0.0 7.0 0.0 0.0 0.0 0.0 2601.4500000000003 22.5 Operational 39.0 0.0 0.0 0.0 5.0 0.0 0.0 0.0 1.0 0.413 0.89 3.103 2978.0 4162.0 5324.0 0.0
13:14:18.600 0001 -0.3448978066444397 51.44880294799805 12.796 17.0 73.9862289428711 0.0 0.0 0.0 0.0 0.0 0.0 0.0 0.0 0.0 0.0 0.0 0.0 0.0 0.0 0.0 0.0 0.0 0.0 0.0 0.0 0.0 7.0 0.0 0.0 0.0 0.0 2601.4500000000003 22.5 Operational 39.0 0.0 0.0 0.0 5.0 0.0 0.0 0.0 1.0 0.413 0.89 3.103 2978.0 4162.0 5324.0 0.0
13:14:18.700 0001 -0.3448978066444397 51.44880294799805 12.796 17.0 73.9862289428711 0.0 0.0 0.0 0.0 0.0 0.0 0.0 0.0 0.0 0.0 0.0 0.0 0.0 0.0 0.0 0.0 0.0 0.0 0.0 0.0 0.0 7.0 0.0 0.0 0.0 0.0 2601.4500000000003 22.5 Operational 39.0 0.0 0.0 0.0 5.0 0.0 0.0 0.0 1.0 0.413 0.89 3.103 2978.0 4162.0 5324.0 0.0
13:14:18.800 0001 -0.3448978066444397 51.44880294799805 12.796 17.0 73.9862289428711 0.0 0.0 0.0 0.0 0.0 0.0 0.0 0.0 0.0 0.0 0.0 0.0 0.0 0.0 0.0 0.0 0.0 0.0 0.0 0.0 0.0 7.0 0.0 0.0 0.0 0.0 2601.4500000000003 22.5 Operational 39.0 0.0 0.0 0.0 5.0 0.0 0.0 0.0 1.0 0.413 0.89 3.103 2978.0 4162.0 5324.0 0.0
13:14:18.900 0001 -0.3448970913887024 51.44879913330078 12.583 16.0 73.9862289428711 0.0 0.0 0.0 0.0 0.0 0.0 0.0 0.0 0.0 0.0 0.0 0.0 0.0 0.0 0.0 0.0 0.0 0.0 0.0 0.0 0.0 7.0 0.0 0.0 0.0 0.0 2601.4500000000003 22.5 Operational 39.0 0.0 0.0 0.0 1.0 0.0 0.0 0.0 1.0 0.031 0.048 0.134 4084.0 4162.0 2878.0 0.0
13:14:19.000 0001 -0.3448970913887024 51.44879913330078 12.583 16.0 73.9862289428711 0.0 0.0 0.0 0.0 0.0 0.0 0.0 0.0 0.0 0.0 0.0 0.0 0.0 0.0 0.0 0.0 0.0 0.0 0.0 0.0 0.0 7.0 0.0 0.0 0.0 0.0 2601.4500000000003 22.5 Operational 39.0 0.0 0.0 0.0 1.0 0.0 0.0 0.0 1.0 0.031 0.048 0.134 4084.0 4162.0 2878.0 0.0
13:14:19.100 0001 -0.3448970913887024 51.44879913330078 12.583 16.0 73.9862289428711 0.0 0.0 0.0 0.0 0.0 0.0 0.0 0.0 0.0 0.0 0.0 0.0 0.0 0.0 0.0 0.0 0.0 0.0 0.0 0.0 0.0 7.0 0.0 0.0 0.0 0.0 2601.4500000000003 20.0 Operational 39.0 0.0 0.0 0.0 1.0 0.0 0.0 0.0 1.0 0.031 0.048 0.134 4084.0 4162.0 2878.0 0.0
13:14:19.200 0001 -0.3448970913887024 51.44879913330078 12.583 16.0 73.9862289428711 0.0 0.0 0.0 0.0 0.0 0.0 0.0 0.0 0.0 0.0 0.0 0.0 0.0 0.0 0.0 0.0 0.0 0.0 0.0 0.0 0.0 7.0 0.0 0.0 0.0 0.0 2601.4500000000003 20.0 Operational 39.0 0.0 0.0 0.0 1.0 0.0 0.0 0.0 1.0 0.031 0.048 0.134 4084.0 4162.0 2878.0 0.0
13:14:19.300 0001 -0.3448970913887024 51.44879913330078 12.583 16.0 73.9862289428711 0.0 0.0 0.0 0.0 0.0 0.0 0.0 0.0 0.0 0.0 0.0 0.0 0.0 0.0 0.0 0.0 0.0 0.0 0.0 0.0 0.0 7.0 0.0 0.0 0.0 0.0 2601.4500000000003 20.0 Operational 39.0 0.0 0.0 0.0 1.0 0.0 0.0 0.0 1.0 0.031 0.048 0.134 4084.0 4162.0 2878.0 0.0
13:14:19.400 0001 -0.3448970913887024 51.44879913330078 12.583 16.0 73.9862289428711 0.0 0.0 0.0 0.0 0.0 0.0 0.0 0.0 0.0 0.0 0.0 0.0 0.0 0.0 0.0 0.0 0.0 0.0 0.0 0.0 0.0 7.0 0.0 0.0 0.0 0.0 2601.4500000000003 20.0 Operational 39.0 0.0 0.0 0.0 1.0 0.0 0.0 0.0 1.0 0.031 0.048 0.134 4084.0 4162.0 2878.0 0.0
13:14:19.500 0001 -0.3448970913887024 51.44879913330078 12.583 16.0 73.9862289428711 0.0 0.0 0.0 0.0 0.0 0.0 0.0 0.0 0.0 0.0 0.0 0.0 0.0 0.0 0.0 0.0 0.0 0.0 0.0 0.0 0.0 7.0 0.0 0.0 0.0 0.0 2601.4500000000003 20.0 Operational 39.0 0.0 0.0 0.0 1.0 0.0 0.0 0.0 1.0 0.031 0.048 0.134 4084.0 4162.0 2878.0 0.0
13:14:19.600 0001 -0.3448970913887024 51.44879913330078 12.583 16.0 73.9862289428711 0.0 0.0 0.0 0.0 0.0 0.0 0.0 0.0 0.0 0.0 0.0 0.0 0.0 0.0 0.0 0.0 0.0 0.0 0.0 0.0 0.0 7.0 0.0 0.0 0.0 0.0 2601.4500000000003 20.0 Operational 39.0 0.0 0.0 0.0 1.0 0.0 0.0 0.0 1.0 0.031 0.048 0.134 4084.0 4162.0 2878.0 0.0
13:14:19.700 0001 -0.3448970913887024 51.44879913330078 12.583 16.0 73.9862289428711 0.0 0.0 0.0 0.0 0.0 0.0 0.0 0.0 0.0 0.0 0.0 0.0 0.0 0.0 0.0 0.0 0.0 0.0 0.0 0.0 0.0 7.0 0.0 0.0 0.0 0.0 2601.4500000000003 20.0 Operational 39.0 0.0 0.0 0.0 2.0 0.0 0.0 0.0 1.0 0.133 0.248 0.795 2954.0 4162.0 5773.0 0.0
13:14:19.800 0001 -0.3448970913887024 51.44879913330078 12.583 16.0 73.9862289428711 0.0 0.0 0.0 0.0 0.0 0.0 0.0 0.0 0.0 0.0 0.0 0.0 0.0 0.0 0.0 0.0 0.0 0.0 0.0 0.0 0.0 7.0 0.0 0.0 0.0 0.0 2601.4500000000003 20.0 Operational 39.0 0.0 0.0 0.0 2.0 0.0 0.0 0.0 1.0 0.133 0.248 0.795 2954.0 4162.0 5773.0 0.0
13:14:19.900 0001 -0.3448958098888397 51.44879913330078 12.539 16.0 73.9862289428711 0.0 0.0 0.0 0.0 0.0 0.0 0.0 0.0 0.0 0.0 0.0 0.0 0.0 0.0 0.0 0.0 0.0 0.0 0.0 0.0 0.0 7.0 0.0 0.0 0.0 0.0 2601.4500000000003 20.0 Operational 39.0 0.0 0.0 0.0 2.0 0.0 0.0 0.0 1.0 0.133 0.248 0.795 2954.0 4162.0 5773.0 0.0
13:14:20.000 0001 -0.3448958098888397 51.44879913330078 12.539 16.0 73.9862289428711 0.0 0.0 0.0 0.0 0.0 0.0 0.0 0.0 0.0 0.0 0.0 0.0 0.0 0.0 0.0 0.0 0.0 0.0 0.0 0.0 0.0 7.0 0.0 0.0 0.0 0.0 2601.4500000000003 20.0 Operational 39.0 0.0 0.0 0.0 2.0 0.0 0.0 0.0 1.0 0.133 0.248 0.795 2954.0 4162.0 5773.0 0.0
13:14:20.100 0001 -0.3448958098888397 51.44879913330078 12.539 16.0 73.9862289428711 0.0 0.0 0.0 0.0 0.0 0.0 0.0 0.0 0.0 0.0 0.0 0.0 0.0 0.0 0.0 0.0 0.0 0.0 0.0 0.0 0.0 7.0 0.0 0.0 0.0 0.0 2601.4500000000003 20.0 Operational 39.0 0.0 0.0 0.0 2.0 0.0 0.0 0.0 1.0 0.133 0.248 0.795 2954.0 4162.0 5773.0 0.0
13:14:20.200 0001 -0.3448958098888397 51.44879913330078 12.539 16.0 73.9862289428711 0.0 0.0 0.0 0.0 0.0 0.0 0.0 0.0 0.0 0.0 0.0 0.0 0.0 0.0 0.0 0.0 0.0 0.0 0.0 0.0 0.0 7.0 0.0 0.0 0.0 0.0 2601.4500000000003 20.0 Operational 39.0 0.0 0.0 0.0 2.0 0.0 0.0 0.0 1.0 0.133 0.248 0.795 2954.0 4162.0 5773.0 0.0
13:14:20.300 0001 -0.3448958098888397 51.44879913330078 12.539 16.0 73.9862289428711 0.0 0.0 0.0 0.0 0.0 0.0 0.0 0.0 0.0 0.0 0.0 0.0 0.0 0.0 0.0 0.0 0.0 0.0 0.0 0.0 0.0 7.0 0.0 0.0 0.0 0.0 2601.4500000000003 20.0 Operational 39.0 0.0 0.0 0.0 2.0 0.0 0.0 0.0 1.0 0.133 0.248 0.795 2954.0 4162.0 5773.0 0.0
13:14:20.400 0001 -0.3448958098888397 51.44879913330078 12.539 16.0 73.9862289428711 0.0 0.0 0.0 0.0 0.0 0.0 0.0 0.0 0.0 0.0 0.0 0.0 0.0 0.0 0.0 0.0 0.0 0.0 0.0 0.0 0.0 7.0 0.0 0.0 0.0 0.0 2601.4500000000003 20.0 Operational 39.0 0.0 0.0 0.0 2.0 0.0 0.0 0.0 1.0 0.133 0.248 0.795 2954.0 4162.0 5773.0 0.0
13:14:20.500 0001 -0.3448958098888397 51.44879913330078 12.539 16.0 73.9862289428711 0.0 0.0 0.0 0.0 0.0 0.0 0.0 0.0 0.0 0.0 0.0 0.0 0.0 0.0 0.0 0.0 0.0 0.0 0.0 0.0 0.0 7.0 0.0 0.0 0.0 0.0 2601.4500000000003 20.0 Operational 39.0 0.0 0.0 0.0 3.0 0.0 0.0 0.0 1.0 0.118 0.233 1.531 3372.0 4162.0 4387.0 0.0
13:14:20.600 0001 -0.3448958098888397 51.44879913330078 12.539 16.0 73.9862289428711 0.0 0.0 0.0 0.0 0.0 0.0 0.0 0.0 0.0 0.0 0.0 0.0 0.0 0.0 0.0 0.0 0.0 0.0 0.0 0.0 0.0 7.0 0.0 0.0 0.0 0.0 2601.4500000000003 20.0 Operational 39.0 0.0 0.0 0.0 3.0 0.0 0.0 0.0 1.0 0.118 0.233 1.531 3372.0 4162.0 4387.0 0.0
13:14:20.700 0001 -0.3448958098888397 51.44879913330078 12.539 16.0 73.9862289428711 0.0 0.0 0.0 0.0 0.0 0.0 0.0 0.0 0.0 0.0 0.0 0.0 0.0 0.0 0.0 0.0 0.0 0.0 0.0 0.0 0.0 7.0 0.0 0.0 0.0 0.0 2601.4500000000003 20.0 Operational 39.0 0.0 0.0 0.0 3.0 0.0 0.0 0.0 1.0 0.118 0.233 1.531 3372.0 4162.0 4387.0 0.0
13:14:20.800 0001 -0.3448958098888397 51.44879913330078 12.539 16.0 73.9862289428711 0.0 0.0 0.0 0.0 0.0 0.0 0.0 0.0 0.0 0.0 0.0 0.0 0.0 0.0 0.0 0.0 0.0 0.0 0.0 0.0 0.0 7.0 0.0 0.0 0.0 0.0 2601.4500000000003 20.0 Operational 39.0 0.0 0.0 0.0 3.0 0.0 0.0 0.0 1.0 0.118 0.233 1.531 3372.0 4162.0 4387.0 0.0
13:14:20.900 0001 -0.3448950946331024 51.44879913330078 12.433 15.0 73.9862289428711 0.0 0.0 0.0 0.0 0.0 0.0 0.0 0.0 0.0 0.0 0.0 0.0 0.0 0.0 0.0 0.0 0.0 0.0 0.0 0.0 0.0 7.0 0.0 0.0 0.0 0.0 2601.4500000000003 20.0 Operational 39.0 0.0 0.0 0.0 3.0 0.0 0.0 0.0 1.0 0.118 0.233 1.531 3372.0 4162.0 4387.0 0.0
13:14:21.000 0001 -0.3448950946331024 51.44879913330078 12.433 15.0 73.9862289428711 0.0 0.0 0.0 0.0 0.0 0.0 0.0 0.0 0.0 0.0 0.0 0.0 0.0 0.0 0.0 0.0 0.0 0.0 0.0 0.0 0.0 7.0 0.0 0.0 0.0 0.0 2601.4500000000003 20.0 Operational 39.0 0.0 0.0 0.0 3.0 0.0 0.0 0.0 1.0 0.118 0.233 1.531 3372.0 4162.0 4387.0 0.0
13:14:21.100 0001 -0.3448950946331024 51.44879913330078 12.433 15.0 73.9862289428711 0.0 0.0 0.0 0.0 0.0 0.0 0.0 0.0 0.0 0.0 0.0 0.0 0.0 0.0 0.0 0.0 0.0 0.0 0.0 0.0 0.0 7.0 0.0 0.0 0.0 0.0 2601.4500000000003 20.0 Operational 39.0 0.0 0.0 0.0 3.0 0.0 0.0 0.0 1.0 0.118 0.233 1.531 3372.0 4162.0 4387.0 0.0
13:14:21.200 0001 -0.3448950946331024 51.44879913330078 12.433 15.0 73.9862289428711 0.0 0.0 0.0 0.0 0.0 0.0 0.0 0.0 0.0 0.0 0.0 0.0 0.0 0.0 0.0 0.0 0.0 0.0 0.0 0.0 0.0 7.0 0.0 0.0 0.0 0.0 2601.4500000000003 20.0 Operational 39.0 0.0 0.0 0.0 3.0 0.0 0.0 0.0 1.0 0.118 0.233 1.531 3372.0 4162.0 4387.0 0.0
13:14:21.300 0001 -0.3448950946331024 51.44879913330078 12.433 15.0 73.9862289428711 0.0 0.0 0.0 0.0 0.0 0.0 0.0 0.0 0.0 0.0 0.0 0.0 0.0 0.0 0.0 0.0 0.0 0.0 0.0 0.0 0.0 7.0 0.0 0.0 0.0 0.0 2601.4500000000003 20.0 Operational 39.0 0.0 0.0 0.0 3.0 0.0 0.0 0.0 1.0 0.118 0.233 1.531 3372.0 4162.0 4387.0 0.0
13:14:21.400 0001 -0.3448950946331024 51.44879913330078 12.433 15.0 73.9862289428711 0.0 0.0 0.0 0.0 0.0 0.0 0.0 0.0 0.0 0.0 0.0 0.0 0.0 0.0 0.0 0.0 0.0 0.0 0.0 0.0 0.0 7.0 0.0 0.0 0.0 0.0 2601.4500000000003 20.0 Operational 39.0 0.0 0.0 0.0 4.0 0.0 0.0 0.0 1.0 0.011 0.011 0.308 2899.0 4162.0 5248.0 0.0
13:14:21.500 0001 -0.3448950946331024 51.44879913330078 12.433 15.0 73.9862289428711 0.0 0.0 0.0 0.0 0.0 0.0 0.0 0.0 0.0 0.0 0.0 0.0 0.0 0.0 0.0 0.0 0.0 0.0 0.0 0.0 0.0 7.0 0.0 0.0 0.0 0.0 2601.4500000000003 20.0 Operational 39.0 0.0 0.0 0.0 4.0 0.0 0.0 0.0 1.0 0.011 0.011 0.308 2899.0 4162.0 5248.0 0.0
13:14:21.600 0001 -0.3448950946331024 51.44879913330078 12.433 15.0 73.9862289428711 0.0 0.0 0.0 0.0 0.0 0.0 0.0 0.0 0.0 0.0 0.0 0.0 0.0 0.0 0.0 0.0 0.0 0.0 0.0 0.0 0.0 7.0 0.0 0.0 0.0 0.0 2601.4500000000003 20.0 Operational 39.0 0.0 0.0 0.0 4.0 0.0 0.0 0.0 1.0 0.011 0.011 0.308 2899.0 4162.0 5248.0 0.0
13:14:21.700 0001 -0.3448950946331024 51.44879913330078 12.433 15.0 73.9862289428711 0.0 0.0 0.0 0.0 0.0 0.0 0.0 0.0 0.0 0.0 0.0 0.0 0.0 0.0 0.0 0.0 0.0 0.0 0.0 0.0 0.0 7.0 0.0 0.0 0.0 0.0 2601.4500000000003 20.0 Operational 39.0 0.0 0.0 0.0 4.0 0.0 0.0 0.0 1.0 0.011 0.011 0.308 2899.0 4162.0 5248.0 0.0
13:14:21.800 0001 -0.3448950946331024 51.44879913330078 12.433 15.0 73.9862289428711 0.0 0.0 0.0 0.0 0.0 0.0 0.0 0.0 0.0 0.0 0.0 0.0 0.0 0.0 0.0 0.0 0.0 0.0 0.0 0.0 0.0 7.0 0.0 0.0 0.0 0.0 2601.4500000000003 20.0 Operational 39.0 0.0 0.0 0.0 4.0 0.0 0.0 0.0 1.0 0.011 0.011 0.308 2899.0 4162.0 5248.0 0.0
13:14:21.900 0001 -0.3448950052261352 51.44879913330078 12.277 15.0 73.9862289428711 0.0 0.0 0.0 0.0 0.0 0.0 0.0 0.0 0.0 0.0 0.0 0.0 0.0 0.0 0.0 0.0 0.0 0.0 0.0 0.0 0.0 7.0 0.0 0.0 0.0 0.0 2601.4500000000003 20.0 Operational 39.0 0.0 0.0 0.0 4.0 0.0 0.0 0.0 1.0 0.011 0.011 0.308 2899.0 4162.0 5248.0 0.0
13:14:22.000 0001 -0.3448950052261352 51.44879913330078 12.277 15.0 73.9862289428711 0.0 0.0 0.0 0.0 0.0 0.0 0.0 0.0 0.0 0.0 0.0 0.0 0.0 0.0 0.0 0.0 0.0 0.0 0.0 0.0 0.0 7.0 0.0 0.0 0.0 0.0 2601.4500000000003 20.0 Operational 39.0 0.0 0.0 0.0 4.0 0.0 0.0 0.0 1.0 0.011 0.011 0.308 2899.0 4162.0 5248.0 0.0
13:14:22.100 0001 -0.3448950052261352 51.44879913330078 12.277 15.0 73.9862289428711 0.0 0.0 0.0 0.0 0.0 0.0 0.0 0.0 0.0 0.0 0.0 0.0 0.0 0.0 0.0 0.0 0.0 0.0 0.0 0.0 0.0 7.0 0.0 0.0 0.0 0.0 2601.4500000000003 20.0 Operational 39.0 0.0 0.0 0.0 4.0 0.0 0.0 0.0 1.0 0.011 0.011 0.308 2899.0 4162.0 5248.0 0.0
13:14:22.200 0001 -0.3448950052261352 51.44879913330078 12.277 15.0 73.9862289428711 0.0 0.0 0.0 0.0 0.0 0.0 0.0 0.0 0.0 0.0 0.0 0.0 0.0 0.0 0.0 0.0 0.0 0.0 0.0 0.0 0.0 7.0 0.0 0.0 0.0 0.0 2601.4500000000003 20.0 Operational 39.0 0.0 0.0 0.0 5.0 0.0 0.0 0.0 1.0 0.293 0.589 2.618 2974.0 4162.0 5363.0 0.0
13:14:22.300 0001 -0.3448950052261352 51.44879913330078 12.277 15.0 73.9862289428711 0.0 0.0 0.0 0.0 0.0 0.0 0.0 0.0 0.0 0.0 0.0 0.0 0.0 0.0 0.0 0.0 0.0 0.0 0.0 0.0 0.0 7.0 0.0 0.0 0.0 0.0 2601.4500000000003 20.0 Operational 39.0 0.0 0.0 0.0 5.0 0.0 0.0 0.0 1.0 0.293 0.589 2.618 2974.0 4162.0 5363.0 0.0
13:14:22.400 0001 -0.3448950052261352 51.44879913330078 12.277 15.0 73.9862289428711 0.0 0.0 0.0 0.0 0.0 0.0 0.0 0.0 0.0 0.0 0.0 0.0 0.0 0.0 0.0 0.0 0.0 0.0 0.0 0.0 0.0 7.0 0.0 0.0 0.0 0.0 2601.4500000000003 20.0 Operational 39.0 0.0 0.0 0.0 5.0 0.0 0.0 0.0 1.0 0.293 0.589 2.618 2974.0 4162.0 5363.0 0.0
13:14:22.500 0001 -0.3448950052261352 51.44879913330078 12.277 15.0 73.9862289428711 0.0 0.0 0.0 0.0 0.0 0.0 0.0 0.0 0.0 0.0 0.0 0.0 0.0 0.0 0.0 0.0 0.0 0.0 0.0 0.0 0.0 7.0 0.0 0.0 0.0 0.0 2601.4500000000003 20.0 Operational 39.0 0.0 0.0 0.0 5.0 0.0 0.0 0.0 1.0 0.293 0.589 2.618 2974.0 4162.0 5363.0 0.0
13:14:22.600 0001 -0.3448950052261352 51.44879913330078 12.277 15.0 73.9862289428711 0.0 0.0 0.0 0.0 0.0 0.0 0.0 0.0 0.0 0.0 0.0 0.0 0.0 0.0 0.0 0.0 0.0 0.0 0.0 0.0 0.0 7.0 0.0 0.0 0.0 0.0 2601.4500000000003 20.0 Operational 39.0 0.0 0.0 0.0 5.0 0.0 0.0 0.0 1.0 0.293 0.589 2.618 2974.0 4162.0 5363.0 0.0
13:14:22.700 0001 -0.3448950052261352 51.44879913330078 12.277 15.0 73.9862289428711 0.0 0.0 0.0 0.0 0.0 0.0 0.0 0.0 0.0 0.0 0.0 0.0 0.0 0.0 0.0 0.0 0.0 0.0 0.0 0.0 0.0 7.0 0.0 0.0 0.0 0.0 2601.4500000000003 20.0 Operational 39.0 0.0 0.0 0.0 5.0 0.0 0.0 0.0 1.0 0.293 0.589 2.618 2974.0 4162.0 5363.0 0.0
13:14:22.800 0001 -0.3448950052261352 51.44879913330078 12.277 15.0 73.9862289428711 0.0 0.0 0.0 0.0 0.0 0.0 0.0 0.0 0.0 0.0 0.0 0.0 0.0 0.0 0.0 0.0 0.0 0.0 0.0 0.0 0.0 7.0 0.0 0.0 0.0 0.0 2601.4500000000003 20.0 Operational 39.0 0.0 0.0 0.0 5.0 0.0 0.0 0.0 1.0 0.293 0.589 2.618 2974.0 4162.0 5363.0 0.0
13:14:22.900 0001 -0.3448950052261352 51.44879913330078 12.029 16.0 73.9862289428711 0.0 0.0 0.0 0.0 0.0 0.0 0.0 0.0 0.0 0.0 0.0 0.0 0.0 0.0 0.0 0.0 0.0 0.0 0.0 0.0 0.0 7.0 0.0 0.0 0.0 0.0 2601.4500000000003 20.0 Operational 39.0 0.0 0.0 0.0 5.0 0.0 0.0 0.0 1.0 0.293 0.589 2.618 2974.0 4162.0 5363.0 0.0
13:14:23.000 0001 -0.3448950052261352 51.44879913330078 12.029 16.0 73.9862289428711 0.0 0.0 0.0 0.0 0.0 0.0 0.0 0.0 0.0 0.0 0.0 0.0 0.0 0.0 0.0 0.0 0.0 0.0 0.0 0.0 0.0 7.0 0.0 0.0 0.0 0.0 2601.4500000000003 20.0 Operational 39.0 0.0 0.0 0.0 1.0 0.0 0.0 0.0 1.0 0.006 0.006 0.092 4084.0 4162.0 2846.0 0.0
13:14:23.100 0001 -0.3448950052261352 51.44879913330078 12.029 16.0 73.9862289428711 0.0 0.0 0.0 0.0 0.0 0.0 0.0 0.0 0.0 0.0 0.0 0.0 0.0 0.0 0.0 0.0 0.0 0.0 0.0 0.0 0.0 7.0 0.0 0.0 0.0 0.0 2601.4500000000003 20.0 Operational 39.0 0.0 0.0 0.0 1.0 0.0 0.0 0.0 1.0 0.006 0.006 0.092 4084.0 4162.0 2846.0 0.0
13:14:23.200 0001 -0.3448950052261352 51.44879913330078 12.029 16.0 73.9862289428711 0.0 0.0 0.0 0.0 0.0 0.0 0.0 0.0 0.0 0.0 0.0 0.0 0.0 0.0 0.0 0.0 0.0 0.0 0.0 0.0 0.0 7.0 0.0 0.0 0.0 0.0 2601.4500000000003 20.0 Operational 39.0 0.0 0.0 0.0 1.0 0.0 0.0 0.0 1.0 0.006 0.006 0.092 4084.0 4162.0 2846.0 0.0
13:14:23.300 0001 -0.3448950052261352 51.44879913330078 12.029 16.0 73.9862289428711 0.0 0.0 0.0 0.0 0.0 0.0 0.0 0.0 0.0 0.0 0.0 0.0 0.0 0.0 0.0 0.0 0.0 0.0 0.0 0.0 0.0 7.0 0.0 0.0 0.0 0.0 2601.4500000000003 20.0 Operational 39.0 0.0 0.0 0.0 1.0 0.0 0.0 0.0 1.0 0.006 0.006 0.092 4084.0 4162.0 2846.0 0.0
13:14:23.400 0001 -0.3448950052261352 51.44879913330078 12.029 16.0 73.9862289428711 0.0 0.0 0.0 0.0 0.0 0.0 0.0 0.0 0.0 0.0 0.0 0.0 0.0 0.0 0.0 0.0 0.0 0.0 0.0 0.0 0.0 7.0 0.0 0.0 0.0 0.0 2601.4500000000003 20.0 Operational 39.0 0.0 0.0 0.0 1.0 0.0 0.0 0.0 1.0 0.006 0.006 0.092 4084.0 4162.0 2846.0 0.0
13:14:23.500 0001 -0.3448950052261352 51.44879913330078 12.029 16.0 73.9862289428711 0.0 0.0 0.0 0.0 0.0 0.0 0.0 0.0 0.0 0.0 0.0 0.0 0.0 0.0 0.0 0.0 0.0 0.0 0.0 0.0 0.0 7.0 0.0 0.0 0.0 0.0 2601.4500000000003 20.0 Operational 39.0 0.0 0.0 0.0 1.0 0.0 0.0 0.0 1.0 0.006 0.006 0.092 4084.0 4162.0 2846.0 0.0
13:14:23.600 0001 -0.3448950052261352 51.44879913330078 12.029 16.0 73.9862289428711 0.0 0.0 0.0 0.0 0.0 0.0 0.0 0.0 0.0 0.0 0.0 0.0 0.0 0.0 0.0 0.0 0.0 0.0 0.0 0.0 0.0 7.0 0.0 0.0 0.0 0.0 2601.4500000000003 20.0 Operational 39.0 0.0 0.0 0.0 1.0 0.0 0.0 0.0 1.0 0.006 0.006 0.092 4084.0 4162.0 2846.0 0.0
13:14:23.700 0001 -0.3448950052261352 51.44879913330078 12.029 16.0 73.9862289428711 0.0 0.0 0.0 0.0 0.0 0.0 0.0 0.0 0.0 0.0 0.0 0.0 0.0 0.0 0.0 0.0 0.0 0.0 0.0 0.0 0.0 7.0 0.0 0.0 0.0 0.0 2601.4500000000003 20.0 Operational 39.0 0.0 0.0 0.0 1.0 0.0 0.0 0.0 1.0 0.006 0.006 0.092 4084.0 4162.0 2846.0 0.0
13:14:23.800 0001 -0.3448950052261352 51.44879913330078 12.029 16.0 73.9862289428711 0.0 0.0 0.0 0.0 0.0 0.0 0.0 0.0 0.0 0.0 0.0 0.0 0.0 0.0 0.0 0.0 0.0 0.0 0.0 0.0 0.0 7.0 0.0 0.0 0.0 0.0 2601.4500000000003 20.0 Operational 39.0 0.0 0.0 0.0 1.0 0.0 0.0 0.0 1.0 0.006 0.006 0.092 4084.0 4162.0 2846.0 0.0
13:14:23.900 0001 -0.3448941111564636 51.44879913330078 12.074 16.0 73.9862289428711 0.0 0.0 0.0 0.0 0.0 0.0 0.0 0.0 0.0 0.0 0.0 0.0 0.0 0.0 0.0 0.0 0.0 0.0 0.0 0.0 0.0 7.0 0.0 0.0 0.0 0.0 2601.4500000000003 20.0 Operational 39.0 0.0 0.0 0.0 2.0 0.0 0.0 0.0 1.0 0.04 0.106 0.211 2954.0 4162.0 5764.0 0.0
13:14:24.000 0001 -0.3448941111564636 51.44879913330078 12.074 16.0 73.9862289428711 0.0 0.0 0.0 0.0 0.0 0.0 0.0 0.0 0.0 0.0 0.0 0.0 0.0 0.0 0.0 0.0 0.0 0.0 0.0 0.0 0.0 7.0 0.0 0.0 0.0 0.0 2601.4500000000003 20.0 Operational 39.0 0.0 0.0 0.0 2.0 0.0 0.0 0.0 1.0 0.04 0.106 0.211 2954.0 4162.0 5764.0 0.0
13:14:24.100 0001 -0.3448941111564636 51.44879913330078 12.074 16.0 73.9862289428711 0.0 0.0 0.0 0.0 0.0 0.0 0.0 0.0 0.0 0.0 0.0 0.0 0.0 0.0 0.0 0.0 0.0 0.0 0.0 0.0 0.0 7.0 0.0 0.0 0.0 0.0 2601.4500000000003 20.0 Operational 39.0 0.0 0.0 0.0 2.0 0.0 0.0 0.0 1.0 0.04 0.106 0.211 2954.0 4162.0 5764.0 0.0
13:14:24.200 0001 -0.3448941111564636 51.44879913330078 12.074 16.0 73.9862289428711 0.0 0.0 0.0 0.0 0.0 0.0 0.0 0.0 0.0 0.0 0.0 0.0 0.0 0.0 0.0 0.0 0.0 0.0 0.0 0.0 0.0 7.0 0.0 0.0 0.0 0.0 2601.4500000000003 20.0 Operational 39.0 0.0 0.0 0.0 2.0 0.0 0.0 0.0 1.0 0.04 0.106 0.211 2954.0 4162.0 5764.0 0.0
13:14:24.300 0001 -0.3448941111564636 51.44879913330078 12.074 16.0 73.9862289428711 0.0 0.0 0.0 0.0 0.0 0.0 0.0 0.0 0.0 0.0 0.0 0.0 0.0 0.0 0.0 0.0 0.0 0.0 0.0 0.0 0.0 7.0 0.0 0.0 0.0 0.0 2601.4500000000003 20.0 Operational 39.0 0.0 0.0 0.0 2.0 0.0 0.0 0.0 1.0 0.04 0.106 0.211 2954.0 4162.0 5764.0 0.0
13:14:24.400 0001 -0.3448941111564636 51.44879913330078 12.074 16.0 73.9862289428711 0.0 0.0 0.0 0.0 0.0 0.0 0.0 0.0 0.0 0.0 0.0 0.0 0.0 0.0 0.0 0.0 0.0 0.0 0.0 0.0 0.0 7.0 0.0 0.0 0.0 0.0 2601.4500000000003 20.0 Operational 39.0 0.0 0.0 0.0 2.0 0.0 0.0 0.0 1.0 0.04 0.106 0.211 2954.0 4162.0 5764.0 0.0
13:14:24.500 0001 -0.3448941111564636 51.44879913330078 12.074 16.0 73.9862289428711 0.0 0.0 0.0 0.0 0.0 0.0 0.0 0.0 0.0 0.0 0.0 0.0 0.0 0.0 0.0 0.0 0.0 0.0 0.0 0.0 0.0 7.0 0.0 0.0 0.0 0.0 2601.4500000000003 20.0 Operational 39.0 0.0 0.0 0.0 2.0 0.0 0.0 0.0 1.0 0.04 0.106 0.211 2954.0 4162.0 5764.0 0.0
13:14:24.600 0001 -0.3448941111564636 51.44879913330078 12.074 16.0 73.9862289428711 0.0 0.0 0.0 0.0 0.0 0.0 0.0 0.0 0.0 0.0 0.0 0.0 0.0 0.0 0.0 0.0 0.0 0.0 0.0 0.0 0.0 7.0 0.0 0.0 0.0 0.0 2601.4500000000003 20.0 Operational 39.0 0.0 0.0 0.0 2.0 0.0 0.0 0.0 1.0 0.04 0.106 0.211 2954.0 4162.0 5764.0 0.0
13:14:24.700 0001 -0.3448941111564636 51.44879913330078 12.074 16.0 73.9862289428711 0.0 0.0 0.0 0.0 0.0 0.0 0.0 0.0 0.0 0.0 0.0 0.0 0.0 0.0 0.0 0.0 0.0 0.0 0.0 0.0 0.0 7.0 0.0 0.0 0.0 0.0 2601.4500000000003 20.0 Operational 39.0 0.0 0.0 0.0 3.0 0.0 0.0 0.0 1.0 0.049 0.082 0.741 3374.0 4162.0 4359.0 0.0
13:14:24.800 0001 -0.3448941111564636 51.44879913330078 12.074 16.0 73.9862289428711 0.0 0.0 0.0 0.0 0.0 0.0 0.0 0.0 0.0 0.0 0.0 0.0 0.0 0.0 0.0 0.0 0.0 0.0 0.0 0.0 0.0 7.0 0.0 0.0 0.0 0.0 2601.4500000000003 20.0 Operational 39.0 0.0 0.0 0.0 3.0 0.0 0.0 0.0 1.0 0.049 0.082 0.741 3374.0 4162.0 4359.0 0.0
13:14:24.900 0001 -0.3448933959007263 51.44879531860352 12.044 16.0 73.9862289428711 0.0 0.0 0.0 0.0 0.0 0.0 0.0 0.0 0.0 0.0 0.0 0.0 0.0 0.0 0.0 0.0 0.0 0.0 0.0 0.0 0.0 7.0 0.0 0.0 0.0 0.0 2601.4500000000003 20.0 Operational 39.0 0.0 0.0 0.0 3.0 0.0 0.0 0.0 1.0 0.049 0.082 0.741 3374.0 4162.0 4359.0 0.0
13:14:25.000 0001 -0.3448933959007263 51.44879531860352 12.044 16.0 73.9862289428711 0.0 0.0 0.0 0.0 0.0 0.0 0.0 0.0 0.0 0.0 0.0 0.0 0.0 0.0 0.0 0.0 0.0 0.0 0.0 0.0 0.0 7.0 0.0 0.0 0.0 0.0 2601.4500000000003 20.0 Operational 39.0 0.0 0.0 0.0 3.0 0.0 0.0 0.0 1.0 0.049 0.082 0.741 3374.0 4162.0 4359.0 0.0
13:14:25.100 0001 -0.3448933959007263 51.44879531860352 12.044 16.0 73.9862289428711 0.0 0.0 0.0 0.0 0.0 0.0 0.0 0.0 0.0 0.0 0.0 0.0 0.0 0.0 0.0 0.0 0.0 0.0 0.0 0.0 0.0 7.0 0.0 0.0 0.0 0.0 2601.4500000000003 20.0 Operational 39.0 0.0 0.0 0.0 3.0 0.0 0.0 0.0 1.0 0.049 0.082 0.741 3374.0 4162.0 4359.0 0.0
13:14:25.200 0001 -0.3448933959007263 51.44879531860352 12.044 16.0 73.9862289428711 0.0 0.0 0.0 0.0 0.0 0.0 0.0 0.0 0.0 0.0 0.0 0.0 0.0 0.0 0.0 0.0 0.0 0.0 0.0 0.0 0.0 7.0 0.0 0.0 0.0 0.0 2601.4500000000003 20.0 Operational 39.0 0.0 0.0 0.0 3.0 0.0 0.0 0.0 1.0 0.049 0.082 0.741 3374.0 4162.0 4359.0 0.0
13:14:25.300 0001 -0.3448933959007263 51.44879531860352 12.044 16.0 73.9862289428711 0.0 0.0 0.0 0.0 0.0 0.0 0.0 0.0 0.0 0.0 0.0 0.0 0.0 0.0 0.0 0.0 0.0 0.0 0.0 0.0 0.0 7.0 0.0 0.0 0.0 0.0 2601.4500000000003 20.0 Operational 39.0 0.0 0.0 0.0 3.0 0.0 0.0 0.0 1.0 0.049 0.082 0.741 3374.0 4162.0 4359.0 0.0
13:14:25.400 0001 -0.3448933959007263 51.44879531860352 12.044 16.0 73.9862289428711 0.0 0.0 0.0 0.0 0.0 0.0 0.0 0.0 0.0 0.0 0.0 0.0 0.0 0.0 0.0 0.0 0.0 0.0 0.0 0.0 0.0 7.0 0.0 0.0 0.0 0.0 2601.4500000000003 20.0 Operational 39.0 0.0 0.0 0.0 3.0 0.0 0.0 0.0 1.0 0.049 0.082 0.741 3374.0 4162.0 4359.0 0.0
13:14:25.500 0001 -0.3448933959007263 51.44879531860352 12.044 16.0 73.9862289428711 0.0 0.0 0.0 0.0 0.0 0.0 0.0 0.0 0.0 0.0 0.0 0.0 0.0 0.0 0.0 0.0 0.0 0.0 0.0 0.0 0.0 7.0 0.0 0.0 0.0 0.0 2601.4500000000003 20.0 Operational 39.0 0.0 0.0 0.0 4.0 0.0 0.0 0.0 1.0 0.006 0.006 0.006 2902.0 4162.0 5228.0 0.0
13:14:25.600 0001 -0.3448933959007263 51.44879531860352 12.044 16.0 73.9862289428711 0.0 0.0 0.0 0.0 0.0 0.0 0.0 0.0 0.0 0.0 0.0 0.0 0.0 0.0 0.0 0.0 0.0 0.0 0.0 0.0 0.0 7.0 0.0 0.0 0.0 0.0 2601.4500000000003 20.0 Operational 39.0 0.0 0.0 0.0 4.0 0.0 0.0 0.0 1.0 0.006 0.006 0.006 2902.0 4162.0 5228.0 0.0
13:14:25.700 0001 -0.3448933959007263 51.44879531860352 12.044 16.0 73.9862289428711 0.0 0.0 0.0 0.0 0.0 0.0 0.0 0.0 0.0 0.0 0.0 0.0 0.0 0.0 0.0 0.0 0.0 0.0 0.0 0.0 0.0 7.0 0.0 0.0 0.0 0.0 2601.4500000000003 20.0 Operational 39.0 0.0 0.0 0.0 4.0 0.0 0.0 0.0 1.0 0.006 0.006 0.006 2902.0 4162.0 5228.0 0.0
13:14:25.800 0001 -0.3448933959007263 51.44879531860352 12.044 16.0 73.9862289428711 0.0 0.0 0.0 0.0 0.0 0.0 0.0 0.0 0.0 0.0 0.0 0.0 0.0 0.0 0.0 0.0 0.0 0.0 0.0 0.0 0.0 7.0 0.0 0.0 0.0 0.0 2601.4500000000003 20.0 Operational 39.0 0.0 0.0 0.0 4.0 0.0 0.0 0.0 1.0 0.006 0.006 0.006 2902.0 4162.0 5228.0 0.0
13:14:25.900 0001 -0.3448927998542785 51.44879531860352 11.957 16.0 73.9862289428711 0.0 0.0 0.0 0.0 0.0 0.0 0.0 0.0 0.0 0.0 0.0 0.0 0.0 0.0 0.0 0.0 0.0 0.0 0.0 0.0 0.0 7.0 0.0 0.0 0.0 0.0 2601.4500000000003 20.0 Operational 39.0 0.0 0.0 0.0 4.0 0.0 0.0 0.0 1.0 0.006 0.006 0.006 2902.0 4162.0 5228.0 0.0
13:14:26.000 0001 -0.3448927998542785 51.44879531860352 11.957 16.0 73.9862289428711 0.0 0.0 0.0 0.0 0.0 0.0 0.0 0.0 0.0 0.0 0.0 0.0 0.0 0.0 0.0 0.0 0.0 0.0 0.0 0.0 0.0 7.0 0.0 0.0 0.0 0.0 2601.4500000000003 20.0 Operational 39.0 0.0 0.0 0.0 4.0 0.0 0.0 0.0 1.0 0.006 0.006 0.006 2902.0 4162.0 5228.0 0.0
13:14:26.100 0001 -0.3448927998542785 51.44879531860352 11.957 16.0 73.9862289428711 0.0 0.0 0.0 0.0 0.0 0.0 0.0 0.0 0.0 0.0 0.0 0.0 0.0 0.0 0.0 0.0 0.0 0.0 0.0 0.0 0.0 7.0 0.0 0.0 0.0 0.0 2601.4500000000003 20.0 Operational 39.0 0.0 0.0 0.0 4.0 0.0 0.0 0.0 1.0 0.006 0.006 0.006 2902.0 4162.0 5228.0 0.0
13:14:26.200 0001 -0.3448927998542785 51.44879531860352 11.957 16.0 73.9862289428711 0.0 0.0 0.0 0.0 0.0 0.0 0.0 0.0 0.0 0.0 0.0 0.0 0.0 0.0 0.0 0.0 0.0 0.0 0.0 0.0 0.0 7.0 0.0 0.0 0.0 0.0 2601.4500000000003 20.0 Operational 39.0 0.0 0.0 0.0 4.0 0.0 0.0 0.0 1.0 0.006 0.006 0.006 2902.0 4162.0 5228.0 0.0
13:14:26.300 0001 -0.3448927998542785 51.44879531860352 11.957 16.0 73.9862289428711 0.0 0.0 0.0 0.0 0.0 0.0 0.0 0.0 0.0 0.0 0.0 0.0 0.0 0.0 0.0 0.0 0.0 0.0 0.0 0.0 0.0 7.0 0.0 0.0 0.0 0.0 2601.4500000000003 20.0 Operational 39.0 0.0 0.0 0.0 5.0 0.0 0.0 0.0 1.0 0.14 0.239 1.24 2976.0 4162.0 5365.0 0.0
13:14:26.400 0001 -0.3448927998542785 51.44879531860352 11.957 16.0 73.9862289428711 0.0 0.0 0.0 0.0 0.0 0.0 0.0 0.0 0.0 0.0 0.0 0.0 0.0 0.0 0.0 0.0 0.0 0.0 0.0 0.0 0.0 7.0 0.0 0.0 0.0 0.0 2601.4500000000003 20.0 Operational 39.0 0.0 0.0 0.0 5.0 0.0 0.0 0.0 1.0 0.14 0.239 1.24 2976.0 4162.0 5365.0 0.0
13:14:26.500 0001 -0.3448927998542785 51.44879531860352 11.957 16.0 73.9862289428711 0.0 0.0 0.0 0.0 0.0 0.0 0.0 0.0 0.0 0.0 0.0 0.0 0.0 0.0 0.0 0.0 0.0 0.0 0.0 0.0 0.0 7.0 0.0 0.0 0.0 0.0 2601.4500000000003 20.0 Operational 39.0 0.0 0.0 0.0 5.0 0.0 0.0 0.0 1.0 0.14 0.239 1.24 2976.0 4162.0 5365.0 0.0
13:14:26.600 0001 -0.3448927998542785 51.44879531860352 11.957 16.0 73.9862289428711 0.0 0.0 0.0 0.0 0.0 0.0 0.0 0.0 0.0 0.0 0.0 0.0 0.0 0.0 0.0 0.0 0.0 0.0 0.0 0.0 0.0 7.0 0.0 0.0 0.0 0.0 2601.4500000000003 20.0 Operational 39.0 0.0 0.0 0.0 5.0 0.0 0.0 0.0 1.0 0.14 0.239 1.24 2976.0 4162.0 5365.0 0.0
13:14:26.700 0001 -0.3448927998542785 51.44879531860352 11.957 16.0 73.9862289428711 0.0 0.0 0.0 0.0 0.0 0.0 0.0 0.0 0.0 0.0 0.0 0.0 0.0 0.0 0.0 0.0 0.0 0.0 0.0 0.0 0.0 7.0 0.0 0.0 0.0 0.0 2601.4500000000003 20.0 Operational 39.0 0.0 0.0 0.0 5.0 0.0 0.0 0.0 1.0 0.14 0.239 1.24 2976.0 4162.0 5365.0 0.0
13:14:26.800 0001 -0.3448927998542785 51.44879531860352 11.957 16.0 73.9862289428711 0.0 0.0 0.0 0.0 0.0 0.0 0.0 0.0 0.0 0.0 0.0 0.0 0.0 0.0 0.0 0.0 0.0 0.0 0.0 0.0 0.0 7.0 0.0 0.0 0.0 0.0 2601.4500000000003 20.0 Operational 39.0 0.0 0.0 0.0 5.0 0.0 0.0 0.0 1.0 0.14 0.239 1.24 2976.0 4162.0 5365.0 0.0
13:14:26.900 0001 -0.344892293214798 51.44879531860352 11.935 16.0 73.9862289428711 0.0 0.0 0.0 0.0 0.0 0.0 0.0 0.0 0.0 0.0 0.0 0.0 0.0 0.0 0.0 0.0 0.0 0.0 0.0 0.0 0.0 7.0 0.0 0.0 0.0 0.0 2601.4500000000003 20.0 Operational 39.0 0.0 0.0 0.0 5.0 0.0 0.0 0.0 1.0 0.14 0.239 1.24 2976.0 4162.0 5365.0 0.0
13:14:27.000 0001 -0.344892293214798 51.44879531860352 11.935 16.0 73.9862289428711 0.0 0.0 0.0 0.0 0.0 0.0 0.0 0.0 0.0 0.0 0.0 0.0 0.0 0.0 0.0 0.0 0.0 0.0 0.0 0.0 0.0 7.0 0.0 0.0 0.0 0.0 2601.4500000000003 20.0 Operational 39.0 0.0 0.0 0.0 5.0 0.0 0.0 0.0 1.0 0.14 0.239 1.24 2976.0 4162.0 5365.0 0.0
13:14:27.100 0001 -0.344892293214798 51.44879531860352 11.935 16.0 73.9862289428711 0.0 0.0 0.0 0.0 0.0 0.0 0.0 0.0 0.0 0.0 0.0 0.0 0.0 0.0 0.0 0.0 0.0 0.0 0.0 0.0 0.0 7.0 0.0 0.0 0.0 0.0 2601.4500000000003 20.0 Operational 39.0 0.0 0.0 0.0 5.0 0.0 0.0 0.0 1.0 0.14 0.239 1.24 2976.0 4162.0 5365.0 0.0
13:14:27.200 0001 -0.344892293214798 51.44879531860352 11.935 16.0 73.9862289428711 0.0 0.0 0.0 0.0 0.0 0.0 0.0 0.0 0.0 0.0 0.0 0.0 0.0 0.0 0.0 0.0 0.0 0.0 0.0 0.0 0.0 7.0 0.0 0.0 0.0 0.0 2601.4500000000003 20.0 Operational 39.0 0.0 0.0 0.0 5.0 0.0 0.0 0.0 1.0 0.14 0.239 1.24 2976.0 4162.0 5365.0 0.0
13:14:27.300 0001 -0.344892293214798 51.44879531860352 11.935 16.0 73.9862289428711 0.0 0.0 0.0 0.0 0.0 0.0 0.0 0.0 0.0 0.0 0.0 0.0 0.0 0.0 0.0 0.0 0.0 0.0 0.0 0.0 0.0 7.0 0.0 0.0 0.0 0.0 2601.4500000000003 20.0 Operational 39.0 0.0 0.0 0.0 5.0 0.0 0.0 0.0 1.0 0.14 0.239 1.24 2976.0 4162.0 5365.0 0.0
13:14:27.400 0001 -0.344892293214798 51.44879531860352 11.935 16.0 73.9862289428711 0.0 0.0 0.0 0.0 0.0 0.0 0.0 0.0 0.0 0.0 0.0 0.0 0.0 0.0 0.0 0.0 0.0 0.0 0.0 0.0 0.0 7.0 0.0 0.0 0.0 0.0 2601.4500000000003 20.0 Operational 39.0 0.0 0.0 0.0 1.0 0.0 0.0 0.0 1.0 0.003 0.003 0.003 4083.0 4162.0 2827.0 0.0
13:14:27.500 0001 -0.344892293214798 51.44879531860352 11.935 16.0 73.9862289428711 0.0 0.0 0.0 0.0 0.0 0.0 0.0 0.0 0.0 0.0 0.0 0.0 0.0 0.0 0.0 0.0 0.0 0.0 0.0 0.0 0.0 7.0 0.0 0.0 0.0 0.0 2601.4500000000003 20.0 Operational 39.0 0.0 0.0 0.0 1.0 0.0 0.0 0.0 1.0 0.003 0.003 0.003 4083.0 4162.0 2827.0 0.0
13:14:27.600 0001 -0.344892293214798 51.44879531860352 11.935 16.0 73.9862289428711 0.0 0.0 0.0 0.0 0.0 0.0 0.0 0.0 0.0 0.0 0.0 0.0 0.0 0.0 0.0 0.0 0.0 0.0 0.0 0.0 0.0 7.0 0.0 0.0 0.0 0.0 2601.4500000000003 20.0 Operational 39.0 0.0 0.0 0.0 1.0 0.0 0.0 0.0 1.0 0.003 0.003 0.003 4083.0 4162.0 2827.0 0.0
13:14:27.700 0001 -0.344892293214798 51.44879531860352 11.935 16.0 73.9862289428711 0.0 0.0 0.0 0.0 0.0 0.0 0.0 0.0 0.0 0.0 0.0 0.0 0.0 0.0 0.0 0.0 0.0 0.0 0.0 0.0 0.0 7.0 0.0 0.0 0.0 0.0 2601.4500000000003 20.0 Operational 39.0 0.0 0.0 0.0 1.0 0.0 0.0 0.0 1.0 0.003 0.003 0.003 4083.0 4162.0 2827.0 0.0
13:14:27.800 0001 -0.344892293214798 51.44879531860352 11.935 16.0 73.9862289428711 0.0 0.0 0.0 0.0 0.0 0.0 0.0 0.0 0.0 0.0 0.0 0.0 0.0 0.0 0.0 0.0 0.0 0.0 0.0 0.0 0.0 7.0 0.0 0.0 0.0 0.0 2601.4500000000003 20.0 Operational 39.0 0.0 0.0 0.0 1.0 0.0 0.0 0.0 1.0 0.003 0.003 0.003 4083.0 4162.0 2827.0 0.0
13:14:27.900 0001 -0.3448925018310547 51.44879531860352 11.844 16.0 73.9862289428711 0.0 0.0 0.0 0.0 0.0 0.0 0.0 0.0 0.0 0.0 0.0 0.0 0.0 0.0 0.0 0.0 0.0 0.0 0.0 0.0 0.0 7.0 0.0 0.0 0.0 0.0 2601.4500000000003 20.0 Operational 39.0 0.0 0.0 0.0 1.0 0.0 0.0 0.0 1.0 0.003 0.003 0.003 4083.0 4162.0 2827.0 0.0
13:14:28.000 0001 -0.3448925018310547 51.44879531860352 11.844 16.0 73.9862289428711 0.0 0.0 0.0 0.0 0.0 0.0 0.0 0.0 0.0 0.0 0.0 0.0 0.0 0.0 0.0 0.0 0.0 0.0 0.0 0.0 0.0 7.0 0.0 0.0 0.0 0.0 2601.4500000000003 20.0 Operational 39.0 0.0 0.0 0.0 1.0 0.0 0.0 0.0 1.0 0.003 0.003 0.003 4083.0 4162.0 2827.0 0.0
13:14:28.100 0001 -0.3448925018310547 51.44879531860352 11.844 16.0 73.9862289428711 0.0 0.0 0.0 0.0 0.0 0.0 0.0 0.0 0.0 0.0 0.0 0.0 0.0 0.0 0.0 0.0 0.0 0.0 0.0 0.0 0.0 7.0 0.0 0.0 0.0 0.0 2601.4500000000003 20.0 Operational 39.0 0.0 0.0 0.0 1.0 0.0 0.0 0.0 1.0 0.003 0.003 0.003 4083.0 4162.0 2827.0 0.0
13:14:28.200 0001 -0.3448925018310547 51.44879531860352 11.844 16.0 73.9862289428711 0.0 0.0 0.0 0.0 0.0 0.0 0.0 0.0 0.0 0.0 0.0 0.0 0.0 0.0 0.0 0.0 0.0 0.0 0.0 0.0 0.0 7.0 0.0 0.0 0.0 0.0 2601.4500000000003 20.0 Operational 39.0 0.0 0.0 0.0 1.0 0.0 0.0 0.0 1.0 0.003 0.003 0.003 4083.0 4162.0 2827.0 0.0
13:14:28.300 0001 -0.3448925018310547 51.44879531860352 11.844 16.0 73.9862289428711 0.0 0.0 0.0 0.0 0.0 0.0 0.0 0.0 0.0 0.0 0.0 0.0 0.0 0.0 0.0 0.0 0.0 0.0 0.0 0.0 0.0 7.0 0.0 0.0 0.0 0.0 2601.4500000000003 20.0 Operational 39.0 0.0 0.0 0.0 2.0 0.0 0.0 0.0 1.0 0.021 0.053 0.053 2954.0 4162.0 5758.0 0.0
13:14:28.400 0001 -0.3448925018310547 51.44879531860352 11.844 16.0 73.9862289428711 0.0 0.0 0.0 0.0 0.0 0.0 0.0 0.0 0.0 0.0 0.0 0.0 0.0 0.0 0.0 0.0 0.0 0.0 0.0 0.0 0.0 7.0 0.0 0.0 0.0 0.0 2601.4500000000003 20.0 Operational 39.0 0.0 0.0 0.0 2.0 0.0 0.0 0.0 1.0 0.021 0.053 0.053 2954.0 4162.0 5758.0 0.0
13:14:28.500 0001 -0.3448925018310547 51.44879531860352 11.844 16.0 73.9862289428711 0.0 0.0 0.0 0.0 0.0 0.0 0.0 0.0 0.0 0.0 0.0 0.0 0.0 0.0 0.0 0.0 0.0 0.0 0.0 0.0 0.0 7.0 0.0 0.0 0.0 0.0 2601.4500000000003 20.0 Operational 39.0 0.0 0.0 0.0 2.0 0.0 0.0 0.0 1.0 0.021 0.053 0.053 2954.0 4162.0 5758.0 0.0
13:14:28.600 0001 -0.3448925018310547 51.44879531860352 11.844 16.0 73.9862289428711 0.0 0.0 0.0 0.0 0.0 0.0 0.0 0.0 0.0 0.0 0.0 0.0 0.0 0.0 0.0 0.0 0.0 0.0 0.0 0.0 0.0 7.0 0.0 0.0 0.0 0.0 2601.4500000000003 20.0 Operational 39.0 0.0 0.0 0.0 2.0 0.0 0.0 0.0 1.0 0.021 0.053 0.053 2954.0 4162.0 5758.0 0.0
13:14:28.700 0001 -0.3448925018310547 51.44879531860352 11.844 16.0 73.9862289428711 0.0 0.0 0.0 0.0 0.0 0.0 0.0 0.0 0.0 0.0 0.0 0.0 0.0 0.0 0.0 0.0 0.0 0.0 0.0 0.0 0.0 7.0 0.0 0.0 0.0 0.0 2601.4500000000003 20.0 Operational 39.0 0.0 0.0 0.0 2.0 0.0 0.0 0.0 1.0 0.021 0.053 0.053 2954.0 4162.0 5758.0 0.0
13:14:28.800 0001 -0.3448925018310547 51.44879531860352 11.844 16.0 73.9862289428711 0.0 0.0 0.0 0.0 0.0 0.0 0.0 0.0 0.0 0.0 0.0 0.0 0.0 0.0 0.0 0.0 0.0 0.0 0.0 0.0 0.0 7.0 0.0 0.0 0.0 0.0 2601.4500000000003 20.0 Operational 39.0 0.0 0.0 0.0 2.0 0.0 0.0 0.0 1.0 0.021 0.053 0.053 2954.0 4162.0 5758.0 0.0
13:14:28.900 0001 -0.3448921144008636 51.44879531860352 11.837 16.0 73.9862289428711 0.0 0.0 0.0 0.0 0.0 0.0 0.0 0.0 0.0 0.0 0.0 0.0 0.0 0.0 0.0 0.0 0.0 0.0 0.0 0.0 0.0 7.0 0.0 0.0 0.0 0.0 2601.4500000000003 20.0 Operational 39.0 0.0 0.0 0.0 2.0 0.0 0.0 0.0 1.0 0.021 0.053 0.053 2954.0 4162.0 5758.0 0.0
13:14:29.000 0001 -0.3448921144008636 51.44879531860352 11.837 16.0 73.9862289428711 0.0 0.0 0.0 0.0 0.0 0.0 0.0 0.0 0.0 0.0 0.0 0.0 0.0 0.0 0.0 0.0 0.0 0.0 0.0 0.0 0.0 7.0 0.0 0.0 0.0 0.0 2601.4500000000003 20.0 Operational 39.0 0.0 0.0 0.0 2.0 0.0 0.0 0.0 1.0 0.021 0.053 0.053 2954.0 4162.0 5758.0 0.0
13:14:29.100 0001 -0.3448921144008636 51.44879531860352 11.837 16.0 73.9862289428711 0.0 0.0 0.0 0.0 0.0 0.0 0.0 0.0 0.0 0.0 0.0 0.0 0.0 0.0 0.0 0.0 0.0 0.0 0.0 0.0 0.0 7.0 0.0 0.0 0.0 0.0 2601.4500000000003 20.0 Operational 39.0 0.0 0.0 0.0 2.0 0.0 0.0 0.0 1.0 0.021 0.053 0.053 2954.0 4162.0 5758.0 0.0
13:14:29.200 0001 -0.3448921144008636 51.44879531860352 11.837 16.0 73.9862289428711 0.0 0.0 0.0 0.0 0.0 0.0 0.0 0.0 0.0 0.0 0.0 0.0 0.0 0.0 0.0 0.0 0.0 0.0 0.0 0.0 0.0 7.0 0.0 0.0 0.0 0.0 2601.4500000000003 20.0 Operational 39.0 0.0 0.0 0.0 2.0 0.0 0.0 0.0 1.0 0.021 0.053 0.053 2954.0 4162.0 5758.0 0.0
13:14:29.300 0001 -0.3448921144008636 51.44879531860352 11.837 16.0 73.9862289428711 0.0 0.0 0.0 0.0 0.0 0.0 0.0 0.0 0.0 0.0 0.0 0.0 0.0 0.0 0.0 0.0 0.0 0.0 0.0 0.0 0.0 7.0 0.0 0.0 0.0 0.0 2601.4500000000003 20.0 Operational 39.0 0.0 0.0 0.0 2.0 0.0 0.0 0.0 1.0 0.021 0.053 0.053 2954.0 4162.0 5758.0 0.0
13:14:29.400 0001 -0.3448921144008636 51.44879531860352 11.837 16.0 73.9862289428711 0.0 0.0 0.0 0.0 0.0 0.0 0.0 0.0 0.0 0.0 0.0 0.0 0.0 0.0 0.0 0.0 0.0 0.0 0.0 0.0 0.0 7.0 0.0 0.0 0.0 0.0 2601.4500000000003 20.0 Operational 39.0 0.0 0.0 0.0 3.0 0.0 0.0 0.0 1.0 0.024 0.04 0.317 3376.0 4162.0 4349.0 0.0
13:14:29.500 0001 -0.3448921144008636 51.44879531860352 11.837 16.0 73.9862289428711 0.0 0.0 0.0 0.0 0.0 0.0 0.0 0.0 0.0 0.0 0.0 0.0 0.0 0.0 0.0 0.0 0.0 0.0 0.0 0.0 0.0 7.0 0.0 0.0 0.0 0.0 2601.4500000000003 20.0 Operational 39.0 0.0 0.0 0.0 3.0 0.0 0.0 0.0 1.0 0.024 0.04 0.317 3376.0 4162.0 4349.0 0.0
13:14:29.600 0001 -0.3448921144008636 51.44879531860352 11.837 16.0 73.9862289428711 0.0 0.0 0.0 0.0 0.0 0.0 0.0 0.0 0.0 0.0 0.0 0.0 0.0 0.0 0.0 0.0 0.0 0.0 0.0 0.0 0.0 7.0 0.0 0.0 0.0 0.0 2601.4500000000003 20.0 Operational 39.0 0.0 0.0 0.0 3.0 0.0 0.0 0.0 1.0 0.024 0.04 0.317 3376.0 4162.0 4349.0 0.0
13:14:29.700 0001 -0.3448921144008636 51.44879531860352 11.837 16.0 73.9862289428711 0.0 0.0 0.0 0.0 0.0 0.0 0.0 0.0 0.0 0.0 0.0 0.0 0.0 0.0 0.0 0.0 0.0 0.0 0.0 0.0 0.0 7.0 0.0 0.0 0.0 0.0 2601.4500000000003 20.0 Operational 39.0 0.0 0.0 0.0 3.0 0.0 0.0 0.0 1.0 0.024 0.04 0.317 3376.0 4162.0 4349.0 0.0
13:14:29.800 0001 -0.3448921144008636 51.44879531860352 11.837 16.0 73.9862289428711 0.0 0.0 0.0 0.0 0.0 0.0 0.0 0.0 0.0 0.0 0.0 0.0 0.0 0.0 0.0 0.0 0.0 0.0 0.0 0.0 0.0 7.0 0.0 0.0 0.0 0.0 2601.4500000000003 20.0 Operational 39.0 0.0 0.0 0.0 3.0 0.0 0.0 0.0 1.0 0.024 0.04 0.317 3376.0 4162.0 4349.0 0.0
13:14:29.900 0001 -0.344891607761383 51.44879531860352 11.812 15.0 73.9862289428711 0.0 0.0 0.0 0.0 0.0 0.0 0.0 0.0 0.0 0.0 0.0 0.0 0.0 0.0 0.0 0.0 0.0 0.0 0.0 0.0 0.0 7.0 0.0 0.0 0.0 0.0 2601.4500000000003 20.0 Operational 39.0 0.0 0.0 0.0 3.0 0.0 0.0 0.0 1.0 0.024 0.04 0.317 3376.0 4162.0 4349.0 0.0
13:14:30.000 0001 -0.344891607761383 51.44879531860352 11.812 15.0 73.9862289428711 0.0 0.0 0.0 0.0 0.0 0.0 0.0 0.0 0.0 0.0 0.0 0.0 0.0 0.0 0.0 0.0 0.0 0.0 0.0 0.0 0.0 7.0 0.0 0.0 0.0 0.0 2601.4500000000003 20.0 Operational 39.0 0.0 0.0 0.0 3.0 0.0 0.0 0.0 1.0 0.024 0.04 0.317 3376.0 4162.0 4349.0 0.0
13:14:30.100 0001 -0.344891607761383 51.44879531860352 11.812 15.0 73.9862289428711 0.0 0.0 0.0 0.0 0.0 0.0 0.0 0.0 0.0 0.0 0.0 0.0 0.0 0.0 0.0 0.0 0.0 0.0 0.0 0.0 0.0 7.0 0.0 0.0 0.0 0.0 2601.4500000000003 20.0 Operational 39.0 0.0 0.0 0.0 3.0 0.0 0.0 0.0 1.0 0.024 0.04 0.317 3376.0 4162.0 4349.0 0.0
13:14:30.200 0001 -0.344891607761383 51.44879531860352 11.812 15.0 73.9862289428711 0.0 0.0 0.0 0.0 0.0 0.0 0.0 0.0 0.0 0.0 0.0 0.0 0.0 0.0 0.0 0.0 0.0 0.0 0.0 0.0 0.0 7.0 0.0 0.0 0.0 0.0 2601.4500000000003 20.0 Operational 39.0 0.0 0.0 0.0 3.0 0.0 0.0 0.0 1.0 0.024 0.04 0.317 3376.0 4162.0 4349.0 0.0
13:14:30.300 0001 -0.344891607761383 51.44879531860352 11.812 15.0 73.9862289428711 0.0 0.0 0.0 0.0 0.0 0.0 0.0 0.0 0.0 0.0 0.0 0.0 0.0 0.0 0.0 0.0 0.0 0.0 0.0 0.0 0.0 7.0 0.0 0.0 0.0 0.0 2601.4500000000003 20.0 Operational 39.0 0.0 0.0 0.0 3.0 0.0 0.0 0.0 1.0 0.024 0.04 0.317 3376.0 4162.0 4349.0 0.0
13:14:30.400 0001 -0.344891607761383 51.44879531860352 11.812 15.0 73.9862289428711 0.0 0.0 0.0 0.0 0.0 0.0 0.0 0.0 0.0 0.0 0.0 0.0 0.0 0.0 0.0 0.0 0.0 0.0 0.0 0.0 0.0 7.0 0.0 0.0 0.0 0.0 2601.4500000000003 20.0 Operational 39.0 0.0 0.0 0.0 3.0 0.0 0.0 0.0 1.0 0.024 0.04 0.317 3376.0 4162.0 4349.0 0.0
13:14:30.500 0001 -0.344891607761383 51.44879531860352 11.812 15.0 73.9862289428711 0.0 0.0 0.0 0.0 0.0 0.0 0.0 0.0 0.0 0.0 0.0 0.0 0.0 0.0 0.0 0.0 0.0 0.0 0.0 0.0 0.0 7.0 0.0 0.0 0.0 0.0 2601.4500000000003 20.0 Operational 39.0 0.0 0.0 0.0 4.0 0.0 0.0 0.0 1.0 0.01 0.01 0.01 2901.0 4162.0 5208.0 0.0
13:14:30.600 0001 -0.344891607761383 51.44879531860352 11.812 15.0 73.9862289428711 0.0 0.0 0.0 0.0 0.0 0.0 0.0 0.0 0.0 0.0 0.0 0.0 0.0 0.0 0.0 0.0 0.0 0.0 0.0 0.0 0.0 7.0 0.0 0.0 0.0 0.0 2601.4500000000003 20.0 Operational 39.0 0.0 0.0 0.0 4.0 0.0 0.0 0.0 1.0 0.01 0.01 0.01 2901.0 4162.0 5208.0 0.0
13:14:30.700 0001 -0.344891607761383 51.44879531860352 11.812 15.0 73.9862289428711 0.0 0.0 0.0 0.0 0.0 0.0 0.0 0.0 0.0 0.0 0.0 0.0 0.0 0.0 0.0 0.0 0.0 0.0 0.0 0.0 0.0 7.0 0.0 0.0 0.0 0.0 2601.4500000000003 20.0 Operational 39.0 0.0 0.0 0.0 4.0 0.0 0.0 0.0 1.0 0.01 0.01 0.01 2901.0 4162.0 5208.0 0.0
13:14:30.800 0001 -0.344891607761383 51.44879531860352 11.812 15.0 73.9862289428711 0.0 0.0 0.0 0.0 0.0 0.0 0.0 0.0 0.0 0.0 0.0 0.0 0.0 0.0 0.0 0.0 0.0 0.0 0.0 0.0 0.0 7.0 0.0 0.0 0.0 0.0 2601.4500000000003 20.0 Operational 39.0 0.0 0.0 0.0 4.0 0.0 0.0 0.0 1.0 0.01 0.01 0.01 2901.0 4162.0 5208.0 0.0
13:14:30.900 0001 -0.3448911905288696 51.44879531860352 11.768 16.0 73.9862289428711 0.0 0.0 0.0 0.0 0.0 0.0 0.0 0.0 0.0 0.0 0.0 0.0 0.0 0.0 0.0 0.0 0.0 0.0 0.0 0.0 0.0 7.0 0.0 0.0 0.0 0.0 2601.4500000000003 20.0 Operational 39.0 0.0 0.0 0.0 4.0 0.0 0.0 0.0 1.0 0.01 0.01 0.01 2901.0 4162.0 5208.0 0.0
13:14:31.000 0001 -0.3448911905288696 51.44879531860352 11.768 16.0 73.9862289428711 0.0 0.0 0.0 0.0 0.0 0.0 0.0 0.0 0.0 0.0 0.0 0.0 0.0 0.0 0.0 0.0 0.0 0.0 0.0 0.0 0.0 7.0 0.0 0.0 0.0 0.0 2601.4500000000003 20.0 Operational 39.0 0.0 0.0 0.0 4.0 0.0 0.0 0.0 1.0 0.01 0.01 0.01 2901.0 4162.0 5208.0 0.0
13:14:31.100 0001 -0.3448911905288696 51.44879531860352 11.768 16.0 73.9862289428711 0.0 0.0 0.0 0.0 0.0 0.0 0.0 0.0 0.0 0.0 0.0 0.0 0.0 0.0 0.0 0.0 0.0 0.0 0.0 0.0 0.0 7.0 0.0 0.0 0.0 0.0 2601.4500000000003 20.0 Operational 39.0 0.0 0.0 0.0 4.0 0.0 0.0 0.0 1.0 0.01 0.01 0.01 2901.0 4162.0 5208.0 0.0
13:14:31.200 0001 -0.3448911905288696 51.44879531860352 11.768 16.0 73.9862289428711 0.0 0.0 0.0 0.0 0.0 0.0 0.0 0.0 0.0 0.0 0.0 0.0 0.0 0.0 0.0 0.0 0.0 0.0 0.0 0.0 0.0 7.0 0.0 0.0 0.0 0.0 2601.4500000000003 20.0 Operational 39.0 0.0 0.0 0.0 4.0 0.0 0.0 0.0 1.0 0.01 0.01 0.01 2901.0 4162.0 5208.0 0.0
13:14:31.300 0001 -0.3448911905288696 51.44879531860352 11.768 16.0 73.9862289428711 0.0 0.0 0.0 0.0 0.0 0.0 0.0 0.0 0.0 0.0 0.0 0.0 0.0 0.0 0.0 0.0 0.0 0.0 0.0 0.0 0.0 7.0 0.0 0.0 0.0 0.0 2601.4500000000003 20.0 Operational 39.0 0.0 0.0 0.0 4.0 0.0 0.0 0.0 1.0 0.01 0.01 0.01 2901.0 4162.0 5208.0 0.0
13:14:31.400 0001 -0.3448911905288696 51.44879531860352 11.768 16.0 73.9862289428711 0.0 0.0 0.0 0.0 0.0 0.0 0.0 0.0 0.0 0.0 0.0 0.0 0.0 0.0 0.0 0.0 0.0 0.0 0.0 0.0 0.0 7.0 0.0 0.0 0.0 0.0 2601.4500000000003 20.0 Operational 39.0 0.0 0.0 0.0 4.0 0.0 0.0 0.0 1.0 0.01 0.01 0.01 2901.0 4162.0 5208.0 0.0
13:14:31.500 0001 -0.3448911905288696 51.44879531860352 11.768 16.0 73.9862289428711 0.0 0.0 0.0 0.0 0.0 0.0 0.0 0.0 0.0 0.0 0.0 0.0 0.0 0.0 0.0 0.0 0.0 0.0 0.0 0.0 0.0 7.0 0.0 0.0 0.0 0.0 2601.4500000000003 20.0 Operational 39.0 0.0 0.0 0.0 4.0 0.0 0.0 0.0 1.0 0.01 0.01 0.01 2901.0 4162.0 5208.0 0.0
13:14:31.600 0001 -0.3448911905288696 51.44879531860352 11.768 16.0 73.9862289428711 0.0 0.0 0.0 0.0 0.0 0.0 0.0 0.0 0.0 0.0 0.0 0.0 0.0 0.0 0.0 0.0 0.0 0.0 0.0 0.0 0.0 7.0 0.0 0.0 0.0 0.0 2601.4500000000003 20.0 Operational 39.0 0.0 0.0 0.0 5.0 0.0 0.0 0.0 1.0 0.067 0.084 0.512 2974.0 4162.0 5351.0 0.0
13:14:31.700 0001 -0.3448911905288696 51.44879531860352 11.768 16.0 73.9862289428711 0.0 0.0 0.0 0.0 0.0 0.0 0.0 0.0 0.0 0.0 0.0 0.0 0.0 0.0 0.0 0.0 0.0 0.0 0.0 0.0 0.0 7.0 0.0 0.0 0.0 0.0 2601.4500000000003 20.0 Operational 39.0 0.0 0.0 0.0 5.0 0.0 0.0 0.0 1.0 0.067 0.084 0.512 2974.0 4162.0 5351.0 0.0
13:14:31.800 0001 -0.3448911905288696 51.44879531860352 11.768 16.0 73.9862289428711 0.0 0.0 0.0 0.0 0.0 0.0 0.0 0.0 0.0 0.0 0.0 0.0 0.0 0.0 0.0 0.0 0.0 0.0 0.0 0.0 0.0 7.0 0.0 0.0 0.0 0.0 2601.4500000000003 20.0 Operational 39.0 0.0 0.0 0.0 5.0 0.0 0.0 0.0 1.0 0.067 0.084 0.512 2974.0 4162.0 5351.0 0.0
13:14:31.900 0001 -0.3448907136917114 51.44879531860352 11.724 15.0 73.9862289428711 0.0 0.0 0.0 0.0 0.0 0.0 0.0 0.0 0.0 0.0 0.0 0.0 0.0 0.0 0.0 0.0 0.0 0.0 0.0 0.0 0.0 7.0 0.0 0.0 0.0 0.0 2601.4500000000003 20.0 Operational 39.0 0.0 0.0 0.0 5.0 0.0 0.0 0.0 1.0 0.067 0.084 0.512 2974.0 4162.0 5351.0 0.0
13:14:32.000 0001 -0.3448907136917114 51.44879531860352 11.724 15.0 73.9862289428711 0.0 0.0 0.0 0.0 0.0 0.0 0.0 0.0 0.0 0.0 0.0 0.0 0.0 0.0 0.0 0.0 0.0 0.0 0.0 0.0 0.0 7.0 0.0 0.0 0.0 0.0 2601.4500000000003 20.0 Operational 39.0 0.0 0.0 0.0 5.0 0.0 0.0 0.0 1.0 0.067 0.084 0.512 2974.0 4162.0 5351.0 0.0
13:14:32.100 0001 -0.3448907136917114 51.44879531860352 11.724 15.0 73.9862289428711 0.0 0.0 0.0 0.0 0.0 0.0 0.0 0.0 0.0 0.0 0.0 0.0 0.0 0.0 0.0 0.0 0.0 0.0 0.0 0.0 0.0 7.0 0.0 0.0 0.0 0.0 2601.4500000000003 20.0 Operational 39.0 0.0 0.0 0.0 5.0 0.0 0.0 0.0 1.0 0.067 0.084 0.512 2974.0 4162.0 5351.0 0.0
13:14:32.200 0001 -0.3448907136917114 51.44879531860352 11.724 15.0 73.9862289428711 0.0 0.0 0.0 0.0 0.0 0.0 0.0 0.0 0.0 0.0 0.0 0.0 0.0 0.0 0.0 0.0 0.0 0.0 0.0 0.0 0.0 7.0 0.0 0.0 0.0 0.0 2601.4500000000003 20.0 Operational 39.0 0.0 0.0 0.0 5.0 0.0 0.0 0.0 1.0 0.067 0.084 0.512 2974.0 4162.0 5351.0 0.0
13:14:32.300 0001 -0.3448907136917114 51.44879531860352 11.724 15.0 73.9862289428711 0.0 0.0 0.0 0.0 0.0 0.0 0.0 0.0 0.0 0.0 0.0 0.0 0.0 0.0 0.0 0.0 0.0 0.0 0.0 0.0 0.0 7.0 0.0 0.0 0.0 0.0 2601.4500000000003 20.0 Operational 39.0 0.0 0.0 0.0 5.0 0.0 0.0 0.0 1.0 0.067 0.084 0.512 2974.0 4162.0 5351.0 0.0
13:14:32.400 0001 -0.3448907136917114 51.44879531860352 11.724 15.0 73.9862289428711 0.0 0.0 0.0 0.0 0.0 0.0 0.0 0.0 0.0 0.0 0.0 0.0 0.0 0.0 0.0 0.0 0.0 0.0 0.0 0.0 0.0 7.0 0.0 0.0 0.0 0.0 2601.4500000000003 20.0 Operational 39.0 0.0 0.0 0.0 1.0 0.0 0.0 0.0 1.0 0.01 0.01 0.01 4081.0 4162.0 2818.0 0.0
13:14:32.500 0001 -0.3448907136917114 51.44879531860352 11.724 15.0 73.9862289428711 0.0 0.0 0.0 0.0 0.0 0.0 0.0 0.0 0.0 0.0 0.0 0.0 0.0 0.0 0.0 0.0 0.0 0.0 0.0 0.0 0.0 7.0 0.0 0.0 0.0 0.0 2601.4500000000003 20.0 Operational 39.0 0.0 0.0 0.0 1.0 0.0 0.0 0.0 1.0 0.01 0.01 0.01 4081.0 4162.0 2818.0 0.0
13:14:32.600 0001 -0.3448907136917114 51.44879531860352 11.724 15.0 73.9862289428711 0.0 0.0 0.0 0.0 0.0 0.0 0.0 0.0 0.0 0.0 0.0 0.0 0.0 0.0 0.0 0.0 0.0 0.0 0.0 0.0 0.0 7.0 0.0 0.0 0.0 0.0 2601.4500000000003 20.0 Operational 39.0 0.0 0.0 0.0 1.0 0.0 0.0 0.0 1.0 0.01 0.01 0.01 4081.0 4162.0 2818.0 0.0
13:14:32.700 0001 -0.3448907136917114 51.44879531860352 11.724 15.0 73.9862289428711 0.0 0.0 0.0 0.0 0.0 0.0 0.0 0.0 0.0 0.0 0.0 0.0 0.0 0.0 0.0 0.0 0.0 0.0 0.0 0.0 0.0 7.0 0.0 0.0 0.0 0.0 2601.4500000000003 20.0 Operational 39.0 0.0 0.0 0.0 1.0 0.0 0.0 0.0 1.0 0.01 0.01 0.01 4081.0 4162.0 2818.0 0.0
13:14:32.800 0001 -0.3448907136917114 51.44879531860352 11.724 15.0 73.9862289428711 0.0 0.0 0.0 0.0 0.0 0.0 0.0 0.0 0.0 0.0 0.0 0.0 0.0 0.0 0.0 0.0 0.0 0.0 0.0 0.0 0.0 7.0 0.0 0.0 0.0 0.0 2601.4500000000003 20.0 Operational 39.0 0.0 0.0 0.0 1.0 0.0 0.0 0.0 1.0 0.01 0.01 0.01 4081.0 4162.0 2818.0 0.0
13:14:32.900 0001 -0.3448903858661651 51.44879531860352 11.615 16.0 73.9862289428711 0.0 0.0 0.0 0.0 0.0 0.0 0.0 0.0 0.0 0.0 0.0 0.0 0.0 0.0 0.0 0.0 0.0 0.0 0.0 0.0 0.0 7.0 0.0 0.0 0.0 0.0 2601.4500000000003 20.0 Operational 39.0 0.0 0.0 0.0 1.0 0.0 0.0 0.0 1.0 0.01 0.01 0.01 4081.0 4162.0 2818.0 0.0
13:14:33.000 0001 -0.3448903858661651 51.44879531860352 11.615 16.0 73.9862289428711 0.0 0.0 0.0 0.0 0.0 0.0 0.0 0.0 0.0 0.0 0.0 0.0 0.0 0.0 0.0 0.0 0.0 0.0 0.0 0.0 0.0 7.0 0.0 0.0 0.0 0.0 2601.4500000000003 20.0 Operational 39.0 0.0 0.0 0.0 1.0 0.0 0.0 0.0 1.0 0.01 0.01 0.01 4081.0 4162.0 2818.0 0.0
13:14:33.100 0001 -0.3448903858661651 51.44879531860352 11.615 16.0 73.9862289428711 0.0 0.0 0.0 0.0 0.0 0.0 0.0 0.0 0.0 0.0 0.0 0.0 0.0 0.0 0.0 0.0 0.0 0.0 0.0 0.0 0.0 7.0 0.0 0.0 0.0 0.0 2601.4500000000003 20.0 Operational 39.0 0.0 0.0 0.0 1.0 0.0 0.0 0.0 1.0 0.01 0.01 0.01 4081.0 4162.0 2818.0 0.0
13:14:33.200 0001 -0.3448903858661651 51.44879531860352 11.615 16.0 73.9862289428711 0.0 0.0 0.0 0.0 0.0 0.0 0.0 0.0 0.0 0.0 0.0 0.0 0.0 0.0 0.0 0.0 0.0 0.0 0.0 0.0 0.0 7.0 0.0 0.0 0.0 0.0 2601.4500000000003 20.0 Operational 39.0 0.0 0.0 0.0 1.0 0.0 0.0 0.0 1.0 0.01 0.01 0.01 4081.0 4162.0 2818.0 0.0
13:14:33.300 0001 -0.3448903858661651 51.44879531860352 11.615 16.0 73.9862289428711 0.0 0.0 0.0 0.0 0.0 0.0 0.0 0.0 0.0 0.0 0.0 0.0 0.0 0.0 0.0 0.0 0.0 0.0 0.0 0.0 0.0 7.0 0.0 0.0 0.0 0.0 2601.4500000000003 20.0 Operational 39.0 0.0 0.0 0.0 2.0 0.0 0.0 0.0 1.0 0.015 0.015 0.101 2953.0 4162.0 5713.0 0.0
13:14:33.400 0001 -0.3448903858661651 51.44879531860352 11.615 16.0 73.9862289428711 0.0 0.0 0.0 0.0 0.0 0.0 0.0 0.0 0.0 0.0 0.0 0.0 0.0 0.0 0.0 0.0 0.0 0.0 0.0 0.0 0.0 7.0 0.0 0.0 0.0 0.0 2601.4500000000003 20.0 Operational 39.0 0.0 0.0 0.0 2.0 0.0 0.0 0.0 1.0 0.015 0.015 0.101 2953.0 4162.0 5713.0 0.0
13:14:33.500 0001 -0.3448903858661651 51.44879531860352 11.615 16.0 73.9862289428711 0.0 0.0 0.0 0.0 0.0 0.0 0.0 0.0 0.0 0.0 0.0 0.0 0.0 0.0 0.0 0.0 0.0 0.0 0.0 0.0 0.0 7.0 0.0 0.0 0.0 0.0 2601.4500000000003 20.0 Operational 39.0 0.0 0.0 0.0 2.0 0.0 0.0 0.0 1.0 0.015 0.015 0.101 2953.0 4162.0 5713.0 0.0
13:14:33.600 0001 -0.3448903858661651 51.44879531860352 11.615 16.0 73.9862289428711 0.0 0.0 0.0 0.0 0.0 0.0 0.0 0.0 0.0 0.0 0.0 0.0 0.0 0.0 0.0 0.0 0.0 0.0 0.0 0.0 0.0 7.0 0.0 0.0 0.0 0.0 2601.4500000000003 20.0 Operational 39.0 0.0 0.0 0.0 2.0 0.0 0.0 0.0 1.0 0.015 0.015 0.101 2953.0 4162.0 5713.0 0.0
13:14:33.700 0001 -0.3448903858661651 51.44879531860352 11.615 16.0 73.9862289428711 0.0 0.0 0.0 0.0 0.0 0.0 0.0 0.0 0.0 0.0 0.0 0.0 0.0 0.0 0.0 0.0 0.0 0.0 0.0 0.0 0.0 7.0 0.0 0.0 0.0 0.0 2601.4500000000003 20.0 Operational 39.0 0.0 0.0 0.0 2.0 0.0 0.0 0.0 1.0 0.015 0.015 0.101 2953.0 4162.0 5713.0 0.0
13:14:33.800 0001 -0.3448903858661651 51.44879531860352 11.615 16.0 73.9862289428711 0.0 0.0 0.0 0.0 0.0 0.0 0.0 0.0 0.0 0.0 0.0 0.0 0.0 0.0 0.0 0.0 0.0 0.0 0.0 0.0 0.0 7.0 0.0 0.0 0.0 0.0 2601.4500000000003 20.0 Operational 39.0 0.0 0.0 0.0 2.0 0.0 0.0 0.0 1.0 0.015 0.015 0.101 2953.0 4162.0 5713.0 0.0
13:14:33.900 0001 -0.3448899984359741 51.44879531860352 11.588 16.0 73.9862289428711 0.0 0.0 0.0 0.0 0.0 0.0 0.0 0.0 0.0 0.0 0.0 0.0 0.0 0.0 0.0 0.0 0.0 0.0 0.0 0.0 0.0 7.0 0.0 0.0 0.0 0.0 2601.4500000000003 20.0 Operational 39.0 0.0 0.0 0.0 2.0 0.0 0.0 0.0 1.0 0.015 0.015 0.101 2953.0 4162.0 5713.0 0.0
13:14:34.000 0001 -0.3448899984359741 51.44879531860352 11.588 16.0 73.9862289428711 0.0 0.0 0.0 0.0 0.0 0.0 0.0 0.0 0.0 0.0 0.0 0.0 0.0 0.0 0.0 0.0 0.0 0.0 0.0 0.0 0.0 7.0 0.0 0.0 0.0 0.0 2601.4500000000003 20.0 Operational 39.0 0.0 0.0 0.0 2.0 0.0 0.0 0.0 1.0 0.015 0.015 0.101 2953.0 4162.0 5713.0 0.0
13:14:34.100 0001 -0.3448899984359741 51.44879531860352 11.588 16.0 73.9862289428711 0.0 0.0 0.0 0.0 0.0 0.0 0.0 0.0 0.0 0.0 0.0 0.0 0.0 0.0 0.0 0.0 0.0 0.0 0.0 0.0 0.0 7.0 0.0 0.0 0.0 0.0 2601.4500000000003 20.0 Operational 39.0 0.0 0.0 0.0 3.0 0.0 0.0 0.0 1.0 0.009 0.025 0.111 3377.0 4162.0 4333.0 0.0
13:14:34.200 0001 -0.3448899984359741 51.44879531860352 11.588 16.0 73.9862289428711 0.0 0.0 0.0 0.0 0.0 0.0 0.0 0.0 0.0 0.0 0.0 0.0 0.0 0.0 0.0 0.0 0.0 0.0 0.0 0.0 0.0 7.0 0.0 0.0 0.0 0.0 2601.4500000000003 20.0 Operational 39.0 0.0 0.0 0.0 3.0 0.0 0.0 0.0 1.0 0.009 0.025 0.111 3377.0 4162.0 4333.0 0.0
13:14:34.300 0001 -0.3448899984359741 51.44879531860352 11.588 16.0 73.9862289428711 0.0 0.0 0.0 0.0 0.0 0.0 0.0 0.0 0.0 0.0 0.0 0.0 0.0 0.0 0.0 0.0 0.0 0.0 0.0 0.0 0.0 7.0 0.0 0.0 0.0 0.0 2601.4500000000003 20.0 Operational 39.0 0.0 0.0 0.0 3.0 0.0 0.0 0.0 1.0 0.009 0.025 0.111 3377.0 4162.0 4333.0 0.0
13:14:34.400 0001 -0.3448899984359741 51.44879531860352 11.588 16.0 73.9862289428711 0.0 0.0 0.0 0.0 0.0 0.0 0.0 0.0 0.0 0.0 0.0 0.0 0.0 0.0 0.0 0.0 0.0 0.0 0.0 0.0 0.0 7.0 0.0 0.0 0.0 0.0 2601.4500000000003 20.0 Operational 39.0 0.0 0.0 0.0 3.0 0.0 0.0 0.0 1.0 0.009 0.025 0.111 3377.0 4162.0 4333.0 0.0
13:14:34.500 0001 -0.3448899984359741 51.44879531860352 11.588 16.0 73.9862289428711 0.0 0.0 0.0 0.0 0.0 0.0 0.0 0.0 0.0 0.0 0.0 0.0 0.0 0.0 0.0 0.0 0.0 0.0 0.0 0.0 0.0 7.0 0.0 0.0 0.0 0.0 2601.4500000000003 20.0 Operational 39.0 0.0 0.0 0.0 3.0 0.0 0.0 0.0 1.0 0.009 0.025 0.111 3377.0 4162.0 4333.0 0.0
13:14:34.600 0001 -0.3448899984359741 51.44879531860352 11.588 16.0 73.9862289428711 0.0 0.0 0.0 0.0 0.0 0.0 0.0 0.0 0.0 0.0 0.0 0.0 0.0 0.0 0.0 0.0 0.0 0.0 0.0 0.0 0.0 7.0 0.0 0.0 0.0 0.0 2601.4500000000003 20.0 Operational 39.0 0.0 0.0 0.0 3.0 0.0 0.0 0.0 1.0 0.009 0.025 0.111 3377.0 4162.0 4333.0 0.0
13:14:34.700 0001 -0.3448899984359741 51.44879531860352 11.588 16.0 73.9862289428711 0.0 0.0 0.0 0.0 0.0 0.0 0.0 0.0 0.0 0.0 0.0 0.0 0.0 0.0 0.0 0.0 0.0 0.0 0.0 0.0 0.0 7.0 0.0 0.0 0.0 0.0 2601.4500000000003 20.0 Operational 39.0 0.0 0.0 0.0 3.0 0.0 0.0 0.0 1.0 0.009 0.025 0.111 3377.0 4162.0 4333.0 0.0
13:14:34.800 0001 -0.3448899984359741 51.44879531860352 11.588 16.0 73.9862289428711 0.0 0.0 0.0 0.0 0.0 0.0 0.0 0.0 0.0 0.0 0.0 0.0 0.0 0.0 0.0 0.0 0.0 0.0 0.0 0.0 0.0 7.0 0.0 0.0 0.0 0.0 2601.4500000000003 20.0 Operational 39.0 0.0 0.0 0.0 3.0 0.0 0.0 0.0 1.0 0.009 0.025 0.111 3377.0 4162.0 4333.0 0.0
13:14:34.900 0001 -0.3448899984359741 51.44879531860352 11.463 16.0 73.9862289428711 0.0 0.0 0.0 0.0 0.0 0.0 0.0 0.0 0.0 0.0 0.0 0.0 0.0 0.0 0.0 0.0 0.0 0.0 0.0 0.0 0.0 7.0 0.0 0.0 0.0 0.0 2601.4500000000003 20.0 Operational 39.0 0.0 0.0 0.0 4.0 0.0 0.0 0.0 1.0 0.008 0.008 0.008 2901.0 4162.0 5204.0 0.0
13:14:35.000 0001 -0.3448899984359741 51.44879531860352 11.463 16.0 73.9862289428711 0.0 0.0 0.0 0.0 0.0 0.0 0.0 0.0 0.0 0.0 0.0 0.0 0.0 0.0 0.0 0.0 0.0 0.0 0.0 0.0 0.0 7.0 0.0 0.0 0.0 0.0 2601.4500000000003 20.0 Operational 39.0 0.0 0.0 0.0 4.0 0.0 0.0 0.0 1.0 0.008 0.008 0.008 2901.0 4162.0 5204.0 0.0
13:14:35.100 0001 -0.3448899984359741 51.44879531860352 11.463 16.0 73.9862289428711 0.0 0.0 0.0 0.0 0.0 0.0 0.0 0.0 0.0 0.0 0.0 0.0 0.0 0.0 0.0 0.0 0.0 0.0 0.0 0.0 0.0 7.0 0.0 0.0 0.0 0.0 2601.4500000000003 20.0 Operational 39.0 0.0 0.0 0.0 4.0 0.0 0.0 0.0 1.0 0.008 0.008 0.008 2901.0 4162.0 5204.0 0.0
13:14:35.200 0001 -0.3448899984359741 51.44879531860352 11.463 16.0 73.9862289428711 0.0 0.0 0.0 0.0 0.0 0.0 0.0 0.0 0.0 0.0 0.0 0.0 0.0 0.0 0.0 0.0 0.0 0.0 0.0 0.0 0.0 7.0 0.0 0.0 0.0 0.0 2601.4500000000003 20.0 Operational 39.0 0.0 0.0 0.0 4.0 0.0 0.0 0.0 1.0 0.008 0.008 0.008 2901.0 4162.0 5204.0 0.0
13:14:35.300 0001 -0.3448899984359741 51.44879531860352 11.463 16.0 73.9862289428711 0.0 0.0 0.0 0.0 0.0 0.0 0.0 0.0 0.0 0.0 0.0 0.0 0.0 0.0 0.0 0.0 0.0 0.0 0.0 0.0 0.0 7.0 0.0 0.0 0.0 0.0 2601.4500000000003 20.0 Operational 39.0 0.0 0.0 0.0 4.0 0.0 0.0 0.0 1.0 0.008 0.008 0.008 2901.0 4162.0 5204.0 0.0
13:14:35.400 0001 -0.3448899984359741 51.44879531860352 11.463 16.0 73.9862289428711 0.0 0.0 0.0 0.0 0.0 0.0 0.0 0.0 0.0 0.0 0.0 0.0 0.0 0.0 0.0 0.0 0.0 0.0 0.0 0.0 0.0 7.0 0.0 0.0 0.0 0.0 2601.4500000000003 20.0 Operational 39.0 0.0 0.0 0.0 4.0 0.0 0.0 0.0 1.0 0.008 0.008 0.008 2901.0 4162.0 5204.0 0.0
13:14:35.500 0001 -0.3448899984359741 51.44879531860352 11.463 16.0 73.9862289428711 0.0 0.0 0.0 0.0 0.0 0.0 0.0 0.0 0.0 0.0 0.0 0.0 0.0 0.0 0.0 0.0 0.0 0.0 0.0 0.0 0.0 7.0 0.0 0.0 0.0 0.0 2601.4500000000003 20.0 Operational 39.0 0.0 0.0 0.0 4.0 0.0 0.0 0.0 1.0 0.008 0.008 0.008 2901.0 4162.0 5204.0 0.0
13:14:35.600 0001 -0.3448899984359741 51.44879531860352 11.463 16.0 73.9862289428711 0.0 0.0 0.0 0.0 0.0 0.0 0.0 0.0 0.0 0.0 0.0 0.0 0.0 0.0 0.0 0.0 0.0 0.0 0.0 0.0 0.0 7.0 0.0 0.0 0.0 0.0 2601.4500000000003 20.0 Operational 39.0 0.0 0.0 0.0 4.0 0.0 0.0 0.0 1.0 0.008 0.008 0.008 2901.0 4162.0 5204.0 0.0
13:14:35.700 0001 -0.3448899984359741 51.44879531860352 11.463 16.0 73.9862289428711 0.0 0.0 0.0 0.0 0.0 0.0 0.0 0.0 0.0 0.0 0.0 0.0 0.0 0.0 0.0 0.0 0.0 0.0 0.0 0.0 0.0 7.0 0.0 0.0 0.0 0.0 2601.4500000000003 20.0 Operational 39.0 0.0 0.0 0.0 5.0 0.0 0.0 0.0 1.0 0.028 0.078 0.249 2976.0 4162.0 5336.0 0.0
13:14:35.800 0001 -0.3448899984359741 51.44879531860352 11.463 16.0 73.9862289428711 0.0 0.0 0.0 0.0 0.0 0.0 0.0 0.0 0.0 0.0 0.0 0.0 0.0 0.0 0.0 0.0 0.0 0.0 0.0 0.0 0.0 7.0 0.0 0.0 0.0 0.0 2601.4500000000003 20.0 Operational 39.0 0.0 0.0 0.0 5.0 0.0 0.0 0.0 1.0 0.028 0.078 0.249 2976.0 4162.0 5336.0 0.0
13:14:35.900 0001 -0.3448900878429413 51.44879531860352 11.149 16.0 73.9862289428711 0.0 0.0 0.0 0.0 0.0 0.0 0.0 0.0 0.0 0.0 0.0 0.0 0.0 0.0 0.0 0.0 0.0 0.0 0.0 0.0 0.0 7.0 0.0 0.0 0.0 0.0 2601.4500000000003 20.0 Operational 39.0 0.0 0.0 0.0 5.0 0.0 0.0 0.0 1.0 0.028 0.078 0.249 2976.0 4162.0 5336.0 0.0
13:14:36.000 0001 -0.3448900878429413 51.44879531860352 11.149 16.0 73.9862289428711 0.0 0.0 0.0 0.0 0.0 0.0 0.0 0.0 0.0 0.0 0.0 0.0 0.0 0.0 0.0 0.0 0.0 0.0 0.0 0.0 0.0 7.0 0.0 0.0 0.0 0.0 2601.4500000000003 20.0 Operational 39.0 0.0 0.0 0.0 5.0 0.0 0.0 0.0 1.0 0.028 0.078 0.249 2976.0 4162.0 5336.0 0.0
13:14:36.100 0001 -0.3448900878429413 51.44879531860352 11.149 16.0 73.9862289428711 0.0 0.0 0.0 0.0 0.0 0.0 0.0 0.0 0.0 0.0 0.0 0.0 0.0 0.0 0.0 0.0 0.0 0.0 0.0 0.0 0.0 7.0 0.0 0.0 0.0 0.0 2601.4500000000003 20.0 Operational 39.0 0.0 0.0 0.0 5.0 0.0 0.0 0.0 1.0 0.028 0.078 0.249 2976.0 4162.0 5336.0 0.0
