[device]
Syslogic

[cameras]
['front', 'left_nozzle', 'back', 'right_nozzle']

[AVI]
SN214929_2023_07_25_1330_

[column names]
time avifileindex Longitude Latitude Altitude Satellites Heading Nozzle1downTMSCS Nozzle2downTMS SideBrush1downTMS SideBrush2downTMS BrushCurrent SideBrush1ExtendTMSCS SideBrush2ExtendTMSCS SideBrush1RetractTMSCS SideBrush2RetractTMSCS Nozzle1WaterSprayOnOffTMS Nozzle2WaterSprayOnOffTMS SideBrush1WaterSprayTMS SideBrush2WaterSprayTMS WSBMotoronoffTMS FanOnTMS WorkLight1OnOffTMS WorkLight2OnOffTMS NozGapOpen NozGapClose Pause_active AutoSweepActive EngineType EngineSpeed RoadSpeedTMSCS EngineFuelRateTMSCS FanSpeed TotalFuelConsumption WaterTankLevel JVMheartbeat JVMALerts GutterSprayOnOff AddWaterSprayOnOff WaterRe_circOnOff modbus_id pm_sensor_serious_fault pm_sensor_fault pm_sensor_is_degraded_mode pm_sensor_is_ready pm_1 pm_2_5 pm_10 temperature firmware_version humidity error

[data]
13:30:50.700 0001 -0.3441779017448425 51.4483757019043 7.36 12.0 82.77352142333984 0.0 0.0 0.0 0.0 0.0 0.0 0.0 0.0 0.0 0.0 0.0 0.0 0.0 0.0 0.0 0.0 0.0 0.0 0.0 0.0 0.0 7.0 0.0 0.0 0.0 0.0 2578.15 10.5 Operational 39.0 0.0 0.0 0.0 3.0 0.0 0.0 0.0 1.0 0.085 0.2 0.754 2691.0 4162.0 3848.0 0.0
13:30:50.800 0001 -0.3441779017448425 51.4483757019043 7.36 12.0 82.77352142333984 0.0 0.0 0.0 0.0 0.0 0.0 0.0 0.0 0.0 0.0 0.0 0.0 0.0 0.0 0.0 0.0 0.0 0.0 0.0 0.0 0.0 7.0 0.0 0.0 0.0 0.0 2578.15 10.5 Operational 39.0 0.0 0.0 0.0 3.0 0.0 0.0 0.0 1.0 0.085 0.2 0.754 2691.0 4162.0 3848.0 0.0
13:30:50.900 0001 -0.3441779017448425 51.4483757019043 7.36 12.0 82.77352142333984 0.0 0.0 0.0 0.0 0.0 0.0 0.0 0.0 0.0 0.0 0.0 0.0 0.0 0.0 0.0 0.0 0.0 0.0 0.0 0.0 0.0 7.0 0.0 0.0 0.0 0.0 2578.15 10.5 Operational 39.0 0.0 0.0 0.0 3.0 0.0 0.0 0.0 1.0 0.085 0.2 0.754 2691.0 4162.0 3848.0 0.0
13:30:51.000 0001 -0.3441779017448425 51.4483757019043 7.36 12.0 82.77352142333984 0.0 0.0 0.0 0.0 0.0 0.0 0.0 0.0 0.0 0.0 0.0 0.0 0.0 0.0 0.0 0.0 0.0 0.0 0.0 0.0 0.0 7.0 0.0 0.0 0.0 0.0 2578.15 10.5 Operational 39.0 0.0 0.0 0.0 3.0 0.0 0.0 0.0 1.0 0.085 0.2 0.754 2691.0 4162.0 3848.0 0.0
13:30:51.100 0001 -0.3441779017448425 51.4483757019043 7.36 12.0 82.77352142333984 0.0 0.0 0.0 0.0 0.0 0.0 0.0 0.0 0.0 0.0 0.0 0.0 0.0 0.0 0.0 0.0 0.0 0.0 0.0 0.0 0.0 7.0 0.0 0.0 0.0 0.0 2578.15 10.5 Operational 39.0 0.0 0.0 0.0 3.0 0.0 0.0 0.0 1.0 0.085 0.2 0.754 2691.0 4162.0 3848.0 0.0
13:30:51.200 0001 -0.3441779017448425 51.4483757019043 7.36 12.0 82.77352142333984 0.0 0.0 0.0 0.0 0.0 0.0 0.0 0.0 0.0 0.0 0.0 0.0 0.0 0.0 0.0 0.0 0.0 0.0 0.0 0.0 0.0 7.0 0.0 0.0 0.0 0.0 2578.15 10.5 Operational 39.0 0.0 0.0 0.0 3.0 0.0 0.0 0.0 1.0 0.085 0.2 0.754 2691.0 4162.0 3848.0 0.0
13:30:51.200 0001 -0.3441779017448425 51.4483757019043 7.36 12.0 82.77352142333984 0.0 0.0 0.0 0.0 0.0 0.0 0.0 0.0 0.0 0.0 0.0 0.0 0.0 0.0 0.0 0.0 0.0 0.0 0.0 0.0 0.0 7.0 0.0 0.0 0.0 0.0 2578.15 10.5 Operational 39.0 0.0 0.0 0.0 3.0 0.0 0.0 0.0 1.0 0.085 0.2 0.754 2691.0 4162.0 3848.0 0.0
13:30:51.300 0001 -0.3441779017448425 51.4483757019043 7.36 12.0 82.77352142333984 0.0 0.0 0.0 0.0 0.0 0.0 0.0 0.0 0.0 0.0 0.0 0.0 0.0 0.0 0.0 0.0 0.0 0.0 0.0 0.0 0.0 7.0 0.0 0.0 0.0 0.0 2578.15 10.5 Operational 39.0 0.0 0.0 0.0 3.0 0.0 0.0 0.0 1.0 0.085 0.2 0.754 2691.0 4162.0 3848.0 0.0
13:30:51.400 0001 -0.3441779017448425 51.4483757019043 7.36 12.0 82.77352142333984 0.0 0.0 0.0 0.0 0.0 0.0 0.0 0.0 0.0 0.0 0.0 0.0 0.0 0.0 0.0 0.0 0.0 0.0 0.0 0.0 0.0 7.0 0.0 0.0 0.0 0.0 2578.15 10.5 Operational 39.0 0.0 0.0 0.0 3.0 0.0 0.0 0.0 1.0 0.085 0.2 0.754 2691.0 4162.0 3848.0 0.0
13:30:51.500 0001 -0.3441779017448425 51.4483757019043 7.36 12.0 82.77352142333984 0.0 0.0 0.0 0.0 0.0 0.0 0.0 0.0 0.0 0.0 0.0 0.0 0.0 0.0 0.0 0.0 0.0 0.0 0.0 0.0 0.0 7.0 0.0 0.0 0.0 0.0 2578.15 10.5 Operational 39.0 0.0 0.0 0.0 3.0 0.0 0.0 0.0 1.0 0.085 0.2 0.754 2691.0 4162.0 3848.0 0.0
13:30:51.600 0001 -0.3441779017448425 51.4483757019043 7.36 12.0 82.77352142333984 0.0 0.0 0.0 0.0 0.0 0.0 0.0 0.0 0.0 0.0 0.0 0.0 0.0 0.0 0.0 0.0 0.0 0.0 0.0 0.0 0.0 7.0 0.0 0.0 0.0 0.0 2578.15 10.5 Operational 39.0 0.0 0.0 0.0 3.0 0.0 0.0 0.0 1.0 0.085 0.2 0.754 2691.0 4162.0 3848.0 0.0
13:30:51.700 0001 -0.3441779017448425 51.4483757019043 7.36 12.0 82.77352142333984 0.0 0.0 0.0 0.0 0.0 0.0 0.0 0.0 0.0 0.0 0.0 0.0 0.0 0.0 0.0 0.0 0.0 0.0 0.0 0.0 0.0 7.0 0.0 0.0 0.0 0.0 2578.15 10.5 Operational 39.0 0.0 0.0 0.0 3.0 0.0 0.0 0.0 1.0 0.085 0.2 0.754 2691.0 4162.0 3848.0 0.0
13:30:51.800 0001 -0.3441779017448425 51.4483757019043 7.36 12.0 82.77352142333984 0.0 0.0 0.0 0.0 0.0 0.0 0.0 0.0 0.0 0.0 0.0 0.0 0.0 0.0 0.0 0.0 0.0 0.0 0.0 0.0 0.0 7.0 0.0 0.0 0.0 0.0 2578.15 10.5 Operational 39.0 0.0 0.0 0.0 3.0 0.0 0.0 0.0 1.0 0.085 0.2 0.754 2691.0 4162.0 3848.0 0.0
13:30:51.900 0001 -0.3441779017448425 51.4483757019043 7.792 12.0 82.77352142333984 0.0 0.0 0.0 0.0 0.0 0.0 0.0 0.0 0.0 0.0 0.0 0.0 0.0 0.0 0.0 0.0 0.0 0.0 0.0 0.0 0.0 7.0 0.0 0.0 0.0 0.0 2578.15 10.5 Operational 39.0 0.0 0.0 0.0 3.0 0.0 0.0 0.0 1.0 0.085 0.2 0.754 2691.0 4162.0 3848.0 0.0
13:30:52.000 0001 -0.3441779017448425 51.4483757019043 7.792 12.0 82.77352142333984 0.0 0.0 0.0 0.0 0.0 0.0 0.0 0.0 0.0 0.0 0.0 0.0 0.0 0.0 0.0 0.0 0.0 0.0 0.0 0.0 0.0 7.0 0.0 0.0 0.0 0.0 2578.15 10.5 Operational 39.0 0.0 0.0 0.0 3.0 0.0 0.0 0.0 1.0 0.085 0.2 0.754 2691.0 4162.0 3848.0 0.0
13:30:52.100 0001 -0.344175785779953 51.4483757019043 7.792 12.0 82.77352142333984 0.0 0.0 0.0 0.0 0.0 0.0 0.0 0.0 0.0 0.0 0.0 0.0 0.0 0.0 0.0 0.0 0.0 0.0 0.0 0.0 0.0 7.0 0.0 0.0 0.0 0.0 2578.15 10.5 Operational 39.0 0.0 0.0 0.0 4.0 0.0 0.0 0.0 1.0 0.114 0.196 0.598 2579.0 4162.0 3967.0 0.0
13:30:52.200 0001 -0.344175785779953 51.4483757019043 7.792 12.0 82.77352142333984 0.0 0.0 0.0 0.0 0.0 0.0 0.0 0.0 0.0 0.0 0.0 0.0 0.0 0.0 0.0 0.0 0.0 0.0 0.0 0.0 0.0 7.0 0.0 0.0 0.0 0.0 2578.15 10.5 Operational 39.0 0.0 0.0 0.0 4.0 0.0 0.0 0.0 1.0 0.114 0.196 0.598 2579.0 4162.0 3967.0 0.0
13:30:52.300 0001 -0.344175785779953 51.4483757019043 7.792 12.0 82.77352142333984 0.0 0.0 0.0 0.0 0.0 0.0 0.0 0.0 0.0 0.0 0.0 0.0 0.0 0.0 0.0 0.0 0.0 0.0 0.0 0.0 0.0 7.0 0.0 0.0 0.0 0.0 2578.15 10.5 Operational 39.0 0.0 0.0 0.0 4.0 0.0 0.0 0.0 1.0 0.114 0.196 0.598 2579.0 4162.0 3967.0 0.0
13:30:52.400 0001 -0.344175785779953 51.4483757019043 7.792 12.0 82.77352142333984 0.0 0.0 0.0 0.0 0.0 0.0 0.0 0.0 0.0 0.0 0.0 0.0 0.0 0.0 0.0 0.0 0.0 0.0 0.0 0.0 0.0 7.0 0.0 0.0 0.0 0.0 2578.15 10.5 Operational 39.0 0.0 0.0 0.0 4.0 0.0 0.0 0.0 1.0 0.114 0.196 0.598 2579.0 4162.0 3967.0 0.0
13:30:52.500 0001 -0.344175785779953 51.4483757019043 7.792 12.0 82.77352142333984 0.0 0.0 0.0 0.0 0.0 0.0 0.0 0.0 0.0 0.0 0.0 0.0 0.0 0.0 0.0 0.0 0.0 0.0 0.0 0.0 0.0 7.0 0.0 0.0 0.0 0.0 2578.15 10.5 Operational 39.0 0.0 0.0 0.0 4.0 0.0 0.0 0.0 1.0 0.114 0.196 0.598 2579.0 4162.0 3967.0 0.0
13:30:52.600 0001 -0.344175785779953 51.4483757019043 7.792 12.0 82.77352142333984 0.0 0.0 0.0 0.0 0.0 0.0 0.0 0.0 0.0 0.0 0.0 0.0 0.0 0.0 0.0 0.0 0.0 0.0 0.0 0.0 0.0 7.0 0.0 0.0 0.0 0.0 2578.15 10.5 Operational 39.0 0.0 0.0 0.0 4.0 0.0 0.0 0.0 1.0 0.114 0.196 0.598 2579.0 4162.0 3967.0 0.0
13:30:52.700 0001 -0.344175785779953 51.4483757019043 7.792 12.0 82.77352142333984 0.0 0.0 0.0 0.0 0.0 0.0 0.0 0.0 0.0 0.0 0.0 0.0 0.0 0.0 0.0 0.0 0.0 0.0 0.0 0.0 0.0 7.0 0.0 0.0 0.0 0.0 2578.15 10.5 Operational 39.0 0.0 0.0 0.0 4.0 0.0 0.0 0.0 1.0 0.114 0.196 0.598 2579.0 4162.0 3967.0 0.0
13:30:52.800 0001 -0.344175785779953 51.4483757019043 7.792 12.0 82.77352142333984 0.0 0.0 0.0 0.0 0.0 0.0 0.0 0.0 0.0 0.0 0.0 0.0 0.0 0.0 0.0 0.0 0.0 0.0 0.0 0.0 0.0 7.0 0.0 0.0 0.0 0.0 2578.15 10.5 Operational 39.0 0.0 0.0 0.0 4.0 0.0 0.0 0.0 1.0 0.114 0.196 0.598 2579.0 4162.0 3967.0 0.0
13:30:52.900 0001 -0.344173789024353 51.4483757019043 8.028 12.0 82.77352142333984 0.0 0.0 0.0 0.0 0.0 0.0 0.0 0.0 0.0 0.0 0.0 0.0 0.0 0.0 0.0 0.0 0.0 0.0 0.0 0.0 0.0 7.0 0.0 0.0 0.0 0.0 2578.15 10.5 Operational 39.0 0.0 0.0 0.0 4.0 0.0 0.0 0.0 1.0 0.114 0.196 0.598 2579.0 4162.0 3967.0 0.0
13:30:53.000 0001 -0.344173789024353 51.4483757019043 8.028 12.0 82.77352142333984 0.0 0.0 0.0 0.0 0.0 0.0 0.0 0.0 0.0 0.0 0.0 0.0 0.0 0.0 0.0 0.0 0.0 0.0 0.0 0.0 0.0 7.0 0.0 0.0 0.0 0.0 2578.15 10.5 Operational 39.0 0.0 0.0 0.0 4.0 0.0 0.0 0.0 1.0 0.114 0.196 0.598 2579.0 4162.0 3967.0 0.0
13:30:53.100 0001 -0.344173789024353 51.4483757019043 8.028 12.0 82.77352142333984 0.0 0.0 0.0 0.0 0.0 0.0 0.0 0.0 0.0 0.0 0.0 0.0 0.0 0.0 0.0 0.0 0.0 0.0 0.0 0.0 0.0 7.0 0.0 0.0 0.0 0.0 2578.15 10.5 Operational 39.0 0.0 0.0 0.0 5.0 0.0 0.0 0.0 1.0 0.086 0.135 0.214 2903.0 4162.0 3546.0 0.0
13:30:53.200 0001 -0.344173789024353 51.4483757019043 8.028 12.0 82.77352142333984 0.0 0.0 0.0 0.0 0.0 0.0 0.0 0.0 0.0 0.0 0.0 0.0 0.0 0.0 0.0 0.0 0.0 0.0 0.0 0.0 0.0 7.0 0.0 0.0 0.0 0.0 2578.15 10.5 Operational 39.0 0.0 0.0 0.0 5.0 0.0 0.0 0.0 1.0 0.086 0.135 0.214 2903.0 4162.0 3546.0 0.0
13:30:53.300 0001 -0.344173789024353 51.4483757019043 8.028 12.0 82.77352142333984 0.0 0.0 0.0 0.0 0.0 0.0 0.0 0.0 0.0 0.0 0.0 0.0 0.0 0.0 0.0 0.0 0.0 0.0 0.0 0.0 0.0 7.0 0.0 0.0 0.0 0.0 2578.15 10.5 Operational 39.0 0.0 0.0 0.0 5.0 0.0 0.0 0.0 1.0 0.086 0.135 0.214 2903.0 4162.0 3546.0 0.0
13:30:53.400 0001 -0.344173789024353 51.4483757019043 8.028 12.0 82.77352142333984 0.0 0.0 0.0 0.0 0.0 0.0 0.0 0.0 0.0 0.0 0.0 0.0 0.0 0.0 0.0 0.0 0.0 0.0 0.0 0.0 0.0 7.0 0.0 0.0 0.0 0.0 2578.15 10.5 Operational 39.0 0.0 0.0 0.0 5.0 0.0 0.0 0.0 1.0 0.086 0.135 0.214 2903.0 4162.0 3546.0 0.0
13:30:53.500 0001 -0.344173789024353 51.4483757019043 8.028 12.0 82.77352142333984 0.0 0.0 0.0 0.0 0.0 0.0 0.0 0.0 0.0 0.0 0.0 0.0 0.0 0.0 0.0 0.0 0.0 0.0 0.0 0.0 0.0 7.0 0.0 0.0 0.0 0.0 2578.15 10.5 Operational 39.0 0.0 0.0 0.0 5.0 0.0 0.0 0.0 1.0 0.086 0.135 0.214 2903.0 4162.0 3546.0 0.0
13:30:53.600 0001 -0.344173789024353 51.4483757019043 8.028 12.0 82.77352142333984 0.0 0.0 0.0 0.0 0.0 0.0 0.0 0.0 0.0 0.0 0.0 0.0 0.0 0.0 0.0 0.0 0.0 0.0 0.0 0.0 0.0 7.0 0.0 0.0 0.0 0.0 2578.15 10.5 Operational 39.0 0.0 0.0 0.0 5.0 0.0 0.0 0.0 1.0 0.086 0.135 0.214 2903.0 4162.0 3546.0 0.0
13:30:53.700 0001 -0.344173789024353 51.4483757019043 8.028 12.0 82.77352142333984 0.0 0.0 0.0 0.0 0.0 0.0 0.0 0.0 0.0 0.0 0.0 0.0 0.0 0.0 0.0 0.0 0.0 0.0 0.0 0.0 0.0 7.0 0.0 0.0 0.0 0.0 2578.15 10.5 Operational 39.0 0.0 0.0 0.0 5.0 0.0 0.0 0.0 1.0 0.086 0.135 0.214 2903.0 4162.0 3546.0 0.0
13:30:53.800 0001 -0.344173789024353 51.4483757019043 8.028 12.0 82.77352142333984 0.0 0.0 0.0 0.0 0.0 0.0 0.0 0.0 0.0 0.0 0.0 0.0 0.0 0.0 0.0 0.0 0.0 0.0 0.0 0.0 0.0 7.0 0.0 0.0 0.0 0.0 2578.15 10.5 Operational 39.0 0.0 0.0 0.0 5.0 0.0 0.0 0.0 1.0 0.086 0.135 0.214 2903.0 4162.0 3546.0 0.0
13:30:53.900 0001 -0.3441712856292724 51.4483757019043 8.409 12.0 82.77352142333984 0.0 0.0 0.0 0.0 0.0 0.0 0.0 0.0 0.0 0.0 0.0 0.0 0.0 0.0 0.0 0.0 0.0 0.0 0.0 0.0 0.0 7.0 0.0 0.0 0.0 0.0 2578.15 10.5 Operational 39.0 0.0 0.0 0.0 1.0 0.0 0.0 0.0 1.0 0.059 0.125 0.23 3550.0 4162.0 2559.0 0.0
13:30:54.000 0001 -0.3441712856292724 51.4483757019043 8.409 12.0 82.77352142333984 0.0 0.0 0.0 0.0 0.0 0.0 0.0 0.0 0.0 0.0 0.0 0.0 0.0 0.0 0.0 0.0 0.0 0.0 0.0 0.0 0.0 7.0 0.0 0.0 0.0 0.0 2578.15 10.5 Operational 39.0 0.0 0.0 0.0 1.0 0.0 0.0 0.0 1.0 0.059 0.125 0.23 3550.0 4162.0 2559.0 0.0
13:30:54.100 0001 -0.3441712856292724 51.4483757019043 8.409 12.0 82.77352142333984 0.0 0.0 0.0 0.0 0.0 0.0 0.0 0.0 0.0 0.0 0.0 0.0 0.0 0.0 0.0 0.0 0.0 0.0 0.0 0.0 0.0 7.0 0.0 0.0 0.0 0.0 2578.15 10.5 Operational 39.0 0.0 0.0 0.0 1.0 0.0 0.0 0.0 1.0 0.059 0.125 0.23 3550.0 4162.0 2559.0 0.0
13:30:54.200 0001 -0.3441712856292724 51.4483757019043 8.409 12.0 82.77352142333984 0.0 0.0 0.0 0.0 0.0 0.0 0.0 0.0 0.0 0.0 0.0 0.0 0.0 0.0 0.0 0.0 0.0 0.0 0.0 0.0 0.0 7.0 0.0 0.0 0.0 0.0 2578.15 10.5 Operational 39.0 0.0 0.0 0.0 1.0 0.0 0.0 0.0 1.0 0.059 0.125 0.23 3550.0 4162.0 2559.0 0.0
13:30:54.300 0001 -0.3441712856292724 51.4483757019043 8.409 12.0 82.77352142333984 0.0 0.0 0.0 0.0 0.0 0.0 0.0 0.0 0.0 0.0 0.0 0.0 0.0 0.0 0.0 0.0 0.0 0.0 0.0 0.0 0.0 7.0 0.0 0.0 0.0 0.0 2578.15 10.5 Operational 39.0 0.0 0.0 0.0 1.0 0.0 0.0 0.0 1.0 0.059 0.125 0.23 3550.0 4162.0 2559.0 0.0
13:30:54.400 0001 -0.3441712856292724 51.4483757019043 8.409 12.0 82.77352142333984 0.0 0.0 0.0 0.0 0.0 0.0 0.0 0.0 0.0 0.0 0.0 0.0 0.0 0.0 0.0 0.0 0.0 0.0 0.0 0.0 0.0 7.0 0.0 0.0 0.0 0.0 2578.15 10.5 Operational 39.0 0.0 0.0 0.0 1.0 0.0 0.0 0.0 1.0 0.059 0.125 0.23 3550.0 4162.0 2559.0 0.0
13:30:54.500 0001 -0.3441712856292724 51.4483757019043 8.409 12.0 82.77352142333984 0.0 0.0 0.0 0.0 0.0 0.0 0.0 0.0 0.0 0.0 0.0 0.0 0.0 0.0 0.0 0.0 0.0 0.0 0.0 0.0 0.0 7.0 0.0 0.0 0.0 0.0 2578.15 10.5 Operational 39.0 0.0 0.0 0.0 1.0 0.0 0.0 0.0 1.0 0.059 0.125 0.23 3550.0 4162.0 2559.0 0.0
13:30:54.600 0001 -0.3441712856292724 51.4483757019043 8.409 12.0 82.77352142333984 0.0 0.0 0.0 0.0 0.0 0.0 0.0 0.0 0.0 0.0 0.0 0.0 0.0 0.0 0.0 0.0 0.0 0.0 0.0 0.0 0.0 7.0 0.0 0.0 0.0 0.0 2578.15 10.5 Operational 39.0 0.0 0.0 0.0 1.0 0.0 0.0 0.0 1.0 0.059 0.125 0.23 3550.0 4162.0 2559.0 0.0
13:30:54.700 0001 -0.3441712856292724 51.4483757019043 8.409 12.0 82.77352142333984 0.0 0.0 0.0 0.0 0.0 0.0 0.0 0.0 0.0 0.0 0.0 0.0 0.0 0.0 0.0 0.0 0.0 0.0 0.0 0.0 0.0 7.0 0.0 0.0 0.0 0.0 2578.15 10.5 Operational 39.0 0.0 0.0 0.0 2.0 0.0 0.0 0.0 1.0 0.067 0.117 0.288 2634.0 4162.0 4305.0 0.0
13:30:54.800 0001 -0.3441712856292724 51.4483757019043 8.409 12.0 82.77352142333984 0.0 0.0 0.0 0.0 0.0 0.0 0.0 0.0 0.0 0.0 0.0 0.0 0.0 0.0 0.0 0.0 0.0 0.0 0.0 0.0 0.0 7.0 0.0 0.0 0.0 0.0 2578.15 10.5 Operational 39.0 0.0 0.0 0.0 2.0 0.0 0.0 0.0 1.0 0.067 0.117 0.288 2634.0 4162.0 4305.0 0.0
13:30:54.900 0001 -0.3441686034202575 51.4483757019043 8.762 12.0 82.77352142333984 0.0 0.0 0.0 0.0 0.0 0.0 0.0 0.0 0.0 0.0 0.0 0.0 0.0 0.0 0.0 0.0 0.0 0.0 0.0 0.0 0.0 7.0 0.0 0.0 0.0 0.0 2578.15 10.5 Operational 39.0 0.0 0.0 0.0 2.0 0.0 0.0 0.0 1.0 0.067 0.117 0.288 2634.0 4162.0 4305.0 0.0
13:30:55.000 0001 -0.3441686034202575 51.4483757019043 8.762 12.0 82.77352142333984 0.0 0.0 0.0 0.0 0.0 0.0 0.0 0.0 0.0 0.0 0.0 0.0 0.0 0.0 0.0 0.0 0.0 0.0 0.0 0.0 0.0 7.0 0.0 0.0 0.0 0.0 2578.15 10.5 Operational 39.0 0.0 0.0 0.0 2.0 0.0 0.0 0.0 1.0 0.067 0.117 0.288 2634.0 4162.0 4305.0 0.0
13:30:55.100 0001 -0.3441686034202575 51.4483757019043 8.762 12.0 82.77352142333984 0.0 0.0 0.0 0.0 0.0 0.0 0.0 0.0 0.0 0.0 0.0 0.0 0.0 0.0 0.0 0.0 0.0 0.0 0.0 0.0 0.0 7.0 0.0 0.0 0.0 0.0 2578.15 10.5 Operational 39.0 0.0 0.0 0.0 2.0 0.0 0.0 0.0 1.0 0.067 0.117 0.288 2634.0 4162.0 4305.0 0.0
13:30:55.200 0001 -0.3441686034202575 51.4483757019043 8.762 12.0 82.77352142333984 0.0 0.0 0.0 0.0 0.0 0.0 0.0 0.0 0.0 0.0 0.0 0.0 0.0 0.0 0.0 0.0 0.0 0.0 0.0 0.0 0.0 7.0 0.0 0.0 0.0 0.0 2578.15 10.5 Operational 39.0 0.0 0.0 0.0 2.0 0.0 0.0 0.0 1.0 0.067 0.117 0.288 2634.0 4162.0 4305.0 0.0
13:30:55.300 0001 -0.3441686034202575 51.4483757019043 8.762 12.0 82.77352142333984 0.0 0.0 0.0 0.0 0.0 0.0 0.0 0.0 0.0 0.0 0.0 0.0 0.0 0.0 0.0 0.0 0.0 0.0 0.0 0.0 0.0 7.0 0.0 0.0 0.0 0.0 2578.15 10.5 Operational 39.0 0.0 0.0 0.0 2.0 0.0 0.0 0.0 1.0 0.067 0.117 0.288 2634.0 4162.0 4305.0 0.0
13:30:55.400 0001 -0.3441686034202575 51.4483757019043 8.762 12.0 82.77352142333984 0.0 0.0 0.0 0.0 0.0 0.0 0.0 0.0 0.0 0.0 0.0 0.0 0.0 0.0 0.0 0.0 0.0 0.0 0.0 0.0 0.0 7.0 0.0 0.0 0.0 0.0 2578.15 10.5 Operational 39.0 0.0 0.0 0.0 2.0 0.0 0.0 0.0 1.0 0.067 0.117 0.288 2634.0 4162.0 4305.0 0.0
13:30:55.500 0001 -0.3441686034202575 51.4483757019043 8.762 12.0 82.77352142333984 0.0 0.0 0.0 0.0 0.0 0.0 0.0 0.0 0.0 0.0 0.0 0.0 0.0 0.0 0.0 0.0 0.0 0.0 0.0 0.0 0.0 7.0 0.0 0.0 0.0 0.0 2578.15 10.5 Operational 39.0 0.0 0.0 0.0 2.0 0.0 0.0 0.0 1.0 0.067 0.117 0.288 2634.0 4162.0 4305.0 0.0
13:30:55.600 0001 -0.3441686034202575 51.4483757019043 8.762 12.0 82.77352142333984 0.0 0.0 0.0 0.0 0.0 0.0 0.0 0.0 0.0 0.0 0.0 0.0 0.0 0.0 0.0 0.0 0.0 0.0 0.0 0.0 0.0 7.0 0.0 0.0 0.0 0.0 2578.15 10.5 Operational 39.0 0.0 0.0 0.0 3.0 0.0 0.0 0.0 1.0 0.074 0.173 0.707 2686.0 4162.0 3849.0 0.0
13:30:55.700 0001 -0.3441686034202575 51.4483757019043 8.762 12.0 82.77352142333984 0.0 0.0 0.0 0.0 0.0 0.0 0.0 0.0 0.0 0.0 0.0 0.0 0.0 0.0 0.0 0.0 0.0 0.0 0.0 0.0 0.0 7.0 0.0 0.0 0.0 0.0 2578.15 10.5 Operational 39.0 0.0 0.0 0.0 3.0 0.0 0.0 0.0 1.0 0.074 0.173 0.707 2686.0 4162.0 3849.0 0.0
13:30:55.800 0001 -0.3441686034202575 51.4483757019043 8.762 12.0 82.77352142333984 0.0 0.0 0.0 0.0 0.0 0.0 0.0 0.0 0.0 0.0 0.0 0.0 0.0 0.0 0.0 0.0 0.0 0.0 0.0 0.0 0.0 7.0 0.0 0.0 0.0 0.0 2578.15 10.5 Operational 39.0 0.0 0.0 0.0 3.0 0.0 0.0 0.0 1.0 0.074 0.173 0.707 2686.0 4162.0 3849.0 0.0
13:30:55.900 0001 -0.3441686034202575 51.4483757019043 8.634 12.0 82.77352142333984 0.0 0.0 0.0 0.0 0.0 0.0 0.0 0.0 0.0 0.0 0.0 0.0 0.0 0.0 0.0 0.0 0.0 0.0 0.0 0.0 0.0 7.0 0.0 0.0 0.0 0.0 2578.15 10.5 Operational 39.0 0.0 0.0 0.0 3.0 0.0 0.0 0.0 1.0 0.074 0.173 0.707 2686.0 4162.0 3849.0 0.0
13:30:56.000 0001 -0.3441678881645202 51.4483757019043 8.634 12.0 82.77352142333984 0.0 0.0 0.0 0.0 0.0 0.0 0.0 0.0 0.0 0.0 0.0 0.0 0.0 0.0 0.0 0.0 0.0 0.0 0.0 0.0 0.0 7.0 0.0 0.0 0.0 0.0 2578.15 10.5 Operational 39.0 0.0 0.0 0.0 3.0 0.0 0.0 0.0 1.0 0.074 0.173 0.707 2686.0 4162.0 3849.0 0.0
13:30:56.100 0001 -0.3441678881645202 51.4483757019043 8.634 12.0 82.77352142333984 0.0 0.0 0.0 0.0 0.0 0.0 0.0 0.0 0.0 0.0 0.0 0.0 0.0 0.0 0.0 0.0 0.0 0.0 0.0 0.0 0.0 7.0 0.0 0.0 0.0 0.0 2578.15 10.5 Operational 39.0 0.0 0.0 0.0 3.0 0.0 0.0 0.0 1.0 0.074 0.173 0.707 2686.0 4162.0 3849.0 0.0
13:30:56.200 0001 -0.3441678881645202 51.4483757019043 8.634 12.0 82.77352142333984 0.0 0.0 0.0 0.0 0.0 0.0 0.0 0.0 0.0 0.0 0.0 0.0 0.0 0.0 0.0 0.0 0.0 0.0 0.0 0.0 0.0 7.0 0.0 0.0 0.0 0.0 2578.15 10.5 Operational 39.0 0.0 0.0 0.0 3.0 0.0 0.0 0.0 1.0 0.074 0.173 0.707 2686.0 4162.0 3849.0 0.0
13:30:56.300 0001 -0.3441678881645202 51.4483757019043 8.634 12.0 82.77352142333984 0.0 0.0 0.0 0.0 0.0 0.0 0.0 0.0 0.0 0.0 0.0 0.0 0.0 0.0 0.0 0.0 0.0 0.0 0.0 0.0 0.0 7.0 0.0 0.0 0.0 0.0 2578.15 10.5 Operational 39.0 0.0 0.0 0.0 3.0 0.0 0.0 0.0 1.0 0.074 0.173 0.707 2686.0 4162.0 3849.0 0.0
13:30:56.400 0001 -0.3441678881645202 51.4483757019043 8.634 12.0 82.77352142333984 0.0 0.0 0.0 0.0 0.0 0.0 0.0 0.0 0.0 0.0 0.0 0.0 0.0 0.0 0.0 0.0 0.0 0.0 0.0 0.0 0.0 7.0 0.0 0.0 0.0 0.0 2578.15 10.5 Operational 39.0 0.0 0.0 0.0 4.0 0.0 0.0 0.0 1.0 0.108 0.224 0.606 2581.0 4162.0 3959.0 0.0
13:30:56.500 0001 -0.3441678881645202 51.4483757019043 8.634 12.0 82.77352142333984 0.0 0.0 0.0 0.0 0.0 0.0 0.0 0.0 0.0 0.0 0.0 0.0 0.0 0.0 0.0 0.0 0.0 0.0 0.0 0.0 0.0 7.0 0.0 0.0 0.0 0.0 2578.15 10.5 Operational 39.0 0.0 0.0 0.0 4.0 0.0 0.0 0.0 1.0 0.108 0.224 0.606 2581.0 4162.0 3959.0 0.0
13:30:56.600 0001 -0.3441678881645202 51.4483757019043 8.634 12.0 82.77352142333984 0.0 0.0 0.0 0.0 0.0 0.0 0.0 0.0 0.0 0.0 0.0 0.0 0.0 0.0 0.0 0.0 0.0 0.0 0.0 0.0 0.0 7.0 0.0 0.0 0.0 0.0 2578.15 10.5 Operational 39.0 0.0 0.0 0.0 4.0 0.0 0.0 0.0 1.0 0.108 0.224 0.606 2581.0 4162.0 3959.0 0.0
13:30:56.700 0001 -0.3441678881645202 51.4483757019043 8.634 12.0 82.77352142333984 0.0 0.0 0.0 0.0 0.0 0.0 0.0 0.0 0.0 0.0 0.0 0.0 0.0 0.0 0.0 0.0 0.0 0.0 0.0 0.0 0.0 7.0 0.0 0.0 0.0 0.0 2578.15 10.5 Operational 39.0 0.0 0.0 0.0 4.0 0.0 0.0 0.0 1.0 0.108 0.224 0.606 2581.0 4162.0 3959.0 0.0
13:30:56.800 0001 -0.3441678881645202 51.4483757019043 8.634 12.0 82.77352142333984 0.0 0.0 0.0 0.0 0.0 0.0 0.0 0.0 0.0 0.0 0.0 0.0 0.0 0.0 0.0 0.0 0.0 0.0 0.0 0.0 0.0 7.0 0.0 0.0 0.0 0.0 2578.15 10.5 Operational 39.0 0.0 0.0 0.0 4.0 0.0 0.0 0.0 1.0 0.108 0.224 0.606 2581.0 4162.0 3959.0 0.0
13:30:56.900 0001 -0.3441649973392486 51.44837188720703 9.002 13.0 82.77352142333984 0.0 0.0 0.0 0.0 0.0 0.0 0.0 0.0 0.0 0.0 0.0 0.0 0.0 0.0 0.0 0.0 0.0 0.0 0.0 0.0 0.0 7.0 0.0 0.0 0.0 0.0 2578.15 10.5 Operational 39.0 0.0 0.0 0.0 4.0 0.0 0.0 0.0 1.0 0.108 0.224 0.606 2581.0 4162.0 3959.0 0.0
13:30:57.000 0001 -0.3441649973392486 51.44837188720703 9.002 13.0 82.77352142333984 0.0 0.0 0.0 0.0 0.0 0.0 0.0 0.0 0.0 0.0 0.0 0.0 0.0 0.0 0.0 0.0 0.0 0.0 0.0 0.0 0.0 7.0 0.0 0.0 0.0 0.0 2578.15 10.5 Operational 39.0 0.0 0.0 0.0 4.0 0.0 0.0 0.0 1.0 0.108 0.224 0.606 2581.0 4162.0 3959.0 0.0
13:30:57.100 0001 -0.3441649973392486 51.44837188720703 9.002 13.0 82.77352142333984 0.0 0.0 0.0 0.0 0.0 0.0 0.0 0.0 0.0 0.0 0.0 0.0 0.0 0.0 0.0 0.0 0.0 0.0 0.0 0.0 0.0 7.0 0.0 0.0 0.0 0.0 2578.15 10.5 Operational 39.0 0.0 0.0 0.0 4.0 0.0 0.0 0.0 1.0 0.108 0.224 0.606 2581.0 4162.0 3959.0 0.0
13:30:57.200 0001 -0.3441649973392486 51.44837188720703 9.002 13.0 82.77352142333984 0.0 0.0 0.0 0.0 0.0 0.0 0.0 0.0 0.0 0.0 0.0 0.0 0.0 0.0 0.0 0.0 0.0 0.0 0.0 0.0 0.0 7.0 0.0 0.0 0.0 0.0 2578.15 10.5 Operational 39.0 0.0 0.0 0.0 5.0 0.0 0.0 0.0 1.0 0.08 0.129 0.294 2899.0 4162.0 3544.0 0.0
13:30:57.300 0001 -0.3441649973392486 51.44837188720703 9.002 13.0 82.77352142333984 0.0 0.0 0.0 0.0 0.0 0.0 0.0 0.0 0.0 0.0 0.0 0.0 0.0 0.0 0.0 0.0 0.0 0.0 0.0 0.0 0.0 7.0 0.0 0.0 0.0 0.0 2578.15 10.5 Operational 39.0 0.0 0.0 0.0 5.0 0.0 0.0 0.0 1.0 0.08 0.129 0.294 2899.0 4162.0 3544.0 0.0
13:30:57.400 0001 -0.3441649973392486 51.44837188720703 9.002 13.0 82.77352142333984 0.0 0.0 0.0 0.0 0.0 0.0 0.0 0.0 0.0 0.0 0.0 0.0 0.0 0.0 0.0 0.0 0.0 0.0 0.0 0.0 0.0 7.0 0.0 0.0 0.0 0.0 2578.15 10.5 Operational 39.0 0.0 0.0 0.0 5.0 0.0 0.0 0.0 1.0 0.08 0.129 0.294 2899.0 4162.0 3544.0 0.0
13:30:57.500 0001 -0.3441649973392486 51.44837188720703 9.002 13.0 82.77352142333984 0.0 0.0 0.0 0.0 0.0 0.0 0.0 0.0 0.0 0.0 0.0 0.0 0.0 0.0 0.0 0.0 0.0 0.0 0.0 0.0 0.0 7.0 0.0 0.0 0.0 0.0 2578.15 10.5 Operational 39.0 0.0 0.0 0.0 5.0 0.0 0.0 0.0 1.0 0.08 0.129 0.294 2899.0 4162.0 3544.0 0.0
13:30:57.600 0001 -0.3441649973392486 51.44837188720703 9.002 13.0 82.77352142333984 0.0 0.0 0.0 0.0 0.0 0.0 0.0 0.0 0.0 0.0 0.0 0.0 0.0 0.0 0.0 0.0 0.0 0.0 0.0 0.0 0.0 7.0 0.0 0.0 0.0 0.0 2578.15 10.5 Operational 39.0 0.0 0.0 0.0 5.0 0.0 0.0 0.0 1.0 0.08 0.129 0.294 2899.0 4162.0 3544.0 0.0
13:30:57.700 0001 -0.3441649973392486 51.44837188720703 9.002 13.0 82.77352142333984 0.0 0.0 0.0 0.0 0.0 0.0 0.0 0.0 0.0 0.0 0.0 0.0 0.0 0.0 0.0 0.0 0.0 0.0 0.0 0.0 0.0 7.0 0.0 0.0 0.0 0.0 2578.15 10.5 Operational 39.0 0.0 0.0 0.0 5.0 0.0 0.0 0.0 1.0 0.08 0.129 0.294 2899.0 4162.0 3544.0 0.0
13:30:57.800 0001 -0.3441649973392486 51.44837188720703 9.002 13.0 82.77352142333984 0.0 0.0 0.0 0.0 0.0 0.0 0.0 0.0 0.0 0.0 0.0 0.0 0.0 0.0 0.0 0.0 0.0 0.0 0.0 0.0 0.0 7.0 0.0 0.0 0.0 0.0 2578.15 10.5 Operational 39.0 0.0 0.0 0.0 5.0 0.0 0.0 0.0 1.0 0.08 0.129 0.294 2899.0 4162.0 3544.0 0.0
13:30:57.900 0001 -0.3441618978977203 51.44837188720703 9.497 13.0 82.77352142333984 0.0 0.0 0.0 0.0 0.0 0.0 0.0 0.0 0.0 0.0 0.0 0.0 0.0 0.0 0.0 0.0 0.0 0.0 0.0 0.0 0.0 7.0 0.0 0.0 0.0 0.0 2578.15 10.5 Operational 39.0 0.0 0.0 0.0 5.0 0.0 0.0 0.0 1.0 0.08 0.129 0.294 2899.0 4162.0 3544.0 0.0
13:30:58.000 0001 -0.3441618978977203 51.44837188720703 9.497 13.0 82.77352142333984 0.0 0.0 0.0 0.0 0.0 0.0 0.0 0.0 0.0 0.0 0.0 0.0 0.0 0.0 0.0 0.0 0.0 0.0 0.0 0.0 0.0 7.0 0.0 0.0 0.0 0.0 2578.15 10.5 Operational 39.0 0.0 0.0 0.0 5.0 0.0 0.0 0.0 1.0 0.08 0.129 0.294 2899.0 4162.0 3544.0 0.0
13:30:58.100 0001 -0.3441618978977203 51.44837188720703 9.497 13.0 82.77352142333984 0.0 0.0 0.0 0.0 0.0 0.0 0.0 0.0 0.0 0.0 0.0 0.0 0.0 0.0 0.0 0.0 0.0 0.0 0.0 0.0 0.0 7.0 0.0 0.0 0.0 0.0 2578.15 10.5 Operational 39.0 0.0 0.0 0.0 5.0 0.0 0.0 0.0 1.0 0.08 0.129 0.294 2899.0 4162.0 3544.0 0.0
13:30:58.200 0001 -0.3441618978977203 51.44837188720703 9.497 13.0 82.77352142333984 0.0 0.0 0.0 0.0 0.0 0.0 0.0 0.0 0.0 0.0 0.0 0.0 0.0 0.0 0.0 0.0 0.0 0.0 0.0 0.0 0.0 7.0 0.0 0.0 0.0 0.0 2578.15 10.5 Operational 39.0 0.0 0.0 0.0 1.0 0.0 0.0 0.0 1.0 0.053 0.086 0.126 3548.0 4162.0 2562.0 0.0
13:30:58.300 0001 -0.3441618978977203 51.44837188720703 9.497 13.0 82.77352142333984 0.0 0.0 0.0 0.0 0.0 0.0 0.0 0.0 0.0 0.0 0.0 0.0 0.0 0.0 0.0 0.0 0.0 0.0 0.0 0.0 0.0 7.0 0.0 0.0 0.0 0.0 2578.15 10.5 Operational 39.0 0.0 0.0 0.0 1.0 0.0 0.0 0.0 1.0 0.053 0.086 0.126 3548.0 4162.0 2562.0 0.0
13:30:58.400 0001 -0.3441618978977203 51.44837188720703 9.497 13.0 82.77352142333984 0.0 0.0 0.0 0.0 0.0 0.0 0.0 0.0 0.0 0.0 0.0 0.0 0.0 0.0 0.0 0.0 0.0 0.0 0.0 0.0 0.0 7.0 0.0 0.0 0.0 0.0 2578.15 10.5 Operational 39.0 0.0 0.0 0.0 1.0 0.0 0.0 0.0 1.0 0.053 0.086 0.126 3548.0 4162.0 2562.0 0.0
13:30:58.500 0001 -0.3441618978977203 51.44837188720703 9.497 13.0 82.77352142333984 0.0 0.0 0.0 0.0 0.0 0.0 0.0 0.0 0.0 0.0 0.0 0.0 0.0 0.0 0.0 0.0 0.0 0.0 0.0 0.0 0.0 7.0 0.0 0.0 0.0 0.0 2578.15 10.5 Operational 39.0 0.0 0.0 0.0 1.0 0.0 0.0 0.0 1.0 0.053 0.086 0.126 3548.0 4162.0 2562.0 0.0
13:30:58.600 0001 -0.3441618978977203 51.44837188720703 9.497 13.0 82.77352142333984 0.0 0.0 0.0 0.0 0.0 0.0 0.0 0.0 0.0 0.0 0.0 0.0 0.0 0.0 0.0 0.0 0.0 0.0 0.0 0.0 0.0 7.0 0.0 0.0 0.0 0.0 2578.15 10.5 Operational 39.0 0.0 0.0 0.0 1.0 0.0 0.0 0.0 1.0 0.053 0.086 0.126 3548.0 4162.0 2562.0 0.0
13:30:58.700 0001 -0.3441618978977203 51.44837188720703 9.497 13.0 82.77352142333984 0.0 0.0 0.0 0.0 0.0 0.0 0.0 0.0 0.0 0.0 0.0 0.0 0.0 0.0 0.0 0.0 0.0 0.0 0.0 0.0 0.0 7.0 0.0 0.0 0.0 0.0 2578.15 10.5 Operational 39.0 0.0 0.0 0.0 1.0 0.0 0.0 0.0 1.0 0.053 0.086 0.126 3548.0 4162.0 2562.0 0.0
13:30:58.800 0001 -0.3441618978977203 51.44837188720703 9.497 13.0 82.77352142333984 0.0 0.0 0.0 0.0 0.0 0.0 0.0 0.0 0.0 0.0 0.0 0.0 0.0 0.0 0.0 0.0 0.0 0.0 0.0 0.0 0.0 7.0 0.0 0.0 0.0 0.0 2578.15 10.5 Operational 39.0 0.0 0.0 0.0 1.0 0.0 0.0 0.0 1.0 0.053 0.086 0.126 3548.0 4162.0 2562.0 0.0
13:30:58.900 0001 -0.3441605865955353 51.44837188720703 9.564 12.0 82.77352142333984 0.0 0.0 0.0 0.0 0.0 0.0 0.0 0.0 0.0 0.0 0.0 0.0 0.0 0.0 0.0 0.0 0.0 0.0 0.0 0.0 0.0 7.0 0.0 0.0 0.0 0.0 2578.15 10.5 Operational 39.0 0.0 0.0 0.0 1.0 0.0 0.0 0.0 1.0 0.053 0.086 0.126 3548.0 4162.0 2562.0 0.0
13:30:59.000 0001 -0.3441605865955353 51.44837188720703 9.564 12.0 82.77352142333984 0.0 0.0 0.0 0.0 0.0 0.0 0.0 0.0 0.0 0.0 0.0 0.0 0.0 0.0 0.0 0.0 0.0 0.0 0.0 0.0 0.0 7.0 0.0 0.0 0.0 0.0 2578.15 10.5 Operational 39.0 0.0 0.0 0.0 2.0 0.0 0.0 0.0 1.0 0.05 0.116 0.307 2634.0 4162.0 4310.0 0.0
13:30:59.100 0001 -0.3441605865955353 51.44837188720703 9.564 12.0 82.77352142333984 0.0 0.0 0.0 0.0 0.0 0.0 0.0 0.0 0.0 0.0 0.0 0.0 0.0 0.0 0.0 0.0 0.0 0.0 0.0 0.0 0.0 7.0 0.0 0.0 0.0 0.0 2578.15 10.5 Operational 39.0 0.0 0.0 0.0 2.0 0.0 0.0 0.0 1.0 0.05 0.116 0.307 2634.0 4162.0 4310.0 0.0
13:30:59.200 0001 -0.3441605865955353 51.44837188720703 9.564 12.0 82.77352142333984 0.0 0.0 0.0 0.0 0.0 0.0 0.0 0.0 0.0 0.0 0.0 0.0 0.0 0.0 0.0 0.0 0.0 0.0 0.0 0.0 0.0 7.0 0.0 0.0 0.0 0.0 2578.15 10.5 Operational 39.0 0.0 0.0 0.0 2.0 0.0 0.0 0.0 1.0 0.05 0.116 0.307 2634.0 4162.0 4310.0 0.0
13:30:59.300 0001 -0.3441605865955353 51.44837188720703 9.564 12.0 82.77352142333984 0.0 0.0 0.0 0.0 0.0 0.0 0.0 0.0 0.0 0.0 0.0 0.0 0.0 0.0 0.0 0.0 0.0 0.0 0.0 0.0 0.0 7.0 0.0 0.0 0.0 0.0 2578.15 10.5 Operational 39.0 0.0 0.0 0.0 2.0 0.0 0.0 0.0 1.0 0.05 0.116 0.307 2634.0 4162.0 4310.0 0.0
13:30:59.400 0001 -0.3441605865955353 51.44837188720703 9.564 12.0 82.77352142333984 0.0 0.0 0.0 0.0 0.0 0.0 0.0 0.0 0.0 0.0 0.0 0.0 0.0 0.0 0.0 0.0 0.0 0.0 0.0 0.0 0.0 7.0 0.0 0.0 0.0 0.0 2578.15 10.5 Operational 39.0 0.0 0.0 0.0 2.0 0.0 0.0 0.0 1.0 0.05 0.116 0.307 2634.0 4162.0 4310.0 0.0
13:30:59.500 0001 -0.3441605865955353 51.44837188720703 9.564 12.0 82.77352142333984 0.0 0.0 0.0 0.0 0.0 0.0 0.0 0.0 0.0 0.0 0.0 0.0 0.0 0.0 0.0 0.0 0.0 0.0 0.0 0.0 0.0 7.0 0.0 0.0 0.0 0.0 2578.15 10.5 Operational 39.0 0.0 0.0 0.0 2.0 0.0 0.0 0.0 1.0 0.05 0.116 0.307 2634.0 4162.0 4310.0 0.0
13:30:59.600 0001 -0.3441605865955353 51.44837188720703 9.564 12.0 82.77352142333984 0.0 0.0 0.0 0.0 0.0 0.0 0.0 0.0 0.0 0.0 0.0 0.0 0.0 0.0 0.0 0.0 0.0 0.0 0.0 0.0 0.0 7.0 0.0 0.0 0.0 0.0 2578.15 10.5 Operational 39.0 0.0 0.0 0.0 2.0 0.0 0.0 0.0 1.0 0.05 0.116 0.307 2634.0 4162.0 4310.0 0.0
13:30:59.700 0001 -0.3441605865955353 51.44837188720703 9.564 12.0 82.77352142333984 0.0 0.0 0.0 0.0 0.0 0.0 0.0 0.0 0.0 0.0 0.0 0.0 0.0 0.0 0.0 0.0 0.0 0.0 0.0 0.0 0.0 7.0 0.0 0.0 0.0 0.0 2578.15 10.5 Operational 39.0 0.0 0.0 0.0 2.0 0.0 0.0 0.0 1.0 0.05 0.116 0.307 2634.0 4162.0 4310.0 0.0
13:30:59.800 0001 -0.3441605865955353 51.44837188720703 9.564 12.0 82.77352142333984 0.0 0.0 0.0 0.0 0.0 0.0 0.0 0.0 0.0 0.0 0.0 0.0 0.0 0.0 0.0 0.0 0.0 0.0 0.0 0.0 0.0 7.0 0.0 0.0 0.0 0.0 2578.15 10.5 Operational 39.0 0.0 0.0 0.0 3.0 0.0 0.0 0.0 1.0 0.072 0.171 0.448 2691.0 4162.0 3848.0 0.0
13:30:59.900 0001 -0.3441590964794159 51.44837188720703 9.684 12.0 82.77352142333984 0.0 0.0 0.0 0.0 0.0 0.0 0.0 0.0 0.0 0.0 0.0 0.0 0.0 0.0 0.0 0.0 0.0 0.0 0.0 0.0 0.0 7.0 0.0 0.0 0.0 0.0 2578.15 10.5 Operational 39.0 0.0 0.0 0.0 3.0 0.0 0.0 0.0 1.0 0.072 0.171 0.448 2691.0 4162.0 3848.0 0.0
13:31:00.000 0001 -0.3441590964794159 51.44837188720703 9.684 12.0 82.77352142333984 0.0 0.0 0.0 0.0 0.0 0.0 0.0 0.0 0.0 0.0 0.0 0.0 0.0 0.0 0.0 0.0 0.0 0.0 0.0 0.0 0.0 7.0 0.0 0.0 0.0 0.0 2578.15 10.5 Operational 39.0 0.0 0.0 0.0 3.0 0.0 0.0 0.0 1.0 0.072 0.171 0.448 2691.0 4162.0 3848.0 0.0
13:31:00.100 0001 -0.3441590964794159 51.44837188720703 9.684 12.0 82.77352142333984 0.0 0.0 0.0 0.0 0.0 0.0 0.0 0.0 0.0 0.0 0.0 0.0 0.0 0.0 0.0 0.0 0.0 0.0 0.0 0.0 0.0 7.0 0.0 0.0 0.0 0.0 2578.15 10.5 Operational 39.0 0.0 0.0 0.0 3.0 0.0 0.0 0.0 1.0 0.072 0.171 0.448 2691.0 4162.0 3848.0 0.0
