[device]
Syslogic

[cameras]
['front', 'left_nozzle', 'back', 'right_nozzle']

[AVI]
SN214929_2023_10_27_0950_

[column names]
time avifileindex Longitude Latitude Altitude Satellites Heading Nozzle1downTMSCS Nozzle2downTMS SideBrush1downTMS SideBrush2downTMS BrushCurrent SideBrush1ExtendTMSCS SideBrush2ExtendTMSCS SideBrush1RetractTMSCS SideBrush2RetractTMSCS Nozzle1WaterSprayOnOffTMS Nozzle2WaterSprayOnOffTMS SideBrush1WaterSprayTMS SideBrush2WaterSprayTMS WSBMotoronoffTMS FanOnTMS WorkLight1OnOffTMS WorkLight2OnOffTMS NozGapOpen NozGapClose Pause_active AutoSweepActive EngineType EngineSpeed RoadSpeedTMSCS EngineFuelRateTMSCS FanSpeed TotalFuelConsumption WaterTankLevel JVMheartbeat JVMALerts GutterSprayOnOff AddWaterSprayOnOff WaterRe_circOnOff modbus_id pm_sensor_serious_fault pm_sensor_fault pm_sensor_is_degraded_mode pm_sensor_is_ready pm_1 pm_2_5 pm_10 temperature firmware_version humidity error

[data]
09:50:12.100 0001 -0.3398619890213012 51.45872116088867 -5.136 13.0 325.2035827636719 0.0 0.0 0.0 0.0 0.0 0.0 0.0 0.0 0.0 0.0 0.0 0.0 0.0 0.0 1.0 0.0 0.0 1.0 0.0 1.0 0.0 7.0 899.0 0.0 2.15 1544.0 2968.7000000000003 50.0 Operational 0.0 0.0 0.0 0.0 0.0 0.0 0.0 0.0 0.0 0.0 0.0 0.0 0.0 0.0 0.0 0.0
09:50:12.200 0001 -0.3398619890213012 51.45872116088867 -5.136 13.0 325.2035827636719 0.0 0.0 0.0 0.0 0.0 0.0 0.0 0.0 0.0 0.0 0.0 0.0 0.0 0.0 1.0 0.0 0.0 1.0 0.0 1.0 0.0 7.0 899.0 0.0 2.15 1544.0 2968.7000000000003 50.0 Operational 0.0 0.0 0.0 0.0 0.0 0.0 0.0 0.0 0.0 0.0 0.0 0.0 0.0 0.0 0.0 0.0
09:50:12.300 0001 -0.3398619890213012 51.45872116088867 -5.136 13.0 325.2035827636719 0.0 0.0 0.0 0.0 0.0 0.0 0.0 0.0 0.0 0.0 0.0 0.0 0.0 0.0 1.0 0.0 0.0 1.0 0.0 1.0 0.0 7.0 899.0 0.0 2.15 1544.0 2968.7000000000003 50.0 Operational 0.0 0.0 0.0 0.0 0.0 0.0 0.0 0.0 0.0 0.0 0.0 0.0 0.0 0.0 0.0 0.0
09:50:12.400 0001 -0.3398619890213012 51.45872116088867 -5.136 13.0 325.2035827636719 0.0 0.0 0.0 0.0 0.0 0.0 0.0 0.0 0.0 0.0 0.0 0.0 0.0 0.0 1.0 0.0 0.0 1.0 0.0 1.0 0.0 7.0 899.0 0.0 2.15 1544.0 2968.7000000000003 50.0 Operational 0.0 0.0 0.0 0.0 0.0 0.0 0.0 0.0 0.0 0.0 0.0 0.0 0.0 0.0 0.0 0.0
09:50:12.500 0001 -0.3398619890213012 51.45872116088867 -5.136 13.0 325.2035827636719 0.0 0.0 0.0 0.0 0.0 0.0 0.0 0.0 0.0 0.0 0.0 0.0 0.0 0.0 1.0 0.0 0.0 1.0 0.0 1.0 0.0 7.0 900.0 0.0 2.15 1546.0 2968.7000000000003 50.0 Operational 0.0 0.0 0.0 0.0 0.0 0.0 0.0 0.0 0.0 0.0 0.0 0.0 0.0 0.0 0.0 0.0
09:50:12.500 0001 -0.3398619890213012 51.45872116088867 -5.136 13.0 325.2035827636719 0.0 0.0 0.0 0.0 0.0 0.0 0.0 0.0 0.0 0.0 0.0 0.0 0.0 0.0 1.0 0.0 0.0 1.0 0.0 1.0 0.0 7.0 900.0 0.0 2.15 1546.0 2968.7000000000003 50.0 Operational 0.0 0.0 0.0 0.0 0.0 0.0 0.0 0.0 0.0 0.0 0.0 0.0 0.0 0.0 0.0 0.0
09:50:12.600 0001 -0.3398619890213012 51.45872116088867 -5.136 13.0 325.2035827636719 0.0 0.0 0.0 0.0 0.0 0.0 0.0 0.0 0.0 0.0 0.0 0.0 0.0 0.0 1.0 0.0 0.0 1.0 0.0 1.0 0.0 7.0 900.0 0.0 2.15 1546.0 2968.7000000000003 50.0 Operational 0.0 0.0 0.0 0.0 0.0 0.0 0.0 0.0 0.0 0.0 0.0 0.0 0.0 0.0 0.0 0.0
09:50:12.700 0001 -0.3398619890213012 51.45872116088867 -5.136 13.0 325.2035827636719 0.0 0.0 0.0 0.0 0.0 0.0 0.0 0.0 0.0 0.0 0.0 0.0 0.0 0.0 1.0 0.0 0.0 1.0 0.0 1.0 0.0 7.0 899.0 0.0 2.15 1544.0 2968.7000000000003 50.0 Operational 0.0 0.0 0.0 0.0 0.0 0.0 0.0 0.0 0.0 0.0 0.0 0.0 0.0 0.0 0.0 0.0
09:50:12.800 0001 -0.3398619890213012 51.45872116088867 -5.136 13.0 325.2035827636719 0.0 0.0 0.0 0.0 0.0 0.0 0.0 0.0 0.0 0.0 0.0 0.0 0.0 0.0 1.0 0.0 0.0 1.0 0.0 1.0 0.0 7.0 899.0 0.0 2.15 1544.0 2968.7000000000003 50.0 Operational 0.0 0.0 0.0 0.0 0.0 0.0 0.0 0.0 0.0 0.0 0.0 0.0 0.0 0.0 0.0 0.0
09:50:12.900 0001 -0.3398619890213012 51.45872116088867 -5.136 13.0 325.2035827636719 0.0 0.0 0.0 0.0 0.0 0.0 0.0 0.0 0.0 0.0 0.0 0.0 0.0 0.0 1.0 0.0 0.0 1.0 0.0 1.0 0.0 7.0 899.0 0.0 2.15 1544.0 2968.7000000000003 50.0 Operational 0.0 0.0 0.0 0.0 0.0 0.0 0.0 0.0 0.0 0.0 0.0 0.0 0.0 0.0 0.0 0.0
09:50:13.000 0001 -0.3398619890213012 51.45872116088867 -5.136 13.0 325.2035827636719 0.0 0.0 0.0 0.0 0.0 0.0 0.0 0.0 0.0 0.0 0.0 0.0 0.0 0.0 1.0 0.0 0.0 1.0 0.0 1.0 0.0 7.0 899.0 0.0 2.15 1544.0 2968.7000000000003 50.0 Operational 0.0 0.0 0.0 0.0 0.0 0.0 0.0 0.0 0.0 0.0 0.0 0.0 0.0 0.0 0.0 0.0
09:50:13.100 0001 -0.3398619890213012 51.45872116088867 -5.136 13.0 325.2035827636719 0.0 0.0 0.0 0.0 0.0 0.0 0.0 0.0 0.0 0.0 0.0 0.0 0.0 0.0 1.0 0.0 0.0 1.0 0.0 1.0 0.0 7.0 899.0 0.0 2.15 1546.0 2968.7000000000003 50.0 Operational 0.0 0.0 0.0 0.0 0.0 0.0 0.0 0.0 0.0 0.0 0.0 0.0 0.0 0.0 0.0 0.0
09:50:13.200 0001 -0.3398619890213012 51.45872116088867 -5.136 13.0 325.2035827636719 0.0 0.0 0.0 0.0 0.0 0.0 0.0 0.0 0.0 0.0 0.0 0.0 0.0 0.0 1.0 0.0 0.0 1.0 0.0 1.0 0.0 7.0 900.0 0.0 2.15 1546.0 2968.7000000000003 50.0 Operational 0.0 0.0 0.0 0.0 0.0 0.0 0.0 0.0 0.0 0.0 0.0 0.0 0.0 0.0 0.0 0.0
09:50:13.300 0001 -0.3398619890213012 51.45872116088867 -5.136 13.0 325.2035827636719 0.0 0.0 0.0 0.0 0.0 0.0 0.0 0.0 0.0 0.0 0.0 0.0 0.0 0.0 1.0 0.0 0.0 1.0 0.0 1.0 0.0 7.0 900.0 0.0 2.15 1546.0 2968.7000000000003 50.0 Operational 0.0 0.0 0.0 0.0 0.0 0.0 0.0 0.0 0.0 0.0 0.0 0.0 0.0 0.0 0.0 0.0
09:50:13.400 0001 -0.3398619890213012 51.45872116088867 -5.136 13.0 325.2035827636719 0.0 0.0 0.0 0.0 0.0 0.0 0.0 0.0 0.0 0.0 0.0 0.0 0.0 0.0 1.0 0.0 0.0 1.0 0.0 1.0 0.0 7.0 900.0 0.0 2.15 1546.0 2968.7000000000003 50.0 Operational 0.0 0.0 0.0 0.0 0.0 0.0 0.0 0.0 0.0 0.0 0.0 0.0 0.0 0.0 0.0 0.0
09:50:13.500 0001 -0.3398619890213012 51.45872116088867 -5.136 13.0 325.2035827636719 0.0 0.0 0.0 0.0 0.0 0.0 0.0 0.0 0.0 0.0 0.0 0.0 0.0 0.0 1.0 0.0 0.0 1.0 0.0 1.0 0.0 7.0 900.0 0.0 2.15 1546.0 2968.7000000000003 50.0 Operational 0.0 0.0 0.0 0.0 0.0 0.0 0.0 0.0 0.0 0.0 0.0 0.0 0.0 0.0 0.0 0.0
09:50:13.600 0001 -0.3398619890213012 51.45872116088867 -5.136 13.0 325.2035827636719 0.0 0.0 0.0 0.0 0.0 0.0 0.0 0.0 0.0 0.0 0.0 0.0 0.0 0.0 1.0 0.0 0.0 1.0 0.0 1.0 0.0 7.0 900.0 0.0 2.15 1546.0 2968.7000000000003 50.0 Operational 0.0 0.0 0.0 0.0 0.0 0.0 0.0 0.0 0.0 0.0 0.0 0.0 0.0 0.0 0.0 0.0
09:50:13.700 0001 -0.3398619890213012 51.45872116088867 -5.136 13.0 325.2035827636719 0.0 0.0 0.0 0.0 0.0 0.0 0.0 0.0 0.0 0.0 0.0 0.0 0.0 0.0 1.0 0.0 0.0 1.0 0.0 1.0 0.0 7.0 900.0 0.0 2.15 1546.0 2968.7000000000003 50.0 Operational 0.0 0.0 0.0 0.0 0.0 0.0 0.0 0.0 0.0 0.0 0.0 0.0 0.0 0.0 0.0 0.0
09:50:13.800 0001 -0.3398619890213012 51.45872116088867 -5.136 13.0 325.2035827636719 0.0 0.0 0.0 0.0 0.0 0.0 0.0 0.0 0.0 0.0 0.0 0.0 0.0 0.0 1.0 0.0 0.0 1.0 0.0 1.0 0.0 7.0 899.0 0.0 2.15 1546.0 2968.7000000000003 50.0 Operational 0.0 0.0 0.0 0.0 0.0 0.0 0.0 0.0 0.0 0.0 0.0 0.0 0.0 0.0 0.0 0.0
09:50:13.900 0001 -0.339868813753128 51.45872497558594 -4.969 13.0 325.2035827636719 0.0 0.0 0.0 0.0 0.0 0.0 0.0 0.0 0.0 0.0 0.0 0.0 0.0 0.0 1.0 0.0 0.0 1.0 0.0 1.0 0.0 7.0 900.0 0.0 2.15 1544.0 2968.7000000000003 50.0 Operational 0.0 0.0 0.0 0.0 0.0 0.0 0.0 0.0 0.0 0.0 0.0 0.0 0.0 0.0 0.0 0.0
09:50:14.000 0001 -0.339868813753128 51.45872497558594 -4.969 13.0 325.2035827636719 0.0 0.0 0.0 0.0 0.0 0.0 0.0 0.0 0.0 0.0 0.0 0.0 0.0 0.0 1.0 0.0 0.0 1.0 0.0 1.0 0.0 7.0 899.0 0.0 2.15 1544.0 2968.7000000000003 50.0 Operational 0.0 0.0 0.0 0.0 0.0 0.0 0.0 0.0 0.0 0.0 0.0 0.0 0.0 0.0 0.0 0.0
09:50:14.100 0001 -0.339868813753128 51.45872497558594 -4.969 13.0 325.2035827636719 0.0 0.0 0.0 0.0 0.0 0.0 0.0 0.0 0.0 0.0 0.0 0.0 0.0 0.0 1.0 0.0 0.0 1.0 0.0 1.0 0.0 7.0 900.0 0.0 2.15 1544.0 2968.7000000000003 50.0 Operational 0.0 0.0 0.0 0.0 0.0 0.0 0.0 0.0 0.0 0.0 0.0 0.0 0.0 0.0 0.0 0.0
09:50:14.200 0001 -0.339868813753128 51.45872497558594 -4.969 13.0 325.2035827636719 0.0 0.0 0.0 0.0 0.0 0.0 0.0 0.0 0.0 0.0 0.0 0.0 0.0 0.0 1.0 0.0 0.0 1.0 0.0 1.0 0.0 7.0 899.0 0.0 2.15 1546.0 2968.7000000000003 50.0 Operational 0.0 0.0 0.0 0.0 0.0 0.0 0.0 0.0 0.0 0.0 0.0 0.0 0.0 0.0 0.0 0.0
09:50:14.300 0001 -0.339868813753128 51.45872497558594 -4.969 13.0 325.2035827636719 0.0 0.0 0.0 0.0 0.0 0.0 0.0 0.0 0.0 0.0 0.0 0.0 0.0 0.0 1.0 0.0 0.0 1.0 0.0 1.0 0.0 7.0 900.0 0.0 2.15 1546.0 2968.7000000000003 50.0 Operational 0.0 0.0 0.0 0.0 0.0 0.0 0.0 0.0 0.0 0.0 0.0 0.0 0.0 0.0 0.0 0.0
09:50:14.400 0001 -0.339868813753128 51.45872497558594 -4.969 13.0 325.2035827636719 0.0 0.0 0.0 0.0 0.0 0.0 0.0 0.0 0.0 0.0 0.0 0.0 0.0 0.0 1.0 0.0 0.0 1.0 0.0 1.0 0.0 7.0 900.0 0.0 2.15 1546.0 2968.7000000000003 50.0 Operational 0.0 0.0 0.0 0.0 0.0 0.0 0.0 0.0 0.0 0.0 0.0 0.0 0.0 0.0 0.0 0.0
09:50:14.500 0001 -0.339868813753128 51.45872497558594 -4.969 13.0 325.2035827636719 0.0 0.0 0.0 0.0 0.0 0.0 0.0 0.0 0.0 0.0 0.0 0.0 0.0 0.0 1.0 0.0 0.0 1.0 0.0 1.0 0.0 7.0 899.0 0.0 2.15 1544.0 2968.7000000000003 50.0 Operational 0.0 0.0 0.0 0.0 0.0 0.0 0.0 0.0 0.0 0.0 0.0 0.0 0.0 0.0 0.0 0.0
09:50:14.600 0001 -0.339868813753128 51.45872497558594 -4.969 13.0 325.2035827636719 0.0 0.0 0.0 0.0 0.0 0.0 0.0 0.0 0.0 0.0 0.0 0.0 0.0 0.0 1.0 0.0 0.0 1.0 0.0 1.0 0.0 7.0 899.0 0.0 2.15 1546.0 2968.7000000000003 50.0 Operational 0.0 0.0 0.0 0.0 0.0 0.0 0.0 0.0 0.0 0.0 0.0 0.0 0.0 0.0 0.0 0.0
09:50:14.700 0001 -0.339868813753128 51.45872497558594 -4.969 13.0 325.2035827636719 0.0 0.0 0.0 0.0 0.0 0.0 0.0 0.0 0.0 0.0 0.0 0.0 0.0 0.0 1.0 0.0 0.0 1.0 0.0 1.0 0.0 7.0 900.0 0.0 2.15 1546.0 2968.7000000000003 50.0 Operational 0.0 0.0 0.0 0.0 0.0 0.0 0.0 0.0 0.0 0.0 0.0 0.0 0.0 0.0 0.0 0.0
09:50:14.800 0001 -0.339868813753128 51.45872497558594 -4.969 13.0 325.2035827636719 0.0 0.0 0.0 0.0 0.0 0.0 0.0 0.0 0.0 0.0 0.0 0.0 0.0 0.0 1.0 0.0 0.0 1.0 0.0 1.0 0.0 7.0 900.0 0.0 2.15 1546.0 2968.7000000000003 50.0 Operational 0.0 0.0 0.0 0.0 0.0 0.0 0.0 0.0 0.0 0.0 0.0 0.0 0.0 0.0 0.0 0.0
09:50:14.900 0001 -0.3398757874965668 51.45873260498047 -5.258 13.0 325.2035827636719 0.0 0.0 0.0 0.0 0.0 0.0 0.0 0.0 0.0 0.0 0.0 0.0 0.0 0.0 1.0 0.0 0.0 1.0 0.0 1.0 0.0 7.0 899.0 0.0 2.15 1544.0 2968.7000000000003 50.0 Operational 0.0 0.0 0.0 0.0 0.0 0.0 0.0 0.0 0.0 0.0 0.0 0.0 0.0 0.0 0.0 0.0
09:50:15.000 0001 -0.3398757874965668 51.45873260498047 -5.258 13.0 325.2035827636719 0.0 0.0 0.0 0.0 0.0 0.0 0.0 0.0 0.0 0.0 0.0 0.0 0.0 0.0 1.0 0.0 0.0 1.0 0.0 1.0 0.0 7.0 899.0 0.0 2.15 1544.0 2968.7000000000003 50.0 Operational 0.0 0.0 0.0 0.0 0.0 0.0 0.0 0.0 0.0 0.0 0.0 0.0 0.0 0.0 0.0 0.0
09:50:15.100 0001 -0.3398757874965668 51.45873260498047 -5.258 13.0 325.2035827636719 0.0 0.0 0.0 0.0 0.0 0.0 0.0 0.0 0.0 0.0 0.0 0.0 0.0 0.0 1.0 0.0 0.0 1.0 0.0 1.0 0.0 7.0 899.0 0.0 2.15 1544.0 2968.7000000000003 50.0 Operational 0.0 0.0 0.0 0.0 0.0 0.0 0.0 0.0 0.0 0.0 0.0 0.0 0.0 0.0 0.0 0.0
09:50:15.200 0001 -0.3398757874965668 51.45873260498047 -5.258 13.0 325.2035827636719 0.0 0.0 0.0 0.0 0.0 0.0 0.0 0.0 0.0 0.0 0.0 0.0 0.0 0.0 1.0 0.0 0.0 1.0 0.0 1.0 0.0 7.0 900.0 0.0 2.15 1546.0 2968.7000000000003 50.0 Operational 0.0 0.0 0.0 0.0 0.0 0.0 0.0 0.0 0.0 0.0 0.0 0.0 0.0 0.0 0.0 0.0
09:50:15.300 0001 -0.3398757874965668 51.45873260498047 -5.258 13.0 325.2035827636719 0.0 0.0 0.0 0.0 0.0 0.0 0.0 0.0 0.0 0.0 0.0 0.0 0.0 0.0 1.0 0.0 0.0 1.0 0.0 1.0 0.0 7.0 899.0 0.0 2.15 1544.0 2968.7000000000003 50.0 Operational 0.0 0.0 0.0 0.0 0.0 0.0 0.0 0.0 0.0 0.0 0.0 0.0 0.0 0.0 0.0 0.0
09:50:15.400 0001 -0.3398757874965668 51.45873260498047 -5.258 13.0 325.2035827636719 0.0 0.0 0.0 0.0 0.0 0.0 0.0 0.0 0.0 0.0 0.0 0.0 0.0 0.0 1.0 0.0 0.0 1.0 0.0 1.0 0.0 7.0 900.0 0.0 2.15 1546.0 2968.7000000000003 50.0 Operational 0.0 0.0 0.0 0.0 0.0 0.0 0.0 0.0 0.0 0.0 0.0 0.0 0.0 0.0 0.0 0.0
09:50:15.500 0001 -0.3398757874965668 51.45873260498047 -5.258 13.0 325.2035827636719 0.0 0.0 0.0 0.0 0.0 0.0 0.0 0.0 0.0 0.0 0.0 0.0 0.0 0.0 1.0 0.0 0.0 1.0 0.0 1.0 0.0 7.0 899.0 0.0 2.15 1544.0 2968.7000000000003 50.0 Operational 0.0 0.0 0.0 0.0 0.0 0.0 0.0 0.0 0.0 0.0 0.0 0.0 0.0 0.0 0.0 0.0
09:50:15.600 0001 -0.3398757874965668 51.45873260498047 -5.258 13.0 325.2035827636719 0.0 0.0 0.0 0.0 0.0 0.0 0.0 0.0 0.0 0.0 0.0 0.0 0.0 0.0 1.0 0.0 0.0 1.0 0.0 1.0 0.0 7.0 900.0 0.0 2.15 1546.0 2968.7000000000003 50.0 Operational 0.0 0.0 0.0 0.0 0.0 0.0 0.0 0.0 0.0 0.0 0.0 0.0 0.0 0.0 0.0 0.0
09:50:15.700 0001 -0.3398757874965668 51.45873260498047 -5.258 13.0 325.2035827636719 0.0 0.0 0.0 0.0 0.0 0.0 0.0 0.0 0.0 0.0 0.0 0.0 0.0 0.0 1.0 0.0 0.0 1.0 0.0 1.0 0.0 7.0 900.0 0.0 2.15 1546.0 2968.7000000000003 50.0 Operational 0.0 0.0 0.0 0.0 0.0 0.0 0.0 0.0 0.0 0.0 0.0 0.0 0.0 0.0 0.0 0.0
09:50:15.800 0001 -0.3398757874965668 51.45873260498047 -5.258 13.0 325.2035827636719 0.0 0.0 0.0 0.0 0.0 0.0 0.0 0.0 0.0 0.0 0.0 0.0 0.0 0.0 1.0 0.0 0.0 1.0 0.0 1.0 0.0 7.0 899.0 0.0 2.15 1544.0 2968.7000000000003 50.0 Operational 0.0 0.0 0.0 0.0 0.0 0.0 0.0 0.0 0.0 0.0 0.0 0.0 0.0 0.0 0.0 0.0
09:50:15.900 0001 -0.3398788869380951 51.4587287902832 -5.532 14.0 325.2035827636719 0.0 0.0 0.0 0.0 0.0 0.0 0.0 0.0 0.0 0.0 0.0 0.0 0.0 0.0 1.0 0.0 0.0 1.0 0.0 1.0 0.0 7.0 899.0 0.0 2.15 1544.0 2968.7000000000003 50.0 Operational 0.0 0.0 0.0 0.0 0.0 0.0 0.0 0.0 0.0 0.0 0.0 0.0 0.0 0.0 0.0 0.0
09:50:16.000 0001 -0.3398788869380951 51.4587287902832 -5.532 14.0 325.2035827636719 0.0 0.0 0.0 0.0 0.0 0.0 0.0 0.0 0.0 0.0 0.0 0.0 0.0 0.0 1.0 0.0 0.0 1.0 0.0 1.0 0.0 7.0 899.0 0.0 2.15 1544.0 2968.7000000000003 50.0 Operational 0.0 0.0 0.0 0.0 0.0 0.0 0.0 0.0 0.0 0.0 0.0 0.0 0.0 0.0 0.0 0.0
09:50:16.100 0001 -0.3398788869380951 51.4587287902832 -5.532 14.0 325.2035827636719 0.0 0.0 0.0 0.0 0.0 0.0 0.0 0.0 0.0 0.0 0.0 0.0 0.0 0.0 1.0 0.0 0.0 1.0 0.0 1.0 0.0 7.0 899.0 0.0 2.15 1544.0 2968.7000000000003 50.0 Operational 0.0 0.0 0.0 0.0 0.0 0.0 0.0 0.0 0.0 0.0 0.0 0.0 0.0 0.0 0.0 0.0
09:50:16.200 0001 -0.3398788869380951 51.4587287902832 -5.532 14.0 325.2035827636719 0.0 0.0 0.0 0.0 0.0 0.0 0.0 0.0 0.0 0.0 0.0 0.0 0.0 0.0 1.0 0.0 0.0 1.0 0.0 1.0 0.0 7.0 899.0 0.0 2.15 1544.0 2968.7000000000003 50.0 Operational 0.0 0.0 0.0 0.0 0.0 0.0 0.0 0.0 0.0 0.0 0.0 0.0 0.0 0.0 0.0 0.0
09:50:16.300 0001 -0.3398788869380951 51.4587287902832 -5.532 14.0 325.2035827636719 0.0 0.0 0.0 0.0 0.0 0.0 0.0 0.0 0.0 0.0 0.0 0.0 0.0 0.0 1.0 0.0 0.0 1.0 0.0 1.0 0.0 7.0 899.0 0.0 2.15 1544.0 2968.7000000000003 50.0 Operational 0.0 0.0 0.0 0.0 0.0 0.0 0.0 0.0 0.0 0.0 0.0 0.0 0.0 0.0 0.0 0.0
09:50:16.400 0001 -0.3398788869380951 51.4587287902832 -5.532 14.0 325.2035827636719 0.0 0.0 0.0 0.0 0.0 0.0 0.0 0.0 0.0 0.0 0.0 0.0 0.0 0.0 1.0 0.0 0.0 1.0 0.0 1.0 0.0 7.0 900.0 0.0 2.15 1546.0 2968.7000000000003 50.0 Operational 0.0 0.0 0.0 0.0 0.0 0.0 0.0 0.0 0.0 0.0 0.0 0.0 0.0 0.0 0.0 0.0
09:50:16.500 0001 -0.3398788869380951 51.4587287902832 -5.532 14.0 325.2035827636719 0.0 0.0 0.0 0.0 0.0 0.0 0.0 0.0 0.0 0.0 0.0 0.0 0.0 0.0 1.0 0.0 0.0 1.0 0.0 1.0 0.0 7.0 899.0 0.0 2.15 1544.0 2968.7000000000003 50.0 Operational 0.0 0.0 0.0 0.0 0.0 0.0 0.0 0.0 0.0 0.0 0.0 0.0 0.0 0.0 0.0 0.0
09:50:16.600 0001 -0.3398788869380951 51.4587287902832 -5.532 14.0 325.2035827636719 0.0 0.0 0.0 0.0 0.0 0.0 0.0 0.0 0.0 0.0 0.0 0.0 0.0 0.0 1.0 0.0 0.0 1.0 0.0 1.0 0.0 7.0 899.0 0.0 2.15 1544.0 2968.7000000000003 50.0 Operational 0.0 0.0 0.0 0.0 0.0 0.0 0.0 0.0 0.0 0.0 0.0 0.0 0.0 0.0 0.0 0.0
09:50:16.700 0001 -0.3398788869380951 51.4587287902832 -5.532 14.0 325.2035827636719 0.0 0.0 0.0 0.0 0.0 0.0 0.0 0.0 0.0 0.0 0.0 0.0 0.0 0.0 1.0 0.0 0.0 1.0 0.0 1.0 0.0 7.0 899.0 0.0 2.15 1544.0 2968.7000000000003 50.0 Operational 0.0 0.0 0.0 0.0 0.0 0.0 0.0 0.0 0.0 0.0 0.0 0.0 0.0 0.0 0.0 0.0
09:50:16.800 0001 -0.3398788869380951 51.4587287902832 -5.532 14.0 325.2035827636719 0.0 0.0 0.0 0.0 0.0 0.0 0.0 0.0 0.0 0.0 0.0 0.0 0.0 0.0 1.0 0.0 0.0 1.0 0.0 1.0 0.0 7.0 899.0 0.0 2.15 1546.0 2968.7000000000003 50.0 Operational 0.0 0.0 0.0 0.0 0.0 0.0 0.0 0.0 0.0 0.0 0.0 0.0 0.0 0.0 0.0 0.0
09:50:16.900 0001 -0.3398871123790741 51.458736419677734 -4.942 13.0 325.2035827636719 0.0 0.0 0.0 0.0 0.0 0.0 0.0 0.0 0.0 0.0 0.0 0.0 0.0 0.0 1.0 0.0 0.0 1.0 0.0 1.0 0.0 7.0 900.0 0.0 2.15 1546.0 2968.7000000000003 50.0 Operational 0.0 0.0 0.0 0.0 0.0 0.0 0.0 0.0 0.0 0.0 0.0 0.0 0.0 0.0 0.0 0.0
09:50:17.000 0001 -0.3398871123790741 51.458736419677734 -4.942 13.0 325.2035827636719 0.0 0.0 0.0 0.0 0.0 0.0 0.0 0.0 0.0 0.0 0.0 0.0 0.0 0.0 1.0 0.0 0.0 1.0 0.0 1.0 0.0 7.0 900.0 0.0 2.15 1546.0 2968.7000000000003 50.0 Operational 0.0 0.0 0.0 0.0 0.0 0.0 0.0 0.0 0.0 0.0 0.0 0.0 0.0 0.0 0.0 0.0
09:50:17.100 0001 -0.3398871123790741 51.458736419677734 -4.942 13.0 325.2035827636719 0.0 0.0 0.0 0.0 0.0 0.0 0.0 0.0 0.0 0.0 0.0 0.0 0.0 0.0 1.0 0.0 0.0 1.0 0.0 1.0 0.0 7.0 900.0 0.0 2.15 1546.0 2968.7000000000003 50.0 Operational 0.0 0.0 0.0 0.0 0.0 0.0 0.0 0.0 0.0 0.0 0.0 0.0 0.0 0.0 0.0 0.0
09:50:17.200 0001 -0.3398871123790741 51.458736419677734 -4.942 13.0 325.2035827636719 0.0 0.0 0.0 0.0 0.0 0.0 0.0 0.0 0.0 0.0 0.0 0.0 0.0 0.0 1.0 0.0 0.0 1.0 0.0 1.0 0.0 7.0 899.0 0.0 2.15 1546.0 2968.7000000000003 50.0 Operational 0.0 0.0 0.0 0.0 0.0 0.0 0.0 0.0 0.0 0.0 0.0 0.0 0.0 0.0 0.0 0.0
09:50:17.300 0001 -0.3398871123790741 51.458736419677734 -4.942 13.0 325.2035827636719 0.0 0.0 0.0 0.0 0.0 0.0 0.0 0.0 0.0 0.0 0.0 0.0 0.0 0.0 1.0 0.0 0.0 1.0 0.0 1.0 0.0 7.0 900.0 0.0 2.15 1546.0 2968.7000000000003 50.0 Operational 0.0 0.0 0.0 0.0 0.0 0.0 0.0 0.0 0.0 0.0 0.0 0.0 0.0 0.0 0.0 0.0
09:50:17.400 0001 -0.3398871123790741 51.458736419677734 -4.942 13.0 325.2035827636719 0.0 0.0 0.0 0.0 0.0 0.0 0.0 0.0 0.0 0.0 0.0 0.0 0.0 0.0 1.0 0.0 0.0 1.0 0.0 1.0 0.0 7.0 900.0 0.0 2.15 1546.0 2968.7000000000003 50.0 Operational 0.0 0.0 0.0 0.0 0.0 0.0 0.0 0.0 0.0 0.0 0.0 0.0 0.0 0.0 0.0 0.0
09:50:17.500 0001 -0.3398871123790741 51.458736419677734 -4.942 13.0 325.2035827636719 0.0 0.0 0.0 0.0 0.0 0.0 0.0 0.0 0.0 0.0 0.0 0.0 0.0 0.0 1.0 0.0 0.0 1.0 0.0 1.0 0.0 7.0 900.0 0.0 2.15 1544.0 2968.7000000000003 50.0 Operational 0.0 0.0 0.0 0.0 0.0 0.0 0.0 0.0 0.0 0.0 0.0 0.0 0.0 0.0 0.0 0.0
09:50:17.600 0001 -0.3398871123790741 51.458736419677734 -4.942 13.0 325.2035827636719 0.0 0.0 0.0 0.0 0.0 0.0 0.0 0.0 0.0 0.0 0.0 0.0 0.0 0.0 1.0 0.0 0.0 1.0 0.0 1.0 0.0 7.0 899.0 0.0 2.15 1546.0 2968.7000000000003 50.0 Operational 0.0 0.0 0.0 0.0 0.0 0.0 0.0 0.0 0.0 0.0 0.0 0.0 0.0 0.0 0.0 0.0
09:50:17.700 0001 -0.3398871123790741 51.458736419677734 -4.942 13.0 325.2035827636719 0.0 0.0 0.0 0.0 0.0 0.0 0.0 0.0 0.0 0.0 0.0 0.0 0.0 0.0 1.0 0.0 0.0 1.0 0.0 1.0 0.0 7.0 900.0 0.0 2.15 1546.0 2968.7000000000003 50.0 Operational 0.0 0.0 0.0 0.0 0.0 0.0 0.0 0.0 0.0 0.0 0.0 0.0 0.0 0.0 0.0 0.0
09:50:17.800 0001 -0.3398871123790741 51.458736419677734 -4.942 13.0 325.2035827636719 0.0 0.0 0.0 0.0 0.0 0.0 0.0 0.0 0.0 0.0 0.0 0.0 0.0 0.0 1.0 0.0 0.0 1.0 0.0 1.0 0.0 7.0 900.0 0.0 2.15 1546.0 2968.7000000000003 50.0 Operational 0.0 0.0 0.0 0.0 0.0 0.0 0.0 0.0 0.0 0.0 0.0 0.0 0.0 0.0 0.0 0.0
09:50:17.900 0001 -0.3398875892162323 51.45873260498047 -4.274 13.0 325.2035827636719 0.0 0.0 0.0 0.0 0.0 0.0 0.0 0.0 0.0 0.0 0.0 0.0 0.0 0.0 1.0 0.0 0.0 1.0 0.0 1.0 0.0 7.0 900.0 0.0 2.15 1546.0 2968.7000000000003 50.0 Operational 0.0 0.0 0.0 0.0 0.0 0.0 0.0 0.0 0.0 0.0 0.0 0.0 0.0 0.0 0.0 0.0
09:50:18.000 0001 -0.3398875892162323 51.45873260498047 -4.274 13.0 325.2035827636719 0.0 0.0 0.0 0.0 0.0 0.0 0.0 0.0 0.0 0.0 0.0 0.0 0.0 0.0 1.0 0.0 0.0 1.0 0.0 1.0 0.0 7.0 900.0 0.0 2.15 1546.0 2968.7000000000003 50.0 Operational 0.0 0.0 0.0 0.0 0.0 0.0 0.0 0.0 0.0 0.0 0.0 0.0 0.0 0.0 0.0 0.0
09:50:18.100 0001 -0.3398875892162323 51.45873260498047 -4.274 13.0 325.2035827636719 0.0 0.0 0.0 0.0 0.0 0.0 0.0 0.0 0.0 0.0 0.0 0.0 0.0 0.0 1.0 0.0 0.0 1.0 0.0 1.0 0.0 7.0 899.0 0.0 2.15 1544.0 2968.7000000000003 50.0 Operational 0.0 0.0 0.0 0.0 0.0 0.0 0.0 0.0 0.0 0.0 0.0 0.0 0.0 0.0 0.0 0.0
09:50:18.200 0001 -0.3398875892162323 51.45873260498047 -4.274 13.0 325.2035827636719 0.0 0.0 0.0 0.0 0.0 0.0 0.0 0.0 0.0 0.0 0.0 0.0 0.0 0.0 1.0 0.0 0.0 1.0 0.0 1.0 0.0 7.0 899.0 0.0 2.15 1546.0 2968.7000000000003 50.0 Operational 0.0 0.0 0.0 0.0 0.0 0.0 0.0 0.0 0.0 0.0 0.0 0.0 0.0 0.0 0.0 0.0
09:50:18.300 0001 -0.3398875892162323 51.45873260498047 -4.274 13.0 325.2035827636719 0.0 0.0 0.0 0.0 0.0 0.0 0.0 0.0 0.0 0.0 0.0 0.0 0.0 0.0 1.0 0.0 0.0 1.0 0.0 1.0 0.0 7.0 900.0 0.0 2.15 1546.0 2968.7000000000003 50.0 Operational 0.0 0.0 0.0 0.0 0.0 0.0 0.0 0.0 0.0 0.0 0.0 0.0 0.0 0.0 0.0 0.0
09:50:18.400 0001 -0.3398875892162323 51.45873260498047 -4.274 13.0 325.2035827636719 0.0 0.0 0.0 0.0 0.0 0.0 0.0 0.0 0.0 0.0 0.0 0.0 0.0 0.0 1.0 0.0 0.0 1.0 0.0 1.0 0.0 7.0 900.0 0.0 2.15 1546.0 2968.7000000000003 50.0 Operational 0.0 0.0 0.0 0.0 0.0 0.0 0.0 0.0 0.0 0.0 0.0 0.0 0.0 0.0 0.0 0.0
09:50:18.500 0001 -0.3398875892162323 51.45873260498047 -4.274 13.0 325.2035827636719 0.0 0.0 0.0 0.0 0.0 0.0 0.0 0.0 0.0 0.0 0.0 0.0 0.0 0.0 1.0 0.0 0.0 1.0 0.0 1.0 0.0 7.0 900.0 0.0 2.15 1546.0 2968.7000000000003 50.0 Operational 0.0 0.0 0.0 0.0 0.0 0.0 0.0 0.0 0.0 0.0 0.0 0.0 0.0 0.0 0.0 0.0
09:50:18.600 0001 -0.3398875892162323 51.45873260498047 -4.274 13.0 325.2035827636719 0.0 0.0 0.0 0.0 0.0 0.0 0.0 0.0 0.0 0.0 0.0 0.0 0.0 0.0 1.0 0.0 0.0 1.0 0.0 1.0 0.0 7.0 900.0 0.0 2.15 1546.0 2968.7000000000003 50.0 Operational 0.0 0.0 0.0 0.0 0.0 0.0 0.0 0.0 0.0 0.0 0.0 0.0 0.0 0.0 0.0 0.0
09:50:18.700 0001 -0.3398875892162323 51.45873260498047 -4.274 13.0 325.2035827636719 0.0 0.0 0.0 0.0 0.0 0.0 0.0 0.0 0.0 0.0 0.0 0.0 0.0 0.0 1.0 0.0 0.0 1.0 0.0 1.0 0.0 7.0 900.0 0.0 2.15 1546.0 2968.7000000000003 50.0 Operational 0.0 0.0 0.0 0.0 0.0 0.0 0.0 0.0 0.0 0.0 0.0 0.0 0.0 0.0 0.0 0.0
09:50:18.800 0001 -0.3398875892162323 51.45873260498047 -4.274 13.0 325.2035827636719 0.0 0.0 0.0 0.0 0.0 0.0 0.0 0.0 0.0 0.0 0.0 0.0 0.0 0.0 1.0 0.0 0.0 1.0 0.0 1.0 0.0 7.0 900.0 0.0 2.15 1544.0 2968.7000000000003 50.0 Operational 0.0 0.0 0.0 0.0 0.0 0.0 0.0 0.0 0.0 0.0 0.0 0.0 0.0 0.0 0.0 0.0
09:50:18.900 0001 -0.3398942053318023 51.458744049072266 -3.493 13.0 325.2035827636719 0.0 0.0 0.0 0.0 0.0 0.0 0.0 0.0 0.0 0.0 0.0 0.0 0.0 0.0 1.0 0.0 0.0 1.0 0.0 1.0 0.0 7.0 900.0 0.0 2.15 1546.0 2968.7000000000003 50.0 Operational 0.0 0.0 0.0 0.0 0.0 0.0 0.0 0.0 0.0 0.0 0.0 0.0 0.0 0.0 0.0 0.0
09:50:19.000 0001 -0.3398942053318023 51.458744049072266 -3.493 13.0 325.2035827636719 0.0 0.0 0.0 0.0 0.0 0.0 0.0 0.0 0.0 0.0 0.0 0.0 0.0 0.0 1.0 0.0 0.0 1.0 0.0 1.0 0.0 7.0 900.0 0.0 2.15 1546.0 2968.7000000000003 50.0 Operational 0.0 0.0 0.0 0.0 0.0 0.0 0.0 0.0 0.0 0.0 0.0 0.0 0.0 0.0 0.0 0.0
09:50:19.100 0001 -0.3398942053318023 51.458744049072266 -3.493 13.0 325.2035827636719 0.0 0.0 0.0 0.0 0.0 0.0 0.0 0.0 0.0 0.0 0.0 0.0 0.0 0.0 1.0 0.0 0.0 1.0 0.0 1.0 0.0 7.0 899.0 0.0 2.15 1544.0 2968.7000000000003 50.0 Operational 0.0 0.0 0.0 0.0 0.0 0.0 0.0 0.0 0.0 0.0 0.0 0.0 0.0 0.0 0.0 0.0
09:50:19.200 0001 -0.3398942053318023 51.458744049072266 -3.493 13.0 325.2035827636719 0.0 0.0 0.0 0.0 0.0 0.0 0.0 0.0 0.0 0.0 0.0 0.0 0.0 0.0 1.0 0.0 0.0 1.0 0.0 1.0 0.0 7.0 899.0 0.0 2.15 1544.0 2968.7000000000003 50.0 Operational 0.0 0.0 0.0 0.0 0.0 0.0 0.0 0.0 0.0 0.0 0.0 0.0 0.0 0.0 0.0 0.0
09:50:19.300 0001 -0.3398942053318023 51.458744049072266 -3.493 13.0 325.2035827636719 0.0 0.0 0.0 0.0 0.0 0.0 0.0 0.0 0.0 0.0 0.0 0.0 0.0 0.0 1.0 0.0 0.0 1.0 0.0 1.0 0.0 7.0 900.0 0.0 2.15 1546.0 2968.7000000000003 50.0 Operational 0.0 0.0 0.0 0.0 0.0 0.0 0.0 0.0 0.0 0.0 0.0 0.0 0.0 0.0 0.0 0.0
09:50:19.400 0001 -0.3398942053318023 51.458744049072266 -3.493 13.0 325.2035827636719 0.0 0.0 0.0 0.0 0.0 0.0 0.0 0.0 0.0 0.0 0.0 0.0 0.0 0.0 1.0 0.0 0.0 1.0 0.0 1.0 0.0 7.0 900.0 0.0 2.15 1546.0 2968.7000000000003 50.0 Operational 0.0 0.0 0.0 0.0 0.0 0.0 0.0 0.0 0.0 0.0 0.0 0.0 0.0 0.0 0.0 0.0
09:50:19.500 0001 -0.3398942053318023 51.458744049072266 -3.493 13.0 325.2035827636719 0.0 0.0 0.0 0.0 0.0 0.0 0.0 0.0 0.0 0.0 0.0 0.0 0.0 0.0 1.0 0.0 0.0 1.0 0.0 1.0 0.0 7.0 900.0 0.0 2.15 1546.0 2968.7000000000003 50.0 Operational 0.0 0.0 0.0 0.0 0.0 0.0 0.0 0.0 0.0 0.0 0.0 0.0 0.0 0.0 0.0 0.0
09:50:19.600 0001 -0.3398942053318023 51.458744049072266 -3.493 13.0 325.2035827636719 0.0 0.0 0.0 0.0 0.0 0.0 0.0 0.0 0.0 0.0 0.0 0.0 0.0 0.0 1.0 0.0 0.0 1.0 0.0 1.0 0.0 7.0 900.0 0.0 2.15 1544.0 2968.7000000000003 50.0 Operational 0.0 0.0 0.0 0.0 0.0 0.0 0.0 0.0 0.0 0.0 0.0 0.0 0.0 0.0 0.0 0.0
09:50:19.700 0001 -0.3398942053318023 51.458744049072266 -3.493 13.0 325.2035827636719 0.0 0.0 0.0 0.0 0.0 0.0 0.0 0.0 0.0 0.0 0.0 0.0 0.0 0.0 1.0 0.0 0.0 1.0 0.0 1.0 0.0 7.0 899.0 0.0 2.15 1544.0 2968.7000000000003 50.0 Operational 0.0 0.0 0.0 0.0 0.0 0.0 0.0 0.0 0.0 0.0 0.0 0.0 0.0 0.0 0.0 0.0
09:50:19.800 0001 -0.3398942053318023 51.458744049072266 -3.493 13.0 325.2035827636719 0.0 0.0 0.0 0.0 0.0 0.0 0.0 0.0 0.0 0.0 0.0 0.0 0.0 0.0 1.0 0.0 0.0 1.0 0.0 1.0 0.0 7.0 899.0 0.0 2.15 1544.0 2968.7000000000003 50.0 Operational 0.0 0.0 0.0 0.0 0.0 0.0 0.0 0.0 0.0 0.0 0.0 0.0 0.0 0.0 0.0 0.0
09:50:19.900 0001 -0.3399052917957306 51.458740234375 -3.701 13.0 325.2035827636719 0.0 0.0 0.0 0.0 0.0 0.0 0.0 0.0 0.0 0.0 0.0 0.0 0.0 0.0 1.0 0.0 0.0 1.0 0.0 1.0 0.0 7.0 899.0 0.0 2.15 1544.0 2968.7000000000003 50.0 Operational 0.0 0.0 0.0 0.0 0.0 0.0 0.0 0.0 0.0 0.0 0.0 0.0 0.0 0.0 0.0 0.0
09:50:20.000 0001 -0.3399052917957306 51.458740234375 -3.701 13.0 325.2035827636719 0.0 0.0 0.0 0.0 0.0 0.0 0.0 0.0 0.0 0.0 0.0 0.0 0.0 0.0 1.0 0.0 0.0 1.0 0.0 1.0 0.0 7.0 899.0 0.0 2.15 1544.0 2968.7000000000003 50.0 Operational 0.0 0.0 0.0 0.0 0.0 0.0 0.0 0.0 0.0 0.0 0.0 0.0 0.0 0.0 0.0 0.0
09:50:20.100 0001 -0.3399052917957306 51.458740234375 -3.701 13.0 325.2035827636719 0.0 0.0 0.0 0.0 0.0 0.0 0.0 0.0 0.0 0.0 0.0 0.0 0.0 0.0 1.0 0.0 0.0 1.0 0.0 1.0 0.0 7.0 899.0 0.0 2.15 1544.0 2968.7000000000003 50.0 Operational 0.0 0.0 0.0 0.0 0.0 0.0 0.0 0.0 0.0 0.0 0.0 0.0 0.0 0.0 0.0 0.0
09:50:20.200 0001 -0.3399052917957306 51.458740234375 -3.701 13.0 325.2035827636719 0.0 0.0 0.0 0.0 0.0 0.0 0.0 0.0 0.0 0.0 0.0 0.0 0.0 0.0 1.0 0.0 0.0 1.0 0.0 1.0 0.0 7.0 899.0 0.0 2.15 1544.0 2968.7000000000003 50.0 Operational 0.0 0.0 0.0 0.0 0.0 0.0 0.0 0.0 0.0 0.0 0.0 0.0 0.0 0.0 0.0 0.0
09:50:20.300 0001 -0.3399052917957306 51.458740234375 -3.701 13.0 325.2035827636719 0.0 0.0 0.0 0.0 0.0 0.0 0.0 0.0 0.0 0.0 0.0 0.0 0.0 0.0 1.0 0.0 0.0 1.0 0.0 1.0 0.0 7.0 899.0 0.0 2.15 1544.0 2968.7000000000003 50.0 Operational 0.0 0.0 0.0 0.0 0.0 0.0 0.0 0.0 0.0 0.0 0.0 0.0 0.0 0.0 0.0 0.0
09:50:20.400 0001 -0.3399052917957306 51.458740234375 -3.701 13.0 325.2035827636719 0.0 0.0 0.0 0.0 0.0 0.0 0.0 0.0 0.0 0.0 0.0 0.0 0.0 0.0 1.0 0.0 0.0 1.0 0.0 1.0 0.0 7.0 900.0 0.0 2.15 1546.0 2968.7000000000003 50.0 Operational 0.0 0.0 0.0 0.0 0.0 0.0 0.0 0.0 0.0 0.0 0.0 0.0 0.0 0.0 0.0 0.0
09:50:20.500 0001 -0.3399052917957306 51.458740234375 -3.701 13.0 325.2035827636719 0.0 0.0 0.0 0.0 0.0 0.0 0.0 0.0 0.0 0.0 0.0 0.0 0.0 0.0 1.0 0.0 0.0 1.0 0.0 1.0 0.0 7.0 900.0 0.0 2.15 1544.0 2968.7000000000003 50.0 Operational 0.0 0.0 0.0 0.0 0.0 0.0 0.0 0.0 0.0 0.0 0.0 0.0 0.0 0.0 0.0 0.0
09:50:20.600 0001 -0.3399052917957306 51.458740234375 -3.701 13.0 325.2035827636719 0.0 0.0 0.0 0.0 0.0 0.0 0.0 0.0 0.0 0.0 0.0 0.0 0.0 0.0 1.0 0.0 0.0 1.0 0.0 1.0 0.0 7.0 899.0 0.0 2.15 1544.0 2968.7000000000003 50.0 Operational 0.0 0.0 0.0 0.0 0.0 0.0 0.0 0.0 0.0 0.0 0.0 0.0 0.0 0.0 0.0 0.0
09:50:20.700 0001 -0.3399052917957306 51.458740234375 -3.701 13.0 325.2035827636719 0.0 0.0 0.0 0.0 0.0 0.0 0.0 0.0 0.0 0.0 0.0 0.0 0.0 0.0 1.0 0.0 0.0 1.0 0.0 1.0 0.0 7.0 899.0 0.0 2.15 1544.0 2968.7000000000003 50.0 Operational 0.0 0.0 0.0 0.0 0.0 0.0 0.0 0.0 0.0 0.0 0.0 0.0 0.0 0.0 0.0 0.0
09:50:20.800 0001 -0.3399052917957306 51.458740234375 -3.701 13.0 325.2035827636719 0.0 0.0 0.0 0.0 0.0 0.0 0.0 0.0 0.0 0.0 0.0 0.0 0.0 0.0 1.0 0.0 0.0 1.0 0.0 1.0 0.0 7.0 899.0 0.0 2.15 1544.0 2968.7000000000003 50.0 Operational 0.0 0.0 0.0 0.0 0.0 0.0 0.0 0.0 0.0 0.0 0.0 0.0 0.0 0.0 0.0 0.0
09:50:20.900 0001 -0.33991339802742 51.458736419677734 -3.178 12.0 325.2035827636719 0.0 0.0 0.0 0.0 0.0 0.0 0.0 0.0 0.0 0.0 0.0 0.0 0.0 0.0 1.0 0.0 0.0 1.0 0.0 1.0 0.0 7.0 899.0 0.0 2.15 1546.0 2968.7000000000003 50.0 Operational 0.0 0.0 0.0 0.0 0.0 0.0 0.0 0.0 0.0 0.0 0.0 0.0 0.0 0.0 0.0 0.0
09:50:21.000 0001 -0.33991339802742 51.458736419677734 -3.178 12.0 325.2035827636719 0.0 0.0 0.0 0.0 0.0 0.0 0.0 0.0 0.0 0.0 0.0 0.0 0.0 0.0 1.0 0.0 0.0 1.0 0.0 1.0 0.0 7.0 899.0 0.0 2.15 1544.0 2968.7000000000003 50.0 Operational 0.0 0.0 0.0 0.0 0.0 0.0 0.0 0.0 0.0 0.0 0.0 0.0 0.0 0.0 0.0 0.0
09:50:21.100 0001 -0.33991339802742 51.458736419677734 -3.178 12.0 325.2035827636719 0.0 0.0 0.0 0.0 0.0 0.0 0.0 0.0 0.0 0.0 0.0 0.0 0.0 0.0 1.0 0.0 0.0 1.0 0.0 1.0 0.0 7.0 899.0 0.0 2.15 1544.0 2968.7000000000003 50.0 Operational 0.0 0.0 0.0 0.0 0.0 0.0 0.0 0.0 0.0 0.0 0.0 0.0 0.0 0.0 0.0 0.0
09:50:21.200 0001 -0.33991339802742 51.458736419677734 -3.178 12.0 325.2035827636719 0.0 0.0 0.0 0.0 0.0 0.0 0.0 0.0 0.0 0.0 0.0 0.0 0.0 0.0 1.0 0.0 0.0 1.0 0.0 1.0 0.0 7.0 899.0 0.0 2.15 1544.0 2968.7000000000003 50.0 Operational 0.0 0.0 0.0 0.0 0.0 0.0 0.0 0.0 0.0 0.0 0.0 0.0 0.0 0.0 0.0 0.0
09:50:21.300 0001 -0.33991339802742 51.458736419677734 -3.178 12.0 325.2035827636719 0.0 0.0 0.0 0.0 0.0 0.0 0.0 0.0 0.0 0.0 0.0 0.0 0.0 0.0 1.0 0.0 0.0 1.0 0.0 1.0 0.0 7.0 899.0 0.0 2.15 1544.0 2968.7000000000003 50.0 Operational 0.0 0.0 0.0 0.0 0.0 0.0 0.0 0.0 0.0 0.0 0.0 0.0 0.0 0.0 0.0 0.0
09:50:21.400 0001 -0.33991339802742 51.458736419677734 -3.178 12.0 325.2035827636719 0.0 0.0 0.0 0.0 0.0 0.0 0.0 0.0 0.0 0.0 0.0 0.0 0.0 0.0 1.0 0.0 0.0 1.0 0.0 1.0 0.0 7.0 900.0 0.0 2.15 1544.0 2968.7000000000003 50.0 Operational 0.0 0.0 0.0 0.0 0.0 0.0 0.0 0.0 0.0 0.0 0.0 0.0 0.0 0.0 0.0 0.0
09:50:21.500 0001 -0.33991339802742 51.458736419677734 -3.178 12.0 325.2035827636719 0.0 0.0 0.0 0.0 0.0 0.0 0.0 0.0 0.0 0.0 0.0 0.0 0.0 0.0 1.0 0.0 0.0 1.0 0.0 1.0 0.0 7.0 899.0 0.0 2.15 1544.0 2968.7000000000003 50.0 Operational 0.0 0.0 0.0 0.0 0.0 0.0 0.0 0.0 0.0 0.0 0.0 0.0 0.0 0.0 0.0 0.0
09:50:21.600 0001 -0.33991339802742 51.458736419677734 -3.178 12.0 325.2035827636719 0.0 0.0 0.0 0.0 0.0 0.0 0.0 0.0 0.0 0.0 0.0 0.0 0.0 0.0 1.0 0.0 0.0 1.0 0.0 1.0 0.0 7.0 899.0 0.0 2.15 1544.0 2968.7000000000003 50.0 Operational 0.0 0.0 0.0 0.0 0.0 0.0 0.0 0.0 0.0 0.0 0.0 0.0 0.0 0.0 0.0 0.0
09:50:21.700 0001 -0.33991339802742 51.458736419677734 -3.178 12.0 325.2035827636719 0.0 0.0 0.0 0.0 0.0 0.0 0.0 0.0 0.0 0.0 0.0 0.0 0.0 0.0 1.0 0.0 0.0 1.0 0.0 1.0 0.0 7.0 899.0 0.0 2.15 1546.0 2968.7000000000003 50.0 Operational 0.0 0.0 0.0 0.0 0.0 0.0 0.0 0.0 0.0 0.0 0.0 0.0 0.0 0.0 0.0 0.0
09:50:21.800 0001 -0.33991339802742 51.458736419677734 -3.178 12.0 325.2035827636719 0.0 0.0 0.0 0.0 0.0 0.0 0.0 0.0 0.0 0.0 0.0 0.0 0.0 0.0 1.0 0.0 0.0 1.0 0.0 1.0 0.0 7.0 900.0 0.0 2.15 1546.0 2968.7000000000003 50.0 Operational 0.0 0.0 0.0 0.0 0.0 0.0 0.0 0.0 0.0 0.0 0.0 0.0 0.0 0.0 0.0 0.0
09:50:21.900 0001 -0.3399158120155334 51.458740234375 -2.674 14.0 325.2035827636719 0.0 0.0 0.0 0.0 0.0 0.0 0.0 0.0 0.0 0.0 0.0 0.0 0.0 0.0 1.0 0.0 0.0 1.0 0.0 1.0 0.0 7.0 900.0 0.0 2.15 1546.0 2968.7000000000003 50.0 Operational 0.0 0.0 0.0 0.0 0.0 0.0 0.0 0.0 0.0 0.0 0.0 0.0 0.0 0.0 0.0 0.0
09:50:22.000 0001 -0.3399158120155334 51.458740234375 -2.674 14.0 325.2035827636719 0.0 0.0 0.0 0.0 0.0 0.0 0.0 0.0 0.0 0.0 0.0 0.0 0.0 0.0 1.0 0.0 0.0 1.0 0.0 1.0 0.0 7.0 899.0 0.0 2.15 1544.0 2968.7000000000003 50.0 Operational 0.0 0.0 0.0 0.0 0.0 0.0 0.0 0.0 0.0 0.0 0.0 0.0 0.0 0.0 0.0 0.0
09:50:22.100 0001 -0.3399158120155334 51.458740234375 -2.674 14.0 325.2035827636719 0.0 0.0 0.0 0.0 0.0 0.0 0.0 0.0 0.0 0.0 0.0 0.0 0.0 0.0 1.0 0.0 0.0 1.0 0.0 1.0 0.0 7.0 899.0 0.0 2.15 1544.0 2968.7000000000003 50.0 Operational 0.0 0.0 0.0 0.0 0.0 0.0 0.0 0.0 0.0 0.0 0.0 0.0 0.0 0.0 0.0 0.0
09:50:22.200 0001 -0.3399158120155334 51.458740234375 -2.674 14.0 325.2035827636719 0.0 0.0 0.0 0.0 0.0 0.0 0.0 0.0 0.0 0.0 0.0 0.0 0.0 0.0 1.0 0.0 0.0 1.0 0.0 1.0 0.0 7.0 899.0 0.0 2.15 1544.0 2968.7000000000003 50.0 Operational 0.0 0.0 0.0 0.0 0.0 0.0 0.0 0.0 0.0 0.0 0.0 0.0 0.0 0.0 0.0 0.0
09:50:22.300 0001 -0.3399158120155334 51.458740234375 -2.674 14.0 325.2035827636719 0.0 0.0 0.0 0.0 0.0 0.0 0.0 0.0 0.0 0.0 0.0 0.0 0.0 0.0 1.0 0.0 0.0 1.0 0.0 1.0 0.0 7.0 899.0 0.0 2.15 1544.0 2968.7000000000003 50.0 Operational 0.0 0.0 0.0 0.0 0.0 0.0 0.0 0.0 0.0 0.0 0.0 0.0 0.0 0.0 0.0 0.0
09:50:22.400 0001 -0.3399158120155334 51.458740234375 -2.674 14.0 325.2035827636719 0.0 0.0 0.0 0.0 0.0 0.0 0.0 0.0 0.0 0.0 0.0 0.0 0.0 0.0 1.0 0.0 0.0 1.0 0.0 1.0 0.0 7.0 900.0 0.0 2.15 1546.0 2968.7000000000003 50.0 Operational 0.0 0.0 0.0 0.0 0.0 0.0 0.0 0.0 0.0 0.0 0.0 0.0 0.0 0.0 0.0 0.0
09:50:22.500 0001 -0.3399158120155334 51.458740234375 -2.674 14.0 325.2035827636719 0.0 0.0 0.0 0.0 0.0 0.0 0.0 0.0 0.0 0.0 0.0 0.0 0.0 0.0 1.0 0.0 0.0 1.0 0.0 1.0 0.0 7.0 900.0 0.0 2.15 1546.0 2968.7000000000003 50.0 Operational 0.0 0.0 0.0 0.0 0.0 0.0 0.0 0.0 0.0 0.0 0.0 0.0 0.0 0.0 0.0 0.0
09:50:22.600 0001 -0.3399158120155334 51.458740234375 -2.674 14.0 325.2035827636719 0.0 0.0 0.0 0.0 0.0 0.0 0.0 0.0 0.0 0.0 0.0 0.0 0.0 0.0 1.0 0.0 0.0 1.0 0.0 1.0 0.0 7.0 899.0 0.0 2.15 1546.0 2968.7000000000003 50.0 Operational 0.0 0.0 0.0 0.0 0.0 0.0 0.0 0.0 0.0 0.0 0.0 0.0 0.0 0.0 0.0 0.0
09:50:22.700 0001 -0.3399158120155334 51.458740234375 -2.674 14.0 325.2035827636719 0.0 0.0 0.0 0.0 0.0 0.0 0.0 0.0 0.0 0.0 0.0 0.0 0.0 0.0 1.0 0.0 0.0 1.0 0.0 1.0 0.0 7.0 900.0 0.0 2.15 1544.0 2968.7000000000003 50.0 Operational 0.0 0.0 0.0 0.0 0.0 0.0 0.0 0.0 0.0 0.0 0.0 0.0 0.0 0.0 0.0 0.0
09:50:22.800 0001 -0.3399158120155334 51.458740234375 -2.674 14.0 325.2035827636719 0.0 0.0 0.0 0.0 0.0 0.0 0.0 0.0 0.0 0.0 0.0 0.0 0.0 0.0 1.0 0.0 0.0 1.0 0.0 1.0 0.0 7.0 899.0 0.0 2.15 1544.0 2968.7000000000003 50.0 Operational 0.0 0.0 0.0 0.0 0.0 0.0 0.0 0.0 0.0 0.0 0.0 0.0 0.0 0.0 0.0 0.0
09:50:22.900 0001 -0.3399181067943573 51.458744049072266 -2.803 12.0 325.2035827636719 0.0 0.0 0.0 0.0 0.0 0.0 0.0 0.0 0.0 0.0 0.0 0.0 0.0 0.0 1.0 0.0 0.0 1.0 0.0 1.0 0.0 7.0 900.0 0.0 2.15 1544.0 2968.7000000000003 50.0 Operational 0.0 0.0 0.0 0.0 0.0 0.0 0.0 0.0 0.0 0.0 0.0 0.0 0.0 0.0 0.0 0.0
09:50:23.000 0001 -0.3399181067943573 51.458744049072266 -2.803 12.0 325.2035827636719 0.0 0.0 0.0 0.0 0.0 0.0 0.0 0.0 0.0 0.0 0.0 0.0 0.0 0.0 1.0 0.0 0.0 1.0 0.0 1.0 0.0 7.0 900.0 0.0 2.15 1546.0 2968.7000000000003 50.0 Operational 0.0 0.0 0.0 0.0 0.0 0.0 0.0 0.0 0.0 0.0 0.0 0.0 0.0 0.0 0.0 0.0
09:50:23.100 0001 -0.3399181067943573 51.458744049072266 -2.803 12.0 325.2035827636719 0.0 0.0 0.0 0.0 0.0 0.0 0.0 0.0 0.0 0.0 0.0 0.0 0.0 0.0 1.0 0.0 0.0 1.0 0.0 1.0 0.0 7.0 899.0 0.0 2.15 1544.0 2968.7000000000003 50.0 Operational 0.0 0.0 0.0 0.0 0.0 0.0 0.0 0.0 0.0 0.0 0.0 0.0 0.0 0.0 0.0 0.0
09:50:23.200 0001 -0.3399181067943573 51.458744049072266 -2.803 12.0 325.2035827636719 0.0 0.0 0.0 0.0 0.0 0.0 0.0 0.0 0.0 0.0 0.0 0.0 0.0 0.0 1.0 0.0 0.0 1.0 0.0 1.0 0.0 7.0 899.0 0.0 2.15 1544.0 2968.7000000000003 50.0 Operational 0.0 0.0 0.0 0.0 0.0 0.0 0.0 0.0 0.0 0.0 0.0 0.0 0.0 0.0 0.0 0.0
09:50:23.300 0001 -0.3399181067943573 51.458744049072266 -2.803 12.0 325.2035827636719 0.0 0.0 0.0 0.0 0.0 0.0 0.0 0.0 0.0 0.0 0.0 0.0 0.0 0.0 1.0 0.0 0.0 1.0 0.0 1.0 0.0 7.0 899.0 0.0 2.15 1546.0 2968.7000000000003 50.0 Operational 0.0 0.0 0.0 0.0 0.0 0.0 0.0 0.0 0.0 0.0 0.0 0.0 0.0 0.0 0.0 0.0
09:50:23.400 0001 -0.3399181067943573 51.458744049072266 -2.803 12.0 325.2035827636719 0.0 0.0 0.0 0.0 0.0 0.0 0.0 0.0 0.0 0.0 0.0 0.0 0.0 0.0 1.0 0.0 0.0 1.0 0.0 1.0 0.0 7.0 900.0 0.0 2.15 1546.0 2968.7000000000003 50.0 Operational 0.0 0.0 0.0 0.0 0.0 0.0 0.0 0.0 0.0 0.0 0.0 0.0 0.0 0.0 0.0 0.0
09:50:23.500 0001 -0.3399181067943573 51.458744049072266 -2.803 12.0 325.2035827636719 0.0 0.0 0.0 0.0 0.0 0.0 0.0 0.0 0.0 0.0 0.0 0.0 0.0 0.0 1.0 0.0 0.0 1.0 0.0 1.0 0.0 7.0 900.0 0.0 2.15 1544.0 2968.7000000000003 50.0 Operational 0.0 0.0 0.0 0.0 0.0 0.0 0.0 0.0 0.0 0.0 0.0 0.0 0.0 0.0 0.0 0.0
09:50:23.600 0001 -0.3399181067943573 51.458744049072266 -2.803 12.0 325.2035827636719 0.0 0.0 0.0 0.0 0.0 0.0 0.0 0.0 0.0 0.0 0.0 0.0 0.0 0.0 1.0 0.0 0.0 1.0 0.0 1.0 0.0 7.0 899.0 0.0 2.15 1544.0 2968.7000000000003 50.0 Operational 0.0 0.0 0.0 0.0 0.0 0.0 0.0 0.0 0.0 0.0 0.0 0.0 0.0 0.0 0.0 0.0
09:50:23.700 0001 -0.3399181067943573 51.458744049072266 -2.803 12.0 325.2035827636719 0.0 0.0 0.0 0.0 0.0 0.0 0.0 0.0 0.0 0.0 0.0 0.0 0.0 0.0 1.0 0.0 0.0 1.0 0.0 1.0 0.0 7.0 899.0 0.0 2.15 1544.0 2968.7000000000003 50.0 Operational 0.0 0.0 0.0 0.0 0.0 0.0 0.0 0.0 0.0 0.0 0.0 0.0 0.0 0.0 0.0 0.0
09:50:23.800 0001 -0.3399181067943573 51.458744049072266 -2.803 12.0 325.2035827636719 0.0 0.0 0.0 0.0 0.0 0.0 0.0 0.0 0.0 0.0 0.0 0.0 0.0 0.0 1.0 0.0 0.0 1.0 0.0 1.0 0.0 7.0 900.0 0.0 2.15 1546.0 2968.7000000000003 50.0 Operational 0.0 0.0 0.0 0.0 0.0 0.0 0.0 0.0 0.0 0.0 0.0 0.0 0.0 0.0 0.0 0.0
09:50:23.900 0001 -0.3399260938167572 51.458744049072266 -3.256 10.0 325.2035827636719 0.0 0.0 0.0 0.0 0.0 0.0 0.0 0.0 0.0 0.0 0.0 0.0 0.0 0.0 1.0 0.0 0.0 1.0 0.0 1.0 0.0 7.0 900.0 0.0 2.15 1546.0 2968.7000000000003 50.0 Operational 0.0 0.0 0.0 0.0 0.0 0.0 0.0 0.0 0.0 0.0 0.0 0.0 0.0 0.0 0.0 0.0
09:50:24.000 0001 -0.3399260938167572 51.458744049072266 -3.256 10.0 325.2035827636719 0.0 0.0 0.0 0.0 0.0 0.0 0.0 0.0 0.0 0.0 0.0 0.0 0.0 0.0 1.0 0.0 0.0 1.0 0.0 1.0 0.0 7.0 900.0 0.0 2.15 1546.0 2968.7000000000003 50.0 Operational 0.0 0.0 0.0 0.0 0.0 0.0 0.0 0.0 0.0 0.0 0.0 0.0 0.0 0.0 0.0 0.0
09:50:24.100 0001 -0.3399260938167572 51.458744049072266 -3.256 10.0 325.2035827636719 0.0 0.0 0.0 0.0 0.0 0.0 0.0 0.0 0.0 0.0 0.0 0.0 0.0 0.0 1.0 0.0 0.0 1.0 0.0 1.0 0.0 7.0 900.0 0.0 2.15 1544.0 2968.7000000000003 50.0 Operational 0.0 0.0 0.0 0.0 0.0 0.0 0.0 0.0 0.0 0.0 0.0 0.0 0.0 0.0 0.0 0.0
09:50:24.200 0001 -0.3399260938167572 51.458744049072266 -3.256 10.0 325.2035827636719 0.0 0.0 0.0 0.0 0.0 0.0 0.0 0.0 0.0 0.0 0.0 0.0 0.0 0.0 1.0 0.0 0.0 1.0 0.0 1.0 0.0 7.0 899.0 0.0 2.15 1546.0 2968.7000000000003 50.0 Operational 0.0 0.0 0.0 0.0 0.0 0.0 0.0 0.0 0.0 0.0 0.0 0.0 0.0 0.0 0.0 0.0
09:50:24.300 0001 -0.3399260938167572 51.458744049072266 -3.256 10.0 325.2035827636719 0.0 0.0 0.0 0.0 0.0 0.0 0.0 0.0 0.0 0.0 0.0 0.0 0.0 0.0 1.0 0.0 0.0 1.0 0.0 1.0 0.0 7.0 899.0 0.0 2.15 1544.0 2968.7000000000003 50.0 Operational 0.0 0.0 0.0 0.0 0.0 0.0 0.0 0.0 0.0 0.0 0.0 0.0 0.0 0.0 0.0 0.0
09:50:24.400 0001 -0.3399260938167572 51.458744049072266 -3.256 10.0 325.2035827636719 0.0 0.0 0.0 0.0 0.0 0.0 0.0 0.0 0.0 0.0 0.0 0.0 0.0 0.0 1.0 0.0 0.0 1.0 0.0 1.0 0.0 7.0 899.0 0.0 2.15 1544.0 2968.7000000000003 50.0 Operational 0.0 0.0 0.0 0.0 0.0 0.0 0.0 0.0 0.0 0.0 0.0 0.0 0.0 0.0 0.0 0.0
09:50:24.500 0001 -0.3399260938167572 51.458744049072266 -3.256 10.0 325.2035827636719 0.0 0.0 0.0 0.0 0.0 0.0 0.0 0.0 0.0 0.0 0.0 0.0 0.0 0.0 1.0 0.0 0.0 1.0 0.0 1.0 0.0 7.0 900.0 0.0 2.15 1546.0 2968.7000000000003 50.0 Operational 0.0 0.0 0.0 0.0 0.0 0.0 0.0 0.0 0.0 0.0 0.0 0.0 0.0 0.0 0.0 0.0
09:50:24.600 0001 -0.3399260938167572 51.458744049072266 -3.256 10.0 325.2035827636719 0.0 0.0 0.0 0.0 0.0 0.0 0.0 0.0 0.0 0.0 0.0 0.0 0.0 0.0 1.0 0.0 0.0 1.0 0.0 1.0 0.0 7.0 900.0 0.0 2.15 1546.0 2968.7000000000003 50.0 Operational 0.0 0.0 0.0 0.0 0.0 0.0 0.0 0.0 0.0 0.0 0.0 0.0 0.0 0.0 0.0 0.0
09:50:24.700 0001 -0.3399260938167572 51.458744049072266 -3.256 10.0 325.2035827636719 0.0 0.0 0.0 0.0 0.0 0.0 0.0 0.0 0.0 0.0 0.0 0.0 0.0 0.0 1.0 0.0 0.0 1.0 0.0 1.0 0.0 7.0 900.0 0.0 2.15 1546.0 2968.7000000000003 50.0 Operational 0.0 0.0 0.0 0.0 0.0 0.0 0.0 0.0 0.0 0.0 0.0 0.0 0.0 0.0 0.0 0.0
09:50:24.800 0001 -0.3399260938167572 51.458744049072266 -3.256 10.0 325.2035827636719 0.0 0.0 0.0 0.0 0.0 0.0 0.0 0.0 0.0 0.0 0.0 0.0 0.0 0.0 1.0 0.0 0.0 1.0 0.0 1.0 0.0 7.0 900.0 0.0 2.15 1546.0 2968.7000000000003 50.0 Operational 0.0 0.0 0.0 0.0 0.0 0.0 0.0 0.0 0.0 0.0 0.0 0.0 0.0 0.0 0.0 0.0
09:50:24.900 0001 -0.3399290144443512 51.458744049072266 -2.983 10.0 325.2035827636719 0.0 0.0 0.0 0.0 0.0 0.0 0.0 0.0 0.0 0.0 0.0 0.0 0.0 0.0 1.0 0.0 0.0 1.0 0.0 1.0 0.0 7.0 900.0 0.0 2.15 1546.0 2968.7000000000003 50.0 Operational 0.0 0.0 0.0 0.0 0.0 0.0 0.0 0.0 0.0 0.0 0.0 0.0 0.0 0.0 0.0 0.0
09:50:25.000 0001 -0.3399290144443512 51.458744049072266 -2.983 10.0 325.2035827636719 0.0 0.0 0.0 0.0 0.0 0.0 0.0 0.0 0.0 0.0 0.0 0.0 0.0 0.0 1.0 0.0 0.0 1.0 0.0 1.0 0.0 7.0 899.0 0.0 2.15 1546.0 2968.7000000000003 50.0 Operational 0.0 0.0 0.0 0.0 0.0 0.0 0.0 0.0 0.0 0.0 0.0 0.0 0.0 0.0 0.0 0.0
09:50:25.100 0001 -0.3399290144443512 51.458744049072266 -2.983 10.0 325.2035827636719 0.0 0.0 0.0 0.0 0.0 0.0 0.0 0.0 0.0 0.0 0.0 0.0 0.0 0.0 1.0 0.0 0.0 1.0 0.0 1.0 0.0 7.0 900.0 0.0 2.15 1546.0 2968.7000000000003 50.0 Operational 0.0 0.0 0.0 0.0 0.0 0.0 0.0 0.0 0.0 0.0 0.0 0.0 0.0 0.0 0.0 0.0
09:50:25.200 0001 -0.3399290144443512 51.458744049072266 -2.983 10.0 325.2035827636719 0.0 0.0 0.0 0.0 0.0 0.0 0.0 0.0 0.0 0.0 0.0 0.0 0.0 0.0 1.0 0.0 0.0 1.0 0.0 1.0 0.0 7.0 900.0 0.0 2.15 1544.0 2968.7000000000003 50.0 Operational 0.0 0.0 0.0 0.0 0.0 0.0 0.0 0.0 0.0 0.0 0.0 0.0 0.0 0.0 0.0 0.0
09:50:25.300 0001 -0.3399290144443512 51.458744049072266 -2.983 10.0 325.2035827636719 0.0 0.0 0.0 0.0 0.0 0.0 0.0 0.0 0.0 0.0 0.0 0.0 0.0 0.0 1.0 0.0 0.0 1.0 0.0 1.0 0.0 7.0 900.0 0.0 2.15 1544.0 2968.7000000000003 50.0 Operational 0.0 0.0 0.0 0.0 0.0 0.0 0.0 0.0 0.0 0.0 0.0 0.0 0.0 0.0 0.0 0.0
09:50:25.400 0001 -0.3399290144443512 51.458744049072266 -2.983 10.0 325.2035827636719 0.0 0.0 0.0 0.0 0.0 0.0 0.0 0.0 0.0 0.0 0.0 0.0 0.0 0.0 1.0 0.0 0.0 1.0 0.0 1.0 0.0 7.0 899.0 0.0 2.15 1546.0 2968.7000000000003 50.0 Operational 0.0 0.0 0.0 0.0 0.0 0.0 0.0 0.0 0.0 0.0 0.0 0.0 0.0 0.0 0.0 0.0
09:50:25.500 0001 -0.3399290144443512 51.458744049072266 -2.983 10.0 325.2035827636719 0.0 0.0 0.0 0.0 0.0 0.0 0.0 0.0 0.0 0.0 0.0 0.0 0.0 0.0 1.0 0.0 0.0 1.0 0.0 1.0 0.0 7.0 900.0 0.0 2.15 1546.0 2968.7000000000003 50.0 Operational 0.0 0.0 0.0 0.0 0.0 0.0 0.0 0.0 0.0 0.0 0.0 0.0 0.0 0.0 0.0 0.0
09:50:25.600 0001 -0.3399290144443512 51.458744049072266 -2.983 10.0 325.2035827636719 0.0 0.0 0.0 0.0 0.0 0.0 0.0 0.0 0.0 0.0 0.0 0.0 0.0 0.0 1.0 0.0 0.0 1.0 0.0 1.0 0.0 7.0 900.0 0.0 2.15 1546.0 2968.7000000000003 50.0 Operational 0.0 0.0 0.0 0.0 0.0 0.0 0.0 0.0 0.0 0.0 0.0 0.0 0.0 0.0 0.0 0.0
09:50:25.700 0001 -0.3399290144443512 51.458744049072266 -2.983 10.0 325.2035827636719 0.0 0.0 0.0 0.0 0.0 0.0 0.0 0.0 0.0 0.0 0.0 0.0 0.0 0.0 1.0 0.0 0.0 1.0 0.0 1.0 0.0 7.0 900.0 0.0 2.15 1546.0 2968.7000000000003 50.0 Operational 0.0 0.0 0.0 0.0 0.0 0.0 0.0 0.0 0.0 0.0 0.0 0.0 0.0 0.0 0.0 0.0
09:50:25.800 0001 -0.3399290144443512 51.458744049072266 -2.983 10.0 325.2035827636719 0.0 0.0 0.0 0.0 0.0 0.0 0.0 0.0 0.0 0.0 0.0 0.0 0.0 0.0 1.0 0.0 0.0 1.0 0.0 1.0 0.0 7.0 900.0 0.0 2.15 1546.0 2968.7000000000003 50.0 Operational 0.0 0.0 0.0 0.0 0.0 0.0 0.0 0.0 0.0 0.0 0.0 0.0 0.0 0.0 0.0 0.0
09:50:25.900 0001 -0.3399288952350616 51.4587516784668 -3.233 12.0 325.2035827636719 0.0 0.0 0.0 0.0 0.0 0.0 0.0 0.0 0.0 0.0 0.0 0.0 0.0 0.0 1.0 0.0 0.0 1.0 0.0 1.0 0.0 7.0 900.0 0.0 2.15 1546.0 2968.7000000000003 50.0 Operational 0.0 0.0 0.0 0.0 0.0 0.0 0.0 0.0 0.0 0.0 0.0 0.0 0.0 0.0 0.0 0.0
09:50:26.000 0001 -0.3399288952350616 51.4587516784668 -3.233 12.0 325.2035827636719 0.0 0.0 0.0 0.0 0.0 0.0 0.0 0.0 0.0 0.0 0.0 0.0 0.0 0.0 1.0 0.0 0.0 1.0 0.0 1.0 0.0 7.0 900.0 0.0 2.15 1546.0 2968.7000000000003 50.0 Operational 0.0 0.0 0.0 0.0 0.0 0.0 0.0 0.0 0.0 0.0 0.0 0.0 0.0 0.0 0.0 0.0
09:50:26.100 0001 -0.3399288952350616 51.4587516784668 -3.233 12.0 325.2035827636719 0.0 0.0 0.0 0.0 0.0 0.0 0.0 0.0 0.0 0.0 0.0 0.0 0.0 0.0 1.0 0.0 0.0 1.0 0.0 1.0 0.0 7.0 900.0 0.0 2.15 1546.0 2968.7000000000003 50.0 Operational 0.0 0.0 0.0 0.0 0.0 0.0 0.0 0.0 0.0 0.0 0.0 0.0 0.0 0.0 0.0 0.0
09:50:26.200 0001 -0.3399288952350616 51.4587516784668 -3.233 12.0 325.2035827636719 0.0 0.0 0.0 0.0 0.0 0.0 0.0 0.0 0.0 0.0 0.0 0.0 0.0 0.0 1.0 0.0 0.0 1.0 0.0 1.0 0.0 7.0 900.0 0.0 2.15 1546.0 2968.7000000000003 50.0 Operational 0.0 0.0 0.0 0.0 0.0 0.0 0.0 0.0 0.0 0.0 0.0 0.0 0.0 0.0 0.0 0.0
09:50:26.300 0001 -0.3399288952350616 51.4587516784668 -3.233 12.0 325.2035827636719 0.0 0.0 0.0 0.0 0.0 0.0 0.0 0.0 0.0 0.0 0.0 0.0 0.0 0.0 1.0 0.0 0.0 1.0 0.0 1.0 0.0 7.0 900.0 0.0 2.15 1546.0 2968.7000000000003 50.0 Operational 0.0 0.0 0.0 0.0 0.0 0.0 0.0 0.0 0.0 0.0 0.0 0.0 0.0 0.0 0.0 0.0
09:50:26.400 0001 -0.3399288952350616 51.4587516784668 -3.233 12.0 325.2035827636719 0.0 0.0 0.0 0.0 0.0 0.0 0.0 0.0 0.0 0.0 0.0 0.0 0.0 0.0 1.0 0.0 0.0 1.0 0.0 1.0 0.0 7.0 900.0 0.0 2.15 1546.0 2968.7000000000003 50.0 Operational 0.0 0.0 0.0 0.0 0.0 0.0 0.0 0.0 0.0 0.0 0.0 0.0 0.0 0.0 0.0 0.0
09:50:26.500 0001 -0.3399288952350616 51.4587516784668 -3.233 12.0 325.2035827636719 0.0 0.0 0.0 0.0 0.0 0.0 0.0 0.0 0.0 0.0 0.0 0.0 0.0 0.0 1.0 0.0 0.0 1.0 0.0 1.0 0.0 7.0 900.0 0.0 2.15 1544.0 2968.7000000000003 50.0 Operational 0.0 0.0 0.0 0.0 0.0 0.0 0.0 0.0 0.0 0.0 0.0 0.0 0.0 0.0 0.0 0.0
09:50:26.600 0001 -0.3399288952350616 51.4587516784668 -3.233 12.0 325.2035827636719 0.0 0.0 0.0 0.0 0.0 0.0 0.0 0.0 0.0 0.0 0.0 0.0 0.0 0.0 1.0 0.0 0.0 1.0 0.0 1.0 0.0 7.0 899.0 0.0 2.15 1544.0 2968.7000000000003 50.0 Operational 0.0 0.0 0.0 0.0 0.0 0.0 0.0 0.0 0.0 0.0 0.0 0.0 0.0 0.0 0.0 0.0
09:50:26.700 0001 -0.3399288952350616 51.4587516784668 -3.233 12.0 325.2035827636719 0.0 0.0 0.0 0.0 0.0 0.0 0.0 0.0 0.0 0.0 0.0 0.0 0.0 0.0 1.0 0.0 0.0 1.0 0.0 1.0 0.0 7.0 899.0 0.0 2.15 1544.0 2968.7000000000003 50.0 Operational 0.0 0.0 0.0 0.0 0.0 0.0 0.0 0.0 0.0 0.0 0.0 0.0 0.0 0.0 0.0 0.0
09:50:26.800 0001 -0.3399288952350616 51.4587516784668 -3.233 12.0 325.2035827636719 0.0 0.0 0.0 0.0 0.0 0.0 0.0 0.0 0.0 0.0 0.0 0.0 0.0 0.0 1.0 0.0 0.0 1.0 0.0 1.0 0.0 7.0 900.0 0.0 2.15 1544.0 2968.7000000000003 50.0 Operational 0.0 0.0 0.0 0.0 0.0 0.0 0.0 0.0 0.0 0.0 0.0 0.0 0.0 0.0 0.0 0.0
09:50:26.900 0001 -0.3399268984794616 51.458744049072266 -2.293 12.0 325.2035827636719 0.0 0.0 0.0 0.0 0.0 0.0 0.0 0.0 0.0 0.0 0.0 0.0 0.0 0.0 1.0 0.0 0.0 1.0 0.0 1.0 0.0 7.0 899.0 0.0 2.15 1544.0 2968.7000000000003 50.0 Operational 0.0 0.0 0.0 0.0 0.0 0.0 0.0 0.0 0.0 0.0 0.0 0.0 0.0 0.0 0.0 0.0
09:50:27.000 0001 -0.3399268984794616 51.458744049072266 -2.293 12.0 325.2035827636719 0.0 0.0 0.0 0.0 0.0 0.0 0.0 0.0 0.0 0.0 0.0 0.0 0.0 0.0 1.0 0.0 0.0 1.0 0.0 1.0 0.0 7.0 899.0 0.0 2.15 1546.0 2968.7000000000003 50.0 Operational 0.0 0.0 0.0 0.0 0.0 0.0 0.0 0.0 0.0 0.0 0.0 0.0 0.0 0.0 0.0 0.0
09:50:27.100 0001 -0.3399268984794616 51.458744049072266 -2.293 12.0 325.2035827636719 0.0 0.0 0.0 0.0 0.0 0.0 0.0 0.0 0.0 0.0 0.0 0.0 0.0 0.0 1.0 0.0 0.0 1.0 0.0 1.0 0.0 7.0 900.0 0.0 2.15 1546.0 2968.7000000000003 50.0 Operational 0.0 0.0 0.0 0.0 0.0 0.0 0.0 0.0 0.0 0.0 0.0 0.0 0.0 0.0 0.0 0.0
09:50:27.200 0001 -0.3399268984794616 51.458744049072266 -2.293 12.0 325.2035827636719 0.0 0.0 0.0 0.0 0.0 0.0 0.0 0.0 0.0 0.0 0.0 0.0 0.0 0.0 1.0 0.0 0.0 1.0 0.0 1.0 0.0 7.0 900.0 0.0 2.15 1546.0 2968.7000000000003 50.0 Operational 0.0 0.0 0.0 0.0 0.0 0.0 0.0 0.0 0.0 0.0 0.0 0.0 0.0 0.0 0.0 0.0
09:50:27.300 0001 -0.3399268984794616 51.458744049072266 -2.293 12.0 325.2035827636719 0.0 0.0 0.0 0.0 0.0 0.0 0.0 0.0 0.0 0.0 0.0 0.0 0.0 0.0 1.0 0.0 0.0 1.0 0.0 1.0 0.0 7.0 900.0 0.0 2.15 1546.0 2968.7000000000003 50.0 Operational 0.0 0.0 0.0 0.0 0.0 0.0 0.0 0.0 0.0 0.0 0.0 0.0 0.0 0.0 0.0 0.0
09:50:27.400 0001 -0.3399268984794616 51.458744049072266 -2.293 12.0 325.2035827636719 0.0 0.0 0.0 0.0 0.0 0.0 0.0 0.0 0.0 0.0 0.0 0.0 0.0 0.0 1.0 0.0 0.0 1.0 0.0 1.0 0.0 7.0 899.0 0.0 2.15 1544.0 2968.7000000000003 50.0 Operational 0.0 0.0 0.0 0.0 0.0 0.0 0.0 0.0 0.0 0.0 0.0 0.0 0.0 0.0 0.0 0.0
09:50:27.500 0001 -0.3399268984794616 51.458744049072266 -2.293 12.0 325.2035827636719 0.0 0.0 0.0 0.0 0.0 0.0 0.0 0.0 0.0 0.0 0.0 0.0 0.0 0.0 1.0 0.0 0.0 1.0 0.0 1.0 0.0 7.0 899.0 0.0 2.15 1544.0 2968.7000000000003 50.0 Operational 0.0 0.0 0.0 0.0 0.0 0.0 0.0 0.0 0.0 0.0 0.0 0.0 0.0 0.0 0.0 0.0
09:50:27.600 0001 -0.3399268984794616 51.458744049072266 -2.293 12.0 325.2035827636719 0.0 0.0 0.0 0.0 0.0 0.0 0.0 0.0 0.0 0.0 0.0 0.0 0.0 0.0 1.0 0.0 0.0 1.0 0.0 1.0 0.0 7.0 900.0 0.0 2.15 1546.0 2968.7000000000003 50.0 Operational 0.0 0.0 0.0 0.0 0.0 0.0 0.0 0.0 0.0 0.0 0.0 0.0 0.0 0.0 0.0 0.0
09:50:27.700 0001 -0.3399268984794616 51.458744049072266 -2.293 12.0 325.2035827636719 0.0 0.0 0.0 0.0 0.0 0.0 0.0 0.0 0.0 0.0 0.0 0.0 0.0 0.0 1.0 0.0 0.0 1.0 0.0 1.0 0.0 7.0 900.0 0.0 2.15 1546.0 2968.7000000000003 50.0 Operational 0.0 0.0 0.0 0.0 0.0 0.0 0.0 0.0 0.0 0.0 0.0 0.0 0.0 0.0 0.0 0.0
09:50:27.800 0001 -0.3399268984794616 51.458744049072266 -2.293 12.0 325.2035827636719 0.0 0.0 0.0 0.0 0.0 0.0 0.0 0.0 0.0 0.0 0.0 0.0 0.0 0.0 1.0 0.0 0.0 1.0 0.0 1.0 0.0 7.0 900.0 0.0 2.15 1546.0 2968.7000000000003 50.0 Operational 0.0 0.0 0.0 0.0 0.0 0.0 0.0 0.0 0.0 0.0 0.0 0.0 0.0 0.0 0.0 0.0
09:50:27.900 0001 -0.3399288952350616 51.458744049072266 -2.105 12.0 325.2035827636719 0.0 0.0 0.0 0.0 0.0 0.0 0.0 0.0 0.0 0.0 0.0 0.0 0.0 0.0 1.0 0.0 0.0 1.0 0.0 1.0 0.0 7.0 900.0 0.0 2.15 1546.0 2968.7000000000003 50.0 Operational 0.0 0.0 0.0 0.0 0.0 0.0 0.0 0.0 0.0 0.0 0.0 0.0 0.0 0.0 0.0 0.0
09:50:28.000 0001 -0.3399288952350616 51.458744049072266 -2.105 12.0 325.2035827636719 0.0 0.0 0.0 0.0 0.0 0.0 0.0 0.0 0.0 0.0 0.0 0.0 0.0 0.0 1.0 0.0 0.0 1.0 0.0 1.0 0.0 7.0 900.0 0.0 2.15 1544.0 2968.7000000000003 50.0 Operational 0.0 0.0 0.0 0.0 0.0 0.0 0.0 0.0 0.0 0.0 0.0 0.0 0.0 0.0 0.0 0.0
09:50:28.100 0001 -0.3399288952350616 51.458744049072266 -2.105 12.0 325.2035827636719 0.0 0.0 0.0 0.0 0.0 0.0 0.0 0.0 0.0 0.0 0.0 0.0 0.0 0.0 1.0 0.0 0.0 1.0 0.0 1.0 0.0 7.0 899.0 0.0 2.15 1544.0 2968.7000000000003 50.0 Operational 0.0 0.0 0.0 0.0 0.0 0.0 0.0 0.0 0.0 0.0 0.0 0.0 0.0 0.0 0.0 0.0
09:50:28.200 0001 -0.3399288952350616 51.458744049072266 -2.105 12.0 325.2035827636719 0.0 0.0 0.0 0.0 0.0 0.0 0.0 0.0 0.0 0.0 0.0 0.0 0.0 0.0 1.0 0.0 0.0 1.0 0.0 1.0 0.0 7.0 899.0 0.0 2.15 1544.0 2968.7000000000003 50.0 Operational 0.0 0.0 0.0 0.0 0.0 0.0 0.0 0.0 0.0 0.0 0.0 0.0 0.0 0.0 0.0 0.0
09:50:28.300 0001 -0.3399288952350616 51.458744049072266 -2.105 12.0 325.2035827636719 0.0 0.0 0.0 0.0 0.0 0.0 0.0 0.0 0.0 0.0 0.0 0.0 0.0 0.0 1.0 0.0 0.0 1.0 0.0 1.0 0.0 7.0 899.0 0.0 2.15 1546.0 2968.7000000000003 50.0 Operational 0.0 0.0 0.0 0.0 0.0 0.0 0.0 0.0 0.0 0.0 0.0 0.0 0.0 0.0 0.0 0.0
09:50:28.400 0001 -0.3399288952350616 51.458744049072266 -2.105 12.0 325.2035827636719 0.0 0.0 0.0 0.0 0.0 0.0 0.0 0.0 0.0 0.0 0.0 0.0 0.0 0.0 1.0 0.0 0.0 1.0 0.0 1.0 0.0 7.0 899.0 0.0 2.15 1546.0 2968.7000000000003 50.0 Operational 0.0 0.0 0.0 0.0 0.0 0.0 0.0 0.0 0.0 0.0 0.0 0.0 0.0 0.0 0.0 0.0
09:50:28.500 0001 -0.3399288952350616 51.458744049072266 -2.105 12.0 325.2035827636719 0.0 0.0 0.0 0.0 0.0 0.0 0.0 0.0 0.0 0.0 0.0 0.0 0.0 0.0 1.0 0.0 0.0 1.0 0.0 1.0 0.0 7.0 899.0 0.0 2.15 1546.0 2968.7000000000003 50.0 Operational 0.0 0.0 0.0 0.0 0.0 0.0 0.0 0.0 0.0 0.0 0.0 0.0 0.0 0.0 0.0 0.0
09:50:28.600 0001 -0.3399288952350616 51.458744049072266 -2.105 12.0 325.2035827636719 0.0 0.0 0.0 0.0 0.0 0.0 0.0 0.0 0.0 0.0 0.0 0.0 0.0 0.0 1.0 0.0 0.0 1.0 0.0 1.0 0.0 7.0 899.0 0.0 2.15 1546.0 2968.7000000000003 50.0 Operational 0.0 0.0 0.0 0.0 0.0 0.0 0.0 0.0 0.0 0.0 0.0 0.0 0.0 0.0 0.0 0.0
09:50:28.700 0001 -0.3399288952350616 51.458744049072266 -2.105 12.0 325.2035827636719 0.0 0.0 0.0 0.0 0.0 0.0 0.0 0.0 0.0 0.0 0.0 0.0 0.0 0.0 1.0 0.0 0.0 1.0 0.0 1.0 0.0 7.0 899.0 0.0 2.15 1546.0 2968.7000000000003 50.0 Operational 0.0 0.0 0.0 0.0 0.0 0.0 0.0 0.0 0.0 0.0 0.0 0.0 0.0 0.0 0.0 0.0
09:50:28.800 0001 -0.3399288952350616 51.458744049072266 -2.105 12.0 325.2035827636719 0.0 0.0 0.0 0.0 0.0 0.0 0.0 0.0 0.0 0.0 0.0 0.0 0.0 0.0 1.0 0.0 0.0 1.0 0.0 1.0 0.0 7.0 899.0 0.0 2.15 1546.0 2968.7000000000003 50.0 Operational 0.0 0.0 0.0 0.0 0.0 0.0 0.0 0.0 0.0 0.0 0.0 0.0 0.0 0.0 0.0 0.0
09:50:28.900 0001 -0.3399327099323272 51.458744049072266 -1.843 12.0 325.2035827636719 0.0 0.0 0.0 0.0 0.0 0.0 0.0 0.0 0.0 0.0 0.0 0.0 0.0 0.0 1.0 0.0 0.0 1.0 0.0 1.0 0.0 7.0 899.0 0.0 2.15 1546.0 2968.7000000000003 50.0 Operational 0.0 0.0 0.0 0.0 0.0 0.0 0.0 0.0 0.0 0.0 0.0 0.0 0.0 0.0 0.0 0.0
09:50:29.000 0001 -0.3399327099323272 51.458744049072266 -1.843 12.0 325.2035827636719 0.0 0.0 0.0 0.0 0.0 0.0 0.0 0.0 0.0 0.0 0.0 0.0 0.0 0.0 1.0 0.0 0.0 1.0 0.0 1.0 0.0 7.0 899.0 0.0 2.15 1546.0 2968.7000000000003 50.0 Operational 0.0 0.0 0.0 0.0 0.0 0.0 0.0 0.0 0.0 0.0 0.0 0.0 0.0 0.0 0.0 0.0
09:50:29.100 0001 -0.3399327099323272 51.458744049072266 -1.843 12.0 325.2035827636719 0.0 0.0 0.0 0.0 0.0 0.0 0.0 0.0 0.0 0.0 0.0 0.0 0.0 0.0 1.0 0.0 0.0 1.0 0.0 1.0 0.0 7.0 899.0 0.0 2.15 1546.0 2968.7000000000003 50.0 Operational 0.0 0.0 0.0 0.0 0.0 0.0 0.0 0.0 0.0 0.0 0.0 0.0 0.0 0.0 0.0 0.0
09:50:29.200 0001 -0.3399327099323272 51.458744049072266 -1.843 12.0 325.2035827636719 0.0 0.0 0.0 0.0 0.0 0.0 0.0 0.0 0.0 0.0 0.0 0.0 0.0 0.0 1.0 0.0 0.0 1.0 0.0 1.0 0.0 7.0 899.0 0.0 2.15 1546.0 2968.7000000000003 50.0 Operational 0.0 0.0 0.0 0.0 0.0 0.0 0.0 0.0 0.0 0.0 0.0 0.0 0.0 0.0 0.0 0.0
09:50:29.300 0001 -0.3399327099323272 51.458744049072266 -1.843 12.0 325.2035827636719 0.0 0.0 0.0 0.0 0.0 0.0 0.0 0.0 0.0 0.0 0.0 0.0 0.0 0.0 1.0 0.0 0.0 1.0 0.0 1.0 0.0 7.0 899.0 0.0 2.15 1546.0 2968.7000000000003 50.0 Operational 0.0 0.0 0.0 0.0 0.0 0.0 0.0 0.0 0.0 0.0 0.0 0.0 0.0 0.0 0.0 0.0
09:50:29.400 0001 -0.3399327099323272 51.458744049072266 -1.843 12.0 325.2035827636719 0.0 0.0 0.0 0.0 0.0 0.0 0.0 0.0 0.0 0.0 0.0 0.0 0.0 0.0 1.0 0.0 0.0 1.0 0.0 1.0 0.0 7.0 899.0 0.0 2.15 1546.0 2968.7000000000003 50.0 Operational 0.0 0.0 0.0 0.0 0.0 0.0 0.0 0.0 0.0 0.0 0.0 0.0 0.0 0.0 0.0 0.0
09:50:29.500 0001 -0.3399327099323272 51.458744049072266 -1.843 12.0 325.2035827636719 0.0 0.0 0.0 0.0 0.0 0.0 0.0 0.0 0.0 0.0 0.0 0.0 0.0 0.0 1.0 0.0 0.0 1.0 0.0 1.0 0.0 7.0 899.0 0.0 2.15 1546.0 2968.7000000000003 50.0 Operational 0.0 0.0 0.0 0.0 0.0 0.0 0.0 0.0 0.0 0.0 0.0 0.0 0.0 0.0 0.0 0.0
09:50:29.600 0001 -0.3399327099323272 51.458744049072266 -1.843 12.0 325.2035827636719 0.0 0.0 0.0 0.0 0.0 0.0 0.0 0.0 0.0 0.0 0.0 0.0 0.0 0.0 1.0 0.0 0.0 1.0 0.0 1.0 0.0 7.0 899.0 0.0 2.15 1546.0 2968.7000000000003 50.0 Operational 0.0 0.0 0.0 0.0 0.0 0.0 0.0 0.0 0.0 0.0 0.0 0.0 0.0 0.0 0.0 0.0
09:50:29.700 0001 -0.3399327099323272 51.458744049072266 -1.843 12.0 325.2035827636719 0.0 0.0 0.0 0.0 0.0 0.0 0.0 0.0 0.0 0.0 0.0 0.0 0.0 0.0 1.0 0.0 0.0 1.0 0.0 1.0 0.0 7.0 899.0 0.0 2.15 1546.0 2968.7000000000003 50.0 Operational 0.0 0.0 0.0 0.0 0.0 0.0 0.0 0.0 0.0 0.0 0.0 0.0 0.0 0.0 0.0 0.0
09:50:29.800 0001 -0.3399327099323272 51.458744049072266 -1.843 12.0 325.2035827636719 0.0 0.0 0.0 0.0 0.0 0.0 0.0 0.0 0.0 0.0 0.0 0.0 0.0 0.0 1.0 0.0 0.0 1.0 0.0 1.0 0.0 7.0 899.0 0.0 2.15 1546.0 2968.7000000000003 50.0 Operational 0.0 0.0 0.0 0.0 0.0 0.0 0.0 0.0 0.0 0.0 0.0 0.0 0.0 0.0 0.0 0.0
09:50:29.900 0001 -0.3399327993392944 51.4587516784668 -2.178 11.0 325.2035827636719 0.0 0.0 0.0 0.0 0.0 0.0 0.0 0.0 0.0 0.0 0.0 0.0 0.0 0.0 1.0 0.0 0.0 1.0 0.0 1.0 0.0 7.0 899.0 0.0 2.15 1546.0 2968.7000000000003 50.0 Operational 0.0 0.0 0.0 0.0 0.0 0.0 0.0 0.0 0.0 0.0 0.0 0.0 0.0 0.0 0.0 0.0
09:50:30.000 0001 -0.3399327993392944 51.4587516784668 -2.178 11.0 325.2035827636719 0.0 0.0 0.0 0.0 0.0 0.0 0.0 0.0 0.0 0.0 0.0 0.0 0.0 0.0 1.0 0.0 0.0 1.0 0.0 1.0 0.0 7.0 899.0 0.0 2.15 1546.0 2968.7000000000003 50.0 Operational 0.0 0.0 0.0 0.0 0.0 0.0 0.0 0.0 0.0 0.0 0.0 0.0 0.0 0.0 0.0 0.0
09:50:30.100 0001 -0.3399327993392944 51.4587516784668 -2.178 11.0 325.2035827636719 0.0 0.0 0.0 0.0 0.0 0.0 0.0 0.0 0.0 0.0 0.0 0.0 0.0 0.0 1.0 0.0 0.0 1.0 0.0 1.0 0.0 7.0 899.0 0.0 2.15 1546.0 2968.7000000000003 50.0 Operational 0.0 0.0 0.0 0.0 0.0 0.0 0.0 0.0 0.0 0.0 0.0 0.0 0.0 0.0 0.0 0.0
09:50:30.200 0001 -0.3399327993392944 51.4587516784668 -2.178 11.0 325.2035827636719 0.0 0.0 0.0 0.0 0.0 0.0 0.0 0.0 0.0 0.0 0.0 0.0 0.0 0.0 1.0 0.0 0.0 1.0 0.0 1.0 0.0 7.0 899.0 0.0 2.15 1546.0 2968.7000000000003 50.0 Operational 0.0 0.0 0.0 0.0 0.0 0.0 0.0 0.0 0.0 0.0 0.0 0.0 0.0 0.0 0.0 0.0
09:50:30.300 0001 -0.3399327993392944 51.4587516784668 -2.178 11.0 325.2035827636719 0.0 0.0 0.0 0.0 0.0 0.0 0.0 0.0 0.0 0.0 0.0 0.0 0.0 0.0 1.0 0.0 0.0 1.0 0.0 1.0 0.0 7.0 899.0 0.0 2.15 1546.0 2968.7000000000003 50.0 Operational 0.0 0.0 0.0 0.0 0.0 0.0 0.0 0.0 0.0 0.0 0.0 0.0 0.0 0.0 0.0 0.0
09:50:30.400 0001 -0.3399327993392944 51.4587516784668 -2.178 11.0 325.2035827636719 0.0 0.0 0.0 0.0 0.0 0.0 0.0 0.0 0.0 0.0 0.0 0.0 0.0 0.0 1.0 0.0 0.0 1.0 0.0 1.0 0.0 7.0 899.0 0.0 2.15 1546.0 2968.7000000000003 50.0 Operational 0.0 0.0 0.0 0.0 0.0 0.0 0.0 0.0 0.0 0.0 0.0 0.0 0.0 0.0 0.0 0.0
09:50:30.500 0001 -0.3399327993392944 51.4587516784668 -2.178 11.0 325.2035827636719 0.0 0.0 0.0 0.0 0.0 0.0 0.0 0.0 0.0 0.0 0.0 0.0 0.0 0.0 1.0 0.0 0.0 1.0 0.0 1.0 0.0 7.0 899.0 0.0 2.15 1546.0 2968.7000000000003 50.0 Operational 0.0 0.0 0.0 0.0 0.0 0.0 0.0 0.0 0.0 0.0 0.0 0.0 0.0 0.0 0.0 0.0
09:50:30.600 0001 -0.3399327993392944 51.4587516784668 -2.178 11.0 325.2035827636719 0.0 0.0 0.0 0.0 0.0 0.0 0.0 0.0 0.0 0.0 0.0 0.0 0.0 0.0 1.0 0.0 0.0 1.0 0.0 1.0 0.0 7.0 899.0 0.0 2.15 1546.0 2968.7000000000003 50.0 Operational 0.0 0.0 0.0 0.0 0.0 0.0 0.0 0.0 0.0 0.0 0.0 0.0 0.0 0.0 0.0 0.0
09:50:30.700 0001 -0.3399327993392944 51.4587516784668 -2.178 11.0 325.2035827636719 0.0 0.0 0.0 0.0 0.0 0.0 0.0 0.0 0.0 0.0 0.0 0.0 0.0 0.0 1.0 0.0 0.0 1.0 0.0 1.0 0.0 7.0 899.0 0.0 2.15 1546.0 2968.7000000000003 50.0 Operational 0.0 0.0 0.0 0.0 0.0 0.0 0.0 0.0 0.0 0.0 0.0 0.0 0.0 0.0 0.0 0.0
09:50:30.800 0001 -0.3399327993392944 51.4587516784668 -2.178 11.0 325.2035827636719 0.0 0.0 0.0 0.0 0.0 0.0 0.0 0.0 0.0 0.0 0.0 0.0 0.0 0.0 1.0 0.0 0.0 1.0 0.0 1.0 0.0 7.0 899.0 0.0 2.15 1546.0 2968.7000000000003 50.0 Operational 0.0 0.0 0.0 0.0 0.0 0.0 0.0 0.0 0.0 0.0 0.0 0.0 0.0 0.0 0.0 0.0
09:50:30.900 0001 -0.3399331867694855 51.4587516784668 -1.807 10.0 325.2035827636719 0.0 0.0 0.0 0.0 0.0 0.0 0.0 0.0 0.0 0.0 0.0 0.0 0.0 0.0 1.0 0.0 0.0 1.0 0.0 1.0 0.0 7.0 899.0 0.0 2.15 1546.0 2968.7000000000003 50.0 Operational 0.0 0.0 0.0 0.0 0.0 0.0 0.0 0.0 0.0 0.0 0.0 0.0 0.0 0.0 0.0 0.0
09:50:31.000 0001 -0.3399331867694855 51.4587516784668 -1.807 10.0 325.2035827636719 0.0 0.0 0.0 0.0 0.0 0.0 0.0 0.0 0.0 0.0 0.0 0.0 0.0 0.0 1.0 0.0 0.0 1.0 0.0 1.0 0.0 7.0 899.0 0.0 2.15 1546.0 2968.7000000000003 50.0 Operational 0.0 0.0 0.0 0.0 0.0 0.0 0.0 0.0 0.0 0.0 0.0 0.0 0.0 0.0 0.0 0.0
09:50:31.100 0001 -0.3399331867694855 51.4587516784668 -1.807 10.0 325.2035827636719 0.0 0.0 0.0 0.0 0.0 0.0 0.0 0.0 0.0 0.0 0.0 0.0 0.0 0.0 1.0 0.0 0.0 1.0 0.0 1.0 0.0 7.0 899.0 0.0 2.15 1546.0 2968.7000000000003 50.0 Operational 0.0 0.0 0.0 0.0 0.0 0.0 0.0 0.0 0.0 0.0 0.0 0.0 0.0 0.0 0.0 0.0
09:50:31.200 0001 -0.3399331867694855 51.4587516784668 -1.807 10.0 325.2035827636719 0.0 0.0 0.0 0.0 0.0 0.0 0.0 0.0 0.0 0.0 0.0 0.0 0.0 0.0 1.0 0.0 0.0 1.0 0.0 1.0 0.0 7.0 899.0 0.0 2.15 1546.0 2968.7000000000003 50.0 Operational 0.0 0.0 0.0 0.0 0.0 0.0 0.0 0.0 0.0 0.0 0.0 0.0 0.0 0.0 0.0 0.0
09:50:31.300 0001 -0.3399331867694855 51.4587516784668 -1.807 10.0 325.2035827636719 0.0 0.0 0.0 0.0 0.0 0.0 0.0 0.0 0.0 0.0 0.0 0.0 0.0 0.0 1.0 0.0 0.0 1.0 0.0 1.0 0.0 7.0 899.0 0.0 2.15 1546.0 2968.7000000000003 50.0 Operational 0.0 0.0 0.0 0.0 0.0 0.0 0.0 0.0 0.0 0.0 0.0 0.0 0.0 0.0 0.0 0.0
09:50:31.400 0001 -0.3399331867694855 51.4587516784668 -1.807 10.0 325.2035827636719 0.0 0.0 0.0 0.0 0.0 0.0 0.0 0.0 0.0 0.0 0.0 0.0 0.0 0.0 1.0 0.0 0.0 1.0 0.0 1.0 0.0 7.0 899.0 0.0 2.15 1546.0 2968.7000000000003 50.0 Operational 0.0 0.0 0.0 0.0 0.0 0.0 0.0 0.0 0.0 0.0 0.0 0.0 0.0 0.0 0.0 0.0
09:50:31.500 0001 -0.3399331867694855 51.4587516784668 -1.807 10.0 325.2035827636719 0.0 0.0 0.0 0.0 0.0 0.0 0.0 0.0 0.0 0.0 0.0 0.0 0.0 0.0 1.0 0.0 0.0 1.0 0.0 1.0 0.0 7.0 899.0 0.0 2.15 1546.0 2968.7000000000003 50.0 Operational 0.0 0.0 0.0 0.0 0.0 0.0 0.0 0.0 0.0 0.0 0.0 0.0 0.0 0.0 0.0 0.0
09:50:31.600 0001 -0.3399331867694855 51.4587516784668 -1.807 10.0 325.2035827636719 0.0 0.0 0.0 0.0 0.0 0.0 0.0 0.0 0.0 0.0 0.0 0.0 0.0 0.0 1.0 0.0 0.0 1.0 0.0 1.0 0.0 7.0 899.0 0.0 2.15 1546.0 2968.7000000000003 50.0 Operational 0.0 0.0 0.0 0.0 0.0 0.0 0.0 0.0 0.0 0.0 0.0 0.0 0.0 0.0 0.0 0.0
09:50:31.700 0001 -0.3399331867694855 51.4587516784668 -1.807 10.0 325.2035827636719 0.0 0.0 0.0 0.0 0.0 0.0 0.0 0.0 0.0 0.0 0.0 0.0 0.0 0.0 1.0 0.0 0.0 1.0 0.0 1.0 0.0 7.0 899.0 0.0 2.15 1546.0 2968.7000000000003 50.0 Operational 0.0 0.0 0.0 0.0 0.0 0.0 0.0 0.0 0.0 0.0 0.0 0.0 0.0 0.0 0.0 0.0
09:50:31.800 0001 -0.3399331867694855 51.4587516784668 -1.807 10.0 325.2035827636719 0.0 0.0 0.0 0.0 0.0 0.0 0.0 0.0 0.0 0.0 0.0 0.0 0.0 0.0 1.0 0.0 0.0 1.0 0.0 1.0 0.0 7.0 899.0 0.0 2.15 1546.0 2968.7000000000003 50.0 Operational 0.0 0.0 0.0 0.0 0.0 0.0 0.0 0.0 0.0 0.0 0.0 0.0 0.0 0.0 0.0 0.0
09:50:31.900 0001 -0.3399362862110138 51.458744049072266 -1.877 10.0 325.2035827636719 0.0 0.0 0.0 0.0 0.0 0.0 0.0 0.0 0.0 0.0 0.0 0.0 0.0 0.0 1.0 0.0 0.0 1.0 0.0 1.0 0.0 7.0 899.0 0.0 2.15 1546.0 2968.7000000000003 50.0 Operational 0.0 0.0 0.0 0.0 0.0 0.0 0.0 0.0 0.0 0.0 0.0 0.0 0.0 0.0 0.0 0.0
09:50:32.000 0001 -0.3399362862110138 51.458744049072266 -1.877 10.0 325.2035827636719 0.0 0.0 0.0 0.0 0.0 0.0 0.0 0.0 0.0 0.0 0.0 0.0 0.0 0.0 1.0 0.0 0.0 1.0 0.0 1.0 0.0 7.0 899.0 0.0 2.15 1546.0 2968.7000000000003 50.0 Operational 0.0 0.0 0.0 0.0 0.0 0.0 0.0 0.0 0.0 0.0 0.0 0.0 0.0 0.0 0.0 0.0
09:50:32.100 0001 -0.3399362862110138 51.458744049072266 -1.877 10.0 325.2035827636719 0.0 0.0 0.0 0.0 0.0 0.0 0.0 0.0 0.0 0.0 0.0 0.0 0.0 0.0 1.0 0.0 0.0 1.0 0.0 1.0 0.0 7.0 899.0 0.0 2.15 1546.0 2968.7000000000003 50.0 Operational 0.0 0.0 0.0 0.0 0.0 0.0 0.0 0.0 0.0 0.0 0.0 0.0 0.0 0.0 0.0 0.0
09:50:32.200 0001 -0.3399362862110138 51.458744049072266 -1.877 10.0 325.2035827636719 0.0 0.0 0.0 0.0 0.0 0.0 0.0 0.0 0.0 0.0 0.0 0.0 0.0 0.0 1.0 0.0 0.0 1.0 0.0 1.0 0.0 7.0 899.0 0.0 2.15 1546.0 2968.7000000000003 50.0 Operational 0.0 0.0 0.0 0.0 0.0 0.0 0.0 0.0 0.0 0.0 0.0 0.0 0.0 0.0 0.0 0.0
09:50:32.300 0001 -0.3399362862110138 51.458744049072266 -1.877 10.0 325.2035827636719 0.0 0.0 0.0 0.0 0.0 0.0 0.0 0.0 0.0 0.0 0.0 0.0 0.0 0.0 1.0 0.0 0.0 1.0 0.0 1.0 0.0 7.0 899.0 0.0 2.15 1546.0 2968.7000000000003 50.0 Operational 0.0 0.0 0.0 0.0 0.0 0.0 0.0 0.0 0.0 0.0 0.0 0.0 0.0 0.0 0.0 0.0
09:50:32.400 0001 -0.3399362862110138 51.458744049072266 -1.877 10.0 325.2035827636719 0.0 0.0 0.0 0.0 0.0 0.0 0.0 0.0 0.0 0.0 0.0 0.0 0.0 0.0 1.0 0.0 0.0 1.0 0.0 1.0 0.0 7.0 899.0 0.0 2.15 1546.0 2968.7000000000003 50.0 Operational 0.0 0.0 0.0 0.0 0.0 0.0 0.0 0.0 0.0 0.0 0.0 0.0 0.0 0.0 0.0 0.0
09:50:32.500 0001 -0.3399362862110138 51.458744049072266 -1.877 10.0 325.2035827636719 0.0 0.0 0.0 0.0 0.0 0.0 0.0 0.0 0.0 0.0 0.0 0.0 0.0 0.0 1.0 0.0 0.0 1.0 0.0 1.0 0.0 7.0 899.0 0.0 2.15 1546.0 2968.7000000000003 50.0 Operational 0.0 0.0 0.0 0.0 0.0 0.0 0.0 0.0 0.0 0.0 0.0 0.0 0.0 0.0 0.0 0.0
09:50:32.600 0001 -0.3399362862110138 51.458744049072266 -1.877 10.0 325.2035827636719 0.0 0.0 0.0 0.0 0.0 0.0 0.0 0.0 0.0 0.0 0.0 0.0 0.0 0.0 1.0 0.0 0.0 1.0 0.0 1.0 0.0 7.0 899.0 0.0 2.15 1546.0 2968.7000000000003 50.0 Operational 0.0 0.0 0.0 0.0 0.0 0.0 0.0 0.0 0.0 0.0 0.0 0.0 0.0 0.0 0.0 0.0
09:50:32.700 0001 -0.3399362862110138 51.458744049072266 -1.877 10.0 325.2035827636719 0.0 0.0 0.0 0.0 0.0 0.0 0.0 0.0 0.0 0.0 0.0 0.0 0.0 0.0 1.0 0.0 0.0 1.0 0.0 1.0 0.0 7.0 899.0 0.0 2.15 1546.0 2968.7000000000003 50.0 Operational 0.0 0.0 0.0 0.0 0.0 0.0 0.0 0.0 0.0 0.0 0.0 0.0 0.0 0.0 0.0 0.0
09:50:32.800 0001 -0.3399362862110138 51.458744049072266 -1.877 10.0 325.2035827636719 0.0 0.0 0.0 0.0 0.0 0.0 0.0 0.0 0.0 0.0 0.0 0.0 0.0 0.0 1.0 0.0 0.0 1.0 0.0 1.0 0.0 7.0 899.0 0.0 2.15 1546.0 2968.7000000000003 50.0 Operational 0.0 0.0 0.0 0.0 0.0 0.0 0.0 0.0 0.0 0.0 0.0 0.0 0.0 0.0 0.0 0.0
09:50:32.900 0001 -0.3399390876293182 51.458744049072266 -2.669 10.0 325.2035827636719 0.0 0.0 0.0 0.0 0.0 0.0 0.0 0.0 0.0 0.0 0.0 0.0 0.0 0.0 1.0 0.0 0.0 1.0 0.0 1.0 0.0 7.0 899.0 0.0 2.15 1546.0 2968.7000000000003 50.0 Operational 0.0 0.0 0.0 0.0 0.0 0.0 0.0 0.0 0.0 0.0 0.0 0.0 0.0 0.0 0.0 0.0
09:50:33.000 0001 -0.3399390876293182 51.458744049072266 -2.669 10.0 325.2035827636719 0.0 0.0 0.0 0.0 0.0 0.0 0.0 0.0 0.0 0.0 0.0 0.0 0.0 0.0 1.0 0.0 0.0 1.0 0.0 1.0 0.0 7.0 899.0 0.0 2.15 1546.0 2968.7000000000003 50.0 Operational 0.0 0.0 0.0 0.0 0.0 0.0 0.0 0.0 0.0 0.0 0.0 0.0 0.0 0.0 0.0 0.0
09:50:33.100 0001 -0.3399390876293182 51.458744049072266 -2.669 10.0 325.2035827636719 0.0 0.0 0.0 0.0 0.0 0.0 0.0 0.0 0.0 0.0 0.0 0.0 0.0 0.0 1.0 0.0 0.0 1.0 0.0 1.0 0.0 7.0 899.0 0.0 2.15 1546.0 2968.7000000000003 50.0 Operational 0.0 0.0 0.0 0.0 0.0 0.0 0.0 0.0 0.0 0.0 0.0 0.0 0.0 0.0 0.0 0.0
09:50:33.200 0001 -0.3399390876293182 51.458744049072266 -2.669 10.0 325.2035827636719 0.0 0.0 0.0 0.0 0.0 0.0 0.0 0.0 0.0 0.0 0.0 0.0 0.0 0.0 1.0 0.0 0.0 1.0 0.0 1.0 0.0 7.0 899.0 0.0 2.15 1546.0 2968.7000000000003 50.0 Operational 0.0 0.0 0.0 0.0 0.0 0.0 0.0 0.0 0.0 0.0 0.0 0.0 0.0 0.0 0.0 0.0
09:50:33.300 0001 -0.3399390876293182 51.458744049072266 -2.669 10.0 325.2035827636719 0.0 0.0 0.0 0.0 0.0 0.0 0.0 0.0 0.0 0.0 0.0 0.0 0.0 0.0 1.0 0.0 0.0 1.0 0.0 1.0 0.0 7.0 899.0 0.0 2.15 1546.0 2968.7000000000003 50.0 Operational 0.0 0.0 0.0 0.0 0.0 0.0 0.0 0.0 0.0 0.0 0.0 0.0 0.0 0.0 0.0 0.0
09:50:33.400 0001 -0.3399390876293182 51.458744049072266 -2.669 10.0 325.2035827636719 0.0 0.0 0.0 0.0 0.0 0.0 0.0 0.0 0.0 0.0 0.0 0.0 0.0 0.0 1.0 0.0 0.0 1.0 0.0 1.0 0.0 7.0 899.0 0.0 2.15 1546.0 2968.7000000000003 50.0 Operational 0.0 0.0 0.0 0.0 0.0 0.0 0.0 0.0 0.0 0.0 0.0 0.0 0.0 0.0 0.0 0.0
09:50:33.500 0001 -0.3399390876293182 51.458744049072266 -2.669 10.0 325.2035827636719 0.0 0.0 0.0 0.0 0.0 0.0 0.0 0.0 0.0 0.0 0.0 0.0 0.0 0.0 1.0 0.0 0.0 1.0 0.0 1.0 0.0 7.0 899.0 0.0 2.15 1546.0 2968.7000000000003 50.0 Operational 0.0 0.0 0.0 0.0 0.0 0.0 0.0 0.0 0.0 0.0 0.0 0.0 0.0 0.0 0.0 0.0
