[device]
Syslogic

[cameras]
['front', 'left_nozzle', 'back', 'right_nozzle']

[AVI]
SN213390_2023_07_18_0938_

[column names]
time avifileindex Longitude Latitude Altitude Satellites Heading Nozzle1downTMSCS Nozzle2downTMS SideBrush1downTMS SideBrush2downTMS BrushCurrent SideBrush1ExtendTMSCS SideBrush2ExtendTMSCS SideBrush1RetractTMSCS SideBrush2RetractTMSCS Nozzle1WaterSprayOnOffTMS Nozzle2WaterSprayOnOffTMS SideBrush1WaterSprayTMS SideBrush2WaterSprayTMS WSBMotoronoffTMS FanOnTMS WorkLight1OnOffTMS WorkLight2OnOffTMS NozGapOpen NozGapClose Pause_active AutoSweepActive EngineType EngineSpeed RoadSpeedTMSCS EngineFuelRateTMSCS FanSpeed TotalFuelConsumption WaterTankLevel JVMheartbeat JVMALerts modbus_id pm_sensor_serious_fault pm_sensor_fault pm_sensor_is_degraded_mode pm_sensor_is_ready pm_1 pm_2_5 pm_10 temperature firmware_version humidity error

[data]
09:38:23.700 0001 -0.2437203973531723 51.48497772216797 11.005 10.0 61.27968978881836 0.0 0.0 0.0 0.0 0.0 0.0 0.0 0.0 0.0 0.0 0.0 0.0 0.0 0.0 1.0 0.0 0.0 0.0 0.0 1.0 0.0 7.0 899.0 0.0 1.8 1546.0 2539.0 17.0 Operational 39.0 1.0 0.0 0.0 0.0 1.0 0.026 0.043 0.043 3312.0 4162.0 4175.0 0.0
09:38:23.800 0001 -0.2437203973531723 51.48497772216797 11.005 10.0 61.27968978881836 0.0 0.0 0.0 0.0 0.0 0.0 0.0 0.0 0.0 0.0 0.0 0.0 0.0 0.0 1.0 0.0 0.0 0.0 0.0 1.0 0.0 7.0 899.0 0.0 1.8 1544.0 2539.0 17.0 Operational 39.0 1.0 0.0 0.0 0.0 1.0 0.026 0.043 0.043 3312.0 4162.0 4175.0 0.0
09:38:23.900 0001 -0.2437203973531723 51.48497772216797 11.005 10.0 61.27968978881836 0.0 0.0 0.0 0.0 0.0 0.0 0.0 0.0 0.0 0.0 0.0 0.0 0.0 0.0 1.0 0.0 0.0 0.0 0.0 1.0 0.0 7.0 899.0 0.0 1.8 1546.0 2539.0 17.0 Operational 39.0 1.0 0.0 0.0 0.0 1.0 0.026 0.043 0.043 3312.0 4162.0 4175.0 0.0
09:38:24.000 0001 -0.2437203973531723 51.48497772216797 11.005 10.0 61.27968978881836 0.0 0.0 0.0 0.0 0.0 0.0 0.0 0.0 0.0 0.0 0.0 0.0 0.0 0.0 1.0 0.0 0.0 0.0 0.0 1.0 0.0 7.0 900.0 0.0 1.8 1546.0 2539.0 17.0 Operational 39.0 1.0 0.0 0.0 0.0 1.0 0.026 0.043 0.043 3312.0 4162.0 4175.0 0.0
09:38:24.100 0001 -0.2437203973531723 51.48497772216797 11.005 10.0 61.27968978881836 0.0 0.0 0.0 0.0 0.0 0.0 0.0 0.0 0.0 0.0 0.0 0.0 0.0 0.0 1.0 0.0 0.0 0.0 0.0 1.0 0.0 7.0 900.0 0.0 1.8 1544.0 2539.0 17.0 Operational 39.0 1.0 0.0 0.0 0.0 1.0 0.026 0.043 0.043 3312.0 4162.0 4175.0 0.0
09:38:24.200 0001 -0.2437203973531723 51.48497772216797 11.005 10.0 61.27968978881836 0.0 0.0 0.0 0.0 0.0 0.0 0.0 0.0 0.0 0.0 0.0 0.0 0.0 0.0 1.0 0.0 0.0 0.0 0.0 1.0 0.0 7.0 900.0 0.0 1.8 1546.0 2539.0 17.0 Operational 39.0 1.0 0.0 0.0 0.0 1.0 0.026 0.043 0.043 3312.0 4162.0 4175.0 0.0
09:38:24.200 0001 -0.2437203973531723 51.48497772216797 11.005 10.0 61.27968978881836 0.0 0.0 0.0 0.0 0.0 0.0 0.0 0.0 0.0 0.0 0.0 0.0 0.0 0.0 1.0 0.0 0.0 0.0 0.0 1.0 0.0 7.0 900.0 0.0 1.8 1546.0 2539.0 17.0 Operational 39.0 1.0 0.0 0.0 0.0 1.0 0.026 0.043 0.043 3312.0 4162.0 4175.0 0.0
09:38:24.300 0001 -0.2437203973531723 51.48497772216797 11.005 10.0 61.27968978881836 0.0 0.0 0.0 0.0 0.0 0.0 0.0 0.0 0.0 0.0 0.0 0.0 0.0 0.0 1.0 0.0 0.0 0.0 0.0 1.0 0.0 7.0 899.0 0.0 1.8 1544.0 2539.0 17.0 Operational 39.0 1.0 0.0 0.0 0.0 1.0 0.026 0.043 0.043 3312.0 4162.0 4175.0 0.0
09:38:24.400 0001 -0.2437203973531723 51.48497772216797 11.005 10.0 61.27968978881836 0.0 0.0 0.0 0.0 0.0 0.0 0.0 0.0 0.0 0.0 0.0 0.0 0.0 0.0 1.0 0.0 0.0 0.0 0.0 1.0 0.0 7.0 899.0 0.0 1.8 1544.0 2539.0 17.0 Operational 39.0 1.0 0.0 0.0 0.0 1.0 0.026 0.043 0.043 3312.0 4162.0 4175.0 0.0
09:38:24.500 0001 -0.2437203973531723 51.48497772216797 11.005 10.0 61.27968978881836 0.0 0.0 0.0 0.0 0.0 0.0 0.0 0.0 0.0 0.0 0.0 0.0 0.0 0.0 1.0 0.0 0.0 0.0 0.0 1.0 0.0 7.0 899.0 0.0 1.85 1544.0 2539.0 17.0 Operational 39.0 1.0 0.0 0.0 0.0 1.0 0.026 0.043 0.043 3312.0 4162.0 4175.0 0.0
09:38:24.600 0001 -0.2437203973531723 51.48497772216797 11.005 10.0 61.27968978881836 0.0 0.0 0.0 0.0 0.0 0.0 0.0 0.0 0.0 0.0 0.0 0.0 0.0 0.0 1.0 0.0 0.0 0.0 0.0 1.0 0.0 7.0 899.0 0.0 1.85 1544.0 2539.0 17.0 Operational 39.0 1.0 0.0 0.0 0.0 1.0 0.026 0.043 0.043 3312.0 4162.0 4175.0 0.0
09:38:24.700 0001 -0.2437203973531723 51.48497772216797 11.005 10.0 61.27968978881836 0.0 0.0 0.0 0.0 0.0 0.0 0.0 0.0 0.0 0.0 0.0 0.0 0.0 0.0 1.0 0.0 0.0 0.0 0.0 1.0 0.0 7.0 899.0 0.0 1.85 1546.0 2539.0 17.0 Operational 39.0 1.0 0.0 0.0 0.0 1.0 0.026 0.043 0.043 3312.0 4162.0 4175.0 0.0
09:38:24.800 0001 -0.2437177002429962 51.48497772216797 11.173 9.0 61.27968978881836 0.0 0.0 0.0 0.0 0.0 0.0 0.0 0.0 0.0 0.0 0.0 0.0 0.0 0.0 1.0 0.0 0.0 0.0 0.0 1.0 0.0 7.0 899.0 0.0 1.85 1544.0 2539.0 17.0 Operational 39.0 1.0 0.0 0.0 0.0 1.0 0.026 0.043 0.043 3312.0 4162.0 4175.0 0.0
09:38:24.900 0001 -0.2437177002429962 51.48497772216797 11.173 9.0 61.27968978881836 0.0 0.0 0.0 0.0 0.0 0.0 0.0 0.0 0.0 0.0 0.0 0.0 0.0 0.0 1.0 0.0 0.0 0.0 0.0 1.0 0.0 7.0 900.0 0.0 1.85 1546.0 2539.0 17.0 Operational 39.0 2.0 0.0 0.0 0.0 1.0 0.027 0.043 0.083 2915.0 4162.0 5647.0 0.0
09:38:25.000 0001 -0.2437177002429962 51.48497772216797 11.173 9.0 61.27968978881836 0.0 0.0 0.0 0.0 0.0 0.0 0.0 0.0 0.0 0.0 0.0 0.0 0.0 0.0 1.0 0.0 0.0 0.0 0.0 1.0 0.0 7.0 900.0 0.0 1.85 1546.0 2539.0 17.0 Operational 39.0 2.0 0.0 0.0 0.0 1.0 0.027 0.043 0.083 2915.0 4162.0 5647.0 0.0
09:38:25.100 0001 -0.2437177002429962 51.48497772216797 11.173 9.0 61.27968978881836 0.0 0.0 0.0 0.0 0.0 0.0 0.0 0.0 0.0 0.0 0.0 0.0 0.0 0.0 1.0 0.0 0.0 0.0 0.0 1.0 0.0 7.0 899.0 0.0 1.8 1546.0 2539.0 17.0 Operational 39.0 2.0 0.0 0.0 0.0 1.0 0.027 0.043 0.083 2915.0 4162.0 5647.0 0.0
09:38:25.200 0001 -0.2437177002429962 51.48497772216797 11.173 9.0 61.27968978881836 0.0 0.0 0.0 0.0 0.0 0.0 0.0 0.0 0.0 0.0 0.0 0.0 0.0 0.0 1.0 0.0 0.0 0.0 0.0 1.0 0.0 7.0 900.0 0.0 1.85 1546.0 2539.0 17.0 Operational 39.0 2.0 0.0 0.0 0.0 1.0 0.027 0.043 0.083 2915.0 4162.0 5647.0 0.0
09:38:25.300 0001 -0.2437177002429962 51.48497772216797 11.173 9.0 61.27968978881836 0.0 0.0 0.0 0.0 0.0 0.0 0.0 0.0 0.0 0.0 0.0 0.0 0.0 0.0 1.0 0.0 0.0 0.0 0.0 1.0 0.0 7.0 899.0 0.0 1.85 1544.0 2539.0 17.0 Operational 39.0 2.0 0.0 0.0 0.0 1.0 0.027 0.043 0.083 2915.0 4162.0 5647.0 0.0
09:38:25.400 0001 -0.2437177002429962 51.48497772216797 11.173 9.0 61.27968978881836 0.0 0.0 0.0 0.0 0.0 0.0 0.0 0.0 0.0 0.0 0.0 0.0 0.0 0.0 1.0 0.0 0.0 0.0 0.0 1.0 0.0 7.0 899.0 0.0 1.8 1544.0 2539.0 17.0 Operational 39.0 2.0 0.0 0.0 0.0 1.0 0.027 0.043 0.083 2915.0 4162.0 5647.0 0.0
09:38:25.500 0001 -0.2437177002429962 51.48497772216797 11.173 9.0 61.27968978881836 0.0 0.0 0.0 0.0 0.0 0.0 0.0 0.0 0.0 0.0 0.0 0.0 0.0 0.0 1.0 0.0 0.0 0.0 0.0 1.0 0.0 7.0 899.0 0.0 1.8 1544.0 2539.0 17.0 Operational 39.0 2.0 0.0 0.0 0.0 1.0 0.027 0.043 0.083 2915.0 4162.0 5647.0 0.0
09:38:25.600 0001 -0.2437177002429962 51.48497772216797 11.173 9.0 61.27968978881836 0.0 0.0 0.0 0.0 0.0 0.0 0.0 0.0 0.0 0.0 0.0 0.0 0.0 0.0 1.0 0.0 0.0 0.0 0.0 1.0 0.0 7.0 899.0 0.0 1.85 1544.0 2539.0 17.0 Operational 39.0 3.0 0.0 0.0 0.0 1.0 0.043 0.059 0.059 2915.0 4162.0 5647.0 0.0
09:38:25.700 0001 -0.2437177002429962 51.48497772216797 11.173 9.0 61.27968978881836 0.0 0.0 0.0 0.0 0.0 0.0 0.0 0.0 0.0 0.0 0.0 0.0 0.0 0.0 1.0 0.0 0.0 0.0 0.0 1.0 0.0 7.0 899.0 0.0 1.85 1544.0 2539.0 17.0 Operational 39.0 3.0 0.0 0.0 0.0 1.0 0.043 0.059 0.059 2819.0 4162.0 4333.0 0.0
09:38:25.800 0001 -0.2437161058187484 51.48497772216797 11.279 9.0 61.27968978881836 0.0 0.0 0.0 0.0 0.0 0.0 0.0 0.0 0.0 0.0 0.0 0.0 0.0 0.0 1.0 0.0 0.0 0.0 0.0 1.0 0.0 7.0 899.0 0.0 1.85 1544.0 2539.0 17.0 Operational 39.0 3.0 0.0 0.0 0.0 1.0 0.043 0.059 0.059 2819.0 4162.0 4333.0 0.0
09:38:25.900 0001 -0.2437161058187484 51.48497772216797 11.279 9.0 61.27968978881836 0.0 0.0 0.0 0.0 0.0 0.0 0.0 0.0 0.0 0.0 0.0 0.0 0.0 0.0 1.0 0.0 0.0 0.0 0.0 1.0 0.0 7.0 899.0 0.0 1.85 1544.0 2539.0 17.0 Operational 39.0 3.0 0.0 0.0 0.0 1.0 0.043 0.059 0.059 2819.0 4162.0 4333.0 0.0
09:38:26.000 0001 -0.2437161058187484 51.48497772216797 11.279 9.0 61.27968978881836 0.0 0.0 0.0 0.0 0.0 0.0 0.0 0.0 0.0 0.0 0.0 0.0 0.0 0.0 1.0 0.0 0.0 0.0 0.0 1.0 0.0 7.0 899.0 0.0 1.85 1544.0 2539.0 17.0 Operational 39.0 3.0 0.0 0.0 0.0 1.0 0.043 0.059 0.059 2819.0 4162.0 4333.0 0.0
09:38:26.100 0001 -0.2437161058187484 51.48497772216797 11.279 9.0 61.27968978881836 0.0 0.0 0.0 0.0 0.0 0.0 0.0 0.0 0.0 0.0 0.0 0.0 0.0 0.0 1.0 0.0 0.0 0.0 0.0 1.0 0.0 7.0 899.0 0.0 1.85 1544.0 2539.0 17.0 Operational 39.0 3.0 0.0 0.0 0.0 1.0 0.043 0.059 0.059 2819.0 4162.0 4333.0 0.0
09:38:26.200 0001 -0.2437161058187484 51.48497772216797 11.279 9.0 61.27968978881836 0.0 0.0 0.0 0.0 0.0 0.0 0.0 0.0 0.0 0.0 0.0 0.0 0.0 0.0 1.0 0.0 0.0 0.0 0.0 1.0 0.0 7.0 899.0 0.0 1.85 1544.0 2539.0 17.0 Operational 39.0 3.0 0.0 0.0 0.0 1.0 0.043 0.059 0.059 2819.0 4162.0 4333.0 0.0
09:38:26.300 0001 -0.2437161058187484 51.48497772216797 11.279 9.0 61.27968978881836 0.0 0.0 0.0 0.0 0.0 0.0 0.0 0.0 0.0 0.0 0.0 0.0 0.0 0.0 1.0 0.0 0.0 0.0 0.0 1.0 0.0 7.0 899.0 0.0 1.85 1544.0 2539.0 17.0 Operational 39.0 3.0 0.0 0.0 0.0 1.0 0.043 0.059 0.059 2819.0 4162.0 4333.0 0.0
09:38:26.400 0001 -0.2437161058187484 51.48497772216797 11.279 9.0 61.27968978881836 0.0 0.0 0.0 0.0 0.0 0.0 0.0 0.0 0.0 0.0 0.0 0.0 0.0 0.0 1.0 0.0 0.0 0.0 0.0 1.0 0.0 7.0 899.0 0.0 1.85 1544.0 2539.0 17.0 Operational 39.0 4.0 0.0 0.0 0.0 1.0 0.021 0.038 0.038 2735.0 4162.0 4391.0 0.0
09:38:26.500 0001 -0.2437161058187484 51.48497772216797 11.279 9.0 61.27968978881836 0.0 0.0 0.0 0.0 0.0 0.0 0.0 0.0 0.0 0.0 0.0 0.0 0.0 0.0 1.0 0.0 0.0 0.0 0.0 1.0 0.0 7.0 899.0 0.0 1.85 1544.0 2539.0 17.0 Operational 39.0 4.0 0.0 0.0 0.0 1.0 0.021 0.038 0.038 2735.0 4162.0 4391.0 0.0
09:38:26.600 0001 -0.2437161058187484 51.48497772216797 11.279 9.0 61.27968978881836 0.0 0.0 0.0 0.0 0.0 0.0 0.0 0.0 0.0 0.0 0.0 0.0 0.0 0.0 1.0 0.0 0.0 0.0 0.0 1.0 0.0 7.0 899.0 0.0 1.85 1544.0 2539.0 17.0 Operational 39.0 4.0 0.0 0.0 0.0 1.0 0.021 0.038 0.038 2735.0 4162.0 4391.0 0.0
09:38:26.700 0001 -0.2437161058187484 51.48497772216797 11.279 9.0 61.27968978881836 0.0 0.0 0.0 0.0 0.0 0.0 0.0 0.0 0.0 0.0 0.0 0.0 0.0 0.0 1.0 0.0 0.0 0.0 0.0 1.0 0.0 7.0 899.0 0.0 1.85 1544.0 2539.0 17.0 Operational 39.0 4.0 0.0 0.0 0.0 1.0 0.021 0.038 0.038 2735.0 4162.0 4391.0 0.0
09:38:26.800 0001 -0.2437140047550201 51.48497772216797 11.067 11.0 61.27968978881836 0.0 0.0 0.0 0.0 0.0 0.0 0.0 0.0 0.0 0.0 0.0 0.0 0.0 0.0 1.0 0.0 0.0 0.0 0.0 1.0 0.0 7.0 899.0 0.0 1.85 1544.0 2539.0 17.0 Operational 39.0 4.0 0.0 0.0 0.0 1.0 0.021 0.038 0.038 2735.0 4162.0 4391.0 0.0
09:38:26.900 0001 -0.2437140047550201 51.48497772216797 11.067 11.0 61.27968978881836 0.0 0.0 0.0 0.0 0.0 0.0 0.0 0.0 0.0 0.0 0.0 0.0 0.0 0.0 1.0 0.0 0.0 0.0 0.0 1.0 0.0 7.0 900.0 0.0 1.85 1546.0 2539.0 17.0 Operational 39.0 4.0 0.0 0.0 0.0 1.0 0.021 0.038 0.038 2735.0 4162.0 4391.0 0.0
09:38:27.000 0001 -0.2437140047550201 51.48497772216797 11.067 11.0 61.27968978881836 0.0 0.0 0.0 0.0 0.0 0.0 0.0 0.0 0.0 0.0 0.0 0.0 0.0 0.0 1.0 0.0 0.0 0.0 0.0 1.0 0.0 7.0 900.0 0.0 1.85 1546.0 2539.0 17.0 Operational 39.0 4.0 0.0 0.0 0.0 1.0 0.021 0.038 0.038 2735.0 4162.0 4391.0 0.0
09:38:27.100 0001 -0.2437140047550201 51.48497772216797 11.067 11.0 61.27968978881836 0.0 0.0 0.0 0.0 0.0 0.0 0.0 0.0 0.0 0.0 0.0 0.0 0.0 0.0 1.0 0.0 0.0 0.0 0.0 1.0 0.0 7.0 899.0 0.0 1.85 1544.0 2539.0 17.0 Operational 39.0 4.0 0.0 0.0 0.0 1.0 0.021 0.038 0.038 2735.0 4162.0 4391.0 0.0
09:38:27.200 0001 -0.2437140047550201 51.48497772216797 11.067 11.0 61.27968978881836 0.0 0.0 0.0 0.0 0.0 0.0 0.0 0.0 0.0 0.0 0.0 0.0 0.0 0.0 1.0 0.0 0.0 0.0 0.0 1.0 0.0 7.0 899.0 0.0 1.85 1544.0 2539.0 17.0 Operational 39.0 5.0 0.0 0.0 0.0 1.0 0.05 0.083 0.083 2640.0 4162.0 4741.0 0.0
09:38:27.300 0001 -0.2437140047550201 51.48497772216797 11.067 11.0 61.27968978881836 0.0 0.0 0.0 0.0 0.0 0.0 0.0 0.0 0.0 0.0 0.0 0.0 0.0 0.0 1.0 0.0 0.0 0.0 0.0 1.0 0.0 7.0 899.0 0.0 1.85 1544.0 2539.0 17.0 Operational 39.0 5.0 0.0 0.0 0.0 1.0 0.05 0.083 0.083 2640.0 4162.0 4741.0 0.0
09:38:27.400 0001 -0.2437140047550201 51.48497772216797 11.067 11.0 61.27968978881836 0.0 0.0 0.0 0.0 0.0 0.0 0.0 0.0 0.0 0.0 0.0 0.0 0.0 0.0 1.0 0.0 0.0 0.0 0.0 1.0 0.0 7.0 900.0 0.0 1.85 1546.0 2539.0 17.0 Operational 39.0 5.0 0.0 0.0 0.0 1.0 0.05 0.083 0.083 2640.0 4162.0 4741.0 0.0
09:38:27.500 0001 -0.2437140047550201 51.48497772216797 11.067 11.0 61.27968978881836 0.0 0.0 0.0 0.0 0.0 0.0 0.0 0.0 0.0 0.0 0.0 0.0 0.0 0.0 1.0 0.0 0.0 0.0 0.0 1.0 0.0 7.0 900.0 0.0 1.85 1546.0 2539.0 17.0 Operational 39.0 5.0 0.0 0.0 0.0 1.0 0.05 0.083 0.083 2640.0 4162.0 4741.0 0.0
09:38:27.600 0001 -0.2437140047550201 51.48497772216797 11.067 11.0 61.27968978881836 0.0 0.0 0.0 0.0 0.0 0.0 0.0 0.0 0.0 0.0 0.0 0.0 0.0 0.0 1.0 0.0 0.0 0.0 0.0 1.0 0.0 7.0 900.0 0.0 1.85 1544.0 2539.0 17.0 Operational 39.0 5.0 0.0 0.0 0.0 1.0 0.05 0.083 0.083 2640.0 4162.0 4741.0 0.0
09:38:27.700 0001 -0.2437140047550201 51.48497772216797 11.067 11.0 61.27968978881836 0.0 0.0 0.0 0.0 0.0 0.0 0.0 0.0 0.0 0.0 0.0 0.0 0.0 0.0 1.0 0.0 0.0 0.0 0.0 1.0 0.0 7.0 900.0 0.0 1.85 1546.0 2539.0 17.0 Operational 39.0 5.0 0.0 0.0 0.0 1.0 0.05 0.083 0.083 2640.0 4162.0 4741.0 0.0
09:38:27.800 0001 -0.2437130957841873 51.48497772216797 11.35 10.0 61.27968978881836 0.0 0.0 0.0 0.0 0.0 0.0 0.0 0.0 0.0 0.0 0.0 0.0 0.0 0.0 1.0 0.0 0.0 0.0 0.0 1.0 0.0 7.0 900.0 0.0 1.85 1546.0 2539.0 17.0 Operational 39.0 5.0 0.0 0.0 0.0 1.0 0.05 0.083 0.083 2640.0 4162.0 4741.0 0.0
09:38:27.900 0001 -0.2437130957841873 51.48497772216797 11.35 10.0 61.27968978881836 0.0 0.0 0.0 0.0 0.0 0.0 0.0 0.0 0.0 0.0 0.0 0.0 0.0 0.0 1.0 0.0 0.0 0.0 0.0 1.0 0.0 7.0 900.0 0.0 1.85 1546.0 2539.0 17.0 Operational 39.0 5.0 0.0 0.0 0.0 1.0 0.05 0.083 0.083 2640.0 4162.0 4741.0 0.0
09:38:28.000 0001 -0.2437130957841873 51.48497772216797 11.35 10.0 61.27968978881836 0.0 0.0 0.0 0.0 0.0 0.0 0.0 0.0 0.0 0.0 0.0 0.0 0.0 0.0 1.0 0.0 0.0 0.0 0.0 1.0 0.0 7.0 900.0 0.0 1.85 1544.0 2539.0 17.0 Operational 39.0 5.0 0.0 0.0 0.0 1.0 0.05 0.083 0.083 2640.0 4162.0 4741.0 0.0
09:38:28.100 0001 -0.2437130957841873 51.48497772216797 11.35 10.0 61.27968978881836 0.0 0.0 0.0 0.0 0.0 0.0 0.0 0.0 0.0 0.0 0.0 0.0 0.0 0.0 1.0 0.0 0.0 0.0 0.0 1.0 0.0 7.0 900.0 0.0 1.85 1544.0 2539.0 17.0 Operational 39.0 1.0 0.0 0.0 0.0 1.0 0.022 0.022 0.022 3311.0 4162.0 4173.0 0.0
09:38:28.200 0001 -0.2437130957841873 51.48497772216797 11.35 10.0 61.27968978881836 0.0 0.0 0.0 0.0 0.0 0.0 0.0 0.0 0.0 0.0 0.0 0.0 0.0 0.0 1.0 0.0 0.0 0.0 0.0 1.0 0.0 7.0 900.0 0.0 1.85 1544.0 2539.0 17.0 Operational 39.0 1.0 0.0 0.0 0.0 1.0 0.022 0.022 0.022 3311.0 4162.0 4173.0 0.0
09:38:28.300 0001 -0.2437130957841873 51.48497772216797 11.35 10.0 61.27968978881836 0.0 0.0 0.0 0.0 0.0 0.0 0.0 0.0 0.0 0.0 0.0 0.0 0.0 0.0 1.0 0.0 0.0 0.0 0.0 1.0 0.0 7.0 899.0 0.0 1.85 1546.0 2539.0 17.0 Operational 39.0 1.0 0.0 0.0 0.0 1.0 0.022 0.022 0.022 3311.0 4162.0 4173.0 0.0
09:38:28.400 0001 -0.2437130957841873 51.48497772216797 11.35 10.0 61.27968978881836 0.0 0.0 0.0 0.0 0.0 0.0 0.0 0.0 0.0 0.0 0.0 0.0 0.0 0.0 1.0 0.0 0.0 0.0 0.0 1.0 0.0 7.0 900.0 0.0 1.85 1546.0 2539.0 17.0 Operational 39.0 1.0 0.0 0.0 0.0 1.0 0.022 0.022 0.022 3311.0 4162.0 4173.0 0.0
09:38:28.500 0001 -0.2437130957841873 51.48497772216797 11.35 10.0 61.27968978881836 0.0 0.0 0.0 0.0 0.0 0.0 0.0 0.0 0.0 0.0 0.0 0.0 0.0 0.0 1.0 0.0 0.0 0.0 0.0 1.0 0.0 7.0 900.0 0.0 1.85 1546.0 2539.0 17.0 Operational 39.0 1.0 0.0 0.0 0.0 1.0 0.022 0.022 0.022 3311.0 4162.0 4173.0 0.0
09:38:28.600 0001 -0.2437130957841873 51.48497772216797 11.35 10.0 61.27968978881836 0.0 0.0 0.0 0.0 0.0 0.0 0.0 0.0 0.0 0.0 0.0 0.0 0.0 0.0 1.0 0.0 0.0 0.0 0.0 1.0 0.0 7.0 900.0 0.0 1.85 1546.0 2539.0 17.0 Operational 39.0 1.0 0.0 0.0 0.0 1.0 0.022 0.022 0.022 3311.0 4162.0 4173.0 0.0
09:38:28.700 0001 -0.2437130957841873 51.48497772216797 11.35 10.0 61.27968978881836 0.0 0.0 0.0 0.0 0.0 0.0 0.0 0.0 0.0 0.0 0.0 0.0 0.0 0.0 1.0 0.0 0.0 0.0 0.0 1.0 0.0 7.0 900.0 0.0 1.85 1546.0 2539.0 17.0 Operational 39.0 1.0 0.0 0.0 0.0 1.0 0.022 0.022 0.022 3311.0 4162.0 4173.0 0.0
09:38:28.800 0001 -0.2437133938074112 51.48497772216797 11.14 9.0 61.27968978881836 0.0 0.0 0.0 0.0 0.0 0.0 0.0 0.0 0.0 0.0 0.0 0.0 0.0 0.0 1.0 0.0 0.0 0.0 0.0 1.0 0.0 7.0 900.0 0.0 1.85 1546.0 2539.0 17.0 Operational 39.0 1.0 0.0 0.0 0.0 1.0 0.022 0.022 0.022 3311.0 4162.0 4173.0 0.0
09:38:28.900 0001 -0.2437133938074112 51.48497772216797 11.14 9.0 61.27968978881836 0.0 0.0 0.0 0.0 0.0 0.0 0.0 0.0 0.0 0.0 0.0 0.0 0.0 0.0 1.0 0.0 0.0 0.0 0.0 1.0 0.0 7.0 900.0 0.0 1.85 1544.0 2539.0 17.0 Operational 39.0 2.0 0.0 0.0 0.0 1.0 0.022 0.038 0.058 2911.0 4162.0 5672.0 0.0
09:38:29.000 0001 -0.2437133938074112 51.48497772216797 11.14 9.0 61.27968978881836 0.0 0.0 0.0 0.0 0.0 0.0 0.0 0.0 0.0 0.0 0.0 0.0 0.0 0.0 1.0 0.0 0.0 0.0 0.0 1.0 0.0 7.0 899.0 0.0 1.85 1544.0 2539.0 17.0 Operational 39.0 2.0 0.0 0.0 0.0 1.0 0.022 0.038 0.058 2911.0 4162.0 5672.0 0.0
09:38:29.100 0001 -0.2437133938074112 51.48497772216797 11.14 9.0 61.27968978881836 0.0 0.0 0.0 0.0 0.0 0.0 0.0 0.0 0.0 0.0 0.0 0.0 0.0 0.0 1.0 0.0 0.0 0.0 0.0 1.0 0.0 7.0 899.0 0.0 1.85 1546.0 2539.0 17.0 Operational 39.0 2.0 0.0 0.0 0.0 1.0 0.022 0.038 0.058 2911.0 4162.0 5672.0 0.0
09:38:29.200 0001 -0.2437133938074112 51.48497772216797 11.14 9.0 61.27968978881836 0.0 0.0 0.0 0.0 0.0 0.0 0.0 0.0 0.0 0.0 0.0 0.0 0.0 0.0 1.0 0.0 0.0 0.0 0.0 1.0 0.0 7.0 900.0 0.0 1.85 1546.0 2539.0 17.0 Operational 39.0 2.0 0.0 0.0 0.0 1.0 0.022 0.038 0.058 2911.0 4162.0 5672.0 0.0
09:38:29.300 0001 -0.2437133938074112 51.48497772216797 11.14 9.0 61.27968978881836 0.0 0.0 0.0 0.0 0.0 0.0 0.0 0.0 0.0 0.0 0.0 0.0 0.0 0.0 1.0 0.0 0.0 0.0 0.0 1.0 0.0 7.0 900.0 0.0 1.85 1546.0 2539.0 17.0 Operational 39.0 2.0 0.0 0.0 0.0 1.0 0.022 0.038 0.058 2911.0 4162.0 5672.0 0.0
09:38:29.400 0001 -0.2437133938074112 51.48497772216797 11.14 9.0 61.27968978881836 0.0 0.0 0.0 0.0 0.0 0.0 0.0 0.0 0.0 0.0 0.0 0.0 0.0 0.0 1.0 0.0 0.0 0.0 0.0 1.0 0.0 7.0 899.0 0.0 1.85 1544.0 2539.0 17.0 Operational 39.0 2.0 0.0 0.0 0.0 1.0 0.022 0.038 0.058 2911.0 4162.0 5672.0 0.0
09:38:29.500 0001 -0.2437133938074112 51.48497772216797 11.14 9.0 61.27968978881836 0.0 0.0 0.0 0.0 0.0 0.0 0.0 0.0 0.0 0.0 0.0 0.0 0.0 0.0 1.0 0.0 0.0 0.0 0.0 1.0 0.0 7.0 899.0 0.0 1.85 1544.0 2539.0 17.0 Operational 39.0 2.0 0.0 0.0 0.0 1.0 0.022 0.038 0.058 2911.0 4162.0 5672.0 0.0
09:38:29.600 0001 -0.2437133938074112 51.48497772216797 11.14 9.0 61.27968978881836 0.0 0.0 0.0 0.0 0.0 0.0 0.0 0.0 0.0 0.0 0.0 0.0 0.0 0.0 1.0 0.0 0.0 0.0 0.0 1.0 0.0 7.0 899.0 0.0 1.85 1544.0 2539.0 17.0 Operational 39.0 2.0 0.0 0.0 0.0 1.0 0.022 0.038 0.058 2911.0 4162.0 5672.0 0.0
09:38:29.700 0001 -0.2437133938074112 51.48497772216797 11.14 9.0 61.27968978881836 0.0 0.0 0.0 0.0 0.0 0.0 0.0 0.0 0.0 0.0 0.0 0.0 0.0 0.0 1.0 0.0 0.0 0.0 0.0 1.0 0.0 7.0 900.0 0.0 1.85 1546.0 2539.0 17.0 Operational 39.0 3.0 0.0 0.0 0.0 1.0 0.031 0.031 0.031 2819.0 4162.0 4328.0 0.0
09:38:29.800 0001 -0.2437134981155395 51.48497772216797 10.836 9.0 61.27968978881836 0.0 0.0 0.0 0.0 0.0 0.0 0.0 0.0 0.0 0.0 0.0 0.0 0.0 0.0 1.0 0.0 0.0 0.0 0.0 1.0 0.0 7.0 900.0 0.0 1.85 1546.0 2539.0 17.0 Operational 39.0 3.0 0.0 0.0 0.0 1.0 0.031 0.031 0.031 2819.0 4162.0 4328.0 0.0
09:38:29.900 0001 -0.2437134981155395 51.48497772216797 10.836 9.0 61.27968978881836 0.0 0.0 0.0 0.0 0.0 0.0 0.0 0.0 0.0 0.0 0.0 0.0 0.0 0.0 1.0 0.0 0.0 0.0 0.0 1.0 0.0 7.0 900.0 0.0 1.85 1546.0 2539.0 17.0 Operational 39.0 3.0 0.0 0.0 0.0 1.0 0.031 0.031 0.031 2819.0 4162.0 4328.0 0.0
09:38:30.000 0001 -0.2437134981155395 51.48497772216797 10.836 9.0 61.27968978881836 0.0 0.0 0.0 0.0 0.0 0.0 0.0 0.0 0.0 0.0 0.0 0.0 0.0 0.0 1.0 0.0 0.0 0.0 0.0 1.0 0.0 7.0 900.0 0.0 1.85 1546.0 2539.0 17.0 Operational 39.0 3.0 0.0 0.0 0.0 1.0 0.031 0.031 0.031 2819.0 4162.0 4328.0 0.0
09:38:30.100 0001 -0.2437134981155395 51.48497772216797 10.836 9.0 61.27968978881836 0.0 0.0 0.0 0.0 0.0 0.0 0.0 0.0 0.0 0.0 0.0 0.0 0.0 0.0 1.0 0.0 0.0 0.0 0.0 1.0 0.0 7.0 900.0 0.0 1.85 1546.0 2539.0 17.0 Operational 39.0 3.0 0.0 0.0 0.0 1.0 0.031 0.031 0.031 2819.0 4162.0 4328.0 0.0
09:38:30.200 0001 -0.2437134981155395 51.48497772216797 10.836 9.0 61.27968978881836 0.0 0.0 0.0 0.0 0.0 0.0 0.0 0.0 0.0 0.0 0.0 0.0 0.0 0.0 1.0 0.0 0.0 0.0 0.0 1.0 0.0 7.0 900.0 0.0 1.85 1546.0 2539.0 17.0 Operational 39.0 3.0 0.0 0.0 0.0 1.0 0.031 0.031 0.031 2819.0 4162.0 4328.0 0.0
09:38:30.300 0001 -0.2437134981155395 51.48497772216797 10.836 9.0 61.27968978881836 0.0 0.0 0.0 0.0 0.0 0.0 0.0 0.0 0.0 0.0 0.0 0.0 0.0 0.0 1.0 0.0 0.0 0.0 0.0 1.0 0.0 7.0 900.0 0.0 1.85 1546.0 2539.0 17.0 Operational 39.0 3.0 0.0 0.0 0.0 1.0 0.031 0.031 0.031 2819.0 4162.0 4328.0 0.0
09:38:30.400 0001 -0.2437134981155395 51.48497772216797 10.836 9.0 61.27968978881836 0.0 0.0 0.0 0.0 0.0 0.0 0.0 0.0 0.0 0.0 0.0 0.0 0.0 0.0 1.0 0.0 0.0 0.0 0.0 1.0 0.0 7.0 900.0 0.0 1.85 1546.0 2539.0 17.0 Operational 39.0 3.0 0.0 0.0 0.0 1.0 0.031 0.031 0.031 2819.0 4162.0 4328.0 0.0
09:38:30.500 0001 -0.2437134981155395 51.48497772216797 10.836 9.0 61.27968978881836 0.0 0.0 0.0 0.0 0.0 0.0 0.0 0.0 0.0 0.0 0.0 0.0 0.0 0.0 1.0 0.0 0.0 0.0 0.0 1.0 0.0 7.0 900.0 0.0 1.85 1544.0 2539.0 17.0 Operational 39.0 4.0 0.0 0.0 0.0 1.0 0.025 0.041 0.041 2735.0 4162.0 4397.0 0.0
09:38:30.600 0001 -0.2437134981155395 51.48497772216797 10.836 9.0 61.27968978881836 0.0 0.0 0.0 0.0 0.0 0.0 0.0 0.0 0.0 0.0 0.0 0.0 0.0 0.0 1.0 0.0 0.0 0.0 0.0 1.0 0.0 7.0 900.0 0.0 1.85 1546.0 2539.0 17.0 Operational 39.0 4.0 0.0 0.0 0.0 1.0 0.025 0.041 0.041 2735.0 4162.0 4397.0 0.0
09:38:30.700 0001 -0.2437134981155395 51.48497772216797 10.836 9.0 61.27968978881836 0.0 0.0 0.0 0.0 0.0 0.0 0.0 0.0 0.0 0.0 0.0 0.0 0.0 0.0 1.0 0.0 0.0 0.0 0.0 1.0 0.0 7.0 899.0 0.0 1.85 1546.0 2539.0 17.0 Operational 39.0 4.0 0.0 0.0 0.0 1.0 0.025 0.041 0.041 2735.0 4162.0 4397.0 0.0
09:38:30.800 0001 -0.2437133938074112 51.48497772216797 10.719 9.0 61.27968978881836 0.0 0.0 0.0 0.0 0.0 0.0 0.0 0.0 0.0 0.0 0.0 0.0 0.0 0.0 1.0 0.0 0.0 0.0 0.0 1.0 0.0 7.0 900.0 0.0 1.85 1546.0 2539.0 17.0 Operational 39.0 4.0 0.0 0.0 0.0 1.0 0.025 0.041 0.041 2735.0 4162.0 4397.0 0.0
09:38:30.900 0001 -0.2437133938074112 51.48497772216797 10.719 9.0 61.27968978881836 0.0 0.0 0.0 0.0 0.0 0.0 0.0 0.0 0.0 0.0 0.0 0.0 0.0 0.0 1.0 0.0 0.0 0.0 0.0 1.0 0.0 7.0 900.0 0.0 1.85 1546.0 2539.0 17.0 Operational 39.0 4.0 0.0 0.0 0.0 1.0 0.025 0.041 0.041 2735.0 4162.0 4397.0 0.0
09:38:31.000 0001 -0.2437133938074112 51.48497772216797 10.719 9.0 61.27968978881836 0.0 0.0 0.0 0.0 0.0 0.0 0.0 0.0 0.0 0.0 0.0 0.0 0.0 0.0 1.0 0.0 0.0 0.0 0.0 1.0 0.0 7.0 900.0 0.0 1.85 1546.0 2539.0 17.0 Operational 39.0 4.0 0.0 0.0 0.0 1.0 0.025 0.041 0.041 2735.0 4162.0 4397.0 0.0
09:38:31.100 0001 -0.2437133938074112 51.48497772216797 10.719 9.0 61.27968978881836 0.0 0.0 0.0 0.0 0.0 0.0 0.0 0.0 0.0 0.0 0.0 0.0 0.0 0.0 1.0 0.0 0.0 0.0 0.0 1.0 0.0 7.0 900.0 0.0 1.85 1546.0 2539.0 17.0 Operational 39.0 4.0 0.0 0.0 0.0 1.0 0.025 0.041 0.041 2735.0 4162.0 4397.0 0.0
09:38:31.200 0001 -0.2437133938074112 51.48497772216797 10.719 9.0 61.27968978881836 0.0 0.0 0.0 0.0 0.0 0.0 0.0 0.0 0.0 0.0 0.0 0.0 0.0 0.0 1.0 0.0 0.0 0.0 0.0 1.0 0.0 7.0 900.0 0.0 1.85 1546.0 2539.0 17.0 Operational 39.0 4.0 0.0 0.0 0.0 1.0 0.025 0.041 0.041 2735.0 4162.0 4397.0 0.0
09:38:31.300 0001 -0.2437133938074112 51.48497772216797 10.719 9.0 61.27968978881836 0.0 0.0 0.0 0.0 0.0 0.0 0.0 0.0 0.0 0.0 0.0 0.0 0.0 0.0 1.0 0.0 0.0 0.0 0.0 1.0 0.0 7.0 900.0 0.0 1.8 1544.0 2539.0 17.0 Operational 39.0 5.0 0.0 0.0 0.0 1.0 0.044 0.061 0.061 2642.0 4162.0 4736.0 0.0
09:38:31.400 0001 -0.2437133938074112 51.48497772216797 10.719 9.0 61.27968978881836 0.0 0.0 0.0 0.0 0.0 0.0 0.0 0.0 0.0 0.0 0.0 0.0 0.0 0.0 1.0 0.0 0.0 0.0 0.0 1.0 0.0 7.0 900.0 0.0 1.85 1546.0 2539.0 17.0 Operational 39.0 5.0 0.0 0.0 0.0 1.0 0.044 0.061 0.061 2642.0 4162.0 4736.0 0.0
09:38:31.500 0001 -0.2437133938074112 51.48497772216797 10.719 9.0 61.27968978881836 0.0 0.0 0.0 0.0 0.0 0.0 0.0 0.0 0.0 0.0 0.0 0.0 0.0 0.0 1.0 0.0 0.0 0.0 0.0 1.0 0.0 7.0 899.0 0.0 1.8 1546.0 2539.0 17.0 Operational 39.0 5.0 0.0 0.0 0.0 1.0 0.044 0.061 0.061 2642.0 4162.0 4736.0 0.0
09:38:31.600 0001 -0.2437133938074112 51.48497772216797 10.719 9.0 61.27968978881836 0.0 0.0 0.0 0.0 0.0 0.0 0.0 0.0 0.0 0.0 0.0 0.0 0.0 0.0 1.0 0.0 0.0 0.0 0.0 1.0 0.0 7.0 900.0 0.0 1.8 1544.0 2539.0 17.0 Operational 39.0 5.0 0.0 0.0 0.0 1.0 0.044 0.061 0.061 2642.0 4162.0 4736.0 0.0
09:38:31.700 0001 -0.2437133938074112 51.48497772216797 10.719 9.0 61.27968978881836 0.0 0.0 0.0 0.0 0.0 0.0 0.0 0.0 0.0 0.0 0.0 0.0 0.0 0.0 1.0 0.0 0.0 0.0 0.0 1.0 0.0 7.0 899.0 0.0 1.85 1544.0 2539.0 17.0 Operational 39.0 5.0 0.0 0.0 0.0 1.0 0.044 0.061 0.061 2642.0 4162.0 4736.0 0.0
09:38:31.800 0001 -0.2437133938074112 51.4849739074707 10.499 10.0 61.27968978881836 0.0 0.0 0.0 0.0 0.0 0.0 0.0 0.0 0.0 0.0 0.0 0.0 0.0 0.0 1.0 0.0 0.0 0.0 0.0 1.0 0.0 7.0 899.0 0.0 1.85 1544.0 2539.0 17.0 Operational 39.0 5.0 0.0 0.0 0.0 1.0 0.044 0.061 0.061 2642.0 4162.0 4736.0 0.0
09:38:31.900 0001 -0.2437133938074112 51.4849739074707 10.499 10.0 61.27968978881836 0.0 0.0 0.0 0.0 0.0 0.0 0.0 0.0 0.0 0.0 0.0 0.0 0.0 0.0 1.0 0.0 0.0 0.0 0.0 1.0 0.0 7.0 899.0 0.0 1.85 1544.0 2539.0 17.0 Operational 39.0 5.0 0.0 0.0 0.0 1.0 0.044 0.061 0.061 2642.0 4162.0 4736.0 0.0
09:38:32.000 0001 -0.2437133938074112 51.4849739074707 10.499 10.0 61.27968978881836 0.0 0.0 0.0 0.0 0.0 0.0 0.0 0.0 0.0 0.0 0.0 0.0 0.0 0.0 1.0 0.0 0.0 0.0 0.0 1.0 0.0 7.0 900.0 0.0 1.85 1546.0 2539.0 17.0 Operational 39.0 5.0 0.0 0.0 0.0 1.0 0.044 0.061 0.061 2642.0 4162.0 4736.0 0.0
09:38:32.100 0001 -0.2437133938074112 51.4849739074707 10.499 10.0 61.27968978881836 0.0 0.0 0.0 0.0 0.0 0.0 0.0 0.0 0.0 0.0 0.0 0.0 0.0 0.0 1.0 0.0 0.0 0.0 0.0 1.0 0.0 7.0 900.0 0.0 1.85 1546.0 2539.0 17.0 Operational 39.0 1.0 0.0 0.0 0.0 1.0 0.02 0.053 0.053 3314.0 4162.0 4172.0 0.0
09:38:32.200 0001 -0.2437133938074112 51.4849739074707 10.499 10.0 61.27968978881836 0.0 0.0 0.0 0.0 0.0 0.0 0.0 0.0 0.0 0.0 0.0 0.0 0.0 0.0 1.0 0.0 0.0 0.0 0.0 1.0 0.0 7.0 900.0 0.0 1.85 1546.0 2539.0 17.0 Operational 39.0 1.0 0.0 0.0 0.0 1.0 0.02 0.053 0.053 3314.0 4162.0 4172.0 0.0
09:38:32.300 0001 -0.2437133938074112 51.4849739074707 10.499 10.0 61.27968978881836 0.0 0.0 0.0 0.0 0.0 0.0 0.0 0.0 0.0 0.0 0.0 0.0 0.0 0.0 1.0 0.0 0.0 0.0 0.0 1.0 0.0 7.0 899.0 0.0 1.85 1546.0 2539.0 17.0 Operational 39.0 1.0 0.0 0.0 0.0 1.0 0.02 0.053 0.053 3314.0 4162.0 4172.0 0.0
09:38:32.400 0001 -0.2437133938074112 51.4849739074707 10.499 10.0 61.27968978881836 0.0 0.0 0.0 0.0 0.0 0.0 0.0 0.0 0.0 0.0 0.0 0.0 0.0 0.0 1.0 0.0 0.0 0.0 0.0 1.0 0.0 7.0 900.0 0.0 1.8 1544.0 2539.0 17.0 Operational 39.0 1.0 0.0 0.0 0.0 1.0 0.02 0.053 0.053 3314.0 4162.0 4172.0 0.0
09:38:32.500 0001 -0.2437133938074112 51.4849739074707 10.499 10.0 61.27968978881836 0.0 0.0 0.0 0.0 0.0 0.0 0.0 0.0 0.0 0.0 0.0 0.0 0.0 0.0 1.0 0.0 0.0 0.0 0.0 1.0 0.0 7.0 899.0 0.0 1.8 1544.0 2539.0 17.0 Operational 39.0 1.0 0.0 0.0 0.0 1.0 0.02 0.053 0.053 3314.0 4162.0 4172.0 0.0
09:38:32.600 0001 -0.2437133938074112 51.4849739074707 10.499 10.0 61.27968978881836 0.0 0.0 0.0 0.0 0.0 0.0 0.0 0.0 0.0 0.0 0.0 0.0 0.0 0.0 1.0 0.0 0.0 0.0 0.0 1.0 0.0 7.0 899.0 0.0 1.8 1544.0 2539.0 17.0 Operational 39.0 1.0 0.0 0.0 0.0 1.0 0.02 0.053 0.053 3314.0 4162.0 4172.0 0.0
09:38:32.700 0001 -0.2437133938074112 51.4849739074707 10.499 10.0 61.27968978881836 0.0 0.0 0.0 0.0 0.0 0.0 0.0 0.0 0.0 0.0 0.0 0.0 0.0 0.0 1.0 0.0 0.0 0.0 0.0 1.0 0.0 7.0 899.0 0.0 1.8 1544.0 2539.0 17.0 Operational 39.0 1.0 0.0 0.0 0.0 1.0 0.02 0.053 0.053 3314.0 4162.0 4172.0 0.0
09:38:32.800 0001 -0.2437139004468917 51.4849739074707 10.309 9.0 61.27968978881836 0.0 0.0 0.0 0.0 0.0 0.0 0.0 0.0 0.0 0.0 0.0 0.0 0.0 0.0 1.0 0.0 0.0 0.0 0.0 1.0 0.0 7.0 900.0 0.0 1.85 1544.0 2539.0 17.0 Operational 39.0 1.0 0.0 0.0 0.0 1.0 0.02 0.053 0.053 3314.0 4162.0 4172.0 0.0
09:38:32.900 0001 -0.2437139004468917 51.4849739074707 10.309 9.0 61.27968978881836 0.0 0.0 0.0 0.0 0.0 0.0 0.0 0.0 0.0 0.0 0.0 0.0 0.0 0.0 1.0 0.0 0.0 0.0 0.0 1.0 0.0 7.0 899.0 0.0 1.85 1544.0 2539.0 17.0 Operational 39.0 1.0 0.0 0.0 0.0 1.0 0.02 0.053 0.053 3314.0 4162.0 4172.0 0.0
09:38:33.000 0001 -0.2437139004468917 51.4849739074707 10.309 9.0 61.27968978881836 0.0 0.0 0.0 0.0 0.0 0.0 0.0 0.0 0.0 0.0 0.0 0.0 0.0 0.0 1.0 0.0 0.0 0.0 0.0 1.0 0.0 7.0 899.0 0.0 1.85 1546.0 2539.0 17.0 Operational 39.0 1.0 0.0 0.0 0.0 1.0 0.02 0.053 0.053 3314.0 4162.0 4172.0 0.0
09:38:33.100 0001 -0.2437139004468917 51.4849739074707 10.309 9.0 61.27968978881836 0.0 0.0 0.0 0.0 0.0 0.0 0.0 0.0 0.0 0.0 0.0 0.0 0.0 0.0 1.0 0.0 0.0 0.0 0.0 1.0 0.0 7.0 900.0 0.0 1.85 1546.0 2539.0 17.0 Operational 39.0 1.0 0.0 0.0 0.0 1.0 0.02 0.053 0.053 3314.0 4162.0 4172.0 0.0
09:38:33.200 0001 -0.2437139004468917 51.4849739074707 10.309 9.0 61.27968978881836 0.0 0.0 0.0 0.0 0.0 0.0 0.0 0.0 0.0 0.0 0.0 0.0 0.0 0.0 1.0 0.0 0.0 0.0 0.0 1.0 0.0 7.0 900.0 0.0 1.85 1544.0 2539.0 17.0 Operational 39.0 2.0 0.0 0.0 0.0 1.0 0.019 0.035 0.035 2904.0 4162.0 5696.0 0.0
09:38:33.300 0001 -0.2437139004468917 51.4849739074707 10.309 9.0 61.27968978881836 0.0 0.0 0.0 0.0 0.0 0.0 0.0 0.0 0.0 0.0 0.0 0.0 0.0 0.0 1.0 0.0 0.0 0.0 0.0 1.0 0.0 7.0 900.0 0.0 1.85 1544.0 2539.0 17.0 Operational 39.0 2.0 0.0 0.0 0.0 1.0 0.019 0.035 0.035 2904.0 4162.0 5696.0 0.0
09:38:33.400 0001 -0.2437139004468917 51.4849739074707 10.309 9.0 61.27968978881836 0.0 0.0 0.0 0.0 0.0 0.0 0.0 0.0 0.0 0.0 0.0 0.0 0.0 0.0 1.0 0.0 0.0 0.0 0.0 1.0 0.0 7.0 899.0 0.0 1.85 1544.0 2539.0 17.0 Operational 39.0 2.0 0.0 0.0 0.0 1.0 0.019 0.035 0.035 2904.0 4162.0 5696.0 0.0
09:38:33.500 0001 -0.2437139004468917 51.4849739074707 10.309 9.0 61.27968978881836 0.0 0.0 0.0 0.0 0.0 0.0 0.0 0.0 0.0 0.0 0.0 0.0 0.0 0.0 1.0 0.0 0.0 0.0 0.0 1.0 0.0 7.0 899.0 0.0 1.85 1544.0 2539.0 17.0 Operational 39.0 2.0 0.0 0.0 0.0 1.0 0.019 0.035 0.035 2904.0 4162.0 5696.0 0.0
09:38:33.600 0001 -0.2437139004468917 51.4849739074707 10.309 9.0 61.27968978881836 0.0 0.0 0.0 0.0 0.0 0.0 0.0 0.0 0.0 0.0 0.0 0.0 0.0 0.0 1.0 0.0 0.0 0.0 0.0 1.0 0.0 7.0 899.0 0.0 1.85 1544.0 2539.0 17.0 Operational 39.0 2.0 0.0 0.0 0.0 1.0 0.019 0.035 0.035 2904.0 4162.0 5696.0 0.0
09:38:33.700 0001 -0.2437139004468917 51.4849739074707 10.309 9.0 61.27968978881836 0.0 0.0 0.0 0.0 0.0 0.0 0.0 0.0 0.0 0.0 0.0 0.0 0.0 0.0 1.0 0.0 0.0 0.0 0.0 1.0 0.0 7.0 899.0 0.0 1.85 1544.0 2539.0 17.0 Operational 39.0 2.0 0.0 0.0 0.0 1.0 0.019 0.035 0.035 2904.0 4162.0 5696.0 0.0
09:38:33.800 0001 -0.2437117993831634 51.4849739074707 10.262 10.0 61.27968978881836 0.0 0.0 0.0 0.0 0.0 0.0 0.0 0.0 0.0 0.0 0.0 0.0 0.0 0.0 1.0 0.0 0.0 0.0 0.0 1.0 0.0 7.0 899.0 0.0 1.85 1546.0 2539.0 17.0 Operational 39.0 2.0 0.0 0.0 0.0 1.0 0.019 0.035 0.035 2904.0 4162.0 5696.0 0.0
09:38:33.900 0001 -0.2437117993831634 51.4849739074707 10.262 10.0 61.27968978881836 0.0 0.0 0.0 0.0 0.0 0.0 0.0 0.0 0.0 0.0 0.0 0.0 0.0 0.0 1.0 0.0 0.0 0.0 0.0 1.0 0.0 7.0 899.0 0.0 1.85 1544.0 2539.0 17.0 Operational 39.0 2.0 0.0 0.0 0.0 1.0 0.019 0.035 0.035 2904.0 4162.0 5696.0 0.0
09:38:34.000 0001 -0.2437117993831634 51.4849739074707 10.262 10.0 61.27968978881836 0.0 0.0 0.0 0.0 0.0 0.0 0.0 0.0 0.0 0.0 0.0 0.0 0.0 0.0 1.0 0.0 0.0 0.0 0.0 1.0 0.0 7.0 899.0 0.0 1.85 1544.0 2539.0 17.0 Operational 39.0 2.0 0.0 0.0 0.0 1.0 0.019 0.035 0.035 2904.0 4162.0 5696.0 0.0
09:38:34.100 0001 -0.2437117993831634 51.4849739074707 10.262 10.0 61.27968978881836 0.0 0.0 0.0 0.0 0.0 0.0 0.0 0.0 0.0 0.0 0.0 0.0 0.0 0.0 1.0 0.0 0.0 0.0 0.0 1.0 0.0 7.0 899.0 0.0 1.85 1544.0 2539.0 17.0 Operational 39.0 2.0 0.0 0.0 0.0 1.0 0.019 0.035 0.035 2904.0 4162.0 5696.0 0.0
09:38:34.200 0001 -0.2437117993831634 51.4849739074707 10.262 10.0 61.27968978881836 0.0 0.0 0.0 0.0 0.0 0.0 0.0 0.0 0.0 0.0 0.0 0.0 0.0 0.0 1.0 0.0 0.0 0.0 0.0 1.0 0.0 7.0 899.0 0.0 1.85 1544.0 2539.0 17.0 Operational 39.0 2.0 0.0 0.0 0.0 1.0 0.019 0.035 0.035 2904.0 4162.0 5696.0 0.0
09:38:34.300 0001 -0.2437117993831634 51.4849739074707 10.262 10.0 61.27968978881836 0.0 0.0 0.0 0.0 0.0 0.0 0.0 0.0 0.0 0.0 0.0 0.0 0.0 0.0 1.0 0.0 0.0 0.0 0.0 1.0 0.0 7.0 899.0 0.0 1.85 1544.0 2539.0 17.0 Operational 39.0 3.0 0.0 0.0 0.0 1.0 0.031 0.048 0.048 2813.0 4162.0 4318.0 0.0
09:38:34.400 0001 -0.2437117993831634 51.4849739074707 10.262 10.0 61.27968978881836 0.0 0.0 0.0 0.0 0.0 0.0 0.0 0.0 0.0 0.0 0.0 0.0 0.0 0.0 1.0 0.0 0.0 0.0 0.0 1.0 0.0 7.0 899.0 0.0 1.85 1544.0 2539.0 17.0 Operational 39.0 3.0 0.0 0.0 0.0 1.0 0.031 0.048 0.048 2813.0 4162.0 4318.0 0.0
09:38:34.500 0001 -0.2437117993831634 51.4849739074707 10.262 10.0 61.27968978881836 0.0 0.0 0.0 0.0 0.0 0.0 0.0 0.0 0.0 0.0 0.0 0.0 0.0 0.0 1.0 0.0 0.0 0.0 0.0 1.0 0.0 7.0 899.0 0.0 1.85 1544.0 2539.0 17.0 Operational 39.0 3.0 0.0 0.0 0.0 1.0 0.031 0.048 0.048 2813.0 4162.0 4318.0 0.0
09:38:34.600 0001 -0.2437117993831634 51.4849739074707 10.262 10.0 61.27968978881836 0.0 0.0 0.0 0.0 0.0 0.0 0.0 0.0 0.0 0.0 0.0 0.0 0.0 0.0 1.0 0.0 0.0 0.0 0.0 1.0 0.0 7.0 899.0 0.0 1.85 1544.0 2539.0 17.0 Operational 39.0 3.0 0.0 0.0 0.0 1.0 0.031 0.048 0.048 2813.0 4162.0 4318.0 0.0
09:38:34.700 0001 -0.2437117993831634 51.4849739074707 10.262 10.0 61.27968978881836 0.0 0.0 0.0 0.0 0.0 0.0 0.0 0.0 0.0 0.0 0.0 0.0 0.0 0.0 1.0 0.0 0.0 0.0 0.0 1.0 0.0 7.0 900.0 0.0 1.85 1544.0 2539.0 17.0 Operational 39.0 3.0 0.0 0.0 0.0 1.0 0.031 0.048 0.048 2813.0 4162.0 4318.0 0.0
09:38:34.800 0001 -0.2437101006507873 51.48497772216797 10.415 10.0 61.27968978881836 0.0 0.0 0.0 0.0 0.0 0.0 0.0 0.0 0.0 0.0 0.0 0.0 0.0 0.0 1.0 0.0 0.0 0.0 0.0 1.0 0.0 7.0 899.0 0.0 1.85 1544.0 2539.0 17.0 Operational 39.0 3.0 0.0 0.0 0.0 1.0 0.031 0.048 0.048 2813.0 4162.0 4318.0 0.0
09:38:34.900 0001 -0.2437101006507873 51.48497772216797 10.415 10.0 61.27968978881836 0.0 0.0 0.0 0.0 0.0 0.0 0.0 0.0 0.0 0.0 0.0 0.0 0.0 0.0 1.0 0.0 0.0 0.0 0.0 1.0 0.0 7.0 899.0 0.0 1.85 1544.0 2539.0 17.0 Operational 39.0 3.0 0.0 0.0 0.0 1.0 0.031 0.048 0.048 2813.0 4162.0 4318.0 0.0
09:38:35.000 0001 -0.2437101006507873 51.48497772216797 10.415 10.0 61.27968978881836 0.0 0.0 0.0 0.0 0.0 0.0 0.0 0.0 0.0 0.0 0.0 0.0 0.0 0.0 1.0 0.0 0.0 0.0 0.0 1.0 0.0 7.0 899.0 0.0 1.85 1544.0 2539.0 17.0 Operational 39.0 3.0 0.0 0.0 0.0 1.0 0.031 0.048 0.048 2813.0 4162.0 4318.0 0.0
09:38:35.100 0001 -0.2437101006507873 51.48497772216797 10.415 10.0 61.27968978881836 0.0 0.0 0.0 0.0 0.0 0.0 0.0 0.0 0.0 0.0 0.0 0.0 0.0 0.0 1.0 0.0 0.0 0.0 0.0 1.0 0.0 7.0 900.0 0.0 1.85 1546.0 2539.0 17.0 Operational 39.0 3.0 0.0 0.0 0.0 1.0 0.031 0.048 0.048 2813.0 4162.0 4318.0 0.0
09:38:35.200 0001 -0.2437101006507873 51.48497772216797 10.415 10.0 61.27968978881836 0.0 0.0 0.0 0.0 0.0 0.0 0.0 0.0 0.0 0.0 0.0 0.0 0.0 0.0 1.0 0.0 0.0 0.0 0.0 1.0 0.0 7.0 900.0 0.0 1.85 1546.0 2539.0 17.0 Operational 39.0 3.0 0.0 0.0 0.0 1.0 0.031 0.048 0.048 2813.0 4162.0 4318.0 0.0
09:38:35.300 0001 -0.2437101006507873 51.48497772216797 10.415 10.0 61.27968978881836 0.0 0.0 0.0 0.0 0.0 0.0 0.0 0.0 0.0 0.0 0.0 0.0 0.0 0.0 1.0 0.0 0.0 0.0 0.0 1.0 0.0 7.0 900.0 0.0 1.85 1546.0 2539.0 17.0 Operational 39.0 3.0 0.0 0.0 0.0 1.0 0.031 0.048 0.048 2813.0 4162.0 4318.0 0.0
09:38:35.400 0001 -0.2437101006507873 51.48497772216797 10.415 10.0 61.27968978881836 0.0 0.0 0.0 0.0 0.0 0.0 0.0 0.0 0.0 0.0 0.0 0.0 0.0 0.0 1.0 0.0 0.0 0.0 0.0 1.0 0.0 7.0 899.0 0.0 1.85 1544.0 2539.0 17.0 Operational 39.0 4.0 0.0 0.0 0.0 1.0 0.026 0.026 0.026 2738.0 4162.0 4390.0 0.0
09:38:35.500 0001 -0.2437101006507873 51.48497772216797 10.415 10.0 61.27968978881836 0.0 0.0 0.0 0.0 0.0 0.0 0.0 0.0 0.0 0.0 0.0 0.0 0.0 0.0 1.0 0.0 0.0 0.0 0.0 1.0 0.0 7.0 899.0 0.0 1.85 1544.0 2539.0 17.0 Operational 39.0 4.0 0.0 0.0 0.0 1.0 0.026 0.026 0.026 2738.0 4162.0 4390.0 0.0
09:38:35.600 0001 -0.2437101006507873 51.48497772216797 10.415 10.0 61.27968978881836 0.0 0.0 0.0 0.0 0.0 0.0 0.0 0.0 0.0 0.0 0.0 0.0 0.0 0.0 1.0 0.0 0.0 0.0 0.0 1.0 0.0 7.0 900.0 0.0 1.85 1546.0 2539.0 17.0 Operational 39.0 4.0 0.0 0.0 0.0 1.0 0.026 0.026 0.026 2738.0 4162.0 4390.0 0.0
09:38:35.700 0001 -0.2437101006507873 51.48497772216797 10.415 10.0 61.27968978881836 0.0 0.0 0.0 0.0 0.0 0.0 0.0 0.0 0.0 0.0 0.0 0.0 0.0 0.0 1.0 0.0 0.0 0.0 0.0 1.0 0.0 7.0 900.0 0.0 1.85 1546.0 2539.0 17.0 Operational 39.0 4.0 0.0 0.0 0.0 1.0 0.026 0.026 0.026 2738.0 4162.0 4390.0 0.0
09:38:35.800 0001 -0.2437102049589157 51.48497772216797 10.334 10.0 61.27968978881836 0.0 0.0 0.0 0.0 0.0 0.0 0.0 0.0 0.0 0.0 0.0 0.0 0.0 0.0 1.0 0.0 0.0 0.0 0.0 1.0 0.0 7.0 900.0 0.0 1.85 1546.0 2539.0 17.0 Operational 39.0 4.0 0.0 0.0 0.0 1.0 0.026 0.026 0.026 2738.0 4162.0 4390.0 0.0
09:38:35.900 0001 -0.2437102049589157 51.48497772216797 10.334 10.0 61.27968978881836 0.0 0.0 0.0 0.0 0.0 0.0 0.0 0.0 0.0 0.0 0.0 0.0 0.0 0.0 1.0 0.0 0.0 0.0 0.0 1.0 0.0 7.0 900.0 0.0 1.85 1546.0 2539.0 17.0 Operational 39.0 4.0 0.0 0.0 0.0 1.0 0.026 0.026 0.026 2738.0 4162.0 4390.0 0.0
09:38:36.000 0001 -0.2437102049589157 51.48497772216797 10.334 10.0 61.27968978881836 0.0 0.0 0.0 0.0 0.0 0.0 0.0 0.0 0.0 0.0 0.0 0.0 0.0 0.0 1.0 0.0 0.0 0.0 0.0 1.0 0.0 7.0 900.0 0.0 1.85 1546.0 2539.0 17.0 Operational 39.0 4.0 0.0 0.0 0.0 1.0 0.026 0.026 0.026 2738.0 4162.0 4390.0 0.0
09:38:36.100 0001 -0.2437102049589157 51.48497772216797 10.334 10.0 61.27968978881836 0.0 0.0 0.0 0.0 0.0 0.0 0.0 0.0 0.0 0.0 0.0 0.0 0.0 0.0 1.0 0.0 0.0 0.0 0.0 1.0 0.0 7.0 900.0 0.0 1.85 1546.0 2539.0 17.0 Operational 39.0 4.0 0.0 0.0 0.0 1.0 0.026 0.026 0.026 2738.0 4162.0 4390.0 0.0
09:38:36.200 0001 -0.2437102049589157 51.48497772216797 10.334 10.0 61.27968978881836 0.0 0.0 0.0 0.0 0.0 0.0 0.0 0.0 0.0 0.0 0.0 0.0 0.0 0.0 1.0 0.0 0.0 0.0 0.0 1.0 0.0 7.0 900.0 0.0 1.85 1546.0 2539.0 17.0 Operational 39.0 4.0 0.0 0.0 0.0 1.0 0.026 0.026 0.026 2738.0 4162.0 4390.0 0.0
09:38:36.300 0001 -0.2437102049589157 51.48497772216797 10.334 10.0 61.27968978881836 0.0 0.0 0.0 0.0 0.0 0.0 0.0 0.0 0.0 0.0 0.0 0.0 0.0 0.0 1.0 0.0 0.0 0.0 0.0 1.0 0.0 7.0 900.0 0.0 1.85 1546.0 2539.0 17.0 Operational 39.0 4.0 0.0 0.0 0.0 1.0 0.026 0.026 0.026 2738.0 4162.0 4390.0 0.0
09:38:36.400 0001 -0.2437102049589157 51.48497772216797 10.334 10.0 61.27968978881836 0.0 0.0 0.0 0.0 0.0 0.0 0.0 0.0 0.0 0.0 0.0 0.0 0.0 0.0 1.0 0.0 0.0 0.0 0.0 1.0 0.0 7.0 900.0 0.0 1.85 1546.0 2539.0 17.0 Operational 39.0 4.0 0.0 0.0 0.0 1.0 0.026 0.026 0.026 2738.0 4162.0 4390.0 0.0
09:38:36.500 0001 -0.2437102049589157 51.48497772216797 10.334 10.0 61.27968978881836 0.0 0.0 0.0 0.0 0.0 0.0 0.0 0.0 0.0 0.0 0.0 0.0 0.0 0.0 1.0 0.0 0.0 0.0 0.0 1.0 0.0 7.0 900.0 0.0 1.85 1546.0 2539.0 17.0 Operational 39.0 5.0 0.0 0.0 0.0 1.0 0.047 0.08 0.08 2643.0 4162.0 4732.0 0.0
09:38:36.600 0001 -0.2437102049589157 51.48497772216797 10.334 10.0 61.27968978881836 0.0 0.0 0.0 0.0 0.0 0.0 0.0 0.0 0.0 0.0 0.0 0.0 0.0 0.0 1.0 0.0 0.0 0.0 0.0 1.0 0.0 7.0 900.0 0.0 1.85 1546.0 2539.0 17.0 Operational 39.0 5.0 0.0 0.0 0.0 1.0 0.047 0.08 0.08 2643.0 4162.0 4732.0 0.0
09:38:36.700 0001 -0.2437102049589157 51.48497772216797 10.334 10.0 61.27968978881836 0.0 0.0 0.0 0.0 0.0 0.0 0.0 0.0 0.0 0.0 0.0 0.0 0.0 0.0 1.0 0.0 0.0 0.0 0.0 1.0 0.0 7.0 900.0 0.0 1.8 1546.0 2539.0 17.0 Operational 39.0 5.0 0.0 0.0 0.0 1.0 0.047 0.08 0.08 2643.0 4162.0 4732.0 0.0
09:38:36.800 0001 -0.2437088936567306 51.4849739074707 10.386 10.0 61.27968978881836 0.0 0.0 0.0 0.0 0.0 0.0 0.0 0.0 0.0 0.0 0.0 0.0 0.0 0.0 1.0 0.0 0.0 0.0 0.0 1.0 0.0 7.0 900.0 0.0 1.8 1546.0 2539.0 17.0 Operational 39.0 5.0 0.0 0.0 0.0 1.0 0.047 0.08 0.08 2643.0 4162.0 4732.0 0.0
09:38:36.900 0001 -0.2437088936567306 51.4849739074707 10.386 10.0 61.27968978881836 0.0 0.0 0.0 0.0 0.0 0.0 0.0 0.0 0.0 0.0 0.0 0.0 0.0 0.0 1.0 0.0 0.0 0.0 0.0 1.0 0.0 7.0 900.0 0.0 1.85 1546.0 2539.0 17.0 Operational 39.0 5.0 0.0 0.0 0.0 1.0 0.047 0.08 0.08 2643.0 4162.0 4732.0 0.0
09:38:37.000 0001 -0.2437088936567306 51.4849739074707 10.386 10.0 61.27968978881836 0.0 0.0 0.0 0.0 0.0 0.0 0.0 0.0 0.0 0.0 0.0 0.0 0.0 0.0 1.0 0.0 0.0 0.0 0.0 1.0 0.0 7.0 900.0 0.0 1.8 1546.0 2539.0 17.0 Operational 39.0 5.0 0.0 0.0 0.0 1.0 0.047 0.08 0.08 2643.0 4162.0 4732.0 0.0
09:38:37.100 0001 -0.2437088936567306 51.4849739074707 10.386 10.0 61.27968978881836 0.0 0.0 0.0 0.0 0.0 0.0 0.0 0.0 0.0 0.0 0.0 0.0 0.0 0.0 1.0 0.0 0.0 0.0 0.0 1.0 0.0 7.0 900.0 0.0 1.8 1546.0 2539.0 17.0 Operational 39.0 5.0 0.0 0.0 0.0 1.0 0.047 0.08 0.08 2643.0 4162.0 4732.0 0.0
09:38:37.200 0001 -0.2437088936567306 51.4849739074707 10.386 10.0 61.27968978881836 0.0 0.0 0.0 0.0 0.0 0.0 0.0 0.0 0.0 0.0 0.0 0.0 0.0 0.0 1.0 0.0 0.0 0.0 0.0 1.0 0.0 7.0 900.0 0.0 1.8 1544.0 2539.0 17.0 Operational 39.0 5.0 0.0 0.0 0.0 1.0 0.047 0.08 0.08 2643.0 4162.0 4732.0 0.0
09:38:37.300 0001 -0.2437088936567306 51.4849739074707 10.386 10.0 61.27968978881836 0.0 0.0 0.0 0.0 0.0 0.0 0.0 0.0 0.0 0.0 0.0 0.0 0.0 0.0 1.0 0.0 0.0 0.0 0.0 1.0 0.0 7.0 900.0 0.0 1.8 1546.0 2539.0 17.0 Operational 39.0 5.0 0.0 0.0 0.0 1.0 0.047 0.08 0.08 2643.0 4162.0 4732.0 0.0
09:38:37.400 0001 -0.2437088936567306 51.4849739074707 10.386 10.0 61.27968978881836 0.0 0.0 0.0 0.0 0.0 0.0 0.0 0.0 0.0 0.0 0.0 0.0 0.0 0.0 1.0 0.0 0.0 0.0 0.0 1.0 0.0 7.0 900.0 0.0 1.85 1546.0 2539.0 17.0 Operational 39.0 5.0 0.0 0.0 0.0 1.0 0.047 0.08 0.08 2643.0 4162.0 4732.0 0.0
09:38:37.500 0001 -0.2437088936567306 51.4849739074707 10.386 10.0 61.27968978881836 0.0 0.0 0.0 0.0 0.0 0.0 0.0 0.0 0.0 0.0 0.0 0.0 0.0 0.0 1.0 0.0 0.0 0.0 0.0 1.0 0.0 7.0 900.0 0.0 1.8 1546.0 2539.0 17.0 Operational 39.0 5.0 0.0 0.0 0.0 1.0 0.047 0.08 0.08 2643.0 4162.0 4732.0 0.0
09:38:37.600 0001 -0.2437088936567306 51.4849739074707 10.386 10.0 61.27968978881836 0.0 0.0 0.0 0.0 0.0 0.0 0.0 0.0 0.0 0.0 0.0 0.0 0.0 0.0 1.0 0.0 0.0 0.0 0.0 1.0 0.0 7.0 899.0 0.0 1.8 1544.0 2539.0 17.0 Operational 39.0 1.0 0.0 0.0 0.0 1.0 0.022 0.088 0.088 3318.0 4162.0 4149.0 0.0
09:38:37.700 0001 -0.2437088936567306 51.4849739074707 10.386 10.0 61.27968978881836 0.0 0.0 0.0 0.0 0.0 0.0 0.0 0.0 0.0 0.0 0.0 0.0 0.0 0.0 1.0 0.0 0.0 0.0 0.0 1.0 0.0 7.0 899.0 0.0 1.85 1544.0 2539.0 17.0 Operational 39.0 1.0 0.0 0.0 0.0 1.0 0.022 0.088 0.088 3318.0 4162.0 4149.0 0.0
09:38:37.800 0001 -0.2437081038951873 51.48497772216797 10.545 10.0 61.27968978881836 0.0 0.0 0.0 0.0 0.0 0.0 0.0 0.0 0.0 0.0 0.0 0.0 0.0 0.0 1.0 0.0 0.0 0.0 0.0 1.0 0.0 7.0 899.0 0.0 1.85 1546.0 2539.0 17.0 Operational 39.0 1.0 0.0 0.0 0.0 1.0 0.022 0.088 0.088 3318.0 4162.0 4149.0 0.0
09:38:37.900 0001 -0.2437081038951873 51.48497772216797 10.545 10.0 61.27968978881836 0.0 0.0 0.0 0.0 0.0 0.0 0.0 0.0 0.0 0.0 0.0 0.0 0.0 0.0 1.0 0.0 0.0 0.0 0.0 1.0 0.0 7.0 900.0 0.0 1.85 1546.0 2539.0 17.0 Operational 39.0 1.0 0.0 0.0 0.0 1.0 0.022 0.088 0.088 3318.0 4162.0 4149.0 0.0
09:38:38.000 0001 -0.2437081038951873 51.48497772216797 10.545 10.0 61.27968978881836 0.0 0.0 0.0 0.0 0.0 0.0 0.0 0.0 0.0 0.0 0.0 0.0 0.0 0.0 1.0 0.0 0.0 0.0 0.0 1.0 0.0 7.0 900.0 0.0 1.85 1546.0 2539.0 17.0 Operational 39.0 1.0 0.0 0.0 0.0 1.0 0.022 0.088 0.088 3318.0 4162.0 4149.0 0.0
09:38:38.100 0001 -0.2437081038951873 51.48497772216797 10.545 10.0 61.27968978881836 0.0 0.0 0.0 0.0 0.0 0.0 0.0 0.0 0.0 0.0 0.0 0.0 0.0 0.0 1.0 0.0 0.0 0.0 0.0 1.0 0.0 7.0 900.0 0.0 1.85 1546.0 2539.0 17.0 Operational 39.0 1.0 0.0 0.0 0.0 1.0 0.022 0.088 0.088 3318.0 4162.0 4149.0 0.0
09:38:38.200 0001 -0.2437081038951873 51.48497772216797 10.545 10.0 61.27968978881836 0.0 0.0 0.0 0.0 0.0 0.0 0.0 0.0 0.0 0.0 0.0 0.0 0.0 0.0 1.0 0.0 0.0 0.0 0.0 1.0 0.0 7.0 900.0 0.0 1.85 1546.0 2539.0 17.0 Operational 39.0 1.0 0.0 0.0 0.0 1.0 0.022 0.088 0.088 3318.0 4162.0 4149.0 0.0
09:38:38.300 0001 -0.2437081038951873 51.48497772216797 10.545 10.0 61.27968978881836 0.0 0.0 0.0 0.0 0.0 0.0 0.0 0.0 0.0 0.0 0.0 0.0 0.0 0.0 1.0 0.0 0.0 0.0 0.0 1.0 0.0 7.0 900.0 0.0 1.85 1546.0 2539.0 17.0 Operational 39.0 1.0 0.0 0.0 0.0 1.0 0.022 0.088 0.088 3318.0 4162.0 4149.0 0.0
09:38:38.400 0001 -0.2437081038951873 51.48497772216797 10.545 10.0 61.27968978881836 0.0 0.0 0.0 0.0 0.0 0.0 0.0 0.0 0.0 0.0 0.0 0.0 0.0 0.0 1.0 0.0 0.0 0.0 0.0 1.0 0.0 7.0 900.0 0.0 1.85 1546.0 2539.0 17.0 Operational 39.0 2.0 0.0 0.0 0.0 1.0 0.021 0.021 0.041 2895.0 4162.0 5733.0 0.0
09:38:38.500 0001 -0.2437081038951873 51.48497772216797 10.545 10.0 61.27968978881836 0.0 0.0 0.0 0.0 0.0 0.0 0.0 0.0 0.0 0.0 0.0 0.0 0.0 0.0 1.0 0.0 0.0 0.0 0.0 1.0 0.0 7.0 900.0 0.0 1.85 1546.0 2539.0 17.0 Operational 39.0 2.0 0.0 0.0 0.0 1.0 0.021 0.021 0.041 2895.0 4162.0 5733.0 0.0
09:38:38.600 0001 -0.2437081038951873 51.48497772216797 10.545 10.0 61.27968978881836 0.0 0.0 0.0 0.0 0.0 0.0 0.0 0.0 0.0 0.0 0.0 0.0 0.0 0.0 1.0 0.0 0.0 0.0 0.0 1.0 0.0 7.0 900.0 0.0 1.85 1546.0 2539.0 17.0 Operational 39.0 2.0 0.0 0.0 0.0 1.0 0.021 0.021 0.041 2895.0 4162.0 5733.0 0.0
09:38:38.700 0001 -0.2437081038951873 51.48497772216797 10.545 10.0 61.27968978881836 0.0 0.0 0.0 0.0 0.0 0.0 0.0 0.0 0.0 0.0 0.0 0.0 0.0 0.0 1.0 0.0 0.0 0.0 0.0 1.0 0.0 7.0 900.0 0.0 1.85 1546.0 2539.0 17.0 Operational 39.0 2.0 0.0 0.0 0.0 1.0 0.021 0.021 0.041 2895.0 4162.0 5733.0 0.0
09:38:38.800 0001 -0.2437068969011306 51.4849739074707 10.523 10.0 61.27968978881836 0.0 0.0 0.0 0.0 0.0 0.0 0.0 0.0 0.0 0.0 0.0 0.0 0.0 0.0 1.0 0.0 0.0 0.0 0.0 1.0 0.0 7.0 900.0 0.0 1.85 1546.0 2539.0 17.0 Operational 39.0 2.0 0.0 0.0 0.0 1.0 0.021 0.021 0.041 2895.0 4162.0 5733.0 0.0
09:38:38.900 0001 -0.2437068969011306 51.4849739074707 10.523 10.0 61.27968978881836 0.0 0.0 0.0 0.0 0.0 0.0 0.0 0.0 0.0 0.0 0.0 0.0 0.0 0.0 1.0 0.0 0.0 0.0 0.0 1.0 0.0 7.0 900.0 0.0 1.85 1546.0 2539.0 17.0 Operational 39.0 2.0 0.0 0.0 0.0 1.0 0.021 0.021 0.041 2895.0 4162.0 5733.0 0.0
09:38:39.000 0001 -0.2437068969011306 51.4849739074707 10.523 10.0 61.27968978881836 0.0 0.0 0.0 0.0 0.0 0.0 0.0 0.0 0.0 0.0 0.0 0.0 0.0 0.0 1.0 0.0 0.0 0.0 0.0 1.0 0.0 7.0 900.0 0.0 1.85 1546.0 2539.0 17.0 Operational 39.0 2.0 0.0 0.0 0.0 1.0 0.021 0.021 0.041 2895.0 4162.0 5733.0 0.0
09:38:39.100 0001 -0.2437068969011306 51.4849739074707 10.523 10.0 61.27968978881836 0.0 0.0 0.0 0.0 0.0 0.0 0.0 0.0 0.0 0.0 0.0 0.0 0.0 0.0 1.0 0.0 0.0 0.0 0.0 1.0 0.0 7.0 900.0 0.0 1.85 1546.0 2539.0 17.0 Operational 39.0 2.0 0.0 0.0 0.0 1.0 0.021 0.021 0.041 2895.0 4162.0 5733.0 0.0
09:38:39.200 0001 -0.2437068969011306 51.4849739074707 10.523 10.0 61.27968978881836 0.0 0.0 0.0 0.0 0.0 0.0 0.0 0.0 0.0 0.0 0.0 0.0 0.0 0.0 1.0 0.0 0.0 0.0 0.0 1.0 0.0 7.0 900.0 0.0 1.85 1546.0 2539.0 17.0 Operational 39.0 3.0 0.0 0.0 0.0 1.0 0.029 0.045 0.065 2815.0 4162.0 4317.0 0.0
09:38:39.300 0001 -0.2437068969011306 51.4849739074707 10.523 10.0 61.27968978881836 0.0 0.0 0.0 0.0 0.0 0.0 0.0 0.0 0.0 0.0 0.0 0.0 0.0 0.0 1.0 0.0 0.0 0.0 0.0 1.0 0.0 7.0 900.0 0.0 1.85 1546.0 2539.0 17.0 Operational 39.0 3.0 0.0 0.0 0.0 1.0 0.029 0.045 0.065 2815.0 4162.0 4317.0 0.0
09:38:39.400 0001 -0.2437068969011306 51.4849739074707 10.523 10.0 61.27968978881836 0.0 0.0 0.0 0.0 0.0 0.0 0.0 0.0 0.0 0.0 0.0 0.0 0.0 0.0 1.0 0.0 0.0 0.0 0.0 1.0 0.0 7.0 900.0 0.0 1.85 1546.0 2539.0 17.0 Operational 39.0 3.0 0.0 0.0 0.0 1.0 0.029 0.045 0.065 2815.0 4162.0 4317.0 0.0
09:38:39.500 0001 -0.2437068969011306 51.4849739074707 10.523 10.0 61.27968978881836 0.0 0.0 0.0 0.0 0.0 0.0 0.0 0.0 0.0 0.0 0.0 0.0 0.0 0.0 1.0 0.0 0.0 0.0 0.0 1.0 0.0 7.0 900.0 0.0 1.85 1546.0 2539.0 17.0 Operational 39.0 3.0 0.0 0.0 0.0 1.0 0.029 0.045 0.065 2815.0 4162.0 4317.0 0.0
09:38:39.600 0001 -0.2437068969011306 51.4849739074707 10.523 10.0 61.27968978881836 0.0 0.0 0.0 0.0 0.0 0.0 0.0 0.0 0.0 0.0 0.0 0.0 0.0 0.0 1.0 0.0 0.0 0.0 0.0 1.0 0.0 7.0 900.0 0.0 1.85 1546.0 2539.0 17.0 Operational 39.0 3.0 0.0 0.0 0.0 1.0 0.029 0.045 0.065 2815.0 4162.0 4317.0 0.0
09:38:39.700 0001 -0.2437068969011306 51.4849739074707 10.523 10.0 61.27968978881836 0.0 0.0 0.0 0.0 0.0 0.0 0.0 0.0 0.0 0.0 0.0 0.0 0.0 0.0 1.0 0.0 0.0 0.0 0.0 1.0 0.0 7.0 900.0 0.0 1.85 1546.0 2539.0 17.0 Operational 39.0 3.0 0.0 0.0 0.0 1.0 0.029 0.045 0.065 2815.0 4162.0 4317.0 0.0
09:38:39.800 0001 -0.2437058985233307 51.4849739074707 10.651 11.0 61.27968978881836 0.0 0.0 0.0 0.0 0.0 0.0 0.0 0.0 0.0 0.0 0.0 0.0 0.0 0.0 1.0 0.0 0.0 0.0 0.0 1.0 0.0 7.0 900.0 0.0 1.85 1546.0 2539.0 17.0 Operational 39.0 3.0 0.0 0.0 0.0 1.0 0.029 0.045 0.065 2815.0 4162.0 4317.0 0.0
09:38:39.900 0001 -0.2437058985233307 51.4849739074707 10.651 11.0 61.27968978881836 0.0 0.0 0.0 0.0 0.0 0.0 0.0 0.0 0.0 0.0 0.0 0.0 0.0 0.0 1.0 0.0 0.0 0.0 0.0 1.0 0.0 7.0 900.0 0.0 1.85 1546.0 2539.0 17.0 Operational 39.0 3.0 0.0 0.0 0.0 1.0 0.029 0.045 0.065 2815.0 4162.0 4317.0 0.0
09:38:40.000 0001 -0.2437058985233307 51.4849739074707 10.651 11.0 61.27968978881836 0.0 0.0 0.0 0.0 0.0 0.0 0.0 0.0 0.0 0.0 0.0 0.0 0.0 0.0 1.0 0.0 0.0 0.0 0.0 1.0 0.0 7.0 900.0 0.0 1.85 1546.0 2539.0 17.0 Operational 39.0 4.0 0.0 0.0 0.0 1.0 0.025 0.025 0.025 2733.0 4162.0 4384.0 0.0
09:38:40.100 0001 -0.2437058985233307 51.4849739074707 10.651 11.0 61.27968978881836 0.0 0.0 0.0 0.0 0.0 0.0 0.0 0.0 0.0 0.0 0.0 0.0 0.0 0.0 1.0 0.0 0.0 0.0 0.0 1.0 0.0 7.0 900.0 0.0 1.85 1546.0 2539.0 17.0 Operational 39.0 4.0 0.0 0.0 0.0 1.0 0.025 0.025 0.025 2733.0 4162.0 4384.0 0.0
09:38:40.200 0001 -0.2437058985233307 51.4849739074707 10.651 11.0 61.27968978881836 0.0 0.0 0.0 0.0 0.0 0.0 0.0 0.0 0.0 0.0 0.0 0.0 0.0 0.0 1.0 0.0 0.0 0.0 0.0 1.0 0.0 7.0 900.0 0.0 1.85 1546.0 2539.0 17.0 Operational 39.0 4.0 0.0 0.0 0.0 1.0 0.025 0.025 0.025 2733.0 4162.0 4384.0 0.0
09:38:40.300 0001 -0.2437058985233307 51.4849739074707 10.651 11.0 61.27968978881836 0.0 0.0 0.0 0.0 0.0 0.0 0.0 0.0 0.0 0.0 0.0 0.0 0.0 0.0 1.0 0.0 0.0 0.0 0.0 1.0 0.0 7.0 900.0 0.0 1.85 1546.0 2539.0 17.0 Operational 39.0 4.0 0.0 0.0 0.0 1.0 0.025 0.025 0.025 2733.0 4162.0 4384.0 0.0
09:38:40.400 0001 -0.2437058985233307 51.4849739074707 10.651 11.0 61.27968978881836 0.0 0.0 0.0 0.0 0.0 0.0 0.0 0.0 0.0 0.0 0.0 0.0 0.0 0.0 1.0 0.0 0.0 0.0 0.0 1.0 0.0 7.0 900.0 0.0 1.85 1546.0 2539.0 17.0 Operational 39.0 4.0 0.0 0.0 0.0 1.0 0.025 0.025 0.025 2733.0 4162.0 4384.0 0.0
09:38:40.500 0001 -0.2437058985233307 51.4849739074707 10.651 11.0 61.27968978881836 0.0 0.0 0.0 0.0 0.0 0.0 0.0 0.0 0.0 0.0 0.0 0.0 0.0 0.0 1.0 0.0 0.0 0.0 0.0 1.0 0.0 7.0 900.0 0.0 1.85 1546.0 2539.0 17.0 Operational 39.0 4.0 0.0 0.0 0.0 1.0 0.025 0.025 0.025 2733.0 4162.0 4384.0 0.0
09:38:40.600 0001 -0.2437058985233307 51.4849739074707 10.651 11.0 61.27968978881836 0.0 0.0 0.0 0.0 0.0 0.0 0.0 0.0 0.0 0.0 0.0 0.0 0.0 0.0 1.0 0.0 0.0 0.0 0.0 1.0 0.0 7.0 900.0 0.0 1.85 1546.0 2539.0 17.0 Operational 39.0 4.0 0.0 0.0 0.0 1.0 0.025 0.025 0.025 2733.0 4162.0 4384.0 0.0
09:38:40.700 0001 -0.2437058985233307 51.4849739074707 10.651 11.0 61.27968978881836 0.0 0.0 0.0 0.0 0.0 0.0 0.0 0.0 0.0 0.0 0.0 0.0 0.0 0.0 1.0 0.0 0.0 0.0 0.0 1.0 0.0 7.0 900.0 0.0 1.85 1546.0 2539.0 17.0 Operational 39.0 4.0 0.0 0.0 0.0 1.0 0.025 0.025 0.025 2733.0 4162.0 4384.0 0.0
09:38:40.800 0001 -0.2437049001455307 51.48497772216797 10.997 12.0 61.27968978881836 0.0 0.0 0.0 0.0 0.0 0.0 0.0 0.0 0.0 0.0 0.0 0.0 0.0 0.0 1.0 0.0 0.0 0.0 0.0 1.0 0.0 7.0 900.0 0.0 1.85 1546.0 2539.0 17.0 Operational 39.0 5.0 0.0 0.0 0.0 1.0 0.048 0.081 0.081 2645.0 4162.0 4732.0 0.0
09:38:40.900 0001 -0.2437049001455307 51.48497772216797 10.997 12.0 61.27968978881836 0.0 0.0 0.0 0.0 0.0 0.0 0.0 0.0 0.0 0.0 0.0 0.0 0.0 0.0 1.0 0.0 0.0 0.0 0.0 1.0 0.0 7.0 900.0 0.0 1.85 1546.0 2539.0 17.0 Operational 39.0 5.0 0.0 0.0 0.0 1.0 0.048 0.081 0.081 2645.0 4162.0 4732.0 0.0
09:38:41.000 0001 -0.2437049001455307 51.48497772216797 10.997 12.0 61.27968978881836 0.0 0.0 0.0 0.0 0.0 0.0 0.0 0.0 0.0 0.0 0.0 0.0 0.0 0.0 1.0 0.0 0.0 0.0 0.0 1.0 0.0 7.0 900.0 0.0 1.85 1546.0 2539.0 17.0 Operational 39.0 5.0 0.0 0.0 0.0 1.0 0.048 0.081 0.081 2645.0 4162.0 4732.0 0.0
09:38:41.100 0001 -0.2437049001455307 51.48497772216797 10.997 12.0 61.27968978881836 0.0 0.0 0.0 0.0 0.0 0.0 0.0 0.0 0.0 0.0 0.0 0.0 0.0 0.0 1.0 0.0 0.0 0.0 0.0 1.0 0.0 7.0 900.0 0.0 1.85 1546.0 2539.0 17.0 Operational 39.0 5.0 0.0 0.0 0.0 1.0 0.048 0.081 0.081 2645.0 4162.0 4732.0 0.0
09:38:41.200 0001 -0.2437049001455307 51.48497772216797 10.997 12.0 61.27968978881836 0.0 0.0 0.0 0.0 0.0 0.0 0.0 0.0 0.0 0.0 0.0 0.0 0.0 0.0 1.0 0.0 0.0 0.0 0.0 1.0 0.0 7.0 900.0 0.0 1.85 1546.0 2539.0 17.0 Operational 39.0 5.0 0.0 0.0 0.0 1.0 0.048 0.081 0.081 2645.0 4162.0 4732.0 0.0
09:38:41.300 0001 -0.2437049001455307 51.48497772216797 10.997 12.0 61.27968978881836 0.0 0.0 0.0 0.0 0.0 0.0 0.0 0.0 0.0 0.0 0.0 0.0 0.0 0.0 1.0 0.0 0.0 0.0 0.0 1.0 0.0 7.0 900.0 0.0 1.85 1546.0 2539.0 17.0 Operational 39.0 5.0 0.0 0.0 0.0 1.0 0.048 0.081 0.081 2645.0 4162.0 4732.0 0.0
09:38:41.400 0001 -0.2437049001455307 51.48497772216797 10.997 12.0 61.27968978881836 0.0 0.0 0.0 0.0 0.0 0.0 0.0 0.0 0.0 0.0 0.0 0.0 0.0 0.0 1.0 0.0 0.0 0.0 0.0 1.0 0.0 7.0 900.0 0.0 1.85 1546.0 2539.0 17.0 Operational 39.0 5.0 0.0 0.0 0.0 1.0 0.048 0.081 0.081 2645.0 4162.0 4732.0 0.0
09:38:41.500 0001 -0.2437049001455307 51.48497772216797 10.997 12.0 61.27968978881836 0.0 0.0 0.0 0.0 0.0 0.0 0.0 0.0 0.0 0.0 0.0 0.0 0.0 0.0 1.0 0.0 0.0 0.0 0.0 1.0 0.0 7.0 900.0 0.0 1.85 1546.0 2539.0 17.0 Operational 39.0 5.0 0.0 0.0 0.0 1.0 0.048 0.081 0.081 2645.0 4162.0 4732.0 0.0
09:38:41.600 0001 -0.2437049001455307 51.48497772216797 10.997 12.0 61.27968978881836 0.0 0.0 0.0 0.0 0.0 0.0 0.0 0.0 0.0 0.0 0.0 0.0 0.0 0.0 1.0 0.0 0.0 0.0 0.0 1.0 0.0 7.0 900.0 0.0 1.85 1546.0 2539.0 17.0 Operational 39.0 1.0 0.0 0.0 0.0 1.0 0.023 0.056 0.056 3318.0 4162.0 4147.0 0.0
09:38:41.700 0001 -0.2437049001455307 51.48497772216797 10.997 12.0 61.27968978881836 0.0 0.0 0.0 0.0 0.0 0.0 0.0 0.0 0.0 0.0 0.0 0.0 0.0 0.0 1.0 0.0 0.0 0.0 0.0 1.0 0.0 7.0 900.0 0.0 1.85 1546.0 2539.0 17.0 Operational 39.0 1.0 0.0 0.0 0.0 1.0 0.023 0.056 0.056 3318.0 4162.0 4147.0 0.0
09:38:41.800 0001 -0.243705004453659 51.48497772216797 11.038 11.0 61.27968978881836 0.0 0.0 0.0 0.0 0.0 0.0 0.0 0.0 0.0 0.0 0.0 0.0 0.0 0.0 1.0 0.0 0.0 0.0 0.0 1.0 0.0 7.0 900.0 0.0 1.85 1546.0 2539.0 17.0 Operational 39.0 1.0 0.0 0.0 0.0 1.0 0.023 0.056 0.056 3318.0 4162.0 4147.0 0.0
09:38:41.900 0001 -0.243705004453659 51.48497772216797 11.038 11.0 61.27968978881836 0.0 0.0 0.0 0.0 0.0 0.0 0.0 0.0 0.0 0.0 0.0 0.0 0.0 0.0 1.0 0.0 0.0 0.0 0.0 1.0 0.0 7.0 900.0 0.0 1.85 1546.0 2539.0 17.0 Operational 39.0 1.0 0.0 0.0 0.0 1.0 0.023 0.056 0.056 3318.0 4162.0 4147.0 0.0
09:38:42.000 0001 -0.243705004453659 51.48497772216797 11.038 11.0 61.27968978881836 0.0 0.0 0.0 0.0 0.0 0.0 0.0 0.0 0.0 0.0 0.0 0.0 0.0 0.0 1.0 0.0 0.0 0.0 0.0 1.0 0.0 7.0 900.0 0.0 1.85 1546.0 2539.0 17.0 Operational 39.0 1.0 0.0 0.0 0.0 1.0 0.023 0.056 0.056 3318.0 4162.0 4147.0 0.0
09:38:42.100 0001 -0.243705004453659 51.48497772216797 11.038 11.0 61.27968978881836 0.0 0.0 0.0 0.0 0.0 0.0 0.0 0.0 0.0 0.0 0.0 0.0 0.0 0.0 1.0 0.0 0.0 0.0 0.0 1.0 0.0 7.0 900.0 0.0 1.85 1546.0 2539.0 17.0 Operational 39.0 1.0 0.0 0.0 0.0 1.0 0.023 0.056 0.056 3318.0 4162.0 4147.0 0.0
09:38:42.200 0001 -0.243705004453659 51.48497772216797 11.038 11.0 61.27968978881836 0.0 0.0 0.0 0.0 0.0 0.0 0.0 0.0 0.0 0.0 0.0 0.0 0.0 0.0 1.0 0.0 0.0 0.0 0.0 1.0 0.0 7.0 900.0 0.0 1.85 1546.0 2539.0 17.0 Operational 39.0 1.0 0.0 0.0 0.0 1.0 0.023 0.056 0.056 3318.0 4162.0 4147.0 0.0
09:38:42.300 0001 -0.243705004453659 51.48497772216797 11.038 11.0 61.27968978881836 0.0 0.0 0.0 0.0 0.0 0.0 0.0 0.0 0.0 0.0 0.0 0.0 0.0 0.0 1.0 0.0 0.0 0.0 0.0 1.0 0.0 7.0 900.0 0.0 1.85 1546.0 2539.0 17.0 Operational 39.0 1.0 0.0 0.0 0.0 1.0 0.023 0.056 0.056 3318.0 4162.0 4147.0 0.0
09:38:42.400 0001 -0.243705004453659 51.48497772216797 11.038 11.0 61.27968978881836 0.0 0.0 0.0 0.0 0.0 0.0 0.0 0.0 0.0 0.0 0.0 0.0 0.0 0.0 1.0 0.0 0.0 0.0 0.0 1.0 0.0 7.0 900.0 0.0 1.85 1546.0 2539.0 17.0 Operational 39.0 2.0 0.0 0.0 0.0 1.0 0.027 0.027 0.047 2890.0 4162.0 5745.0 0.0
09:38:42.500 0001 -0.243705004453659 51.48497772216797 11.038 11.0 61.27968978881836 0.0 0.0 0.0 0.0 0.0 0.0 0.0 0.0 0.0 0.0 0.0 0.0 0.0 0.0 1.0 0.0 0.0 0.0 0.0 1.0 0.0 7.0 900.0 0.0 1.85 1546.0 2539.0 17.0 Operational 39.0 2.0 0.0 0.0 0.0 1.0 0.027 0.027 0.047 2890.0 4162.0 5745.0 0.0
09:38:42.600 0001 -0.243705004453659 51.48497772216797 11.038 11.0 61.27968978881836 0.0 0.0 0.0 0.0 0.0 0.0 0.0 0.0 0.0 0.0 0.0 0.0 0.0 0.0 1.0 0.0 0.0 0.0 0.0 1.0 0.0 7.0 900.0 0.0 1.85 1546.0 2539.0 17.0 Operational 39.0 2.0 0.0 0.0 0.0 1.0 0.027 0.027 0.047 2890.0 4162.0 5745.0 0.0
09:38:42.700 0001 -0.243705004453659 51.48497772216797 11.038 11.0 61.27968978881836 0.0 0.0 0.0 0.0 0.0 0.0 0.0 0.0 0.0 0.0 0.0 0.0 0.0 0.0 1.0 0.0 0.0 0.0 0.0 1.0 0.0 7.0 900.0 0.0 1.85 1546.0 2539.0 17.0 Operational 39.0 2.0 0.0 0.0 0.0 1.0 0.027 0.027 0.047 2890.0 4162.0 5745.0 0.0
09:38:42.800 0001 -0.2437043935060501 51.48497772216797 11.304 12.0 61.27968978881836 0.0 0.0 0.0 0.0 0.0 0.0 0.0 0.0 0.0 0.0 0.0 0.0 0.0 0.0 1.0 0.0 0.0 0.0 0.0 1.0 0.0 7.0 900.0 0.0 1.85 1546.0 2539.0 17.0 Operational 39.0 2.0 0.0 0.0 0.0 1.0 0.027 0.027 0.047 2890.0 4162.0 5745.0 0.0
09:38:42.900 0001 -0.2437043935060501 51.48497772216797 11.304 12.0 61.27968978881836 0.0 0.0 0.0 0.0 0.0 0.0 0.0 0.0 0.0 0.0 0.0 0.0 0.0 0.0 1.0 0.0 0.0 0.0 0.0 1.0 0.0 7.0 900.0 0.0 1.85 1546.0 2539.0 17.0 Operational 39.0 2.0 0.0 0.0 0.0 1.0 0.027 0.027 0.047 2890.0 4162.0 5745.0 0.0
09:38:43.000 0001 -0.2437043935060501 51.48497772216797 11.304 12.0 61.27968978881836 0.0 0.0 0.0 0.0 0.0 0.0 0.0 0.0 0.0 0.0 0.0 0.0 0.0 0.0 1.0 0.0 0.0 0.0 0.0 1.0 0.0 7.0 900.0 0.0 1.85 1546.0 2539.0 17.0 Operational 39.0 2.0 0.0 0.0 0.0 1.0 0.027 0.027 0.047 2890.0 4162.0 5745.0 0.0
09:38:43.100 0001 -0.2437043935060501 51.48497772216797 11.304 12.0 61.27968978881836 0.0 0.0 0.0 0.0 0.0 0.0 0.0 0.0 0.0 0.0 0.0 0.0 0.0 0.0 1.0 0.0 0.0 0.0 0.0 1.0 0.0 7.0 900.0 0.0 1.85 1546.0 2539.0 17.0 Operational 39.0 2.0 0.0 0.0 0.0 1.0 0.027 0.027 0.047 2890.0 4162.0 5745.0 0.0
