[device]
Syslogic

[cameras]
['front', 'left_nozzle', 'back', 'right_nozzle']

[AVI]
SN214929_2023_07_31_0741_

[column names]
time avifileindex Longitude Latitude Altitude Satellites Heading Nozzle1downTMSCS Nozzle2downTMS SideBrush1downTMS SideBrush2downTMS BrushCurrent SideBrush1ExtendTMSCS SideBrush2ExtendTMSCS SideBrush1RetractTMSCS SideBrush2RetractTMSCS Nozzle1WaterSprayOnOffTMS Nozzle2WaterSprayOnOffTMS SideBrush1WaterSprayTMS SideBrush2WaterSprayTMS WSBMotoronoffTMS FanOnTMS WorkLight1OnOffTMS WorkLight2OnOffTMS NozGapOpen NozGapClose Pause_active AutoSweepActive EngineType EngineSpeed RoadSpeedTMSCS EngineFuelRateTMSCS FanSpeed TotalFuelConsumption WaterTankLevel JVMheartbeat JVMALerts GutterSprayOnOff AddWaterSprayOnOff WaterRe_circOnOff modbus_id pm_sensor_serious_fault pm_sensor_fault pm_sensor_is_degraded_mode pm_sensor_is_ready pm_1 pm_2_5 pm_10 temperature firmware_version humidity error

[data]
07:41:33.300 0001 -1.0994443893432615 51.73892974853515 72.661 16.0 104.0915985107422 0.0 0.0 0.0 0.0 0.0 0.0 0.0 0.0 0.0 0.0 0.0 0.0 0.0 0.0 0.0 0.0 0.0 0.0 0.0 0.0 0.0 7.0 0.0 0.0 0.0 0.0 2601.4500000000003 20.5 Operational 39.0 0.0 0.0 0.0 5.0 0.0 0.0 0.0 1.0 0.045 0.05 0.068 2747.0 4162.0 5977.0 0.0
07:41:33.400 0001 -1.0994443893432615 51.73892974853515 72.661 16.0 104.0915985107422 0.0 0.0 0.0 0.0 0.0 0.0 0.0 0.0 0.0 0.0 0.0 0.0 0.0 0.0 0.0 0.0 0.0 0.0 0.0 0.0 0.0 7.0 0.0 0.0 0.0 0.0 2601.4500000000003 20.5 Operational 39.0 0.0 0.0 0.0 5.0 0.0 0.0 0.0 1.0 0.045 0.05 0.068 2747.0 4162.0 5977.0 0.0
07:41:33.500 0001 -1.0994443893432615 51.73892974853515 72.661 16.0 104.0915985107422 0.0 0.0 0.0 0.0 0.0 0.0 0.0 0.0 0.0 0.0 0.0 0.0 0.0 0.0 0.0 0.0 0.0 0.0 0.0 0.0 0.0 7.0 0.0 0.0 0.0 0.0 2601.4500000000003 20.5 Operational 39.0 0.0 0.0 0.0 5.0 0.0 0.0 0.0 1.0 0.045 0.05 0.068 2747.0 4162.0 5977.0 0.0
07:41:33.600 0001 -1.0994443893432615 51.73892974853515 72.661 16.0 104.0915985107422 0.0 0.0 0.0 0.0 0.0 0.0 0.0 0.0 0.0 0.0 0.0 0.0 0.0 0.0 0.0 0.0 0.0 0.0 0.0 0.0 0.0 7.0 0.0 0.0 0.0 0.0 2601.4500000000003 20.5 Operational 39.0 0.0 0.0 0.0 5.0 0.0 0.0 0.0 1.0 0.045 0.05 0.068 2747.0 4162.0 5977.0 0.0
07:41:33.700 0001 -1.0994443893432615 51.73892974853515 72.661 16.0 104.0915985107422 0.0 0.0 0.0 0.0 0.0 0.0 0.0 0.0 0.0 0.0 0.0 0.0 0.0 0.0 0.0 0.0 0.0 0.0 0.0 0.0 0.0 7.0 0.0 0.0 0.0 0.0 2601.4500000000003 20.5 Operational 39.0 0.0 0.0 0.0 5.0 0.0 0.0 0.0 1.0 0.045 0.05 0.068 2747.0 4162.0 5977.0 0.0
07:41:33.700 0001 -1.0994443893432615 51.73892974853515 72.661 16.0 104.0915985107422 0.0 0.0 0.0 0.0 0.0 0.0 0.0 0.0 0.0 0.0 0.0 0.0 0.0 0.0 0.0 0.0 0.0 0.0 0.0 0.0 0.0 7.0 0.0 0.0 0.0 0.0 2601.4500000000003 20.5 Operational 39.0 0.0 0.0 0.0 5.0 0.0 0.0 0.0 1.0 0.045 0.05 0.068 2747.0 4162.0 5977.0 0.0
07:41:33.800 0001 -1.0994443893432615 51.73892974853515 72.661 16.0 104.0915985107422 0.0 0.0 0.0 0.0 0.0 0.0 0.0 0.0 0.0 0.0 0.0 0.0 0.0 0.0 0.0 0.0 0.0 0.0 0.0 0.0 0.0 7.0 0.0 0.0 0.0 0.0 2601.4500000000003 20.5 Operational 39.0 0.0 0.0 0.0 5.0 0.0 0.0 0.0 1.0 0.045 0.05 0.068 2747.0 4162.0 5977.0 0.0
07:41:33.900 0001 -1.0994443893432615 51.73892974853515 72.661 16.0 104.0915985107422 0.0 0.0 0.0 0.0 0.0 0.0 0.0 0.0 0.0 0.0 0.0 0.0 0.0 0.0 0.0 0.0 0.0 0.0 0.0 0.0 0.0 7.0 0.0 0.0 0.0 0.0 2601.4500000000003 20.5 Operational 39.0 0.0 0.0 0.0 5.0 0.0 0.0 0.0 1.0 0.045 0.05 0.068 2747.0 4162.0 5977.0 0.0
07:41:34.000 0001 -1.0994443893432615 51.73892974853515 72.661 16.0 104.0915985107422 0.0 0.0 0.0 0.0 0.0 0.0 0.0 0.0 0.0 0.0 0.0 0.0 0.0 0.0 0.0 0.0 0.0 0.0 0.0 0.0 0.0 7.0 0.0 0.0 0.0 0.0 2601.4500000000003 20.5 Operational 39.0 0.0 0.0 0.0 5.0 0.0 0.0 0.0 1.0 0.045 0.05 0.068 2747.0 4162.0 5977.0 0.0
07:41:34.100 0001 -1.0994443893432615 51.73892974853515 72.661 16.0 104.0915985107422 0.0 0.0 0.0 0.0 0.0 0.0 0.0 0.0 0.0 0.0 0.0 0.0 0.0 0.0 0.0 0.0 0.0 0.0 0.0 0.0 0.0 7.0 0.0 0.0 0.0 0.0 2601.4500000000003 20.5 Operational 39.0 0.0 0.0 0.0 5.0 0.0 0.0 0.0 1.0 0.045 0.05 0.068 2747.0 4162.0 5977.0 0.0
07:41:34.200 0001 -1.0994443893432615 51.73892974853515 72.661 16.0 104.0915985107422 0.0 0.0 0.0 0.0 0.0 0.0 0.0 0.0 0.0 0.0 0.0 0.0 0.0 0.0 0.0 0.0 0.0 0.0 0.0 0.0 0.0 7.0 0.0 0.0 0.0 0.0 2601.4500000000003 20.5 Operational 39.0 0.0 0.0 0.0 5.0 0.0 0.0 0.0 1.0 0.045 0.05 0.068 2747.0 4162.0 5977.0 0.0
07:41:34.300 0001 -1.0994443893432615 51.73892974853515 72.661 16.0 104.0915985107422 0.0 0.0 0.0 0.0 0.0 0.0 0.0 0.0 0.0 0.0 0.0 0.0 0.0 0.0 0.0 0.0 0.0 0.0 0.0 0.0 0.0 7.0 0.0 0.0 0.0 0.0 2601.4500000000003 20.5 Operational 39.0 0.0 0.0 0.0 1.0 0.0 0.0 0.0 1.0 0.04 0.044 0.06 2629.0 4162.0 5893.0 0.0
07:41:34.400 0001 -1.0994443893432615 51.73892974853515 72.661 16.0 104.0915985107422 0.0 0.0 0.0 0.0 0.0 0.0 0.0 0.0 0.0 0.0 0.0 0.0 0.0 0.0 0.0 0.0 0.0 0.0 0.0 0.0 0.0 7.0 0.0 0.0 0.0 0.0 2601.4500000000003 20.5 Operational 39.0 0.0 0.0 0.0 1.0 0.0 0.0 0.0 1.0 0.04 0.044 0.06 2629.0 4162.0 5893.0 0.0
07:41:34.500 0001 -1.0994443893432615 51.73892974853515 72.661 16.0 104.0915985107422 0.0 0.0 0.0 0.0 0.0 0.0 0.0 0.0 0.0 0.0 0.0 0.0 0.0 0.0 0.0 0.0 0.0 0.0 0.0 0.0 0.0 7.0 0.0 0.0 0.0 0.0 2601.4500000000003 20.5 Operational 39.0 0.0 0.0 0.0 1.0 0.0 0.0 0.0 1.0 0.04 0.044 0.06 2629.0 4162.0 5893.0 0.0
07:41:34.600 0001 -1.0994443893432615 51.73892974853515 72.661 16.0 104.0915985107422 0.0 0.0 0.0 0.0 0.0 0.0 0.0 0.0 0.0 0.0 0.0 0.0 0.0 0.0 0.0 0.0 0.0 0.0 0.0 0.0 0.0 7.0 0.0 0.0 0.0 0.0 2601.4500000000003 20.5 Operational 39.0 0.0 0.0 0.0 1.0 0.0 0.0 0.0 1.0 0.04 0.044 0.06 2629.0 4162.0 5893.0 0.0
07:41:34.700 0001 -1.0994443893432615 51.73892974853515 72.661 16.0 104.0915985107422 0.0 0.0 0.0 0.0 0.0 0.0 0.0 0.0 0.0 0.0 0.0 0.0 0.0 0.0 0.0 0.0 0.0 0.0 0.0 0.0 0.0 7.0 0.0 0.0 0.0 0.0 2601.4500000000003 20.5 Operational 39.0 0.0 0.0 0.0 1.0 0.0 0.0 0.0 1.0 0.04 0.044 0.06 2629.0 4162.0 5893.0 0.0
07:41:34.800 0001 -1.0994443893432615 51.73892974853515 72.661 16.0 104.0915985107422 0.0 0.0 0.0 0.0 0.0 0.0 0.0 0.0 0.0 0.0 0.0 0.0 0.0 0.0 0.0 0.0 0.0 0.0 0.0 0.0 0.0 7.0 0.0 0.0 0.0 0.0 2601.4500000000003 20.5 Operational 39.0 0.0 0.0 0.0 1.0 0.0 0.0 0.0 1.0 0.04 0.044 0.06 2629.0 4162.0 5893.0 0.0
07:41:34.900 0001 -1.0994439125061035 51.73892974853515 72.385 17.0 104.0915985107422 0.0 0.0 0.0 0.0 0.0 0.0 0.0 0.0 0.0 0.0 0.0 0.0 0.0 0.0 0.0 0.0 0.0 0.0 0.0 0.0 0.0 7.0 0.0 0.0 0.0 0.0 2601.4500000000003 20.5 Operational 39.0 0.0 0.0 0.0 1.0 0.0 0.0 0.0 1.0 0.04 0.044 0.06 2629.0 4162.0 5893.0 0.0
07:41:35.000 0001 -1.0994439125061035 51.73892974853515 72.385 17.0 104.0915985107422 0.0 0.0 0.0 0.0 0.0 0.0 0.0 0.0 0.0 0.0 0.0 0.0 0.0 0.0 0.0 0.0 0.0 0.0 0.0 0.0 0.0 7.0 0.0 0.0 0.0 0.0 2601.4500000000003 20.5 Operational 39.0 0.0 0.0 0.0 2.0 0.0 0.0 0.0 1.0 0.028 0.031 0.043 2920.0 4162.0 5900.0 0.0
07:41:35.100 0001 -1.0994439125061035 51.73892974853515 72.385 17.0 104.0915985107422 0.0 0.0 0.0 0.0 0.0 0.0 0.0 0.0 0.0 0.0 0.0 0.0 0.0 0.0 0.0 0.0 0.0 0.0 0.0 0.0 0.0 7.0 0.0 0.0 0.0 0.0 2601.4500000000003 20.5 Operational 39.0 0.0 0.0 0.0 2.0 0.0 0.0 0.0 1.0 0.028 0.031 0.043 2920.0 4162.0 5900.0 0.0
07:41:35.200 0001 -1.0994439125061035 51.73892974853515 72.385 17.0 104.0915985107422 0.0 0.0 0.0 0.0 0.0 0.0 0.0 0.0 0.0 0.0 0.0 0.0 0.0 0.0 0.0 0.0 0.0 0.0 0.0 0.0 0.0 7.0 0.0 0.0 0.0 0.0 2601.4500000000003 20.5 Operational 39.0 0.0 0.0 0.0 2.0 0.0 0.0 0.0 1.0 0.028 0.031 0.043 2920.0 4162.0 5900.0 0.0
07:41:35.300 0001 -1.0994439125061035 51.73892974853515 72.385 17.0 104.0915985107422 0.0 0.0 0.0 0.0 0.0 0.0 0.0 0.0 0.0 0.0 0.0 0.0 0.0 0.0 0.0 0.0 0.0 0.0 0.0 0.0 0.0 7.0 0.0 0.0 0.0 0.0 2601.4500000000003 20.5 Operational 39.0 0.0 0.0 0.0 2.0 0.0 0.0 0.0 1.0 0.028 0.031 0.043 2920.0 4162.0 5900.0 0.0
07:41:35.400 0001 -1.0994439125061035 51.73892974853515 72.385 17.0 104.0915985107422 0.0 0.0 0.0 0.0 0.0 0.0 0.0 0.0 0.0 0.0 0.0 0.0 0.0 0.0 0.0 0.0 0.0 0.0 0.0 0.0 0.0 7.0 0.0 0.0 0.0 0.0 2601.4500000000003 20.5 Operational 39.0 0.0 0.0 0.0 2.0 0.0 0.0 0.0 1.0 0.028 0.031 0.043 2920.0 4162.0 5900.0 0.0
07:41:35.500 0001 -1.0994439125061035 51.73892974853515 72.385 17.0 104.0915985107422 0.0 0.0 0.0 0.0 0.0 0.0 0.0 0.0 0.0 0.0 0.0 0.0 0.0 0.0 0.0 0.0 0.0 0.0 0.0 0.0 0.0 7.0 0.0 0.0 0.0 0.0 2601.4500000000003 20.5 Operational 39.0 0.0 0.0 0.0 2.0 0.0 0.0 0.0 1.0 0.028 0.031 0.043 2920.0 4162.0 5900.0 0.0
07:41:35.600 0001 -1.0994439125061035 51.73892974853515 72.385 17.0 104.0915985107422 0.0 0.0 0.0 0.0 0.0 0.0 0.0 0.0 0.0 0.0 0.0 0.0 0.0 0.0 0.0 0.0 0.0 0.0 0.0 0.0 0.0 7.0 0.0 0.0 0.0 0.0 2601.4500000000003 20.5 Operational 39.0 0.0 0.0 0.0 2.0 0.0 0.0 0.0 1.0 0.028 0.031 0.043 2920.0 4162.0 5900.0 0.0
07:41:35.700 0001 -1.0994439125061035 51.73892974853515 72.385 17.0 104.0915985107422 0.0 0.0 0.0 0.0 0.0 0.0 0.0 0.0 0.0 0.0 0.0 0.0 0.0 0.0 0.0 0.0 0.0 0.0 0.0 0.0 0.0 7.0 0.0 0.0 0.0 0.0 2601.4500000000003 20.5 Operational 39.0 0.0 0.0 0.0 2.0 0.0 0.0 0.0 1.0 0.028 0.031 0.043 2920.0 4162.0 5900.0 0.0
07:41:35.800 0001 -1.0994439125061035 51.73892974853515 72.385 17.0 104.0915985107422 0.0 0.0 0.0 0.0 0.0 0.0 0.0 0.0 0.0 0.0 0.0 0.0 0.0 0.0 0.0 0.0 0.0 0.0 0.0 0.0 0.0 7.0 0.0 0.0 0.0 0.0 2601.4500000000003 20.5 Operational 39.0 0.0 0.0 0.0 3.0 0.0 0.0 0.0 1.0 0.038 0.043 0.058 2889.0 4162.0 5854.0 0.0
07:41:35.900 0001 -1.0994422435760498 51.73892974853515 72.44200000000001 17.0 104.0915985107422 0.0 0.0 0.0 0.0 0.0 0.0 0.0 0.0 0.0 0.0 0.0 0.0 0.0 0.0 0.0 0.0 0.0 0.0 0.0 0.0 0.0 7.0 0.0 0.0 0.0 0.0 2601.4500000000003 20.5 Operational 39.0 0.0 0.0 0.0 3.0 0.0 0.0 0.0 1.0 0.038 0.043 0.058 2889.0 4162.0 5854.0 0.0
07:41:36.000 0001 -1.0994422435760498 51.73892974853515 72.44200000000001 17.0 104.0915985107422 0.0 0.0 0.0 0.0 0.0 0.0 0.0 0.0 0.0 0.0 0.0 0.0 0.0 0.0 0.0 0.0 0.0 0.0 0.0 0.0 0.0 7.0 0.0 0.0 0.0 0.0 2601.4500000000003 20.5 Operational 39.0 0.0 0.0 0.0 3.0 0.0 0.0 0.0 1.0 0.038 0.043 0.058 2889.0 4162.0 5854.0 0.0
07:41:36.100 0001 -1.0994422435760498 51.73892974853515 72.44200000000001 17.0 104.0915985107422 0.0 0.0 0.0 0.0 0.0 0.0 0.0 0.0 0.0 0.0 0.0 0.0 0.0 0.0 0.0 0.0 0.0 0.0 0.0 0.0 0.0 7.0 0.0 0.0 0.0 0.0 2601.4500000000003 20.5 Operational 39.0 0.0 0.0 0.0 3.0 0.0 0.0 0.0 1.0 0.038 0.043 0.058 2889.0 4162.0 5854.0 0.0
07:41:36.200 0001 -1.0994422435760498 51.73892974853515 72.44200000000001 17.0 104.0915985107422 0.0 0.0 0.0 0.0 0.0 0.0 0.0 0.0 0.0 0.0 0.0 0.0 0.0 0.0 0.0 0.0 0.0 0.0 0.0 0.0 0.0 7.0 0.0 0.0 0.0 0.0 2601.4500000000003 20.5 Operational 39.0 0.0 0.0 0.0 3.0 0.0 0.0 0.0 1.0 0.038 0.043 0.058 2889.0 4162.0 5854.0 0.0
07:41:36.300 0001 -1.0994422435760498 51.73892974853515 72.44200000000001 17.0 104.0915985107422 0.0 0.0 0.0 0.0 0.0 0.0 0.0 0.0 0.0 0.0 0.0 0.0 0.0 0.0 0.0 0.0 0.0 0.0 0.0 0.0 0.0 7.0 0.0 0.0 0.0 0.0 2601.4500000000003 20.5 Operational 39.0 0.0 0.0 0.0 3.0 0.0 0.0 0.0 1.0 0.038 0.043 0.058 2889.0 4162.0 5854.0 0.0
07:41:36.400 0001 -1.0994422435760498 51.73892974853515 72.44200000000001 17.0 104.0915985107422 0.0 0.0 0.0 0.0 0.0 0.0 0.0 0.0 0.0 0.0 0.0 0.0 0.0 0.0 0.0 0.0 0.0 0.0 0.0 0.0 0.0 7.0 0.0 0.0 0.0 0.0 2601.4500000000003 20.5 Operational 39.0 0.0 0.0 0.0 3.0 0.0 0.0 0.0 1.0 0.038 0.043 0.058 2889.0 4162.0 5854.0 0.0
07:41:36.500 0001 -1.0994422435760498 51.73892974853515 72.44200000000001 17.0 104.0915985107422 0.0 0.0 0.0 0.0 0.0 0.0 0.0 0.0 0.0 0.0 0.0 0.0 0.0 0.0 0.0 0.0 0.0 0.0 0.0 0.0 0.0 7.0 0.0 0.0 0.0 0.0 2601.4500000000003 20.5 Operational 39.0 0.0 0.0 0.0 3.0 0.0 0.0 0.0 1.0 0.038 0.043 0.058 2889.0 4162.0 5854.0 0.0
07:41:36.600 0001 -1.0994422435760498 51.73892974853515 72.44200000000001 17.0 104.0915985107422 0.0 0.0 0.0 0.0 0.0 0.0 0.0 0.0 0.0 0.0 0.0 0.0 0.0 0.0 0.0 0.0 0.0 0.0 0.0 0.0 0.0 7.0 0.0 0.0 0.0 0.0 2601.4500000000003 20.5 Operational 39.0 0.0 0.0 0.0 3.0 0.0 0.0 0.0 1.0 0.038 0.043 0.058 2889.0 4162.0 5854.0 0.0
07:41:36.700 0001 -1.0994422435760498 51.73892974853515 72.44200000000001 17.0 104.0915985107422 0.0 0.0 0.0 0.0 0.0 0.0 0.0 0.0 0.0 0.0 0.0 0.0 0.0 0.0 0.0 0.0 0.0 0.0 0.0 0.0 0.0 7.0 0.0 0.0 0.0 0.0 2601.4500000000003 20.5 Operational 39.0 0.0 0.0 0.0 4.0 0.0 0.0 0.0 1.0 0.046 0.051 0.07 2825.0 4162.0 5698.0 0.0
07:41:36.800 0001 -1.0994422435760498 51.73892974853515 72.44200000000001 17.0 104.0915985107422 0.0 0.0 0.0 0.0 0.0 0.0 0.0 0.0 0.0 0.0 0.0 0.0 0.0 0.0 0.0 0.0 0.0 0.0 0.0 0.0 0.0 7.0 0.0 0.0 0.0 0.0 2601.4500000000003 20.5 Operational 39.0 0.0 0.0 0.0 4.0 0.0 0.0 0.0 1.0 0.046 0.051 0.07 2825.0 4162.0 5698.0 0.0
07:41:36.900 0001 -1.0994409322738647 51.73892974853515 72.385 16.0 104.0915985107422 0.0 0.0 0.0 0.0 0.0 0.0 0.0 0.0 0.0 0.0 0.0 0.0 0.0 0.0 0.0 0.0 0.0 0.0 0.0 0.0 0.0 7.0 0.0 0.0 0.0 0.0 2601.4500000000003 20.5 Operational 39.0 0.0 0.0 0.0 4.0 0.0 0.0 0.0 1.0 0.046 0.051 0.07 2825.0 4162.0 5698.0 0.0
07:41:37.000 0001 -1.0994409322738647 51.73892974853515 72.385 16.0 104.0915985107422 0.0 0.0 0.0 0.0 0.0 0.0 0.0 0.0 0.0 0.0 0.0 0.0 0.0 0.0 0.0 0.0 0.0 0.0 0.0 0.0 0.0 7.0 0.0 0.0 0.0 0.0 2601.4500000000003 20.5 Operational 39.0 0.0 0.0 0.0 4.0 0.0 0.0 0.0 1.0 0.046 0.051 0.07 2825.0 4162.0 5698.0 0.0
07:41:37.100 0001 -1.0994409322738647 51.73892974853515 72.385 16.0 104.0915985107422 0.0 0.0 0.0 0.0 0.0 0.0 0.0 0.0 0.0 0.0 0.0 0.0 0.0 0.0 0.0 0.0 0.0 0.0 0.0 0.0 0.0 7.0 0.0 0.0 0.0 0.0 2601.4500000000003 20.5 Operational 39.0 0.0 0.0 0.0 4.0 0.0 0.0 0.0 1.0 0.046 0.051 0.07 2825.0 4162.0 5698.0 0.0
07:41:37.200 0001 -1.0994409322738647 51.73892974853515 72.385 16.0 104.0915985107422 0.0 0.0 0.0 0.0 0.0 0.0 0.0 0.0 0.0 0.0 0.0 0.0 0.0 0.0 0.0 0.0 0.0 0.0 0.0 0.0 0.0 7.0 0.0 0.0 0.0 0.0 2601.4500000000003 20.5 Operational 39.0 0.0 0.0 0.0 4.0 0.0 0.0 0.0 1.0 0.046 0.051 0.07 2825.0 4162.0 5698.0 0.0
07:41:37.300 0001 -1.0994409322738647 51.73892974853515 72.385 16.0 104.0915985107422 0.0 0.0 0.0 0.0 0.0 0.0 0.0 0.0 0.0 0.0 0.0 0.0 0.0 0.0 0.0 0.0 0.0 0.0 0.0 0.0 0.0 7.0 0.0 0.0 0.0 0.0 2601.4500000000003 20.5 Operational 39.0 0.0 0.0 0.0 4.0 0.0 0.0 0.0 1.0 0.046 0.051 0.07 2825.0 4162.0 5698.0 0.0
07:41:37.400 0001 -1.0994409322738647 51.73892974853515 72.385 16.0 104.0915985107422 0.0 0.0 0.0 0.0 0.0 0.0 0.0 0.0 0.0 0.0 0.0 0.0 0.0 0.0 0.0 0.0 0.0 0.0 0.0 0.0 0.0 7.0 0.0 0.0 0.0 0.0 2601.4500000000003 20.5 Operational 39.0 0.0 0.0 0.0 4.0 0.0 0.0 0.0 1.0 0.046 0.051 0.07 2825.0 4162.0 5698.0 0.0
07:41:37.500 0001 -1.0994409322738647 51.73892974853515 72.385 16.0 104.0915985107422 0.0 0.0 0.0 0.0 0.0 0.0 0.0 0.0 0.0 0.0 0.0 0.0 0.0 0.0 0.0 0.0 0.0 0.0 0.0 0.0 0.0 7.0 0.0 0.0 0.0 0.0 2601.4500000000003 20.5 Operational 39.0 0.0 0.0 0.0 5.0 0.0 0.0 0.0 1.0 0.041 0.045 0.062 2747.0 4162.0 5979.0 0.0
07:41:37.600 0001 -1.0994409322738647 51.73892974853515 72.385 16.0 104.0915985107422 0.0 0.0 0.0 0.0 0.0 0.0 0.0 0.0 0.0 0.0 0.0 0.0 0.0 0.0 0.0 0.0 0.0 0.0 0.0 0.0 0.0 7.0 0.0 0.0 0.0 0.0 2601.4500000000003 20.5 Operational 39.0 0.0 0.0 0.0 5.0 0.0 0.0 0.0 1.0 0.041 0.045 0.062 2747.0 4162.0 5979.0 0.0
07:41:37.700 0001 -1.0994409322738647 51.73892974853515 72.385 16.0 104.0915985107422 0.0 0.0 0.0 0.0 0.0 0.0 0.0 0.0 0.0 0.0 0.0 0.0 0.0 0.0 0.0 0.0 0.0 0.0 0.0 0.0 0.0 7.0 0.0 0.0 0.0 0.0 2601.4500000000003 20.5 Operational 39.0 0.0 0.0 0.0 5.0 0.0 0.0 0.0 1.0 0.041 0.045 0.062 2747.0 4162.0 5979.0 0.0
07:41:37.800 0001 -1.0994409322738647 51.73892974853515 72.385 16.0 104.0915985107422 0.0 0.0 0.0 0.0 0.0 0.0 0.0 0.0 0.0 0.0 0.0 0.0 0.0 0.0 0.0 0.0 0.0 0.0 0.0 0.0 0.0 7.0 0.0 0.0 0.0 0.0 2601.4500000000003 20.5 Operational 39.0 0.0 0.0 0.0 5.0 0.0 0.0 0.0 1.0 0.041 0.045 0.062 2747.0 4162.0 5979.0 0.0
07:41:37.900 0001 -1.099440097808838 51.73892974853515 72.242 18.0 104.0915985107422 0.0 0.0 0.0 0.0 0.0 0.0 0.0 0.0 0.0 0.0 0.0 0.0 0.0 0.0 0.0 0.0 0.0 0.0 0.0 0.0 0.0 7.0 0.0 0.0 0.0 0.0 2601.4500000000003 20.5 Operational 39.0 0.0 0.0 0.0 5.0 0.0 0.0 0.0 1.0 0.041 0.045 0.062 2747.0 4162.0 5979.0 0.0
07:41:38.000 0001 -1.099440097808838 51.73892974853515 72.242 18.0 104.0915985107422 0.0 0.0 0.0 0.0 0.0 0.0 0.0 0.0 0.0 0.0 0.0 0.0 0.0 0.0 0.0 0.0 0.0 0.0 0.0 0.0 0.0 7.0 0.0 0.0 0.0 0.0 2601.4500000000003 20.5 Operational 39.0 0.0 0.0 0.0 5.0 0.0 0.0 0.0 1.0 0.041 0.045 0.062 2747.0 4162.0 5979.0 0.0
07:41:38.100 0001 -1.099440097808838 51.73892974853515 72.242 18.0 104.0915985107422 0.0 0.0 0.0 0.0 0.0 0.0 0.0 0.0 0.0 0.0 0.0 0.0 0.0 0.0 0.0 0.0 0.0 0.0 0.0 0.0 0.0 7.0 0.0 0.0 0.0 0.0 2601.4500000000003 20.5 Operational 39.0 0.0 0.0 0.0 5.0 0.0 0.0 0.0 1.0 0.041 0.045 0.062 2747.0 4162.0 5979.0 0.0
07:41:38.200 0001 -1.099440097808838 51.73892974853515 72.242 18.0 104.0915985107422 0.0 0.0 0.0 0.0 0.0 0.0 0.0 0.0 0.0 0.0 0.0 0.0 0.0 0.0 0.0 0.0 0.0 0.0 0.0 0.0 0.0 7.0 0.0 0.0 0.0 0.0 2601.4500000000003 20.5 Operational 39.0 0.0 0.0 0.0 5.0 0.0 0.0 0.0 1.0 0.041 0.045 0.062 2747.0 4162.0 5979.0 0.0
07:41:38.300 0001 -1.099440097808838 51.73892974853515 72.242 18.0 104.0915985107422 0.0 0.0 0.0 0.0 0.0 0.0 0.0 0.0 0.0 0.0 0.0 0.0 0.0 0.0 0.0 0.0 0.0 0.0 0.0 0.0 0.0 7.0 0.0 0.0 0.0 0.0 2601.4500000000003 20.5 Operational 39.0 0.0 0.0 0.0 1.0 0.0 0.0 0.0 1.0 0.04 0.045 0.061 2629.0 4162.0 5882.0 0.0
07:41:38.400 0001 -1.099440097808838 51.73892974853515 72.242 18.0 104.0915985107422 0.0 0.0 0.0 0.0 0.0 0.0 0.0 0.0 0.0 0.0 0.0 0.0 0.0 0.0 0.0 0.0 0.0 0.0 0.0 0.0 0.0 7.0 0.0 0.0 0.0 0.0 2601.4500000000003 20.5 Operational 39.0 0.0 0.0 0.0 1.0 0.0 0.0 0.0 1.0 0.04 0.045 0.061 2629.0 4162.0 5882.0 0.0
07:41:38.500 0001 -1.099440097808838 51.73892974853515 72.242 18.0 104.0915985107422 0.0 0.0 0.0 0.0 0.0 0.0 0.0 0.0 0.0 0.0 0.0 0.0 0.0 0.0 0.0 0.0 0.0 0.0 0.0 0.0 0.0 7.0 0.0 0.0 0.0 0.0 2601.4500000000003 20.5 Operational 39.0 0.0 0.0 0.0 1.0 0.0 0.0 0.0 1.0 0.04 0.045 0.061 2629.0 4162.0 5882.0 0.0
07:41:38.600 0001 -1.099440097808838 51.73892974853515 72.242 18.0 104.0915985107422 0.0 0.0 0.0 0.0 0.0 0.0 0.0 0.0 0.0 0.0 0.0 0.0 0.0 0.0 0.0 0.0 0.0 0.0 0.0 0.0 0.0 7.0 0.0 0.0 0.0 0.0 2601.4500000000003 20.5 Operational 39.0 0.0 0.0 0.0 1.0 0.0 0.0 0.0 1.0 0.04 0.045 0.061 2629.0 4162.0 5882.0 0.0
07:41:38.700 0001 -1.099440097808838 51.73892974853515 72.242 18.0 104.0915985107422 0.0 0.0 0.0 0.0 0.0 0.0 0.0 0.0 0.0 0.0 0.0 0.0 0.0 0.0 0.0 0.0 0.0 0.0 0.0 0.0 0.0 7.0 0.0 0.0 0.0 0.0 2601.4500000000003 20.5 Operational 39.0 0.0 0.0 0.0 1.0 0.0 0.0 0.0 1.0 0.04 0.045 0.061 2629.0 4162.0 5882.0 0.0
07:41:38.800 0001 -1.099440097808838 51.73892974853515 72.242 18.0 104.0915985107422 0.0 0.0 0.0 0.0 0.0 0.0 0.0 0.0 0.0 0.0 0.0 0.0 0.0 0.0 0.0 0.0 0.0 0.0 0.0 0.0 0.0 7.0 0.0 0.0 0.0 0.0 2601.4500000000003 20.5 Operational 39.0 0.0 0.0 0.0 1.0 0.0 0.0 0.0 1.0 0.04 0.045 0.061 2629.0 4162.0 5882.0 0.0
07:41:38.900 0001 -1.099440574645996 51.73892974853515 72.244 18.0 104.0915985107422 0.0 0.0 0.0 0.0 0.0 0.0 0.0 0.0 0.0 0.0 0.0 0.0 0.0 0.0 0.0 0.0 0.0 0.0 0.0 0.0 0.0 7.0 0.0 0.0 0.0 0.0 2601.4500000000003 20.5 Operational 39.0 0.0 0.0 0.0 1.0 0.0 0.0 0.0 1.0 0.04 0.045 0.061 2629.0 4162.0 5882.0 0.0
07:41:39.000 0001 -1.099440574645996 51.73892974853515 72.244 18.0 104.0915985107422 0.0 0.0 0.0 0.0 0.0 0.0 0.0 0.0 0.0 0.0 0.0 0.0 0.0 0.0 0.0 0.0 0.0 0.0 0.0 0.0 0.0 7.0 0.0 0.0 0.0 0.0 2601.4500000000003 20.5 Operational 39.0 0.0 0.0 0.0 1.0 0.0 0.0 0.0 1.0 0.04 0.045 0.061 2629.0 4162.0 5882.0 0.0
07:41:39.100 0001 -1.099440574645996 51.73892974853515 72.244 18.0 104.0915985107422 0.0 0.0 0.0 0.0 0.0 0.0 0.0 0.0 0.0 0.0 0.0 0.0 0.0 0.0 0.0 0.0 0.0 0.0 0.0 0.0 0.0 7.0 0.0 0.0 0.0 0.0 2601.4500000000003 20.5 Operational 39.0 0.0 0.0 0.0 1.0 0.0 0.0 0.0 1.0 0.04 0.045 0.061 2629.0 4162.0 5882.0 0.0
07:41:39.200 0001 -1.099440574645996 51.73892974853515 72.244 18.0 104.0915985107422 0.0 0.0 0.0 0.0 0.0 0.0 0.0 0.0 0.0 0.0 0.0 0.0 0.0 0.0 0.0 0.0 0.0 0.0 0.0 0.0 0.0 7.0 0.0 0.0 0.0 0.0 2601.4500000000003 20.5 Operational 39.0 0.0 0.0 0.0 1.0 0.0 0.0 0.0 1.0 0.04 0.045 0.061 2629.0 4162.0 5882.0 0.0
07:41:39.300 0001 -1.099440574645996 51.73892974853515 72.244 18.0 104.0915985107422 0.0 0.0 0.0 0.0 0.0 0.0 0.0 0.0 0.0 0.0 0.0 0.0 0.0 0.0 0.0 0.0 0.0 0.0 0.0 0.0 0.0 7.0 0.0 0.0 0.0 0.0 2601.4500000000003 20.5 Operational 39.0 0.0 0.0 0.0 2.0 0.0 0.0 0.0 1.0 0.022 0.024 0.033 5896.0 4162.0 5896.0 0.0
07:41:39.400 0001 -1.099440574645996 51.73892974853515 72.244 18.0 104.0915985107422 0.0 0.0 0.0 0.0 0.0 0.0 0.0 0.0 0.0 0.0 0.0 0.0 0.0 0.0 0.0 0.0 0.0 0.0 0.0 0.0 0.0 7.0 0.0 0.0 0.0 0.0 2601.4500000000003 20.5 Operational 39.0 0.0 0.0 0.0 2.0 0.0 0.0 0.0 1.0 0.022 0.024 0.033 5896.0 4162.0 5896.0 0.0
07:41:39.500 0001 -1.099440574645996 51.73892974853515 72.244 18.0 104.0915985107422 0.0 0.0 0.0 0.0 0.0 0.0 0.0 0.0 0.0 0.0 0.0 0.0 0.0 0.0 0.0 0.0 0.0 0.0 0.0 0.0 0.0 7.0 0.0 0.0 0.0 0.0 2601.4500000000003 20.5 Operational 39.0 0.0 0.0 0.0 2.0 0.0 0.0 0.0 1.0 0.022 0.024 0.033 5896.0 4162.0 5896.0 0.0
07:41:39.600 0001 -1.099440574645996 51.73892974853515 72.244 18.0 104.0915985107422 0.0 0.0 0.0 0.0 0.0 0.0 0.0 0.0 0.0 0.0 0.0 0.0 0.0 0.0 0.0 0.0 0.0 0.0 0.0 0.0 0.0 7.0 0.0 0.0 0.0 0.0 2601.4500000000003 20.5 Operational 39.0 0.0 0.0 0.0 2.0 0.0 0.0 0.0 1.0 0.022 0.024 0.033 5896.0 4162.0 5896.0 0.0
07:41:39.700 0001 -1.099440574645996 51.73892974853515 72.244 18.0 104.0915985107422 0.0 0.0 0.0 0.0 0.0 0.0 0.0 0.0 0.0 0.0 0.0 0.0 0.0 0.0 0.0 0.0 0.0 0.0 0.0 0.0 0.0 7.0 0.0 0.0 0.0 0.0 2601.4500000000003 20.5 Operational 39.0 0.0 0.0 0.0 2.0 0.0 0.0 0.0 1.0 0.022 0.024 0.033 5896.0 4162.0 5896.0 0.0
07:41:39.800 0001 -1.099440574645996 51.73892974853515 72.244 18.0 104.0915985107422 0.0 0.0 0.0 0.0 0.0 0.0 0.0 0.0 0.0 0.0 0.0 0.0 0.0 0.0 0.0 0.0 0.0 0.0 0.0 0.0 0.0 7.0 0.0 0.0 0.0 0.0 2601.4500000000003 20.5 Operational 39.0 0.0 0.0 0.0 2.0 0.0 0.0 0.0 1.0 0.022 0.024 0.033 5896.0 4162.0 5896.0 0.0
07:41:39.900 0001 -1.0994385480880735 51.73892974853515 72.234 16.0 104.0915985107422 0.0 0.0 0.0 0.0 0.0 0.0 0.0 0.0 0.0 0.0 0.0 0.0 0.0 0.0 0.0 0.0 0.0 0.0 0.0 0.0 0.0 7.0 0.0 0.0 0.0 0.0 2601.4500000000003 20.5 Operational 39.0 0.0 0.0 0.0 2.0 0.0 0.0 0.0 1.0 0.022 0.024 0.033 5896.0 4162.0 5896.0 0.0
07:41:40.000 0001 -1.0994385480880735 51.73892974853515 72.234 16.0 104.0915985107422 0.0 0.0 0.0 0.0 0.0 0.0 0.0 0.0 0.0 0.0 0.0 0.0 0.0 0.0 0.0 0.0 0.0 0.0 0.0 0.0 0.0 7.0 0.0 0.0 0.0 0.0 2601.4500000000003 20.5 Operational 39.0 0.0 0.0 0.0 2.0 0.0 0.0 0.0 1.0 0.022 0.024 0.033 5896.0 4162.0 5896.0 0.0
07:41:40.100 0001 -1.0994385480880735 51.73892974853515 72.234 16.0 104.0915985107422 0.0 0.0 0.0 0.0 0.0 0.0 0.0 0.0 0.0 0.0 0.0 0.0 0.0 0.0 0.0 0.0 0.0 0.0 0.0 0.0 0.0 7.0 0.0 0.0 0.0 0.0 2601.4500000000003 20.5 Operational 39.0 0.0 0.0 0.0 3.0 0.0 0.0 0.0 1.0 0.031 0.034 0.046 2889.0 4162.0 5852.0 0.0
07:41:40.200 0001 -1.0994385480880735 51.73892974853515 72.234 16.0 104.0915985107422 0.0 0.0 0.0 0.0 0.0 0.0 0.0 0.0 0.0 0.0 0.0 0.0 0.0 0.0 0.0 0.0 0.0 0.0 0.0 0.0 0.0 7.0 0.0 0.0 0.0 0.0 2601.4500000000003 20.5 Operational 39.0 0.0 0.0 0.0 3.0 0.0 0.0 0.0 1.0 0.031 0.034 0.046 2889.0 4162.0 5852.0 0.0
07:41:40.300 0001 -1.0994385480880735 51.73892974853515 72.234 16.0 104.0915985107422 0.0 0.0 0.0 0.0 0.0 0.0 0.0 0.0 0.0 0.0 0.0 0.0 0.0 0.0 0.0 0.0 0.0 0.0 0.0 0.0 0.0 7.0 0.0 0.0 0.0 0.0 2601.4500000000003 20.5 Operational 39.0 0.0 0.0 0.0 3.0 0.0 0.0 0.0 1.0 0.031 0.034 0.046 2889.0 4162.0 5852.0 0.0
07:41:40.400 0001 -1.0994385480880735 51.73892974853515 72.234 16.0 104.0915985107422 0.0 0.0 0.0 0.0 0.0 0.0 0.0 0.0 0.0 0.0 0.0 0.0 0.0 0.0 0.0 0.0 0.0 0.0 0.0 0.0 0.0 7.0 0.0 0.0 0.0 0.0 2601.4500000000003 20.5 Operational 39.0 0.0 0.0 0.0 3.0 0.0 0.0 0.0 1.0 0.031 0.034 0.046 2889.0 4162.0 5852.0 0.0
07:41:40.500 0001 -1.0994385480880735 51.73892974853515 72.234 16.0 104.0915985107422 0.0 0.0 0.0 0.0 0.0 0.0 0.0 0.0 0.0 0.0 0.0 0.0 0.0 0.0 0.0 0.0 0.0 0.0 0.0 0.0 0.0 7.0 0.0 0.0 0.0 0.0 2601.4500000000003 20.5 Operational 39.0 0.0 0.0 0.0 3.0 0.0 0.0 0.0 1.0 0.031 0.034 0.046 2889.0 4162.0 5852.0 0.0
07:41:40.600 0001 -1.0994385480880735 51.73892974853515 72.234 16.0 104.0915985107422 0.0 0.0 0.0 0.0 0.0 0.0 0.0 0.0 0.0 0.0 0.0 0.0 0.0 0.0 0.0 0.0 0.0 0.0 0.0 0.0 0.0 7.0 0.0 0.0 0.0 0.0 2601.4500000000003 20.5 Operational 39.0 0.0 0.0 0.0 3.0 0.0 0.0 0.0 1.0 0.031 0.034 0.046 2889.0 4162.0 5852.0 0.0
07:41:40.700 0001 -1.0994385480880735 51.73892974853515 72.234 16.0 104.0915985107422 0.0 0.0 0.0 0.0 0.0 0.0 0.0 0.0 0.0 0.0 0.0 0.0 0.0 0.0 0.0 0.0 0.0 0.0 0.0 0.0 0.0 7.0 0.0 0.0 0.0 0.0 2601.4500000000003 20.5 Operational 39.0 0.0 0.0 0.0 3.0 0.0 0.0 0.0 1.0 0.031 0.034 0.046 2889.0 4162.0 5852.0 0.0
07:41:40.800 0001 -1.0994385480880735 51.73892974853515 72.234 16.0 104.0915985107422 0.0 0.0 0.0 0.0 0.0 0.0 0.0 0.0 0.0 0.0 0.0 0.0 0.0 0.0 0.0 0.0 0.0 0.0 0.0 0.0 0.0 7.0 0.0 0.0 0.0 0.0 2601.4500000000003 20.5 Operational 39.0 0.0 0.0 0.0 3.0 0.0 0.0 0.0 1.0 0.031 0.034 0.046 2889.0 4162.0 5852.0 0.0
07:41:40.900 0001 -1.0994361639022827 51.73892974853515 72.394 18.0 104.0915985107422 0.0 0.0 0.0 0.0 0.0 0.0 0.0 0.0 0.0 0.0 0.0 0.0 0.0 0.0 0.0 0.0 0.0 0.0 0.0 0.0 0.0 7.0 0.0 0.0 0.0 0.0 2601.4500000000003 20.5 Operational 39.0 0.0 0.0 0.0 4.0 0.0 0.0 0.0 1.0 0.05 0.056 0.076 2825.0 4162.0 5690.0 0.0
07:41:41.000 0001 -1.0994361639022827 51.73892974853515 72.394 18.0 104.0915985107422 0.0 0.0 0.0 0.0 0.0 0.0 0.0 0.0 0.0 0.0 0.0 0.0 0.0 0.0 0.0 0.0 0.0 0.0 0.0 0.0 0.0 7.0 0.0 0.0 0.0 0.0 2601.4500000000003 20.5 Operational 39.0 0.0 0.0 0.0 4.0 0.0 0.0 0.0 1.0 0.05 0.056 0.076 2825.0 4162.0 5690.0 0.0
07:41:41.100 0001 -1.0994361639022827 51.73892974853515 72.394 18.0 104.0915985107422 0.0 0.0 0.0 0.0 0.0 0.0 0.0 0.0 0.0 0.0 0.0 0.0 0.0 0.0 0.0 0.0 0.0 0.0 0.0 0.0 0.0 7.0 0.0 0.0 0.0 0.0 2601.4500000000003 20.5 Operational 39.0 0.0 0.0 0.0 4.0 0.0 0.0 0.0 1.0 0.05 0.056 0.076 2825.0 4162.0 5690.0 0.0
07:41:41.200 0001 -1.0994361639022827 51.73892974853515 72.394 18.0 104.0915985107422 0.0 0.0 0.0 0.0 0.0 0.0 0.0 0.0 0.0 0.0 0.0 0.0 0.0 0.0 0.0 0.0 0.0 0.0 0.0 0.0 0.0 7.0 0.0 0.0 0.0 0.0 2601.4500000000003 20.5 Operational 39.0 0.0 0.0 0.0 4.0 0.0 0.0 0.0 1.0 0.05 0.056 0.076 2825.0 4162.0 5690.0 0.0
07:41:41.300 0001 -1.0994361639022827 51.73892974853515 72.394 18.0 104.0915985107422 0.0 0.0 0.0 0.0 0.0 0.0 0.0 0.0 0.0 0.0 0.0 0.0 0.0 0.0 0.0 0.0 0.0 0.0 0.0 0.0 0.0 7.0 0.0 0.0 0.0 0.0 2601.4500000000003 20.5 Operational 39.0 0.0 0.0 0.0 4.0 0.0 0.0 0.0 1.0 0.05 0.056 0.076 2825.0 4162.0 5690.0 0.0
07:41:41.400 0001 -1.0994361639022827 51.73892974853515 72.394 18.0 104.0915985107422 0.0 0.0 0.0 0.0 0.0 0.0 0.0 0.0 0.0 0.0 0.0 0.0 0.0 0.0 0.0 0.0 0.0 0.0 0.0 0.0 0.0 7.0 0.0 0.0 0.0 0.0 2601.4500000000003 20.5 Operational 39.0 0.0 0.0 0.0 4.0 0.0 0.0 0.0 1.0 0.05 0.056 0.076 2825.0 4162.0 5690.0 0.0
07:41:41.500 0001 -1.0994361639022827 51.73892974853515 72.394 18.0 104.0915985107422 0.0 0.0 0.0 0.0 0.0 0.0 0.0 0.0 0.0 0.0 0.0 0.0 0.0 0.0 0.0 0.0 0.0 0.0 0.0 0.0 0.0 7.0 0.0 0.0 0.0 0.0 2601.4500000000003 20.5 Operational 39.0 0.0 0.0 0.0 4.0 0.0 0.0 0.0 1.0 0.05 0.056 0.076 2825.0 4162.0 5690.0 0.0
07:41:41.600 0001 -1.0994361639022827 51.73892974853515 72.394 18.0 104.0915985107422 0.0 0.0 0.0 0.0 0.0 0.0 0.0 0.0 0.0 0.0 0.0 0.0 0.0 0.0 0.0 0.0 0.0 0.0 0.0 0.0 0.0 7.0 0.0 0.0 0.0 0.0 2601.4500000000003 20.5 Operational 39.0 0.0 0.0 0.0 4.0 0.0 0.0 0.0 1.0 0.05 0.056 0.076 2825.0 4162.0 5690.0 0.0
07:41:41.700 0001 -1.0994361639022827 51.73892974853515 72.394 18.0 104.0915985107422 0.0 0.0 0.0 0.0 0.0 0.0 0.0 0.0 0.0 0.0 0.0 0.0 0.0 0.0 0.0 0.0 0.0 0.0 0.0 0.0 0.0 7.0 0.0 0.0 0.0 0.0 2601.4500000000003 20.5 Operational 39.0 0.0 0.0 0.0 4.0 0.0 0.0 0.0 1.0 0.05 0.056 0.076 2825.0 4162.0 5690.0 0.0
07:41:41.800 0001 -1.0994361639022827 51.73892974853515 72.394 18.0 104.0915985107422 0.0 0.0 0.0 0.0 0.0 0.0 0.0 0.0 0.0 0.0 0.0 0.0 0.0 0.0 0.0 0.0 0.0 0.0 0.0 0.0 0.0 7.0 0.0 0.0 0.0 0.0 2601.4500000000003 20.5 Operational 39.0 0.0 0.0 0.0 4.0 0.0 0.0 0.0 1.0 0.05 0.056 0.076 2825.0 4162.0 5690.0 0.0
07:41:41.900 0001 -1.0994337797164917 51.73892974853515 72.496 17.0 104.0915985107422 0.0 0.0 0.0 0.0 0.0 0.0 0.0 0.0 0.0 0.0 0.0 0.0 0.0 0.0 0.0 0.0 0.0 0.0 0.0 0.0 0.0 7.0 0.0 0.0 0.0 0.0 2601.4500000000003 20.5 Operational 39.0 0.0 0.0 0.0 4.0 0.0 0.0 0.0 1.0 0.05 0.056 0.076 2825.0 4162.0 5690.0 0.0
07:41:42.000 0001 -1.0994337797164917 51.73892974853515 72.496 17.0 104.0915985107422 0.0 0.0 0.0 0.0 0.0 0.0 0.0 0.0 0.0 0.0 0.0 0.0 0.0 0.0 0.0 0.0 0.0 0.0 0.0 0.0 0.0 7.0 0.0 0.0 0.0 0.0 2601.4500000000003 20.5 Operational 39.0 0.0 0.0 0.0 4.0 0.0 0.0 0.0 1.0 0.05 0.056 0.076 2825.0 4162.0 5690.0 0.0
07:41:42.100 0001 -1.0994337797164917 51.73892974853515 72.496 17.0 104.0915985107422 0.0 0.0 0.0 0.0 0.0 0.0 0.0 0.0 0.0 0.0 0.0 0.0 0.0 0.0 0.0 0.0 0.0 0.0 0.0 0.0 0.0 7.0 0.0 0.0 0.0 0.0 2601.4500000000003 20.5 Operational 39.0 0.0 0.0 0.0 5.0 0.0 0.0 0.0 1.0 0.043 0.048 0.064 2743.0 4162.0 5987.0 0.0
07:41:42.200 0001 -1.0994337797164917 51.73892974853515 72.496 17.0 104.0915985107422 0.0 0.0 0.0 0.0 0.0 0.0 0.0 0.0 0.0 0.0 0.0 0.0 0.0 0.0 0.0 0.0 0.0 0.0 0.0 0.0 0.0 7.0 0.0 0.0 0.0 0.0 2601.4500000000003 20.5 Operational 39.0 0.0 0.0 0.0 5.0 0.0 0.0 0.0 1.0 0.043 0.048 0.064 2743.0 4162.0 5987.0 0.0
07:41:42.300 0001 -1.0994337797164917 51.73892974853515 72.496 17.0 104.0915985107422 0.0 0.0 0.0 0.0 0.0 0.0 0.0 0.0 0.0 0.0 0.0 0.0 0.0 0.0 0.0 0.0 0.0 0.0 0.0 0.0 0.0 7.0 0.0 0.0 0.0 0.0 2601.4500000000003 20.5 Operational 39.0 0.0 0.0 0.0 5.0 0.0 0.0 0.0 1.0 0.043 0.048 0.064 2743.0 4162.0 5987.0 0.0
07:41:42.400 0001 -1.0994337797164917 51.73892974853515 72.496 17.0 104.0915985107422 0.0 0.0 0.0 0.0 0.0 0.0 0.0 0.0 0.0 0.0 0.0 0.0 0.0 0.0 0.0 0.0 0.0 0.0 0.0 0.0 0.0 7.0 0.0 0.0 0.0 0.0 2601.4500000000003 20.5 Operational 39.0 0.0 0.0 0.0 5.0 0.0 0.0 0.0 1.0 0.043 0.048 0.064 2743.0 4162.0 5987.0 0.0
07:41:42.500 0001 -1.0994337797164917 51.73892974853515 72.496 17.0 104.0915985107422 0.0 0.0 0.0 0.0 0.0 0.0 0.0 0.0 0.0 0.0 0.0 0.0 0.0 0.0 0.0 0.0 0.0 0.0 0.0 0.0 0.0 7.0 0.0 0.0 0.0 0.0 2601.4500000000003 20.5 Operational 39.0 0.0 0.0 0.0 5.0 0.0 0.0 0.0 1.0 0.043 0.048 0.064 2743.0 4162.0 5987.0 0.0
07:41:42.600 0001 -1.0994337797164917 51.73892974853515 72.496 17.0 104.0915985107422 0.0 0.0 0.0 0.0 0.0 0.0 0.0 0.0 0.0 0.0 0.0 0.0 0.0 0.0 0.0 0.0 0.0 0.0 0.0 0.0 0.0 7.0 0.0 0.0 0.0 0.0 2601.4500000000003 20.5 Operational 39.0 0.0 0.0 0.0 5.0 0.0 0.0 0.0 1.0 0.043 0.048 0.064 2743.0 4162.0 5987.0 0.0
07:41:42.700 0001 -1.0994337797164917 51.73892974853515 72.496 17.0 104.0915985107422 0.0 0.0 0.0 0.0 0.0 0.0 0.0 0.0 0.0 0.0 0.0 0.0 0.0 0.0 0.0 0.0 0.0 0.0 0.0 0.0 0.0 7.0 0.0 0.0 0.0 0.0 2601.4500000000003 20.5 Operational 39.0 0.0 0.0 0.0 5.0 0.0 0.0 0.0 1.0 0.043 0.048 0.064 2743.0 4162.0 5987.0 0.0
07:41:42.800 0001 -1.0994337797164917 51.73892974853515 72.496 17.0 104.0915985107422 0.0 0.0 0.0 0.0 0.0 0.0 0.0 0.0 0.0 0.0 0.0 0.0 0.0 0.0 0.0 0.0 0.0 0.0 0.0 0.0 0.0 7.0 0.0 0.0 0.0 0.0 2601.4500000000003 20.5 Operational 39.0 0.0 0.0 0.0 5.0 0.0 0.0 0.0 1.0 0.043 0.048 0.064 2743.0 4162.0 5987.0 0.0
07:41:42.900 0001 -1.099432349205017 51.73892974853515 72.437 16.0 104.0915985107422 0.0 0.0 0.0 0.0 0.0 0.0 0.0 0.0 0.0 0.0 0.0 0.0 0.0 0.0 0.0 0.0 0.0 0.0 0.0 0.0 0.0 7.0 0.0 0.0 0.0 0.0 2601.4500000000003 20.5 Operational 39.0 0.0 0.0 0.0 5.0 0.0 0.0 0.0 1.0 0.043 0.048 0.064 2743.0 4162.0 5987.0 0.0
07:41:43.000 0001 -1.099432349205017 51.73892974853515 72.437 16.0 104.0915985107422 0.0 0.0 0.0 0.0 0.0 0.0 0.0 0.0 0.0 0.0 0.0 0.0 0.0 0.0 0.0 0.0 0.0 0.0 0.0 0.0 0.0 7.0 0.0 0.0 0.0 0.0 2601.4500000000003 20.5 Operational 39.0 0.0 0.0 0.0 5.0 0.0 0.0 0.0 1.0 0.043 0.048 0.064 2743.0 4162.0 5987.0 0.0
07:41:43.100 0001 -1.099432349205017 51.73892974853515 72.437 16.0 104.0915985107422 0.0 0.0 0.0 0.0 0.0 0.0 0.0 0.0 0.0 0.0 0.0 0.0 0.0 0.0 0.0 0.0 0.0 0.0 0.0 0.0 0.0 7.0 0.0 0.0 0.0 0.0 2601.4500000000003 20.5 Operational 39.0 0.0 0.0 0.0 5.0 0.0 0.0 0.0 1.0 0.043 0.048 0.064 2743.0 4162.0 5987.0 0.0
