[device]
Syslogic

[cameras]
['front', 'left_nozzle', 'back', 'right_nozzle']

[AVI]
SN214929_2023_09_28_0838_

[column names]
time avifileindex Longitude Latitude Altitude Satellites Heading Nozzle1downTMSCS Nozzle2downTMS SideBrush1downTMS SideBrush2downTMS BrushCurrent SideBrush1ExtendTMSCS SideBrush2ExtendTMSCS SideBrush1RetractTMSCS SideBrush2RetractTMSCS Nozzle1WaterSprayOnOffTMS Nozzle2WaterSprayOnOffTMS SideBrush1WaterSprayTMS SideBrush2WaterSprayTMS WSBMotoronoffTMS FanOnTMS WorkLight1OnOffTMS WorkLight2OnOffTMS NozGapOpen NozGapClose Pause_active AutoSweepActive EngineType EngineSpeed RoadSpeedTMSCS EngineFuelRateTMSCS FanSpeed TotalFuelConsumption WaterTankLevel JVMheartbeat JVMALerts GutterSprayOnOff AddWaterSprayOnOff WaterRe_circOnOff modbus_id pm_sensor_serious_fault pm_sensor_fault pm_sensor_is_degraded_mode pm_sensor_is_ready pm_1 pm_2_5 pm_10 temperature firmware_version humidity error

[data]
08:38:49.300 0001 -0.3443301022052765 51.448612213134766 15.515 13.0 164.9610137939453 0.0 0.0 0.0 0.0 0.0 0.0 0.0 0.0 0.0 0.0 0.0 0.0 0.0 0.0 0.0 0.0 0.0 0.0 0.0 0.0 0.0 7.0 0.0 0.0 0.0 0.0 2647.25 10.5 Operational 0.0 0.0 0.0 0.0 4.0 0.0 0.0 0.0 1.0 0.067 0.116 0.222 2371.0 4162.0 5251.0 0.0
08:38:49.400 0001 -0.3443301022052765 51.448612213134766 15.515 13.0 164.9610137939453 0.0 0.0 0.0 0.0 0.0 0.0 0.0 0.0 0.0 0.0 0.0 0.0 0.0 0.0 0.0 0.0 0.0 0.0 0.0 0.0 0.0 7.0 0.0 0.0 0.0 0.0 2647.25 10.5 Operational 0.0 0.0 0.0 0.0 4.0 0.0 0.0 0.0 1.0 0.067 0.116 0.222 2371.0 4162.0 5251.0 0.0
08:38:49.500 0001 -0.3443301022052765 51.448612213134766 15.515 13.0 164.9610137939453 0.0 0.0 0.0 0.0 0.0 0.0 0.0 0.0 0.0 0.0 0.0 0.0 0.0 0.0 0.0 0.0 0.0 0.0 0.0 0.0 0.0 7.0 0.0 0.0 0.0 0.0 2647.25 10.5 Operational 0.0 0.0 0.0 0.0 4.0 0.0 0.0 0.0 1.0 0.067 0.116 0.222 2371.0 4162.0 5251.0 0.0
08:38:49.600 0001 -0.3443301022052765 51.448612213134766 15.515 13.0 164.9610137939453 0.0 0.0 0.0 0.0 0.0 0.0 0.0 0.0 0.0 0.0 0.0 0.0 0.0 0.0 0.0 0.0 0.0 0.0 0.0 0.0 0.0 7.0 0.0 0.0 0.0 0.0 2647.25 10.5 Operational 0.0 0.0 0.0 0.0 4.0 0.0 0.0 0.0 1.0 0.067 0.116 0.222 2371.0 4162.0 5251.0 0.0
08:38:49.700 0001 -0.3443301022052765 51.448612213134766 15.515 13.0 164.9610137939453 0.0 0.0 0.0 0.0 0.0 0.0 0.0 0.0 0.0 0.0 0.0 0.0 0.0 0.0 0.0 0.0 0.0 0.0 0.0 0.0 0.0 7.0 0.0 0.0 0.0 0.0 2647.25 10.5 Operational 0.0 0.0 0.0 0.0 4.0 0.0 0.0 0.0 1.0 0.067 0.116 0.222 2371.0 4162.0 5251.0 0.0
08:38:49.700 0001 -0.3443301022052765 51.448612213134766 15.515 13.0 164.9610137939453 0.0 0.0 0.0 0.0 0.0 0.0 0.0 0.0 0.0 0.0 0.0 0.0 0.0 0.0 0.0 0.0 0.0 0.0 0.0 0.0 0.0 7.0 0.0 0.0 0.0 0.0 2647.25 10.5 Operational 0.0 0.0 0.0 0.0 4.0 0.0 0.0 0.0 1.0 0.067 0.116 0.222 2371.0 4162.0 5251.0 0.0
08:38:49.800 0001 -0.3443301022052765 51.448612213134766 15.515 13.0 164.9610137939453 0.0 0.0 0.0 0.0 0.0 0.0 0.0 0.0 0.0 0.0 0.0 0.0 0.0 0.0 0.0 0.0 0.0 0.0 0.0 0.0 0.0 7.0 0.0 0.0 0.0 0.0 2647.25 10.5 Operational 0.0 0.0 0.0 0.0 4.0 0.0 0.0 0.0 1.0 0.067 0.116 0.222 2371.0 4162.0 5251.0 0.0
08:38:49.900 0001 -0.3443301022052765 51.448612213134766 15.515 13.0 164.9610137939453 0.0 0.0 0.0 0.0 0.0 0.0 0.0 0.0 0.0 0.0 0.0 0.0 0.0 0.0 0.0 0.0 0.0 0.0 0.0 0.0 0.0 7.0 0.0 0.0 0.0 0.0 2647.25 10.5 Operational 0.0 0.0 0.0 0.0 4.0 0.0 0.0 0.0 1.0 0.067 0.116 0.222 2371.0 4162.0 5251.0 0.0
08:38:50.000 0001 -0.3443301022052765 51.448612213134766 15.515 13.0 164.9610137939453 0.0 0.0 0.0 0.0 0.0 0.0 0.0 0.0 0.0 0.0 0.0 0.0 0.0 0.0 0.0 0.0 0.0 0.0 0.0 0.0 0.0 7.0 0.0 0.0 0.0 0.0 2647.25 10.5 Operational 0.0 0.0 0.0 0.0 4.0 0.0 0.0 0.0 1.0 0.067 0.116 0.222 2371.0 4162.0 5251.0 0.0
08:38:50.100 0001 -0.3443301022052765 51.448612213134766 15.515 13.0 164.9610137939453 0.0 0.0 0.0 0.0 0.0 0.0 0.0 0.0 0.0 0.0 0.0 0.0 0.0 0.0 0.0 0.0 0.0 0.0 0.0 0.0 0.0 7.0 0.0 0.0 0.0 0.0 2647.25 10.5 Operational 0.0 0.0 0.0 0.0 4.0 0.0 0.0 0.0 1.0 0.067 0.116 0.222 2371.0 4162.0 5251.0 0.0
08:38:50.200 0001 -0.3443301022052765 51.448612213134766 15.515 13.0 164.9610137939453 0.0 0.0 0.0 0.0 0.0 0.0 0.0 0.0 0.0 0.0 0.0 0.0 0.0 0.0 0.0 0.0 0.0 0.0 0.0 0.0 0.0 7.0 0.0 0.0 0.0 0.0 2647.25 10.5 Operational 0.0 0.0 0.0 0.0 4.0 0.0 0.0 0.0 1.0 0.067 0.116 0.222 2371.0 4162.0 5251.0 0.0
08:38:50.300 0001 -0.3443301022052765 51.448612213134766 15.515 13.0 164.9610137939453 0.0 0.0 0.0 0.0 0.0 0.0 0.0 0.0 0.0 0.0 0.0 0.0 0.0 0.0 0.0 0.0 0.0 0.0 0.0 0.0 0.0 7.0 0.0 0.0 0.0 0.0 2647.25 10.5 Operational 0.0 0.0 0.0 0.0 4.0 0.0 0.0 0.0 1.0 0.067 0.116 0.222 2371.0 4162.0 5251.0 0.0
08:38:50.400 0001 -0.3443301022052765 51.448612213134766 15.515 13.0 164.9610137939453 0.0 0.0 0.0 0.0 0.0 0.0 0.0 0.0 0.0 0.0 0.0 0.0 0.0 0.0 0.0 0.0 0.0 0.0 0.0 0.0 0.0 7.0 0.0 0.0 0.0 0.0 2647.25 10.5 Operational 0.0 0.0 0.0 0.0 4.0 0.0 0.0 0.0 1.0 0.067 0.116 0.222 2371.0 4162.0 5251.0 0.0
08:38:50.500 0001 -0.3443301022052765 51.448612213134766 15.515 13.0 164.9610137939453 0.0 0.0 0.0 0.0 0.0 0.0 0.0 0.0 0.0 0.0 0.0 0.0 0.0 0.0 0.0 0.0 0.0 0.0 0.0 0.0 0.0 7.0 0.0 0.0 0.0 0.0 2647.25 10.5 Operational 0.0 0.0 0.0 0.0 4.0 0.0 0.0 0.0 1.0 0.067 0.116 0.222 2371.0 4162.0 5251.0 0.0
08:38:50.600 0001 -0.3443301022052765 51.448612213134766 15.515 13.0 164.9610137939453 0.0 0.0 0.0 0.0 0.0 0.0 0.0 0.0 0.0 0.0 0.0 0.0 0.0 0.0 0.0 0.0 0.0 0.0 0.0 0.0 0.0 7.0 0.0 0.0 0.0 0.0 2647.25 10.5 Operational 0.0 0.0 0.0 0.0 4.0 0.0 0.0 0.0 1.0 0.067 0.116 0.222 2371.0 4162.0 5251.0 0.0
08:38:50.700 0001 -0.3443301022052765 51.448612213134766 15.515 13.0 164.9610137939453 0.0 0.0 0.0 0.0 0.0 0.0 0.0 0.0 0.0 0.0 0.0 0.0 0.0 0.0 0.0 0.0 0.0 0.0 0.0 0.0 0.0 7.0 0.0 0.0 0.0 0.0 2647.25 10.5 Operational 0.0 0.0 0.0 0.0 4.0 0.0 0.0 0.0 1.0 0.067 0.116 0.222 2371.0 4162.0 5251.0 0.0
08:38:50.800 0001 -0.3443301022052765 51.448612213134766 15.515 13.0 164.9610137939453 0.0 0.0 0.0 0.0 0.0 0.0 0.0 0.0 0.0 0.0 0.0 0.0 0.0 0.0 0.0 0.0 0.0 0.0 0.0 0.0 0.0 7.0 0.0 0.0 0.0 0.0 2647.25 10.5 Operational 0.0 0.0 0.0 0.0 4.0 0.0 0.0 0.0 1.0 0.067 0.116 0.222 2371.0 4162.0 5251.0 0.0
08:38:50.900 0001 -0.3443489074707031 51.4486083984375 15.784 14.0 164.9610137939453 0.0 0.0 0.0 0.0 0.0 0.0 0.0 0.0 0.0 0.0 0.0 0.0 0.0 0.0 0.0 0.0 0.0 0.0 0.0 0.0 0.0 7.0 0.0 0.0 0.0 0.0 2647.25 10.5 Operational 0.0 0.0 0.0 0.0 5.0 0.0 0.0 0.0 1.0 0.058 0.14 0.16 2240.0 4162.0 5714.0 0.0
08:38:51.000 0001 -0.3443489074707031 51.4486083984375 15.784 14.0 164.9610137939453 0.0 0.0 0.0 0.0 0.0 0.0 0.0 0.0 0.0 0.0 0.0 0.0 0.0 0.0 0.0 0.0 0.0 0.0 0.0 0.0 0.0 7.0 0.0 0.0 0.0 0.0 2647.25 10.5 Operational 0.0 0.0 0.0 0.0 5.0 0.0 0.0 0.0 1.0 0.058 0.14 0.16 2240.0 4162.0 5714.0 0.0
08:38:51.100 0001 -0.3443489074707031 51.4486083984375 15.784 14.0 164.9610137939453 0.0 0.0 0.0 0.0 0.0 0.0 0.0 0.0 0.0 0.0 0.0 0.0 0.0 0.0 0.0 0.0 0.0 0.0 0.0 0.0 0.0 7.0 0.0 0.0 0.0 0.0 2647.25 10.5 Operational 0.0 0.0 0.0 0.0 5.0 0.0 0.0 0.0 1.0 0.058 0.14 0.16 2240.0 4162.0 5714.0 0.0
08:38:51.200 0001 -0.3443489074707031 51.4486083984375 15.784 14.0 164.9610137939453 0.0 0.0 0.0 0.0 0.0 0.0 0.0 0.0 0.0 0.0 0.0 0.0 0.0 0.0 0.0 0.0 0.0 0.0 0.0 0.0 0.0 7.0 0.0 0.0 0.0 0.0 2647.25 10.5 Operational 0.0 0.0 0.0 0.0 5.0 0.0 0.0 0.0 1.0 0.058 0.14 0.16 2240.0 4162.0 5714.0 0.0
08:38:51.300 0001 -0.3443489074707031 51.4486083984375 15.784 14.0 164.9610137939453 0.0 0.0 0.0 0.0 0.0 0.0 0.0 0.0 0.0 0.0 0.0 0.0 0.0 0.0 0.0 0.0 0.0 0.0 0.0 0.0 0.0 7.0 0.0 0.0 0.0 0.0 2647.25 10.5 Operational 0.0 0.0 0.0 0.0 5.0 0.0 0.0 0.0 1.0 0.058 0.14 0.16 2240.0 4162.0 5714.0 0.0
08:38:51.400 0001 -0.3443489074707031 51.4486083984375 15.784 14.0 164.9610137939453 0.0 0.0 0.0 0.0 0.0 0.0 0.0 0.0 0.0 0.0 0.0 0.0 0.0 0.0 0.0 0.0 0.0 0.0 0.0 0.0 0.0 7.0 0.0 0.0 0.0 0.0 2647.25 10.5 Operational 0.0 0.0 0.0 0.0 5.0 0.0 0.0 0.0 1.0 0.058 0.14 0.16 2240.0 4162.0 5714.0 0.0
08:38:51.500 0001 -0.3443489074707031 51.4486083984375 15.784 14.0 164.9610137939453 0.0 0.0 0.0 0.0 0.0 0.0 0.0 0.0 0.0 0.0 0.0 0.0 0.0 0.0 0.0 0.0 0.0 0.0 0.0 0.0 0.0 7.0 0.0 0.0 0.0 0.0 2647.25 10.5 Operational 0.0 0.0 0.0 0.0 5.0 0.0 0.0 0.0 1.0 0.058 0.14 0.16 2240.0 4162.0 5714.0 0.0
08:38:51.600 0001 -0.3443489074707031 51.4486083984375 15.784 14.0 164.9610137939453 0.0 0.0 0.0 0.0 0.0 0.0 0.0 0.0 0.0 0.0 0.0 0.0 0.0 0.0 0.0 0.0 0.0 0.0 0.0 0.0 0.0 7.0 0.0 0.0 0.0 0.0 2647.25 10.5 Operational 0.0 0.0 0.0 0.0 5.0 0.0 0.0 0.0 1.0 0.058 0.14 0.16 2240.0 4162.0 5714.0 0.0
08:38:51.700 0001 -0.3443489074707031 51.4486083984375 15.784 14.0 164.9610137939453 0.0 0.0 0.0 0.0 0.0 0.0 0.0 0.0 0.0 0.0 0.0 0.0 0.0 0.0 0.0 0.0 0.0 0.0 0.0 0.0 0.0 7.0 0.0 0.0 0.0 0.0 2647.25 10.5 Operational 0.0 0.0 0.0 0.0 1.0 0.0 0.0 0.0 1.0 0.099 0.149 0.188 2206.0 4162.0 5838.0 0.0
08:38:51.800 0001 -0.3443489074707031 51.4486083984375 15.784 14.0 164.9610137939453 0.0 0.0 0.0 0.0 0.0 0.0 0.0 0.0 0.0 0.0 0.0 0.0 0.0 0.0 0.0 0.0 0.0 0.0 0.0 0.0 0.0 7.0 0.0 0.0 0.0 0.0 2647.25 10.5 Operational 0.0 0.0 0.0 0.0 1.0 0.0 0.0 0.0 1.0 0.099 0.149 0.188 2206.0 4162.0 5838.0 0.0
08:38:51.900 0001 -0.3443636000156402 51.448604583740234 15.939 15.0 164.9610137939453 0.0 0.0 0.0 0.0 0.0 0.0 0.0 0.0 0.0 0.0 0.0 0.0 0.0 0.0 0.0 0.0 0.0 0.0 0.0 0.0 0.0 7.0 0.0 0.0 0.0 0.0 2647.25 10.5 Operational 0.0 0.0 0.0 0.0 1.0 0.0 0.0 0.0 1.0 0.099 0.149 0.188 2206.0 4162.0 5838.0 0.0
08:38:52.000 0001 -0.3443636000156402 51.448604583740234 15.939 15.0 164.9610137939453 0.0 0.0 0.0 0.0 0.0 0.0 0.0 0.0 0.0 0.0 0.0 0.0 0.0 0.0 0.0 0.0 0.0 0.0 0.0 0.0 0.0 7.0 0.0 0.0 0.0 0.0 2647.25 10.5 Operational 0.0 0.0 0.0 0.0 1.0 0.0 0.0 0.0 1.0 0.099 0.149 0.188 2206.0 4162.0 5838.0 0.0
08:38:52.100 0001 -0.3443636000156402 51.448604583740234 15.939 15.0 164.9610137939453 0.0 0.0 0.0 0.0 0.0 0.0 0.0 0.0 0.0 0.0 0.0 0.0 0.0 0.0 0.0 0.0 0.0 0.0 0.0 0.0 0.0 7.0 0.0 0.0 0.0 0.0 2647.25 10.5 Operational 0.0 0.0 0.0 0.0 1.0 0.0 0.0 0.0 1.0 0.099 0.149 0.188 2206.0 4162.0 5838.0 0.0
08:38:52.200 0001 -0.3443636000156402 51.448604583740234 15.939 15.0 164.9610137939453 0.0 0.0 0.0 0.0 0.0 0.0 0.0 0.0 0.0 0.0 0.0 0.0 0.0 0.0 0.0 0.0 0.0 0.0 0.0 0.0 0.0 7.0 0.0 0.0 0.0 0.0 2647.25 10.5 Operational 0.0 0.0 0.0 0.0 1.0 0.0 0.0 0.0 1.0 0.099 0.149 0.188 2206.0 4162.0 5838.0 0.0
08:38:52.300 0001 -0.3443636000156402 51.448604583740234 15.939 15.0 164.9610137939453 0.0 0.0 0.0 0.0 0.0 0.0 0.0 0.0 0.0 0.0 0.0 0.0 0.0 0.0 0.0 0.0 0.0 0.0 0.0 0.0 0.0 7.0 0.0 0.0 0.0 0.0 2647.25 10.5 Operational 0.0 0.0 0.0 0.0 1.0 0.0 0.0 0.0 1.0 0.099 0.149 0.188 2206.0 4162.0 5838.0 0.0
08:38:52.400 0001 -0.3443636000156402 51.448604583740234 15.939 15.0 164.9610137939453 0.0 0.0 0.0 0.0 0.0 0.0 0.0 0.0 0.0 0.0 0.0 0.0 0.0 0.0 0.0 0.0 0.0 0.0 0.0 0.0 0.0 7.0 0.0 0.0 0.0 0.0 2647.25 10.5 Operational 0.0 0.0 0.0 0.0 1.0 0.0 0.0 0.0 1.0 0.099 0.149 0.188 2206.0 4162.0 5838.0 0.0
08:38:52.500 0001 -0.3443636000156402 51.448604583740234 15.939 15.0 164.9610137939453 0.0 0.0 0.0 0.0 0.0 0.0 0.0 0.0 0.0 0.0 0.0 0.0 0.0 0.0 0.0 0.0 0.0 0.0 0.0 0.0 0.0 7.0 0.0 0.0 0.0 0.0 2647.25 10.5 Operational 0.0 0.0 0.0 0.0 2.0 0.0 0.0 0.0 1.0 0.031 0.047 0.047 2550.0 4162.0 5410.0 0.0
08:38:52.600 0001 -0.3443636000156402 51.448604583740234 15.939 15.0 164.9610137939453 0.0 0.0 0.0 0.0 0.0 0.0 0.0 0.0 0.0 0.0 0.0 0.0 0.0 0.0 0.0 0.0 0.0 0.0 0.0 0.0 0.0 7.0 0.0 0.0 0.0 0.0 2647.25 10.5 Operational 0.0 0.0 0.0 0.0 2.0 0.0 0.0 0.0 1.0 0.031 0.047 0.047 2550.0 4162.0 5410.0 0.0
08:38:52.700 0001 -0.3443636000156402 51.448604583740234 15.939 15.0 164.9610137939453 0.0 0.0 0.0 0.0 0.0 0.0 0.0 0.0 0.0 0.0 0.0 0.0 0.0 0.0 0.0 0.0 0.0 0.0 0.0 0.0 0.0 7.0 0.0 0.0 0.0 0.0 2647.25 10.5 Operational 0.0 0.0 0.0 0.0 2.0 0.0 0.0 0.0 1.0 0.031 0.047 0.047 2550.0 4162.0 5410.0 0.0
08:38:52.800 0001 -0.3443636000156402 51.448604583740234 15.939 15.0 164.9610137939453 0.0 0.0 0.0 0.0 0.0 0.0 0.0 0.0 0.0 0.0 0.0 0.0 0.0 0.0 0.0 0.0 0.0 0.0 0.0 0.0 0.0 7.0 0.0 0.0 0.0 0.0 2647.25 10.5 Operational 0.0 0.0 0.0 0.0 2.0 0.0 0.0 0.0 1.0 0.031 0.047 0.047 2550.0 4162.0 5410.0 0.0
08:38:52.900 0001 -0.3443681895732879 51.448604583740234 15.772 15.0 164.9610137939453 0.0 0.0 0.0 0.0 0.0 0.0 0.0 0.0 0.0 0.0 0.0 0.0 0.0 0.0 0.0 0.0 0.0 0.0 0.0 0.0 0.0 7.0 0.0 0.0 0.0 0.0 2647.25 10.5 Operational 0.0 0.0 0.0 0.0 2.0 0.0 0.0 0.0 1.0 0.031 0.047 0.047 2550.0 4162.0 5410.0 0.0
08:38:53.000 0001 -0.3443681895732879 51.448604583740234 15.772 15.0 164.9610137939453 0.0 0.0 0.0 0.0 0.0 0.0 0.0 0.0 0.0 0.0 0.0 0.0 0.0 0.0 0.0 0.0 0.0 0.0 0.0 0.0 0.0 7.0 0.0 0.0 0.0 0.0 2647.25 10.5 Operational 0.0 0.0 0.0 0.0 2.0 0.0 0.0 0.0 1.0 0.031 0.047 0.047 2550.0 4162.0 5410.0 0.0
08:38:53.100 0001 -0.3443681895732879 51.448604583740234 15.772 15.0 164.9610137939453 0.0 0.0 0.0 0.0 0.0 0.0 0.0 0.0 0.0 0.0 0.0 0.0 0.0 0.0 0.0 0.0 0.0 0.0 0.0 0.0 0.0 7.0 0.0 0.0 0.0 0.0 2647.25 10.5 Operational 0.0 0.0 0.0 0.0 2.0 0.0 0.0 0.0 1.0 0.031 0.047 0.047 2550.0 4162.0 5410.0 0.0
08:38:53.200 0001 -0.3443681895732879 51.448604583740234 15.772 15.0 164.9610137939453 0.0 0.0 0.0 0.0 0.0 0.0 0.0 0.0 0.0 0.0 0.0 0.0 0.0 0.0 0.0 0.0 0.0 0.0 0.0 0.0 0.0 7.0 0.0 0.0 0.0 0.0 2647.25 10.5 Operational 0.0 0.0 0.0 0.0 2.0 0.0 0.0 0.0 1.0 0.031 0.047 0.047 2550.0 4162.0 5410.0 0.0
08:38:53.300 0001 -0.3443681895732879 51.448604583740234 15.772 15.0 164.9610137939453 0.0 0.0 0.0 0.0 0.0 0.0 0.0 0.0 0.0 0.0 0.0 0.0 0.0 0.0 0.0 0.0 0.0 0.0 0.0 0.0 0.0 7.0 0.0 0.0 0.0 0.0 2647.25 10.5 Operational 0.0 0.0 0.0 0.0 3.0 0.0 0.0 0.0 1.0 0.038 0.071 0.09 2414.0 4162.0 5238.0 0.0
08:38:53.400 0001 -0.3443681895732879 51.448604583740234 15.772 15.0 164.9610137939453 0.0 0.0 0.0 0.0 0.0 0.0 0.0 0.0 0.0 0.0 0.0 0.0 0.0 0.0 0.0 0.0 0.0 0.0 0.0 0.0 0.0 7.0 0.0 0.0 0.0 0.0 2647.25 10.5 Operational 0.0 0.0 0.0 0.0 3.0 0.0 0.0 0.0 1.0 0.038 0.071 0.09 2414.0 4162.0 5238.0 0.0
08:38:53.500 0001 -0.3443681895732879 51.448604583740234 15.772 15.0 164.9610137939453 0.0 0.0 0.0 0.0 0.0 0.0 0.0 0.0 0.0 0.0 0.0 0.0 0.0 0.0 0.0 0.0 0.0 0.0 0.0 0.0 0.0 7.0 0.0 0.0 0.0 0.0 2647.25 10.5 Operational 0.0 0.0 0.0 0.0 3.0 0.0 0.0 0.0 1.0 0.038 0.071 0.09 2414.0 4162.0 5238.0 0.0
08:38:53.600 0001 -0.3443681895732879 51.448604583740234 15.772 15.0 164.9610137939453 0.0 0.0 0.0 0.0 0.0 0.0 0.0 0.0 0.0 0.0 0.0 0.0 0.0 0.0 0.0 0.0 0.0 0.0 0.0 0.0 0.0 7.0 0.0 0.0 0.0 0.0 2647.25 10.5 Operational 0.0 0.0 0.0 0.0 3.0 0.0 0.0 0.0 1.0 0.038 0.071 0.09 2414.0 4162.0 5238.0 0.0
08:38:53.700 0001 -0.3443681895732879 51.448604583740234 15.772 15.0 164.9610137939453 0.0 0.0 0.0 0.0 0.0 0.0 0.0 0.0 0.0 0.0 0.0 0.0 0.0 0.0 0.0 0.0 0.0 0.0 0.0 0.0 0.0 7.0 0.0 0.0 0.0 0.0 2647.25 10.5 Operational 0.0 0.0 0.0 0.0 3.0 0.0 0.0 0.0 1.0 0.038 0.071 0.09 2414.0 4162.0 5238.0 0.0
08:38:53.800 0001 -0.3443681895732879 51.448604583740234 15.772 15.0 164.9610137939453 0.0 0.0 0.0 0.0 0.0 0.0 0.0 0.0 0.0 0.0 0.0 0.0 0.0 0.0 0.0 0.0 0.0 0.0 0.0 0.0 0.0 7.0 0.0 0.0 0.0 0.0 2647.25 10.5 Operational 0.0 0.0 0.0 0.0 3.0 0.0 0.0 0.0 1.0 0.038 0.071 0.09 2414.0 4162.0 5238.0 0.0
08:38:53.900 0001 -0.3443700075149536 51.448604583740234 15.644 12.0 164.9610137939453 0.0 0.0 0.0 0.0 0.0 0.0 0.0 0.0 0.0 0.0 0.0 0.0 0.0 0.0 0.0 0.0 0.0 0.0 0.0 0.0 0.0 7.0 0.0 0.0 0.0 0.0 2647.25 10.5 Operational 0.0 0.0 0.0 0.0 3.0 0.0 0.0 0.0 1.0 0.038 0.071 0.09 2414.0 4162.0 5238.0 0.0
08:38:54.000 0001 -0.3443700075149536 51.448604583740234 15.644 12.0 164.9610137939453 0.0 0.0 0.0 0.0 0.0 0.0 0.0 0.0 0.0 0.0 0.0 0.0 0.0 0.0 0.0 0.0 0.0 0.0 0.0 0.0 0.0 7.0 0.0 0.0 0.0 0.0 2647.25 10.5 Operational 0.0 0.0 0.0 0.0 3.0 0.0 0.0 0.0 1.0 0.038 0.071 0.09 2414.0 4162.0 5238.0 0.0
08:38:54.100 0001 -0.3443700075149536 51.448604583740234 15.644 12.0 164.9610137939453 0.0 0.0 0.0 0.0 0.0 0.0 0.0 0.0 0.0 0.0 0.0 0.0 0.0 0.0 0.0 0.0 0.0 0.0 0.0 0.0 0.0 7.0 0.0 0.0 0.0 0.0 2647.25 10.5 Operational 0.0 0.0 0.0 0.0 4.0 0.0 0.0 0.0 1.0 0.068 0.118 0.223 2376.0 4162.0 5253.0 0.0
08:38:54.200 0001 -0.3443700075149536 51.448604583740234 15.644 12.0 164.9610137939453 0.0 0.0 0.0 0.0 0.0 0.0 0.0 0.0 0.0 0.0 0.0 0.0 0.0 0.0 0.0 0.0 0.0 0.0 0.0 0.0 0.0 7.0 0.0 0.0 0.0 0.0 2647.25 10.5 Operational 0.0 0.0 0.0 0.0 4.0 0.0 0.0 0.0 1.0 0.068 0.118 0.223 2376.0 4162.0 5253.0 0.0
08:38:54.300 0001 -0.3443700075149536 51.448604583740234 15.644 12.0 164.9610137939453 0.0 0.0 0.0 0.0 0.0 0.0 0.0 0.0 0.0 0.0 0.0 0.0 0.0 0.0 0.0 0.0 0.0 0.0 0.0 0.0 0.0 7.0 0.0 0.0 0.0 0.0 2647.25 10.5 Operational 0.0 0.0 0.0 0.0 4.0 0.0 0.0 0.0 1.0 0.068 0.118 0.223 2376.0 4162.0 5253.0 0.0
08:38:54.400 0001 -0.3443700075149536 51.448604583740234 15.644 12.0 164.9610137939453 0.0 0.0 0.0 0.0 0.0 0.0 0.0 0.0 0.0 0.0 0.0 0.0 0.0 0.0 0.0 0.0 0.0 0.0 0.0 0.0 0.0 7.0 0.0 0.0 0.0 0.0 2647.25 10.5 Operational 0.0 0.0 0.0 0.0 4.0 0.0 0.0 0.0 1.0 0.068 0.118 0.223 2376.0 4162.0 5253.0 0.0
08:38:54.500 0001 -0.3443700075149536 51.448604583740234 15.644 12.0 164.9610137939453 0.0 0.0 0.0 0.0 0.0 0.0 0.0 0.0 0.0 0.0 0.0 0.0 0.0 0.0 0.0 0.0 0.0 0.0 0.0 0.0 0.0 7.0 0.0 0.0 0.0 0.0 2647.25 10.5 Operational 0.0 0.0 0.0 0.0 4.0 0.0 0.0 0.0 1.0 0.068 0.118 0.223 2376.0 4162.0 5253.0 0.0
08:38:54.600 0001 -0.3443700075149536 51.448604583740234 15.644 12.0 164.9610137939453 0.0 0.0 0.0 0.0 0.0 0.0 0.0 0.0 0.0 0.0 0.0 0.0 0.0 0.0 0.0 0.0 0.0 0.0 0.0 0.0 0.0 7.0 0.0 0.0 0.0 0.0 2647.25 10.5 Operational 0.0 0.0 0.0 0.0 4.0 0.0 0.0 0.0 1.0 0.068 0.118 0.223 2376.0 4162.0 5253.0 0.0
08:38:54.700 0001 -0.3443700075149536 51.448604583740234 15.644 12.0 164.9610137939453 0.0 0.0 0.0 0.0 0.0 0.0 0.0 0.0 0.0 0.0 0.0 0.0 0.0 0.0 0.0 0.0 0.0 0.0 0.0 0.0 0.0 7.0 0.0 0.0 0.0 0.0 2647.25 10.5 Operational 0.0 0.0 0.0 0.0 4.0 0.0 0.0 0.0 1.0 0.068 0.118 0.223 2376.0 4162.0 5253.0 0.0
08:38:54.800 0001 -0.3443700075149536 51.448604583740234 15.644 12.0 164.9610137939453 0.0 0.0 0.0 0.0 0.0 0.0 0.0 0.0 0.0 0.0 0.0 0.0 0.0 0.0 0.0 0.0 0.0 0.0 0.0 0.0 0.0 7.0 0.0 0.0 0.0 0.0 2647.25 10.5 Operational 0.0 0.0 0.0 0.0 4.0 0.0 0.0 0.0 1.0 0.068 0.118 0.223 2376.0 4162.0 5253.0 0.0
08:38:54.900 0001 -0.3443675935268402 51.448604583740234 15.476 13.0 164.9610137939453 0.0 0.0 0.0 0.0 0.0 0.0 0.0 0.0 0.0 0.0 0.0 0.0 0.0 0.0 0.0 0.0 0.0 0.0 0.0 0.0 0.0 7.0 0.0 0.0 0.0 0.0 2647.25 10.5 Operational 0.0 0.0 0.0 0.0 5.0 0.0 0.0 0.0 1.0 0.057 0.139 0.139 2245.0 4162.0 5716.0 0.0
08:38:55.000 0001 -0.3443675935268402 51.448604583740234 15.476 13.0 164.9610137939453 0.0 0.0 0.0 0.0 0.0 0.0 0.0 0.0 0.0 0.0 0.0 0.0 0.0 0.0 0.0 0.0 0.0 0.0 0.0 0.0 0.0 7.0 0.0 0.0 0.0 0.0 2647.25 10.5 Operational 0.0 0.0 0.0 0.0 5.0 0.0 0.0 0.0 1.0 0.057 0.139 0.139 2245.0 4162.0 5716.0 0.0
08:38:55.100 0001 -0.3443675935268402 51.448604583740234 15.476 13.0 164.9610137939453 0.0 0.0 0.0 0.0 0.0 0.0 0.0 0.0 0.0 0.0 0.0 0.0 0.0 0.0 0.0 0.0 0.0 0.0 0.0 0.0 0.0 7.0 0.0 0.0 0.0 0.0 2647.25 10.5 Operational 0.0 0.0 0.0 0.0 5.0 0.0 0.0 0.0 1.0 0.057 0.139 0.139 2245.0 4162.0 5716.0 0.0
08:38:55.200 0001 -0.3443675935268402 51.448604583740234 15.476 13.0 164.9610137939453 0.0 0.0 0.0 0.0 0.0 0.0 0.0 0.0 0.0 0.0 0.0 0.0 0.0 0.0 0.0 0.0 0.0 0.0 0.0 0.0 0.0 7.0 0.0 0.0 0.0 0.0 2647.25 10.5 Operational 0.0 0.0 0.0 0.0 5.0 0.0 0.0 0.0 1.0 0.057 0.139 0.139 2245.0 4162.0 5716.0 0.0
08:38:55.300 0001 -0.3443675935268402 51.448604583740234 15.476 13.0 164.9610137939453 0.0 0.0 0.0 0.0 0.0 0.0 0.0 0.0 0.0 0.0 0.0 0.0 0.0 0.0 0.0 0.0 0.0 0.0 0.0 0.0 0.0 7.0 0.0 0.0 0.0 0.0 2647.25 10.5 Operational 0.0 0.0 0.0 0.0 5.0 0.0 0.0 0.0 1.0 0.057 0.139 0.139 2245.0 4162.0 5716.0 0.0
08:38:55.400 0001 -0.3443675935268402 51.448604583740234 15.476 13.0 164.9610137939453 0.0 0.0 0.0 0.0 0.0 0.0 0.0 0.0 0.0 0.0 0.0 0.0 0.0 0.0 0.0 0.0 0.0 0.0 0.0 0.0 0.0 7.0 0.0 0.0 0.0 0.0 2647.25 10.5 Operational 0.0 0.0 0.0 0.0 5.0 0.0 0.0 0.0 1.0 0.057 0.139 0.139 2245.0 4162.0 5716.0 0.0
08:38:55.500 0001 -0.3443675935268402 51.448604583740234 15.476 13.0 164.9610137939453 0.0 0.0 0.0 0.0 0.0 0.0 0.0 0.0 0.0 0.0 0.0 0.0 0.0 0.0 0.0 0.0 0.0 0.0 0.0 0.0 0.0 7.0 0.0 0.0 0.0 0.0 2647.25 10.5 Operational 0.0 0.0 0.0 0.0 5.0 0.0 0.0 0.0 1.0 0.057 0.139 0.139 2245.0 4162.0 5716.0 0.0
08:38:55.600 0001 -0.3443675935268402 51.448604583740234 15.476 13.0 164.9610137939453 0.0 0.0 0.0 0.0 0.0 0.0 0.0 0.0 0.0 0.0 0.0 0.0 0.0 0.0 0.0 0.0 0.0 0.0 0.0 0.0 0.0 7.0 0.0 0.0 0.0 0.0 2647.25 10.5 Operational 0.0 0.0 0.0 0.0 5.0 0.0 0.0 0.0 1.0 0.057 0.139 0.139 2245.0 4162.0 5716.0 0.0
08:38:55.700 0001 -0.3443675935268402 51.448604583740234 15.476 13.0 164.9610137939453 0.0 0.0 0.0 0.0 0.0 0.0 0.0 0.0 0.0 0.0 0.0 0.0 0.0 0.0 0.0 0.0 0.0 0.0 0.0 0.0 0.0 7.0 0.0 0.0 0.0 0.0 2647.25 10.5 Operational 0.0 0.0 0.0 0.0 1.0 0.0 0.0 0.0 1.0 0.084 0.133 0.239 2208.0 4162.0 5862.0 0.0
08:38:55.800 0001 -0.3443675935268402 51.448604583740234 15.476 13.0 164.9610137939453 0.0 0.0 0.0 0.0 0.0 0.0 0.0 0.0 0.0 0.0 0.0 0.0 0.0 0.0 0.0 0.0 0.0 0.0 0.0 0.0 0.0 7.0 0.0 0.0 0.0 0.0 2647.25 10.5 Operational 0.0 0.0 0.0 0.0 1.0 0.0 0.0 0.0 1.0 0.084 0.133 0.239 2208.0 4162.0 5862.0 0.0
08:38:55.900 0001 -0.3443692922592163 51.448604583740234 15.656 15.0 164.9610137939453 0.0 0.0 0.0 0.0 0.0 0.0 0.0 0.0 0.0 0.0 0.0 0.0 0.0 0.0 0.0 0.0 0.0 0.0 0.0 0.0 0.0 7.0 0.0 0.0 0.0 0.0 2647.25 10.5 Operational 0.0 0.0 0.0 0.0 1.0 0.0 0.0 0.0 1.0 0.084 0.133 0.239 2208.0 4162.0 5862.0 0.0
08:38:56.000 0001 -0.3443692922592163 51.448604583740234 15.656 15.0 164.9610137939453 0.0 0.0 0.0 0.0 0.0 0.0 0.0 0.0 0.0 0.0 0.0 0.0 0.0 0.0 0.0 0.0 0.0 0.0 0.0 0.0 0.0 7.0 0.0 0.0 0.0 0.0 2647.25 10.5 Operational 0.0 0.0 0.0 0.0 1.0 0.0 0.0 0.0 1.0 0.084 0.133 0.239 2208.0 4162.0 5862.0 0.0
08:38:56.100 0001 -0.3443692922592163 51.448604583740234 15.656 15.0 164.9610137939453 0.0 0.0 0.0 0.0 0.0 0.0 0.0 0.0 0.0 0.0 0.0 0.0 0.0 0.0 0.0 0.0 0.0 0.0 0.0 0.0 0.0 7.0 0.0 0.0 0.0 0.0 2647.25 10.5 Operational 0.0 0.0 0.0 0.0 1.0 0.0 0.0 0.0 1.0 0.084 0.133 0.239 2208.0 4162.0 5862.0 0.0
08:38:56.200 0001 -0.3443692922592163 51.448604583740234 15.656 15.0 164.9610137939453 0.0 0.0 0.0 0.0 0.0 0.0 0.0 0.0 0.0 0.0 0.0 0.0 0.0 0.0 0.0 0.0 0.0 0.0 0.0 0.0 0.0 7.0 0.0 0.0 0.0 0.0 2647.25 10.5 Operational 0.0 0.0 0.0 0.0 1.0 0.0 0.0 0.0 1.0 0.084 0.133 0.239 2208.0 4162.0 5862.0 0.0
08:38:56.300 0001 -0.3443692922592163 51.448604583740234 15.656 15.0 164.9610137939453 0.0 0.0 0.0 0.0 0.0 0.0 0.0 0.0 0.0 0.0 0.0 0.0 0.0 0.0 0.0 0.0 0.0 0.0 0.0 0.0 0.0 7.0 0.0 0.0 0.0 0.0 2647.25 10.5 Operational 0.0 0.0 0.0 0.0 1.0 0.0 0.0 0.0 1.0 0.084 0.133 0.239 2208.0 4162.0 5862.0 0.0
08:38:56.400 0001 -0.3443692922592163 51.448604583740234 15.656 15.0 164.9610137939453 0.0 0.0 0.0 0.0 0.0 0.0 0.0 0.0 0.0 0.0 0.0 0.0 0.0 0.0 0.0 0.0 0.0 0.0 0.0 0.0 0.0 7.0 0.0 0.0 0.0 0.0 2647.25 10.5 Operational 0.0 0.0 0.0 0.0 1.0 0.0 0.0 0.0 1.0 0.084 0.133 0.239 2208.0 4162.0 5862.0 0.0
08:38:56.500 0001 -0.3443692922592163 51.448604583740234 15.656 15.0 164.9610137939453 0.0 0.0 0.0 0.0 0.0 0.0 0.0 0.0 0.0 0.0 0.0 0.0 0.0 0.0 0.0 0.0 0.0 0.0 0.0 0.0 0.0 7.0 0.0 0.0 0.0 0.0 2647.25 10.5 Operational 0.0 0.0 0.0 0.0 2.0 0.0 0.0 0.0 1.0 0.033 0.066 0.066 2208.0 4162.0 5862.0 0.0
08:38:56.600 0001 -0.3443692922592163 51.448604583740234 15.656 15.0 164.9610137939453 0.0 0.0 0.0 0.0 0.0 0.0 0.0 0.0 0.0 0.0 0.0 0.0 0.0 0.0 0.0 0.0 0.0 0.0 0.0 0.0 0.0 7.0 0.0 0.0 0.0 0.0 2647.25 10.5 Operational 0.0 0.0 0.0 0.0 2.0 0.0 0.0 0.0 1.0 0.033 0.066 0.066 2548.0 4162.0 5407.0 0.0
08:38:56.700 0001 -0.3443692922592163 51.448604583740234 15.656 15.0 164.9610137939453 0.0 0.0 0.0 0.0 0.0 0.0 0.0 0.0 0.0 0.0 0.0 0.0 0.0 0.0 0.0 0.0 0.0 0.0 0.0 0.0 0.0 7.0 0.0 0.0 0.0 0.0 2647.25 10.5 Operational 0.0 0.0 0.0 0.0 2.0 0.0 0.0 0.0 1.0 0.033 0.066 0.066 2548.0 4162.0 5407.0 0.0
08:38:56.800 0001 -0.3443692922592163 51.448604583740234 15.656 15.0 164.9610137939453 0.0 0.0 0.0 0.0 0.0 0.0 0.0 0.0 0.0 0.0 0.0 0.0 0.0 0.0 0.0 0.0 0.0 0.0 0.0 0.0 0.0 7.0 0.0 0.0 0.0 0.0 2647.25 10.5 Operational 0.0 0.0 0.0 0.0 2.0 0.0 0.0 0.0 1.0 0.033 0.066 0.066 2548.0 4162.0 5407.0 0.0
08:38:56.900 0001 -0.3443740904331207 51.44860076904297 15.693 14.0 164.9610137939453 0.0 0.0 0.0 0.0 0.0 0.0 0.0 0.0 0.0 0.0 0.0 0.0 0.0 0.0 0.0 0.0 0.0 0.0 0.0 0.0 0.0 7.0 0.0 0.0 0.0 0.0 2647.25 10.5 Operational 0.0 0.0 0.0 0.0 2.0 0.0 0.0 0.0 1.0 0.033 0.066 0.066 2548.0 4162.0 5407.0 0.0
08:38:57.000 0001 -0.3443740904331207 51.44860076904297 15.693 14.0 164.9610137939453 0.0 0.0 0.0 0.0 0.0 0.0 0.0 0.0 0.0 0.0 0.0 0.0 0.0 0.0 0.0 0.0 0.0 0.0 0.0 0.0 0.0 7.0 0.0 0.0 0.0 0.0 2647.25 10.5 Operational 0.0 0.0 0.0 0.0 2.0 0.0 0.0 0.0 1.0 0.033 0.066 0.066 2548.0 4162.0 5407.0 0.0
08:38:57.100 0001 -0.3443740904331207 51.44860076904297 15.693 14.0 164.9610137939453 0.0 0.0 0.0 0.0 0.0 0.0 0.0 0.0 0.0 0.0 0.0 0.0 0.0 0.0 0.0 0.0 0.0 0.0 0.0 0.0 0.0 7.0 0.0 0.0 0.0 0.0 2647.25 10.5 Operational 0.0 0.0 0.0 0.0 2.0 0.0 0.0 0.0 1.0 0.033 0.066 0.066 2548.0 4162.0 5407.0 0.0
08:38:57.200 0001 -0.3443740904331207 51.44860076904297 15.693 14.0 164.9610137939453 0.0 0.0 0.0 0.0 0.0 0.0 0.0 0.0 0.0 0.0 0.0 0.0 0.0 0.0 0.0 0.0 0.0 0.0 0.0 0.0 0.0 7.0 0.0 0.0 0.0 0.0 2647.25 10.5 Operational 0.0 0.0 0.0 0.0 2.0 0.0 0.0 0.0 1.0 0.033 0.066 0.066 2548.0 4162.0 5407.0 0.0
08:38:57.300 0001 -0.3443740904331207 51.44860076904297 15.693 14.0 164.9610137939453 0.0 0.0 0.0 0.0 0.0 0.0 0.0 0.0 0.0 0.0 0.0 0.0 0.0 0.0 0.0 0.0 0.0 0.0 0.0 0.0 0.0 7.0 0.0 0.0 0.0 0.0 2647.25 10.5 Operational 0.0 0.0 0.0 0.0 3.0 0.0 0.0 0.0 1.0 0.04 0.072 0.264 2409.0 4162.0 5236.0 0.0
08:38:57.400 0001 -0.3443740904331207 51.44860076904297 15.693 14.0 164.9610137939453 0.0 0.0 0.0 0.0 0.0 0.0 0.0 0.0 0.0 0.0 0.0 0.0 0.0 0.0 0.0 0.0 0.0 0.0 0.0 0.0 0.0 7.0 0.0 0.0 0.0 0.0 2647.25 10.5 Operational 0.0 0.0 0.0 0.0 3.0 0.0 0.0 0.0 1.0 0.04 0.072 0.264 2409.0 4162.0 5236.0 0.0
08:38:57.500 0001 -0.3443740904331207 51.44860076904297 15.693 14.0 164.9610137939453 0.0 0.0 0.0 0.0 0.0 0.0 0.0 0.0 0.0 0.0 0.0 0.0 0.0 0.0 0.0 0.0 0.0 0.0 0.0 0.0 0.0 7.0 0.0 0.0 0.0 0.0 2647.25 10.5 Operational 0.0 0.0 0.0 0.0 3.0 0.0 0.0 0.0 1.0 0.04 0.072 0.264 2409.0 4162.0 5236.0 0.0
08:38:57.600 0001 -0.3443740904331207 51.44860076904297 15.693 14.0 164.9610137939453 0.0 0.0 0.0 0.0 0.0 0.0 0.0 0.0 0.0 0.0 0.0 0.0 0.0 0.0 0.0 0.0 0.0 0.0 0.0 0.0 0.0 7.0 0.0 0.0 0.0 0.0 2647.25 10.5 Operational 0.0 0.0 0.0 0.0 3.0 0.0 0.0 0.0 1.0 0.04 0.072 0.264 2409.0 4162.0 5236.0 0.0
08:38:57.700 0001 -0.3443740904331207 51.44860076904297 15.693 14.0 164.9610137939453 0.0 0.0 0.0 0.0 0.0 0.0 0.0 0.0 0.0 0.0 0.0 0.0 0.0 0.0 0.0 0.0 0.0 0.0 0.0 0.0 0.0 7.0 0.0 0.0 0.0 0.0 2647.25 10.5 Operational 0.0 0.0 0.0 0.0 3.0 0.0 0.0 0.0 1.0 0.04 0.072 0.264 2409.0 4162.0 5236.0 0.0
08:38:57.800 0001 -0.3443740904331207 51.44860076904297 15.693 14.0 164.9610137939453 0.0 0.0 0.0 0.0 0.0 0.0 0.0 0.0 0.0 0.0 0.0 0.0 0.0 0.0 0.0 0.0 0.0 0.0 0.0 0.0 0.0 7.0 0.0 0.0 0.0 0.0 2647.25 10.5 Operational 0.0 0.0 0.0 0.0 3.0 0.0 0.0 0.0 1.0 0.04 0.072 0.264 2409.0 4162.0 5236.0 0.0
08:38:57.900 0001 -0.3443807065486908 51.44860076904297 15.69 14.0 164.9610137939453 0.0 0.0 0.0 0.0 0.0 0.0 0.0 0.0 0.0 0.0 0.0 0.0 0.0 0.0 0.0 0.0 0.0 0.0 0.0 0.0 0.0 7.0 0.0 0.0 0.0 0.0 2647.25 10.5 Operational 0.0 0.0 0.0 0.0 3.0 0.0 0.0 0.0 1.0 0.04 0.072 0.264 2409.0 4162.0 5236.0 0.0
08:38:58.000 0001 -0.3443807065486908 51.44860076904297 15.69 14.0 164.9610137939453 0.0 0.0 0.0 0.0 0.0 0.0 0.0 0.0 0.0 0.0 0.0 0.0 0.0 0.0 0.0 0.0 0.0 0.0 0.0 0.0 0.0 7.0 0.0 0.0 0.0 0.0 2647.25 10.5 Operational 0.0 0.0 0.0 0.0 3.0 0.0 0.0 0.0 1.0 0.04 0.072 0.264 2409.0 4162.0 5236.0 0.0
08:38:58.100 0001 -0.3443807065486908 51.44860076904297 15.69 14.0 164.9610137939453 0.0 0.0 0.0 0.0 0.0 0.0 0.0 0.0 0.0 0.0 0.0 0.0 0.0 0.0 0.0 0.0 0.0 0.0 0.0 0.0 0.0 7.0 0.0 0.0 0.0 0.0 2647.25 10.5 Operational 0.0 0.0 0.0 0.0 4.0 0.0 0.0 0.0 1.0 0.062 0.079 0.165 2372.0 4162.0 5249.0 0.0
08:38:58.200 0001 -0.3443807065486908 51.44860076904297 15.69 14.0 164.9610137939453 0.0 0.0 0.0 0.0 0.0 0.0 0.0 0.0 0.0 0.0 0.0 0.0 0.0 0.0 0.0 0.0 0.0 0.0 0.0 0.0 0.0 7.0 0.0 0.0 0.0 0.0 2647.25 10.5 Operational 0.0 0.0 0.0 0.0 4.0 0.0 0.0 0.0 1.0 0.062 0.079 0.165 2372.0 4162.0 5249.0 0.0
08:38:58.300 0001 -0.3443807065486908 51.44860076904297 15.69 14.0 164.9610137939453 0.0 0.0 0.0 0.0 0.0 0.0 0.0 0.0 0.0 0.0 0.0 0.0 0.0 0.0 0.0 0.0 0.0 0.0 0.0 0.0 0.0 7.0 0.0 0.0 0.0 0.0 2647.25 10.5 Operational 0.0 0.0 0.0 0.0 4.0 0.0 0.0 0.0 1.0 0.062 0.079 0.165 2372.0 4162.0 5249.0 0.0
08:38:58.400 0001 -0.3443807065486908 51.44860076904297 15.69 14.0 164.9610137939453 0.0 0.0 0.0 0.0 0.0 0.0 0.0 0.0 0.0 0.0 0.0 0.0 0.0 0.0 0.0 0.0 0.0 0.0 0.0 0.0 0.0 7.0 0.0 0.0 0.0 0.0 2647.25 10.5 Operational 0.0 0.0 0.0 0.0 4.0 0.0 0.0 0.0 1.0 0.062 0.079 0.165 2372.0 4162.0 5249.0 0.0
08:38:58.500 0001 -0.3443807065486908 51.44860076904297 15.69 14.0 164.9610137939453 0.0 0.0 0.0 0.0 0.0 0.0 0.0 0.0 0.0 0.0 0.0 0.0 0.0 0.0 0.0 0.0 0.0 0.0 0.0 0.0 0.0 7.0 0.0 0.0 0.0 0.0 2647.25 10.5 Operational 0.0 0.0 0.0 0.0 4.0 0.0 0.0 0.0 1.0 0.062 0.079 0.165 2372.0 4162.0 5249.0 0.0
08:38:58.600 0001 -0.3443807065486908 51.44860076904297 15.69 14.0 164.9610137939453 0.0 0.0 0.0 0.0 0.0 0.0 0.0 0.0 0.0 0.0 0.0 0.0 0.0 0.0 0.0 0.0 0.0 0.0 0.0 0.0 0.0 7.0 0.0 0.0 0.0 0.0 2647.25 10.5 Operational 0.0 0.0 0.0 0.0 4.0 0.0 0.0 0.0 1.0 0.062 0.079 0.165 2372.0 4162.0 5249.0 0.0
08:38:58.700 0001 -0.3443807065486908 51.44860076904297 15.69 14.0 164.9610137939453 0.0 0.0 0.0 0.0 0.0 0.0 0.0 0.0 0.0 0.0 0.0 0.0 0.0 0.0 0.0 0.0 0.0 0.0 0.0 0.0 0.0 7.0 0.0 0.0 0.0 0.0 2647.25 10.5 Operational 0.0 0.0 0.0 0.0 4.0 0.0 0.0 0.0 1.0 0.062 0.079 0.165 2372.0 4162.0 5249.0 0.0
08:38:58.800 0001 -0.3443807065486908 51.44860076904297 15.69 14.0 164.9610137939453 0.0 0.0 0.0 0.0 0.0 0.0 0.0 0.0 0.0 0.0 0.0 0.0 0.0 0.0 0.0 0.0 0.0 0.0 0.0 0.0 0.0 7.0 0.0 0.0 0.0 0.0 2647.25 10.5 Operational 0.0 0.0 0.0 0.0 4.0 0.0 0.0 0.0 1.0 0.062 0.079 0.165 2372.0 4162.0 5249.0 0.0
08:38:58.900 0001 -0.3443858027458191 51.4485969543457 16.012 14.0 164.9610137939453 0.0 0.0 0.0 0.0 0.0 0.0 0.0 0.0 0.0 0.0 0.0 0.0 0.0 0.0 0.0 0.0 0.0 0.0 0.0 0.0 0.0 7.0 0.0 0.0 0.0 0.0 2647.25 10.5 Operational 0.0 0.0 0.0 0.0 5.0 0.0 0.0 0.0 1.0 0.049 0.115 0.286 2247.0 4162.0 5727.0 0.0
08:38:59.000 0001 -0.3443858027458191 51.4485969543457 16.012 14.0 164.9610137939453 0.0 0.0 0.0 0.0 0.0 0.0 0.0 0.0 0.0 0.0 0.0 0.0 0.0 0.0 0.0 0.0 0.0 0.0 0.0 0.0 0.0 7.0 0.0 0.0 0.0 0.0 2647.25 10.5 Operational 0.0 0.0 0.0 0.0 5.0 0.0 0.0 0.0 1.0 0.049 0.115 0.286 2247.0 4162.0 5727.0 0.0
08:38:59.100 0001 -0.3443858027458191 51.4485969543457 16.012 14.0 164.9610137939453 0.0 0.0 0.0 0.0 0.0 0.0 0.0 0.0 0.0 0.0 0.0 0.0 0.0 0.0 0.0 0.0 0.0 0.0 0.0 0.0 0.0 7.0 0.0 0.0 0.0 0.0 2647.25 10.5 Operational 0.0 0.0 0.0 0.0 5.0 0.0 0.0 0.0 1.0 0.049 0.115 0.286 2247.0 4162.0 5727.0 0.0
08:38:59.200 0001 -0.3443858027458191 51.4485969543457 16.012 14.0 164.9610137939453 0.0 0.0 0.0 0.0 0.0 0.0 0.0 0.0 0.0 0.0 0.0 0.0 0.0 0.0 0.0 0.0 0.0 0.0 0.0 0.0 0.0 7.0 0.0 0.0 0.0 0.0 2647.25 10.5 Operational 0.0 0.0 0.0 0.0 5.0 0.0 0.0 0.0 1.0 0.049 0.115 0.286 2247.0 4162.0 5727.0 0.0
08:38:59.300 0001 -0.3443858027458191 51.4485969543457 16.012 14.0 164.9610137939453 0.0 0.0 0.0 0.0 0.0 0.0 0.0 0.0 0.0 0.0 0.0 0.0 0.0 0.0 0.0 0.0 0.0 0.0 0.0 0.0 0.0 7.0 0.0 0.0 0.0 0.0 2647.25 10.5 Operational 0.0 0.0 0.0 0.0 5.0 0.0 0.0 0.0 1.0 0.049 0.115 0.286 2247.0 4162.0 5727.0 0.0
08:38:59.400 0001 -0.3443858027458191 51.4485969543457 16.012 14.0 164.9610137939453 0.0 0.0 0.0 0.0 0.0 0.0 0.0 0.0 0.0 0.0 0.0 0.0 0.0 0.0 0.0 0.0 0.0 0.0 0.0 0.0 0.0 7.0 0.0 0.0 0.0 0.0 2647.25 10.5 Operational 0.0 0.0 0.0 0.0 5.0 0.0 0.0 0.0 1.0 0.049 0.115 0.286 2247.0 4162.0 5727.0 0.0
08:38:59.500 0001 -0.3443858027458191 51.4485969543457 16.012 14.0 164.9610137939453 0.0 0.0 0.0 0.0 0.0 0.0 0.0 0.0 0.0 0.0 0.0 0.0 0.0 0.0 0.0 0.0 0.0 0.0 0.0 0.0 0.0 7.0 0.0 0.0 0.0 0.0 2647.25 10.5 Operational 0.0 0.0 0.0 0.0 5.0 0.0 0.0 0.0 1.0 0.049 0.115 0.286 2247.0 4162.0 5727.0 0.0
08:38:59.600 0001 -0.3443858027458191 51.4485969543457 16.012 14.0 164.9610137939453 0.0 0.0 0.0 0.0 0.0 0.0 0.0 0.0 0.0 0.0 0.0 0.0 0.0 0.0 0.0 0.0 0.0 0.0 0.0 0.0 0.0 7.0 0.0 0.0 0.0 0.0 2647.25 10.5 Operational 0.0 0.0 0.0 0.0 5.0 0.0 0.0 0.0 1.0 0.049 0.115 0.286 2247.0 4162.0 5727.0 0.0
08:38:59.700 0001 -0.3443858027458191 51.4485969543457 16.012 14.0 164.9610137939453 0.0 0.0 0.0 0.0 0.0 0.0 0.0 0.0 0.0 0.0 0.0 0.0 0.0 0.0 0.0 0.0 0.0 0.0 0.0 0.0 0.0 7.0 0.0 0.0 0.0 0.0 2647.25 10.5 Operational 0.0 0.0 0.0 0.0 5.0 0.0 0.0 0.0 1.0 0.049 0.115 0.286 2247.0 4162.0 5727.0 0.0
08:38:59.800 0001 -0.3443858027458191 51.4485969543457 16.012 14.0 164.9610137939453 0.0 0.0 0.0 0.0 0.0 0.0 0.0 0.0 0.0 0.0 0.0 0.0 0.0 0.0 0.0 0.0 0.0 0.0 0.0 0.0 0.0 7.0 0.0 0.0 0.0 0.0 2647.25 10.5 Operational 0.0 0.0 0.0 0.0 5.0 0.0 0.0 0.0 1.0 0.049 0.115 0.286 2247.0 4162.0 5727.0 0.0
08:38:59.900 0001 -0.3444043099880218 51.4485969543457 16.618000000000002 14.0 164.9610137939453 0.0 0.0 0.0 0.0 0.0 0.0 0.0 0.0 0.0 0.0 0.0 0.0 0.0 0.0 0.0 0.0 0.0 0.0 0.0 0.0 0.0 7.0 0.0 0.0 0.0 0.0 2647.25 10.5 Operational 0.0 0.0 0.0 0.0 5.0 0.0 0.0 0.0 1.0 0.049 0.115 0.286 2247.0 4162.0 5727.0 0.0
08:39:00.000 0001 -0.3444043099880218 51.4485969543457 16.618000000000002 14.0 164.9610137939453 0.0 0.0 0.0 0.0 0.0 0.0 0.0 0.0 0.0 0.0 0.0 0.0 0.0 0.0 0.0 0.0 0.0 0.0 0.0 0.0 0.0 7.0 0.0 0.0 0.0 0.0 2647.25 10.5 Operational 0.0 0.0 0.0 0.0 1.0 0.0 0.0 0.0 1.0 0.061 0.077 0.288 2209.0 4162.0 5883.0 0.0
08:39:00.100 0001 -0.3444043099880218 51.4485969543457 16.618000000000002 14.0 164.9610137939453 0.0 0.0 0.0 0.0 0.0 0.0 0.0 0.0 0.0 0.0 0.0 0.0 0.0 0.0 0.0 0.0 0.0 0.0 0.0 0.0 0.0 7.0 0.0 0.0 0.0 0.0 2647.25 10.5 Operational 0.0 0.0 0.0 0.0 1.0 0.0 0.0 0.0 1.0 0.061 0.077 0.288 2209.0 4162.0 5883.0 0.0
08:39:00.200 0001 -0.3444043099880218 51.4485969543457 16.618000000000002 14.0 164.9610137939453 0.0 0.0 0.0 0.0 0.0 0.0 0.0 0.0 0.0 0.0 0.0 0.0 0.0 0.0 0.0 0.0 0.0 0.0 0.0 0.0 0.0 7.0 0.0 0.0 0.0 0.0 2647.25 10.5 Operational 0.0 0.0 0.0 0.0 1.0 0.0 0.0 0.0 1.0 0.061 0.077 0.288 2209.0 4162.0 5883.0 0.0
08:39:00.300 0001 -0.3444043099880218 51.4485969543457 16.618000000000002 14.0 164.9610137939453 0.0 0.0 0.0 0.0 0.0 0.0 0.0 0.0 0.0 0.0 0.0 0.0 0.0 0.0 0.0 0.0 0.0 0.0 0.0 0.0 0.0 7.0 0.0 0.0 0.0 0.0 2647.25 10.5 Operational 0.0 0.0 0.0 0.0 1.0 0.0 0.0 0.0 1.0 0.061 0.077 0.288 2209.0 4162.0 5883.0 0.0
08:39:00.400 0001 -0.3444043099880218 51.4485969543457 16.618000000000002 14.0 164.9610137939453 0.0 0.0 0.0 0.0 0.0 0.0 0.0 0.0 0.0 0.0 0.0 0.0 0.0 0.0 0.0 0.0 0.0 0.0 0.0 0.0 0.0 7.0 0.0 0.0 0.0 0.0 2647.25 10.5 Operational 0.0 0.0 0.0 0.0 1.0 0.0 0.0 0.0 1.0 0.061 0.077 0.288 2209.0 4162.0 5883.0 0.0
08:39:00.500 0001 -0.3444043099880218 51.4485969543457 16.618000000000002 14.0 164.9610137939453 0.0 0.0 0.0 0.0 0.0 0.0 0.0 0.0 0.0 0.0 0.0 0.0 0.0 0.0 0.0 0.0 0.0 0.0 0.0 0.0 0.0 7.0 0.0 0.0 0.0 0.0 2647.25 10.5 Operational 0.0 0.0 0.0 0.0 1.0 0.0 0.0 0.0 1.0 0.061 0.077 0.288 2209.0 4162.0 5883.0 0.0
08:39:00.600 0001 -0.3444043099880218 51.4485969543457 16.618000000000002 14.0 164.9610137939453 0.0 0.0 0.0 0.0 0.0 0.0 0.0 0.0 0.0 0.0 0.0 0.0 0.0 0.0 0.0 0.0 0.0 0.0 0.0 0.0 0.0 7.0 0.0 0.0 0.0 0.0 2647.25 10.5 Operational 0.0 0.0 0.0 0.0 1.0 0.0 0.0 0.0 1.0 0.061 0.077 0.288 2209.0 4162.0 5883.0 0.0
08:39:00.700 0001 -0.3444043099880218 51.4485969543457 16.618000000000002 14.0 164.9610137939453 0.0 0.0 0.0 0.0 0.0 0.0 0.0 0.0 0.0 0.0 0.0 0.0 0.0 0.0 0.0 0.0 0.0 0.0 0.0 0.0 0.0 7.0 0.0 0.0 0.0 0.0 2647.25 10.5 Operational 0.0 0.0 0.0 0.0 1.0 0.0 0.0 0.0 1.0 0.061 0.077 0.288 2209.0 4162.0 5883.0 0.0
08:39:00.800 0001 -0.3444043099880218 51.4485969543457 16.618000000000002 14.0 164.9610137939453 0.0 0.0 0.0 0.0 0.0 0.0 0.0 0.0 0.0 0.0 0.0 0.0 0.0 0.0 0.0 0.0 0.0 0.0 0.0 0.0 0.0 7.0 0.0 0.0 0.0 0.0 2647.25 10.5 Operational 0.0 0.0 0.0 0.0 2.0 0.0 0.0 0.0 1.0 0.034 0.067 0.067 2545.0 4162.0 5405.0 0.0
08:39:00.900 0001 -0.3444108963012695 51.4485969543457 16.847 13.0 164.9610137939453 0.0 0.0 0.0 0.0 0.0 0.0 0.0 0.0 0.0 0.0 0.0 0.0 0.0 0.0 0.0 0.0 0.0 0.0 0.0 0.0 0.0 7.0 0.0 0.0 0.0 0.0 2647.25 10.5 Operational 0.0 0.0 0.0 0.0 2.0 0.0 0.0 0.0 1.0 0.034 0.067 0.067 2545.0 4162.0 5405.0 0.0
08:39:01.000 0001 -0.3444108963012695 51.4485969543457 16.847 13.0 164.9610137939453 0.0 0.0 0.0 0.0 0.0 0.0 0.0 0.0 0.0 0.0 0.0 0.0 0.0 0.0 0.0 0.0 0.0 0.0 0.0 0.0 0.0 7.0 0.0 0.0 0.0 0.0 2647.25 10.5 Operational 0.0 0.0 0.0 0.0 2.0 0.0 0.0 0.0 1.0 0.034 0.067 0.067 2545.0 4162.0 5405.0 0.0
08:39:01.100 0001 -0.3444108963012695 51.4485969543457 16.847 13.0 164.9610137939453 0.0 0.0 0.0 0.0 0.0 0.0 0.0 0.0 0.0 0.0 0.0 0.0 0.0 0.0 0.0 0.0 0.0 0.0 0.0 0.0 0.0 7.0 0.0 0.0 0.0 0.0 2647.25 10.5 Operational 0.0 0.0 0.0 0.0 2.0 0.0 0.0 0.0 1.0 0.034 0.067 0.067 2545.0 4162.0 5405.0 0.0
08:39:01.200 0001 -0.3444108963012695 51.4485969543457 16.847 13.0 164.9610137939453 0.0 0.0 0.0 0.0 0.0 0.0 0.0 0.0 0.0 0.0 0.0 0.0 0.0 0.0 0.0 0.0 0.0 0.0 0.0 0.0 0.0 7.0 0.0 0.0 0.0 0.0 2647.25 10.5 Operational 0.0 0.0 0.0 0.0 2.0 0.0 0.0 0.0 1.0 0.034 0.067 0.067 2545.0 4162.0 5405.0 0.0
08:39:01.300 0001 -0.3444108963012695 51.4485969543457 16.847 13.0 164.9610137939453 0.0 0.0 0.0 0.0 0.0 0.0 0.0 0.0 0.0 0.0 0.0 0.0 0.0 0.0 0.0 0.0 0.0 0.0 0.0 0.0 0.0 7.0 0.0 0.0 0.0 0.0 2647.25 10.5 Operational 0.0 0.0 0.0 0.0 2.0 0.0 0.0 0.0 1.0 0.034 0.067 0.067 2545.0 4162.0 5405.0 0.0
08:39:01.400 0001 -0.3444108963012695 51.4485969543457 16.847 13.0 164.9610137939453 0.0 0.0 0.0 0.0 0.0 0.0 0.0 0.0 0.0 0.0 0.0 0.0 0.0 0.0 0.0 0.0 0.0 0.0 0.0 0.0 0.0 7.0 0.0 0.0 0.0 0.0 2647.25 10.5 Operational 0.0 0.0 0.0 0.0 2.0 0.0 0.0 0.0 1.0 0.034 0.067 0.067 2545.0 4162.0 5405.0 0.0
08:39:01.500 0001 -0.3444108963012695 51.4485969543457 16.847 13.0 164.9610137939453 0.0 0.0 0.0 0.0 0.0 0.0 0.0 0.0 0.0 0.0 0.0 0.0 0.0 0.0 0.0 0.0 0.0 0.0 0.0 0.0 0.0 7.0 0.0 0.0 0.0 0.0 2647.25 10.5 Operational 0.0 0.0 0.0 0.0 2.0 0.0 0.0 0.0 1.0 0.034 0.067 0.067 2545.0 4162.0 5405.0 0.0
08:39:01.600 0001 -0.3444108963012695 51.4485969543457 16.847 13.0 164.9610137939453 0.0 0.0 0.0 0.0 0.0 0.0 0.0 0.0 0.0 0.0 0.0 0.0 0.0 0.0 0.0 0.0 0.0 0.0 0.0 0.0 0.0 7.0 0.0 0.0 0.0 0.0 2647.25 10.5 Operational 0.0 0.0 0.0 0.0 3.0 0.0 0.0 0.0 1.0 0.038 0.071 0.242 2405.0 4162.0 5229.0 0.0
08:39:01.700 0001 -0.3444108963012695 51.4485969543457 16.847 13.0 164.9610137939453 0.0 0.0 0.0 0.0 0.0 0.0 0.0 0.0 0.0 0.0 0.0 0.0 0.0 0.0 0.0 0.0 0.0 0.0 0.0 0.0 0.0 7.0 0.0 0.0 0.0 0.0 2647.25 10.5 Operational 0.0 0.0 0.0 0.0 3.0 0.0 0.0 0.0 1.0 0.038 0.071 0.242 2405.0 4162.0 5229.0 0.0
08:39:01.800 0001 -0.3444108963012695 51.4485969543457 16.847 13.0 164.9610137939453 0.0 0.0 0.0 0.0 0.0 0.0 0.0 0.0 0.0 0.0 0.0 0.0 0.0 0.0 0.0 0.0 0.0 0.0 0.0 0.0 0.0 7.0 0.0 0.0 0.0 0.0 2647.25 10.5 Operational 0.0 0.0 0.0 0.0 3.0 0.0 0.0 0.0 1.0 0.038 0.071 0.242 2405.0 4162.0 5229.0 0.0
08:39:01.900 0001 -0.3444086909294128 51.4485969543457 16.794 13.0 164.9610137939453 0.0 0.0 0.0 0.0 0.0 0.0 0.0 0.0 0.0 0.0 0.0 0.0 0.0 0.0 0.0 0.0 0.0 0.0 0.0 0.0 0.0 7.0 0.0 0.0 0.0 0.0 2647.25 10.5 Operational 0.0 0.0 0.0 0.0 3.0 0.0 0.0 0.0 1.0 0.038 0.071 0.242 2405.0 4162.0 5229.0 0.0
08:39:02.000 0001 -0.3444086909294128 51.4485969543457 16.794 13.0 164.9610137939453 0.0 0.0 0.0 0.0 0.0 0.0 0.0 0.0 0.0 0.0 0.0 0.0 0.0 0.0 0.0 0.0 0.0 0.0 0.0 0.0 0.0 7.0 0.0 0.0 0.0 0.0 2647.25 10.5 Operational 0.0 0.0 0.0 0.0 3.0 0.0 0.0 0.0 1.0 0.038 0.071 0.242 2405.0 4162.0 5229.0 0.0
08:39:02.100 0001 -0.3444086909294128 51.4485969543457 16.794 13.0 164.9610137939453 0.0 0.0 0.0 0.0 0.0 0.0 0.0 0.0 0.0 0.0 0.0 0.0 0.0 0.0 0.0 0.0 0.0 0.0 0.0 0.0 0.0 7.0 0.0 0.0 0.0 0.0 2647.25 10.5 Operational 0.0 0.0 0.0 0.0 3.0 0.0 0.0 0.0 1.0 0.038 0.071 0.242 2405.0 4162.0 5229.0 0.0
08:39:02.200 0001 -0.3444086909294128 51.4485969543457 16.794 13.0 164.9610137939453 0.0 0.0 0.0 0.0 0.0 0.0 0.0 0.0 0.0 0.0 0.0 0.0 0.0 0.0 0.0 0.0 0.0 0.0 0.0 0.0 0.0 7.0 0.0 0.0 0.0 0.0 2647.25 10.5 Operational 0.0 0.0 0.0 0.0 3.0 0.0 0.0 0.0 1.0 0.038 0.071 0.242 2405.0 4162.0 5229.0 0.0
08:39:02.300 0001 -0.3444086909294128 51.4485969543457 16.794 13.0 164.9610137939453 0.0 0.0 0.0 0.0 0.0 0.0 0.0 0.0 0.0 0.0 0.0 0.0 0.0 0.0 0.0 0.0 0.0 0.0 0.0 0.0 0.0 7.0 0.0 0.0 0.0 0.0 2647.25 10.5 Operational 0.0 0.0 0.0 0.0 3.0 0.0 0.0 0.0 1.0 0.038 0.071 0.242 2405.0 4162.0 5229.0 0.0
08:39:02.400 0001 -0.3444086909294128 51.4485969543457 16.794 13.0 164.9610137939453 0.0 0.0 0.0 0.0 0.0 0.0 0.0 0.0 0.0 0.0 0.0 0.0 0.0 0.0 0.0 0.0 0.0 0.0 0.0 0.0 0.0 7.0 0.0 0.0 0.0 0.0 2647.25 10.5 Operational 0.0 0.0 0.0 0.0 4.0 0.0 0.0 0.0 1.0 0.065 0.082 0.167 2372.0 4162.0 5252.0 0.0
08:39:02.500 0001 -0.3444086909294128 51.4485969543457 16.794 13.0 164.9610137939453 0.0 0.0 0.0 0.0 0.0 0.0 0.0 0.0 0.0 0.0 0.0 0.0 0.0 0.0 0.0 0.0 0.0 0.0 0.0 0.0 0.0 7.0 0.0 0.0 0.0 0.0 2647.25 10.5 Operational 0.0 0.0 0.0 0.0 4.0 0.0 0.0 0.0 1.0 0.065 0.082 0.167 2372.0 4162.0 5252.0 0.0
08:39:02.600 0001 -0.3444086909294128 51.4485969543457 16.794 13.0 164.9610137939453 0.0 0.0 0.0 0.0 0.0 0.0 0.0 0.0 0.0 0.0 0.0 0.0 0.0 0.0 0.0 0.0 0.0 0.0 0.0 0.0 0.0 7.0 0.0 0.0 0.0 0.0 2647.25 10.5 Operational 0.0 0.0 0.0 0.0 4.0 0.0 0.0 0.0 1.0 0.065 0.082 0.167 2372.0 4162.0 5252.0 0.0
08:39:02.700 0001 -0.3444086909294128 51.4485969543457 16.794 13.0 164.9610137939453 0.0 0.0 0.0 0.0 0.0 0.0 0.0 0.0 0.0 0.0 0.0 0.0 0.0 0.0 0.0 0.0 0.0 0.0 0.0 0.0 0.0 7.0 0.0 0.0 0.0 0.0 2647.25 10.5 Operational 0.0 0.0 0.0 0.0 4.0 0.0 0.0 0.0 1.0 0.065 0.082 0.167 2372.0 4162.0 5252.0 0.0
08:39:02.800 0001 -0.3444086909294128 51.4485969543457 16.794 13.0 164.9610137939453 0.0 0.0 0.0 0.0 0.0 0.0 0.0 0.0 0.0 0.0 0.0 0.0 0.0 0.0 0.0 0.0 0.0 0.0 0.0 0.0 0.0 7.0 0.0 0.0 0.0 0.0 2647.25 10.5 Operational 0.0 0.0 0.0 0.0 4.0 0.0 0.0 0.0 1.0 0.065 0.082 0.167 2372.0 4162.0 5252.0 0.0
08:39:02.900 0001 -0.3444122076034546 51.4485969543457 16.925 11.0 164.9610137939453 0.0 0.0 0.0 0.0 0.0 0.0 0.0 0.0 0.0 0.0 0.0 0.0 0.0 0.0 0.0 0.0 0.0 0.0 0.0 0.0 0.0 7.0 0.0 0.0 0.0 0.0 2647.25 10.5 Operational 0.0 0.0 0.0 0.0 4.0 0.0 0.0 0.0 1.0 0.065 0.082 0.167 2372.0 4162.0 5252.0 0.0
08:39:03.000 0001 -0.3444122076034546 51.4485969543457 16.925 11.0 164.9610137939453 0.0 0.0 0.0 0.0 0.0 0.0 0.0 0.0 0.0 0.0 0.0 0.0 0.0 0.0 0.0 0.0 0.0 0.0 0.0 0.0 0.0 7.0 0.0 0.0 0.0 0.0 2647.25 10.5 Operational 0.0 0.0 0.0 0.0 4.0 0.0 0.0 0.0 1.0 0.065 0.082 0.167 2372.0 4162.0 5252.0 0.0
08:39:03.100 0001 -0.3444122076034546 51.4485969543457 16.925 11.0 164.9610137939453 0.0 0.0 0.0 0.0 0.0 0.0 0.0 0.0 0.0 0.0 0.0 0.0 0.0 0.0 0.0 0.0 0.0 0.0 0.0 0.0 0.0 7.0 0.0 0.0 0.0 0.0 2647.25 10.5 Operational 0.0 0.0 0.0 0.0 4.0 0.0 0.0 0.0 1.0 0.065 0.082 0.167 2372.0 4162.0 5252.0 0.0
08:39:03.200 0001 -0.3444122076034546 51.4485969543457 16.925 11.0 164.9610137939453 0.0 0.0 0.0 0.0 0.0 0.0 0.0 0.0 0.0 0.0 0.0 0.0 0.0 0.0 0.0 0.0 0.0 0.0 0.0 0.0 0.0 7.0 0.0 0.0 0.0 0.0 2647.25 10.5 Operational 0.0 0.0 0.0 0.0 5.0 0.0 0.0 0.0 1.0 0.047 0.096 0.267 2372.0 4162.0 5252.0 0.0
08:39:03.300 0001 -0.3444122076034546 51.4485969543457 16.925 11.0 164.9610137939453 0.0 0.0 0.0 0.0 0.0 0.0 0.0 0.0 0.0 0.0 0.0 0.0 0.0 0.0 0.0 0.0 0.0 0.0 0.0 0.0 0.0 7.0 0.0 0.0 0.0 0.0 2647.25 10.5 Operational 0.0 0.0 0.0 0.0 5.0 0.0 0.0 0.0 1.0 0.047 0.096 0.267 2234.0 4162.0 5718.0 0.0
08:39:03.400 0001 -0.3444122076034546 51.4485969543457 16.925 11.0 164.9610137939453 0.0 0.0 0.0 0.0 0.0 0.0 0.0 0.0 0.0 0.0 0.0 0.0 0.0 0.0 0.0 0.0 0.0 0.0 0.0 0.0 0.0 7.0 0.0 0.0 0.0 0.0 2647.25 10.5 Operational 0.0 0.0 0.0 0.0 5.0 0.0 0.0 0.0 1.0 0.047 0.096 0.267 2234.0 4162.0 5718.0 0.0
08:39:03.500 0001 -0.3444122076034546 51.4485969543457 16.925 11.0 164.9610137939453 0.0 0.0 0.0 0.0 0.0 0.0 0.0 0.0 0.0 0.0 0.0 0.0 0.0 0.0 0.0 0.0 0.0 0.0 0.0 0.0 0.0 7.0 0.0 0.0 0.0 0.0 2647.25 10.5 Operational 0.0 0.0 0.0 0.0 5.0 0.0 0.0 0.0 1.0 0.047 0.096 0.267 2234.0 4162.0 5718.0 0.0
08:39:03.600 0001 -0.3444122076034546 51.4485969543457 16.925 11.0 164.9610137939453 0.0 0.0 0.0 0.0 0.0 0.0 0.0 0.0 0.0 0.0 0.0 0.0 0.0 0.0 0.0 0.0 0.0 0.0 0.0 0.0 0.0 7.0 0.0 0.0 0.0 0.0 2647.25 10.5 Operational 0.0 0.0 0.0 0.0 5.0 0.0 0.0 0.0 1.0 0.047 0.096 0.267 2234.0 4162.0 5718.0 0.0
08:39:03.700 0001 -0.3444122076034546 51.4485969543457 16.925 11.0 164.9610137939453 0.0 0.0 0.0 0.0 0.0 0.0 0.0 0.0 0.0 0.0 0.0 0.0 0.0 0.0 0.0 0.0 0.0 0.0 0.0 0.0 0.0 7.0 0.0 0.0 0.0 0.0 2647.25 10.5 Operational 0.0 0.0 0.0 0.0 5.0 0.0 0.0 0.0 1.0 0.047 0.096 0.267 2234.0 4162.0 5718.0 0.0
08:39:03.800 0001 -0.3444122076034546 51.4485969543457 16.925 11.0 164.9610137939453 0.0 0.0 0.0 0.0 0.0 0.0 0.0 0.0 0.0 0.0 0.0 0.0 0.0 0.0 0.0 0.0 0.0 0.0 0.0 0.0 0.0 7.0 0.0 0.0 0.0 0.0 2647.25 10.5 Operational 0.0 0.0 0.0 0.0 5.0 0.0 0.0 0.0 1.0 0.047 0.096 0.267 2234.0 4162.0 5718.0 0.0
08:39:03.900 0001 -0.3444018065929413 51.44860076904297 16.745 14.0 164.9610137939453 0.0 0.0 0.0 0.0 0.0 0.0 0.0 0.0 0.0 0.0 0.0 0.0 0.0 0.0 0.0 0.0 0.0 0.0 0.0 0.0 0.0 7.0 0.0 0.0 0.0 0.0 2647.25 10.5 Operational 0.0 0.0 0.0 0.0 5.0 0.0 0.0 0.0 1.0 0.047 0.096 0.267 2234.0 4162.0 5718.0 0.0
08:39:04.000 0001 -0.3444018065929413 51.44860076904297 16.745 14.0 164.9610137939453 0.0 0.0 0.0 0.0 0.0 0.0 0.0 0.0 0.0 0.0 0.0 0.0 0.0 0.0 0.0 0.0 0.0 0.0 0.0 0.0 0.0 7.0 0.0 0.0 0.0 0.0 2647.25 10.5 Operational 0.0 0.0 0.0 0.0 1.0 0.0 0.0 0.0 1.0 0.058 0.074 0.199 2211.0 4162.0 5891.0 0.0
08:39:04.100 0001 -0.3444018065929413 51.44860076904297 16.745 14.0 164.9610137939453 0.0 0.0 0.0 0.0 0.0 0.0 0.0 0.0 0.0 0.0 0.0 0.0 0.0 0.0 0.0 0.0 0.0 0.0 0.0 0.0 0.0 7.0 0.0 0.0 0.0 0.0 2647.25 10.5 Operational 0.0 0.0 0.0 0.0 1.0 0.0 0.0 0.0 1.0 0.058 0.074 0.199 2211.0 4162.0 5891.0 0.0
08:39:04.200 0001 -0.3444018065929413 51.44860076904297 16.745 14.0 164.9610137939453 0.0 0.0 0.0 0.0 0.0 0.0 0.0 0.0 0.0 0.0 0.0 0.0 0.0 0.0 0.0 0.0 0.0 0.0 0.0 0.0 0.0 7.0 0.0 0.0 0.0 0.0 2647.25 10.5 Operational 0.0 0.0 0.0 0.0 1.0 0.0 0.0 0.0 1.0 0.058 0.074 0.199 2211.0 4162.0 5891.0 0.0
08:39:04.300 0001 -0.3444018065929413 51.44860076904297 16.745 14.0 164.9610137939453 0.0 0.0 0.0 0.0 0.0 0.0 0.0 0.0 0.0 0.0 0.0 0.0 0.0 0.0 0.0 0.0 0.0 0.0 0.0 0.0 0.0 7.0 0.0 0.0 0.0 0.0 2647.25 10.5 Operational 0.0 0.0 0.0 0.0 1.0 0.0 0.0 0.0 1.0 0.058 0.074 0.199 2211.0 4162.0 5891.0 0.0
08:39:04.400 0001 -0.3444018065929413 51.44860076904297 16.745 14.0 164.9610137939453 0.0 0.0 0.0 0.0 0.0 0.0 0.0 0.0 0.0 0.0 0.0 0.0 0.0 0.0 0.0 0.0 0.0 0.0 0.0 0.0 0.0 7.0 0.0 0.0 0.0 0.0 2647.25 10.5 Operational 0.0 0.0 0.0 0.0 1.0 0.0 0.0 0.0 1.0 0.058 0.074 0.199 2211.0 4162.0 5891.0 0.0
08:39:04.500 0001 -0.3444018065929413 51.44860076904297 16.745 14.0 164.9610137939453 0.0 0.0 0.0 0.0 0.0 0.0 0.0 0.0 0.0 0.0 0.0 0.0 0.0 0.0 0.0 0.0 0.0 0.0 0.0 0.0 0.0 7.0 0.0 0.0 0.0 0.0 2647.25 10.5 Operational 0.0 0.0 0.0 0.0 1.0 0.0 0.0 0.0 1.0 0.058 0.074 0.199 2211.0 4162.0 5891.0 0.0
08:39:04.600 0001 -0.3444018065929413 51.44860076904297 16.745 14.0 164.9610137939453 0.0 0.0 0.0 0.0 0.0 0.0 0.0 0.0 0.0 0.0 0.0 0.0 0.0 0.0 0.0 0.0 0.0 0.0 0.0 0.0 0.0 7.0 0.0 0.0 0.0 0.0 2647.25 10.5 Operational 0.0 0.0 0.0 0.0 1.0 0.0 0.0 0.0 1.0 0.058 0.074 0.199 2211.0 4162.0 5891.0 0.0
08:39:04.700 0001 -0.3444018065929413 51.44860076904297 16.745 14.0 164.9610137939453 0.0 0.0 0.0 0.0 0.0 0.0 0.0 0.0 0.0 0.0 0.0 0.0 0.0 0.0 0.0 0.0 0.0 0.0 0.0 0.0 0.0 7.0 0.0 0.0 0.0 0.0 2647.25 10.5 Operational 0.0 0.0 0.0 0.0 1.0 0.0 0.0 0.0 1.0 0.058 0.074 0.199 2211.0 4162.0 5891.0 0.0
08:39:04.800 0001 -0.3444018065929413 51.44860076904297 16.745 14.0 164.9610137939453 0.0 0.0 0.0 0.0 0.0 0.0 0.0 0.0 0.0 0.0 0.0 0.0 0.0 0.0 0.0 0.0 0.0 0.0 0.0 0.0 0.0 7.0 0.0 0.0 0.0 0.0 2647.25 10.5 Operational 0.0 0.0 0.0 0.0 2.0 0.0 0.0 0.0 1.0 0.032 0.065 0.085 2548.0 4162.0 5414.0 0.0
08:39:04.900 0001 -0.3443981111049652 51.4485969543457 16.725 13.0 164.9610137939453 0.0 0.0 0.0 0.0 0.0 0.0 0.0 0.0 0.0 0.0 0.0 0.0 0.0 0.0 0.0 0.0 0.0 0.0 0.0 0.0 0.0 7.0 0.0 0.0 0.0 0.0 2647.25 10.5 Operational 0.0 0.0 0.0 0.0 2.0 0.0 0.0 0.0 1.0 0.032 0.065 0.085 2548.0 4162.0 5414.0 0.0
08:39:05.000 0001 -0.3443981111049652 51.4485969543457 16.725 13.0 164.9610137939453 0.0 0.0 0.0 0.0 0.0 0.0 0.0 0.0 0.0 0.0 0.0 0.0 0.0 0.0 0.0 0.0 0.0 0.0 0.0 0.0 0.0 7.0 0.0 0.0 0.0 0.0 2647.25 10.5 Operational 0.0 0.0 0.0 0.0 2.0 0.0 0.0 0.0 1.0 0.032 0.065 0.085 2548.0 4162.0 5414.0 0.0
08:39:05.100 0001 -0.3443981111049652 51.4485969543457 16.725 13.0 164.9610137939453 0.0 0.0 0.0 0.0 0.0 0.0 0.0 0.0 0.0 0.0 0.0 0.0 0.0 0.0 0.0 0.0 0.0 0.0 0.0 0.0 0.0 7.0 0.0 0.0 0.0 0.0 2647.25 10.5 Operational 0.0 0.0 0.0 0.0 2.0 0.0 0.0 0.0 1.0 0.032 0.065 0.085 2548.0 4162.0 5414.0 0.0
08:39:05.200 0001 -0.3443981111049652 51.4485969543457 16.725 13.0 164.9610137939453 0.0 0.0 0.0 0.0 0.0 0.0 0.0 0.0 0.0 0.0 0.0 0.0 0.0 0.0 0.0 0.0 0.0 0.0 0.0 0.0 0.0 7.0 0.0 0.0 0.0 0.0 2647.25 10.5 Operational 0.0 0.0 0.0 0.0 2.0 0.0 0.0 0.0 1.0 0.032 0.065 0.085 2548.0 4162.0 5414.0 0.0
08:39:05.300 0001 -0.3443981111049652 51.4485969543457 16.725 13.0 164.9610137939453 0.0 0.0 0.0 0.0 0.0 0.0 0.0 0.0 0.0 0.0 0.0 0.0 0.0 0.0 0.0 0.0 0.0 0.0 0.0 0.0 0.0 7.0 0.0 0.0 0.0 0.0 2647.25 10.5 Operational 0.0 0.0 0.0 0.0 2.0 0.0 0.0 0.0 1.0 0.032 0.065 0.085 2548.0 4162.0 5414.0 0.0
08:39:05.400 0001 -0.3443981111049652 51.4485969543457 16.725 13.0 164.9610137939453 0.0 0.0 0.0 0.0 0.0 0.0 0.0 0.0 0.0 0.0 0.0 0.0 0.0 0.0 0.0 0.0 0.0 0.0 0.0 0.0 0.0 7.0 0.0 0.0 0.0 0.0 2647.25 10.5 Operational 0.0 0.0 0.0 0.0 2.0 0.0 0.0 0.0 1.0 0.032 0.065 0.085 2548.0 4162.0 5414.0 0.0
08:39:05.500 0001 -0.3443981111049652 51.4485969543457 16.725 13.0 164.9610137939453 0.0 0.0 0.0 0.0 0.0 0.0 0.0 0.0 0.0 0.0 0.0 0.0 0.0 0.0 0.0 0.0 0.0 0.0 0.0 0.0 0.0 7.0 0.0 0.0 0.0 0.0 2647.25 10.5 Operational 0.0 0.0 0.0 0.0 2.0 0.0 0.0 0.0 1.0 0.032 0.065 0.085 2548.0 4162.0 5414.0 0.0
08:39:05.600 0001 -0.3443981111049652 51.4485969543457 16.725 13.0 164.9610137939453 0.0 0.0 0.0 0.0 0.0 0.0 0.0 0.0 0.0 0.0 0.0 0.0 0.0 0.0 0.0 0.0 0.0 0.0 0.0 0.0 0.0 7.0 0.0 0.0 0.0 0.0 2647.25 10.5 Operational 0.0 0.0 0.0 0.0 3.0 0.0 0.0 0.0 1.0 0.037 0.07 0.175 2410.0 4162.0 5233.0 0.0
08:39:05.700 0001 -0.3443981111049652 51.4485969543457 16.725 13.0 164.9610137939453 0.0 0.0 0.0 0.0 0.0 0.0 0.0 0.0 0.0 0.0 0.0 0.0 0.0 0.0 0.0 0.0 0.0 0.0 0.0 0.0 0.0 7.0 0.0 0.0 0.0 0.0 2647.25 10.5 Operational 0.0 0.0 0.0 0.0 3.0 0.0 0.0 0.0 1.0 0.037 0.07 0.175 2410.0 4162.0 5233.0 0.0
08:39:05.800 0001 -0.3443981111049652 51.4485969543457 16.725 13.0 164.9610137939453 0.0 0.0 0.0 0.0 0.0 0.0 0.0 0.0 0.0 0.0 0.0 0.0 0.0 0.0 0.0 0.0 0.0 0.0 0.0 0.0 0.0 7.0 0.0 0.0 0.0 0.0 2647.25 10.5 Operational 0.0 0.0 0.0 0.0 3.0 0.0 0.0 0.0 1.0 0.037 0.07 0.175 2410.0 4162.0 5233.0 0.0
08:39:05.900 0001 -0.344409704208374 51.4485969543457 17.201 13.0 164.9610137939453 0.0 0.0 0.0 0.0 0.0 0.0 0.0 0.0 0.0 0.0 0.0 0.0 0.0 0.0 0.0 0.0 0.0 0.0 0.0 0.0 0.0 7.0 0.0 0.0 0.0 0.0 2647.25 10.5 Operational 0.0 0.0 0.0 0.0 3.0 0.0 0.0 0.0 1.0 0.037 0.07 0.175 2410.0 4162.0 5233.0 0.0
08:39:06.000 0001 -0.344409704208374 51.4485969543457 17.201 13.0 164.9610137939453 0.0 0.0 0.0 0.0 0.0 0.0 0.0 0.0 0.0 0.0 0.0 0.0 0.0 0.0 0.0 0.0 0.0 0.0 0.0 0.0 0.0 7.0 0.0 0.0 0.0 0.0 2647.25 10.5 Operational 0.0 0.0 0.0 0.0 3.0 0.0 0.0 0.0 1.0 0.037 0.07 0.175 2410.0 4162.0 5233.0 0.0
08:39:06.100 0001 -0.344409704208374 51.4485969543457 17.201 13.0 164.9610137939453 0.0 0.0 0.0 0.0 0.0 0.0 0.0 0.0 0.0 0.0 0.0 0.0 0.0 0.0 0.0 0.0 0.0 0.0 0.0 0.0 0.0 7.0 0.0 0.0 0.0 0.0 2647.25 10.5 Operational 0.0 0.0 0.0 0.0 3.0 0.0 0.0 0.0 1.0 0.037 0.07 0.175 2410.0 4162.0 5233.0 0.0
08:39:06.200 0001 -0.344409704208374 51.4485969543457 17.201 13.0 164.9610137939453 0.0 0.0 0.0 0.0 0.0 0.0 0.0 0.0 0.0 0.0 0.0 0.0 0.0 0.0 0.0 0.0 0.0 0.0 0.0 0.0 0.0 7.0 0.0 0.0 0.0 0.0 2647.25 10.5 Operational 0.0 0.0 0.0 0.0 3.0 0.0 0.0 0.0 1.0 0.037 0.07 0.175 2410.0 4162.0 5233.0 0.0
08:39:06.300 0001 -0.344409704208374 51.4485969543457 17.201 13.0 164.9610137939453 0.0 0.0 0.0 0.0 0.0 0.0 0.0 0.0 0.0 0.0 0.0 0.0 0.0 0.0 0.0 0.0 0.0 0.0 0.0 0.0 0.0 7.0 0.0 0.0 0.0 0.0 2647.25 10.5 Operational 0.0 0.0 0.0 0.0 3.0 0.0 0.0 0.0 1.0 0.037 0.07 0.175 2410.0 4162.0 5233.0 0.0
08:39:06.400 0001 -0.344409704208374 51.4485969543457 17.201 13.0 164.9610137939453 0.0 0.0 0.0 0.0 0.0 0.0 0.0 0.0 0.0 0.0 0.0 0.0 0.0 0.0 0.0 0.0 0.0 0.0 0.0 0.0 0.0 7.0 0.0 0.0 0.0 0.0 2647.25 10.5 Operational 0.0 0.0 0.0 0.0 4.0 0.0 0.0 0.0 1.0 0.07 0.086 0.192 2380.0 4162.0 5250.0 0.0
08:39:06.500 0001 -0.344409704208374 51.4485969543457 17.201 13.0 164.9610137939453 0.0 0.0 0.0 0.0 0.0 0.0 0.0 0.0 0.0 0.0 0.0 0.0 0.0 0.0 0.0 0.0 0.0 0.0 0.0 0.0 0.0 7.0 0.0 0.0 0.0 0.0 2647.25 10.5 Operational 0.0 0.0 0.0 0.0 4.0 0.0 0.0 0.0 1.0 0.07 0.086 0.192 2380.0 4162.0 5250.0 0.0
08:39:06.600 0001 -0.344409704208374 51.4485969543457 17.201 13.0 164.9610137939453 0.0 0.0 0.0 0.0 0.0 0.0 0.0 0.0 0.0 0.0 0.0 0.0 0.0 0.0 0.0 0.0 0.0 0.0 0.0 0.0 0.0 7.0 0.0 0.0 0.0 0.0 2647.25 10.5 Operational 0.0 0.0 0.0 0.0 4.0 0.0 0.0 0.0 1.0 0.07 0.086 0.192 2380.0 4162.0 5250.0 0.0
08:39:06.700 0001 -0.344409704208374 51.4485969543457 17.201 13.0 164.9610137939453 0.0 0.0 0.0 0.0 0.0 0.0 0.0 0.0 0.0 0.0 0.0 0.0 0.0 0.0 0.0 0.0 0.0 0.0 0.0 0.0 0.0 7.0 0.0 0.0 0.0 0.0 2647.25 10.5 Operational 0.0 0.0 0.0 0.0 4.0 0.0 0.0 0.0 1.0 0.07 0.086 0.192 2380.0 4162.0 5250.0 0.0
08:39:06.800 0001 -0.344409704208374 51.4485969543457 17.201 13.0 164.9610137939453 0.0 0.0 0.0 0.0 0.0 0.0 0.0 0.0 0.0 0.0 0.0 0.0 0.0 0.0 0.0 0.0 0.0 0.0 0.0 0.0 0.0 7.0 0.0 0.0 0.0 0.0 2647.25 10.5 Operational 0.0 0.0 0.0 0.0 4.0 0.0 0.0 0.0 1.0 0.07 0.086 0.192 2380.0 4162.0 5250.0 0.0
08:39:06.900 0001 -0.3444145917892456 51.448604583740234 17.295 14.0 164.9610137939453 0.0 0.0 0.0 0.0 0.0 0.0 0.0 0.0 0.0 0.0 0.0 0.0 0.0 0.0 0.0 0.0 0.0 0.0 0.0 0.0 0.0 7.0 0.0 0.0 0.0 0.0 2647.25 10.5 Operational 0.0 0.0 0.0 0.0 4.0 0.0 0.0 0.0 1.0 0.07 0.086 0.192 2380.0 4162.0 5250.0 0.0
08:39:07.000 0001 -0.3444145917892456 51.448604583740234 17.295 14.0 164.9610137939453 0.0 0.0 0.0 0.0 0.0 0.0 0.0 0.0 0.0 0.0 0.0 0.0 0.0 0.0 0.0 0.0 0.0 0.0 0.0 0.0 0.0 7.0 0.0 0.0 0.0 0.0 2647.25 10.5 Operational 0.0 0.0 0.0 0.0 4.0 0.0 0.0 0.0 1.0 0.07 0.086 0.192 2380.0 4162.0 5250.0 0.0
08:39:07.100 0001 -0.3444145917892456 51.448604583740234 17.295 14.0 164.9610137939453 0.0 0.0 0.0 0.0 0.0 0.0 0.0 0.0 0.0 0.0 0.0 0.0 0.0 0.0 0.0 0.0 0.0 0.0 0.0 0.0 0.0 7.0 0.0 0.0 0.0 0.0 2647.25 10.5 Operational 0.0 0.0 0.0 0.0 5.0 0.0 0.0 0.0 1.0 0.043 0.06 0.06 2243.0 4162.0 5721.0 0.0
08:39:07.200 0001 -0.3444145917892456 51.448604583740234 17.295 14.0 164.9610137939453 0.0 0.0 0.0 0.0 0.0 0.0 0.0 0.0 0.0 0.0 0.0 0.0 0.0 0.0 0.0 0.0 0.0 0.0 0.0 0.0 0.0 7.0 0.0 0.0 0.0 0.0 2647.25 10.5 Operational 0.0 0.0 0.0 0.0 5.0 0.0 0.0 0.0 1.0 0.043 0.06 0.06 2243.0 4162.0 5721.0 0.0
08:39:07.300 0001 -0.3444145917892456 51.448604583740234 17.295 14.0 164.9610137939453 0.0 0.0 0.0 0.0 0.0 0.0 0.0 0.0 0.0 0.0 0.0 0.0 0.0 0.0 0.0 0.0 0.0 0.0 0.0 0.0 0.0 7.0 0.0 0.0 0.0 0.0 2647.25 10.5 Operational 0.0 0.0 0.0 0.0 5.0 0.0 0.0 0.0 1.0 0.043 0.06 0.06 2243.0 4162.0 5721.0 0.0
08:39:07.400 0001 -0.3444145917892456 51.448604583740234 17.295 14.0 164.9610137939453 0.0 0.0 0.0 0.0 0.0 0.0 0.0 0.0 0.0 0.0 0.0 0.0 0.0 0.0 0.0 0.0 0.0 0.0 0.0 0.0 0.0 7.0 0.0 0.0 0.0 0.0 2647.25 10.5 Operational 0.0 0.0 0.0 0.0 5.0 0.0 0.0 0.0 1.0 0.043 0.06 0.06 2243.0 4162.0 5721.0 0.0
08:39:07.500 0001 -0.3444145917892456 51.448604583740234 17.295 14.0 164.9610137939453 0.0 0.0 0.0 0.0 0.0 0.0 0.0 0.0 0.0 0.0 0.0 0.0 0.0 0.0 0.0 0.0 0.0 0.0 0.0 0.0 0.0 7.0 0.0 0.0 0.0 0.0 2647.25 10.5 Operational 0.0 0.0 0.0 0.0 5.0 0.0 0.0 0.0 1.0 0.043 0.06 0.06 2243.0 4162.0 5721.0 0.0
08:39:07.600 0001 -0.3444145917892456 51.448604583740234 17.295 14.0 164.9610137939453 0.0 0.0 0.0 0.0 0.0 0.0 0.0 0.0 0.0 0.0 0.0 0.0 0.0 0.0 0.0 0.0 0.0 0.0 0.0 0.0 0.0 7.0 0.0 0.0 0.0 0.0 2647.25 10.5 Operational 0.0 0.0 0.0 0.0 5.0 0.0 0.0 0.0 1.0 0.043 0.06 0.06 2243.0 4162.0 5721.0 0.0
08:39:07.700 0001 -0.3444145917892456 51.448604583740234 17.295 14.0 164.9610137939453 0.0 0.0 0.0 0.0 0.0 0.0 0.0 0.0 0.0 0.0 0.0 0.0 0.0 0.0 0.0 0.0 0.0 0.0 0.0 0.0 0.0 7.0 0.0 0.0 0.0 0.0 2647.25 10.5 Operational 0.0 0.0 0.0 0.0 5.0 0.0 0.0 0.0 1.0 0.043 0.06 0.06 2243.0 4162.0 5721.0 0.0
08:39:07.800 0001 -0.3444145917892456 51.448604583740234 17.295 14.0 164.9610137939453 0.0 0.0 0.0 0.0 0.0 0.0 0.0 0.0 0.0 0.0 0.0 0.0 0.0 0.0 0.0 0.0 0.0 0.0 0.0 0.0 0.0 7.0 0.0 0.0 0.0 0.0 2647.25 10.5 Operational 0.0 0.0 0.0 0.0 5.0 0.0 0.0 0.0 1.0 0.043 0.06 0.06 2243.0 4162.0 5721.0 0.0
08:39:07.900 0001 -0.34441739320755 51.44860076904297 17.289 14.0 164.9610137939453 0.0 0.0 0.0 0.0 0.0 0.0 0.0 0.0 0.0 0.0 0.0 0.0 0.0 0.0 0.0 0.0 0.0 0.0 0.0 0.0 0.0 7.0 0.0 0.0 0.0 0.0 2647.25 10.5 Operational 0.0 0.0 0.0 0.0 5.0 0.0 0.0 0.0 1.0 0.043 0.06 0.06 2243.0 4162.0 5721.0 0.0
08:39:08.000 0001 -0.34441739320755 51.44860076904297 17.289 14.0 164.9610137939453 0.0 0.0 0.0 0.0 0.0 0.0 0.0 0.0 0.0 0.0 0.0 0.0 0.0 0.0 0.0 0.0 0.0 0.0 0.0 0.0 0.0 7.0 0.0 0.0 0.0 0.0 2647.25 10.5 Operational 0.0 0.0 0.0 0.0 1.0 0.0 0.0 0.0 1.0 0.058 0.091 0.13 2208.0 4162.0 5882.0 0.0
08:39:08.100 0001 -0.34441739320755 51.44860076904297 17.289 14.0 164.9610137939453 0.0 0.0 0.0 0.0 0.0 0.0 0.0 0.0 0.0 0.0 0.0 0.0 0.0 0.0 0.0 0.0 0.0 0.0 0.0 0.0 0.0 7.0 0.0 0.0 0.0 0.0 2647.25 10.5 Operational 0.0 0.0 0.0 0.0 1.0 0.0 0.0 0.0 1.0 0.058 0.091 0.13 2208.0 4162.0 5882.0 0.0
08:39:08.200 0001 -0.34441739320755 51.44860076904297 17.289 14.0 164.9610137939453 0.0 0.0 0.0 0.0 0.0 0.0 0.0 0.0 0.0 0.0 0.0 0.0 0.0 0.0 0.0 0.0 0.0 0.0 0.0 0.0 0.0 7.0 0.0 0.0 0.0 0.0 2647.25 10.5 Operational 0.0 0.0 0.0 0.0 1.0 0.0 0.0 0.0 1.0 0.058 0.091 0.13 2208.0 4162.0 5882.0 0.0
08:39:08.300 0001 -0.34441739320755 51.44860076904297 17.289 14.0 164.9610137939453 0.0 0.0 0.0 0.0 0.0 0.0 0.0 0.0 0.0 0.0 0.0 0.0 0.0 0.0 0.0 0.0 0.0 0.0 0.0 0.0 0.0 7.0 0.0 0.0 0.0 0.0 2647.25 10.5 Operational 0.0 0.0 0.0 0.0 1.0 0.0 0.0 0.0 1.0 0.058 0.091 0.13 2208.0 4162.0 5882.0 0.0
08:39:08.400 0001 -0.34441739320755 51.44860076904297 17.289 14.0 164.9610137939453 0.0 0.0 0.0 0.0 0.0 0.0 0.0 0.0 0.0 0.0 0.0 0.0 0.0 0.0 0.0 0.0 0.0 0.0 0.0 0.0 0.0 7.0 0.0 0.0 0.0 0.0 2647.25 10.5 Operational 0.0 0.0 0.0 0.0 1.0 0.0 0.0 0.0 1.0 0.058 0.091 0.13 2208.0 4162.0 5882.0 0.0
08:39:08.500 0001 -0.34441739320755 51.44860076904297 17.289 14.0 164.9610137939453 0.0 0.0 0.0 0.0 0.0 0.0 0.0 0.0 0.0 0.0 0.0 0.0 0.0 0.0 0.0 0.0 0.0 0.0 0.0 0.0 0.0 7.0 0.0 0.0 0.0 0.0 2647.25 10.5 Operational 0.0 0.0 0.0 0.0 1.0 0.0 0.0 0.0 1.0 0.058 0.091 0.13 2208.0 4162.0 5882.0 0.0
08:39:08.600 0001 -0.34441739320755 51.44860076904297 17.289 14.0 164.9610137939453 0.0 0.0 0.0 0.0 0.0 0.0 0.0 0.0 0.0 0.0 0.0 0.0 0.0 0.0 0.0 0.0 0.0 0.0 0.0 0.0 0.0 7.0 0.0 0.0 0.0 0.0 2647.25 10.5 Operational 0.0 0.0 0.0 0.0 1.0 0.0 0.0 0.0 1.0 0.058 0.091 0.13 2208.0 4162.0 5882.0 0.0
08:39:08.700 0001 -0.34441739320755 51.44860076904297 17.289 14.0 164.9610137939453 0.0 0.0 0.0 0.0 0.0 0.0 0.0 0.0 0.0 0.0 0.0 0.0 0.0 0.0 0.0 0.0 0.0 0.0 0.0 0.0 0.0 7.0 0.0 0.0 0.0 0.0 2647.25 10.5 Operational 0.0 0.0 0.0 0.0 1.0 0.0 0.0 0.0 1.0 0.058 0.091 0.13 2208.0 4162.0 5882.0 0.0
08:39:08.800 0001 -0.34441739320755 51.44860076904297 17.289 14.0 164.9610137939453 0.0 0.0 0.0 0.0 0.0 0.0 0.0 0.0 0.0 0.0 0.0 0.0 0.0 0.0 0.0 0.0 0.0 0.0 0.0 0.0 0.0 7.0 0.0 0.0 0.0 0.0 2647.25 10.5 Operational 0.0 0.0 0.0 0.0 2.0 0.0 0.0 0.0 1.0 0.03 0.08 0.099 2550.0 4162.0 5409.0 0.0
08:39:08.900 0001 -0.3444285988807678 51.4485969543457 17.669 14.0 164.9610137939453 0.0 0.0 0.0 0.0 0.0 0.0 0.0 0.0 0.0 0.0 0.0 0.0 0.0 0.0 0.0 0.0 0.0 0.0 0.0 0.0 0.0 7.0 0.0 0.0 0.0 0.0 2647.25 10.5 Operational 0.0 0.0 0.0 0.0 2.0 0.0 0.0 0.0 1.0 0.03 0.08 0.099 2550.0 4162.0 5409.0 0.0
08:39:09.000 0001 -0.3444285988807678 51.4485969543457 17.669 14.0 164.9610137939453 0.0 0.0 0.0 0.0 0.0 0.0 0.0 0.0 0.0 0.0 0.0 0.0 0.0 0.0 0.0 0.0 0.0 0.0 0.0 0.0 0.0 7.0 0.0 0.0 0.0 0.0 2647.25 10.5 Operational 0.0 0.0 0.0 0.0 2.0 0.0 0.0 0.0 1.0 0.03 0.08 0.099 2550.0 4162.0 5409.0 0.0
08:39:09.100 0001 -0.3444285988807678 51.4485969543457 17.669 14.0 164.9610137939453 0.0 0.0 0.0 0.0 0.0 0.0 0.0 0.0 0.0 0.0 0.0 0.0 0.0 0.0 0.0 0.0 0.0 0.0 0.0 0.0 0.0 7.0 0.0 0.0 0.0 0.0 2647.25 10.5 Operational 0.0 0.0 0.0 0.0 2.0 0.0 0.0 0.0 1.0 0.03 0.08 0.099 2550.0 4162.0 5409.0 0.0
08:39:09.200 0001 -0.3444285988807678 51.4485969543457 17.669 14.0 164.9610137939453 0.0 0.0 0.0 0.0 0.0 0.0 0.0 0.0 0.0 0.0 0.0 0.0 0.0 0.0 0.0 0.0 0.0 0.0 0.0 0.0 0.0 7.0 0.0 0.0 0.0 0.0 2647.25 10.5 Operational 0.0 0.0 0.0 0.0 2.0 0.0 0.0 0.0 1.0 0.03 0.08 0.099 2550.0 4162.0 5409.0 0.0
08:39:09.300 0001 -0.3444285988807678 51.4485969543457 17.669 14.0 164.9610137939453 0.0 0.0 0.0 0.0 0.0 0.0 0.0 0.0 0.0 0.0 0.0 0.0 0.0 0.0 0.0 0.0 0.0 0.0 0.0 0.0 0.0 7.0 0.0 0.0 0.0 0.0 2647.25 10.5 Operational 0.0 0.0 0.0 0.0 2.0 0.0 0.0 0.0 1.0 0.03 0.08 0.099 2550.0 4162.0 5409.0 0.0
08:39:09.400 0001 -0.3444285988807678 51.4485969543457 17.669 14.0 164.9610137939453 0.0 0.0 0.0 0.0 0.0 0.0 0.0 0.0 0.0 0.0 0.0 0.0 0.0 0.0 0.0 0.0 0.0 0.0 0.0 0.0 0.0 7.0 0.0 0.0 0.0 0.0 2647.25 10.5 Operational 0.0 0.0 0.0 0.0 2.0 0.0 0.0 0.0 1.0 0.03 0.08 0.099 2550.0 4162.0 5409.0 0.0
08:39:09.500 0001 -0.3444285988807678 51.4485969543457 17.669 14.0 164.9610137939453 0.0 0.0 0.0 0.0 0.0 0.0 0.0 0.0 0.0 0.0 0.0 0.0 0.0 0.0 0.0 0.0 0.0 0.0 0.0 0.0 0.0 7.0 0.0 0.0 0.0 0.0 2647.25 10.5 Operational 0.0 0.0 0.0 0.0 2.0 0.0 0.0 0.0 1.0 0.03 0.08 0.099 2550.0 4162.0 5409.0 0.0
08:39:09.600 0001 -0.3444285988807678 51.4485969543457 17.669 14.0 164.9610137939453 0.0 0.0 0.0 0.0 0.0 0.0 0.0 0.0 0.0 0.0 0.0 0.0 0.0 0.0 0.0 0.0 0.0 0.0 0.0 0.0 0.0 7.0 0.0 0.0 0.0 0.0 2647.25 10.5 Operational 0.0 0.0 0.0 0.0 3.0 0.0 0.0 0.0 1.0 0.039 0.055 0.18 2409.0 4162.0 5232.0 0.0
08:39:09.700 0001 -0.3444285988807678 51.4485969543457 17.669 14.0 164.9610137939453 0.0 0.0 0.0 0.0 0.0 0.0 0.0 0.0 0.0 0.0 0.0 0.0 0.0 0.0 0.0 0.0 0.0 0.0 0.0 0.0 0.0 7.0 0.0 0.0 0.0 0.0 2647.25 10.5 Operational 0.0 0.0 0.0 0.0 3.0 0.0 0.0 0.0 1.0 0.039 0.055 0.18 2409.0 4162.0 5232.0 0.0
08:39:09.800 0001 -0.3444285988807678 51.4485969543457 17.669 14.0 164.9610137939453 0.0 0.0 0.0 0.0 0.0 0.0 0.0 0.0 0.0 0.0 0.0 0.0 0.0 0.0 0.0 0.0 0.0 0.0 0.0 0.0 0.0 7.0 0.0 0.0 0.0 0.0 2647.25 10.5 Operational 0.0 0.0 0.0 0.0 3.0 0.0 0.0 0.0 1.0 0.039 0.055 0.18 2409.0 4162.0 5232.0 0.0
08:39:09.900 0001 -0.3444341123104095 51.44860076904297 17.638 14.0 164.9610137939453 0.0 0.0 0.0 0.0 0.0 0.0 0.0 0.0 0.0 0.0 0.0 0.0 0.0 0.0 0.0 0.0 0.0 0.0 0.0 0.0 0.0 7.0 0.0 0.0 0.0 0.0 2647.25 10.5 Operational 0.0 0.0 0.0 0.0 3.0 0.0 0.0 0.0 1.0 0.039 0.055 0.18 2409.0 4162.0 5232.0 0.0
08:39:10.000 0001 -0.3444341123104095 51.44860076904297 17.638 14.0 164.9610137939453 0.0 0.0 0.0 0.0 0.0 0.0 0.0 0.0 0.0 0.0 0.0 0.0 0.0 0.0 0.0 0.0 0.0 0.0 0.0 0.0 0.0 7.0 0.0 0.0 0.0 0.0 2647.25 10.5 Operational 0.0 0.0 0.0 0.0 3.0 0.0 0.0 0.0 1.0 0.039 0.055 0.18 2409.0 4162.0 5232.0 0.0
08:39:10.100 0001 -0.3444341123104095 51.44860076904297 17.638 14.0 164.9610137939453 0.0 0.0 0.0 0.0 0.0 0.0 0.0 0.0 0.0 0.0 0.0 0.0 0.0 0.0 0.0 0.0 0.0 0.0 0.0 0.0 0.0 7.0 0.0 0.0 0.0 0.0 2647.25 10.5 Operational 0.0 0.0 0.0 0.0 3.0 0.0 0.0 0.0 1.0 0.039 0.055 0.18 2409.0 4162.0 5232.0 0.0
08:39:10.200 0001 -0.3444341123104095 51.44860076904297 17.638 14.0 164.9610137939453 0.0 0.0 0.0 0.0 0.0 0.0 0.0 0.0 0.0 0.0 0.0 0.0 0.0 0.0 0.0 0.0 0.0 0.0 0.0 0.0 0.0 7.0 0.0 0.0 0.0 0.0 2647.25 10.5 Operational 0.0 0.0 0.0 0.0 3.0 0.0 0.0 0.0 1.0 0.039 0.055 0.18 2409.0 4162.0 5232.0 0.0
08:39:10.300 0001 -0.3444341123104095 51.44860076904297 17.638 14.0 164.9610137939453 0.0 0.0 0.0 0.0 0.0 0.0 0.0 0.0 0.0 0.0 0.0 0.0 0.0 0.0 0.0 0.0 0.0 0.0 0.0 0.0 0.0 7.0 0.0 0.0 0.0 0.0 2647.25 10.5 Operational 0.0 0.0 0.0 0.0 3.0 0.0 0.0 0.0 1.0 0.039 0.055 0.18 2409.0 4162.0 5232.0 0.0
08:39:10.400 0001 -0.3444341123104095 51.44860076904297 17.638 14.0 164.9610137939453 0.0 0.0 0.0 0.0 0.0 0.0 0.0 0.0 0.0 0.0 0.0 0.0 0.0 0.0 0.0 0.0 0.0 0.0 0.0 0.0 0.0 7.0 0.0 0.0 0.0 0.0 2647.25 10.5 Operational 0.0 0.0 0.0 0.0 4.0 0.0 0.0 0.0 1.0 0.069 0.119 0.329 2376.0 4162.0 5247.0 0.0
08:39:10.500 0001 -0.3444341123104095 51.44860076904297 17.638 14.0 164.9610137939453 0.0 0.0 0.0 0.0 0.0 0.0 0.0 0.0 0.0 0.0 0.0 0.0 0.0 0.0 0.0 0.0 0.0 0.0 0.0 0.0 0.0 7.0 0.0 0.0 0.0 0.0 2647.25 10.5 Operational 0.0 0.0 0.0 0.0 4.0 0.0 0.0 0.0 1.0 0.069 0.119 0.329 2376.0 4162.0 5247.0 0.0
08:39:10.600 0001 -0.3444341123104095 51.44860076904297 17.638 14.0 164.9610137939453 0.0 0.0 0.0 0.0 0.0 0.0 0.0 0.0 0.0 0.0 0.0 0.0 0.0 0.0 0.0 0.0 0.0 0.0 0.0 0.0 0.0 7.0 0.0 0.0 0.0 0.0 2647.25 10.5 Operational 0.0 0.0 0.0 0.0 4.0 0.0 0.0 0.0 1.0 0.069 0.119 0.329 2376.0 4162.0 5247.0 0.0
08:39:10.700 0001 -0.3444341123104095 51.44860076904297 17.638 14.0 164.9610137939453 0.0 0.0 0.0 0.0 0.0 0.0 0.0 0.0 0.0 0.0 0.0 0.0 0.0 0.0 0.0 0.0 0.0 0.0 0.0 0.0 0.0 7.0 0.0 0.0 0.0 0.0 2647.25 10.5 Operational 0.0 0.0 0.0 0.0 4.0 0.0 0.0 0.0 1.0 0.069 0.119 0.329 2376.0 4162.0 5247.0 0.0
08:39:10.800 0001 -0.3444341123104095 51.44860076904297 17.638 14.0 164.9610137939453 0.0 0.0 0.0 0.0 0.0 0.0 0.0 0.0 0.0 0.0 0.0 0.0 0.0 0.0 0.0 0.0 0.0 0.0 0.0 0.0 0.0 7.0 0.0 0.0 0.0 0.0 2647.25 10.5 Operational 0.0 0.0 0.0 0.0 4.0 0.0 0.0 0.0 1.0 0.069 0.119 0.329 2376.0 4162.0 5247.0 0.0
08:39:10.900 0001 -0.3444407880306244 51.448604583740234 17.887 14.0 164.9610137939453 0.0 0.0 0.0 0.0 0.0 0.0 0.0 0.0 0.0 0.0 0.0 0.0 0.0 0.0 0.0 0.0 0.0 0.0 0.0 0.0 0.0 7.0 0.0 0.0 0.0 0.0 2647.25 10.5 Operational 0.0 0.0 0.0 0.0 4.0 0.0 0.0 0.0 1.0 0.069 0.119 0.329 2376.0 4162.0 5247.0 0.0
08:39:11.000 0001 -0.3444407880306244 51.448604583740234 17.887 14.0 164.9610137939453 0.0 0.0 0.0 0.0 0.0 0.0 0.0 0.0 0.0 0.0 0.0 0.0 0.0 0.0 0.0 0.0 0.0 0.0 0.0 0.0 0.0 7.0 0.0 0.0 0.0 0.0 2647.25 10.5 Operational 0.0 0.0 0.0 0.0 4.0 0.0 0.0 0.0 1.0 0.069 0.119 0.329 2376.0 4162.0 5247.0 0.0
08:39:11.100 0001 -0.3444407880306244 51.448604583740234 17.887 14.0 164.9610137939453 0.0 0.0 0.0 0.0 0.0 0.0 0.0 0.0 0.0 0.0 0.0 0.0 0.0 0.0 0.0 0.0 0.0 0.0 0.0 0.0 0.0 7.0 0.0 0.0 0.0 0.0 2647.25 10.5 Operational 0.0 0.0 0.0 0.0 4.0 0.0 0.0 0.0 1.0 0.069 0.119 0.329 2376.0 4162.0 5247.0 0.0
08:39:11.200 0001 -0.3444407880306244 51.448604583740234 17.887 14.0 164.9610137939453 0.0 0.0 0.0 0.0 0.0 0.0 0.0 0.0 0.0 0.0 0.0 0.0 0.0 0.0 0.0 0.0 0.0 0.0 0.0 0.0 0.0 7.0 0.0 0.0 0.0 0.0 2647.25 10.5 Operational 0.0 0.0 0.0 0.0 4.0 0.0 0.0 0.0 1.0 0.069 0.119 0.329 2376.0 4162.0 5247.0 0.0
08:39:11.300 0001 -0.3444407880306244 51.448604583740234 17.887 14.0 164.9610137939453 0.0 0.0 0.0 0.0 0.0 0.0 0.0 0.0 0.0 0.0 0.0 0.0 0.0 0.0 0.0 0.0 0.0 0.0 0.0 0.0 0.0 7.0 0.0 0.0 0.0 0.0 2647.25 10.5 Operational 0.0 0.0 0.0 0.0 4.0 0.0 0.0 0.0 1.0 0.069 0.119 0.329 2376.0 4162.0 5247.0 0.0
08:39:11.400 0001 -0.3444407880306244 51.448604583740234 17.887 14.0 164.9610137939453 0.0 0.0 0.0 0.0 0.0 0.0 0.0 0.0 0.0 0.0 0.0 0.0 0.0 0.0 0.0 0.0 0.0 0.0 0.0 0.0 0.0 7.0 0.0 0.0 0.0 0.0 2647.25 10.5 Operational 0.0 0.0 0.0 0.0 4.0 0.0 0.0 0.0 1.0 0.069 0.119 0.329 2376.0 4162.0 5247.0 0.0
08:39:11.500 0001 -0.3444407880306244 51.448604583740234 17.887 14.0 164.9610137939453 0.0 0.0 0.0 0.0 0.0 0.0 0.0 0.0 0.0 0.0 0.0 0.0 0.0 0.0 0.0 0.0 0.0 0.0 0.0 0.0 0.0 7.0 0.0 0.0 0.0 0.0 2647.25 10.5 Operational 0.0 0.0 0.0 0.0 5.0 0.0 0.0 0.0 1.0 0.052 0.052 0.072 2245.0 4162.0 5722.0 0.0
08:39:11.600 0001 -0.3444407880306244 51.448604583740234 17.887 14.0 164.9610137939453 0.0 0.0 0.0 0.0 0.0 0.0 0.0 0.0 0.0 0.0 0.0 0.0 0.0 0.0 0.0 0.0 0.0 0.0 0.0 0.0 0.0 7.0 0.0 0.0 0.0 0.0 2647.25 10.5 Operational 0.0 0.0 0.0 0.0 5.0 0.0 0.0 0.0 1.0 0.052 0.052 0.072 2245.0 4162.0 5722.0 0.0
08:39:11.700 0001 -0.3444407880306244 51.448604583740234 17.887 14.0 164.9610137939453 0.0 0.0 0.0 0.0 0.0 0.0 0.0 0.0 0.0 0.0 0.0 0.0 0.0 0.0 0.0 0.0 0.0 0.0 0.0 0.0 0.0 7.0 0.0 0.0 0.0 0.0 2647.25 10.5 Operational 0.0 0.0 0.0 0.0 5.0 0.0 0.0 0.0 1.0 0.052 0.052 0.072 2245.0 4162.0 5722.0 0.0
08:39:11.800 0001 -0.3444407880306244 51.448604583740234 17.887 14.0 164.9610137939453 0.0 0.0 0.0 0.0 0.0 0.0 0.0 0.0 0.0 0.0 0.0 0.0 0.0 0.0 0.0 0.0 0.0 0.0 0.0 0.0 0.0 7.0 0.0 0.0 0.0 0.0 2647.25 10.5 Operational 0.0 0.0 0.0 0.0 5.0 0.0 0.0 0.0 1.0 0.052 0.052 0.072 2245.0 4162.0 5722.0 0.0
08:39:11.900 0001 -0.3444566130638122 51.448604583740234 18.666 14.0 164.9610137939453 0.0 0.0 0.0 0.0 0.0 0.0 0.0 0.0 0.0 0.0 0.0 0.0 0.0 0.0 0.0 0.0 0.0 0.0 0.0 0.0 0.0 7.0 0.0 0.0 0.0 0.0 2647.25 10.5 Operational 0.0 0.0 0.0 0.0 5.0 0.0 0.0 0.0 1.0 0.052 0.052 0.072 2245.0 4162.0 5722.0 0.0
08:39:12.000 0001 -0.3444566130638122 51.448604583740234 18.666 14.0 164.9610137939453 0.0 0.0 0.0 0.0 0.0 0.0 0.0 0.0 0.0 0.0 0.0 0.0 0.0 0.0 0.0 0.0 0.0 0.0 0.0 0.0 0.0 7.0 0.0 0.0 0.0 0.0 2647.25 10.5 Operational 0.0 0.0 0.0 0.0 5.0 0.0 0.0 0.0 1.0 0.052 0.052 0.072 2245.0 4162.0 5722.0 0.0
08:39:12.100 0001 -0.3444566130638122 51.448604583740234 18.666 14.0 164.9610137939453 0.0 0.0 0.0 0.0 0.0 0.0 0.0 0.0 0.0 0.0 0.0 0.0 0.0 0.0 0.0 0.0 0.0 0.0 0.0 0.0 0.0 7.0 0.0 0.0 0.0 0.0 2647.25 10.5 Operational 0.0 0.0 0.0 0.0 5.0 0.0 0.0 0.0 1.0 0.052 0.052 0.072 2245.0 4162.0 5722.0 0.0
08:39:12.200 0001 -0.3444566130638122 51.448604583740234 18.666 14.0 164.9610137939453 0.0 0.0 0.0 0.0 0.0 0.0 0.0 0.0 0.0 0.0 0.0 0.0 0.0 0.0 0.0 0.0 0.0 0.0 0.0 0.0 0.0 7.0 0.0 0.0 0.0 0.0 2647.25 10.5 Operational 0.0 0.0 0.0 0.0 5.0 0.0 0.0 0.0 1.0 0.052 0.052 0.072 2245.0 4162.0 5722.0 0.0
08:39:12.300 0001 -0.3444566130638122 51.448604583740234 18.666 14.0 164.9610137939453 0.0 0.0 0.0 0.0 0.0 0.0 0.0 0.0 0.0 0.0 0.0 0.0 0.0 0.0 0.0 0.0 0.0 0.0 0.0 0.0 0.0 7.0 0.0 0.0 0.0 0.0 2647.25 10.5 Operational 0.0 0.0 0.0 0.0 5.0 0.0 0.0 0.0 1.0 0.052 0.052 0.072 2245.0 4162.0 5722.0 0.0
08:39:12.400 0001 -0.3444566130638122 51.448604583740234 18.666 14.0 164.9610137939453 0.0 0.0 0.0 0.0 0.0 0.0 0.0 0.0 0.0 0.0 0.0 0.0 0.0 0.0 0.0 0.0 0.0 0.0 0.0 0.0 0.0 7.0 0.0 0.0 0.0 0.0 2647.25 10.5 Operational 0.0 0.0 0.0 0.0 5.0 0.0 0.0 0.0 1.0 0.052 0.052 0.072 2245.0 4162.0 5722.0 0.0
08:39:12.500 0001 -0.3444566130638122 51.448604583740234 18.666 14.0 164.9610137939453 0.0 0.0 0.0 0.0 0.0 0.0 0.0 0.0 0.0 0.0 0.0 0.0 0.0 0.0 0.0 0.0 0.0 0.0 0.0 0.0 0.0 7.0 0.0 0.0 0.0 0.0 2647.25 10.5 Operational 0.0 0.0 0.0 0.0 5.0 0.0 0.0 0.0 1.0 0.052 0.052 0.072 2245.0 4162.0 5722.0 0.0
08:39:12.600 0001 -0.3444566130638122 51.448604583740234 18.666 14.0 164.9610137939453 0.0 0.0 0.0 0.0 0.0 0.0 0.0 0.0 0.0 0.0 0.0 0.0 0.0 0.0 0.0 0.0 0.0 0.0 0.0 0.0 0.0 7.0 0.0 0.0 0.0 0.0 2647.25 10.5 Operational 0.0 0.0 0.0 0.0 1.0 0.0 0.0 0.0 1.0 0.062 0.111 0.361 2206.0 4162.0 5866.0 0.0
08:39:12.700 0001 -0.3444566130638122 51.448604583740234 18.666 14.0 164.9610137939453 0.0 0.0 0.0 0.0 0.0 0.0 0.0 0.0 0.0 0.0 0.0 0.0 0.0 0.0 0.0 0.0 0.0 0.0 0.0 0.0 0.0 7.0 0.0 0.0 0.0 0.0 2647.25 10.5 Operational 0.0 0.0 0.0 0.0 1.0 0.0 0.0 0.0 1.0 0.062 0.111 0.361 2206.0 4162.0 5866.0 0.0
08:39:12.800 0001 -0.3444566130638122 51.448604583740234 18.666 14.0 164.9610137939453 0.0 0.0 0.0 0.0 0.0 0.0 0.0 0.0 0.0 0.0 0.0 0.0 0.0 0.0 0.0 0.0 0.0 0.0 0.0 0.0 0.0 7.0 0.0 0.0 0.0 0.0 2647.25 10.5 Operational 0.0 0.0 0.0 0.0 1.0 0.0 0.0 0.0 1.0 0.062 0.111 0.361 2206.0 4162.0 5866.0 0.0
08:39:12.900 0001 -0.3444598913192749 51.448604583740234 18.78 14.0 164.9610137939453 0.0 0.0 0.0 0.0 0.0 0.0 0.0 0.0 0.0 0.0 0.0 0.0 0.0 0.0 0.0 0.0 0.0 0.0 0.0 0.0 0.0 7.0 0.0 0.0 0.0 0.0 2647.25 10.5 Operational 0.0 0.0 0.0 0.0 1.0 0.0 0.0 0.0 1.0 0.062 0.111 0.361 2206.0 4162.0 5866.0 0.0
08:39:13.000 0001 -0.3444598913192749 51.448604583740234 18.78 14.0 164.9610137939453 0.0 0.0 0.0 0.0 0.0 0.0 0.0 0.0 0.0 0.0 0.0 0.0 0.0 0.0 0.0 0.0 0.0 0.0 0.0 0.0 0.0 7.0 0.0 0.0 0.0 0.0 2647.25 10.5 Operational 0.0 0.0 0.0 0.0 1.0 0.0 0.0 0.0 1.0 0.062 0.111 0.361 2206.0 4162.0 5866.0 0.0
08:39:13.100 0001 -0.3444598913192749 51.448604583740234 18.78 14.0 164.9610137939453 0.0 0.0 0.0 0.0 0.0 0.0 0.0 0.0 0.0 0.0 0.0 0.0 0.0 0.0 0.0 0.0 0.0 0.0 0.0 0.0 0.0 7.0 0.0 0.0 0.0 0.0 2647.25 10.5 Operational 0.0 0.0 0.0 0.0 1.0 0.0 0.0 0.0 1.0 0.062 0.111 0.361 2206.0 4162.0 5866.0 0.0
08:39:13.200 0001 -0.3444598913192749 51.448604583740234 18.78 14.0 164.9610137939453 0.0 0.0 0.0 0.0 0.0 0.0 0.0 0.0 0.0 0.0 0.0 0.0 0.0 0.0 0.0 0.0 0.0 0.0 0.0 0.0 0.0 7.0 0.0 0.0 0.0 0.0 2647.25 10.5 Operational 0.0 0.0 0.0 0.0 1.0 0.0 0.0 0.0 1.0 0.062 0.111 0.361 2206.0 4162.0 5866.0 0.0
08:39:13.300 0001 -0.3444598913192749 51.448604583740234 18.78 14.0 164.9610137939453 0.0 0.0 0.0 0.0 0.0 0.0 0.0 0.0 0.0 0.0 0.0 0.0 0.0 0.0 0.0 0.0 0.0 0.0 0.0 0.0 0.0 7.0 0.0 0.0 0.0 0.0 2647.25 10.5 Operational 0.0 0.0 0.0 0.0 1.0 0.0 0.0 0.0 1.0 0.062 0.111 0.361 2206.0 4162.0 5866.0 0.0
08:39:13.400 0001 -0.3444598913192749 51.448604583740234 18.78 14.0 164.9610137939453 0.0 0.0 0.0 0.0 0.0 0.0 0.0 0.0 0.0 0.0 0.0 0.0 0.0 0.0 0.0 0.0 0.0 0.0 0.0 0.0 0.0 7.0 0.0 0.0 0.0 0.0 2647.25 10.5 Operational 0.0 0.0 0.0 0.0 2.0 0.0 0.0 0.0 1.0 0.024 0.057 0.143 2206.0 4162.0 5866.0 0.0
08:39:13.500 0001 -0.3444598913192749 51.448604583740234 18.78 14.0 164.9610137939453 0.0 0.0 0.0 0.0 0.0 0.0 0.0 0.0 0.0 0.0 0.0 0.0 0.0 0.0 0.0 0.0 0.0 0.0 0.0 0.0 0.0 7.0 0.0 0.0 0.0 0.0 2647.25 10.5 Operational 0.0 0.0 0.0 0.0 2.0 0.0 0.0 0.0 1.0 0.024 0.057 0.143 2547.0 4162.0 5405.0 0.0
08:39:13.600 0001 -0.3444598913192749 51.448604583740234 18.78 14.0 164.9610137939453 0.0 0.0 0.0 0.0 0.0 0.0 0.0 0.0 0.0 0.0 0.0 0.0 0.0 0.0 0.0 0.0 0.0 0.0 0.0 0.0 0.0 7.0 0.0 0.0 0.0 0.0 2647.25 10.5 Operational 0.0 0.0 0.0 0.0 2.0 0.0 0.0 0.0 1.0 0.024 0.057 0.143 2547.0 4162.0 5405.0 0.0
08:39:13.700 0001 -0.3444598913192749 51.448604583740234 18.78 14.0 164.9610137939453 0.0 0.0 0.0 0.0 0.0 0.0 0.0 0.0 0.0 0.0 0.0 0.0 0.0 0.0 0.0 0.0 0.0 0.0 0.0 0.0 0.0 7.0 0.0 0.0 0.0 0.0 2647.25 10.5 Operational 0.0 0.0 0.0 0.0 2.0 0.0 0.0 0.0 1.0 0.024 0.057 0.143 2547.0 4162.0 5405.0 0.0
08:39:13.800 0001 -0.3444598913192749 51.448604583740234 18.78 14.0 164.9610137939453 0.0 0.0 0.0 0.0 0.0 0.0 0.0 0.0 0.0 0.0 0.0 0.0 0.0 0.0 0.0 0.0 0.0 0.0 0.0 0.0 0.0 7.0 0.0 0.0 0.0 0.0 2647.25 10.5 Operational 0.0 0.0 0.0 0.0 2.0 0.0 0.0 0.0 1.0 0.024 0.057 0.143 2547.0 4162.0 5405.0 0.0
08:39:13.900 0001 -0.3444612026214599 51.44860076904297 18.771 13.0 164.9610137939453 0.0 0.0 0.0 0.0 0.0 0.0 0.0 0.0 0.0 0.0 0.0 0.0 0.0 0.0 0.0 0.0 0.0 0.0 0.0 0.0 0.0 7.0 0.0 0.0 0.0 0.0 2647.25 10.5 Operational 0.0 0.0 0.0 0.0 2.0 0.0 0.0 0.0 1.0 0.024 0.057 0.143 2547.0 4162.0 5405.0 0.0
08:39:14.000 0001 -0.3444612026214599 51.44860076904297 18.771 13.0 164.9610137939453 0.0 0.0 0.0 0.0 0.0 0.0 0.0 0.0 0.0 0.0 0.0 0.0 0.0 0.0 0.0 0.0 0.0 0.0 0.0 0.0 0.0 7.0 0.0 0.0 0.0 0.0 2647.25 10.5 Operational 0.0 0.0 0.0 0.0 2.0 0.0 0.0 0.0 1.0 0.024 0.057 0.143 2547.0 4162.0 5405.0 0.0
08:39:14.100 0001 -0.3444612026214599 51.44860076904297 18.771 13.0 164.9610137939453 0.0 0.0 0.0 0.0 0.0 0.0 0.0 0.0 0.0 0.0 0.0 0.0 0.0 0.0 0.0 0.0 0.0 0.0 0.0 0.0 0.0 7.0 0.0 0.0 0.0 0.0 2647.25 10.5 Operational 0.0 0.0 0.0 0.0 2.0 0.0 0.0 0.0 1.0 0.024 0.057 0.143 2547.0 4162.0 5405.0 0.0
08:39:14.200 0001 -0.3444612026214599 51.44860076904297 18.771 13.0 164.9610137939453 0.0 0.0 0.0 0.0 0.0 0.0 0.0 0.0 0.0 0.0 0.0 0.0 0.0 0.0 0.0 0.0 0.0 0.0 0.0 0.0 0.0 7.0 0.0 0.0 0.0 0.0 2647.25 10.5 Operational 0.0 0.0 0.0 0.0 3.0 0.0 0.0 0.0 1.0 0.048 0.081 0.226 2405.0 4162.0 5234.0 0.0
08:39:14.300 0001 -0.3444612026214599 51.44860076904297 18.771 13.0 164.9610137939453 0.0 0.0 0.0 0.0 0.0 0.0 0.0 0.0 0.0 0.0 0.0 0.0 0.0 0.0 0.0 0.0 0.0 0.0 0.0 0.0 0.0 7.0 0.0 0.0 0.0 0.0 2647.25 10.5 Operational 0.0 0.0 0.0 0.0 3.0 0.0 0.0 0.0 1.0 0.048 0.081 0.226 2405.0 4162.0 5234.0 0.0
08:39:14.400 0001 -0.3444612026214599 51.44860076904297 18.771 13.0 164.9610137939453 0.0 0.0 0.0 0.0 0.0 0.0 0.0 0.0 0.0 0.0 0.0 0.0 0.0 0.0 0.0 0.0 0.0 0.0 0.0 0.0 0.0 7.0 0.0 0.0 0.0 0.0 2647.25 10.5 Operational 0.0 0.0 0.0 0.0 3.0 0.0 0.0 0.0 1.0 0.048 0.081 0.226 2405.0 4162.0 5234.0 0.0
08:39:14.500 0001 -0.3444612026214599 51.44860076904297 18.771 13.0 164.9610137939453 0.0 0.0 0.0 0.0 0.0 0.0 0.0 0.0 0.0 0.0 0.0 0.0 0.0 0.0 0.0 0.0 0.0 0.0 0.0 0.0 0.0 7.0 0.0 0.0 0.0 0.0 2647.25 10.5 Operational 0.0 0.0 0.0 0.0 3.0 0.0 0.0 0.0 1.0 0.048 0.081 0.226 2405.0 4162.0 5234.0 0.0
08:39:14.600 0001 -0.3444612026214599 51.44860076904297 18.771 13.0 164.9610137939453 0.0 0.0 0.0 0.0 0.0 0.0 0.0 0.0 0.0 0.0 0.0 0.0 0.0 0.0 0.0 0.0 0.0 0.0 0.0 0.0 0.0 7.0 0.0 0.0 0.0 0.0 2647.25 10.5 Operational 0.0 0.0 0.0 0.0 3.0 0.0 0.0 0.0 1.0 0.048 0.081 0.226 2405.0 4162.0 5234.0 0.0
08:39:14.700 0001 -0.3444612026214599 51.44860076904297 18.771 13.0 164.9610137939453 0.0 0.0 0.0 0.0 0.0 0.0 0.0 0.0 0.0 0.0 0.0 0.0 0.0 0.0 0.0 0.0 0.0 0.0 0.0 0.0 0.0 7.0 0.0 0.0 0.0 0.0 2647.25 10.5 Operational 0.0 0.0 0.0 0.0 3.0 0.0 0.0 0.0 1.0 0.048 0.081 0.226 2405.0 4162.0 5234.0 0.0
08:39:14.800 0001 -0.3444612026214599 51.44860076904297 18.771 13.0 164.9610137939453 0.0 0.0 0.0 0.0 0.0 0.0 0.0 0.0 0.0 0.0 0.0 0.0 0.0 0.0 0.0 0.0 0.0 0.0 0.0 0.0 0.0 7.0 0.0 0.0 0.0 0.0 2647.25 10.5 Operational 0.0 0.0 0.0 0.0 3.0 0.0 0.0 0.0 1.0 0.048 0.081 0.226 2405.0 4162.0 5234.0 0.0
08:39:14.900 0001 -0.3444600105285644 51.4485969543457 18.657 13.0 164.9610137939453 0.0 0.0 0.0 0.0 0.0 0.0 0.0 0.0 0.0 0.0 0.0 0.0 0.0 0.0 0.0 0.0 0.0 0.0 0.0 0.0 0.0 7.0 0.0 0.0 0.0 0.0 2647.25 10.5 Operational 0.0 0.0 0.0 0.0 3.0 0.0 0.0 0.0 1.0 0.048 0.081 0.226 2405.0 4162.0 5234.0 0.0
08:39:15.000 0001 -0.3444600105285644 51.4485969543457 18.657 13.0 164.9610137939453 0.0 0.0 0.0 0.0 0.0 0.0 0.0 0.0 0.0 0.0 0.0 0.0 0.0 0.0 0.0 0.0 0.0 0.0 0.0 0.0 0.0 7.0 0.0 0.0 0.0 0.0 2647.25 10.5 Operational 0.0 0.0 0.0 0.0 4.0 0.0 0.0 0.0 1.0 0.066 0.116 0.241 2374.0 4162.0 5256.0 0.0
08:39:15.100 0001 -0.3444600105285644 51.4485969543457 18.657 13.0 164.9610137939453 0.0 0.0 0.0 0.0 0.0 0.0 0.0 0.0 0.0 0.0 0.0 0.0 0.0 0.0 0.0 0.0 0.0 0.0 0.0 0.0 0.0 7.0 0.0 0.0 0.0 0.0 2647.25 10.5 Operational 0.0 0.0 0.0 0.0 4.0 0.0 0.0 0.0 1.0 0.066 0.116 0.241 2374.0 4162.0 5256.0 0.0
08:39:15.200 0001 -0.3444600105285644 51.4485969543457 18.657 13.0 164.9610137939453 0.0 0.0 0.0 0.0 0.0 0.0 0.0 0.0 0.0 0.0 0.0 0.0 0.0 0.0 0.0 0.0 0.0 0.0 0.0 0.0 0.0 7.0 0.0 0.0 0.0 0.0 2647.25 10.5 Operational 0.0 0.0 0.0 0.0 4.0 0.0 0.0 0.0 1.0 0.066 0.116 0.241 2374.0 4162.0 5256.0 0.0
08:39:15.300 0001 -0.3444600105285644 51.4485969543457 18.657 13.0 164.9610137939453 0.0 0.0 0.0 0.0 0.0 0.0 0.0 0.0 0.0 0.0 0.0 0.0 0.0 0.0 0.0 0.0 0.0 0.0 0.0 0.0 0.0 7.0 0.0 0.0 0.0 0.0 2647.25 10.5 Operational 0.0 0.0 0.0 0.0 4.0 0.0 0.0 0.0 1.0 0.066 0.116 0.241 2374.0 4162.0 5256.0 0.0
08:39:15.400 0001 -0.3444600105285644 51.4485969543457 18.657 13.0 164.9610137939453 0.0 0.0 0.0 0.0 0.0 0.0 0.0 0.0 0.0 0.0 0.0 0.0 0.0 0.0 0.0 0.0 0.0 0.0 0.0 0.0 0.0 7.0 0.0 0.0 0.0 0.0 2647.25 10.5 Operational 0.0 0.0 0.0 0.0 4.0 0.0 0.0 0.0 1.0 0.066 0.116 0.241 2374.0 4162.0 5256.0 0.0
08:39:15.500 0001 -0.3444600105285644 51.4485969543457 18.657 13.0 164.9610137939453 0.0 0.0 0.0 0.0 0.0 0.0 0.0 0.0 0.0 0.0 0.0 0.0 0.0 0.0 0.0 0.0 0.0 0.0 0.0 0.0 0.0 7.0 0.0 0.0 0.0 0.0 2647.25 10.5 Operational 0.0 0.0 0.0 0.0 4.0 0.0 0.0 0.0 1.0 0.066 0.116 0.241 2374.0 4162.0 5256.0 0.0
08:39:15.600 0001 -0.3444600105285644 51.4485969543457 18.657 13.0 164.9610137939453 0.0 0.0 0.0 0.0 0.0 0.0 0.0 0.0 0.0 0.0 0.0 0.0 0.0 0.0 0.0 0.0 0.0 0.0 0.0 0.0 0.0 7.0 0.0 0.0 0.0 0.0 2647.25 10.5 Operational 0.0 0.0 0.0 0.0 4.0 0.0 0.0 0.0 1.0 0.066 0.116 0.241 2374.0 4162.0 5256.0 0.0
08:39:15.700 0001 -0.3444600105285644 51.4485969543457 18.657 13.0 164.9610137939453 0.0 0.0 0.0 0.0 0.0 0.0 0.0 0.0 0.0 0.0 0.0 0.0 0.0 0.0 0.0 0.0 0.0 0.0 0.0 0.0 0.0 7.0 0.0 0.0 0.0 0.0 2647.25 10.5 Operational 0.0 0.0 0.0 0.0 4.0 0.0 0.0 0.0 1.0 0.066 0.116 0.241 2374.0 4162.0 5256.0 0.0
08:39:15.800 0001 -0.3444600105285644 51.4485969543457 18.657 13.0 164.9610137939453 0.0 0.0 0.0 0.0 0.0 0.0 0.0 0.0 0.0 0.0 0.0 0.0 0.0 0.0 0.0 0.0 0.0 0.0 0.0 0.0 0.0 7.0 0.0 0.0 0.0 0.0 2647.25 10.5 Operational 0.0 0.0 0.0 0.0 5.0 0.0 0.0 0.0 1.0 0.052 0.085 0.105 2242.0 4162.0 5722.0 0.0
08:39:15.900 0001 -0.34445720911026 51.4485969543457 18.686 13.0 164.9610137939453 0.0 0.0 0.0 0.0 0.0 0.0 0.0 0.0 0.0 0.0 0.0 0.0 0.0 0.0 0.0 0.0 0.0 0.0 0.0 0.0 0.0 7.0 0.0 0.0 0.0 0.0 2647.25 10.5 Operational 0.0 0.0 0.0 0.0 5.0 0.0 0.0 0.0 1.0 0.052 0.085 0.105 2242.0 4162.0 5722.0 0.0
08:39:16.000 0001 -0.34445720911026 51.4485969543457 18.686 13.0 164.9610137939453 0.0 0.0 0.0 0.0 0.0 0.0 0.0 0.0 0.0 0.0 0.0 0.0 0.0 0.0 0.0 0.0 0.0 0.0 0.0 0.0 0.0 7.0 0.0 0.0 0.0 0.0 2647.25 10.5 Operational 0.0 0.0 0.0 0.0 5.0 0.0 0.0 0.0 1.0 0.052 0.085 0.105 2242.0 4162.0 5722.0 0.0
08:39:16.100 0001 -0.34445720911026 51.4485969543457 18.686 13.0 164.9610137939453 0.0 0.0 0.0 0.0 0.0 0.0 0.0 0.0 0.0 0.0 0.0 0.0 0.0 0.0 0.0 0.0 0.0 0.0 0.0 0.0 0.0 7.0 0.0 0.0 0.0 0.0 2647.25 10.5 Operational 0.0 0.0 0.0 0.0 5.0 0.0 0.0 0.0 1.0 0.052 0.085 0.105 2242.0 4162.0 5722.0 0.0
08:39:16.200 0001 -0.34445720911026 51.4485969543457 18.686 13.0 164.9610137939453 0.0 0.0 0.0 0.0 0.0 0.0 0.0 0.0 0.0 0.0 0.0 0.0 0.0 0.0 0.0 0.0 0.0 0.0 0.0 0.0 0.0 7.0 0.0 0.0 0.0 0.0 2647.25 10.5 Operational 0.0 0.0 0.0 0.0 5.0 0.0 0.0 0.0 1.0 0.052 0.085 0.105 2242.0 4162.0 5722.0 0.0
08:39:16.300 0001 -0.34445720911026 51.4485969543457 18.686 13.0 164.9610137939453 0.0 0.0 0.0 0.0 0.0 0.0 0.0 0.0 0.0 0.0 0.0 0.0 0.0 0.0 0.0 0.0 0.0 0.0 0.0 0.0 0.0 7.0 0.0 0.0 0.0 0.0 2647.25 10.5 Operational 0.0 0.0 0.0 0.0 5.0 0.0 0.0 0.0 1.0 0.052 0.085 0.105 2242.0 4162.0 5722.0 0.0
08:39:16.400 0001 -0.34445720911026 51.4485969543457 18.686 13.0 164.9610137939453 0.0 0.0 0.0 0.0 0.0 0.0 0.0 0.0 0.0 0.0 0.0 0.0 0.0 0.0 0.0 0.0 0.0 0.0 0.0 0.0 0.0 7.0 0.0 0.0 0.0 0.0 2647.25 10.5 Operational 0.0 0.0 0.0 0.0 5.0 0.0 0.0 0.0 1.0 0.052 0.085 0.105 2242.0 4162.0 5722.0 0.0
08:39:16.500 0001 -0.34445720911026 51.4485969543457 18.686 13.0 164.9610137939453 0.0 0.0 0.0 0.0 0.0 0.0 0.0 0.0 0.0 0.0 0.0 0.0 0.0 0.0 0.0 0.0 0.0 0.0 0.0 0.0 0.0 7.0 0.0 0.0 0.0 0.0 2647.25 10.5 Operational 0.0 0.0 0.0 0.0 5.0 0.0 0.0 0.0 1.0 0.052 0.085 0.105 2242.0 4162.0 5722.0 0.0
08:39:16.600 0001 -0.34445720911026 51.4485969543457 18.686 13.0 164.9610137939453 0.0 0.0 0.0 0.0 0.0 0.0 0.0 0.0 0.0 0.0 0.0 0.0 0.0 0.0 0.0 0.0 0.0 0.0 0.0 0.0 0.0 7.0 0.0 0.0 0.0 0.0 2647.25 10.5 Operational 0.0 0.0 0.0 0.0 1.0 0.0 0.0 0.0 1.0 0.062 0.111 0.447 2208.0 4162.0 5855.0 0.0
08:39:16.700 0001 -0.34445720911026 51.4485969543457 18.686 13.0 164.9610137939453 0.0 0.0 0.0 0.0 0.0 0.0 0.0 0.0 0.0 0.0 0.0 0.0 0.0 0.0 0.0 0.0 0.0 0.0 0.0 0.0 0.0 7.0 0.0 0.0 0.0 0.0 2647.25 10.5 Operational 0.0 0.0 0.0 0.0 1.0 0.0 0.0 0.0 1.0 0.062 0.111 0.447 2208.0 4162.0 5855.0 0.0
08:39:16.800 0001 -0.34445720911026 51.4485969543457 18.686 13.0 164.9610137939453 0.0 0.0 0.0 0.0 0.0 0.0 0.0 0.0 0.0 0.0 0.0 0.0 0.0 0.0 0.0 0.0 0.0 0.0 0.0 0.0 0.0 7.0 0.0 0.0 0.0 0.0 2647.25 10.5 Operational 0.0 0.0 0.0 0.0 1.0 0.0 0.0 0.0 1.0 0.062 0.111 0.447 2208.0 4162.0 5855.0 0.0
08:39:16.900 0001 -0.3444528877735138 51.4485969543457 18.401 13.0 164.9610137939453 0.0 0.0 0.0 0.0 0.0 0.0 0.0 0.0 0.0 0.0 0.0 0.0 0.0 0.0 0.0 0.0 0.0 0.0 0.0 0.0 0.0 7.0 0.0 0.0 0.0 0.0 2647.25 10.5 Operational 0.0 0.0 0.0 0.0 1.0 0.0 0.0 0.0 1.0 0.062 0.111 0.447 2208.0 4162.0 5855.0 0.0
08:39:17.000 0001 -0.3444528877735138 51.4485969543457 18.401 13.0 164.9610137939453 0.0 0.0 0.0 0.0 0.0 0.0 0.0 0.0 0.0 0.0 0.0 0.0 0.0 0.0 0.0 0.0 0.0 0.0 0.0 0.0 0.0 7.0 0.0 0.0 0.0 0.0 2647.25 10.5 Operational 0.0 0.0 0.0 0.0 1.0 0.0 0.0 0.0 1.0 0.062 0.111 0.447 2208.0 4162.0 5855.0 0.0
08:39:17.100 0001 -0.3444528877735138 51.4485969543457 18.401 13.0 164.9610137939453 0.0 0.0 0.0 0.0 0.0 0.0 0.0 0.0 0.0 0.0 0.0 0.0 0.0 0.0 0.0 0.0 0.0 0.0 0.0 0.0 0.0 7.0 0.0 0.0 0.0 0.0 2647.25 10.5 Operational 0.0 0.0 0.0 0.0 1.0 0.0 0.0 0.0 1.0 0.062 0.111 0.447 2208.0 4162.0 5855.0 0.0
08:39:17.200 0001 -0.3444528877735138 51.4485969543457 18.401 13.0 164.9610137939453 0.0 0.0 0.0 0.0 0.0 0.0 0.0 0.0 0.0 0.0 0.0 0.0 0.0 0.0 0.0 0.0 0.0 0.0 0.0 0.0 0.0 7.0 0.0 0.0 0.0 0.0 2647.25 10.5 Operational 0.0 0.0 0.0 0.0 1.0 0.0 0.0 0.0 1.0 0.062 0.111 0.447 2208.0 4162.0 5855.0 0.0
08:39:17.300 0001 -0.3444528877735138 51.4485969543457 18.401 13.0 164.9610137939453 0.0 0.0 0.0 0.0 0.0 0.0 0.0 0.0 0.0 0.0 0.0 0.0 0.0 0.0 0.0 0.0 0.0 0.0 0.0 0.0 0.0 7.0 0.0 0.0 0.0 0.0 2647.25 10.5 Operational 0.0 0.0 0.0 0.0 1.0 0.0 0.0 0.0 1.0 0.062 0.111 0.447 2208.0 4162.0 5855.0 0.0
08:39:17.400 0001 -0.3444528877735138 51.4485969543457 18.401 13.0 164.9610137939453 0.0 0.0 0.0 0.0 0.0 0.0 0.0 0.0 0.0 0.0 0.0 0.0 0.0 0.0 0.0 0.0 0.0 0.0 0.0 0.0 0.0 7.0 0.0 0.0 0.0 0.0 2647.25 10.5 Operational 0.0 0.0 0.0 0.0 2.0 0.0 0.0 0.0 1.0 0.025 0.058 0.144 2543.0 4162.0 5409.0 0.0
08:39:17.500 0001 -0.3444528877735138 51.4485969543457 18.401 13.0 164.9610137939453 0.0 0.0 0.0 0.0 0.0 0.0 0.0 0.0 0.0 0.0 0.0 0.0 0.0 0.0 0.0 0.0 0.0 0.0 0.0 0.0 0.0 7.0 0.0 0.0 0.0 0.0 2647.25 10.5 Operational 0.0 0.0 0.0 0.0 2.0 0.0 0.0 0.0 1.0 0.025 0.058 0.144 2543.0 4162.0 5409.0 0.0
08:39:17.600 0001 -0.3444528877735138 51.4485969543457 18.401 13.0 164.9610137939453 0.0 0.0 0.0 0.0 0.0 0.0 0.0 0.0 0.0 0.0 0.0 0.0 0.0 0.0 0.0 0.0 0.0 0.0 0.0 0.0 0.0 7.0 0.0 0.0 0.0 0.0 2647.25 10.5 Operational 0.0 0.0 0.0 0.0 2.0 0.0 0.0 0.0 1.0 0.025 0.058 0.144 2543.0 4162.0 5409.0 0.0
08:39:17.700 0001 -0.3444528877735138 51.4485969543457 18.401 13.0 164.9610137939453 0.0 0.0 0.0 0.0 0.0 0.0 0.0 0.0 0.0 0.0 0.0 0.0 0.0 0.0 0.0 0.0 0.0 0.0 0.0 0.0 0.0 7.0 0.0 0.0 0.0 0.0 2647.25 10.5 Operational 0.0 0.0 0.0 0.0 2.0 0.0 0.0 0.0 1.0 0.025 0.058 0.144 2543.0 4162.0 5409.0 0.0
08:39:17.800 0001 -0.3444528877735138 51.4485969543457 18.401 13.0 164.9610137939453 0.0 0.0 0.0 0.0 0.0 0.0 0.0 0.0 0.0 0.0 0.0 0.0 0.0 0.0 0.0 0.0 0.0 0.0 0.0 0.0 0.0 7.0 0.0 0.0 0.0 0.0 2647.25 10.5 Operational 0.0 0.0 0.0 0.0 2.0 0.0 0.0 0.0 1.0 0.025 0.058 0.144 2543.0 4162.0 5409.0 0.0
08:39:17.900 0001 -0.3444527089595794 51.4485969543457 18.527 13.0 164.9610137939453 0.0 0.0 0.0 0.0 0.0 0.0 0.0 0.0 0.0 0.0 0.0 0.0 0.0 0.0 0.0 0.0 0.0 0.0 0.0 0.0 0.0 7.0 0.0 0.0 0.0 0.0 2647.25 10.5 Operational 0.0 0.0 0.0 0.0 2.0 0.0 0.0 0.0 1.0 0.025 0.058 0.144 2543.0 4162.0 5409.0 0.0
08:39:18.000 0001 -0.3444527089595794 51.4485969543457 18.527 13.0 164.9610137939453 0.0 0.0 0.0 0.0 0.0 0.0 0.0 0.0 0.0 0.0 0.0 0.0 0.0 0.0 0.0 0.0 0.0 0.0 0.0 0.0 0.0 7.0 0.0 0.0 0.0 0.0 2647.25 10.5 Operational 0.0 0.0 0.0 0.0 2.0 0.0 0.0 0.0 1.0 0.025 0.058 0.144 2543.0 4162.0 5409.0 0.0
08:39:18.100 0001 -0.3444527089595794 51.4485969543457 18.527 13.0 164.9610137939453 0.0 0.0 0.0 0.0 0.0 0.0 0.0 0.0 0.0 0.0 0.0 0.0 0.0 0.0 0.0 0.0 0.0 0.0 0.0 0.0 0.0 7.0 0.0 0.0 0.0 0.0 2647.25 10.5 Operational 0.0 0.0 0.0 0.0 3.0 0.0 0.0 0.0 1.0 0.048 0.097 0.117 2543.0 4162.0 5409.0 0.0
08:39:18.200 0001 -0.3444527089595794 51.4485969543457 18.527 13.0 164.9610137939453 0.0 0.0 0.0 0.0 0.0 0.0 0.0 0.0 0.0 0.0 0.0 0.0 0.0 0.0 0.0 0.0 0.0 0.0 0.0 0.0 0.0 7.0 0.0 0.0 0.0 0.0 2647.25 10.5 Operational 0.0 0.0 0.0 0.0 3.0 0.0 0.0 0.0 1.0 0.048 0.097 0.117 2410.0 4162.0 5236.0 0.0
08:39:18.300 0001 -0.3444527089595794 51.4485969543457 18.527 13.0 164.9610137939453 0.0 0.0 0.0 0.0 0.0 0.0 0.0 0.0 0.0 0.0 0.0 0.0 0.0 0.0 0.0 0.0 0.0 0.0 0.0 0.0 0.0 7.0 0.0 0.0 0.0 0.0 2647.25 10.5 Operational 0.0 0.0 0.0 0.0 3.0 0.0 0.0 0.0 1.0 0.048 0.097 0.117 2410.0 4162.0 5236.0 0.0
08:39:18.400 0001 -0.3444527089595794 51.4485969543457 18.527 13.0 164.9610137939453 0.0 0.0 0.0 0.0 0.0 0.0 0.0 0.0 0.0 0.0 0.0 0.0 0.0 0.0 0.0 0.0 0.0 0.0 0.0 0.0 0.0 7.0 0.0 0.0 0.0 0.0 2647.25 10.5 Operational 0.0 0.0 0.0 0.0 3.0 0.0 0.0 0.0 1.0 0.048 0.097 0.117 2410.0 4162.0 5236.0 0.0
08:39:18.500 0001 -0.3444527089595794 51.4485969543457 18.527 13.0 164.9610137939453 0.0 0.0 0.0 0.0 0.0 0.0 0.0 0.0 0.0 0.0 0.0 0.0 0.0 0.0 0.0 0.0 0.0 0.0 0.0 0.0 0.0 7.0 0.0 0.0 0.0 0.0 2647.25 10.5 Operational 0.0 0.0 0.0 0.0 3.0 0.0 0.0 0.0 1.0 0.048 0.097 0.117 2410.0 4162.0 5236.0 0.0
08:39:18.600 0001 -0.3444527089595794 51.4485969543457 18.527 13.0 164.9610137939453 0.0 0.0 0.0 0.0 0.0 0.0 0.0 0.0 0.0 0.0 0.0 0.0 0.0 0.0 0.0 0.0 0.0 0.0 0.0 0.0 0.0 7.0 0.0 0.0 0.0 0.0 2647.25 10.5 Operational 0.0 0.0 0.0 0.0 3.0 0.0 0.0 0.0 1.0 0.048 0.097 0.117 2410.0 4162.0 5236.0 0.0
08:39:18.700 0001 -0.3444527089595794 51.4485969543457 18.527 13.0 164.9610137939453 0.0 0.0 0.0 0.0 0.0 0.0 0.0 0.0 0.0 0.0 0.0 0.0 0.0 0.0 0.0 0.0 0.0 0.0 0.0 0.0 0.0 7.0 0.0 0.0 0.0 0.0 2647.25 10.5 Operational 0.0 0.0 0.0 0.0 3.0 0.0 0.0 0.0 1.0 0.048 0.097 0.117 2410.0 4162.0 5236.0 0.0
08:39:18.800 0001 -0.3444527089595794 51.4485969543457 18.527 13.0 164.9610137939453 0.0 0.0 0.0 0.0 0.0 0.0 0.0 0.0 0.0 0.0 0.0 0.0 0.0 0.0 0.0 0.0 0.0 0.0 0.0 0.0 0.0 7.0 0.0 0.0 0.0 0.0 2647.25 10.5 Operational 0.0 0.0 0.0 0.0 3.0 0.0 0.0 0.0 1.0 0.048 0.097 0.117 2410.0 4162.0 5236.0 0.0
08:39:18.900 0001 -0.3444525003433227 51.4485969543457 18.483 11.0 164.9610137939453 0.0 0.0 0.0 0.0 0.0 0.0 0.0 0.0 0.0 0.0 0.0 0.0 0.0 0.0 0.0 0.0 0.0 0.0 0.0 0.0 0.0 7.0 0.0 0.0 0.0 0.0 2647.25 10.5 Operational 0.0 0.0 0.0 0.0 4.0 0.0 0.0 0.0 1.0 0.061 0.11 0.216 2376.0 4162.0 5249.0 0.0
08:39:19.000 0001 -0.3444525003433227 51.4485969543457 18.483 11.0 164.9610137939453 0.0 0.0 0.0 0.0 0.0 0.0 0.0 0.0 0.0 0.0 0.0 0.0 0.0 0.0 0.0 0.0 0.0 0.0 0.0 0.0 0.0 7.0 0.0 0.0 0.0 0.0 2647.25 10.5 Operational 0.0 0.0 0.0 0.0 4.0 0.0 0.0 0.0 1.0 0.061 0.11 0.216 2376.0 4162.0 5249.0 0.0
08:39:19.100 0001 -0.3444525003433227 51.4485969543457 18.483 11.0 164.9610137939453 0.0 0.0 0.0 0.0 0.0 0.0 0.0 0.0 0.0 0.0 0.0 0.0 0.0 0.0 0.0 0.0 0.0 0.0 0.0 0.0 0.0 7.0 0.0 0.0 0.0 0.0 2647.25 10.5 Operational 0.0 0.0 0.0 0.0 4.0 0.0 0.0 0.0 1.0 0.061 0.11 0.216 2376.0 4162.0 5249.0 0.0
