[device]
Syslogic

[cameras]
['front', 'left_nozzle', 'back', 'right_nozzle']

[AVI]
SN214929_2023_10_18_1147_

[column names]
time avifileindex Longitude Latitude Altitude Satellites Heading Nozzle1downTMSCS Nozzle2downTMS SideBrush1downTMS SideBrush2downTMS BrushCurrent SideBrush1ExtendTMSCS SideBrush2ExtendTMSCS SideBrush1RetractTMSCS SideBrush2RetractTMSCS Nozzle1WaterSprayOnOffTMS Nozzle2WaterSprayOnOffTMS SideBrush1WaterSprayTMS SideBrush2WaterSprayTMS WSBMotoronoffTMS FanOnTMS WorkLight1OnOffTMS WorkLight2OnOffTMS NozGapOpen NozGapClose Pause_active AutoSweepActive EngineType EngineSpeed RoadSpeedTMSCS EngineFuelRateTMSCS FanSpeed TotalFuelConsumption WaterTankLevel JVMheartbeat JVMALerts GutterSprayOnOff AddWaterSprayOnOff WaterRe_circOnOff modbus_id pm_sensor_serious_fault pm_sensor_fault pm_sensor_is_degraded_mode pm_sensor_is_ready pm_1 pm_2_5 pm_10 temperature firmware_version humidity error

[data]
11:47:08.500 0001 -0.3025231063365936 51.43177795410156 10.557 13.0 162.4293670654297 1.0 0.0 1.0 0.0 0.0 0.0 0.0 0.0 0.0 0.0 0.0 1.0 0.0 1.0 1.0 0.0 0.0 1.0 0.0 0.0 0.0 7.0 1850.0 0.0 11.65 3178.0 2705.8 0.0 Operational 0.0 0.0 0.0 0.0 0.0 0.0 0.0 0.0 0.0 0.0 0.0 0.0 0.0 0.0 0.0 0.0
11:47:08.600 0001 -0.3025231063365936 51.43177795410156 10.557 13.0 162.4293670654297 1.0 0.0 1.0 0.0 0.0 0.0 0.0 0.0 0.0 0.0 0.0 1.0 0.0 1.0 1.0 0.0 0.0 1.0 0.0 0.0 0.0 7.0 1849.0 0.0 11.65 3176.0 2705.8 0.0 Operational 0.0 0.0 0.0 0.0 0.0 0.0 0.0 0.0 0.0 0.0 0.0 0.0 0.0 0.0 0.0 0.0
11:47:08.700 0001 -0.3025231063365936 51.43177795410156 10.557 13.0 162.4293670654297 1.0 0.0 1.0 0.0 0.0 0.0 0.0 0.0 0.0 0.0 0.0 1.0 0.0 1.0 1.0 0.0 0.0 1.0 0.0 0.0 0.0 7.0 1849.0 0.0 11.55 3178.0 2705.8 0.0 Operational 0.0 0.0 0.0 0.0 0.0 0.0 0.0 0.0 0.0 0.0 0.0 0.0 0.0 0.0 0.0 0.0
11:47:08.800 0001 -0.3025231063365936 51.43177795410156 10.557 13.0 162.4293670654297 1.0 0.0 1.0 0.0 0.0 0.0 0.0 0.0 0.0 0.0 0.0 1.0 0.0 1.0 1.0 0.0 0.0 1.0 0.0 0.0 0.0 7.0 1850.0 0.0 11.55 3178.0 2705.8 0.0 Operational 0.0 0.0 0.0 0.0 0.0 0.0 0.0 0.0 0.0 0.0 0.0 0.0 0.0 0.0 0.0 0.0
11:47:08.900 0001 -0.3025231063365936 51.43177795410156 10.557 13.0 162.4293670654297 1.0 0.0 1.0 0.0 0.0 0.0 0.0 0.0 0.0 0.0 0.0 1.0 0.0 1.0 1.0 0.0 0.0 1.0 0.0 0.0 0.0 7.0 1850.0 0.0 11.5 3178.0 2705.8 0.0 Operational 0.0 0.0 0.0 0.0 0.0 0.0 0.0 0.0 0.0 0.0 0.0 0.0 0.0 0.0 0.0 0.0
11:47:09.000 0001 -0.3025231063365936 51.43177795410156 10.557 13.0 162.4293670654297 1.0 0.0 1.0 0.0 0.0 0.0 0.0 0.0 0.0 0.0 0.0 1.0 0.0 1.0 1.0 0.0 0.0 1.0 0.0 0.0 0.0 7.0 1850.0 0.0 11.5 3178.0 2705.8 0.0 Operational 0.0 0.0 0.0 0.0 0.0 0.0 0.0 0.0 0.0 0.0 0.0 0.0 0.0 0.0 0.0 0.0
11:47:09.000 0001 -0.3025231063365936 51.43177795410156 10.557 13.0 162.4293670654297 1.0 0.0 1.0 0.0 0.0 0.0 0.0 0.0 0.0 0.0 0.0 1.0 0.0 1.0 1.0 0.0 0.0 1.0 0.0 0.0 0.0 7.0 1850.0 0.0 11.5 3178.0 2705.8 0.0 Operational 0.0 0.0 0.0 0.0 0.0 0.0 0.0 0.0 0.0 0.0 0.0 0.0 0.0 0.0 0.0 0.0
11:47:09.100 0001 -0.3025231063365936 51.43177795410156 10.557 13.0 162.4293670654297 1.0 0.0 1.0 0.0 0.0 0.0 0.0 0.0 0.0 0.0 0.0 1.0 0.0 1.0 1.0 0.0 0.0 1.0 0.0 0.0 0.0 7.0 1850.0 0.0 11.55 3178.0 2705.8 0.0 Operational 0.0 0.0 0.0 0.0 0.0 0.0 0.0 0.0 0.0 0.0 0.0 0.0 0.0 0.0 0.0 0.0
11:47:09.200 0001 -0.3025231063365936 51.43177795410156 10.557 13.0 162.4293670654297 1.0 0.0 1.0 0.0 0.0 0.0 0.0 0.0 0.0 0.0 0.0 1.0 0.0 1.0 1.0 0.0 0.0 1.0 0.0 0.0 0.0 7.0 1849.0 0.0 11.6 3178.0 2705.8 0.0 Operational 0.0 0.0 0.0 0.0 0.0 0.0 0.0 0.0 0.0 0.0 0.0 0.0 0.0 0.0 0.0 0.0
11:47:09.300 0001 -0.3025231063365936 51.43177795410156 10.557 13.0 162.4293670654297 1.0 0.0 1.0 0.0 0.0 0.0 0.0 0.0 0.0 0.0 0.0 1.0 0.0 1.0 1.0 0.0 0.0 1.0 0.0 0.0 0.0 7.0 1850.0 0.0 11.55 3178.0 2705.8 0.0 Operational 0.0 0.0 0.0 0.0 0.0 0.0 0.0 0.0 0.0 0.0 0.0 0.0 0.0 0.0 0.0 0.0
11:47:09.400 0001 -0.3025231063365936 51.43177795410156 10.557 13.0 162.4293670654297 1.0 0.0 1.0 0.0 0.0 0.0 0.0 0.0 0.0 0.0 0.0 1.0 0.0 1.0 1.0 0.0 0.0 1.0 0.0 0.0 0.0 7.0 1848.0 0.0 11.55 3176.0 2705.8 0.0 Operational 0.0 0.0 0.0 0.0 0.0 0.0 0.0 0.0 0.0 0.0 0.0 0.0 0.0 0.0 0.0 0.0
11:47:09.500 0001 -0.3025231063365936 51.43177795410156 10.557 13.0 162.4293670654297 1.0 0.0 1.0 0.0 0.0 0.0 0.0 0.0 0.0 0.0 0.0 1.0 0.0 1.0 1.0 0.0 0.0 1.0 0.0 0.0 0.0 7.0 1850.0 0.0 11.55 3178.0 2705.8 0.0 Operational 0.0 0.0 0.0 0.0 0.0 0.0 0.0 0.0 0.0 0.0 0.0 0.0 0.0 0.0 0.0 0.0
11:47:09.600 0001 -0.3025231063365936 51.43177795410156 10.557 13.0 162.4293670654297 1.0 0.0 1.0 0.0 0.0 0.0 0.0 0.0 0.0 0.0 0.0 1.0 0.0 1.0 1.0 0.0 0.0 1.0 0.0 0.0 0.0 7.0 1850.0 0.0 11.55 3176.0 2705.8 0.0 Operational 0.0 0.0 0.0 0.0 0.0 0.0 0.0 0.0 0.0 0.0 0.0 0.0 0.0 0.0 0.0 0.0
11:47:09.700 0001 -0.3025231063365936 51.43177795410156 10.557 13.0 162.4293670654297 1.0 0.0 1.0 0.0 0.0 0.0 0.0 0.0 0.0 0.0 0.0 1.0 0.0 1.0 1.0 0.0 0.0 1.0 0.0 0.0 0.0 7.0 1849.0 0.0 11.6 3176.0 2705.8 0.0 Operational 0.0 0.0 0.0 0.0 0.0 0.0 0.0 0.0 0.0 0.0 0.0 0.0 0.0 0.0 0.0 0.0
11:47:09.800 0001 -0.3025231063365936 51.43177795410156 10.557 13.0 162.4293670654297 1.0 0.0 1.0 0.0 0.0 0.0 0.0 0.0 0.0 0.0 0.0 1.0 0.0 1.0 1.0 0.0 0.0 1.0 0.0 0.0 0.0 7.0 1850.0 0.0 11.6 3178.0 2705.8 0.0 Operational 0.0 0.0 0.0 0.0 0.0 0.0 0.0 0.0 0.0 0.0 0.0 0.0 0.0 0.0 0.0 0.0
11:47:09.900 0001 -0.3025223016738891 51.43177032470703 10.377 13.0 162.4293670654297 1.0 0.0 1.0 0.0 0.0 0.0 0.0 0.0 0.0 0.0 0.0 1.0 0.0 1.0 1.0 0.0 0.0 1.0 0.0 0.0 0.0 7.0 1849.0 0.0 11.55 3178.0 2705.8 0.0 Operational 0.0 0.0 0.0 0.0 0.0 0.0 0.0 0.0 0.0 0.0 0.0 0.0 0.0 0.0 0.0 0.0
11:47:10.000 0001 -0.3025223016738891 51.43177032470703 10.377 13.0 162.4293670654297 1.0 0.0 1.0 0.0 0.0 0.0 0.0 0.0 0.0 0.0 0.0 1.0 0.0 1.0 1.0 0.0 0.0 1.0 0.0 0.0 0.0 7.0 1849.0 0.0 11.65 3178.0 2705.8 0.0 Operational 0.0 0.0 0.0 0.0 0.0 0.0 0.0 0.0 0.0 0.0 0.0 0.0 0.0 0.0 0.0 0.0
11:47:10.100 0001 -0.3025223016738891 51.43177032470703 10.377 13.0 162.4293670654297 1.0 0.0 1.0 0.0 0.0 0.0 0.0 0.0 0.0 0.0 0.0 1.0 0.0 1.0 1.0 0.0 0.0 1.0 0.0 0.0 0.0 7.0 1849.0 0.0 11.65 3176.0 2705.8 0.0 Operational 0.0 0.0 0.0 0.0 0.0 0.0 0.0 0.0 0.0 0.0 0.0 0.0 0.0 0.0 0.0 0.0
11:47:10.200 0001 -0.3025223016738891 51.43177032470703 10.377 13.0 162.4293670654297 1.0 0.0 1.0 0.0 0.0 0.0 0.0 0.0 0.0 0.0 0.0 1.0 0.0 1.0 1.0 0.0 0.0 1.0 0.0 0.0 0.0 7.0 1849.0 0.0 11.6 3178.0 2705.8 0.0 Operational 0.0 0.0 0.0 0.0 0.0 0.0 0.0 0.0 0.0 0.0 0.0 0.0 0.0 0.0 0.0 0.0
11:47:10.300 0001 -0.3025223016738891 51.43177032470703 10.377 13.0 162.4293670654297 1.0 0.0 1.0 0.0 0.0 0.0 0.0 0.0 0.0 0.0 0.0 1.0 0.0 1.0 1.0 0.0 0.0 1.0 0.0 0.0 0.0 7.0 1850.0 0.0 11.5 3178.0 2705.8 0.0 Operational 0.0 0.0 0.0 0.0 0.0 0.0 0.0 0.0 0.0 0.0 0.0 0.0 0.0 0.0 0.0 0.0
11:47:10.400 0001 -0.3025223016738891 51.43177032470703 10.377 13.0 162.4293670654297 1.0 0.0 1.0 0.0 0.0 0.0 0.0 0.0 0.0 0.0 0.0 1.0 0.0 1.0 1.0 0.0 0.0 1.0 0.0 0.0 0.0 7.0 1849.0 0.0 11.5 3178.0 2705.8 0.0 Operational 0.0 0.0 0.0 0.0 0.0 0.0 0.0 0.0 0.0 0.0 0.0 0.0 0.0 0.0 0.0 0.0
11:47:10.500 0001 -0.3025223016738891 51.43177032470703 10.377 13.0 162.4293670654297 1.0 0.0 1.0 0.0 0.0 0.0 0.0 0.0 0.0 0.0 0.0 1.0 0.0 1.0 1.0 0.0 0.0 1.0 0.0 0.0 0.0 7.0 1850.0 0.0 11.5 3176.0 2705.8 0.0 Operational 0.0 0.0 0.0 0.0 0.0 0.0 0.0 0.0 0.0 0.0 0.0 0.0 0.0 0.0 0.0 0.0
11:47:10.600 0001 -0.3025223016738891 51.43177032470703 10.377 13.0 162.4293670654297 1.0 0.0 1.0 0.0 0.0 0.0 0.0 0.0 0.0 0.0 0.0 1.0 0.0 1.0 1.0 0.0 0.0 1.0 0.0 0.0 0.0 7.0 1849.0 0.0 11.5 3176.0 2705.8 0.0 Operational 0.0 0.0 0.0 0.0 0.0 0.0 0.0 0.0 0.0 0.0 0.0 0.0 0.0 0.0 0.0 0.0
11:47:10.700 0001 -0.3025223016738891 51.43177032470703 10.377 13.0 162.4293670654297 1.0 0.0 1.0 0.0 0.0 0.0 0.0 0.0 0.0 0.0 0.0 1.0 0.0 1.0 1.0 0.0 0.0 1.0 0.0 0.0 0.0 7.0 1849.0 0.0 11.6 3178.0 2705.8 0.0 Operational 0.0 0.0 0.0 0.0 0.0 0.0 0.0 0.0 0.0 0.0 0.0 0.0 0.0 0.0 0.0 0.0
11:47:10.800 0001 -0.3025223016738891 51.43177032470703 10.377 13.0 162.4293670654297 1.0 0.0 1.0 0.0 0.0 0.0 0.0 0.0 0.0 0.0 0.0 1.0 0.0 1.0 1.0 0.0 0.0 1.0 0.0 0.0 0.0 7.0 1849.0 0.0 11.45 3176.0 2705.8 0.0 Operational 0.0 0.0 0.0 0.0 0.0 0.0 0.0 0.0 0.0 0.0 0.0 0.0 0.0 0.0 0.0 0.0
11:47:10.900 0001 -0.3025124073028564 51.43177032470703 9.614 14.0 162.4293670654297 1.0 0.0 1.0 0.0 0.0 0.0 0.0 0.0 0.0 0.0 0.0 1.0 0.0 1.0 1.0 0.0 0.0 1.0 0.0 0.0 0.0 7.0 1849.0 0.0 11.45 3176.0 2705.8 0.0 Operational 0.0 0.0 0.0 0.0 0.0 0.0 0.0 0.0 0.0 0.0 0.0 0.0 0.0 0.0 0.0 0.0
11:47:11.000 0001 -0.3025124073028564 51.43177032470703 9.614 14.0 162.4293670654297 1.0 0.0 1.0 0.0 0.0 0.0 0.0 0.0 0.0 0.0 0.0 1.0 0.0 1.0 1.0 0.0 0.0 1.0 0.0 0.0 0.0 7.0 1850.0 0.0 11.6 3178.0 2705.8 0.0 Operational 0.0 0.0 0.0 0.0 0.0 0.0 0.0 0.0 0.0 0.0 0.0 0.0 0.0 0.0 0.0 0.0
11:47:11.100 0001 -0.3025124073028564 51.43177032470703 9.614 14.0 162.4293670654297 1.0 0.0 1.0 0.0 0.0 0.0 0.0 0.0 0.0 0.0 0.0 1.0 0.0 1.0 1.0 0.0 0.0 1.0 0.0 0.0 0.0 7.0 1850.0 0.0 11.5 3178.0 2705.8 0.0 Operational 0.0 0.0 0.0 0.0 0.0 0.0 0.0 0.0 0.0 0.0 0.0 0.0 0.0 0.0 0.0 0.0
11:47:11.200 0001 -0.3025124073028564 51.43177032470703 9.614 14.0 162.4293670654297 1.0 0.0 1.0 0.0 0.0 0.0 0.0 0.0 0.0 0.0 0.0 1.0 0.0 1.0 1.0 0.0 0.0 1.0 0.0 0.0 0.0 7.0 1850.0 0.0 11.5 3178.0 2705.8 0.0 Operational 0.0 0.0 0.0 0.0 0.0 0.0 0.0 0.0 0.0 0.0 0.0 0.0 0.0 0.0 0.0 0.0
11:47:11.300 0001 -0.3025124073028564 51.43177032470703 9.614 14.0 162.4293670654297 1.0 0.0 1.0 0.0 0.0 0.0 0.0 0.0 0.0 0.0 0.0 1.0 0.0 1.0 1.0 0.0 0.0 1.0 0.0 0.0 0.0 7.0 1850.0 0.0 11.6 3178.0 2705.8 0.0 Operational 0.0 0.0 0.0 0.0 0.0 0.0 0.0 0.0 0.0 0.0 0.0 0.0 0.0 0.0 0.0 0.0
11:47:11.400 0001 -0.3025124073028564 51.43177032470703 9.614 14.0 162.4293670654297 1.0 0.0 1.0 0.0 0.0 0.0 0.0 0.0 0.0 0.0 0.0 1.0 0.0 1.0 1.0 0.0 0.0 1.0 0.0 0.0 0.0 7.0 1850.0 0.0 11.6 3178.0 2705.8 0.0 Operational 0.0 0.0 0.0 0.0 0.0 0.0 0.0 0.0 0.0 0.0 0.0 0.0 0.0 0.0 0.0 0.0
11:47:11.500 0001 -0.3025124073028564 51.43177032470703 9.614 14.0 162.4293670654297 1.0 0.0 1.0 0.0 0.0 0.0 0.0 0.0 0.0 0.0 0.0 1.0 0.0 1.0 1.0 0.0 0.0 1.0 0.0 0.0 0.0 7.0 1850.0 0.0 11.55 3178.0 2705.8 0.0 Operational 0.0 0.0 0.0 0.0 0.0 0.0 0.0 0.0 0.0 0.0 0.0 0.0 0.0 0.0 0.0 0.0
11:47:11.600 0001 -0.3025124073028564 51.43177032470703 9.614 14.0 162.4293670654297 1.0 0.0 1.0 0.0 0.0 0.0 0.0 0.0 0.0 0.0 0.0 1.0 0.0 1.0 1.0 0.0 0.0 1.0 0.0 0.0 0.0 7.0 1850.0 0.0 11.55 3178.0 2705.8 0.0 Operational 0.0 0.0 0.0 0.0 0.0 0.0 0.0 0.0 0.0 0.0 0.0 0.0 0.0 0.0 0.0 0.0
11:47:11.700 0001 -0.3025124073028564 51.43177032470703 9.614 14.0 162.4293670654297 1.0 0.0 1.0 0.0 0.0 0.0 0.0 0.0 0.0 0.0 0.0 1.0 0.0 1.0 1.0 0.0 0.0 1.0 0.0 0.0 0.0 7.0 1850.0 0.0 11.55 3178.0 2705.8 0.0 Operational 0.0 0.0 0.0 0.0 0.0 0.0 0.0 0.0 0.0 0.0 0.0 0.0 0.0 0.0 0.0 0.0
11:47:11.800 0001 -0.3025124073028564 51.43177032470703 9.614 14.0 162.4293670654297 1.0 0.0 1.0 0.0 0.0 0.0 0.0 0.0 0.0 0.0 0.0 1.0 0.0 1.0 1.0 0.0 0.0 1.0 0.0 0.0 0.0 7.0 1850.0 0.0 11.45 3178.0 2705.8 0.0 Operational 0.0 0.0 0.0 0.0 0.0 0.0 0.0 0.0 0.0 0.0 0.0 0.0 0.0 0.0 0.0 0.0
11:47:11.900 0001 -0.3025107979774475 51.4317626953125 9.462 13.0 162.4293670654297 1.0 0.0 1.0 0.0 0.0 0.0 0.0 0.0 0.0 0.0 0.0 1.0 0.0 1.0 1.0 0.0 0.0 1.0 0.0 0.0 0.0 7.0 1849.0 0.0 11.55 3179.0 2705.8 0.0 Operational 0.0 0.0 0.0 0.0 0.0 0.0 0.0 0.0 0.0 0.0 0.0 0.0 0.0 0.0 0.0 0.0
11:47:12.000 0001 -0.3025107979774475 51.4317626953125 9.462 13.0 162.4293670654297 1.0 0.0 1.0 0.0 0.0 0.0 0.0 0.0 0.0 0.0 0.0 1.0 0.0 1.0 1.0 0.0 0.0 1.0 0.0 0.0 0.0 7.0 1851.0 0.0 11.5 3178.0 2705.8 0.0 Operational 0.0 0.0 0.0 0.0 0.0 0.0 0.0 0.0 0.0 0.0 0.0 0.0 0.0 0.0 0.0 0.0
11:47:12.100 0001 -0.3025107979774475 51.4317626953125 9.462 13.0 162.4293670654297 1.0 0.0 1.0 0.0 0.0 0.0 0.0 0.0 0.0 0.0 0.0 1.0 0.0 1.0 1.0 0.0 0.0 1.0 0.0 0.0 0.0 7.0 1850.0 0.0 11.5 3178.0 2705.8 0.0 Operational 0.0 0.0 0.0 0.0 0.0 0.0 0.0 0.0 0.0 0.0 0.0 0.0 0.0 0.0 0.0 0.0
11:47:12.200 0001 -0.3025107979774475 51.4317626953125 9.462 13.0 162.4293670654297 1.0 0.0 1.0 0.0 0.0 0.0 0.0 0.0 0.0 0.0 0.0 1.0 0.0 1.0 1.0 0.0 0.0 1.0 0.0 0.0 0.0 7.0 1850.0 0.0 11.5 3178.0 2705.8 0.0 Operational 0.0 0.0 0.0 0.0 0.0 0.0 0.0 0.0 0.0 0.0 0.0 0.0 0.0 0.0 0.0 0.0
11:47:12.300 0001 -0.3025107979774475 51.4317626953125 9.462 13.0 162.4293670654297 1.0 0.0 1.0 0.0 0.0 0.0 0.0 0.0 0.0 0.0 0.0 1.0 0.0 1.0 1.0 0.0 0.0 1.0 0.0 0.0 0.0 7.0 1850.0 0.0 11.5 3179.0 2705.8 0.0 Operational 0.0 0.0 0.0 0.0 0.0 0.0 0.0 0.0 0.0 0.0 0.0 0.0 0.0 0.0 0.0 0.0
11:47:12.400 0001 -0.3025107979774475 51.4317626953125 9.462 13.0 162.4293670654297 1.0 0.0 1.0 0.0 0.0 0.0 0.0 0.0 0.0 0.0 0.0 1.0 0.0 1.0 1.0 0.0 0.0 1.0 0.0 0.0 0.0 7.0 1850.0 0.0 11.4 3178.0 2705.8 0.0 Operational 0.0 0.0 0.0 0.0 0.0 0.0 0.0 0.0 0.0 0.0 0.0 0.0 0.0 0.0 0.0 0.0
11:47:12.500 0001 -0.3025107979774475 51.4317626953125 9.462 13.0 162.4293670654297 1.0 0.0 1.0 0.0 0.0 0.0 0.0 0.0 0.0 0.0 0.0 1.0 0.0 1.0 1.0 0.0 0.0 1.0 0.0 0.0 0.0 7.0 1850.0 0.0 11.4 3178.0 2705.8 0.0 Operational 0.0 0.0 0.0 0.0 0.0 0.0 0.0 0.0 0.0 0.0 0.0 0.0 0.0 0.0 0.0 0.0
11:47:12.600 0001 -0.3025107979774475 51.4317626953125 9.462 13.0 162.4293670654297 1.0 0.0 1.0 0.0 0.0 0.0 0.0 0.0 0.0 0.0 0.0 1.0 0.0 1.0 1.0 0.0 0.0 1.0 0.0 0.0 0.0 7.0 1850.0 0.0 11.45 3178.0 2705.8 0.0 Operational 0.0 0.0 0.0 0.0 0.0 0.0 0.0 0.0 0.0 0.0 0.0 0.0 0.0 0.0 0.0 0.0
11:47:12.700 0001 -0.3025107979774475 51.4317626953125 9.462 13.0 162.4293670654297 1.0 0.0 1.0 0.0 0.0 0.0 0.0 0.0 0.0 0.0 0.0 1.0 0.0 1.0 1.0 0.0 0.0 1.0 0.0 0.0 0.0 7.0 1849.0 0.0 11.45 3176.0 2705.8 0.0 Operational 0.0 0.0 0.0 0.0 0.0 0.0 0.0 0.0 0.0 0.0 0.0 0.0 0.0 0.0 0.0 0.0
11:47:12.800 0001 -0.3025107979774475 51.4317626953125 9.462 13.0 162.4293670654297 1.0 0.0 1.0 0.0 0.0 0.0 0.0 0.0 0.0 0.0 0.0 1.0 0.0 1.0 1.0 0.0 0.0 1.0 0.0 0.0 0.0 7.0 1850.0 0.0 11.45 3178.0 2705.8 0.0 Operational 0.0 0.0 0.0 0.0 0.0 0.0 0.0 0.0 0.0 0.0 0.0 0.0 0.0 0.0 0.0 0.0
11:47:12.900 0001 -0.3025116920471191 51.4317626953125 9.426 13.0 162.4293670654297 1.0 0.0 1.0 0.0 0.0 0.0 0.0 0.0 0.0 0.0 0.0 1.0 0.0 1.0 1.0 0.0 0.0 1.0 0.0 0.0 0.0 7.0 1849.0 0.0 11.4 3178.0 2705.8 0.0 Operational 0.0 0.0 0.0 0.0 0.0 0.0 0.0 0.0 0.0 0.0 0.0 0.0 0.0 0.0 0.0 0.0
11:47:13.000 0001 -0.3025116920471191 51.4317626953125 9.426 13.0 162.4293670654297 1.0 0.0 1.0 0.0 0.0 0.0 0.0 0.0 0.0 0.0 0.0 1.0 0.0 1.0 1.0 0.0 0.0 1.0 0.0 0.0 0.0 7.0 1850.0 0.0 11.4 3176.0 2705.8 0.0 Operational 0.0 0.0 0.0 0.0 0.0 0.0 0.0 0.0 0.0 0.0 0.0 0.0 0.0 0.0 0.0 0.0
11:47:13.100 0001 -0.3025116920471191 51.4317626953125 9.426 13.0 162.4293670654297 1.0 0.0 1.0 0.0 0.0 0.0 0.0 0.0 0.0 0.0 0.0 1.0 0.0 1.0 1.0 0.0 0.0 1.0 0.0 0.0 0.0 7.0 1849.0 0.0 11.35 3176.0 2705.8 0.0 Operational 0.0 0.0 0.0 0.0 0.0 0.0 0.0 0.0 0.0 0.0 0.0 0.0 0.0 0.0 0.0 0.0
11:47:13.200 0001 -0.3025116920471191 51.4317626953125 9.426 13.0 162.4293670654297 1.0 0.0 1.0 0.0 0.0 0.0 0.0 0.0 0.0 0.0 0.0 1.0 0.0 1.0 1.0 0.0 0.0 1.0 0.0 0.0 0.0 7.0 1850.0 0.0 11.4 3176.0 2705.8 0.0 Operational 0.0 0.0 0.0 0.0 0.0 0.0 0.0 0.0 0.0 0.0 0.0 0.0 0.0 0.0 0.0 0.0
11:47:13.300 0001 -0.3025116920471191 51.4317626953125 9.426 13.0 162.4293670654297 1.0 0.0 1.0 0.0 0.0 0.0 0.0 0.0 0.0 0.0 0.0 1.0 0.0 1.0 1.0 0.0 0.0 1.0 0.0 0.0 0.0 7.0 1849.0 0.0 11.35 3176.0 2705.8 0.0 Operational 0.0 0.0 0.0 0.0 0.0 0.0 0.0 0.0 0.0 0.0 0.0 0.0 0.0 0.0 0.0 0.0
11:47:13.400 0001 -0.3025116920471191 51.4317626953125 9.426 13.0 162.4293670654297 1.0 0.0 1.0 0.0 0.0 0.0 0.0 0.0 0.0 0.0 0.0 1.0 0.0 1.0 1.0 0.0 0.0 1.0 0.0 0.0 0.0 7.0 1849.0 0.0 11.35 3178.0 2705.8 0.0 Operational 0.0 0.0 0.0 0.0 0.0 0.0 0.0 0.0 0.0 0.0 0.0 0.0 0.0 0.0 0.0 0.0
11:47:13.500 0001 -0.3025116920471191 51.4317626953125 9.426 13.0 162.4293670654297 1.0 0.0 1.0 0.0 0.0 0.0 0.0 0.0 0.0 0.0 0.0 1.0 0.0 1.0 1.0 0.0 0.0 1.0 0.0 0.0 0.0 7.0 1849.0 0.0 11.55 3176.0 2705.8 0.0 Operational 0.0 0.0 0.0 0.0 0.0 0.0 0.0 0.0 0.0 0.0 0.0 0.0 0.0 0.0 0.0 0.0
11:47:13.600 0001 -0.3025116920471191 51.4317626953125 9.426 13.0 162.4293670654297 1.0 0.0 1.0 0.0 0.0 0.0 0.0 0.0 0.0 0.0 0.0 1.0 0.0 1.0 1.0 0.0 0.0 1.0 0.0 0.0 0.0 7.0 1849.0 0.0 11.45 3176.0 2705.8 0.0 Operational 0.0 0.0 0.0 0.0 0.0 0.0 0.0 0.0 0.0 0.0 0.0 0.0 0.0 0.0 0.0 0.0
11:47:13.700 0001 -0.3025116920471191 51.4317626953125 9.426 13.0 162.4293670654297 1.0 0.0 1.0 0.0 0.0 0.0 0.0 0.0 0.0 0.0 0.0 1.0 0.0 1.0 1.0 0.0 0.0 1.0 0.0 0.0 0.0 7.0 1849.0 0.0 11.45 3176.0 2705.8 0.0 Operational 0.0 0.0 0.0 0.0 0.0 0.0 0.0 0.0 0.0 0.0 0.0 0.0 0.0 0.0 0.0 0.0
11:47:13.800 0001 -0.3025116920471191 51.4317626953125 9.426 13.0 162.4293670654297 1.0 0.0 1.0 0.0 0.0 0.0 0.0 0.0 0.0 0.0 0.0 1.0 0.0 1.0 1.0 0.0 0.0 1.0 0.0 0.0 0.0 7.0 1849.0 0.0 11.5 3176.0 2705.8 0.0 Operational 0.0 0.0 0.0 0.0 0.0 0.0 0.0 0.0 0.0 0.0 0.0 0.0 0.0 0.0 0.0 0.0
11:47:13.900 0001 -0.3025071024894714 51.4317626953125 9.193 11.0 162.4293670654297 1.0 0.0 1.0 0.0 0.0 0.0 0.0 0.0 0.0 0.0 0.0 1.0 0.0 1.0 1.0 0.0 0.0 1.0 0.0 0.0 0.0 7.0 1850.0 0.0 11.5 3178.0 2705.8 0.0 Operational 0.0 0.0 0.0 0.0 0.0 0.0 0.0 0.0 0.0 0.0 0.0 0.0 0.0 0.0 0.0 0.0
11:47:14.000 0001 -0.3025071024894714 51.4317626953125 9.193 11.0 162.4293670654297 1.0 0.0 1.0 0.0 0.0 0.0 0.0 0.0 0.0 0.0 0.0 1.0 0.0 1.0 1.0 0.0 0.0 1.0 0.0 0.0 0.0 7.0 1850.0 0.0 11.45 3176.0 2705.8 0.0 Operational 0.0 0.0 0.0 0.0 0.0 0.0 0.0 0.0 0.0 0.0 0.0 0.0 0.0 0.0 0.0 0.0
11:47:14.100 0001 -0.3025071024894714 51.4317626953125 9.193 11.0 162.4293670654297 1.0 0.0 1.0 0.0 0.0 0.0 0.0 0.0 0.0 0.0 0.0 1.0 0.0 1.0 1.0 0.0 0.0 1.0 0.0 0.0 0.0 7.0 1849.0 0.0 11.5 3178.0 2705.8 0.0 Operational 0.0 0.0 0.0 0.0 0.0 0.0 0.0 0.0 0.0 0.0 0.0 0.0 0.0 0.0 0.0 0.0
11:47:14.200 0001 -0.3025071024894714 51.4317626953125 9.193 11.0 162.4293670654297 1.0 0.0 1.0 0.0 0.0 0.0 0.0 0.0 0.0 0.0 0.0 1.0 0.0 1.0 1.0 0.0 0.0 1.0 0.0 0.0 0.0 7.0 1850.0 0.0 11.5 3178.0 2705.8 0.0 Operational 0.0 0.0 0.0 0.0 0.0 0.0 0.0 0.0 0.0 0.0 0.0 0.0 0.0 0.0 0.0 0.0
11:47:14.300 0001 -0.3025071024894714 51.4317626953125 9.193 11.0 162.4293670654297 1.0 0.0 1.0 0.0 0.0 0.0 0.0 0.0 0.0 0.0 0.0 1.0 0.0 1.0 1.0 0.0 0.0 1.0 0.0 0.0 0.0 7.0 1849.0 0.0 11.5 3176.0 2705.8 0.0 Operational 0.0 0.0 0.0 0.0 0.0 0.0 0.0 0.0 0.0 0.0 0.0 0.0 0.0 0.0 0.0 0.0
11:47:14.400 0001 -0.3025071024894714 51.4317626953125 9.193 11.0 162.4293670654297 1.0 0.0 1.0 0.0 0.0 0.0 0.0 0.0 0.0 0.0 0.0 1.0 0.0 1.0 1.0 0.0 0.0 1.0 0.0 0.0 0.0 7.0 1849.0 0.0 11.5 3178.0 2705.8 0.0 Operational 0.0 0.0 0.0 0.0 0.0 0.0 0.0 0.0 0.0 0.0 0.0 0.0 0.0 0.0 0.0 0.0
11:47:14.500 0001 -0.3025071024894714 51.4317626953125 9.193 11.0 162.4293670654297 1.0 0.0 1.0 0.0 0.0 0.0 0.0 0.0 0.0 0.0 0.0 1.0 0.0 1.0 1.0 0.0 0.0 1.0 0.0 0.0 0.0 7.0 1850.0 0.0 11.45 3178.0 2705.8 0.0 Operational 0.0 0.0 0.0 0.0 0.0 0.0 0.0 0.0 0.0 0.0 0.0 0.0 0.0 0.0 0.0 0.0
11:47:14.600 0001 -0.3025071024894714 51.4317626953125 9.193 11.0 162.4293670654297 1.0 0.0 1.0 0.0 0.0 0.0 0.0 0.0 0.0 0.0 0.0 1.0 0.0 1.0 1.0 0.0 0.0 1.0 0.0 0.0 0.0 7.0 1850.0 0.0 11.45 3178.0 2705.8 0.0 Operational 0.0 0.0 0.0 0.0 0.0 0.0 0.0 0.0 0.0 0.0 0.0 0.0 0.0 0.0 0.0 0.0
11:47:14.700 0001 -0.3025071024894714 51.4317626953125 9.193 11.0 162.4293670654297 1.0 0.0 1.0 0.0 0.0 0.0 0.0 0.0 0.0 0.0 0.0 1.0 0.0 1.0 1.0 0.0 0.0 1.0 0.0 0.0 0.0 7.0 1850.0 0.0 11.55 3178.0 2705.8 0.0 Operational 0.0 0.0 0.0 0.0 0.0 0.0 0.0 0.0 0.0 0.0 0.0 0.0 0.0 0.0 0.0 0.0
11:47:14.800 0001 -0.3025071024894714 51.4317626953125 9.193 11.0 162.4293670654297 1.0 0.0 1.0 0.0 0.0 0.0 0.0 0.0 0.0 0.0 0.0 1.0 0.0 1.0 1.0 0.0 0.0 1.0 0.0 0.0 0.0 7.0 1850.0 0.0 11.5 3178.0 2705.8 0.0 Operational 0.0 0.0 0.0 0.0 0.0 0.0 0.0 0.0 0.0 0.0 0.0 0.0 0.0 0.0 0.0 0.0
11:47:14.900 0001 -0.3025068044662475 51.431758880615234 9.096 12.0 162.4293670654297 1.0 0.0 1.0 0.0 0.0 0.0 0.0 0.0 0.0 0.0 0.0 1.0 0.0 1.0 1.0 0.0 0.0 1.0 0.0 0.0 0.0 7.0 1849.0 0.0 11.45 3176.0 2705.8 0.0 Operational 0.0 0.0 0.0 0.0 0.0 0.0 0.0 0.0 0.0 0.0 0.0 0.0 0.0 0.0 0.0 0.0
11:47:15.000 0001 -0.3025068044662475 51.431758880615234 9.096 12.0 162.4293670654297 1.0 0.0 1.0 0.0 0.0 0.0 0.0 0.0 0.0 0.0 0.0 1.0 0.0 1.0 1.0 0.0 0.0 1.0 0.0 0.0 0.0 7.0 1849.0 0.0 11.5 3176.0 2705.8 0.0 Operational 0.0 0.0 0.0 0.0 0.0 0.0 0.0 0.0 0.0 0.0 0.0 0.0 0.0 0.0 0.0 0.0
11:47:15.100 0001 -0.3025068044662475 51.431758880615234 9.096 12.0 162.4293670654297 1.0 0.0 1.0 0.0 0.0 0.0 0.0 0.0 0.0 0.0 0.0 1.0 0.0 1.0 1.0 0.0 0.0 1.0 0.0 0.0 0.0 7.0 1849.0 0.0 11.5 3178.0 2705.8 0.0 Operational 0.0 0.0 0.0 0.0 0.0 0.0 0.0 0.0 0.0 0.0 0.0 0.0 0.0 0.0 0.0 0.0
11:47:15.200 0001 -0.3025068044662475 51.431758880615234 9.096 12.0 162.4293670654297 1.0 0.0 1.0 0.0 0.0 0.0 0.0 0.0 0.0 0.0 0.0 1.0 0.0 1.0 1.0 0.0 0.0 1.0 0.0 0.0 0.0 7.0 1850.0 0.0 11.4 3178.0 2705.8 0.0 Operational 0.0 0.0 0.0 0.0 0.0 0.0 0.0 0.0 0.0 0.0 0.0 0.0 0.0 0.0 0.0 0.0
11:47:15.300 0001 -0.3025068044662475 51.431758880615234 9.096 12.0 162.4293670654297 1.0 0.0 1.0 0.0 0.0 0.0 0.0 0.0 0.0 0.0 0.0 1.0 0.0 1.0 1.0 0.0 0.0 1.0 0.0 0.0 0.0 7.0 1849.0 0.0 11.45 3178.0 2705.8 0.0 Operational 0.0 0.0 0.0 0.0 0.0 0.0 0.0 0.0 0.0 0.0 0.0 0.0 0.0 0.0 0.0 0.0
11:47:15.400 0001 -0.3025068044662475 51.431758880615234 9.096 12.0 162.4293670654297 1.0 0.0 1.0 0.0 0.0 0.0 0.0 0.0 0.0 0.0 0.0 1.0 0.0 1.0 1.0 0.0 0.0 1.0 0.0 0.0 0.0 7.0 1850.0 0.0 11.45 3176.0 2705.8 0.0 Operational 0.0 0.0 0.0 0.0 0.0 0.0 0.0 0.0 0.0 0.0 0.0 0.0 0.0 0.0 0.0 0.0
11:47:15.500 0001 -0.3025068044662475 51.431758880615234 9.096 12.0 162.4293670654297 1.0 0.0 1.0 0.0 0.0 0.0 0.0 0.0 0.0 0.0 0.0 1.0 0.0 1.0 1.0 0.0 0.0 1.0 0.0 0.0 0.0 7.0 1849.0 0.0 11.45 3176.0 2705.8 0.0 Operational 0.0 0.0 0.0 0.0 0.0 0.0 0.0 0.0 0.0 0.0 0.0 0.0 0.0 0.0 0.0 0.0
11:47:15.600 0001 -0.3025068044662475 51.431758880615234 9.096 12.0 162.4293670654297 1.0 0.0 1.0 0.0 0.0 0.0 0.0 0.0 0.0 0.0 0.0 1.0 0.0 1.0 1.0 0.0 0.0 1.0 0.0 0.0 0.0 7.0 1849.0 0.0 11.45 3176.0 2705.8 0.0 Operational 0.0 0.0 0.0 0.0 0.0 0.0 0.0 0.0 0.0 0.0 0.0 0.0 0.0 0.0 0.0 0.0
11:47:15.700 0001 -0.3025068044662475 51.431758880615234 9.096 12.0 162.4293670654297 1.0 0.0 1.0 0.0 0.0 0.0 0.0 0.0 0.0 0.0 0.0 1.0 0.0 1.0 1.0 0.0 0.0 1.0 0.0 0.0 0.0 7.0 1850.0 0.0 11.55 3178.0 2705.8 0.0 Operational 0.0 0.0 0.0 0.0 0.0 0.0 0.0 0.0 0.0 0.0 0.0 0.0 0.0 0.0 0.0 0.0
11:47:15.800 0001 -0.3025068044662475 51.431758880615234 9.096 12.0 162.4293670654297 1.0 0.0 1.0 0.0 0.0 0.0 0.0 0.0 0.0 0.0 0.0 1.0 0.0 1.0 1.0 0.0 0.0 1.0 0.0 0.0 0.0 7.0 1849.0 0.0 11.4 3176.0 2705.8 0.0 Operational 0.0 0.0 0.0 0.0 0.0 0.0 0.0 0.0 0.0 0.0 0.0 0.0 0.0 0.0 0.0 0.0
11:47:15.900 0001 -0.3025051057338714 51.431758880615234 9.038 12.0 162.4293670654297 1.0 0.0 1.0 0.0 0.0 0.0 0.0 0.0 0.0 0.0 0.0 1.0 0.0 1.0 1.0 0.0 0.0 1.0 0.0 0.0 0.0 7.0 1850.0 0.0 11.55 3178.0 2705.8 0.0 Operational 0.0 0.0 0.0 0.0 0.0 0.0 0.0 0.0 0.0 0.0 0.0 0.0 0.0 0.0 0.0 0.0
11:47:16.000 0001 -0.3025051057338714 51.431758880615234 9.038 12.0 162.4293670654297 1.0 0.0 1.0 0.0 0.0 0.0 0.0 0.0 0.0 0.0 0.0 1.0 0.0 1.0 1.0 0.0 0.0 1.0 0.0 0.0 0.0 7.0 1849.0 0.0 11.45 3176.0 2705.8 0.0 Operational 0.0 0.0 0.0 0.0 0.0 0.0 0.0 0.0 0.0 0.0 0.0 0.0 0.0 0.0 0.0 0.0
11:47:16.100 0001 -0.3025051057338714 51.431758880615234 9.038 12.0 162.4293670654297 1.0 0.0 1.0 0.0 0.0 0.0 0.0 0.0 0.0 0.0 0.0 1.0 0.0 1.0 1.0 0.0 0.0 1.0 0.0 0.0 0.0 7.0 1850.0 0.0 11.55 3178.0 2705.8 0.0 Operational 0.0 0.0 0.0 0.0 0.0 0.0 0.0 0.0 0.0 0.0 0.0 0.0 0.0 0.0 0.0 0.0
11:47:16.200 0001 -0.3025051057338714 51.431758880615234 9.038 12.0 162.4293670654297 1.0 0.0 1.0 0.0 0.0 0.0 0.0 0.0 0.0 0.0 0.0 1.0 0.0 1.0 1.0 0.0 0.0 1.0 0.0 0.0 0.0 7.0 1849.0 0.0 11.55 3176.0 2705.8 0.0 Operational 0.0 0.0 0.0 0.0 0.0 0.0 0.0 0.0 0.0 0.0 0.0 0.0 0.0 0.0 0.0 0.0
11:47:16.300 0001 -0.3025051057338714 51.431758880615234 9.038 12.0 162.4293670654297 1.0 0.0 1.0 0.0 0.0 0.0 0.0 0.0 0.0 0.0 0.0 1.0 0.0 1.0 1.0 0.0 0.0 1.0 0.0 0.0 0.0 7.0 1850.0 0.0 11.55 3178.0 2705.8 0.0 Operational 0.0 0.0 0.0 0.0 0.0 0.0 0.0 0.0 0.0 0.0 0.0 0.0 0.0 0.0 0.0 0.0
11:47:16.400 0001 -0.3025051057338714 51.431758880615234 9.038 12.0 162.4293670654297 1.0 0.0 1.0 0.0 0.0 0.0 0.0 0.0 0.0 0.0 0.0 1.0 0.0 1.0 1.0 0.0 0.0 1.0 0.0 0.0 0.0 7.0 1850.0 0.0 11.55 3178.0 2705.8 0.0 Operational 0.0 0.0 0.0 0.0 0.0 0.0 0.0 0.0 0.0 0.0 0.0 0.0 0.0 0.0 0.0 0.0
11:47:16.500 0001 -0.3025051057338714 51.431758880615234 9.038 12.0 162.4293670654297 1.0 0.0 1.0 0.0 0.0 0.0 0.0 0.0 0.0 0.0 0.0 1.0 0.0 1.0 1.0 0.0 0.0 1.0 0.0 0.0 0.0 7.0 1850.0 0.0 11.5 3178.0 2705.8 0.0 Operational 0.0 0.0 0.0 0.0 0.0 0.0 0.0 0.0 0.0 0.0 0.0 0.0 0.0 0.0 0.0 0.0
11:47:16.600 0001 -0.3025051057338714 51.431758880615234 9.038 12.0 162.4293670654297 1.0 0.0 1.0 0.0 0.0 0.0 0.0 0.0 0.0 0.0 0.0 1.0 0.0 1.0 1.0 0.0 0.0 1.0 0.0 0.0 0.0 7.0 1850.0 0.0 11.5 3178.0 2705.8 0.0 Operational 0.0 0.0 0.0 0.0 0.0 0.0 0.0 0.0 0.0 0.0 0.0 0.0 0.0 0.0 0.0 0.0
11:47:16.700 0001 -0.3025051057338714 51.431758880615234 9.038 12.0 162.4293670654297 1.0 0.0 1.0 0.0 0.0 0.0 0.0 0.0 0.0 0.0 0.0 1.0 0.0 1.0 1.0 0.0 0.0 1.0 0.0 0.0 0.0 7.0 1850.0 0.0 11.5 3178.0 2705.8 0.0 Operational 0.0 0.0 0.0 0.0 0.0 0.0 0.0 0.0 0.0 0.0 0.0 0.0 0.0 0.0 0.0 0.0
11:47:16.800 0001 -0.3025051057338714 51.431758880615234 9.038 12.0 162.4293670654297 1.0 0.0 1.0 0.0 0.0 0.0 0.0 0.0 0.0 0.0 0.0 1.0 0.0 1.0 1.0 0.0 0.0 1.0 0.0 0.0 0.0 7.0 1850.0 0.0 11.45 3178.0 2705.8 0.0 Operational 0.0 0.0 0.0 0.0 0.0 0.0 0.0 0.0 0.0 0.0 0.0 0.0 0.0 0.0 0.0 0.0
11:47:16.900 0001 -0.3025059998035431 51.43175506591797 9.382 12.0 162.4293670654297 1.0 0.0 1.0 0.0 0.0 0.0 0.0 0.0 0.0 0.0 0.0 1.0 0.0 1.0 1.0 0.0 0.0 1.0 0.0 0.0 0.0 7.0 1849.0 0.0 11.45 3176.0 2705.8 0.0 Operational 0.0 0.0 0.0 0.0 0.0 0.0 0.0 0.0 0.0 0.0 0.0 0.0 0.0 0.0 0.0 0.0
11:47:17.000 0001 -0.3025059998035431 51.43175506591797 9.382 12.0 162.4293670654297 1.0 0.0 1.0 0.0 0.0 0.0 0.0 0.0 0.0 0.0 0.0 1.0 0.0 1.0 1.0 0.0 0.0 1.0 0.0 0.0 0.0 7.0 1850.0 0.0 11.4 3178.0 2705.8 0.0 Operational 0.0 0.0 0.0 0.0 0.0 0.0 0.0 0.0 0.0 0.0 0.0 0.0 0.0 0.0 0.0 0.0
11:47:17.100 0001 -0.3025059998035431 51.43175506591797 9.382 12.0 162.4293670654297 1.0 0.0 1.0 0.0 0.0 0.0 0.0 0.0 0.0 0.0 0.0 1.0 0.0 1.0 1.0 0.0 0.0 1.0 0.0 0.0 0.0 7.0 1849.0 0.0 11.5 3178.0 2705.8 0.0 Operational 0.0 0.0 0.0 0.0 0.0 0.0 0.0 0.0 0.0 0.0 0.0 0.0 0.0 0.0 0.0 0.0
11:47:17.200 0001 -0.3025059998035431 51.43175506591797 9.382 12.0 162.4293670654297 1.0 0.0 1.0 0.0 0.0 0.0 0.0 0.0 0.0 0.0 0.0 1.0 0.0 1.0 1.0 0.0 0.0 1.0 0.0 0.0 0.0 7.0 1849.0 0.0 11.5 3176.0 2705.8 0.0 Operational 0.0 0.0 0.0 0.0 0.0 0.0 0.0 0.0 0.0 0.0 0.0 0.0 0.0 0.0 0.0 0.0
11:47:17.300 0001 -0.3025059998035431 51.43175506591797 9.382 12.0 162.4293670654297 1.0 0.0 1.0 0.0 0.0 0.0 0.0 0.0 0.0 0.0 0.0 1.0 0.0 1.0 1.0 0.0 0.0 1.0 0.0 0.0 0.0 7.0 1849.0 0.0 11.4 3176.0 2705.8 0.0 Operational 0.0 0.0 0.0 0.0 0.0 0.0 0.0 0.0 0.0 0.0 0.0 0.0 0.0 0.0 0.0 0.0
11:47:17.400 0001 -0.3025059998035431 51.43175506591797 9.382 12.0 162.4293670654297 1.0 0.0 1.0 0.0 0.0 0.0 0.0 0.0 0.0 0.0 0.0 1.0 0.0 1.0 1.0 0.0 0.0 1.0 0.0 0.0 0.0 7.0 1850.0 0.0 11.55 3176.0 2705.8 0.0 Operational 0.0 0.0 0.0 0.0 0.0 0.0 0.0 0.0 0.0 0.0 0.0 0.0 0.0 0.0 0.0 0.0
11:47:17.500 0001 -0.3025059998035431 51.43175506591797 9.382 12.0 162.4293670654297 1.0 0.0 1.0 0.0 0.0 0.0 0.0 0.0 0.0 0.0 0.0 1.0 0.0 1.0 1.0 0.0 0.0 1.0 0.0 0.0 0.0 7.0 1849.0 0.0 11.45 3176.0 2705.8 0.0 Operational 0.0 0.0 0.0 0.0 0.0 0.0 0.0 0.0 0.0 0.0 0.0 0.0 0.0 0.0 0.0 0.0
11:47:17.600 0001 -0.3025059998035431 51.43175506591797 9.382 12.0 162.4293670654297 1.0 0.0 1.0 0.0 0.0 0.0 0.0 0.0 0.0 0.0 0.0 1.0 0.0 1.0 1.0 0.0 0.0 1.0 0.0 0.0 0.0 7.0 1849.0 0.0 11.4 3178.0 2705.8 0.0 Operational 0.0 0.0 0.0 0.0 0.0 0.0 0.0 0.0 0.0 0.0 0.0 0.0 0.0 0.0 0.0 0.0
11:47:17.700 0001 -0.3025059998035431 51.43175506591797 9.382 12.0 162.4293670654297 1.0 0.0 1.0 0.0 0.0 0.0 0.0 0.0 0.0 0.0 0.0 1.0 0.0 1.0 1.0 0.0 0.0 1.0 0.0 0.0 0.0 7.0 1849.0 0.0 11.4 3176.0 2705.8 0.0 Operational 0.0 0.0 0.0 0.0 0.0 0.0 0.0 0.0 0.0 0.0 0.0 0.0 0.0 0.0 0.0 0.0
11:47:17.800 0001 -0.3025059998035431 51.43175506591797 9.382 12.0 162.4293670654297 1.0 0.0 1.0 0.0 0.0 0.0 0.0 0.0 0.0 0.0 0.0 1.0 0.0 1.0 1.0 0.0 0.0 1.0 0.0 0.0 0.0 7.0 1849.0 0.0 11.5 3178.0 2705.8 0.0 Operational 0.0 0.0 0.0 0.0 0.0 0.0 0.0 0.0 0.0 0.0 0.0 0.0 0.0 0.0 0.0 0.0
11:47:17.900 0001 -0.3025015890598297 51.43175506591797 9.473 12.0 162.4293670654297 1.0 0.0 1.0 0.0 0.0 0.0 0.0 0.0 0.0 0.0 0.0 1.0 0.0 1.0 1.0 0.0 0.0 1.0 0.0 0.0 0.0 7.0 1850.0 0.0 11.5 3178.0 2705.8 0.0 Operational 0.0 0.0 0.0 0.0 0.0 0.0 0.0 0.0 0.0 0.0 0.0 0.0 0.0 0.0 0.0 0.0
11:47:18.000 0001 -0.3025015890598297 51.43175506591797 9.473 12.0 162.4293670654297 1.0 0.0 1.0 0.0 0.0 0.0 0.0 0.0 0.0 0.0 0.0 1.0 0.0 1.0 1.0 0.0 0.0 1.0 0.0 0.0 0.0 7.0 1849.0 0.0 11.45 3176.0 2705.8 0.0 Operational 0.0 0.0 0.0 0.0 0.0 0.0 0.0 0.0 0.0 0.0 0.0 0.0 0.0 0.0 0.0 0.0
11:47:18.100 0001 -0.3025015890598297 51.43175506591797 9.473 12.0 162.4293670654297 1.0 0.0 1.0 0.0 0.0 0.0 0.0 0.0 0.0 0.0 0.0 1.0 0.0 1.0 1.0 0.0 0.0 1.0 0.0 0.0 0.0 7.0 1850.0 0.0 11.5 3178.0 2705.8 0.0 Operational 0.0 0.0 0.0 0.0 0.0 0.0 0.0 0.0 0.0 0.0 0.0 0.0 0.0 0.0 0.0 0.0
11:47:18.200 0001 -0.3025015890598297 51.43175506591797 9.473 12.0 162.4293670654297 1.0 0.0 1.0 0.0 0.0 0.0 0.0 0.0 0.0 0.0 0.0 1.0 0.0 1.0 1.0 0.0 0.0 1.0 0.0 0.0 0.0 7.0 1849.0 0.0 11.5 3176.0 2705.8 0.0 Operational 0.0 0.0 0.0 0.0 0.0 0.0 0.0 0.0 0.0 0.0 0.0 0.0 0.0 0.0 0.0 0.0
11:47:18.300 0001 -0.3025015890598297 51.43175506591797 9.473 12.0 162.4293670654297 1.0 0.0 1.0 0.0 0.0 0.0 0.0 0.0 0.0 0.0 0.0 1.0 0.0 1.0 1.0 0.0 0.0 1.0 0.0 0.0 0.0 7.0 1849.0 0.0 11.4 3176.0 2705.8 0.0 Operational 0.0 0.0 0.0 0.0 0.0 0.0 0.0 0.0 0.0 0.0 0.0 0.0 0.0 0.0 0.0 0.0
11:47:18.400 0001 -0.3025015890598297 51.43175506591797 9.473 12.0 162.4293670654297 1.0 0.0 1.0 0.0 0.0 0.0 0.0 0.0 0.0 0.0 0.0 1.0 0.0 1.0 1.0 0.0 0.0 1.0 0.0 0.0 0.0 7.0 1850.0 0.0 11.45 3178.0 2705.8 0.0 Operational 0.0 0.0 0.0 0.0 0.0 0.0 0.0 0.0 0.0 0.0 0.0 0.0 0.0 0.0 0.0 0.0
11:47:18.500 0001 -0.3025015890598297 51.43175506591797 9.473 12.0 162.4293670654297 1.0 0.0 1.0 0.0 0.0 0.0 0.0 0.0 0.0 0.0 0.0 1.0 0.0 1.0 1.0 0.0 0.0 1.0 0.0 0.0 0.0 7.0 1849.0 0.0 11.45 3176.0 2705.8 0.0 Operational 0.0 0.0 0.0 0.0 0.0 0.0 0.0 0.0 0.0 0.0 0.0 0.0 0.0 0.0 0.0 0.0
11:47:18.600 0001 -0.3025015890598297 51.43175506591797 9.473 12.0 162.4293670654297 1.0 0.0 1.0 0.0 0.0 0.0 0.0 0.0 0.0 0.0 0.0 1.0 0.0 1.0 1.0 0.0 0.0 1.0 0.0 0.0 0.0 7.0 1850.0 0.0 11.4 3178.0 2705.8 0.0 Operational 0.0 0.0 0.0 0.0 0.0 0.0 0.0 0.0 0.0 0.0 0.0 0.0 0.0 0.0 0.0 0.0
11:47:18.700 0001 -0.3025015890598297 51.43175506591797 9.473 12.0 162.4293670654297 1.0 0.0 1.0 0.0 0.0 0.0 0.0 0.0 0.0 0.0 0.0 1.0 0.0 1.0 1.0 0.0 0.0 1.0 0.0 0.0 0.0 7.0 1850.0 0.0 11.5 3178.0 2705.8 0.0 Operational 0.0 0.0 0.0 0.0 0.0 0.0 0.0 0.0 0.0 0.0 0.0 0.0 0.0 0.0 0.0 0.0
11:47:18.800 0001 -0.3025015890598297 51.43175506591797 9.473 12.0 162.4293670654297 1.0 0.0 1.0 0.0 0.0 0.0 0.0 0.0 0.0 0.0 0.0 1.0 0.0 1.0 1.0 0.0 0.0 1.0 0.0 0.0 0.0 7.0 1849.0 0.0 11.35 3176.0 2705.8 0.0 Operational 0.0 0.0 0.0 0.0 0.0 0.0 0.0 0.0 0.0 0.0 0.0 0.0 0.0 0.0 0.0 0.0
11:47:18.900 0001 -0.3025018870830536 51.43175506591797 9.349 12.0 162.4293670654297 1.0 0.0 1.0 0.0 0.0 0.0 0.0 0.0 0.0 0.0 0.0 1.0 0.0 1.0 1.0 0.0 0.0 1.0 0.0 0.0 0.0 7.0 1849.0 0.0 11.35 3176.0 2705.8 0.0 Operational 0.0 0.0 0.0 0.0 0.0 0.0 0.0 0.0 0.0 0.0 0.0 0.0 0.0 0.0 0.0 0.0
11:47:19.000 0001 -0.3025018870830536 51.43175506591797 9.349 12.0 162.4293670654297 1.0 0.0 1.0 0.0 0.0 0.0 0.0 0.0 0.0 0.0 0.0 1.0 0.0 1.0 1.0 0.0 0.0 1.0 0.0 0.0 0.0 7.0 1850.0 0.0 11.5 3178.0 2705.8 0.0 Operational 0.0 0.0 0.0 0.0 0.0 0.0 0.0 0.0 0.0 0.0 0.0 0.0 0.0 0.0 0.0 0.0
11:47:19.100 0001 -0.3025018870830536 51.43175506591797 9.349 12.0 162.4293670654297 1.0 0.0 1.0 0.0 0.0 0.0 0.0 0.0 0.0 0.0 0.0 1.0 0.0 1.0 1.0 0.0 0.0 1.0 0.0 0.0 0.0 7.0 1849.0 0.0 11.55 3178.0 2705.8 0.0 Operational 0.0 0.0 0.0 0.0 0.0 0.0 0.0 0.0 0.0 0.0 0.0 0.0 0.0 0.0 0.0 0.0
11:47:19.200 0001 -0.3025018870830536 51.43175506591797 9.349 12.0 162.4293670654297 1.0 0.0 1.0 0.0 0.0 0.0 0.0 0.0 0.0 0.0 0.0 1.0 0.0 1.0 1.0 0.0 0.0 1.0 0.0 0.0 0.0 7.0 1850.0 0.0 11.35 3178.0 2705.8 0.0 Operational 0.0 0.0 0.0 0.0 0.0 0.0 0.0 0.0 0.0 0.0 0.0 0.0 0.0 0.0 0.0 0.0
11:47:19.300 0001 -0.3025018870830536 51.43175506591797 9.349 12.0 162.4293670654297 1.0 0.0 1.0 0.0 0.0 0.0 0.0 0.0 0.0 0.0 0.0 1.0 0.0 1.0 1.0 0.0 0.0 1.0 0.0 0.0 0.0 7.0 1850.0 0.0 11.45 3176.0 2705.8 0.0 Operational 0.0 0.0 0.0 0.0 0.0 0.0 0.0 0.0 0.0 0.0 0.0 0.0 0.0 0.0 0.0 0.0
11:47:19.400 0001 -0.3025018870830536 51.43175506591797 9.349 12.0 162.4293670654297 1.0 0.0 1.0 0.0 0.0 0.0 0.0 0.0 0.0 0.0 0.0 1.0 0.0 1.0 1.0 0.0 0.0 1.0 0.0 0.0 0.0 7.0 1850.0 0.0 11.45 3178.0 2705.8 0.0 Operational 0.0 0.0 0.0 0.0 0.0 0.0 0.0 0.0 0.0 0.0 0.0 0.0 0.0 0.0 0.0 0.0
11:47:19.500 0001 -0.3025018870830536 51.43175506591797 9.349 12.0 162.4293670654297 1.0 0.0 1.0 0.0 0.0 0.0 0.0 0.0 0.0 0.0 0.0 1.0 0.0 1.0 1.0 0.0 0.0 1.0 0.0 0.0 0.0 7.0 1850.0 0.0 11.4 3178.0 2705.8 0.0 Operational 0.0 0.0 0.0 0.0 0.0 0.0 0.0 0.0 0.0 0.0 0.0 0.0 0.0 0.0 0.0 0.0
11:47:19.600 0001 -0.3025018870830536 51.43175506591797 9.349 12.0 162.4293670654297 1.0 0.0 1.0 0.0 0.0 0.0 0.0 0.0 0.0 0.0 0.0 1.0 0.0 1.0 1.0 0.0 0.0 1.0 0.0 0.0 0.0 7.0 1849.0 0.0 11.45 3176.0 2705.8 0.0 Operational 0.0 0.0 0.0 0.0 0.0 0.0 0.0 0.0 0.0 0.0 0.0 0.0 0.0 0.0 0.0 0.0
11:47:19.700 0001 -0.3025018870830536 51.43175506591797 9.349 12.0 162.4293670654297 1.0 0.0 1.0 0.0 0.0 0.0 0.0 0.0 0.0 0.0 0.0 1.0 0.0 1.0 1.0 0.0 0.0 1.0 0.0 0.0 0.0 7.0 1849.0 0.0 11.4 3176.0 2705.8 0.0 Operational 0.0 0.0 0.0 0.0 0.0 0.0 0.0 0.0 0.0 0.0 0.0 0.0 0.0 0.0 0.0 0.0
11:47:19.800 0001 -0.3025018870830536 51.43175506591797 9.349 12.0 162.4293670654297 1.0 0.0 1.0 0.0 0.0 0.0 0.0 0.0 0.0 0.0 0.0 1.0 0.0 1.0 1.0 0.0 0.0 1.0 0.0 0.0 0.0 7.0 1849.0 0.0 11.4 3176.0 2705.8 0.0 Operational 0.0 0.0 0.0 0.0 0.0 0.0 0.0 0.0 0.0 0.0 0.0 0.0 0.0 0.0 0.0 0.0
11:47:19.900 0001 -0.3024986982345581 51.43174743652344 9.28 11.0 162.4293670654297 1.0 0.0 1.0 0.0 0.0 0.0 0.0 0.0 0.0 0.0 0.0 1.0 0.0 1.0 1.0 0.0 0.0 1.0 0.0 0.0 0.0 7.0 1850.0 0.0 11.4 3178.0 2705.8 0.0 Operational 0.0 0.0 0.0 0.0 0.0 0.0 0.0 0.0 0.0 0.0 0.0 0.0 0.0 0.0 0.0 0.0
11:47:20.000 0001 -0.3024986982345581 51.43174743652344 9.28 11.0 162.4293670654297 1.0 0.0 1.0 0.0 0.0 0.0 0.0 0.0 0.0 0.0 0.0 1.0 0.0 1.0 1.0 0.0 0.0 1.0 0.0 0.0 0.0 7.0 1849.0 0.0 11.5 3176.0 2705.8 0.0 Operational 0.0 0.0 0.0 0.0 0.0 0.0 0.0 0.0 0.0 0.0 0.0 0.0 0.0 0.0 0.0 0.0
11:47:20.100 0001 -0.3024986982345581 51.43174743652344 9.28 11.0 162.4293670654297 1.0 0.0 1.0 0.0 0.0 0.0 0.0 0.0 0.0 0.0 0.0 1.0 0.0 1.0 1.0 0.0 0.0 1.0 0.0 0.0 0.0 7.0 1850.0 0.0 11.3 3178.0 2705.8 0.0 Operational 0.0 0.0 0.0 0.0 0.0 0.0 0.0 0.0 0.0 0.0 0.0 0.0 0.0 0.0 0.0 0.0
11:47:20.200 0001 -0.3024986982345581 51.43174743652344 9.28 11.0 162.4293670654297 1.0 0.0 1.0 0.0 0.0 0.0 0.0 0.0 0.0 0.0 0.0 1.0 0.0 1.0 1.0 0.0 0.0 1.0 0.0 0.0 0.0 7.0 1850.0 0.0 11.5 3176.0 2705.8 0.0 Operational 0.0 0.0 0.0 0.0 0.0 0.0 0.0 0.0 0.0 0.0 0.0 0.0 0.0 0.0 0.0 0.0
11:47:20.300 0001 -0.3024986982345581 51.43174743652344 9.28 11.0 162.4293670654297 1.0 0.0 1.0 0.0 0.0 0.0 0.0 0.0 0.0 0.0 0.0 1.0 0.0 1.0 1.0 0.0 0.0 1.0 0.0 0.0 0.0 7.0 1850.0 0.0 11.35 3178.0 2705.8 0.0 Operational 0.0 0.0 0.0 0.0 0.0 0.0 0.0 0.0 0.0 0.0 0.0 0.0 0.0 0.0 0.0 0.0
11:47:20.400 0001 -0.3024986982345581 51.43174743652344 9.28 11.0 162.4293670654297 1.0 0.0 1.0 0.0 0.0 0.0 0.0 0.0 0.0 0.0 0.0 1.0 0.0 1.0 1.0 0.0 0.0 1.0 0.0 0.0 0.0 7.0 1849.0 0.0 11.35 3176.0 2705.8 0.0 Operational 0.0 0.0 0.0 0.0 0.0 0.0 0.0 0.0 0.0 0.0 0.0 0.0 0.0 0.0 0.0 0.0
11:47:20.500 0001 -0.3024986982345581 51.43174743652344 9.28 11.0 162.4293670654297 1.0 0.0 1.0 0.0 0.0 0.0 0.0 0.0 0.0 0.0 0.0 1.0 0.0 1.0 1.0 0.0 0.0 1.0 0.0 0.0 0.0 7.0 1849.0 0.0 11.45 3176.0 2705.8 0.0 Operational 0.0 0.0 0.0 0.0 0.0 0.0 0.0 0.0 0.0 0.0 0.0 0.0 0.0 0.0 0.0 0.0
11:47:20.600 0001 -0.3024986982345581 51.43174743652344 9.28 11.0 162.4293670654297 1.0 0.0 1.0 0.0 0.0 0.0 0.0 0.0 0.0 0.0 0.0 1.0 0.0 1.0 1.0 0.0 0.0 1.0 0.0 0.0 0.0 7.0 1850.0 0.0 11.5 3178.0 2705.8 0.0 Operational 0.0 0.0 0.0 0.0 0.0 0.0 0.0 0.0 0.0 0.0 0.0 0.0 0.0 0.0 0.0 0.0
11:47:20.700 0001 -0.3024986982345581 51.43174743652344 9.28 11.0 162.4293670654297 1.0 0.0 1.0 0.0 0.0 0.0 0.0 0.0 0.0 0.0 0.0 1.0 0.0 1.0 1.0 0.0 0.0 1.0 0.0 0.0 0.0 7.0 1849.0 0.0 11.45 3176.0 2705.8 0.0 Operational 0.0 0.0 0.0 0.0 0.0 0.0 0.0 0.0 0.0 0.0 0.0 0.0 0.0 0.0 0.0 0.0
11:47:20.800 0001 -0.3024986982345581 51.43174743652344 9.28 11.0 162.4293670654297 1.0 0.0 1.0 0.0 0.0 0.0 0.0 0.0 0.0 0.0 0.0 1.0 0.0 1.0 1.0 0.0 0.0 1.0 0.0 0.0 0.0 7.0 1849.0 0.0 11.45 3178.0 2705.8 0.0 Operational 0.0 0.0 0.0 0.0 0.0 0.0 0.0 0.0 0.0 0.0 0.0 0.0 0.0 0.0 0.0 0.0
11:47:20.900 0001 -0.3024840056896209 51.43174743652344 9.491 11.0 162.4293670654297 1.0 0.0 1.0 0.0 0.0 0.0 0.0 0.0 0.0 0.0 0.0 1.0 0.0 1.0 1.0 0.0 0.0 1.0 0.0 0.0 0.0 7.0 1849.0 0.0 11.4 3178.0 2705.8 0.0 Operational 0.0 0.0 0.0 0.0 0.0 0.0 0.0 0.0 0.0 0.0 0.0 0.0 0.0 0.0 0.0 0.0
11:47:21.000 0001 -0.3024840056896209 51.43174743652344 9.491 11.0 162.4293670654297 1.0 0.0 1.0 0.0 0.0 0.0 0.0 0.0 0.0 0.0 0.0 1.0 0.0 1.0 1.0 0.0 0.0 1.0 0.0 0.0 0.0 7.0 1850.0 0.0 11.45 3178.0 2705.8 0.0 Operational 0.0 0.0 0.0 0.0 0.0 0.0 0.0 0.0 0.0 0.0 0.0 0.0 0.0 0.0 0.0 0.0
11:47:21.100 0001 -0.3024840056896209 51.43174743652344 9.491 11.0 162.4293670654297 1.0 0.0 1.0 0.0 0.0 0.0 0.0 0.0 0.0 0.0 0.0 1.0 0.0 1.0 1.0 0.0 0.0 1.0 0.0 0.0 0.0 7.0 1849.0 0.0 11.45 3176.0 2705.8 0.0 Operational 0.0 0.0 0.0 0.0 0.0 0.0 0.0 0.0 0.0 0.0 0.0 0.0 0.0 0.0 0.0 0.0
11:47:21.200 0001 -0.3024840056896209 51.43174743652344 9.491 11.0 162.4293670654297 1.0 0.0 1.0 0.0 0.0 0.0 0.0 0.0 0.0 0.0 0.0 1.0 0.0 1.0 1.0 0.0 0.0 1.0 0.0 0.0 0.0 7.0 1849.0 0.0 11.45 3176.0 2705.8500000000004 0.0 Operational 0.0 0.0 0.0 0.0 0.0 0.0 0.0 0.0 0.0 0.0 0.0 0.0 0.0 0.0 0.0 0.0
11:47:21.300 0001 -0.3024840056896209 51.43174743652344 9.491 11.0 162.4293670654297 1.0 0.0 1.0 0.0 0.0 0.0 0.0 0.0 0.0 0.0 0.0 1.0 0.0 1.0 1.0 0.0 0.0 1.0 0.0 0.0 0.0 7.0 1849.0 0.0 11.55 3176.0 2705.8500000000004 0.0 Operational 0.0 0.0 0.0 0.0 0.0 0.0 0.0 0.0 0.0 0.0 0.0 0.0 0.0 0.0 0.0 0.0
11:47:21.400 0001 -0.3024840056896209 51.43174743652344 9.491 11.0 162.4293670654297 1.0 0.0 1.0 0.0 0.0 0.0 0.0 0.0 0.0 0.0 0.0 1.0 0.0 1.0 1.0 0.0 0.0 1.0 0.0 0.0 0.0 7.0 1850.0 0.0 11.55 3178.0 2705.8500000000004 0.0 Operational 0.0 0.0 0.0 0.0 0.0 0.0 0.0 0.0 0.0 0.0 0.0 0.0 0.0 0.0 0.0 0.0
11:47:21.500 0001 -0.3024840056896209 51.43174743652344 9.491 11.0 162.4293670654297 1.0 0.0 1.0 0.0 0.0 0.0 0.0 0.0 0.0 0.0 0.0 1.0 0.0 1.0 1.0 0.0 0.0 1.0 0.0 0.0 0.0 7.0 1849.0 0.0 11.55 3176.0 2705.8500000000004 0.0 Operational 0.0 0.0 0.0 0.0 0.0 0.0 0.0 0.0 0.0 0.0 0.0 0.0 0.0 0.0 0.0 0.0
11:47:21.600 0001 -0.3024840056896209 51.43174743652344 9.491 11.0 162.4293670654297 1.0 0.0 1.0 0.0 0.0 0.0 0.0 0.0 0.0 0.0 0.0 1.0 0.0 1.0 1.0 0.0 0.0 1.0 0.0 0.0 0.0 7.0 1849.0 0.0 11.4 3176.0 2705.8500000000004 0.0 Operational 0.0 0.0 0.0 0.0 0.0 0.0 0.0 0.0 0.0 0.0 0.0 0.0 0.0 0.0 0.0 0.0
11:47:21.700 0001 -0.3024840056896209 51.43174743652344 9.491 11.0 162.4293670654297 1.0 0.0 1.0 0.0 0.0 0.0 0.0 0.0 0.0 0.0 0.0 1.0 0.0 1.0 1.0 0.0 0.0 1.0 0.0 0.0 0.0 7.0 1849.0 0.0 11.5 3176.0 2705.8500000000004 0.0 Operational 0.0 0.0 0.0 0.0 0.0 0.0 0.0 0.0 0.0 0.0 0.0 0.0 0.0 0.0 0.0 0.0
11:47:21.800 0001 -0.3024840056896209 51.43174743652344 9.491 11.0 162.4293670654297 1.0 0.0 1.0 0.0 0.0 0.0 0.0 0.0 0.0 0.0 0.0 1.0 0.0 1.0 1.0 0.0 0.0 1.0 0.0 0.0 0.0 7.0 1849.0 0.0 11.4 3176.0 2705.8500000000004 0.0 Operational 0.0 0.0 0.0 0.0 0.0 0.0 0.0 0.0 0.0 0.0 0.0 0.0 0.0 0.0 0.0 0.0
11:47:21.900 0001 -0.3024724125862121 51.43173599243164 9.127 11.0 162.4293670654297 1.0 0.0 1.0 0.0 0.0 0.0 0.0 0.0 0.0 0.0 0.0 1.0 0.0 1.0 1.0 0.0 0.0 1.0 0.0 0.0 0.0 7.0 1849.0 0.0 11.55 3178.0 2705.8500000000004 0.0 Operational 0.0 0.0 0.0 0.0 0.0 0.0 0.0 0.0 0.0 0.0 0.0 0.0 0.0 0.0 0.0 0.0
11:47:22.000 0001 -0.3024724125862121 51.43173599243164 9.127 11.0 162.4293670654297 1.0 0.0 1.0 0.0 0.0 0.0 0.0 0.0 0.0 0.0 0.0 1.0 0.0 1.0 1.0 0.0 0.0 1.0 0.0 0.0 0.0 7.0 1849.0 0.0 11.55 3176.0 2705.8500000000004 0.0 Operational 0.0 0.0 0.0 0.0 0.0 0.0 0.0 0.0 0.0 0.0 0.0 0.0 0.0 0.0 0.0 0.0
11:47:22.100 0001 -0.3024724125862121 51.43173599243164 9.127 11.0 162.4293670654297 1.0 0.0 1.0 0.0 0.0 0.0 0.0 0.0 0.0 0.0 0.0 1.0 0.0 1.0 1.0 0.0 0.0 1.0 0.0 0.0 0.0 7.0 1850.0 0.0 11.6 3178.0 2705.8500000000004 0.0 Operational 0.0 0.0 0.0 0.0 0.0 0.0 0.0 0.0 0.0 0.0 0.0 0.0 0.0 0.0 0.0 0.0
11:47:22.200 0001 -0.3024724125862121 51.43173599243164 9.127 11.0 162.4293670654297 1.0 0.0 1.0 0.0 0.0 0.0 0.0 0.0 0.0 0.0 0.0 1.0 0.0 1.0 1.0 0.0 0.0 1.0 0.0 0.0 0.0 7.0 1849.0 0.0 11.45 3176.0 2705.8500000000004 0.0 Operational 0.0 0.0 0.0 0.0 0.0 0.0 0.0 0.0 0.0 0.0 0.0 0.0 0.0 0.0 0.0 0.0
11:47:22.300 0001 -0.3024724125862121 51.43173599243164 9.127 11.0 162.4293670654297 1.0 0.0 1.0 0.0 0.0 0.0 0.0 0.0 0.0 0.0 0.0 1.0 0.0 1.0 1.0 0.0 0.0 1.0 0.0 0.0 0.0 7.0 1849.0 0.0 11.5 3178.0 2705.8500000000004 0.0 Operational 0.0 0.0 0.0 0.0 0.0 0.0 0.0 0.0 0.0 0.0 0.0 0.0 0.0 0.0 0.0 0.0
11:47:22.400 0001 -0.3024724125862121 51.43173599243164 9.127 11.0 162.4293670654297 1.0 0.0 1.0 0.0 0.0 0.0 0.0 0.0 0.0 0.0 0.0 1.0 0.0 1.0 1.0 0.0 0.0 1.0 0.0 0.0 0.0 7.0 1850.0 0.0 11.55 3178.0 2705.8500000000004 0.0 Operational 0.0 0.0 0.0 0.0 0.0 0.0 0.0 0.0 0.0 0.0 0.0 0.0 0.0 0.0 0.0 0.0
11:47:22.500 0001 -0.3024724125862121 51.43173599243164 9.127 11.0 162.4293670654297 1.0 0.0 1.0 0.0 0.0 0.0 0.0 0.0 0.0 0.0 0.0 1.0 0.0 1.0 1.0 0.0 0.0 1.0 0.0 0.0 0.0 7.0 1850.0 0.0 11.5 3178.0 2705.8500000000004 0.0 Operational 0.0 0.0 0.0 0.0 0.0 0.0 0.0 0.0 0.0 0.0 0.0 0.0 0.0 0.0 0.0 0.0
11:47:22.600 0001 -0.3024724125862121 51.43173599243164 9.127 11.0 162.4293670654297 1.0 0.0 1.0 0.0 0.0 0.0 0.0 0.0 0.0 0.0 0.0 1.0 0.0 1.0 1.0 0.0 0.0 1.0 0.0 0.0 0.0 7.0 1850.0 0.0 11.5 3176.0 2705.8500000000004 0.0 Operational 0.0 0.0 0.0 0.0 0.0 0.0 0.0 0.0 0.0 0.0 0.0 0.0 0.0 0.0 0.0 0.0
11:47:22.700 0001 -0.3024724125862121 51.43173599243164 9.127 11.0 162.4293670654297 1.0 0.0 1.0 0.0 0.0 0.0 0.0 0.0 0.0 0.0 0.0 1.0 0.0 1.0 1.0 0.0 0.0 1.0 0.0 0.0 0.0 7.0 1849.0 0.0 11.5 3178.0 2705.8500000000004 0.0 Operational 0.0 0.0 0.0 0.0 0.0 0.0 0.0 0.0 0.0 0.0 0.0 0.0 0.0 0.0 0.0 0.0
11:47:22.800 0001 -0.3024724125862121 51.43173599243164 9.127 11.0 162.4293670654297 1.0 0.0 1.0 0.0 0.0 0.0 0.0 0.0 0.0 0.0 0.0 1.0 0.0 1.0 1.0 0.0 0.0 1.0 0.0 0.0 0.0 7.0 1850.0 0.0 11.4 3178.0 2705.8500000000004 0.0 Operational 0.0 0.0 0.0 0.0 0.0 0.0 0.0 0.0 0.0 0.0 0.0 0.0 0.0 0.0 0.0 0.0
11:47:22.900 0001 -0.3024671971797943 51.43172073364258 8.65 11.0 162.4293670654297 1.0 0.0 1.0 0.0 0.0 0.0 0.0 0.0 0.0 0.0 0.0 1.0 0.0 1.0 1.0 0.0 0.0 1.0 0.0 0.0 0.0 7.0 1849.0 0.0 11.4 3176.0 2705.8500000000004 0.0 Operational 0.0 0.0 0.0 0.0 0.0 0.0 0.0 0.0 0.0 0.0 0.0 0.0 0.0 0.0 0.0 0.0
11:47:23.000 0001 -0.3024671971797943 51.43172073364258 8.65 11.0 162.4293670654297 1.0 0.0 1.0 0.0 0.0 0.0 0.0 0.0 0.0 0.0 0.0 1.0 0.0 1.0 1.0 0.0 0.0 1.0 0.0 0.0 0.0 7.0 1849.0 0.0 11.4 3178.0 2705.8500000000004 0.0 Operational 0.0 0.0 0.0 0.0 0.0 0.0 0.0 0.0 0.0 0.0 0.0 0.0 0.0 0.0 0.0 0.0
11:47:23.100 0001 -0.3024671971797943 51.43172073364258 8.65 11.0 162.4293670654297 1.0 0.0 1.0 0.0 0.0 0.0 0.0 0.0 0.0 0.0 0.0 1.0 0.0 1.0 1.0 0.0 0.0 1.0 0.0 0.0 0.0 7.0 1850.0 0.0 11.45 3178.0 2705.8500000000004 0.0 Operational 0.0 0.0 0.0 0.0 0.0 0.0 0.0 0.0 0.0 0.0 0.0 0.0 0.0 0.0 0.0 0.0
11:47:23.200 0001 -0.3024671971797943 51.43172073364258 8.65 11.0 162.4293670654297 1.0 0.0 1.0 0.0 0.0 0.0 0.0 0.0 0.0 0.0 0.0 1.0 0.0 1.0 1.0 0.0 0.0 1.0 0.0 0.0 0.0 7.0 1849.0 0.0 11.45 3178.0 2705.8500000000004 0.0 Operational 0.0 0.0 0.0 0.0 0.0 0.0 0.0 0.0 0.0 0.0 0.0 0.0 0.0 0.0 0.0 0.0
11:47:23.300 0001 -0.3024671971797943 51.43172073364258 8.65 11.0 162.4293670654297 1.0 0.0 1.0 0.0 0.0 0.0 0.0 0.0 0.0 0.0 0.0 1.0 0.0 1.0 1.0 0.0 0.0 1.0 0.0 0.0 0.0 7.0 1848.0 0.0 11.45 3174.0 2705.8500000000004 0.0 Operational 0.0 0.0 0.0 0.0 0.0 0.0 0.0 0.0 0.0 0.0 0.0 0.0 0.0 0.0 0.0 0.0
11:47:23.400 0001 -0.3024671971797943 51.43172073364258 8.65 11.0 162.4293670654297 1.0 0.0 1.0 0.0 0.0 0.0 0.0 0.0 0.0 0.0 0.0 1.0 0.0 1.0 1.0 0.0 0.0 1.0 0.0 0.0 0.0 7.0 1849.0 0.0 11.45 3176.0 2705.8500000000004 0.0 Operational 0.0 0.0 0.0 0.0 0.0 0.0 0.0 0.0 0.0 0.0 0.0 0.0 0.0 0.0 0.0 0.0
11:47:23.500 0001 -0.3024671971797943 51.43172073364258 8.65 11.0 162.4293670654297 1.0 0.0 1.0 0.0 0.0 0.0 0.0 0.0 0.0 0.0 0.0 1.0 0.0 1.0 1.0 0.0 0.0 1.0 0.0 0.0 0.0 7.0 1850.0 0.0 11.45 3176.0 2705.8500000000004 0.0 Operational 0.0 0.0 0.0 0.0 0.0 0.0 0.0 0.0 0.0 0.0 0.0 0.0 0.0 0.0 0.0 0.0
11:47:23.600 0001 -0.3024671971797943 51.43172073364258 8.65 11.0 162.4293670654297 1.0 0.0 1.0 0.0 0.0 0.0 0.0 0.0 0.0 0.0 0.0 1.0 0.0 1.0 1.0 0.0 0.0 1.0 0.0 0.0 0.0 7.0 1849.0 0.0 11.6 3176.0 2705.8500000000004 0.0 Operational 0.0 0.0 0.0 0.0 0.0 0.0 0.0 0.0 0.0 0.0 0.0 0.0 0.0 0.0 0.0 0.0
11:47:23.700 0001 -0.3024671971797943 51.43172073364258 8.65 11.0 162.4293670654297 1.0 0.0 1.0 0.0 0.0 0.0 0.0 0.0 0.0 0.0 0.0 1.0 0.0 1.0 1.0 0.0 0.0 1.0 0.0 0.0 0.0 7.0 1849.0 0.0 11.5 3176.0 2705.8500000000004 0.0 Operational 0.0 0.0 0.0 0.0 0.0 0.0 0.0 0.0 0.0 0.0 0.0 0.0 0.0 0.0 0.0 0.0
11:47:23.800 0001 -0.3024671971797943 51.43172073364258 8.65 11.0 162.4293670654297 1.0 0.0 1.0 0.0 0.0 0.0 0.0 0.0 0.0 0.0 0.0 1.0 0.0 1.0 1.0 0.0 0.0 1.0 0.0 0.0 0.0 7.0 1850.0 0.0 11.55 3178.0 2705.8500000000004 0.0 Operational 0.0 0.0 0.0 0.0 0.0 0.0 0.0 0.0 0.0 0.0 0.0 0.0 0.0 0.0 0.0 0.0
11:47:23.900 0001 -0.3024598956108093 51.43170547485352 8.479000000000001 12.0 153.46788024902344 1.0 0.0 1.0 0.0 0.0 0.0 0.0 0.0 0.0 0.0 0.0 1.0 0.0 1.0 1.0 0.0 0.0 1.0 0.0 0.0 0.0 7.0 1850.0 0.0 11.55 3178.0 2705.8500000000004 0.0 Operational 0.0 0.0 0.0 0.0 0.0 0.0 0.0 0.0 0.0 0.0 0.0 0.0 0.0 0.0 0.0 0.0
11:47:24.000 0001 -0.3024598956108093 51.43170547485352 8.479000000000001 12.0 153.46788024902344 1.0 0.0 1.0 0.0 0.0 0.0 0.0 0.0 0.0 0.0 0.0 1.0 0.0 1.0 1.0 0.0 0.0 1.0 0.0 0.0 0.0 7.0 1849.0 0.0 11.5 3176.0 2705.8500000000004 0.0 Operational 0.0 0.0 0.0 0.0 0.0 0.0 0.0 0.0 0.0 0.0 0.0 0.0 0.0 0.0 0.0 0.0
11:47:24.100 0001 -0.3024598956108093 51.43170547485352 8.479000000000001 12.0 153.46788024902344 1.0 0.0 1.0 0.0 0.0 0.0 0.0 0.0 0.0 0.0 0.0 1.0 0.0 1.0 1.0 0.0 0.0 1.0 0.0 0.0 0.0 7.0 1850.0 0.0 11.6 3178.0 2705.8500000000004 0.0 Operational 0.0 0.0 0.0 0.0 0.0 0.0 0.0 0.0 0.0 0.0 0.0 0.0 0.0 0.0 0.0 0.0
11:47:24.200 0001 -0.3024598956108093 51.43170547485352 8.479000000000001 12.0 153.46788024902344 1.0 0.0 1.0 0.0 0.0 0.0 0.0 0.0 0.0 0.0 0.0 1.0 0.0 1.0 1.0 0.0 0.0 1.0 0.0 0.0 0.0 7.0 1850.0 0.0 11.5 3178.0 2705.8500000000004 0.0 Operational 0.0 0.0 0.0 0.0 0.0 0.0 0.0 0.0 0.0 0.0 0.0 0.0 0.0 0.0 0.0 0.0
11:47:24.300 0001 -0.3024598956108093 51.43170547485352 8.479000000000001 12.0 153.46788024902344 1.0 0.0 1.0 0.0 0.0 0.0 0.0 0.0 0.0 0.0 0.0 1.0 0.0 1.0 1.0 0.0 0.0 1.0 0.0 0.0 0.0 7.0 1849.0 0.0 11.5 3176.0 2705.8500000000004 0.0 Operational 0.0 0.0 0.0 0.0 0.0 0.0 0.0 0.0 0.0 0.0 0.0 0.0 0.0 0.0 0.0 0.0
11:47:24.400 0001 -0.3024598956108093 51.43170547485352 8.479000000000001 12.0 153.46788024902344 1.0 0.0 1.0 0.0 0.0 0.0 0.0 0.0 0.0 0.0 0.0 1.0 0.0 1.0 1.0 0.0 0.0 1.0 0.0 0.0 0.0 7.0 1850.0 0.0 11.45 3178.0 2705.8500000000004 0.0 Operational 0.0 0.0 0.0 0.0 0.0 0.0 0.0 0.0 0.0 0.0 0.0 0.0 0.0 0.0 0.0 0.0
11:47:24.500 0001 -0.3024598956108093 51.43170547485352 8.479000000000001 12.0 153.46788024902344 1.0 0.0 1.0 0.0 0.0 0.0 0.0 0.0 0.0 0.0 0.0 1.0 0.0 1.0 1.0 0.0 0.0 1.0 0.0 0.0 0.0 7.0 1850.0 0.0 11.55 3178.0 2705.8500000000004 0.0 Operational 0.0 0.0 0.0 0.0 0.0 0.0 0.0 0.0 0.0 0.0 0.0 0.0 0.0 0.0 0.0 0.0
11:47:24.600 0001 -0.3024598956108093 51.43170547485352 8.479000000000001 12.0 153.46788024902344 1.0 0.0 1.0 0.0 0.0 0.0 0.0 0.0 0.0 0.0 0.0 1.0 0.0 1.0 1.0 0.0 0.0 1.0 0.0 0.0 0.0 7.0 1850.0 0.0 11.4 3178.0 2705.8500000000004 0.0 Operational 0.0 0.0 0.0 0.0 0.0 0.0 0.0 0.0 0.0 0.0 0.0 0.0 0.0 0.0 0.0 0.0
11:47:24.700 0001 -0.3024598956108093 51.43170547485352 8.479000000000001 12.0 153.46788024902344 1.0 0.0 1.0 0.0 0.0 0.0 0.0 0.0 0.0 0.0 0.0 1.0 0.0 1.0 1.0 0.0 0.0 1.0 0.0 0.0 0.0 7.0 1849.0 0.0 11.4 3176.0 2705.8500000000004 0.0 Operational 0.0 0.0 0.0 0.0 0.0 0.0 0.0 0.0 0.0 0.0 0.0 0.0 0.0 0.0 0.0 0.0
11:47:24.800 0001 -0.3024598956108093 51.43170547485352 8.479000000000001 12.0 153.46788024902344 1.0 0.0 1.0 0.0 0.0 0.0 0.0 0.0 0.0 0.0 0.0 1.0 0.0 1.0 1.0 0.0 0.0 1.0 0.0 0.0 0.0 7.0 1849.0 0.0 11.5 3176.0 2705.8500000000004 0.0 Operational 0.0 0.0 0.0 0.0 0.0 0.0 0.0 0.0 0.0 0.0 0.0 0.0 0.0 0.0 0.0 0.0
11:47:24.900 0001 -0.3024553060531616 51.43168258666992 8.093 12.0 157.66790771484375 1.0 0.0 1.0 0.0 0.0 0.0 0.0 0.0 0.0 0.0 0.0 1.0 0.0 1.0 1.0 0.0 0.0 1.0 0.0 0.0 0.0 7.0 1849.0 0.0 11.45 3176.0 2705.8500000000004 0.0 Operational 0.0 0.0 0.0 0.0 0.0 0.0 0.0 0.0 0.0 0.0 0.0 0.0 0.0 0.0 0.0 0.0
11:47:25.000 0001 -0.3024553060531616 51.43168258666992 8.093 12.0 157.66790771484375 1.0 0.0 1.0 0.0 0.0 0.0 0.0 0.0 0.0 0.0 0.0 1.0 0.0 1.0 1.0 0.0 0.0 1.0 0.0 0.0 0.0 7.0 1849.0 0.0 11.55 3176.0 2705.8500000000004 0.0 Operational 0.0 0.0 0.0 0.0 0.0 0.0 0.0 0.0 0.0 0.0 0.0 0.0 0.0 0.0 0.0 0.0
11:47:25.100 0001 -0.3024553060531616 51.43168258666992 8.093 12.0 157.66790771484375 1.0 0.0 1.0 0.0 0.0 0.0 0.0 0.0 0.0 0.0 0.0 1.0 0.0 1.0 1.0 0.0 0.0 1.0 0.0 0.0 0.0 7.0 1849.0 0.0 11.55 3176.0 2705.8500000000004 0.0 Operational 0.0 0.0 0.0 0.0 0.0 0.0 0.0 0.0 0.0 0.0 0.0 0.0 0.0 0.0 0.0 0.0
11:47:25.200 0001 -0.3024553060531616 51.43168258666992 8.093 12.0 157.66790771484375 1.0 0.0 1.0 0.0 0.0 0.0 0.0 0.0 0.0 0.0 0.0 1.0 0.0 1.0 1.0 0.0 0.0 1.0 0.0 0.0 0.0 7.0 1848.0 0.0 11.6 3174.0 2705.8500000000004 0.0 Operational 0.0 0.0 0.0 0.0 0.0 0.0 0.0 0.0 0.0 0.0 0.0 0.0 0.0 0.0 0.0 0.0
11:47:25.300 0001 -0.3024553060531616 51.43168258666992 8.093 12.0 157.66790771484375 1.0 0.0 1.0 0.0 0.0 0.0 0.0 0.0 0.0 0.0 0.0 1.0 0.0 1.0 1.0 0.0 0.0 1.0 0.0 0.0 0.0 7.0 1849.0 0.0 11.5 3176.0 2705.8500000000004 0.0 Operational 0.0 0.0 0.0 0.0 0.0 0.0 0.0 0.0 0.0 0.0 0.0 0.0 0.0 0.0 0.0 0.0
11:47:25.400 0001 -0.3024553060531616 51.43168258666992 8.093 12.0 157.66790771484375 1.0 0.0 1.0 0.0 0.0 0.0 0.0 0.0 0.0 0.0 0.0 1.0 0.0 1.0 1.0 0.0 0.0 1.0 0.0 0.0 0.0 7.0 1849.0 0.0 11.65 3176.0 2705.8500000000004 0.0 Operational 0.0 0.0 0.0 0.0 0.0 0.0 0.0 0.0 0.0 0.0 0.0 0.0 0.0 0.0 0.0 0.0
11:47:25.500 0001 -0.3024553060531616 51.43168258666992 8.093 12.0 157.66790771484375 1.0 0.0 1.0 0.0 0.0 0.0 0.0 0.0 0.0 0.0 0.0 1.0 0.0 1.0 1.0 0.0 0.0 1.0 0.0 0.0 0.0 7.0 1849.0 0.0 11.6 3178.0 2705.8500000000004 0.0 Operational 0.0 0.0 0.0 0.0 0.0 0.0 0.0 0.0 0.0 0.0 0.0 0.0 0.0 0.0 0.0 0.0
11:47:25.600 0001 -0.3024553060531616 51.43168258666992 8.093 12.0 157.66790771484375 1.0 0.0 1.0 0.0 0.0 0.0 0.0 0.0 0.0 0.0 0.0 1.0 0.0 1.0 1.0 0.0 0.0 1.0 0.0 0.0 0.0 7.0 1850.0 0.0 11.6 3176.0 2705.8500000000004 0.0 Operational 0.0 0.0 0.0 0.0 0.0 0.0 0.0 0.0 0.0 0.0 0.0 0.0 0.0 0.0 0.0 0.0
11:47:25.700 0001 -0.3024553060531616 51.43168258666992 8.093 12.0 157.66790771484375 1.0 0.0 1.0 0.0 0.0 0.0 0.0 0.0 0.0 0.0 0.0 1.0 0.0 1.0 1.0 0.0 0.0 1.0 0.0 0.0 0.0 7.0 1849.0 0.0 11.7 3178.0 2705.8500000000004 0.0 Operational 0.0 0.0 0.0 0.0 0.0 0.0 0.0 0.0 0.0 0.0 0.0 0.0 0.0 0.0 0.0 0.0
11:47:25.800 0001 -0.3024553060531616 51.43168258666992 8.093 12.0 157.66790771484375 1.0 0.0 1.0 0.0 0.0 0.0 0.0 0.0 0.0 0.0 0.0 1.0 0.0 1.0 1.0 0.0 0.0 1.0 0.0 0.0 0.0 7.0 1850.0 0.0 11.6 3178.0 2705.8500000000004 0.0 Operational 0.0 0.0 0.0 0.0 0.0 0.0 0.0 0.0 0.0 0.0 0.0 0.0 0.0 0.0 0.0 0.0
11:47:25.900 0001 -0.3024595081806183 51.431663513183594 7.686 11.0 167.266357421875 1.0 0.0 1.0 0.0 0.0 0.0 0.0 0.0 0.0 0.0 0.0 1.0 0.0 1.0 1.0 0.0 0.0 1.0 0.0 0.0 0.0 7.0 1850.0 0.0 11.65 3178.0 2705.8500000000004 0.0 Operational 0.0 0.0 0.0 0.0 0.0 0.0 0.0 0.0 0.0 0.0 0.0 0.0 0.0 0.0 0.0 0.0
11:47:26.000 0001 -0.3024595081806183 51.431663513183594 7.686 11.0 167.266357421875 1.0 0.0 1.0 0.0 0.0 0.0 0.0 0.0 0.0 0.0 0.0 1.0 0.0 1.0 1.0 0.0 0.0 1.0 0.0 0.0 0.0 7.0 1850.0 0.0 11.55 3178.0 2705.8500000000004 0.0 Operational 0.0 0.0 0.0 0.0 0.0 0.0 0.0 0.0 0.0 0.0 0.0 0.0 0.0 0.0 0.0 0.0
11:47:26.100 0001 -0.3024595081806183 51.431663513183594 7.686 11.0 167.266357421875 1.0 0.0 1.0 0.0 0.0 0.0 0.0 0.0 0.0 0.0 0.0 1.0 0.0 1.0 1.0 0.0 0.0 1.0 0.0 0.0 0.0 7.0 1850.0 0.0 11.55 3178.0 2705.8500000000004 0.0 Operational 0.0 0.0 0.0 0.0 0.0 0.0 0.0 0.0 0.0 0.0 0.0 0.0 0.0 0.0 0.0 0.0
11:47:26.200 0001 -0.3024595081806183 51.431663513183594 7.686 11.0 167.266357421875 1.0 0.0 1.0 0.0 0.0 0.0 0.0 0.0 0.0 0.0 0.0 1.0 0.0 1.0 1.0 0.0 0.0 1.0 0.0 0.0 0.0 7.0 1850.0 0.0 11.55 3176.0 2705.8500000000004 0.0 Operational 0.0 0.0 0.0 0.0 0.0 0.0 0.0 0.0 0.0 0.0 0.0 0.0 0.0 0.0 0.0 0.0
11:47:26.300 0001 -0.3024595081806183 51.431663513183594 7.686 11.0 167.266357421875 1.0 0.0 1.0 0.0 0.0 0.0 0.0 0.0 0.0 0.0 0.0 1.0 0.0 1.0 1.0 0.0 0.0 1.0 0.0 0.0 0.0 7.0 1850.0 0.0 11.6 3178.0 2705.8500000000004 0.0 Operational 0.0 0.0 0.0 0.0 0.0 0.0 0.0 0.0 0.0 0.0 0.0 0.0 0.0 0.0 0.0 0.0
11:47:26.400 0001 -0.3024595081806183 51.431663513183594 7.686 11.0 167.266357421875 1.0 0.0 1.0 0.0 0.0 0.0 0.0 0.0 0.0 0.0 0.0 1.0 0.0 1.0 1.0 0.0 0.0 1.0 0.0 0.0 0.0 7.0 1850.0 0.0 11.45 3178.0 2705.8500000000004 0.0 Operational 0.0 0.0 0.0 0.0 0.0 0.0 0.0 0.0 0.0 0.0 0.0 0.0 0.0 0.0 0.0 0.0
11:47:26.500 0001 -0.3024595081806183 51.431663513183594 7.686 11.0 167.266357421875 1.0 0.0 1.0 0.0 0.0 0.0 0.0 0.0 0.0 0.0 0.0 1.0 0.0 1.0 1.0 0.0 0.0 1.0 0.0 0.0 0.0 7.0 1850.0 0.0 11.45 3176.0 2705.8500000000004 0.0 Operational 0.0 0.0 0.0 0.0 0.0 0.0 0.0 0.0 0.0 0.0 0.0 0.0 0.0 0.0 0.0 0.0
11:47:26.600 0001 -0.3024595081806183 51.431663513183594 7.686 11.0 167.266357421875 1.0 0.0 1.0 0.0 0.0 0.0 0.0 0.0 0.0 0.0 0.0 1.0 0.0 1.0 1.0 0.0 0.0 1.0 0.0 0.0 0.0 7.0 1850.0 0.0 11.55 3179.0 2705.8500000000004 0.0 Operational 0.0 0.0 0.0 0.0 0.0 0.0 0.0 0.0 0.0 0.0 0.0 0.0 0.0 0.0 0.0 0.0
11:47:26.700 0001 -0.3024595081806183 51.431663513183594 7.686 11.0 167.266357421875 1.0 0.0 1.0 0.0 0.0 0.0 0.0 0.0 0.0 0.0 0.0 1.0 0.0 1.0 1.0 0.0 0.0 1.0 0.0 0.0 0.0 7.0 1850.0 0.0 11.5 3176.0 2705.8500000000004 0.0 Operational 0.0 0.0 0.0 0.0 0.0 0.0 0.0 0.0 0.0 0.0 0.0 0.0 0.0 0.0 0.0 0.0
11:47:26.800 0001 -0.3024595081806183 51.431663513183594 7.686 11.0 167.266357421875 1.0 0.0 1.0 0.0 0.0 0.0 0.0 0.0 0.0 0.0 0.0 1.0 0.0 1.0 1.0 0.0 0.0 1.0 0.0 0.0 0.0 7.0 1850.0 0.0 11.45 3178.0 2705.8500000000004 0.0 Operational 0.0 0.0 0.0 0.0 0.0 0.0 0.0 0.0 0.0 0.0 0.0 0.0 0.0 0.0 0.0 0.0
11:47:26.900 0001 -0.3024447858333587 51.43165969848633 7.348 11.0 167.266357421875 1.0 0.0 1.0 0.0 0.0 0.0 0.0 0.0 0.0 0.0 0.0 1.0 0.0 1.0 1.0 0.0 0.0 1.0 0.0 0.0 0.0 7.0 1850.0 0.0 11.5 3178.0 2705.8500000000004 0.0 Operational 0.0 0.0 0.0 0.0 0.0 0.0 0.0 0.0 0.0 0.0 0.0 0.0 0.0 0.0 0.0 0.0
11:47:27.000 0001 -0.3024447858333587 51.43165969848633 7.348 11.0 167.266357421875 1.0 0.0 1.0 0.0 0.0 0.0 0.0 0.0 0.0 0.0 0.0 1.0 0.0 1.0 1.0 0.0 0.0 1.0 0.0 0.0 0.0 7.0 1850.0 0.0 11.3 3178.0 2705.8500000000004 0.0 Operational 0.0 0.0 0.0 0.0 0.0 0.0 0.0 0.0 0.0 0.0 0.0 0.0 0.0 0.0 0.0 0.0
11:47:27.100 0001 -0.3024447858333587 51.43165969848633 7.348 11.0 167.266357421875 1.0 0.0 1.0 0.0 0.0 0.0 0.0 0.0 0.0 0.0 0.0 1.0 0.0 1.0 1.0 0.0 0.0 1.0 0.0 0.0 0.0 7.0 1850.0 0.0 11.3 3178.0 2705.8500000000004 0.0 Operational 0.0 0.0 0.0 0.0 0.0 0.0 0.0 0.0 0.0 0.0 0.0 0.0 0.0 0.0 0.0 0.0
11:47:27.200 0001 -0.3024447858333587 51.43165969848633 7.348 11.0 167.266357421875 1.0 0.0 1.0 0.0 0.0 0.0 0.0 0.0 0.0 0.0 0.0 1.0 0.0 1.0 1.0 0.0 0.0 1.0 0.0 0.0 0.0 7.0 1850.0 0.0 11.45 3178.0 2705.8500000000004 0.0 Operational 0.0 0.0 0.0 0.0 0.0 0.0 0.0 0.0 0.0 0.0 0.0 0.0 0.0 0.0 0.0 0.0
11:47:27.300 0001 -0.3024447858333587 51.43165969848633 7.348 11.0 167.266357421875 1.0 0.0 1.0 0.0 0.0 0.0 0.0 0.0 0.0 0.0 0.0 1.0 0.0 1.0 1.0 0.0 0.0 1.0 0.0 0.0 0.0 7.0 1849.0 0.0 11.4 3176.0 2705.8500000000004 0.0 Operational 0.0 0.0 0.0 0.0 0.0 0.0 0.0 0.0 0.0 0.0 0.0 0.0 0.0 0.0 0.0 0.0
11:47:27.400 0001 -0.3024447858333587 51.43165969848633 7.348 11.0 167.266357421875 1.0 0.0 1.0 0.0 0.0 0.0 0.0 0.0 0.0 0.0 0.0 1.0 0.0 1.0 1.0 0.0 0.0 1.0 0.0 0.0 0.0 7.0 1849.0 0.0 11.45 3176.0 2705.8500000000004 0.0 Operational 0.0 0.0 0.0 0.0 0.0 0.0 0.0 0.0 0.0 0.0 0.0 0.0 0.0 0.0 0.0 0.0
11:47:27.500 0001 -0.3024447858333587 51.43165969848633 7.348 11.0 167.266357421875 1.0 0.0 1.0 0.0 0.0 0.0 0.0 0.0 0.0 0.0 0.0 1.0 0.0 1.0 1.0 0.0 0.0 1.0 0.0 0.0 0.0 7.0 1849.0 0.0 11.45 3176.0 2705.8500000000004 0.0 Operational 0.0 0.0 0.0 0.0 0.0 0.0 0.0 0.0 0.0 0.0 0.0 0.0 0.0 0.0 0.0 0.0
11:47:27.600 0001 -0.3024447858333587 51.43165969848633 7.348 11.0 167.266357421875 1.0 0.0 1.0 0.0 0.0 0.0 0.0 0.0 0.0 0.0 0.0 1.0 0.0 1.0 1.0 0.0 0.0 1.0 0.0 0.0 0.0 7.0 1849.0 0.0 11.4 3176.0 2705.8500000000004 0.0 Operational 0.0 0.0 0.0 0.0 0.0 0.0 0.0 0.0 0.0 0.0 0.0 0.0 0.0 0.0 0.0 0.0
11:47:27.700 0001 -0.3024447858333587 51.43165969848633 7.348 11.0 167.266357421875 1.0 0.0 1.0 0.0 0.0 0.0 0.0 0.0 0.0 0.0 0.0 1.0 0.0 1.0 1.0 0.0 0.0 1.0 0.0 0.0 0.0 7.0 1849.0 0.0 11.55 3176.0 2705.8500000000004 0.0 Operational 0.0 0.0 0.0 0.0 0.0 0.0 0.0 0.0 0.0 0.0 0.0 0.0 0.0 0.0 0.0 0.0
11:47:27.800 0001 -0.3024447858333587 51.43165969848633 7.348 11.0 167.266357421875 1.0 0.0 1.0 0.0 0.0 0.0 0.0 0.0 0.0 0.0 0.0 1.0 0.0 1.0 1.0 0.0 0.0 1.0 0.0 0.0 0.0 7.0 1849.0 0.0 11.55 3176.0 2705.8500000000004 0.0 Operational 0.0 0.0 0.0 0.0 0.0 0.0 0.0 0.0 0.0 0.0 0.0 0.0 0.0 0.0 0.0 0.0
11:47:27.900 0001 -0.3024353086948395 51.431640625 7.055 11.0 161.0316162109375 1.0 0.0 1.0 0.0 0.0 0.0 0.0 0.0 0.0 0.0 0.0 1.0 0.0 1.0 1.0 0.0 0.0 1.0 0.0 0.0 0.0 7.0 1849.0 0.0 11.55 3176.0 2705.8500000000004 0.0 Operational 0.0 0.0 0.0 0.0 0.0 0.0 0.0 0.0 0.0 0.0 0.0 0.0 0.0 0.0 0.0 0.0
11:47:28.000 0001 -0.3024353086948395 51.431640625 7.055 11.0 161.0316162109375 1.0 0.0 1.0 0.0 0.0 0.0 0.0 0.0 0.0 0.0 0.0 1.0 0.0 1.0 1.0 0.0 0.0 1.0 0.0 0.0 0.0 7.0 1850.0 0.0 11.5 3178.0 2705.8500000000004 0.0 Operational 0.0 0.0 0.0 0.0 0.0 0.0 0.0 0.0 0.0 0.0 0.0 0.0 0.0 0.0 0.0 0.0
11:47:28.100 0001 -0.3024353086948395 51.431640625 7.055 11.0 161.0316162109375 1.0 0.0 1.0 0.0 0.0 0.0 0.0 0.0 0.0 0.0 0.0 1.0 0.0 1.0 1.0 0.0 0.0 1.0 0.0 0.0 0.0 7.0 1849.0 0.0 11.6 3176.0 2705.8500000000004 0.0 Operational 0.0 0.0 0.0 0.0 0.0 0.0 0.0 0.0 0.0 0.0 0.0 0.0 0.0 0.0 0.0 0.0
11:47:28.200 0001 -0.3024353086948395 51.431640625 7.055 11.0 161.0316162109375 1.0 0.0 1.0 0.0 0.0 0.0 0.0 0.0 0.0 0.0 0.0 1.0 0.0 1.0 1.0 0.0 0.0 1.0 0.0 0.0 0.0 7.0 1850.0 0.0 11.5 3178.0 2705.8500000000004 0.0 Operational 0.0 0.0 0.0 0.0 0.0 0.0 0.0 0.0 0.0 0.0 0.0 0.0 0.0 0.0 0.0 0.0
11:47:28.300 0001 -0.3024353086948395 51.431640625 7.055 11.0 161.0316162109375 1.0 0.0 1.0 0.0 0.0 0.0 0.0 0.0 0.0 0.0 0.0 1.0 0.0 1.0 1.0 0.0 0.0 1.0 0.0 0.0 0.0 7.0 1849.0 0.0 11.5 3176.0 2705.8500000000004 0.0 Operational 0.0 0.0 0.0 0.0 0.0 0.0 0.0 0.0 0.0 0.0 0.0 0.0 0.0 0.0 0.0 0.0
11:47:28.400 0001 -0.3024353086948395 51.431640625 7.055 11.0 161.0316162109375 1.0 0.0 1.0 0.0 0.0 0.0 0.0 0.0 0.0 0.0 0.0 1.0 0.0 1.0 1.0 0.0 0.0 1.0 0.0 0.0 0.0 7.0 1849.0 0.0 11.55 3176.0 2705.8500000000004 0.0 Operational 0.0 0.0 0.0 0.0 0.0 0.0 0.0 0.0 0.0 0.0 0.0 0.0 0.0 0.0 0.0 0.0
11:47:28.500 0001 -0.3024353086948395 51.431640625 7.055 11.0 161.0316162109375 1.0 0.0 1.0 0.0 0.0 0.0 0.0 0.0 0.0 0.0 0.0 1.0 0.0 1.0 1.0 0.0 0.0 1.0 0.0 0.0 0.0 7.0 1850.0 0.0 11.55 3176.0 2705.8500000000004 0.0 Operational 0.0 0.0 0.0 0.0 0.0 0.0 0.0 0.0 0.0 0.0 0.0 0.0 0.0 0.0 0.0 0.0
11:47:28.600 0001 -0.3024353086948395 51.431640625 7.055 11.0 161.0316162109375 1.0 0.0 1.0 0.0 0.0 0.0 0.0 0.0 0.0 0.0 0.0 1.0 0.0 1.0 1.0 0.0 0.0 1.0 0.0 0.0 0.0 7.0 1849.0 0.0 11.55 3176.0 2705.8500000000004 0.0 Operational 0.0 0.0 0.0 0.0 0.0 0.0 0.0 0.0 0.0 0.0 0.0 0.0 0.0 0.0 0.0 0.0
11:47:28.700 0001 -0.3024353086948395 51.431640625 7.055 11.0 161.0316162109375 1.0 0.0 1.0 0.0 0.0 0.0 0.0 0.0 0.0 0.0 0.0 1.0 0.0 1.0 1.0 0.0 0.0 1.0 0.0 0.0 0.0 7.0 1849.0 0.0 11.55 3178.0 2705.8500000000004 0.0 Operational 0.0 0.0 0.0 0.0 0.0 0.0 0.0 0.0 0.0 0.0 0.0 0.0 0.0 0.0 0.0 0.0
11:47:28.800 0001 -0.3024353086948395 51.431640625 7.055 11.0 161.0316162109375 1.0 0.0 1.0 0.0 0.0 0.0 0.0 0.0 0.0 0.0 0.0 1.0 0.0 1.0 1.0 0.0 0.0 1.0 0.0 0.0 0.0 7.0 1849.0 0.0 11.65 3176.0 2705.8500000000004 0.0 Operational 0.0 0.0 0.0 0.0 0.0 0.0 0.0 0.0 0.0 0.0 0.0 0.0 0.0 0.0 0.0 0.0
11:47:28.900 0001 -0.3024281859397888 51.4316291809082 6.612 12.0 158.81288146972656 1.0 0.0 1.0 0.0 0.0 0.0 0.0 0.0 0.0 0.0 0.0 1.0 0.0 1.0 1.0 0.0 0.0 1.0 0.0 0.0 0.0 7.0 1850.0 0.0 11.65 3176.0 2705.8500000000004 0.0 Operational 0.0 0.0 0.0 0.0 0.0 0.0 0.0 0.0 0.0 0.0 0.0 0.0 0.0 0.0 0.0 0.0
11:47:29.000 0001 -0.3024281859397888 51.4316291809082 6.612 12.0 158.81288146972656 1.0 0.0 1.0 0.0 0.0 0.0 0.0 0.0 0.0 0.0 0.0 1.0 0.0 1.0 1.0 0.0 0.0 1.0 0.0 0.0 0.0 7.0 1849.0 0.0 11.6 3176.0 2705.8500000000004 0.0 Operational 0.0 0.0 0.0 0.0 0.0 0.0 0.0 0.0 0.0 0.0 0.0 0.0 0.0 0.0 0.0 0.0
11:47:29.100 0001 -0.3024281859397888 51.4316291809082 6.612 12.0 158.81288146972656 1.0 0.0 1.0 0.0 0.0 0.0 0.0 0.0 0.0 0.0 0.0 1.0 0.0 1.0 1.0 0.0 0.0 1.0 0.0 0.0 0.0 7.0 1850.0 0.0 11.6 3178.0 2705.8500000000004 0.0 Operational 0.0 0.0 0.0 0.0 0.0 0.0 0.0 0.0 0.0 0.0 0.0 0.0 0.0 0.0 0.0 0.0
11:47:29.200 0001 -0.3024281859397888 51.4316291809082 6.612 12.0 158.81288146972656 1.0 0.0 1.0 0.0 0.0 0.0 0.0 0.0 0.0 0.0 0.0 1.0 0.0 1.0 1.0 0.0 0.0 1.0 0.0 0.0 0.0 7.0 1850.0 0.0 11.5 3178.0 2705.8500000000004 0.0 Operational 0.0 0.0 0.0 0.0 0.0 0.0 0.0 0.0 0.0 0.0 0.0 0.0 0.0 0.0 0.0 0.0
11:47:29.300 0001 -0.3024281859397888 51.4316291809082 6.612 12.0 158.81288146972656 1.0 0.0 1.0 0.0 0.0 0.0 0.0 0.0 0.0 0.0 0.0 1.0 0.0 1.0 1.0 0.0 0.0 1.0 0.0 0.0 0.0 7.0 1850.0 0.0 11.6 3178.0 2705.8500000000004 0.0 Operational 0.0 0.0 0.0 0.0 0.0 0.0 0.0 0.0 0.0 0.0 0.0 0.0 0.0 0.0 0.0 0.0
11:47:29.400 0001 -0.3024281859397888 51.4316291809082 6.612 12.0 158.81288146972656 1.0 0.0 1.0 0.0 0.0 0.0 0.0 0.0 0.0 0.0 0.0 1.0 0.0 1.0 1.0 0.0 0.0 1.0 0.0 0.0 0.0 7.0 1850.0 0.0 11.45 3178.0 2705.8500000000004 0.0 Operational 0.0 0.0 0.0 0.0 0.0 0.0 0.0 0.0 0.0 0.0 0.0 0.0 0.0 0.0 0.0 0.0
11:47:29.500 0001 -0.3024281859397888 51.4316291809082 6.612 12.0 158.81288146972656 1.0 0.0 1.0 0.0 0.0 0.0 0.0 0.0 0.0 0.0 0.0 1.0 0.0 1.0 1.0 0.0 0.0 1.0 0.0 0.0 0.0 7.0 1850.0 0.0 11.55 3176.0 2705.8500000000004 0.0 Operational 0.0 0.0 0.0 0.0 0.0 0.0 0.0 0.0 0.0 0.0 0.0 0.0 0.0 0.0 0.0 0.0
11:47:29.600 0001 -0.3024281859397888 51.4316291809082 6.612 12.0 158.81288146972656 1.0 0.0 1.0 0.0 0.0 0.0 0.0 0.0 0.0 0.0 0.0 1.0 0.0 1.0 1.0 0.0 0.0 1.0 0.0 0.0 0.0 7.0 1849.0 0.0 11.55 3178.0 2705.8500000000004 0.0 Operational 0.0 0.0 0.0 0.0 0.0 0.0 0.0 0.0 0.0 0.0 0.0 0.0 0.0 0.0 0.0 0.0
11:47:29.700 0001 -0.3024281859397888 51.4316291809082 6.612 12.0 158.81288146972656 1.0 0.0 1.0 0.0 0.0 0.0 0.0 0.0 0.0 0.0 0.0 1.0 0.0 1.0 1.0 0.0 0.0 1.0 0.0 0.0 0.0 7.0 1850.0 0.0 11.55 3178.0 2705.8500000000004 0.0 Operational 0.0 0.0 0.0 0.0 0.0 0.0 0.0 0.0 0.0 0.0 0.0 0.0 0.0 0.0 0.0 0.0
11:47:29.800 0001 -0.3024281859397888 51.4316291809082 6.612 12.0 158.81288146972656 1.0 0.0 1.0 0.0 0.0 0.0 0.0 0.0 0.0 0.0 0.0 1.0 0.0 1.0 1.0 0.0 0.0 1.0 0.0 0.0 0.0 7.0 1849.0 0.0 11.5 3176.0 2705.8500000000004 0.0 Operational 0.0 0.0 0.0 0.0 0.0 0.0 0.0 0.0 0.0 0.0 0.0 0.0 0.0 0.0 0.0 0.0
11:47:29.900 0001 -0.3024074137210846 51.431617736816406 5.952 11.0 153.14866638183594 1.0 0.0 1.0 0.0 0.0 0.0 0.0 0.0 0.0 0.0 0.0 1.0 0.0 1.0 1.0 0.0 0.0 1.0 0.0 0.0 0.0 7.0 1850.0 0.0 11.5 3178.0 2705.8500000000004 0.0 Operational 0.0 0.0 0.0 0.0 0.0 0.0 0.0 0.0 0.0 0.0 0.0 0.0 0.0 0.0 0.0 0.0
11:47:30.000 0001 -0.3024074137210846 51.431617736816406 5.952 11.0 153.14866638183594 1.0 0.0 1.0 0.0 0.0 0.0 0.0 0.0 0.0 0.0 0.0 1.0 0.0 1.0 1.0 0.0 0.0 1.0 0.0 0.0 0.0 7.0 1850.0 0.0 11.6 3178.0 2705.8500000000004 0.0 Operational 0.0 0.0 0.0 0.0 0.0 0.0 0.0 0.0 0.0 0.0 0.0 0.0 0.0 0.0 0.0 0.0
11:47:30.100 0001 -0.3024074137210846 51.431617736816406 5.952 11.0 153.14866638183594 1.0 0.0 1.0 0.0 0.0 0.0 0.0 0.0 0.0 0.0 0.0 1.0 0.0 1.0 1.0 0.0 0.0 1.0 0.0 0.0 0.0 7.0 1850.0 0.0 11.55 3178.0 2705.8500000000004 0.0 Operational 0.0 0.0 0.0 0.0 0.0 0.0 0.0 0.0 0.0 0.0 0.0 0.0 0.0 0.0 0.0 0.0
11:47:30.200 0001 -0.3024074137210846 51.431617736816406 5.952 11.0 153.14866638183594 1.0 0.0 1.0 0.0 0.0 0.0 0.0 0.0 0.0 0.0 0.0 1.0 0.0 1.0 1.0 0.0 0.0 1.0 0.0 0.0 0.0 7.0 1849.0 0.0 11.45 3176.0 2705.8500000000004 0.0 Operational 0.0 0.0 0.0 0.0 0.0 0.0 0.0 0.0 0.0 0.0 0.0 0.0 0.0 0.0 0.0 0.0
11:47:30.300 0001 -0.3024074137210846 51.431617736816406 5.952 11.0 153.14866638183594 1.0 0.0 1.0 0.0 0.0 0.0 0.0 0.0 0.0 0.0 0.0 1.0 0.0 1.0 1.0 0.0 0.0 1.0 0.0 0.0 0.0 7.0 1850.0 0.0 11.5 3178.0 2705.8500000000004 0.0 Operational 0.0 0.0 0.0 0.0 0.0 0.0 0.0 0.0 0.0 0.0 0.0 0.0 0.0 0.0 0.0 0.0
11:47:30.400 0001 -0.3024074137210846 51.431617736816406 5.952 11.0 153.14866638183594 1.0 0.0 1.0 0.0 0.0 0.0 0.0 0.0 0.0 0.0 0.0 1.0 0.0 1.0 1.0 0.0 0.0 1.0 0.0 0.0 0.0 7.0 1850.0 0.0 11.55 3176.0 2705.8500000000004 0.0 Operational 0.0 0.0 0.0 0.0 0.0 0.0 0.0 0.0 0.0 0.0 0.0 0.0 0.0 0.0 0.0 0.0
11:47:30.500 0001 -0.3024074137210846 51.431617736816406 5.952 11.0 153.14866638183594 1.0 0.0 1.0 0.0 0.0 0.0 0.0 0.0 0.0 0.0 0.0 1.0 0.0 1.0 1.0 0.0 0.0 1.0 0.0 0.0 0.0 7.0 1849.0 0.0 11.55 3176.0 2705.8500000000004 0.0 Operational 0.0 0.0 0.0 0.0 0.0 0.0 0.0 0.0 0.0 0.0 0.0 0.0 0.0 0.0 0.0 0.0
11:47:30.600 0001 -0.3024074137210846 51.431617736816406 5.952 11.0 153.14866638183594 1.0 0.0 1.0 0.0 0.0 0.0 0.0 0.0 0.0 0.0 0.0 1.0 0.0 1.0 1.0 0.0 0.0 1.0 0.0 0.0 0.0 7.0 1850.0 0.0 11.55 3178.0 2705.8500000000004 0.0 Operational 0.0 0.0 0.0 0.0 0.0 0.0 0.0 0.0 0.0 0.0 0.0 0.0 0.0 0.0 0.0 0.0
11:47:30.700 0001 -0.3024074137210846 51.431617736816406 5.952 11.0 153.14866638183594 1.0 0.0 1.0 0.0 0.0 0.0 0.0 0.0 0.0 0.0 0.0 1.0 0.0 1.0 1.0 0.0 0.0 1.0 0.0 0.0 0.0 7.0 1850.0 0.0 11.4 3176.0 2705.8500000000004 0.0 Operational 0.0 0.0 0.0 0.0 0.0 0.0 0.0 0.0 0.0 0.0 0.0 0.0 0.0 0.0 0.0 0.0
11:47:30.800 0001 -0.3024074137210846 51.431617736816406 5.952 11.0 153.14866638183594 1.0 0.0 1.0 0.0 0.0 0.0 0.0 0.0 0.0 0.0 0.0 1.0 0.0 1.0 1.0 0.0 0.0 1.0 0.0 0.0 0.0 7.0 1850.0 0.0 11.4 3178.0 2705.8500000000004 0.0 Operational 0.0 0.0 0.0 0.0 0.0 0.0 0.0 0.0 0.0 0.0 0.0 0.0 0.0 0.0 0.0 0.0
11:47:30.900 0001 -0.3024033010005951 51.431602478027344 6.894 11.0 152.1724853515625 1.0 0.0 1.0 0.0 0.0 0.0 0.0 0.0 0.0 0.0 0.0 1.0 0.0 1.0 1.0 0.0 0.0 1.0 0.0 0.0 0.0 7.0 1850.0 0.0 11.55 3178.0 2705.8500000000004 0.0 Operational 0.0 0.0 0.0 0.0 0.0 0.0 0.0 0.0 0.0 0.0 0.0 0.0 0.0 0.0 0.0 0.0
11:47:31.000 0001 -0.3024033010005951 51.431602478027344 6.894 11.0 152.1724853515625 1.0 0.0 1.0 0.0 0.0 0.0 0.0 0.0 0.0 0.0 0.0 1.0 0.0 1.0 1.0 0.0 0.0 1.0 0.0 0.0 0.0 7.0 1849.0 0.0 11.5 3176.0 2705.8500000000004 0.0 Operational 0.0 0.0 0.0 0.0 0.0 0.0 0.0 0.0 0.0 0.0 0.0 0.0 0.0 0.0 0.0 0.0
11:47:31.100 0001 -0.3024033010005951 51.431602478027344 6.894 11.0 152.1724853515625 1.0 0.0 1.0 0.0 0.0 0.0 0.0 0.0 0.0 0.0 0.0 1.0 0.0 1.0 1.0 0.0 0.0 1.0 0.0 0.0 0.0 7.0 1850.0 0.0 11.5 3178.0 2705.8500000000004 0.0 Operational 0.0 0.0 0.0 0.0 0.0 0.0 0.0 0.0 0.0 0.0 0.0 0.0 0.0 0.0 0.0 0.0
11:47:31.200 0001 -0.3024033010005951 51.431602478027344 6.894 11.0 152.1724853515625 1.0 0.0 1.0 0.0 0.0 0.0 0.0 0.0 0.0 0.0 0.0 1.0 0.0 1.0 1.0 0.0 0.0 1.0 0.0 0.0 0.0 7.0 1849.0 0.0 11.5 3176.0 2705.8500000000004 0.0 Operational 0.0 0.0 0.0 0.0 0.0 0.0 0.0 0.0 0.0 0.0 0.0 0.0 0.0 0.0 0.0 0.0
11:47:31.300 0001 -0.3024033010005951 51.431602478027344 6.894 11.0 152.1724853515625 1.0 0.0 1.0 0.0 0.0 0.0 0.0 0.0 0.0 0.0 0.0 1.0 0.0 1.0 1.0 0.0 0.0 1.0 0.0 0.0 0.0 7.0 1849.0 0.0 11.5 3178.0 2705.8500000000004 0.0 Operational 0.0 0.0 0.0 0.0 0.0 0.0 0.0 0.0 0.0 0.0 0.0 0.0 0.0 0.0 0.0 0.0
11:47:31.400 0001 -0.3024033010005951 51.431602478027344 6.894 11.0 152.1724853515625 1.0 0.0 1.0 0.0 0.0 0.0 0.0 0.0 0.0 0.0 0.0 1.0 0.0 1.0 1.0 0.0 0.0 1.0 0.0 0.0 0.0 7.0 1850.0 0.0 11.4 3176.0 2705.8500000000004 0.0 Operational 0.0 0.0 0.0 0.0 0.0 0.0 0.0 0.0 0.0 0.0 0.0 0.0 0.0 0.0 0.0 0.0
11:47:31.500 0001 -0.3024033010005951 51.431602478027344 6.894 11.0 152.1724853515625 1.0 0.0 1.0 0.0 0.0 0.0 0.0 0.0 0.0 0.0 0.0 1.0 0.0 1.0 1.0 0.0 0.0 1.0 0.0 0.0 0.0 7.0 1849.0 0.0 11.5 3176.0 2705.8500000000004 0.0 Operational 0.0 0.0 0.0 0.0 0.0 0.0 0.0 0.0 0.0 0.0 0.0 0.0 0.0 0.0 0.0 0.0
11:47:31.600 0001 -0.3024033010005951 51.431602478027344 6.894 11.0 152.1724853515625 1.0 0.0 1.0 0.0 0.0 0.0 0.0 0.0 0.0 0.0 0.0 1.0 0.0 1.0 1.0 0.0 0.0 1.0 0.0 0.0 0.0 7.0 1849.0 0.0 11.45 3176.0 2705.8500000000004 0.0 Operational 0.0 0.0 0.0 0.0 0.0 0.0 0.0 0.0 0.0 0.0 0.0 0.0 0.0 0.0 0.0 0.0
11:47:31.700 0001 -0.3024033010005951 51.431602478027344 6.894 11.0 152.1724853515625 1.0 0.0 1.0 0.0 0.0 0.0 0.0 0.0 0.0 0.0 0.0 1.0 0.0 1.0 1.0 0.0 0.0 1.0 0.0 0.0 0.0 7.0 1849.0 0.0 11.5 3178.0 2705.8500000000004 0.0 Operational 0.0 0.0 0.0 0.0 0.0 0.0 0.0 0.0 0.0 0.0 0.0 0.0 0.0 0.0 0.0 0.0
11:47:31.800 0001 -0.3024033010005951 51.431602478027344 6.894 11.0 152.1724853515625 1.0 0.0 1.0 0.0 0.0 0.0 0.0 0.0 0.0 0.0 0.0 1.0 0.0 1.0 1.0 0.0 0.0 1.0 0.0 0.0 0.0 7.0 1850.0 0.0 11.5 3176.0 2705.8500000000004 0.0 Operational 0.0 0.0 0.0 0.0 0.0 0.0 0.0 0.0 0.0 0.0 0.0 0.0 0.0 0.0 0.0 0.0
11:47:31.900 0001 -0.3023892045021057 51.43159866333008 7.327 12.0 152.1724853515625 1.0 0.0 1.0 0.0 0.0 0.0 0.0 0.0 0.0 0.0 0.0 1.0 0.0 1.0 1.0 0.0 0.0 1.0 0.0 0.0 0.0 7.0 1850.0 0.0 11.5 3176.0 2705.8500000000004 0.0 Operational 0.0 0.0 0.0 0.0 0.0 0.0 0.0 0.0 0.0 0.0 0.0 0.0 0.0 0.0 0.0 0.0
11:47:32.000 0001 -0.3023892045021057 51.43159866333008 7.327 12.0 152.1724853515625 1.0 0.0 1.0 0.0 0.0 0.0 0.0 0.0 0.0 0.0 0.0 1.0 0.0 1.0 1.0 0.0 0.0 1.0 0.0 0.0 0.0 7.0 1849.0 0.0 11.55 3178.0 2705.8500000000004 0.0 Operational 0.0 0.0 0.0 0.0 0.0 0.0 0.0 0.0 0.0 0.0 0.0 0.0 0.0 0.0 0.0 0.0
11:47:32.100 0001 -0.3023892045021057 51.43159866333008 7.327 12.0 152.1724853515625 1.0 0.0 1.0 0.0 0.0 0.0 0.0 0.0 0.0 0.0 0.0 1.0 0.0 1.0 1.0 0.0 0.0 1.0 0.0 0.0 0.0 7.0 1849.0 0.0 11.6 3176.0 2705.8500000000004 0.0 Operational 0.0 0.0 0.0 0.0 0.0 0.0 0.0 0.0 0.0 0.0 0.0 0.0 0.0 0.0 0.0 0.0
11:47:32.200 0001 -0.3023892045021057 51.43159866333008 7.327 12.0 152.1724853515625 1.0 0.0 1.0 0.0 0.0 0.0 0.0 0.0 0.0 0.0 0.0 1.0 0.0 1.0 1.0 0.0 0.0 1.0 0.0 0.0 0.0 7.0 1849.0 0.0 11.6 3176.0 2705.8500000000004 0.0 Operational 0.0 0.0 0.0 0.0 0.0 0.0 0.0 0.0 0.0 0.0 0.0 0.0 0.0 0.0 0.0 0.0
11:47:32.300 0001 -0.3023892045021057 51.43159866333008 7.327 12.0 152.1724853515625 1.0 0.0 1.0 0.0 0.0 0.0 0.0 0.0 0.0 0.0 0.0 1.0 0.0 1.0 1.0 0.0 0.0 1.0 0.0 0.0 0.0 7.0 1849.0 0.0 11.45 3176.0 2705.8500000000004 0.0 Operational 0.0 0.0 0.0 0.0 0.0 0.0 0.0 0.0 0.0 0.0 0.0 0.0 0.0 0.0 0.0 0.0
11:47:32.400 0001 -0.3023892045021057 51.43159866333008 7.327 12.0 152.1724853515625 1.0 0.0 1.0 0.0 0.0 0.0 0.0 0.0 0.0 0.0 0.0 1.0 0.0 1.0 1.0 0.0 0.0 1.0 0.0 0.0 0.0 7.0 1850.0 0.0 11.65 3178.0 2705.8500000000004 0.0 Operational 0.0 0.0 0.0 0.0 0.0 0.0 0.0 0.0 0.0 0.0 0.0 0.0 0.0 0.0 0.0 0.0
11:47:32.500 0001 -0.3023892045021057 51.43159866333008 7.327 12.0 152.1724853515625 1.0 0.0 1.0 0.0 0.0 0.0 0.0 0.0 0.0 0.0 0.0 1.0 0.0 1.0 1.0 0.0 0.0 1.0 0.0 0.0 0.0 7.0 1849.0 0.0 11.6 3176.0 2705.8500000000004 0.0 Operational 0.0 0.0 0.0 0.0 0.0 0.0 0.0 0.0 0.0 0.0 0.0 0.0 0.0 0.0 0.0 0.0
11:47:32.600 0001 -0.3023892045021057 51.43159866333008 7.327 12.0 152.1724853515625 1.0 0.0 1.0 0.0 0.0 0.0 0.0 0.0 0.0 0.0 0.0 1.0 0.0 1.0 1.0 0.0 0.0 1.0 0.0 0.0 0.0 7.0 1849.0 0.0 11.6 3176.0 2705.8500000000004 0.0 Operational 0.0 0.0 0.0 0.0 0.0 0.0 0.0 0.0 0.0 0.0 0.0 0.0 0.0 0.0 0.0 0.0
11:47:32.700 0001 -0.3023892045021057 51.43159866333008 7.327 12.0 152.1724853515625 1.0 0.0 1.0 0.0 0.0 0.0 0.0 0.0 0.0 0.0 0.0 1.0 0.0 1.0 1.0 0.0 0.0 1.0 0.0 0.0 0.0 7.0 1849.0 0.0 11.65 3176.0 2705.8500000000004 0.0 Operational 0.0 0.0 0.0 0.0 0.0 0.0 0.0 0.0 0.0 0.0 0.0 0.0 0.0 0.0 0.0 0.0
11:47:32.800 0001 -0.3023892045021057 51.43159866333008 7.327 12.0 152.1724853515625 1.0 0.0 1.0 0.0 0.0 0.0 0.0 0.0 0.0 0.0 0.0 1.0 0.0 1.0 1.0 0.0 0.0 1.0 0.0 0.0 0.0 7.0 1850.0 0.0 11.65 3178.0 2705.8500000000004 0.0 Operational 0.0 0.0 0.0 0.0 0.0 0.0 0.0 0.0 0.0 0.0 0.0 0.0 0.0 0.0 0.0 0.0
11:47:32.900 0001 -0.3023791015148163 51.43159103393555 7.684 12.0 152.1724853515625 1.0 0.0 1.0 0.0 0.0 0.0 0.0 0.0 0.0 0.0 0.0 1.0 0.0 1.0 1.0 0.0 0.0 1.0 0.0 0.0 0.0 7.0 1849.0 0.0 11.65 3178.0 2705.8500000000004 0.0 Operational 0.0 0.0 0.0 0.0 0.0 0.0 0.0 0.0 0.0 0.0 0.0 0.0 0.0 0.0 0.0 0.0
11:47:33.000 0001 -0.3023791015148163 51.43159103393555 7.684 12.0 152.1724853515625 1.0 0.0 1.0 0.0 0.0 0.0 0.0 0.0 0.0 0.0 0.0 1.0 0.0 1.0 1.0 0.0 0.0 1.0 0.0 0.0 0.0 7.0 1850.0 0.0 11.7 3176.0 2705.8500000000004 0.0 Operational 0.0 0.0 0.0 0.0 0.0 0.0 0.0 0.0 0.0 0.0 0.0 0.0 0.0 0.0 0.0 0.0
11:47:33.100 0001 -0.3023791015148163 51.43159103393555 7.684 12.0 152.1724853515625 1.0 0.0 1.0 0.0 0.0 0.0 0.0 0.0 0.0 0.0 0.0 1.0 0.0 1.0 1.0 0.0 0.0 1.0 0.0 0.0 0.0 7.0 1849.0 0.0 11.55 3178.0 2705.8500000000004 0.0 Operational 0.0 0.0 0.0 0.0 0.0 0.0 0.0 0.0 0.0 0.0 0.0 0.0 0.0 0.0 0.0 0.0
11:47:33.200 0001 -0.3023791015148163 51.43159103393555 7.684 12.0 152.1724853515625 1.0 0.0 1.0 0.0 0.0 0.0 0.0 0.0 0.0 0.0 0.0 1.0 0.0 1.0 1.0 0.0 0.0 1.0 0.0 0.0 0.0 7.0 1850.0 0.0 11.55 3178.0 2705.8500000000004 0.0 Operational 0.0 0.0 0.0 0.0 0.0 0.0 0.0 0.0 0.0 0.0 0.0 0.0 0.0 0.0 0.0 0.0
11:47:33.300 0001 -0.3023791015148163 51.43159103393555 7.684 12.0 152.1724853515625 1.0 0.0 1.0 0.0 0.0 0.0 0.0 0.0 0.0 0.0 0.0 1.0 0.0 1.0 1.0 0.0 0.0 1.0 0.0 0.0 0.0 7.0 1850.0 0.0 11.7 3178.0 2705.8500000000004 0.0 Operational 0.0 0.0 0.0 0.0 0.0 0.0 0.0 0.0 0.0 0.0 0.0 0.0 0.0 0.0 0.0 0.0
11:47:33.400 0001 -0.3023791015148163 51.43159103393555 7.684 12.0 152.1724853515625 1.0 0.0 1.0 0.0 0.0 0.0 0.0 0.0 0.0 0.0 0.0 1.0 0.0 1.0 1.0 0.0 0.0 1.0 0.0 0.0 0.0 7.0 1849.0 0.0 11.6 3178.0 2705.8500000000004 0.0 Operational 0.0 0.0 0.0 0.0 0.0 0.0 0.0 0.0 0.0 0.0 0.0 0.0 0.0 0.0 0.0 0.0
11:47:33.500 0001 -0.3023791015148163 51.43159103393555 7.684 12.0 152.1724853515625 1.0 0.0 1.0 0.0 0.0 0.0 0.0 0.0 0.0 0.0 0.0 1.0 0.0 1.0 1.0 0.0 0.0 1.0 0.0 0.0 0.0 7.0 1850.0 0.0 11.65 3178.0 2705.8500000000004 0.0 Operational 0.0 0.0 0.0 0.0 0.0 0.0 0.0 0.0 0.0 0.0 0.0 0.0 0.0 0.0 0.0 0.0
11:47:33.600 0001 -0.3023791015148163 51.43159103393555 7.684 12.0 152.1724853515625 1.0 0.0 1.0 0.0 0.0 0.0 0.0 0.0 0.0 0.0 0.0 1.0 0.0 1.0 1.0 0.0 0.0 1.0 0.0 0.0 0.0 7.0 1849.0 0.0 11.65 3176.0 2705.8500000000004 0.0 Operational 0.0 0.0 0.0 0.0 0.0 0.0 0.0 0.0 0.0 0.0 0.0 0.0 0.0 0.0 0.0 0.0
11:47:33.700 0001 -0.3023791015148163 51.43159103393555 7.684 12.0 152.1724853515625 1.0 0.0 1.0 0.0 0.0 0.0 0.0 0.0 0.0 0.0 0.0 1.0 0.0 1.0 1.0 0.0 0.0 1.0 0.0 0.0 0.0 7.0 1850.0 0.0 11.6 3179.0 2705.8500000000004 0.0 Operational 0.0 0.0 0.0 0.0 0.0 0.0 0.0 0.0 0.0 0.0 0.0 0.0 0.0 0.0 0.0 0.0
11:47:33.800 0001 -0.3023791015148163 51.43159103393555 7.684 12.0 152.1724853515625 1.0 0.0 1.0 0.0 0.0 0.0 0.0 0.0 0.0 0.0 0.0 1.0 0.0 1.0 1.0 0.0 0.0 1.0 0.0 0.0 0.0 7.0 1850.0 0.0 11.5 3176.0 2705.8500000000004 0.0 Operational 0.0 0.0 0.0 0.0 0.0 0.0 0.0 0.0 0.0 0.0 0.0 0.0 0.0 0.0 0.0 0.0
11:47:33.900 0001 -0.3023656010627746 51.43159484863281 8.406 11.0 152.1724853515625 1.0 0.0 1.0 0.0 0.0 0.0 0.0 0.0 0.0 0.0 0.0 1.0 0.0 1.0 1.0 0.0 0.0 1.0 0.0 0.0 0.0 7.0 1850.0 0.0 11.55 3178.0 2705.8500000000004 0.0 Operational 0.0 0.0 0.0 0.0 0.0 0.0 0.0 0.0 0.0 0.0 0.0 0.0 0.0 0.0 0.0 0.0
11:47:34.000 0001 -0.3023656010627746 51.43159484863281 8.406 11.0 152.1724853515625 1.0 0.0 1.0 0.0 0.0 0.0 0.0 0.0 0.0 0.0 0.0 1.0 0.0 1.0 1.0 0.0 0.0 1.0 0.0 0.0 0.0 7.0 1850.0 0.0 11.55 3178.0 2705.8500000000004 0.0 Operational 0.0 0.0 0.0 0.0 0.0 0.0 0.0 0.0 0.0 0.0 0.0 0.0 0.0 0.0 0.0 0.0
11:47:34.100 0001 -0.3023656010627746 51.43159484863281 8.406 11.0 152.1724853515625 1.0 0.0 1.0 0.0 0.0 0.0 0.0 0.0 0.0 0.0 0.0 1.0 0.0 1.0 1.0 0.0 0.0 1.0 0.0 0.0 0.0 7.0 1850.0 0.0 11.5 3178.0 2705.8500000000004 0.0 Operational 0.0 0.0 0.0 0.0 0.0 0.0 0.0 0.0 0.0 0.0 0.0 0.0 0.0 0.0 0.0 0.0
11:47:34.200 0001 -0.3023656010627746 51.43159484863281 8.406 11.0 152.1724853515625 1.0 0.0 1.0 0.0 0.0 0.0 0.0 0.0 0.0 0.0 0.0 1.0 0.0 1.0 1.0 0.0 0.0 1.0 0.0 0.0 0.0 7.0 1850.0 0.0 11.55 3178.0 2705.8500000000004 0.0 Operational 0.0 0.0 0.0 0.0 0.0 0.0 0.0 0.0 0.0 0.0 0.0 0.0 0.0 0.0 0.0 0.0
11:47:34.300 0001 -0.3023656010627746 51.43159484863281 8.406 11.0 152.1724853515625 1.0 0.0 1.0 0.0 0.0 0.0 0.0 0.0 0.0 0.0 0.0 1.0 0.0 1.0 1.0 0.0 0.0 1.0 0.0 0.0 0.0 7.0 1850.0 0.0 11.45 3178.0 2705.8500000000004 0.0 Operational 0.0 0.0 0.0 0.0 0.0 0.0 0.0 0.0 0.0 0.0 0.0 0.0 0.0 0.0 0.0 0.0
11:47:34.400 0001 -0.3023656010627746 51.43159484863281 8.406 11.0 152.1724853515625 1.0 0.0 1.0 0.0 0.0 0.0 0.0 0.0 0.0 0.0 0.0 1.0 0.0 1.0 1.0 0.0 0.0 1.0 0.0 0.0 0.0 7.0 1849.0 0.0 11.6 3176.0 2705.8500000000004 0.0 Operational 0.0 0.0 0.0 0.0 0.0 0.0 0.0 0.0 0.0 0.0 0.0 0.0 0.0 0.0 0.0 0.0
11:47:34.500 0001 -0.3023656010627746 51.43159484863281 8.406 11.0 152.1724853515625 1.0 0.0 1.0 0.0 0.0 0.0 0.0 0.0 0.0 0.0 0.0 1.0 0.0 1.0 1.0 0.0 0.0 1.0 0.0 0.0 0.0 7.0 1849.0 0.0 11.6 3176.0 2705.8500000000004 0.0 Operational 0.0 0.0 0.0 0.0 0.0 0.0 0.0 0.0 0.0 0.0 0.0 0.0 0.0 0.0 0.0 0.0
11:47:34.600 0001 -0.3023656010627746 51.43159484863281 8.406 11.0 152.1724853515625 1.0 0.0 1.0 0.0 0.0 0.0 0.0 0.0 0.0 0.0 0.0 1.0 0.0 1.0 1.0 0.0 0.0 1.0 0.0 0.0 0.0 7.0 1850.0 0.0 11.6 3176.0 2705.8500000000004 0.0 Operational 0.0 0.0 0.0 0.0 0.0 0.0 0.0 0.0 0.0 0.0 0.0 0.0 0.0 0.0 0.0 0.0
11:47:34.700 0001 -0.3023656010627746 51.43159484863281 8.406 11.0 152.1724853515625 1.0 0.0 1.0 0.0 0.0 0.0 0.0 0.0 0.0 0.0 0.0 1.0 0.0 1.0 1.0 0.0 0.0 1.0 0.0 0.0 0.0 7.0 1849.0 0.0 11.55 3176.0 2705.8500000000004 0.0 Operational 0.0 0.0 0.0 0.0 0.0 0.0 0.0 0.0 0.0 0.0 0.0 0.0 0.0 0.0 0.0 0.0
11:47:34.800 0001 -0.3023656010627746 51.43159484863281 8.406 11.0 152.1724853515625 1.0 0.0 1.0 0.0 0.0 0.0 0.0 0.0 0.0 0.0 0.0 1.0 0.0 1.0 1.0 0.0 0.0 1.0 0.0 0.0 0.0 7.0 1849.0 0.0 11.65 3178.0 2705.8500000000004 0.0 Operational 0.0 0.0 0.0 0.0 0.0 0.0 0.0 0.0 0.0 0.0 0.0 0.0 0.0 0.0 0.0 0.0
11:47:34.900 0001 -0.3023596107959747 51.43159484863281 8.658 11.0 152.1724853515625 1.0 0.0 1.0 0.0 0.0 0.0 0.0 0.0 0.0 0.0 0.0 1.0 0.0 1.0 1.0 0.0 0.0 1.0 0.0 0.0 0.0 7.0 1850.0 0.0 11.55 3178.0 2705.8500000000004 0.0 Operational 0.0 0.0 0.0 0.0 0.0 0.0 0.0 0.0 0.0 0.0 0.0 0.0 0.0 0.0 0.0 0.0
11:47:35.000 0001 -0.3023596107959747 51.43159484863281 8.658 11.0 152.1724853515625 1.0 0.0 1.0 0.0 0.0 0.0 0.0 0.0 0.0 0.0 0.0 1.0 0.0 1.0 1.0 0.0 0.0 1.0 0.0 0.0 0.0 7.0 1849.0 0.0 11.55 3176.0 2705.8500000000004 0.0 Operational 0.0 0.0 0.0 0.0 0.0 0.0 0.0 0.0 0.0 0.0 0.0 0.0 0.0 0.0 0.0 0.0
11:47:35.100 0001 -0.3023596107959747 51.43159484863281 8.658 11.0 152.1724853515625 1.0 0.0 1.0 0.0 0.0 0.0 0.0 0.0 0.0 0.0 0.0 1.0 0.0 1.0 1.0 0.0 0.0 1.0 0.0 0.0 0.0 7.0 1850.0 0.0 11.55 3178.0 2705.8500000000004 0.0 Operational 0.0 0.0 0.0 0.0 0.0 0.0 0.0 0.0 0.0 0.0 0.0 0.0 0.0 0.0 0.0 0.0
11:47:35.200 0001 -0.3023596107959747 51.43159484863281 8.658 11.0 152.1724853515625 1.0 0.0 1.0 0.0 0.0 0.0 0.0 0.0 0.0 0.0 0.0 1.0 0.0 1.0 1.0 0.0 0.0 1.0 0.0 0.0 0.0 7.0 1850.0 0.0 11.6 3176.0 2705.8500000000004 0.0 Operational 0.0 0.0 0.0 0.0 0.0 0.0 0.0 0.0 0.0 0.0 0.0 0.0 0.0 0.0 0.0 0.0
11:47:35.300 0001 -0.3023596107959747 51.43159484863281 8.658 11.0 152.1724853515625 1.0 0.0 1.0 0.0 0.0 0.0 0.0 0.0 0.0 0.0 0.0 1.0 0.0 1.0 1.0 0.0 0.0 1.0 0.0 0.0 0.0 7.0 1850.0 0.0 11.6 3178.0 2705.8500000000004 0.0 Operational 0.0 0.0 0.0 0.0 0.0 0.0 0.0 0.0 0.0 0.0 0.0 0.0 0.0 0.0 0.0 0.0
11:47:35.400 0001 -0.3023596107959747 51.43159484863281 8.658 11.0 152.1724853515625 1.0 0.0 1.0 0.0 0.0 0.0 0.0 0.0 0.0 0.0 0.0 1.0 0.0 1.0 1.0 0.0 0.0 1.0 0.0 0.0 0.0 7.0 1849.0 0.0 11.6 3176.0 2705.8500000000004 0.0 Operational 0.0 0.0 0.0 0.0 0.0 0.0 0.0 0.0 0.0 0.0 0.0 0.0 0.0 0.0 0.0 0.0
11:47:35.500 0001 -0.3023596107959747 51.43159484863281 8.658 11.0 152.1724853515625 1.0 0.0 1.0 0.0 0.0 0.0 0.0 0.0 0.0 0.0 0.0 1.0 0.0 1.0 1.0 0.0 0.0 1.0 0.0 0.0 0.0 7.0 1850.0 0.0 11.6 3178.0 2705.8500000000004 0.0 Operational 0.0 0.0 0.0 0.0 0.0 0.0 0.0 0.0 0.0 0.0 0.0 0.0 0.0 0.0 0.0 0.0
11:47:35.600 0001 -0.3023596107959747 51.43159484863281 8.658 11.0 152.1724853515625 1.0 0.0 1.0 0.0 0.0 0.0 0.0 0.0 0.0 0.0 0.0 1.0 0.0 1.0 1.0 0.0 0.0 1.0 0.0 0.0 0.0 7.0 1849.0 0.0 11.5 3176.0 2705.8500000000004 0.0 Operational 0.0 0.0 0.0 0.0 0.0 0.0 0.0 0.0 0.0 0.0 0.0 0.0 0.0 0.0 0.0 0.0
11:47:35.700 0001 -0.3023596107959747 51.43159484863281 8.658 11.0 152.1724853515625 1.0 0.0 1.0 0.0 0.0 0.0 0.0 0.0 0.0 0.0 0.0 1.0 0.0 1.0 1.0 0.0 0.0 1.0 0.0 0.0 0.0 7.0 1850.0 0.0 11.6 3178.0 2705.8500000000004 0.0 Operational 0.0 0.0 0.0 0.0 0.0 0.0 0.0 0.0 0.0 0.0 0.0 0.0 0.0 0.0 0.0 0.0
11:47:35.800 0001 -0.3023596107959747 51.43159484863281 8.658 11.0 152.1724853515625 1.0 0.0 1.0 0.0 0.0 0.0 0.0 0.0 0.0 0.0 0.0 1.0 0.0 1.0 1.0 0.0 0.0 1.0 0.0 0.0 0.0 7.0 1850.0 0.0 11.6 3178.0 2705.8500000000004 0.0 Operational 0.0 0.0 0.0 0.0 0.0 0.0 0.0 0.0 0.0 0.0 0.0 0.0 0.0 0.0 0.0 0.0
11:47:35.900 0001 -0.3023586869239807 51.43159484863281 9.119 10.0 152.1724853515625 1.0 0.0 1.0 0.0 0.0 0.0 0.0 0.0 0.0 0.0 0.0 1.0 0.0 1.0 1.0 0.0 0.0 1.0 0.0 0.0 0.0 7.0 1849.0 0.0 11.55 3178.0 2705.8500000000004 0.0 Operational 0.0 0.0 0.0 0.0 0.0 0.0 0.0 0.0 0.0 0.0 0.0 0.0 0.0 0.0 0.0 0.0
11:47:36.000 0001 -0.3023586869239807 51.43159484863281 9.119 10.0 152.1724853515625 1.0 0.0 1.0 0.0 0.0 0.0 0.0 0.0 0.0 0.0 0.0 1.0 0.0 1.0 1.0 0.0 0.0 1.0 0.0 0.0 0.0 7.0 1850.0 0.0 11.55 3178.0 2705.8500000000004 0.0 Operational 0.0 0.0 0.0 0.0 0.0 0.0 0.0 0.0 0.0 0.0 0.0 0.0 0.0 0.0 0.0 0.0
11:47:36.100 0001 -0.3023586869239807 51.43159484863281 9.119 10.0 152.1724853515625 1.0 0.0 1.0 0.0 0.0 0.0 0.0 0.0 0.0 0.0 0.0 1.0 0.0 1.0 1.0 0.0 0.0 1.0 0.0 0.0 0.0 7.0 1850.0 0.0 11.6 3178.0 2705.8500000000004 0.0 Operational 0.0 0.0 0.0 0.0 0.0 0.0 0.0 0.0 0.0 0.0 0.0 0.0 0.0 0.0 0.0 0.0
11:47:36.200 0001 -0.3023586869239807 51.43159484863281 9.119 10.0 152.1724853515625 1.0 0.0 1.0 0.0 0.0 0.0 0.0 0.0 0.0 0.0 0.0 1.0 0.0 1.0 1.0 0.0 0.0 1.0 0.0 0.0 0.0 7.0 1849.0 0.0 11.45 3176.0 2705.8500000000004 0.0 Operational 0.0 0.0 0.0 0.0 0.0 0.0 0.0 0.0 0.0 0.0 0.0 0.0 0.0 0.0 0.0 0.0
11:47:36.300 0001 -0.3023586869239807 51.43159484863281 9.119 10.0 152.1724853515625 1.0 0.0 1.0 0.0 0.0 0.0 0.0 0.0 0.0 0.0 0.0 1.0 0.0 1.0 1.0 0.0 0.0 1.0 0.0 0.0 0.0 7.0 1850.0 0.0 11.6 3178.0 2705.8500000000004 0.0 Operational 0.0 0.0 0.0 0.0 0.0 0.0 0.0 0.0 0.0 0.0 0.0 0.0 0.0 0.0 0.0 0.0
11:47:36.400 0001 -0.3023586869239807 51.43159484863281 9.119 10.0 152.1724853515625 1.0 0.0 1.0 0.0 0.0 0.0 0.0 0.0 0.0 0.0 0.0 1.0 0.0 1.0 1.0 0.0 0.0 1.0 0.0 0.0 0.0 7.0 1850.0 0.0 11.6 3176.0 2705.8500000000004 0.0 Operational 0.0 0.0 0.0 0.0 0.0 0.0 0.0 0.0 0.0 0.0 0.0 0.0 0.0 0.0 0.0 0.0
11:47:36.500 0001 -0.3023586869239807 51.43159484863281 9.119 10.0 152.1724853515625 1.0 0.0 1.0 0.0 0.0 0.0 0.0 0.0 0.0 0.0 0.0 1.0 0.0 1.0 1.0 0.0 0.0 1.0 0.0 0.0 0.0 7.0 1849.0 0.0 11.6 3176.0 2705.8500000000004 0.0 Operational 0.0 0.0 0.0 0.0 0.0 0.0 0.0 0.0 0.0 0.0 0.0 0.0 0.0 0.0 0.0 0.0
11:47:36.600 0001 -0.3023586869239807 51.43159484863281 9.119 10.0 152.1724853515625 1.0 0.0 1.0 0.0 0.0 0.0 0.0 0.0 0.0 0.0 0.0 1.0 0.0 1.0 1.0 0.0 0.0 1.0 0.0 0.0 0.0 7.0 1849.0 0.0 11.65 3178.0 2705.8500000000004 0.0 Operational 0.0 0.0 0.0 0.0 0.0 0.0 0.0 0.0 0.0 0.0 0.0 0.0 0.0 0.0 0.0 0.0
11:47:36.700 0001 -0.3023586869239807 51.43159484863281 9.119 10.0 152.1724853515625 1.0 0.0 1.0 0.0 0.0 0.0 0.0 0.0 0.0 0.0 0.0 1.0 0.0 1.0 1.0 0.0 0.0 1.0 0.0 0.0 0.0 7.0 1850.0 0.0 11.6 3178.0 2705.8500000000004 0.0 Operational 0.0 0.0 0.0 0.0 0.0 0.0 0.0 0.0 0.0 0.0 0.0 0.0 0.0 0.0 0.0 0.0
11:47:36.800 0001 -0.3023586869239807 51.43159484863281 9.119 10.0 152.1724853515625 1.0 0.0 1.0 0.0 0.0 0.0 0.0 0.0 0.0 0.0 0.0 1.0 0.0 1.0 1.0 0.0 0.0 1.0 0.0 0.0 0.0 7.0 1850.0 0.0 11.6 3178.0 2705.8500000000004 0.0 Operational 0.0 0.0 0.0 0.0 0.0 0.0 0.0 0.0 0.0 0.0 0.0 0.0 0.0 0.0 0.0 0.0
11:47:36.900 0001 -0.3023586869239807 51.43159484863281 9.119 10.0 152.1724853515625 1.0 0.0 1.0 0.0 0.0 0.0 0.0 0.0 0.0 0.0 0.0 1.0 0.0 1.0 1.0 0.0 0.0 1.0 0.0 0.0 0.0 7.0 1849.0 0.0 11.5 3176.0 2705.8500000000004 0.0 Operational 0.0 0.0 0.0 0.0 0.0 0.0 0.0 0.0 0.0 0.0 0.0 0.0 0.0 0.0 0.0 0.0
11:47:37.000 0001 -0.3023580908775329 51.43159103393555 9.142 11.0 152.1724853515625 1.0 0.0 1.0 0.0 0.0 0.0 0.0 0.0 0.0 0.0 0.0 1.0 0.0 1.0 1.0 0.0 0.0 1.0 0.0 0.0 0.0 7.0 1849.0 0.0 11.5 3176.0 2705.8500000000004 0.0 Operational 0.0 0.0 0.0 0.0 0.0 0.0 0.0 0.0 0.0 0.0 0.0 0.0 0.0 0.0 0.0 0.0
11:47:37.100 0001 -0.3023580908775329 51.43159103393555 9.142 11.0 152.1724853515625 1.0 0.0 1.0 0.0 0.0 0.0 0.0 0.0 0.0 0.0 0.0 1.0 0.0 1.0 1.0 0.0 0.0 1.0 0.0 0.0 0.0 7.0 1849.0 0.0 11.5 3176.0 2705.8500000000004 0.0 Operational 0.0 0.0 0.0 0.0 0.0 0.0 0.0 0.0 0.0 0.0 0.0 0.0 0.0 0.0 0.0 0.0
11:47:37.200 0001 -0.3023580908775329 51.43159103393555 9.142 11.0 152.1724853515625 1.0 0.0 1.0 0.0 0.0 0.0 0.0 0.0 0.0 0.0 0.0 1.0 0.0 1.0 1.0 0.0 0.0 1.0 0.0 0.0 0.0 7.0 1849.0 0.0 11.5 3176.0 2705.8500000000004 0.0 Operational 0.0 0.0 0.0 0.0 0.0 0.0 0.0 0.0 0.0 0.0 0.0 0.0 0.0 0.0 0.0 0.0
11:47:37.300 0001 -0.3023580908775329 51.43159103393555 9.142 11.0 152.1724853515625 1.0 0.0 1.0 0.0 0.0 0.0 0.0 0.0 0.0 0.0 0.0 1.0 0.0 1.0 1.0 0.0 0.0 1.0 0.0 0.0 0.0 7.0 1849.0 0.0 11.5 3176.0 2705.8500000000004 0.0 Operational 0.0 0.0 0.0 0.0 0.0 0.0 0.0 0.0 0.0 0.0 0.0 0.0 0.0 0.0 0.0 0.0
11:47:37.400 0001 -0.3023580908775329 51.43159103393555 9.142 11.0 152.1724853515625 1.0 0.0 1.0 0.0 0.0 0.0 0.0 0.0 0.0 0.0 0.0 1.0 0.0 1.0 1.0 0.0 0.0 1.0 0.0 0.0 0.0 7.0 1849.0 0.0 11.5 3176.0 2705.8500000000004 0.0 Operational 0.0 0.0 0.0 0.0 0.0 0.0 0.0 0.0 0.0 0.0 0.0 0.0 0.0 0.0 0.0 0.0
11:47:37.500 0001 -0.3023580908775329 51.43159103393555 9.142 11.0 152.1724853515625 1.0 0.0 1.0 0.0 0.0 0.0 0.0 0.0 0.0 0.0 0.0 1.0 0.0 1.0 1.0 0.0 0.0 1.0 0.0 0.0 0.0 7.0 1849.0 0.0 11.5 3176.0 2705.8500000000004 0.0 Operational 0.0 0.0 0.0 0.0 0.0 0.0 0.0 0.0 0.0 0.0 0.0 0.0 0.0 0.0 0.0 0.0
11:47:37.600 0001 -0.3023580908775329 51.43159103393555 9.142 11.0 152.1724853515625 1.0 0.0 1.0 0.0 0.0 0.0 0.0 0.0 0.0 0.0 0.0 1.0 0.0 1.0 1.0 0.0 0.0 1.0 0.0 0.0 0.0 7.0 1849.0 0.0 11.5 3176.0 2705.8500000000004 0.0 Operational 0.0 0.0 0.0 0.0 0.0 0.0 0.0 0.0 0.0 0.0 0.0 0.0 0.0 0.0 0.0 0.0
11:47:37.700 0001 -0.3023580908775329 51.43159103393555 9.142 11.0 152.1724853515625 1.0 0.0 1.0 0.0 0.0 0.0 0.0 0.0 0.0 0.0 0.0 1.0 0.0 1.0 1.0 0.0 0.0 1.0 0.0 0.0 0.0 7.0 1849.0 0.0 11.5 3176.0 2705.8500000000004 0.0 Operational 0.0 0.0 0.0 0.0 0.0 0.0 0.0 0.0 0.0 0.0 0.0 0.0 0.0 0.0 0.0 0.0
11:47:37.800 0001 -0.3023580908775329 51.43159103393555 9.142 11.0 152.1724853515625 1.0 0.0 1.0 0.0 0.0 0.0 0.0 0.0 0.0 0.0 0.0 1.0 0.0 1.0 1.0 0.0 0.0 1.0 0.0 0.0 0.0 7.0 1849.0 0.0 11.5 3176.0 2705.8500000000004 0.0 Operational 0.0 0.0 0.0 0.0 0.0 0.0 0.0 0.0 0.0 0.0 0.0 0.0 0.0 0.0 0.0 0.0
11:47:37.900 0001 -0.3023531138896942 51.43159103393555 9.289 11.0 152.1724853515625 1.0 0.0 1.0 0.0 0.0 0.0 0.0 0.0 0.0 0.0 0.0 1.0 0.0 1.0 1.0 0.0 0.0 1.0 0.0 0.0 0.0 7.0 1849.0 0.0 11.5 3176.0 2705.8500000000004 0.0 Operational 0.0 0.0 0.0 0.0 0.0 0.0 0.0 0.0 0.0 0.0 0.0 0.0 0.0 0.0 0.0 0.0
11:47:38.000 0001 -0.3023531138896942 51.43159103393555 9.289 11.0 152.1724853515625 1.0 0.0 1.0 0.0 0.0 0.0 0.0 0.0 0.0 0.0 0.0 1.0 0.0 1.0 1.0 0.0 0.0 1.0 0.0 0.0 0.0 7.0 1849.0 0.0 11.5 3176.0 2705.8500000000004 0.0 Operational 0.0 0.0 0.0 0.0 0.0 0.0 0.0 0.0 0.0 0.0 0.0 0.0 0.0 0.0 0.0 0.0
11:47:38.100 0001 -0.3023531138896942 51.43159103393555 9.289 11.0 152.1724853515625 1.0 0.0 1.0 0.0 0.0 0.0 0.0 0.0 0.0 0.0 0.0 1.0 0.0 1.0 1.0 0.0 0.0 1.0 0.0 0.0 0.0 7.0 1849.0 0.0 11.5 3176.0 2705.8500000000004 0.0 Operational 0.0 0.0 0.0 0.0 0.0 0.0 0.0 0.0 0.0 0.0 0.0 0.0 0.0 0.0 0.0 0.0
11:47:38.200 0001 -0.3023531138896942 51.43159103393555 9.289 11.0 152.1724853515625 1.0 0.0 1.0 0.0 0.0 0.0 0.0 0.0 0.0 0.0 0.0 1.0 0.0 1.0 1.0 0.0 0.0 1.0 0.0 0.0 0.0 7.0 1849.0 0.0 11.5 3176.0 2705.8500000000004 0.0 Operational 0.0 0.0 0.0 0.0 0.0 0.0 0.0 0.0 0.0 0.0 0.0 0.0 0.0 0.0 0.0 0.0
11:47:38.300 0001 -0.3023531138896942 51.43159103393555 9.289 11.0 152.1724853515625 1.0 0.0 1.0 0.0 0.0 0.0 0.0 0.0 0.0 0.0 0.0 1.0 0.0 1.0 1.0 0.0 0.0 1.0 0.0 0.0 0.0 7.0 1849.0 0.0 11.5 3176.0 2705.8500000000004 0.0 Operational 0.0 0.0 0.0 0.0 0.0 0.0 0.0 0.0 0.0 0.0 0.0 0.0 0.0 0.0 0.0 0.0
11:47:38.400 0001 -0.3023531138896942 51.43159103393555 9.289 11.0 152.1724853515625 1.0 0.0 1.0 0.0 0.0 0.0 0.0 0.0 0.0 0.0 0.0 1.0 0.0 1.0 1.0 0.0 0.0 1.0 0.0 0.0 0.0 7.0 1849.0 0.0 11.5 3176.0 2705.8500000000004 0.0 Operational 0.0 0.0 0.0 0.0 0.0 0.0 0.0 0.0 0.0 0.0 0.0 0.0 0.0 0.0 0.0 0.0
11:47:38.500 0001 -0.3023531138896942 51.43159103393555 9.289 11.0 152.1724853515625 1.0 0.0 1.0 0.0 0.0 0.0 0.0 0.0 0.0 0.0 0.0 1.0 0.0 1.0 1.0 0.0 0.0 1.0 0.0 0.0 0.0 7.0 1849.0 0.0 11.5 3176.0 2705.8500000000004 0.0 Operational 0.0 0.0 0.0 0.0 0.0 0.0 0.0 0.0 0.0 0.0 0.0 0.0 0.0 0.0 0.0 0.0
11:47:38.600 0001 -0.3023531138896942 51.43159103393555 9.289 11.0 152.1724853515625 1.0 0.0 1.0 0.0 0.0 0.0 0.0 0.0 0.0 0.0 0.0 1.0 0.0 1.0 1.0 0.0 0.0 1.0 0.0 0.0 0.0 7.0 1849.0 0.0 11.5 3176.0 2705.8500000000004 0.0 Operational 0.0 0.0 0.0 0.0 0.0 0.0 0.0 0.0 0.0 0.0 0.0 0.0 0.0 0.0 0.0 0.0
11:47:38.700 0001 -0.3023531138896942 51.43159103393555 9.289 11.0 152.1724853515625 1.0 0.0 1.0 0.0 0.0 0.0 0.0 0.0 0.0 0.0 0.0 1.0 0.0 1.0 1.0 0.0 0.0 1.0 0.0 0.0 0.0 7.0 1849.0 0.0 11.5 3176.0 2705.8500000000004 0.0 Operational 0.0 0.0 0.0 0.0 0.0 0.0 0.0 0.0 0.0 0.0 0.0 0.0 0.0 0.0 0.0 0.0
11:47:38.800 0001 -0.3023531138896942 51.43159103393555 9.289 11.0 152.1724853515625 1.0 0.0 1.0 0.0 0.0 0.0 0.0 0.0 0.0 0.0 0.0 1.0 0.0 1.0 1.0 0.0 0.0 1.0 0.0 0.0 0.0 7.0 1849.0 0.0 11.5 3176.0 2705.8500000000004 0.0 Operational 0.0 0.0 0.0 0.0 0.0 0.0 0.0 0.0 0.0 0.0 0.0 0.0 0.0 0.0 0.0 0.0
11:47:38.900 0001 -0.3023543059825897 51.43158721923828 9.465 11.0 152.1724853515625 1.0 0.0 1.0 0.0 0.0 0.0 0.0 0.0 0.0 0.0 0.0 1.0 0.0 1.0 1.0 0.0 0.0 1.0 0.0 0.0 0.0 7.0 1849.0 0.0 11.5 3176.0 2705.8500000000004 0.0 Operational 0.0 0.0 0.0 0.0 0.0 0.0 0.0 0.0 0.0 0.0 0.0 0.0 0.0 0.0 0.0 0.0
11:47:39.000 0001 -0.3023543059825897 51.43158721923828 9.465 11.0 152.1724853515625 1.0 0.0 1.0 0.0 0.0 0.0 0.0 0.0 0.0 0.0 0.0 1.0 0.0 1.0 1.0 0.0 0.0 1.0 0.0 0.0 0.0 7.0 1849.0 0.0 11.5 3176.0 2705.8500000000004 0.0 Operational 0.0 0.0 0.0 0.0 0.0 0.0 0.0 0.0 0.0 0.0 0.0 0.0 0.0 0.0 0.0 0.0
11:47:39.100 0001 -0.3023543059825897 51.43158721923828 9.465 11.0 152.1724853515625 1.0 0.0 1.0 0.0 0.0 0.0 0.0 0.0 0.0 0.0 0.0 1.0 0.0 1.0 1.0 0.0 0.0 1.0 0.0 0.0 0.0 7.0 1849.0 0.0 11.5 3176.0 2705.8500000000004 0.0 Operational 0.0 0.0 0.0 0.0 0.0 0.0 0.0 0.0 0.0 0.0 0.0 0.0 0.0 0.0 0.0 0.0
11:47:39.200 0001 -0.3023543059825897 51.43158721923828 9.465 11.0 152.1724853515625 1.0 0.0 1.0 0.0 0.0 0.0 0.0 0.0 0.0 0.0 0.0 1.0 0.0 1.0 1.0 0.0 0.0 1.0 0.0 0.0 0.0 7.0 1849.0 0.0 11.5 3176.0 2705.8500000000004 0.0 Operational 0.0 0.0 0.0 0.0 0.0 0.0 0.0 0.0 0.0 0.0 0.0 0.0 0.0 0.0 0.0 0.0
11:47:39.300 0001 -0.3023543059825897 51.43158721923828 9.465 11.0 152.1724853515625 1.0 0.0 1.0 0.0 0.0 0.0 0.0 0.0 0.0 0.0 0.0 1.0 0.0 1.0 1.0 0.0 0.0 1.0 0.0 0.0 0.0 7.0 1849.0 0.0 11.5 3176.0 2705.8500000000004 0.0 Operational 0.0 0.0 0.0 0.0 0.0 0.0 0.0 0.0 0.0 0.0 0.0 0.0 0.0 0.0 0.0 0.0
11:47:39.400 0001 -0.3023543059825897 51.43158721923828 9.465 11.0 152.1724853515625 1.0 0.0 1.0 0.0 0.0 0.0 0.0 0.0 0.0 0.0 0.0 1.0 0.0 1.0 1.0 0.0 0.0 1.0 0.0 0.0 0.0 7.0 1849.0 0.0 11.5 3176.0 2705.8500000000004 0.0 Operational 0.0 0.0 0.0 0.0 0.0 0.0 0.0 0.0 0.0 0.0 0.0 0.0 0.0 0.0 0.0 0.0
11:47:39.500 0001 -0.3023543059825897 51.43158721923828 9.465 11.0 152.1724853515625 1.0 0.0 1.0 0.0 0.0 0.0 0.0 0.0 0.0 0.0 0.0 1.0 0.0 1.0 1.0 0.0 0.0 1.0 0.0 0.0 0.0 7.0 1849.0 0.0 11.5 3176.0 2705.8500000000004 0.0 Operational 0.0 0.0 0.0 0.0 0.0 0.0 0.0 0.0 0.0 0.0 0.0 0.0 0.0 0.0 0.0 0.0
11:47:39.600 0001 -0.3023543059825897 51.43158721923828 9.465 11.0 152.1724853515625 1.0 0.0 1.0 0.0 0.0 0.0 0.0 0.0 0.0 0.0 0.0 1.0 0.0 1.0 1.0 0.0 0.0 1.0 0.0 0.0 0.0 7.0 1849.0 0.0 11.5 3176.0 2705.8500000000004 0.0 Operational 0.0 0.0 0.0 0.0 0.0 0.0 0.0 0.0 0.0 0.0 0.0 0.0 0.0 0.0 0.0 0.0
11:47:39.700 0001 -0.3023543059825897 51.43158721923828 9.465 11.0 152.1724853515625 1.0 0.0 1.0 0.0 0.0 0.0 0.0 0.0 0.0 0.0 0.0 1.0 0.0 1.0 1.0 0.0 0.0 1.0 0.0 0.0 0.0 7.0 1849.0 0.0 11.5 3176.0 2705.8500000000004 0.0 Operational 0.0 0.0 0.0 0.0 0.0 0.0 0.0 0.0 0.0 0.0 0.0 0.0 0.0 0.0 0.0 0.0
11:47:39.800 0001 -0.3023543059825897 51.43158721923828 9.465 11.0 152.1724853515625 1.0 0.0 1.0 0.0 0.0 0.0 0.0 0.0 0.0 0.0 0.0 1.0 0.0 1.0 1.0 0.0 0.0 1.0 0.0 0.0 0.0 7.0 1849.0 0.0 11.5 3176.0 2705.8500000000004 0.0 Operational 0.0 0.0 0.0 0.0 0.0 0.0 0.0 0.0 0.0 0.0 0.0 0.0 0.0 0.0 0.0 0.0
11:47:39.900 0001 -0.3023527860641479 51.43158721923828 9.859 11.0 152.1724853515625 1.0 0.0 1.0 0.0 0.0 0.0 0.0 0.0 0.0 0.0 0.0 1.0 0.0 1.0 1.0 0.0 0.0 1.0 0.0 0.0 0.0 7.0 1849.0 0.0 11.5 3176.0 2705.8500000000004 0.0 Operational 0.0 0.0 0.0 0.0 0.0 0.0 0.0 0.0 0.0 0.0 0.0 0.0 0.0 0.0 0.0 0.0
11:47:40.000 0001 -0.3023527860641479 51.43158721923828 9.859 11.0 152.1724853515625 1.0 0.0 1.0 0.0 0.0 0.0 0.0 0.0 0.0 0.0 0.0 1.0 0.0 1.0 1.0 0.0 0.0 1.0 0.0 0.0 0.0 7.0 1849.0 0.0 11.5 3176.0 2705.8500000000004 0.0 Operational 0.0 0.0 0.0 0.0 0.0 0.0 0.0 0.0 0.0 0.0 0.0 0.0 0.0 0.0 0.0 0.0
11:47:40.100 0001 -0.3023527860641479 51.43158721923828 9.859 11.0 152.1724853515625 1.0 0.0 1.0 0.0 0.0 0.0 0.0 0.0 0.0 0.0 0.0 1.0 0.0 1.0 1.0 0.0 0.0 1.0 0.0 0.0 0.0 7.0 1849.0 0.0 11.5 3176.0 2705.8500000000004 0.0 Operational 0.0 0.0 0.0 0.0 0.0 0.0 0.0 0.0 0.0 0.0 0.0 0.0 0.0 0.0 0.0 0.0
11:47:40.200 0001 -0.3023527860641479 51.43158721923828 9.859 11.0 152.1724853515625 1.0 0.0 1.0 0.0 0.0 0.0 0.0 0.0 0.0 0.0 0.0 1.0 0.0 1.0 1.0 0.0 0.0 1.0 0.0 0.0 0.0 7.0 1849.0 0.0 11.5 3176.0 2705.8500000000004 0.0 Operational 0.0 0.0 0.0 0.0 0.0 0.0 0.0 0.0 0.0 0.0 0.0 0.0 0.0 0.0 0.0 0.0
11:47:40.300 0001 -0.3023527860641479 51.43158721923828 9.859 11.0 152.1724853515625 1.0 0.0 1.0 0.0 0.0 0.0 0.0 0.0 0.0 0.0 0.0 1.0 0.0 1.0 1.0 0.0 0.0 1.0 0.0 0.0 0.0 7.0 1849.0 0.0 11.5 3176.0 2705.8500000000004 0.0 Operational 0.0 0.0 0.0 0.0 0.0 0.0 0.0 0.0 0.0 0.0 0.0 0.0 0.0 0.0 0.0 0.0
11:47:40.400 0001 -0.3023527860641479 51.43158721923828 9.859 11.0 152.1724853515625 1.0 0.0 1.0 0.0 0.0 0.0 0.0 0.0 0.0 0.0 0.0 1.0 0.0 1.0 1.0 0.0 0.0 1.0 0.0 0.0 0.0 7.0 1849.0 0.0 11.5 3176.0 2705.8500000000004 0.0 Operational 0.0 0.0 0.0 0.0 0.0 0.0 0.0 0.0 0.0 0.0 0.0 0.0 0.0 0.0 0.0 0.0
11:47:40.500 0001 -0.3023527860641479 51.43158721923828 9.859 11.0 152.1724853515625 1.0 0.0 1.0 0.0 0.0 0.0 0.0 0.0 0.0 0.0 0.0 1.0 0.0 1.0 1.0 0.0 0.0 1.0 0.0 0.0 0.0 7.0 1849.0 0.0 11.5 3176.0 2705.8500000000004 0.0 Operational 0.0 0.0 0.0 0.0 0.0 0.0 0.0 0.0 0.0 0.0 0.0 0.0 0.0 0.0 0.0 0.0
11:47:40.600 0001 -0.3023527860641479 51.43158721923828 9.859 11.0 152.1724853515625 1.0 0.0 1.0 0.0 0.0 0.0 0.0 0.0 0.0 0.0 0.0 1.0 0.0 1.0 1.0 0.0 0.0 1.0 0.0 0.0 0.0 7.0 1849.0 0.0 11.5 3176.0 2705.8500000000004 0.0 Operational 0.0 0.0 0.0 0.0 0.0 0.0 0.0 0.0 0.0 0.0 0.0 0.0 0.0 0.0 0.0 0.0
11:47:40.700 0001 -0.3023527860641479 51.43158721923828 9.859 11.0 152.1724853515625 1.0 0.0 1.0 0.0 0.0 0.0 0.0 0.0 0.0 0.0 0.0 1.0 0.0 1.0 1.0 0.0 0.0 1.0 0.0 0.0 0.0 7.0 1849.0 0.0 11.5 3176.0 2705.8500000000004 0.0 Operational 0.0 0.0 0.0 0.0 0.0 0.0 0.0 0.0 0.0 0.0 0.0 0.0 0.0 0.0 0.0 0.0
11:47:40.800 0001 -0.3023527860641479 51.43158721923828 9.859 11.0 152.1724853515625 1.0 0.0 1.0 0.0 0.0 0.0 0.0 0.0 0.0 0.0 0.0 1.0 0.0 1.0 1.0 0.0 0.0 1.0 0.0 0.0 0.0 7.0 1849.0 0.0 11.5 3176.0 2705.8500000000004 0.0 Operational 0.0 0.0 0.0 0.0 0.0 0.0 0.0 0.0 0.0 0.0 0.0 0.0 0.0 0.0 0.0 0.0
11:47:40.900 0001 -0.3023484945297241 51.43158721923828 9.893 11.0 152.1724853515625 1.0 0.0 1.0 0.0 0.0 0.0 0.0 0.0 0.0 0.0 0.0 1.0 0.0 1.0 1.0 0.0 0.0 1.0 0.0 0.0 0.0 7.0 1849.0 0.0 11.5 3176.0 2705.8500000000004 0.0 Operational 0.0 0.0 0.0 0.0 0.0 0.0 0.0 0.0 0.0 0.0 0.0 0.0 0.0 0.0 0.0 0.0
11:47:41.000 0001 -0.3023484945297241 51.43158721923828 9.893 11.0 152.1724853515625 1.0 0.0 1.0 0.0 0.0 0.0 0.0 0.0 0.0 0.0 0.0 1.0 0.0 1.0 1.0 0.0 0.0 1.0 0.0 0.0 0.0 7.0 1849.0 0.0 11.5 3176.0 2705.8500000000004 0.0 Operational 0.0 0.0 0.0 0.0 0.0 0.0 0.0 0.0 0.0 0.0 0.0 0.0 0.0 0.0 0.0 0.0
11:47:41.100 0001 -0.3023484945297241 51.43158721923828 9.893 11.0 152.1724853515625 1.0 0.0 1.0 0.0 0.0 0.0 0.0 0.0 0.0 0.0 0.0 1.0 0.0 1.0 1.0 0.0 0.0 1.0 0.0 0.0 0.0 7.0 1849.0 0.0 11.5 3176.0 2705.8500000000004 0.0 Operational 0.0 0.0 0.0 0.0 0.0 0.0 0.0 0.0 0.0 0.0 0.0 0.0 0.0 0.0 0.0 0.0
11:47:41.200 0001 -0.3023484945297241 51.43158721923828 9.893 11.0 152.1724853515625 1.0 0.0 1.0 0.0 0.0 0.0 0.0 0.0 0.0 0.0 0.0 1.0 0.0 1.0 1.0 0.0 0.0 1.0 0.0 0.0 0.0 7.0 1849.0 0.0 11.5 3176.0 2705.8500000000004 0.0 Operational 0.0 0.0 0.0 0.0 0.0 0.0 0.0 0.0 0.0 0.0 0.0 0.0 0.0 0.0 0.0 0.0
11:47:41.300 0001 -0.3023484945297241 51.43158721923828 9.893 11.0 152.1724853515625 1.0 0.0 1.0 0.0 0.0 0.0 0.0 0.0 0.0 0.0 0.0 1.0 0.0 1.0 1.0 0.0 0.0 1.0 0.0 0.0 0.0 7.0 1849.0 0.0 11.5 3176.0 2705.8500000000004 0.0 Operational 0.0 0.0 0.0 0.0 0.0 0.0 0.0 0.0 0.0 0.0 0.0 0.0 0.0 0.0 0.0 0.0
11:47:41.400 0001 -0.3023484945297241 51.43158721923828 9.893 11.0 152.1724853515625 1.0 0.0 1.0 0.0 0.0 0.0 0.0 0.0 0.0 0.0 0.0 1.0 0.0 1.0 1.0 0.0 0.0 1.0 0.0 0.0 0.0 7.0 1849.0 0.0 11.5 3176.0 2705.8500000000004 0.0 Operational 0.0 0.0 0.0 0.0 0.0 0.0 0.0 0.0 0.0 0.0 0.0 0.0 0.0 0.0 0.0 0.0
11:47:41.500 0001 -0.3023484945297241 51.43158721923828 9.893 11.0 152.1724853515625 1.0 0.0 1.0 0.0 0.0 0.0 0.0 0.0 0.0 0.0 0.0 1.0 0.0 1.0 1.0 0.0 0.0 1.0 0.0 0.0 0.0 7.0 1849.0 0.0 11.5 3176.0 2705.8500000000004 0.0 Operational 0.0 0.0 0.0 0.0 0.0 0.0 0.0 0.0 0.0 0.0 0.0 0.0 0.0 0.0 0.0 0.0
11:47:41.600 0001 -0.3023484945297241 51.43158721923828 9.893 11.0 152.1724853515625 1.0 0.0 1.0 0.0 0.0 0.0 0.0 0.0 0.0 0.0 0.0 1.0 0.0 1.0 1.0 0.0 0.0 1.0 0.0 0.0 0.0 7.0 1849.0 0.0 11.5 3176.0 2705.8500000000004 0.0 Operational 0.0 0.0 0.0 0.0 0.0 0.0 0.0 0.0 0.0 0.0 0.0 0.0 0.0 0.0 0.0 0.0
11:47:41.700 0001 -0.3023484945297241 51.43158721923828 9.893 11.0 152.1724853515625 1.0 0.0 1.0 0.0 0.0 0.0 0.0 0.0 0.0 0.0 0.0 1.0 0.0 1.0 1.0 0.0 0.0 1.0 0.0 0.0 0.0 7.0 1849.0 0.0 11.5 3176.0 2705.8500000000004 0.0 Operational 0.0 0.0 0.0 0.0 0.0 0.0 0.0 0.0 0.0 0.0 0.0 0.0 0.0 0.0 0.0 0.0
11:47:41.800 0001 -0.3023484945297241 51.43158721923828 9.893 11.0 152.1724853515625 1.0 0.0 1.0 0.0 0.0 0.0 0.0 0.0 0.0 0.0 0.0 1.0 0.0 1.0 1.0 0.0 0.0 1.0 0.0 0.0 0.0 7.0 1849.0 0.0 11.5 3176.0 2705.8500000000004 0.0 Operational 0.0 0.0 0.0 0.0 0.0 0.0 0.0 0.0 0.0 0.0 0.0 0.0 0.0 0.0 0.0 0.0
11:47:41.900 0001 -0.3023484945297241 51.43158721923828 10.268 11.0 152.1724853515625 1.0 0.0 1.0 0.0 0.0 0.0 0.0 0.0 0.0 0.0 0.0 1.0 0.0 1.0 1.0 0.0 0.0 1.0 0.0 0.0 0.0 7.0 1849.0 0.0 11.5 3176.0 2705.8500000000004 0.0 Operational 0.0 0.0 0.0 0.0 0.0 0.0 0.0 0.0 0.0 0.0 0.0 0.0 0.0 0.0 0.0 0.0
11:47:42.000 0001 -0.3023456931114197 51.43158721923828 10.268 11.0 152.1724853515625 1.0 0.0 1.0 0.0 0.0 0.0 0.0 0.0 0.0 0.0 0.0 1.0 0.0 1.0 1.0 0.0 0.0 1.0 0.0 0.0 0.0 7.0 1849.0 0.0 11.5 3176.0 2705.8500000000004 0.0 Operational 0.0 0.0 0.0 0.0 0.0 0.0 0.0 0.0 0.0 0.0 0.0 0.0 0.0 0.0 0.0 0.0
11:47:42.100 0001 -0.3023456931114197 51.43158721923828 10.268 11.0 152.1724853515625 1.0 0.0 1.0 0.0 0.0 0.0 0.0 0.0 0.0 0.0 0.0 1.0 0.0 1.0 1.0 0.0 0.0 1.0 0.0 0.0 0.0 7.0 1849.0 0.0 11.5 3176.0 2705.8500000000004 0.0 Operational 0.0 0.0 0.0 0.0 0.0 0.0 0.0 0.0 0.0 0.0 0.0 0.0 0.0 0.0 0.0 0.0
