[device]
Syslogic

[cameras]
['front', 'left_nozzle', 'back', 'right_nozzle']

[AVI]
SN214929_2023_10_18_1300_

[column names]
time avifileindex Longitude Latitude Altitude Satellites Heading Nozzle1downTMSCS Nozzle2downTMS SideBrush1downTMS SideBrush2downTMS BrushCurrent SideBrush1ExtendTMSCS SideBrush2ExtendTMSCS SideBrush1RetractTMSCS SideBrush2RetractTMSCS Nozzle1WaterSprayOnOffTMS Nozzle2WaterSprayOnOffTMS SideBrush1WaterSprayTMS SideBrush2WaterSprayTMS WSBMotoronoffTMS FanOnTMS WorkLight1OnOffTMS WorkLight2OnOffTMS NozGapOpen NozGapClose Pause_active AutoSweepActive EngineType EngineSpeed RoadSpeedTMSCS EngineFuelRateTMSCS FanSpeed TotalFuelConsumption WaterTankLevel JVMheartbeat JVMALerts GutterSprayOnOff AddWaterSprayOnOff WaterRe_circOnOff modbus_id pm_sensor_serious_fault pm_sensor_fault pm_sensor_is_degraded_mode pm_sensor_is_ready pm_1 pm_2_5 pm_10 temperature firmware_version humidity error

[data]
13:00:29.600 0001 -0.3402292132377624 51.45876693725586 7.515000000000001 10.0 287.2761535644531 0.0 0.0 0.0 0.0 0.0 0.0 0.0 0.0 0.0 0.0 0.0 0.0 0.0 0.0 0.0 0.0 0.0 1.0 0.0 1.0 0.0 7.0 74.0 0.0 0.0 0.0 2708.15 0.0 Operational 38.0 0.0 0.0 0.0 0.0 0.0 0.0 0.0 0.0 0.0 0.0 0.0 0.0 0.0 0.0 0.0
13:00:29.700 0001 -0.3402292132377624 51.45876693725586 7.515000000000001 10.0 287.2761535644531 0.0 0.0 0.0 0.0 0.0 0.0 0.0 0.0 0.0 0.0 0.0 0.0 0.0 0.0 0.0 0.0 0.0 1.0 0.0 1.0 0.0 7.0 74.0 0.0 0.0 0.0 2708.15 0.0 Operational 38.0 0.0 0.0 0.0 0.0 0.0 0.0 0.0 0.0 0.0 0.0 0.0 0.0 0.0 0.0 0.0
13:00:29.800 0001 -0.3402292132377624 51.45876693725586 7.515000000000001 10.0 287.2761535644531 0.0 0.0 0.0 0.0 0.0 0.0 0.0 0.0 0.0 0.0 0.0 0.0 0.0 0.0 0.0 0.0 0.0 1.0 0.0 1.0 0.0 7.0 74.0 0.0 0.0 0.0 2708.15 0.0 Operational 38.0 0.0 0.0 0.0 0.0 0.0 0.0 0.0 0.0 0.0 0.0 0.0 0.0 0.0 0.0 0.0
13:00:29.900 0001 -0.3402292132377624 51.45876693725586 7.515000000000001 10.0 287.2761535644531 0.0 0.0 0.0 0.0 0.0 0.0 0.0 0.0 0.0 0.0 0.0 0.0 0.0 0.0 0.0 0.0 0.0 1.0 0.0 1.0 0.0 7.0 74.0 0.0 0.0 0.0 2708.15 0.0 Operational 38.0 0.0 0.0 0.0 0.0 0.0 0.0 0.0 0.0 0.0 0.0 0.0 0.0 0.0 0.0 0.0
13:00:30.000 0001 -0.3402292132377624 51.45876693725586 7.515000000000001 10.0 287.2761535644531 0.0 0.0 0.0 0.0 0.0 0.0 0.0 0.0 0.0 0.0 0.0 0.0 0.0 0.0 0.0 0.0 0.0 1.0 0.0 1.0 0.0 7.0 74.0 0.0 0.0 0.0 2708.15 0.0 Operational 38.0 0.0 0.0 0.0 0.0 0.0 0.0 0.0 0.0 0.0 0.0 0.0 0.0 0.0 0.0 0.0
13:00:30.000 0001 -0.3402292132377624 51.45876693725586 7.515000000000001 10.0 287.2761535644531 0.0 0.0 0.0 0.0 0.0 0.0 0.0 0.0 0.0 0.0 0.0 0.0 0.0 0.0 0.0 0.0 0.0 1.0 0.0 1.0 0.0 7.0 74.0 0.0 0.0 0.0 2708.15 0.0 Operational 38.0 0.0 0.0 0.0 0.0 0.0 0.0 0.0 0.0 0.0 0.0 0.0 0.0 0.0 0.0 0.0
13:00:30.100 0001 -0.3402292132377624 51.45876693725586 7.515000000000001 10.0 287.2761535644531 0.0 0.0 0.0 0.0 0.0 0.0 0.0 0.0 0.0 0.0 0.0 0.0 0.0 0.0 0.0 0.0 0.0 1.0 0.0 1.0 0.0 7.0 74.0 0.0 0.0 0.0 2708.15 0.0 Operational 38.0 0.0 0.0 0.0 0.0 0.0 0.0 0.0 0.0 0.0 0.0 0.0 0.0 0.0 0.0 0.0
13:00:30.200 0001 -0.3402292132377624 51.45876693725586 7.515000000000001 10.0 287.2761535644531 0.0 0.0 0.0 0.0 0.0 0.0 0.0 0.0 0.0 0.0 0.0 0.0 0.0 0.0 0.0 0.0 0.0 1.0 0.0 1.0 0.0 7.0 74.0 0.0 0.0 0.0 2708.15 0.0 Operational 38.0 0.0 0.0 0.0 0.0 0.0 0.0 0.0 0.0 0.0 0.0 0.0 0.0 0.0 0.0 0.0
13:00:30.300 0001 -0.3402292132377624 51.45876693725586 7.515000000000001 10.0 287.2761535644531 0.0 0.0 0.0 0.0 0.0 0.0 0.0 0.0 0.0 0.0 0.0 0.0 0.0 0.0 0.0 0.0 0.0 1.0 0.0 1.0 0.0 7.0 74.0 0.0 0.0 0.0 2708.15 0.0 Operational 38.0 0.0 0.0 0.0 0.0 0.0 0.0 0.0 0.0 0.0 0.0 0.0 0.0 0.0 0.0 0.0
13:00:30.400 0001 -0.3402292132377624 51.45876693725586 7.515000000000001 10.0 287.2761535644531 0.0 0.0 0.0 0.0 0.0 0.0 0.0 0.0 0.0 0.0 0.0 0.0 0.0 0.0 0.0 0.0 0.0 1.0 0.0 1.0 0.0 7.0 74.0 0.0 0.0 0.0 2708.15 0.0 Operational 38.0 0.0 0.0 0.0 0.0 0.0 0.0 0.0 0.0 0.0 0.0 0.0 0.0 0.0 0.0 0.0
13:00:30.500 0001 -0.3402292132377624 51.45876693725586 7.515000000000001 10.0 287.2761535644531 0.0 0.0 0.0 0.0 0.0 0.0 0.0 0.0 0.0 0.0 0.0 0.0 0.0 0.0 0.0 0.0 0.0 1.0 0.0 1.0 0.0 7.0 74.0 0.0 0.0 0.0 2708.15 0.0 Operational 38.0 0.0 0.0 0.0 0.0 0.0 0.0 0.0 0.0 0.0 0.0 0.0 0.0 0.0 0.0 0.0
13:00:30.600 0001 -0.3402292132377624 51.45876693725586 7.515000000000001 10.0 287.2761535644531 0.0 0.0 0.0 0.0 0.0 0.0 0.0 0.0 0.0 0.0 0.0 0.0 0.0 0.0 0.0 0.0 0.0 1.0 0.0 1.0 0.0 7.0 74.0 0.0 0.0 0.0 2708.15 0.0 Operational 38.0 0.0 0.0 0.0 0.0 0.0 0.0 0.0 0.0 0.0 0.0 0.0 0.0 0.0 0.0 0.0
13:00:30.700 0001 -0.3402292132377624 51.45876693725586 7.515000000000001 10.0 287.2761535644531 0.0 0.0 0.0 0.0 0.0 0.0 0.0 0.0 0.0 0.0 0.0 0.0 0.0 0.0 0.0 0.0 0.0 1.0 0.0 1.0 0.0 7.0 74.0 0.0 0.0 0.0 2708.15 0.0 Operational 38.0 0.0 0.0 0.0 0.0 0.0 0.0 0.0 0.0 0.0 0.0 0.0 0.0 0.0 0.0 0.0
13:00:30.800 0001 -0.3402292132377624 51.45876693725586 7.515000000000001 10.0 287.2761535644531 0.0 0.0 0.0 0.0 0.0 0.0 0.0 0.0 0.0 0.0 0.0 0.0 0.0 0.0 0.0 0.0 0.0 1.0 0.0 1.0 0.0 7.0 74.0 0.0 0.0 0.0 2708.15 0.0 Operational 38.0 0.0 0.0 0.0 0.0 0.0 0.0 0.0 0.0 0.0 0.0 0.0 0.0 0.0 0.0 0.0
13:00:30.900 0001 -0.3402220904827118 51.458763122558594 7.364 10.0 287.2761535644531 0.0 0.0 0.0 0.0 0.0 0.0 0.0 0.0 0.0 0.0 0.0 0.0 0.0 0.0 0.0 0.0 0.0 1.0 0.0 1.0 0.0 7.0 74.0 0.0 0.0 0.0 2708.15 0.0 Operational 38.0 0.0 0.0 0.0 0.0 0.0 0.0 0.0 0.0 0.0 0.0 0.0 0.0 0.0 0.0 0.0
13:00:31.000 0001 -0.3402220904827118 51.458763122558594 7.364 10.0 287.2761535644531 0.0 0.0 0.0 0.0 0.0 0.0 0.0 0.0 0.0 0.0 0.0 0.0 0.0 0.0 0.0 0.0 0.0 1.0 0.0 1.0 0.0 7.0 74.0 0.0 0.0 0.0 2708.15 0.0 Operational 38.0 0.0 0.0 0.0 0.0 0.0 0.0 0.0 0.0 0.0 0.0 0.0 0.0 0.0 0.0 0.0
13:00:31.100 0001 -0.3402220904827118 51.458763122558594 7.364 10.0 287.2761535644531 0.0 0.0 0.0 0.0 0.0 0.0 0.0 0.0 0.0 0.0 0.0 0.0 0.0 0.0 0.0 0.0 0.0 1.0 0.0 1.0 0.0 7.0 74.0 0.0 0.0 0.0 2708.15 0.0 Operational 38.0 0.0 0.0 0.0 0.0 0.0 0.0 0.0 0.0 0.0 0.0 0.0 0.0 0.0 0.0 0.0
13:00:31.200 0001 -0.3402220904827118 51.458763122558594 7.364 10.0 287.2761535644531 0.0 0.0 0.0 0.0 0.0 0.0 0.0 0.0 0.0 0.0 0.0 0.0 0.0 0.0 0.0 0.0 0.0 1.0 0.0 1.0 0.0 7.0 74.0 0.0 0.0 0.0 2708.15 0.0 Operational 38.0 0.0 0.0 0.0 0.0 0.0 0.0 0.0 0.0 0.0 0.0 0.0 0.0 0.0 0.0 0.0
13:00:31.300 0001 -0.3402220904827118 51.458763122558594 7.364 10.0 287.2761535644531 0.0 0.0 0.0 0.0 0.0 0.0 0.0 0.0 0.0 0.0 0.0 0.0 0.0 0.0 0.0 0.0 0.0 1.0 0.0 1.0 0.0 7.0 74.0 0.0 0.0 0.0 2708.15 0.0 Operational 38.0 0.0 0.0 0.0 0.0 0.0 0.0 0.0 0.0 0.0 0.0 0.0 0.0 0.0 0.0 0.0
13:00:31.400 0001 -0.3402220904827118 51.458763122558594 7.364 10.0 287.2761535644531 0.0 0.0 0.0 0.0 0.0 0.0 0.0 0.0 0.0 0.0 0.0 0.0 0.0 0.0 0.0 0.0 0.0 1.0 0.0 1.0 0.0 7.0 74.0 0.0 0.0 0.0 2708.15 0.0 Operational 38.0 0.0 0.0 0.0 0.0 0.0 0.0 0.0 0.0 0.0 0.0 0.0 0.0 0.0 0.0 0.0
13:00:31.500 0001 -0.3402220904827118 51.458763122558594 7.364 10.0 287.2761535644531 0.0 0.0 0.0 0.0 0.0 0.0 0.0 0.0 0.0 0.0 0.0 0.0 0.0 0.0 0.0 0.0 0.0 1.0 0.0 1.0 0.0 7.0 74.0 0.0 0.0 0.0 2708.15 0.0 Operational 38.0 0.0 0.0 0.0 0.0 0.0 0.0 0.0 0.0 0.0 0.0 0.0 0.0 0.0 0.0 0.0
13:00:31.600 0001 -0.3402220904827118 51.458763122558594 7.364 10.0 287.2761535644531 0.0 0.0 0.0 0.0 0.0 0.0 0.0 0.0 0.0 0.0 0.0 0.0 0.0 0.0 0.0 0.0 0.0 1.0 0.0 1.0 0.0 7.0 74.0 0.0 0.0 0.0 2708.15 0.0 Operational 38.0 0.0 0.0 0.0 0.0 0.0 0.0 0.0 0.0 0.0 0.0 0.0 0.0 0.0 0.0 0.0
13:00:31.700 0001 -0.3402220904827118 51.458763122558594 7.364 10.0 287.2761535644531 0.0 0.0 0.0 0.0 0.0 0.0 0.0 0.0 0.0 0.0 0.0 0.0 0.0 0.0 0.0 0.0 0.0 1.0 0.0 1.0 0.0 7.0 74.0 0.0 0.0 0.0 2708.15 0.0 Operational 38.0 0.0 0.0 0.0 0.0 0.0 0.0 0.0 0.0 0.0 0.0 0.0 0.0 0.0 0.0 0.0
13:00:31.800 0001 -0.3402220904827118 51.458763122558594 7.364 10.0 287.2761535644531 0.0 0.0 0.0 0.0 0.0 0.0 0.0 0.0 0.0 0.0 0.0 0.0 0.0 0.0 0.0 0.0 0.0 1.0 0.0 1.0 0.0 7.0 74.0 0.0 0.0 0.0 2708.15 0.0 Operational 38.0 0.0 0.0 0.0 0.0 0.0 0.0 0.0 0.0 0.0 0.0 0.0 0.0 0.0 0.0 0.0
13:00:31.900 0001 -0.340211808681488 51.458763122558594 7.162 10.0 287.2761535644531 0.0 0.0 0.0 0.0 0.0 0.0 0.0 0.0 0.0 0.0 0.0 0.0 0.0 0.0 0.0 0.0 0.0 1.0 0.0 1.0 0.0 7.0 74.0 0.0 0.0 0.0 2708.15 0.0 Operational 38.0 0.0 0.0 0.0 0.0 0.0 0.0 0.0 0.0 0.0 0.0 0.0 0.0 0.0 0.0 0.0
13:00:32.000 0001 -0.340211808681488 51.458763122558594 7.162 10.0 287.2761535644531 0.0 0.0 0.0 0.0 0.0 0.0 0.0 0.0 0.0 0.0 0.0 0.0 0.0 0.0 0.0 0.0 0.0 1.0 0.0 1.0 0.0 7.0 74.0 0.0 0.0 0.0 2708.15 0.0 Operational 38.0 0.0 0.0 0.0 0.0 0.0 0.0 0.0 0.0 0.0 0.0 0.0 0.0 0.0 0.0 0.0
13:00:32.100 0001 -0.340211808681488 51.458763122558594 7.162 10.0 287.2761535644531 0.0 0.0 0.0 0.0 0.0 0.0 0.0 0.0 0.0 0.0 0.0 0.0 0.0 0.0 0.0 0.0 0.0 1.0 0.0 1.0 0.0 7.0 74.0 0.0 0.0 0.0 2708.15 0.0 Operational 38.0 0.0 0.0 0.0 0.0 0.0 0.0 0.0 0.0 0.0 0.0 0.0 0.0 0.0 0.0 0.0
13:00:32.200 0001 -0.340211808681488 51.458763122558594 7.162 10.0 287.2761535644531 0.0 0.0 0.0 0.0 0.0 0.0 0.0 0.0 0.0 0.0 0.0 0.0 0.0 0.0 0.0 0.0 0.0 1.0 0.0 1.0 0.0 7.0 74.0 0.0 0.0 0.0 2708.15 0.0 Operational 38.0 0.0 0.0 0.0 0.0 0.0 0.0 0.0 0.0 0.0 0.0 0.0 0.0 0.0 0.0 0.0
13:00:32.300 0001 -0.340211808681488 51.458763122558594 7.162 10.0 287.2761535644531 0.0 0.0 0.0 0.0 0.0 0.0 0.0 0.0 0.0 0.0 0.0 0.0 0.0 0.0 0.0 0.0 0.0 1.0 0.0 1.0 0.0 7.0 74.0 0.0 0.0 0.0 2708.15 0.0 Operational 38.0 0.0 0.0 0.0 0.0 0.0 0.0 0.0 0.0 0.0 0.0 0.0 0.0 0.0 0.0 0.0
13:00:32.400 0001 -0.340211808681488 51.458763122558594 7.162 10.0 287.2761535644531 0.0 0.0 0.0 0.0 0.0 0.0 0.0 0.0 0.0 0.0 0.0 0.0 0.0 0.0 0.0 0.0 0.0 1.0 0.0 1.0 0.0 7.0 74.0 0.0 0.0 0.0 2708.15 0.0 Operational 38.0 0.0 0.0 0.0 0.0 0.0 0.0 0.0 0.0 0.0 0.0 0.0 0.0 0.0 0.0 0.0
13:00:32.500 0001 -0.340211808681488 51.458763122558594 7.162 10.0 287.2761535644531 0.0 0.0 0.0 0.0 0.0 0.0 0.0 0.0 0.0 0.0 0.0 0.0 0.0 0.0 0.0 0.0 0.0 1.0 0.0 1.0 0.0 7.0 74.0 0.0 0.0 0.0 2708.15 0.0 Operational 38.0 0.0 0.0 0.0 0.0 0.0 0.0 0.0 0.0 0.0 0.0 0.0 0.0 0.0 0.0 0.0
13:00:32.600 0001 -0.340211808681488 51.458763122558594 7.162 10.0 287.2761535644531 0.0 0.0 0.0 0.0 0.0 0.0 0.0 0.0 0.0 0.0 0.0 0.0 0.0 0.0 0.0 0.0 0.0 1.0 0.0 1.0 0.0 7.0 74.0 0.0 0.0 0.0 2708.15 0.0 Operational 38.0 0.0 0.0 0.0 0.0 0.0 0.0 0.0 0.0 0.0 0.0 0.0 0.0 0.0 0.0 0.0
13:00:32.700 0001 -0.340211808681488 51.458763122558594 7.162 10.0 287.2761535644531 0.0 0.0 0.0 0.0 0.0 0.0 0.0 0.0 0.0 0.0 0.0 0.0 0.0 0.0 0.0 0.0 0.0 1.0 0.0 1.0 0.0 7.0 74.0 0.0 0.0 0.0 2708.15 0.0 Operational 38.0 0.0 0.0 0.0 0.0 0.0 0.0 0.0 0.0 0.0 0.0 0.0 0.0 0.0 0.0 0.0
13:00:32.800 0001 -0.340211808681488 51.458763122558594 7.162 10.0 287.2761535644531 0.0 0.0 0.0 0.0 0.0 0.0 0.0 0.0 0.0 0.0 0.0 0.0 0.0 0.0 0.0 0.0 0.0 1.0 0.0 1.0 0.0 7.0 74.0 0.0 0.0 0.0 2708.15 0.0 Operational 38.0 0.0 0.0 0.0 0.0 0.0 0.0 0.0 0.0 0.0 0.0 0.0 0.0 0.0 0.0 0.0
13:00:32.900 0001 -0.3402019143104553 51.458763122558594 6.9510000000000005 10.0 287.2761535644531 0.0 0.0 0.0 0.0 0.0 0.0 0.0 0.0 0.0 0.0 0.0 0.0 0.0 0.0 0.0 0.0 0.0 1.0 0.0 1.0 0.0 7.0 74.0 0.0 0.0 0.0 2708.15 0.0 Operational 38.0 0.0 0.0 0.0 0.0 0.0 0.0 0.0 0.0 0.0 0.0 0.0 0.0 0.0 0.0 0.0
13:00:33.000 0001 -0.3402019143104553 51.458763122558594 6.9510000000000005 10.0 287.2761535644531 0.0 0.0 0.0 0.0 0.0 0.0 0.0 0.0 0.0 0.0 0.0 0.0 0.0 0.0 0.0 0.0 0.0 1.0 0.0 1.0 0.0 7.0 74.0 0.0 0.0 0.0 2708.15 0.0 Operational 38.0 0.0 0.0 0.0 0.0 0.0 0.0 0.0 0.0 0.0 0.0 0.0 0.0 0.0 0.0 0.0
13:00:33.100 0001 -0.3402019143104553 51.458763122558594 6.9510000000000005 10.0 287.2761535644531 0.0 0.0 0.0 0.0 0.0 0.0 0.0 0.0 0.0 0.0 0.0 0.0 0.0 0.0 0.0 0.0 0.0 1.0 0.0 1.0 0.0 7.0 74.0 0.0 0.0 0.0 2708.15 0.0 Operational 38.0 0.0 0.0 0.0 0.0 0.0 0.0 0.0 0.0 0.0 0.0 0.0 0.0 0.0 0.0 0.0
13:00:33.200 0001 -0.3402019143104553 51.458763122558594 6.9510000000000005 10.0 287.2761535644531 0.0 0.0 0.0 0.0 0.0 0.0 0.0 0.0 0.0 0.0 0.0 0.0 0.0 0.0 0.0 0.0 0.0 1.0 0.0 1.0 0.0 7.0 74.0 0.0 0.0 0.0 2708.15 0.0 Operational 38.0 0.0 0.0 0.0 0.0 0.0 0.0 0.0 0.0 0.0 0.0 0.0 0.0 0.0 0.0 0.0
13:00:33.300 0001 -0.3402019143104553 51.458763122558594 6.9510000000000005 10.0 287.2761535644531 0.0 0.0 0.0 0.0 0.0 0.0 0.0 0.0 0.0 0.0 0.0 0.0 0.0 0.0 0.0 0.0 0.0 1.0 0.0 1.0 0.0 7.0 74.0 0.0 0.0 0.0 2708.15 0.0 Operational 38.0 0.0 0.0 0.0 0.0 0.0 0.0 0.0 0.0 0.0 0.0 0.0 0.0 0.0 0.0 0.0
13:00:33.400 0001 -0.3402019143104553 51.458763122558594 6.9510000000000005 10.0 287.2761535644531 0.0 0.0 0.0 0.0 0.0 0.0 0.0 0.0 0.0 0.0 0.0 0.0 0.0 0.0 0.0 0.0 0.0 1.0 0.0 1.0 0.0 7.0 74.0 0.0 0.0 0.0 2708.15 0.0 Operational 38.0 0.0 0.0 0.0 0.0 0.0 0.0 0.0 0.0 0.0 0.0 0.0 0.0 0.0 0.0 0.0
13:00:33.500 0001 -0.3402019143104553 51.458763122558594 6.9510000000000005 10.0 287.2761535644531 0.0 0.0 0.0 0.0 0.0 0.0 0.0 0.0 0.0 0.0 0.0 0.0 0.0 0.0 0.0 0.0 0.0 1.0 0.0 1.0 0.0 7.0 74.0 0.0 0.0 0.0 2708.15 0.0 Operational 38.0 0.0 0.0 0.0 0.0 0.0 0.0 0.0 0.0 0.0 0.0 0.0 0.0 0.0 0.0 0.0
13:00:33.600 0001 -0.3402019143104553 51.458763122558594 6.9510000000000005 10.0 287.2761535644531 0.0 0.0 0.0 0.0 0.0 0.0 0.0 0.0 0.0 0.0 0.0 0.0 0.0 0.0 0.0 0.0 0.0 1.0 0.0 1.0 0.0 7.0 74.0 0.0 0.0 0.0 2708.15 0.0 Operational 38.0 0.0 0.0 0.0 0.0 0.0 0.0 0.0 0.0 0.0 0.0 0.0 0.0 0.0 0.0 0.0
13:00:33.700 0001 -0.3402019143104553 51.458763122558594 6.9510000000000005 10.0 287.2761535644531 0.0 0.0 0.0 0.0 0.0 0.0 0.0 0.0 0.0 0.0 0.0 0.0 0.0 0.0 0.0 0.0 0.0 1.0 0.0 1.0 0.0 7.0 74.0 0.0 0.0 0.0 2708.15 0.0 Operational 38.0 0.0 0.0 0.0 0.0 0.0 0.0 0.0 0.0 0.0 0.0 0.0 0.0 0.0 0.0 0.0
13:00:33.800 0001 -0.3402019143104553 51.458763122558594 6.9510000000000005 10.0 287.2761535644531 0.0 0.0 0.0 0.0 0.0 0.0 0.0 0.0 0.0 0.0 0.0 0.0 0.0 0.0 0.0 0.0 0.0 1.0 0.0 1.0 0.0 7.0 74.0 0.0 0.0 0.0 2708.15 0.0 Operational 38.0 0.0 0.0 0.0 0.0 0.0 0.0 0.0 0.0 0.0 0.0 0.0 0.0 0.0 0.0 0.0
13:00:33.900 0001 -0.3401871919631958 51.45875930786133 6.97 9.0 287.2761535644531 0.0 0.0 0.0 0.0 0.0 0.0 0.0 0.0 0.0 0.0 0.0 0.0 0.0 0.0 0.0 0.0 0.0 1.0 0.0 1.0 0.0 7.0 74.0 0.0 0.0 0.0 2708.15 0.0 Operational 38.0 0.0 0.0 0.0 0.0 0.0 0.0 0.0 0.0 0.0 0.0 0.0 0.0 0.0 0.0 0.0
13:00:34.000 0001 -0.3401871919631958 51.45875930786133 6.97 9.0 287.2761535644531 0.0 0.0 0.0 0.0 0.0 0.0 0.0 0.0 0.0 0.0 0.0 0.0 0.0 0.0 0.0 0.0 0.0 1.0 0.0 1.0 0.0 7.0 74.0 0.0 0.0 0.0 2708.15 0.0 Operational 38.0 0.0 0.0 0.0 0.0 0.0 0.0 0.0 0.0 0.0 0.0 0.0 0.0 0.0 0.0 0.0
13:00:34.100 0001 -0.3401871919631958 51.45875930786133 6.97 9.0 287.2761535644531 0.0 0.0 0.0 0.0 0.0 0.0 0.0 0.0 0.0 0.0 0.0 0.0 0.0 0.0 0.0 0.0 0.0 1.0 0.0 1.0 0.0 7.0 74.0 0.0 0.0 0.0 2708.15 0.0 Operational 38.0 0.0 0.0 0.0 0.0 0.0 0.0 0.0 0.0 0.0 0.0 0.0 0.0 0.0 0.0 0.0
13:00:34.200 0001 -0.3401871919631958 51.45875930786133 6.97 9.0 287.2761535644531 0.0 0.0 0.0 0.0 0.0 0.0 0.0 0.0 0.0 0.0 0.0 0.0 0.0 0.0 0.0 0.0 0.0 1.0 0.0 1.0 0.0 7.0 74.0 0.0 0.0 0.0 2708.15 0.0 Operational 38.0 0.0 0.0 0.0 0.0 0.0 0.0 0.0 0.0 0.0 0.0 0.0 0.0 0.0 0.0 0.0
13:00:34.300 0001 -0.3401871919631958 51.45875930786133 6.97 9.0 287.2761535644531 0.0 0.0 0.0 0.0 0.0 0.0 0.0 0.0 0.0 0.0 0.0 0.0 0.0 0.0 0.0 0.0 0.0 1.0 0.0 1.0 0.0 7.0 74.0 0.0 0.0 0.0 2708.15 0.0 Operational 38.0 0.0 0.0 0.0 0.0 0.0 0.0 0.0 0.0 0.0 0.0 0.0 0.0 0.0 0.0 0.0
13:00:34.400 0001 -0.3401871919631958 51.45875930786133 6.97 9.0 287.2761535644531 0.0 0.0 0.0 0.0 0.0 0.0 0.0 0.0 0.0 0.0 0.0 0.0 0.0 0.0 0.0 0.0 0.0 1.0 0.0 1.0 0.0 7.0 74.0 0.0 0.0 0.0 2708.15 0.0 Operational 38.0 0.0 0.0 0.0 0.0 0.0 0.0 0.0 0.0 0.0 0.0 0.0 0.0 0.0 0.0 0.0
13:00:34.500 0001 -0.3401871919631958 51.45875930786133 6.97 9.0 287.2761535644531 0.0 0.0 0.0 0.0 0.0 0.0 0.0 0.0 0.0 0.0 0.0 0.0 0.0 0.0 0.0 0.0 0.0 1.0 0.0 1.0 0.0 7.0 74.0 0.0 0.0 0.0 2708.15 0.0 Operational 38.0 0.0 0.0 0.0 0.0 0.0 0.0 0.0 0.0 0.0 0.0 0.0 0.0 0.0 0.0 0.0
13:00:34.600 0001 -0.3401871919631958 51.45875930786133 6.97 9.0 287.2761535644531 0.0 0.0 0.0 0.0 0.0 0.0 0.0 0.0 0.0 0.0 0.0 0.0 0.0 0.0 0.0 0.0 0.0 1.0 0.0 1.0 0.0 7.0 74.0 0.0 0.0 0.0 2708.15 0.0 Operational 38.0 0.0 0.0 0.0 0.0 0.0 0.0 0.0 0.0 0.0 0.0 0.0 0.0 0.0 0.0 0.0
13:00:34.700 0001 -0.3401871919631958 51.45875930786133 6.97 9.0 287.2761535644531 0.0 0.0 0.0 0.0 0.0 0.0 0.0 0.0 0.0 0.0 0.0 0.0 0.0 0.0 0.0 0.0 0.0 1.0 0.0 1.0 0.0 7.0 74.0 0.0 0.0 0.0 2708.15 0.0 Operational 38.0 0.0 0.0 0.0 0.0 0.0 0.0 0.0 0.0 0.0 0.0 0.0 0.0 0.0 0.0 0.0
13:00:34.800 0001 -0.3401871919631958 51.45875930786133 6.97 9.0 287.2761535644531 0.0 0.0 0.0 0.0 0.0 0.0 0.0 0.0 0.0 0.0 0.0 0.0 0.0 0.0 0.0 0.0 0.0 1.0 0.0 1.0 0.0 7.0 74.0 0.0 0.0 0.0 2708.15 0.0 Operational 38.0 0.0 0.0 0.0 0.0 0.0 0.0 0.0 0.0 0.0 0.0 0.0 0.0 0.0 0.0 0.0
13:00:34.900 0001 -0.3401834964752197 51.458763122558594 6.8180000000000005 10.0 287.2761535644531 0.0 0.0 0.0 0.0 0.0 0.0 0.0 0.0 0.0 0.0 0.0 0.0 0.0 0.0 0.0 0.0 0.0 1.0 0.0 1.0 0.0 7.0 74.0 0.0 0.0 0.0 2708.15 0.0 Operational 38.0 0.0 0.0 0.0 0.0 0.0 0.0 0.0 0.0 0.0 0.0 0.0 0.0 0.0 0.0 0.0
13:00:35.000 0001 -0.3401834964752197 51.458763122558594 6.8180000000000005 10.0 287.2761535644531 0.0 0.0 0.0 0.0 0.0 0.0 0.0 0.0 0.0 0.0 0.0 0.0 0.0 0.0 0.0 0.0 0.0 1.0 0.0 1.0 0.0 7.0 74.0 0.0 0.0 0.0 2708.15 0.0 Operational 38.0 0.0 0.0 0.0 0.0 0.0 0.0 0.0 0.0 0.0 0.0 0.0 0.0 0.0 0.0 0.0
13:00:35.100 0001 -0.3401834964752197 51.458763122558594 6.8180000000000005 10.0 287.2761535644531 0.0 0.0 0.0 0.0 0.0 0.0 0.0 0.0 0.0 0.0 0.0 0.0 0.0 0.0 0.0 0.0 0.0 1.0 0.0 1.0 0.0 7.0 74.0 0.0 0.0 0.0 2708.15 0.0 Operational 38.0 0.0 0.0 0.0 0.0 0.0 0.0 0.0 0.0 0.0 0.0 0.0 0.0 0.0 0.0 0.0
13:00:35.200 0001 -0.3401834964752197 51.458763122558594 6.8180000000000005 10.0 287.2761535644531 0.0 0.0 0.0 0.0 0.0 0.0 0.0 0.0 0.0 0.0 0.0 0.0 0.0 0.0 0.0 0.0 0.0 1.0 0.0 1.0 0.0 7.0 74.0 0.0 0.0 0.0 2708.15 0.0 Operational 38.0 0.0 0.0 0.0 0.0 0.0 0.0 0.0 0.0 0.0 0.0 0.0 0.0 0.0 0.0 0.0
13:00:35.300 0001 -0.3401834964752197 51.458763122558594 6.8180000000000005 10.0 287.2761535644531 0.0 0.0 0.0 0.0 0.0 0.0 0.0 0.0 0.0 0.0 0.0 0.0 0.0 0.0 0.0 0.0 0.0 1.0 0.0 1.0 0.0 7.0 74.0 0.0 0.0 0.0 2708.15 0.0 Operational 38.0 0.0 0.0 0.0 0.0 0.0 0.0 0.0 0.0 0.0 0.0 0.0 0.0 0.0 0.0 0.0
13:00:35.400 0001 -0.3401834964752197 51.458763122558594 6.8180000000000005 10.0 287.2761535644531 0.0 0.0 0.0 0.0 0.0 0.0 0.0 0.0 0.0 0.0 0.0 0.0 0.0 0.0 0.0 0.0 0.0 1.0 0.0 1.0 0.0 7.0 74.0 0.0 0.0 0.0 2708.15 0.0 Operational 38.0 0.0 0.0 0.0 0.0 0.0 0.0 0.0 0.0 0.0 0.0 0.0 0.0 0.0 0.0 0.0
13:00:35.500 0001 -0.3401834964752197 51.458763122558594 6.8180000000000005 10.0 287.2761535644531 0.0 0.0 0.0 0.0 0.0 0.0 0.0 0.0 0.0 0.0 0.0 0.0 0.0 0.0 0.0 0.0 0.0 1.0 0.0 1.0 0.0 7.0 74.0 0.0 0.0 0.0 2708.15 0.0 Operational 38.0 0.0 0.0 0.0 0.0 0.0 0.0 0.0 0.0 0.0 0.0 0.0 0.0 0.0 0.0 0.0
13:00:35.600 0001 -0.3401834964752197 51.458763122558594 6.8180000000000005 10.0 287.2761535644531 0.0 0.0 0.0 0.0 0.0 0.0 0.0 0.0 0.0 0.0 0.0 0.0 0.0 0.0 0.0 0.0 0.0 1.0 0.0 1.0 0.0 7.0 74.0 0.0 0.0 0.0 2708.15 0.0 Operational 38.0 0.0 0.0 0.0 0.0 0.0 0.0 0.0 0.0 0.0 0.0 0.0 0.0 0.0 0.0 0.0
13:00:35.700 0001 -0.3401834964752197 51.458763122558594 6.8180000000000005 10.0 287.2761535644531 0.0 0.0 0.0 0.0 0.0 0.0 0.0 0.0 0.0 0.0 0.0 0.0 0.0 0.0 0.0 0.0 0.0 1.0 0.0 1.0 0.0 7.0 74.0 0.0 0.0 0.0 2708.15 0.0 Operational 38.0 0.0 0.0 0.0 0.0 0.0 0.0 0.0 0.0 0.0 0.0 0.0 0.0 0.0 0.0 0.0
13:00:35.800 0001 -0.3401834964752197 51.458763122558594 6.8180000000000005 10.0 287.2761535644531 0.0 0.0 0.0 0.0 0.0 0.0 0.0 0.0 0.0 0.0 0.0 0.0 0.0 0.0 0.0 0.0 0.0 1.0 0.0 1.0 0.0 7.0 74.0 0.0 0.0 0.0 2708.15 0.0 Operational 38.0 0.0 0.0 0.0 0.0 0.0 0.0 0.0 0.0 0.0 0.0 0.0 0.0 0.0 0.0 0.0
13:00:35.900 0001 -0.3401823937892914 51.458763122558594 6.507000000000001 8.0 287.2761535644531 0.0 0.0 0.0 0.0 0.0 0.0 0.0 0.0 0.0 0.0 0.0 0.0 0.0 0.0 0.0 0.0 0.0 1.0 0.0 1.0 0.0 7.0 74.0 0.0 0.0 0.0 2708.15 0.0 Operational 38.0 0.0 0.0 0.0 0.0 0.0 0.0 0.0 0.0 0.0 0.0 0.0 0.0 0.0 0.0 0.0
13:00:36.000 0001 -0.3401823937892914 51.458763122558594 6.507000000000001 8.0 287.2761535644531 0.0 0.0 0.0 0.0 0.0 0.0 0.0 0.0 0.0 0.0 0.0 0.0 0.0 0.0 0.0 0.0 0.0 1.0 0.0 1.0 0.0 7.0 74.0 0.0 0.0 0.0 2708.15 0.0 Operational 38.0 0.0 0.0 0.0 0.0 0.0 0.0 0.0 0.0 0.0 0.0 0.0 0.0 0.0 0.0 0.0
13:00:36.100 0001 -0.3401823937892914 51.458763122558594 6.507000000000001 8.0 287.2761535644531 0.0 0.0 0.0 0.0 0.0 0.0 0.0 0.0 0.0 0.0 0.0 0.0 0.0 0.0 0.0 0.0 0.0 1.0 0.0 1.0 0.0 7.0 74.0 0.0 0.0 0.0 2708.15 0.0 Operational 38.0 0.0 0.0 0.0 0.0 0.0 0.0 0.0 0.0 0.0 0.0 0.0 0.0 0.0 0.0 0.0
13:00:36.200 0001 -0.3401823937892914 51.458763122558594 6.507000000000001 8.0 287.2761535644531 0.0 0.0 0.0 0.0 0.0 0.0 0.0 0.0 0.0 0.0 0.0 0.0 0.0 0.0 0.0 0.0 0.0 1.0 0.0 1.0 0.0 7.0 74.0 0.0 0.0 0.0 2708.15 0.0 Operational 38.0 0.0 0.0 0.0 0.0 0.0 0.0 0.0 0.0 0.0 0.0 0.0 0.0 0.0 0.0 0.0
13:00:36.300 0001 -0.3401823937892914 51.458763122558594 6.507000000000001 8.0 287.2761535644531 0.0 0.0 0.0 0.0 0.0 0.0 0.0 0.0 0.0 0.0 0.0 0.0 0.0 0.0 0.0 0.0 0.0 1.0 0.0 1.0 0.0 7.0 74.0 0.0 0.0 0.0 2708.15 0.0 Operational 38.0 0.0 0.0 0.0 0.0 0.0 0.0 0.0 0.0 0.0 0.0 0.0 0.0 0.0 0.0 0.0
13:00:36.400 0001 -0.3401823937892914 51.458763122558594 6.507000000000001 8.0 287.2761535644531 0.0 0.0 0.0 0.0 0.0 0.0 0.0 0.0 0.0 0.0 0.0 0.0 0.0 0.0 0.0 0.0 0.0 1.0 0.0 1.0 0.0 7.0 74.0 0.0 0.0 0.0 2708.15 0.0 Operational 38.0 0.0 0.0 0.0 0.0 0.0 0.0 0.0 0.0 0.0 0.0 0.0 0.0 0.0 0.0 0.0
13:00:36.500 0001 -0.3401823937892914 51.458763122558594 6.507000000000001 8.0 287.2761535644531 0.0 0.0 0.0 0.0 0.0 0.0 0.0 0.0 0.0 0.0 0.0 0.0 0.0 0.0 0.0 0.0 0.0 1.0 0.0 1.0 0.0 7.0 74.0 0.0 0.0 0.0 2708.15 0.0 Operational 38.0 0.0 0.0 0.0 0.0 0.0 0.0 0.0 0.0 0.0 0.0 0.0 0.0 0.0 0.0 0.0
13:00:36.600 0001 -0.3401823937892914 51.458763122558594 6.507000000000001 8.0 287.2761535644531 0.0 0.0 0.0 0.0 0.0 0.0 0.0 0.0 0.0 0.0 0.0 0.0 0.0 0.0 0.0 0.0 0.0 1.0 0.0 1.0 0.0 7.0 74.0 0.0 0.0 0.0 2708.15 0.0 Operational 38.0 0.0 0.0 0.0 0.0 0.0 0.0 0.0 0.0 0.0 0.0 0.0 0.0 0.0 0.0 0.0
13:00:36.700 0001 -0.3401823937892914 51.458763122558594 6.507000000000001 8.0 287.2761535644531 0.0 0.0 0.0 0.0 0.0 0.0 0.0 0.0 0.0 0.0 0.0 0.0 0.0 0.0 0.0 0.0 0.0 1.0 0.0 1.0 0.0 7.0 74.0 0.0 0.0 0.0 2708.15 0.0 Operational 38.0 0.0 0.0 0.0 0.0 0.0 0.0 0.0 0.0 0.0 0.0 0.0 0.0 0.0 0.0 0.0
13:00:36.800 0001 -0.3401823937892914 51.458763122558594 6.507000000000001 8.0 287.2761535644531 0.0 0.0 0.0 0.0 0.0 0.0 0.0 0.0 0.0 0.0 0.0 0.0 0.0 0.0 0.0 0.0 0.0 1.0 0.0 1.0 0.0 7.0 74.0 0.0 0.0 0.0 2708.15 0.0 Operational 38.0 0.0 0.0 0.0 0.0 0.0 0.0 0.0 0.0 0.0 0.0 0.0 0.0 0.0 0.0 0.0
13:00:36.900 0001 -0.3401654958724975 51.45876693725586 6.525 8.0 287.2761535644531 0.0 0.0 0.0 0.0 0.0 0.0 0.0 0.0 0.0 0.0 0.0 0.0 0.0 0.0 0.0 0.0 0.0 1.0 0.0 1.0 0.0 7.0 74.0 0.0 0.0 0.0 2708.15 0.0 Operational 38.0 0.0 0.0 0.0 0.0 0.0 0.0 0.0 0.0 0.0 0.0 0.0 0.0 0.0 0.0 0.0
13:00:37.000 0001 -0.3401654958724975 51.45876693725586 6.525 8.0 287.2761535644531 0.0 0.0 0.0 0.0 0.0 0.0 0.0 0.0 0.0 0.0 0.0 0.0 0.0 0.0 0.0 0.0 0.0 1.0 0.0 1.0 0.0 7.0 74.0 0.0 0.0 0.0 2708.15 0.0 Operational 38.0 0.0 0.0 0.0 0.0 0.0 0.0 0.0 0.0 0.0 0.0 0.0 0.0 0.0 0.0 0.0
13:00:37.100 0001 -0.3401654958724975 51.45876693725586 6.525 8.0 287.2761535644531 0.0 0.0 0.0 0.0 0.0 0.0 0.0 0.0 0.0 0.0 0.0 0.0 0.0 0.0 0.0 0.0 0.0 1.0 0.0 1.0 0.0 7.0 74.0 0.0 0.0 0.0 2708.15 0.0 Operational 38.0 0.0 0.0 0.0 0.0 0.0 0.0 0.0 0.0 0.0 0.0 0.0 0.0 0.0 0.0 0.0
13:00:37.200 0001 -0.3401654958724975 51.45876693725586 6.525 8.0 287.2761535644531 0.0 0.0 0.0 0.0 0.0 0.0 0.0 0.0 0.0 0.0 0.0 0.0 0.0 0.0 0.0 0.0 0.0 1.0 0.0 1.0 0.0 7.0 74.0 0.0 0.0 0.0 2708.15 0.0 Operational 38.0 0.0 0.0 0.0 0.0 0.0 0.0 0.0 0.0 0.0 0.0 0.0 0.0 0.0 0.0 0.0
13:00:37.300 0001 -0.3401654958724975 51.45876693725586 6.525 8.0 287.2761535644531 0.0 0.0 0.0 0.0 0.0 0.0 0.0 0.0 0.0 0.0 0.0 0.0 0.0 0.0 0.0 0.0 0.0 1.0 0.0 1.0 0.0 7.0 74.0 0.0 0.0 0.0 2708.15 0.0 Operational 38.0 0.0 0.0 0.0 0.0 0.0 0.0 0.0 0.0 0.0 0.0 0.0 0.0 0.0 0.0 0.0
13:00:37.400 0001 -0.3401654958724975 51.45876693725586 6.525 8.0 287.2761535644531 0.0 0.0 0.0 0.0 0.0 0.0 0.0 0.0 0.0 0.0 0.0 0.0 0.0 0.0 0.0 0.0 0.0 1.0 0.0 1.0 0.0 7.0 74.0 0.0 0.0 0.0 2708.15 0.0 Operational 38.0 0.0 0.0 0.0 0.0 0.0 0.0 0.0 0.0 0.0 0.0 0.0 0.0 0.0 0.0 0.0
13:00:37.500 0001 -0.3401654958724975 51.45876693725586 6.525 8.0 287.2761535644531 0.0 0.0 0.0 0.0 0.0 0.0 0.0 0.0 0.0 0.0 0.0 0.0 0.0 0.0 0.0 0.0 0.0 1.0 0.0 1.0 0.0 7.0 74.0 0.0 0.0 0.0 2708.15 0.0 Operational 38.0 0.0 0.0 0.0 0.0 0.0 0.0 0.0 0.0 0.0 0.0 0.0 0.0 0.0 0.0 0.0
13:00:37.600 0001 -0.3401654958724975 51.45876693725586 6.525 8.0 287.2761535644531 0.0 0.0 0.0 0.0 0.0 0.0 0.0 0.0 0.0 0.0 0.0 0.0 0.0 0.0 0.0 0.0 0.0 1.0 0.0 1.0 0.0 7.0 74.0 0.0 0.0 0.0 2708.15 0.0 Operational 38.0 0.0 0.0 0.0 0.0 0.0 0.0 0.0 0.0 0.0 0.0 0.0 0.0 0.0 0.0 0.0
13:00:37.700 0001 -0.3401654958724975 51.45876693725586 6.525 8.0 287.2761535644531 0.0 0.0 0.0 0.0 0.0 0.0 0.0 0.0 0.0 0.0 0.0 0.0 0.0 0.0 0.0 0.0 0.0 1.0 0.0 1.0 0.0 7.0 74.0 0.0 0.0 0.0 2708.15 0.0 Operational 38.0 0.0 0.0 0.0 0.0 0.0 0.0 0.0 0.0 0.0 0.0 0.0 0.0 0.0 0.0 0.0
13:00:37.800 0001 -0.3401654958724975 51.45876693725586 6.525 8.0 287.2761535644531 0.0 0.0 0.0 0.0 0.0 0.0 0.0 0.0 0.0 0.0 0.0 0.0 0.0 0.0 0.0 0.0 0.0 1.0 0.0 1.0 0.0 7.0 74.0 0.0 0.0 0.0 2708.15 0.0 Operational 38.0 0.0 0.0 0.0 0.0 0.0 0.0 0.0 0.0 0.0 0.0 0.0 0.0 0.0 0.0 0.0
13:00:37.900 0001 -0.3401626050472259 51.45876693725586 6.432 8.0 287.2761535644531 0.0 0.0 0.0 0.0 0.0 0.0 0.0 0.0 0.0 0.0 0.0 0.0 0.0 0.0 0.0 0.0 0.0 1.0 0.0 1.0 0.0 7.0 74.0 0.0 0.0 0.0 2708.15 0.0 Operational 38.0 0.0 0.0 0.0 0.0 0.0 0.0 0.0 0.0 0.0 0.0 0.0 0.0 0.0 0.0 0.0
13:00:38.000 0001 -0.3401626050472259 51.45876693725586 6.432 8.0 287.2761535644531 0.0 0.0 0.0 0.0 0.0 0.0 0.0 0.0 0.0 0.0 0.0 0.0 0.0 0.0 0.0 0.0 0.0 1.0 0.0 1.0 0.0 7.0 74.0 0.0 0.0 0.0 2708.15 0.0 Operational 38.0 0.0 0.0 0.0 0.0 0.0 0.0 0.0 0.0 0.0 0.0 0.0 0.0 0.0 0.0 0.0
13:00:38.100 0001 -0.3401626050472259 51.45876693725586 6.432 8.0 287.2761535644531 0.0 0.0 0.0 0.0 0.0 0.0 0.0 0.0 0.0 0.0 0.0 0.0 0.0 0.0 0.0 0.0 0.0 1.0 0.0 1.0 0.0 7.0 74.0 0.0 0.0 0.0 2708.15 0.0 Operational 38.0 0.0 0.0 0.0 0.0 0.0 0.0 0.0 0.0 0.0 0.0 0.0 0.0 0.0 0.0 0.0
13:00:38.200 0001 -0.3401626050472259 51.45876693725586 6.432 8.0 287.2761535644531 0.0 0.0 0.0 0.0 0.0 0.0 0.0 0.0 0.0 0.0 0.0 0.0 0.0 0.0 0.0 0.0 0.0 1.0 0.0 1.0 0.0 7.0 74.0 0.0 0.0 0.0 2708.15 0.0 Operational 38.0 0.0 0.0 0.0 0.0 0.0 0.0 0.0 0.0 0.0 0.0 0.0 0.0 0.0 0.0 0.0
13:00:38.300 0001 -0.3401626050472259 51.45876693725586 6.432 8.0 287.2761535644531 0.0 0.0 0.0 0.0 0.0 0.0 0.0 0.0 0.0 0.0 0.0 0.0 0.0 0.0 0.0 0.0 0.0 1.0 0.0 1.0 0.0 7.0 74.0 0.0 0.0 0.0 2708.15 0.0 Operational 38.0 0.0 0.0 0.0 0.0 0.0 0.0 0.0 0.0 0.0 0.0 0.0 0.0 0.0 0.0 0.0
13:00:38.400 0001 -0.3401626050472259 51.45876693725586 6.432 8.0 287.2761535644531 0.0 0.0 0.0 0.0 0.0 0.0 0.0 0.0 0.0 0.0 0.0 0.0 0.0 0.0 0.0 0.0 0.0 1.0 0.0 1.0 0.0 7.0 74.0 0.0 0.0 0.0 2708.15 0.0 Operational 38.0 0.0 0.0 0.0 0.0 0.0 0.0 0.0 0.0 0.0 0.0 0.0 0.0 0.0 0.0 0.0
13:00:38.500 0001 -0.3401626050472259 51.45876693725586 6.432 8.0 287.2761535644531 0.0 0.0 0.0 0.0 0.0 0.0 0.0 0.0 0.0 0.0 0.0 0.0 0.0 0.0 0.0 0.0 0.0 1.0 0.0 1.0 0.0 7.0 74.0 0.0 0.0 0.0 2708.15 0.0 Operational 38.0 0.0 0.0 0.0 0.0 0.0 0.0 0.0 0.0 0.0 0.0 0.0 0.0 0.0 0.0 0.0
13:00:38.600 0001 -0.3401626050472259 51.45876693725586 6.432 8.0 287.2761535644531 0.0 0.0 0.0 0.0 0.0 0.0 0.0 0.0 0.0 0.0 0.0 0.0 0.0 0.0 0.0 0.0 0.0 1.0 0.0 1.0 0.0 7.0 74.0 0.0 0.0 0.0 2708.15 0.0 Operational 38.0 0.0 0.0 0.0 0.0 0.0 0.0 0.0 0.0 0.0 0.0 0.0 0.0 0.0 0.0 0.0
13:00:38.700 0001 -0.3401626050472259 51.45876693725586 6.432 8.0 287.2761535644531 0.0 0.0 0.0 0.0 0.0 0.0 0.0 0.0 0.0 0.0 0.0 0.0 0.0 0.0 0.0 0.0 0.0 1.0 0.0 1.0 0.0 7.0 74.0 0.0 0.0 0.0 2708.15 0.0 Operational 38.0 0.0 0.0 0.0 0.0 0.0 0.0 0.0 0.0 0.0 0.0 0.0 0.0 0.0 0.0 0.0
13:00:38.800 0001 -0.3401626050472259 51.45876693725586 6.432 8.0 287.2761535644531 0.0 0.0 0.0 0.0 0.0 0.0 0.0 0.0 0.0 0.0 0.0 0.0 0.0 0.0 0.0 0.0 0.0 1.0 0.0 1.0 0.0 7.0 74.0 0.0 0.0 0.0 2708.15 0.0 Operational 38.0 0.0 0.0 0.0 0.0 0.0 0.0 0.0 0.0 0.0 0.0 0.0 0.0 0.0 0.0 0.0
13:00:38.900 0001 -0.3401597142219543 51.45876693725586 6.338 8.0 287.2761535644531 0.0 0.0 0.0 0.0 0.0 0.0 0.0 0.0 0.0 0.0 0.0 0.0 0.0 0.0 0.0 0.0 0.0 1.0 0.0 1.0 0.0 7.0 74.0 0.0 0.0 0.0 2708.15 0.0 Operational 38.0 0.0 0.0 0.0 0.0 0.0 0.0 0.0 0.0 0.0 0.0 0.0 0.0 0.0 0.0 0.0
13:00:39.000 0001 -0.3401597142219543 51.45876693725586 6.338 8.0 287.2761535644531 0.0 0.0 0.0 0.0 0.0 0.0 0.0 0.0 0.0 0.0 0.0 0.0 0.0 0.0 0.0 0.0 0.0 1.0 0.0 1.0 0.0 7.0 74.0 0.0 0.0 0.0 2708.15 0.0 Operational 38.0 0.0 0.0 0.0 0.0 0.0 0.0 0.0 0.0 0.0 0.0 0.0 0.0 0.0 0.0 0.0
13:00:39.100 0001 -0.3401597142219543 51.45876693725586 6.338 8.0 287.2761535644531 0.0 0.0 0.0 0.0 0.0 0.0 0.0 0.0 0.0 0.0 0.0 0.0 0.0 0.0 0.0 0.0 0.0 1.0 0.0 1.0 0.0 7.0 74.0 0.0 0.0 0.0 2708.15 0.0 Operational 38.0 0.0 0.0 0.0 0.0 0.0 0.0 0.0 0.0 0.0 0.0 0.0 0.0 0.0 0.0 0.0
13:00:39.200 0001 -0.3401597142219543 51.45876693725586 6.338 8.0 287.2761535644531 0.0 0.0 0.0 0.0 0.0 0.0 0.0 0.0 0.0 0.0 0.0 0.0 0.0 0.0 0.0 0.0 0.0 1.0 0.0 1.0 0.0 7.0 74.0 0.0 0.0 0.0 2708.15 0.0 Operational 38.0 0.0 0.0 0.0 0.0 0.0 0.0 0.0 0.0 0.0 0.0 0.0 0.0 0.0 0.0 0.0
13:00:39.300 0001 -0.3401597142219543 51.45876693725586 6.338 8.0 287.2761535644531 0.0 0.0 0.0 0.0 0.0 0.0 0.0 0.0 0.0 0.0 0.0 0.0 0.0 0.0 0.0 0.0 0.0 1.0 0.0 1.0 0.0 7.0 74.0 0.0 0.0 0.0 2708.15 0.0 Operational 38.0 0.0 0.0 0.0 0.0 0.0 0.0 0.0 0.0 0.0 0.0 0.0 0.0 0.0 0.0 0.0
13:00:39.400 0001 -0.3401597142219543 51.45876693725586 6.338 8.0 287.2761535644531 0.0 0.0 0.0 0.0 0.0 0.0 0.0 0.0 0.0 0.0 0.0 0.0 0.0 0.0 0.0 0.0 0.0 1.0 0.0 1.0 0.0 7.0 74.0 0.0 0.0 0.0 2708.15 0.0 Operational 38.0 0.0 0.0 0.0 0.0 0.0 0.0 0.0 0.0 0.0 0.0 0.0 0.0 0.0 0.0 0.0
13:00:39.500 0001 -0.3401597142219543 51.45876693725586 6.338 8.0 287.2761535644531 0.0 0.0 0.0 0.0 0.0 0.0 0.0 0.0 0.0 0.0 0.0 0.0 0.0 0.0 0.0 0.0 0.0 1.0 0.0 1.0 0.0 7.0 74.0 0.0 0.0 0.0 2708.15 0.0 Operational 38.0 0.0 0.0 0.0 0.0 0.0 0.0 0.0 0.0 0.0 0.0 0.0 0.0 0.0 0.0 0.0
13:00:39.600 0001 -0.3401597142219543 51.45876693725586 6.338 8.0 287.2761535644531 0.0 0.0 0.0 0.0 0.0 0.0 0.0 0.0 0.0 0.0 0.0 0.0 0.0 0.0 0.0 0.0 0.0 1.0 0.0 1.0 0.0 7.0 74.0 0.0 0.0 0.0 2708.15 0.0 Operational 38.0 0.0 0.0 0.0 0.0 0.0 0.0 0.0 0.0 0.0 0.0 0.0 0.0 0.0 0.0 0.0
13:00:39.700 0001 -0.3401597142219543 51.45876693725586 6.338 8.0 287.2761535644531 0.0 0.0 0.0 0.0 0.0 0.0 0.0 0.0 0.0 0.0 0.0 0.0 0.0 0.0 0.0 0.0 0.0 1.0 0.0 1.0 0.0 7.0 74.0 0.0 0.0 0.0 2708.15 0.0 Operational 38.0 0.0 0.0 0.0 0.0 0.0 0.0 0.0 0.0 0.0 0.0 0.0 0.0 0.0 0.0 0.0
13:00:39.800 0001 -0.3401597142219543 51.45876693725586 6.338 8.0 287.2761535644531 0.0 0.0 0.0 0.0 0.0 0.0 0.0 0.0 0.0 0.0 0.0 0.0 0.0 0.0 0.0 0.0 0.0 1.0 0.0 1.0 0.0 7.0 74.0 0.0 0.0 0.0 2708.15 0.0 Operational 38.0 0.0 0.0 0.0 0.0 0.0 0.0 0.0 0.0 0.0 0.0 0.0 0.0 0.0 0.0 0.0
13:00:39.900 0001 -0.3401319086551666 51.458763122558594 5.84 9.0 287.2761535644531 0.0 0.0 0.0 0.0 0.0 0.0 0.0 0.0 0.0 0.0 0.0 0.0 0.0 0.0 0.0 0.0 0.0 1.0 0.0 1.0 0.0 7.0 74.0 0.0 0.0 0.0 2708.15 0.0 Operational 38.0 0.0 0.0 0.0 0.0 0.0 0.0 0.0 0.0 0.0 0.0 0.0 0.0 0.0 0.0 0.0
13:00:40.000 0001 -0.3401319086551666 51.458763122558594 5.84 9.0 287.2761535644531 0.0 0.0 0.0 0.0 0.0 0.0 0.0 0.0 0.0 0.0 0.0 0.0 0.0 0.0 0.0 0.0 0.0 1.0 0.0 1.0 0.0 7.0 74.0 0.0 0.0 0.0 2708.15 0.0 Operational 38.0 0.0 0.0 0.0 0.0 0.0 0.0 0.0 0.0 0.0 0.0 0.0 0.0 0.0 0.0 0.0
13:00:40.100 0001 -0.3401319086551666 51.458763122558594 5.84 9.0 287.2761535644531 0.0 0.0 0.0 0.0 0.0 0.0 0.0 0.0 0.0 0.0 0.0 0.0 0.0 0.0 0.0 0.0 0.0 1.0 0.0 1.0 0.0 7.0 74.0 0.0 0.0 0.0 2708.15 0.0 Operational 38.0 0.0 0.0 0.0 0.0 0.0 0.0 0.0 0.0 0.0 0.0 0.0 0.0 0.0 0.0 0.0
13:00:40.200 0001 -0.3401319086551666 51.458763122558594 5.84 9.0 287.2761535644531 0.0 0.0 0.0 0.0 0.0 0.0 0.0 0.0 0.0 0.0 0.0 0.0 0.0 0.0 0.0 0.0 0.0 1.0 0.0 1.0 0.0 7.0 74.0 0.0 0.0 0.0 2708.15 0.0 Operational 38.0 0.0 0.0 0.0 0.0 0.0 0.0 0.0 0.0 0.0 0.0 0.0 0.0 0.0 0.0 0.0
13:00:40.300 0001 -0.3401319086551666 51.458763122558594 5.84 9.0 287.2761535644531 0.0 0.0 0.0 0.0 0.0 0.0 0.0 0.0 0.0 0.0 0.0 0.0 0.0 0.0 0.0 0.0 0.0 1.0 0.0 1.0 0.0 7.0 74.0 0.0 0.0 0.0 2708.15 0.0 Operational 38.0 0.0 0.0 0.0 0.0 0.0 0.0 0.0 0.0 0.0 0.0 0.0 0.0 0.0 0.0 0.0
13:00:40.400 0001 -0.3401319086551666 51.458763122558594 5.84 9.0 287.2761535644531 0.0 0.0 0.0 0.0 0.0 0.0 0.0 0.0 0.0 0.0 0.0 0.0 0.0 0.0 0.0 0.0 0.0 1.0 0.0 1.0 0.0 7.0 74.0 0.0 0.0 0.0 2708.15 0.0 Operational 38.0 0.0 0.0 0.0 0.0 0.0 0.0 0.0 0.0 0.0 0.0 0.0 0.0 0.0 0.0 0.0
13:00:40.500 0001 -0.3401319086551666 51.458763122558594 5.84 9.0 287.2761535644531 0.0 0.0 0.0 0.0 0.0 0.0 0.0 0.0 0.0 0.0 0.0 0.0 0.0 0.0 0.0 0.0 0.0 1.0 0.0 1.0 0.0 7.0 74.0 0.0 0.0 0.0 2708.15 0.0 Operational 38.0 0.0 0.0 0.0 0.0 0.0 0.0 0.0 0.0 0.0 0.0 0.0 0.0 0.0 0.0 0.0
13:00:40.600 0001 -0.3401319086551666 51.458763122558594 5.84 9.0 287.2761535644531 0.0 0.0 0.0 0.0 0.0 0.0 0.0 0.0 0.0 0.0 0.0 0.0 0.0 0.0 0.0 0.0 0.0 1.0 0.0 1.0 0.0 7.0 74.0 0.0 0.0 0.0 2708.15 0.0 Operational 38.0 0.0 0.0 0.0 0.0 0.0 0.0 0.0 0.0 0.0 0.0 0.0 0.0 0.0 0.0 0.0
13:00:40.700 0001 -0.3401319086551666 51.458763122558594 5.84 9.0 287.2761535644531 0.0 0.0 0.0 0.0 0.0 0.0 0.0 0.0 0.0 0.0 0.0 0.0 0.0 0.0 0.0 0.0 0.0 1.0 0.0 1.0 0.0 7.0 74.0 0.0 0.0 0.0 2708.15 0.0 Operational 38.0 0.0 0.0 0.0 0.0 0.0 0.0 0.0 0.0 0.0 0.0 0.0 0.0 0.0 0.0 0.0
13:00:40.800 0001 -0.3401319086551666 51.458763122558594 5.84 9.0 287.2761535644531 0.0 0.0 0.0 0.0 0.0 0.0 0.0 0.0 0.0 0.0 0.0 0.0 0.0 0.0 0.0 0.0 0.0 1.0 0.0 1.0 0.0 7.0 74.0 0.0 0.0 0.0 2708.15 0.0 Operational 38.0 0.0 0.0 0.0 0.0 0.0 0.0 0.0 0.0 0.0 0.0 0.0 0.0 0.0 0.0 0.0
13:00:40.900 0001 -0.3401319086551666 51.458763122558594 5.84 9.0 287.2761535644531 0.0 0.0 0.0 0.0 0.0 0.0 0.0 0.0 0.0 0.0 0.0 0.0 0.0 0.0 0.0 0.0 0.0 1.0 0.0 1.0 0.0 7.0 74.0 0.0 0.0 0.0 2708.15 0.0 Operational 38.0 0.0 0.0 0.0 0.0 0.0 0.0 0.0 0.0 0.0 0.0 0.0 0.0 0.0 0.0 0.0
13:00:41.000 0001 -0.3401319086551666 51.458763122558594 5.84 9.0 287.2761535644531 0.0 0.0 0.0 0.0 0.0 0.0 0.0 0.0 0.0 0.0 0.0 0.0 0.0 0.0 0.0 0.0 0.0 1.0 0.0 1.0 0.0 7.0 74.0 0.0 0.0 0.0 2708.15 0.0 Operational 38.0 0.0 0.0 0.0 0.0 0.0 0.0 0.0 0.0 0.0 0.0 0.0 0.0 0.0 0.0 0.0
13:00:41.100 0001 -0.3401319086551666 51.458763122558594 5.84 9.0 287.2761535644531 0.0 0.0 0.0 0.0 0.0 0.0 0.0 0.0 0.0 0.0 0.0 0.0 0.0 0.0 0.0 0.0 0.0 1.0 0.0 1.0 0.0 7.0 74.0 0.0 0.0 0.0 2708.15 0.0 Operational 38.0 0.0 0.0 0.0 0.0 0.0 0.0 0.0 0.0 0.0 0.0 0.0 0.0 0.0 0.0 0.0
13:00:41.200 0001 -0.3401319086551666 51.458763122558594 5.84 9.0 287.2761535644531 0.0 0.0 0.0 0.0 0.0 0.0 0.0 0.0 0.0 0.0 0.0 0.0 0.0 0.0 0.0 0.0 0.0 1.0 0.0 1.0 0.0 7.0 74.0 0.0 0.0 0.0 2708.15 0.0 Operational 38.0 0.0 0.0 0.0 0.0 0.0 0.0 0.0 0.0 0.0 0.0 0.0 0.0 0.0 0.0 0.0
13:00:41.300 0001 -0.3401319086551666 51.458763122558594 5.84 9.0 287.2761535644531 0.0 0.0 0.0 0.0 0.0 0.0 0.0 0.0 0.0 0.0 0.0 0.0 0.0 0.0 0.0 0.0 0.0 1.0 0.0 1.0 0.0 7.0 74.0 0.0 0.0 0.0 2708.15 0.0 Operational 38.0 0.0 0.0 0.0 0.0 0.0 0.0 0.0 0.0 0.0 0.0 0.0 0.0 0.0 0.0 0.0
13:00:41.400 0001 -0.3401319086551666 51.458763122558594 5.84 9.0 287.2761535644531 0.0 0.0 0.0 0.0 0.0 0.0 0.0 0.0 0.0 0.0 0.0 0.0 0.0 0.0 0.0 0.0 0.0 1.0 0.0 1.0 0.0 7.0 74.0 0.0 0.0 0.0 2708.15 0.0 Operational 38.0 0.0 0.0 0.0 0.0 0.0 0.0 0.0 0.0 0.0 0.0 0.0 0.0 0.0 0.0 0.0
13:00:41.500 0001 -0.3401319086551666 51.458763122558594 5.84 9.0 287.2761535644531 0.0 0.0 0.0 0.0 0.0 0.0 0.0 0.0 0.0 0.0 0.0 0.0 0.0 0.0 0.0 0.0 0.0 1.0 0.0 1.0 0.0 7.0 74.0 0.0 0.0 0.0 2708.15 0.0 Operational 38.0 0.0 0.0 0.0 0.0 0.0 0.0 0.0 0.0 0.0 0.0 0.0 0.0 0.0 0.0 0.0
13:00:41.600 0001 -0.3401319086551666 51.458763122558594 5.84 9.0 287.2761535644531 0.0 0.0 0.0 0.0 0.0 0.0 0.0 0.0 0.0 0.0 0.0 0.0 0.0 0.0 0.0 0.0 0.0 1.0 0.0 1.0 0.0 7.0 74.0 0.0 0.0 0.0 2708.15 0.0 Operational 38.0 0.0 0.0 0.0 0.0 0.0 0.0 0.0 0.0 0.0 0.0 0.0 0.0 0.0 0.0 0.0
13:00:41.700 0001 -0.3401319086551666 51.458763122558594 5.84 9.0 287.2761535644531 0.0 0.0 0.0 0.0 0.0 0.0 0.0 0.0 0.0 0.0 0.0 0.0 0.0 0.0 0.0 0.0 0.0 1.0 0.0 1.0 0.0 7.0 74.0 0.0 0.0 0.0 2708.15 0.0 Operational 38.0 0.0 0.0 0.0 0.0 0.0 0.0 0.0 0.0 0.0 0.0 0.0 0.0 0.0 0.0 0.0
13:00:41.800 0001 -0.3401319086551666 51.458763122558594 5.84 9.0 287.2761535644531 0.0 0.0 0.0 0.0 0.0 0.0 0.0 0.0 0.0 0.0 0.0 0.0 0.0 0.0 0.0 0.0 0.0 1.0 0.0 1.0 0.0 7.0 74.0 0.0 0.0 0.0 2708.15 0.0 Operational 38.0 0.0 0.0 0.0 0.0 0.0 0.0 0.0 0.0 0.0 0.0 0.0 0.0 0.0 0.0 0.0
13:00:41.900 0001 -0.3401319086551666 51.458763122558594 5.84 9.0 287.2761535644531 0.0 0.0 0.0 0.0 0.0 0.0 0.0 0.0 0.0 0.0 0.0 0.0 0.0 0.0 0.0 0.0 0.0 1.0 0.0 1.0 0.0 7.0 74.0 0.0 0.0 0.0 2708.15 0.0 Operational 38.0 0.0 0.0 0.0 0.0 0.0 0.0 0.0 0.0 0.0 0.0 0.0 0.0 0.0 0.0 0.0
13:00:42.000 0001 -0.3401319086551666 51.458763122558594 5.84 9.0 287.2761535644531 0.0 0.0 0.0 0.0 0.0 0.0 0.0 0.0 0.0 0.0 0.0 0.0 0.0 0.0 0.0 0.0 0.0 1.0 0.0 1.0 0.0 7.0 74.0 0.0 0.0 0.0 2708.15 0.0 Operational 38.0 0.0 0.0 0.0 0.0 0.0 0.0 0.0 0.0 0.0 0.0 0.0 0.0 0.0 0.0 0.0
13:00:42.100 0001 -0.3401319086551666 51.458763122558594 5.84 9.0 287.2761535644531 0.0 0.0 0.0 0.0 0.0 0.0 0.0 0.0 0.0 0.0 0.0 0.0 0.0 0.0 0.0 0.0 0.0 1.0 0.0 1.0 0.0 7.0 74.0 0.0 0.0 0.0 2708.15 0.0 Operational 38.0 0.0 0.0 0.0 0.0 0.0 0.0 0.0 0.0 0.0 0.0 0.0 0.0 0.0 0.0 0.0
13:00:42.200 0001 -0.3401233851909637 51.458763122558594 5.639 8.0 287.2761535644531 0.0 0.0 0.0 0.0 0.0 0.0 0.0 0.0 0.0 0.0 0.0 0.0 0.0 0.0 0.0 0.0 0.0 1.0 0.0 1.0 0.0 7.0 74.0 0.0 0.0 0.0 2708.15 0.0 Operational 38.0 0.0 0.0 0.0 0.0 0.0 0.0 0.0 0.0 0.0 0.0 0.0 0.0 0.0 0.0 0.0
13:00:42.300 0001 -0.3401233851909637 51.458763122558594 5.639 8.0 287.2761535644531 0.0 0.0 0.0 0.0 0.0 0.0 0.0 0.0 0.0 0.0 0.0 0.0 0.0 0.0 0.0 0.0 0.0 1.0 0.0 1.0 0.0 7.0 74.0 0.0 0.0 0.0 2708.15 0.0 Operational 38.0 0.0 0.0 0.0 0.0 0.0 0.0 0.0 0.0 0.0 0.0 0.0 0.0 0.0 0.0 0.0
13:00:42.400 0001 -0.3401233851909637 51.458763122558594 5.639 8.0 287.2761535644531 0.0 0.0 0.0 0.0 0.0 0.0 0.0 0.0 0.0 0.0 0.0 0.0 0.0 0.0 0.0 0.0 0.0 1.0 0.0 1.0 0.0 7.0 74.0 0.0 0.0 0.0 2708.15 0.0 Operational 38.0 0.0 0.0 0.0 0.0 0.0 0.0 0.0 0.0 0.0 0.0 0.0 0.0 0.0 0.0 0.0
13:00:42.500 0001 -0.3401233851909637 51.458763122558594 5.639 8.0 287.2761535644531 0.0 0.0 0.0 0.0 0.0 0.0 0.0 0.0 0.0 0.0 0.0 0.0 0.0 0.0 0.0 0.0 0.0 1.0 0.0 1.0 0.0 7.0 74.0 0.0 0.0 0.0 2708.15 0.0 Operational 38.0 0.0 0.0 0.0 0.0 0.0 0.0 0.0 0.0 0.0 0.0 0.0 0.0 0.0 0.0 0.0
13:00:42.600 0001 -0.3401233851909637 51.458763122558594 5.639 8.0 287.2761535644531 0.0 0.0 0.0 0.0 0.0 0.0 0.0 0.0 0.0 0.0 0.0 0.0 0.0 0.0 0.0 0.0 0.0 1.0 0.0 1.0 0.0 7.0 74.0 0.0 0.0 0.0 2708.15 0.0 Operational 38.0 0.0 0.0 0.0 0.0 0.0 0.0 0.0 0.0 0.0 0.0 0.0 0.0 0.0 0.0 0.0
13:00:42.700 0001 -0.3401233851909637 51.458763122558594 5.639 8.0 287.2761535644531 0.0 0.0 0.0 0.0 0.0 0.0 0.0 0.0 0.0 0.0 0.0 0.0 0.0 0.0 0.0 0.0 0.0 1.0 0.0 1.0 0.0 7.0 74.0 0.0 0.0 0.0 2708.15 0.0 Operational 38.0 0.0 0.0 0.0 0.0 0.0 0.0 0.0 0.0 0.0 0.0 0.0 0.0 0.0 0.0 0.0
13:00:42.800 0001 -0.3401233851909637 51.458763122558594 5.639 8.0 287.2761535644531 0.0 0.0 0.0 0.0 0.0 0.0 0.0 0.0 0.0 0.0 0.0 0.0 0.0 0.0 0.0 0.0 0.0 1.0 0.0 1.0 0.0 7.0 74.0 0.0 0.0 0.0 2708.15 0.0 Operational 38.0 0.0 0.0 0.0 0.0 0.0 0.0 0.0 0.0 0.0 0.0 0.0 0.0 0.0 0.0 0.0
13:00:42.900 0001 -0.3401139080524444 51.458778381347656 5.03 8.0 287.2761535644531 0.0 0.0 0.0 0.0 0.0 0.0 0.0 0.0 0.0 0.0 0.0 0.0 0.0 0.0 0.0 0.0 0.0 1.0 0.0 1.0 0.0 7.0 74.0 0.0 0.0 0.0 2708.15 0.0 Operational 38.0 0.0 0.0 0.0 0.0 0.0 0.0 0.0 0.0 0.0 0.0 0.0 0.0 0.0 0.0 0.0
13:00:43.000 0001 -0.3401139080524444 51.458778381347656 5.03 8.0 287.2761535644531 0.0 0.0 0.0 0.0 0.0 0.0 0.0 0.0 0.0 0.0 0.0 0.0 0.0 0.0 0.0 0.0 0.0 1.0 0.0 1.0 0.0 7.0 74.0 0.0 0.0 0.0 2708.15 0.0 Operational 38.0 0.0 0.0 0.0 0.0 0.0 0.0 0.0 0.0 0.0 0.0 0.0 0.0 0.0 0.0 0.0
13:00:43.100 0001 -0.3401139080524444 51.458778381347656 5.03 8.0 287.2761535644531 0.0 0.0 0.0 0.0 0.0 0.0 0.0 0.0 0.0 0.0 0.0 0.0 0.0 0.0 0.0 0.0 0.0 1.0 0.0 1.0 0.0 7.0 74.0 0.0 0.0 0.0 2708.15 0.0 Operational 38.0 0.0 0.0 0.0 0.0 0.0 0.0 0.0 0.0 0.0 0.0 0.0 0.0 0.0 0.0 0.0
13:00:43.200 0001 -0.3401139080524444 51.458778381347656 5.03 8.0 287.2761535644531 0.0 0.0 0.0 0.0 0.0 0.0 0.0 0.0 0.0 0.0 0.0 0.0 0.0 0.0 0.0 0.0 0.0 1.0 0.0 1.0 0.0 7.0 74.0 0.0 0.0 0.0 2708.15 0.0 Operational 38.0 0.0 0.0 0.0 0.0 0.0 0.0 0.0 0.0 0.0 0.0 0.0 0.0 0.0 0.0 0.0
13:00:43.300 0001 -0.3401139080524444 51.458778381347656 5.03 8.0 287.2761535644531 0.0 0.0 0.0 0.0 0.0 0.0 0.0 0.0 0.0 0.0 0.0 0.0 0.0 0.0 0.0 0.0 0.0 1.0 0.0 1.0 0.0 7.0 74.0 0.0 0.0 0.0 2708.15 0.0 Operational 38.0 0.0 0.0 0.0 0.0 0.0 0.0 0.0 0.0 0.0 0.0 0.0 0.0 0.0 0.0 0.0
13:00:43.400 0001 -0.3401139080524444 51.458778381347656 5.03 8.0 287.2761535644531 0.0 0.0 0.0 0.0 0.0 0.0 0.0 0.0 0.0 0.0 0.0 0.0 0.0 0.0 0.0 0.0 0.0 1.0 0.0 1.0 0.0 7.0 74.0 0.0 0.0 0.0 2708.15 0.0 Operational 38.0 0.0 0.0 0.0 0.0 0.0 0.0 0.0 0.0 0.0 0.0 0.0 0.0 0.0 0.0 0.0
13:00:43.500 0001 -0.3401139080524444 51.458778381347656 5.03 8.0 287.2761535644531 0.0 0.0 0.0 0.0 0.0 0.0 0.0 0.0 0.0 0.0 0.0 0.0 0.0 0.0 0.0 0.0 0.0 1.0 0.0 1.0 0.0 7.0 74.0 0.0 0.0 0.0 2708.15 0.0 Operational 38.0 0.0 0.0 0.0 0.0 0.0 0.0 0.0 0.0 0.0 0.0 0.0 0.0 0.0 0.0 0.0
13:00:43.600 0001 -0.3401139080524444 51.458778381347656 5.03 8.0 287.2761535644531 0.0 0.0 0.0 0.0 0.0 0.0 0.0 0.0 0.0 0.0 0.0 0.0 0.0 0.0 0.0 0.0 0.0 1.0 0.0 1.0 0.0 7.0 74.0 0.0 0.0 0.0 2708.15 0.0 Operational 38.0 0.0 0.0 0.0 0.0 0.0 0.0 0.0 0.0 0.0 0.0 0.0 0.0 0.0 0.0 0.0
13:00:43.700 0001 -0.3401139080524444 51.458778381347656 5.03 8.0 287.2761535644531 0.0 0.0 0.0 0.0 0.0 0.0 0.0 0.0 0.0 0.0 0.0 0.0 0.0 0.0 0.0 0.0 0.0 1.0 0.0 1.0 0.0 7.0 74.0 0.0 0.0 0.0 2708.15 0.0 Operational 38.0 0.0 0.0 0.0 0.0 0.0 0.0 0.0 0.0 0.0 0.0 0.0 0.0 0.0 0.0 0.0
13:00:43.800 0001 -0.3401139080524444 51.458778381347656 5.03 8.0 287.2761535644531 0.0 0.0 0.0 0.0 0.0 0.0 0.0 0.0 0.0 0.0 0.0 0.0 0.0 0.0 0.0 0.0 0.0 1.0 0.0 1.0 0.0 7.0 74.0 0.0 0.0 0.0 2708.15 0.0 Operational 38.0 0.0 0.0 0.0 0.0 0.0 0.0 0.0 0.0 0.0 0.0 0.0 0.0 0.0 0.0 0.0
13:00:43.900 0001 -0.3401094079017639 51.458778381347656 4.9190000000000005 7.0 287.2761535644531 0.0 0.0 0.0 0.0 0.0 0.0 0.0 0.0 0.0 0.0 0.0 0.0 0.0 0.0 0.0 0.0 0.0 1.0 0.0 1.0 0.0 7.0 74.0 0.0 0.0 0.0 2708.15 0.0 Operational 38.0 0.0 0.0 0.0 0.0 0.0 0.0 0.0 0.0 0.0 0.0 0.0 0.0 0.0 0.0 0.0
13:00:44.000 0001 -0.3401094079017639 51.458778381347656 4.9190000000000005 7.0 287.2761535644531 0.0 0.0 0.0 0.0 0.0 0.0 0.0 0.0 0.0 0.0 0.0 0.0 0.0 0.0 0.0 0.0 0.0 1.0 0.0 1.0 0.0 7.0 74.0 0.0 0.0 0.0 2708.15 0.0 Operational 38.0 0.0 0.0 0.0 0.0 0.0 0.0 0.0 0.0 0.0 0.0 0.0 0.0 0.0 0.0 0.0
13:00:44.100 0001 -0.3401094079017639 51.458778381347656 4.9190000000000005 7.0 287.2761535644531 0.0 0.0 0.0 0.0 0.0 0.0 0.0 0.0 0.0 0.0 0.0 0.0 0.0 0.0 0.0 0.0 0.0 1.0 0.0 1.0 0.0 7.0 74.0 0.0 0.0 0.0 2708.15 0.0 Operational 38.0 0.0 0.0 0.0 0.0 0.0 0.0 0.0 0.0 0.0 0.0 0.0 0.0 0.0 0.0 0.0
13:00:44.200 0001 -0.3401094079017639 51.458778381347656 4.9190000000000005 7.0 287.2761535644531 0.0 0.0 0.0 0.0 0.0 0.0 0.0 0.0 0.0 0.0 0.0 0.0 0.0 0.0 0.0 0.0 0.0 1.0 0.0 1.0 0.0 7.0 74.0 0.0 0.0 0.0 2708.15 0.0 Operational 38.0 0.0 0.0 0.0 0.0 0.0 0.0 0.0 0.0 0.0 0.0 0.0 0.0 0.0 0.0 0.0
13:00:44.300 0001 -0.3401094079017639 51.458778381347656 4.9190000000000005 7.0 287.2761535644531 0.0 0.0 0.0 0.0 0.0 0.0 0.0 0.0 0.0 0.0 0.0 0.0 0.0 0.0 0.0 0.0 0.0 1.0 0.0 1.0 0.0 7.0 74.0 0.0 0.0 0.0 2708.15 0.0 Operational 38.0 0.0 0.0 0.0 0.0 0.0 0.0 0.0 0.0 0.0 0.0 0.0 0.0 0.0 0.0 0.0
13:00:44.400 0001 -0.3401094079017639 51.458778381347656 4.9190000000000005 7.0 287.2761535644531 0.0 0.0 0.0 0.0 0.0 0.0 0.0 0.0 0.0 0.0 0.0 0.0 0.0 0.0 0.0 0.0 0.0 1.0 0.0 1.0 0.0 7.0 74.0 0.0 0.0 0.0 2708.15 0.0 Operational 38.0 0.0 0.0 0.0 0.0 0.0 0.0 0.0 0.0 0.0 0.0 0.0 0.0 0.0 0.0 0.0
13:00:44.500 0001 -0.3401094079017639 51.458778381347656 4.9190000000000005 7.0 287.2761535644531 0.0 0.0 0.0 0.0 0.0 0.0 0.0 0.0 0.0 0.0 0.0 0.0 0.0 0.0 0.0 0.0 0.0 1.0 0.0 1.0 0.0 7.0 74.0 0.0 0.0 0.0 2708.15 0.0 Operational 38.0 0.0 0.0 0.0 0.0 0.0 0.0 0.0 0.0 0.0 0.0 0.0 0.0 0.0 0.0 0.0
13:00:44.600 0001 -0.3401094079017639 51.458778381347656 4.9190000000000005 7.0 287.2761535644531 0.0 0.0 0.0 0.0 0.0 0.0 0.0 0.0 0.0 0.0 0.0 0.0 0.0 0.0 0.0 0.0 0.0 1.0 0.0 1.0 0.0 7.0 74.0 0.0 0.0 0.0 2708.15 0.0 Operational 38.0 0.0 0.0 0.0 0.0 0.0 0.0 0.0 0.0 0.0 0.0 0.0 0.0 0.0 0.0 0.0
13:00:44.700 0001 -0.3401094079017639 51.458778381347656 4.9190000000000005 7.0 287.2761535644531 0.0 0.0 0.0 0.0 0.0 0.0 0.0 0.0 0.0 0.0 0.0 0.0 0.0 0.0 0.0 0.0 0.0 1.0 0.0 1.0 0.0 7.0 74.0 0.0 0.0 0.0 2708.15 0.0 Operational 38.0 0.0 0.0 0.0 0.0 0.0 0.0 0.0 0.0 0.0 0.0 0.0 0.0 0.0 0.0 0.0
13:00:44.800 0001 -0.3401094079017639 51.458778381347656 4.9190000000000005 7.0 287.2761535644531 0.0 0.0 0.0 0.0 0.0 0.0 0.0 0.0 0.0 0.0 0.0 0.0 0.0 0.0 0.0 0.0 0.0 1.0 0.0 1.0 0.0 7.0 74.0 0.0 0.0 0.0 2708.15 0.0 Operational 38.0 0.0 0.0 0.0 0.0 0.0 0.0 0.0 0.0 0.0 0.0 0.0 0.0 0.0 0.0 0.0
13:00:44.900 0001 -0.3401437103748321 51.45878601074219 4.749 9.0 287.2761535644531 0.0 0.0 0.0 0.0 0.0 0.0 0.0 0.0 0.0 0.0 0.0 0.0 0.0 0.0 0.0 0.0 0.0 1.0 0.0 1.0 0.0 7.0 74.0 0.0 0.0 0.0 2708.15 0.0 Operational 38.0 0.0 0.0 0.0 0.0 0.0 0.0 0.0 0.0 0.0 0.0 0.0 0.0 0.0 0.0 0.0
13:00:45.000 0001 -0.3401437103748321 51.45878601074219 4.749 9.0 287.2761535644531 0.0 0.0 0.0 0.0 0.0 0.0 0.0 0.0 0.0 0.0 0.0 0.0 0.0 0.0 0.0 0.0 0.0 1.0 0.0 1.0 0.0 7.0 74.0 0.0 0.0 0.0 2708.15 0.0 Operational 38.0 0.0 0.0 0.0 0.0 0.0 0.0 0.0 0.0 0.0 0.0 0.0 0.0 0.0 0.0 0.0
13:00:45.100 0001 -0.3401437103748321 51.45878601074219 4.749 9.0 287.2761535644531 0.0 0.0 0.0 0.0 0.0 0.0 0.0 0.0 0.0 0.0 0.0 0.0 0.0 0.0 0.0 0.0 0.0 1.0 0.0 1.0 0.0 7.0 74.0 0.0 0.0 0.0 2708.15 0.0 Operational 38.0 0.0 0.0 0.0 0.0 0.0 0.0 0.0 0.0 0.0 0.0 0.0 0.0 0.0 0.0 0.0
13:00:45.200 0001 -0.3401437103748321 51.45878601074219 4.749 9.0 287.2761535644531 0.0 0.0 0.0 0.0 0.0 0.0 0.0 0.0 0.0 0.0 0.0 0.0 0.0 0.0 0.0 0.0 0.0 1.0 0.0 1.0 0.0 7.0 74.0 0.0 0.0 0.0 2708.15 0.0 Operational 38.0 0.0 0.0 0.0 0.0 0.0 0.0 0.0 0.0 0.0 0.0 0.0 0.0 0.0 0.0 0.0
13:00:45.300 0001 -0.3401437103748321 51.45878601074219 4.749 9.0 287.2761535644531 0.0 0.0 0.0 0.0 0.0 0.0 0.0 0.0 0.0 0.0 0.0 0.0 0.0 0.0 0.0 0.0 0.0 1.0 0.0 1.0 0.0 7.0 74.0 0.0 0.0 0.0 2708.15 0.0 Operational 38.0 0.0 0.0 0.0 0.0 0.0 0.0 0.0 0.0 0.0 0.0 0.0 0.0 0.0 0.0 0.0
13:00:45.400 0001 -0.3401437103748321 51.45878601074219 4.749 9.0 287.2761535644531 0.0 0.0 0.0 0.0 0.0 0.0 0.0 0.0 0.0 0.0 0.0 0.0 0.0 0.0 0.0 0.0 0.0 1.0 0.0 1.0 0.0 7.0 74.0 0.0 0.0 0.0 2708.15 0.0 Operational 38.0 0.0 0.0 0.0 0.0 0.0 0.0 0.0 0.0 0.0 0.0 0.0 0.0 0.0 0.0 0.0
13:00:45.500 0001 -0.3401437103748321 51.45878601074219 4.749 9.0 287.2761535644531 0.0 0.0 0.0 0.0 0.0 0.0 0.0 0.0 0.0 0.0 0.0 0.0 0.0 0.0 0.0 0.0 0.0 1.0 0.0 1.0 0.0 7.0 74.0 0.0 0.0 0.0 2708.15 0.0 Operational 38.0 0.0 0.0 0.0 0.0 0.0 0.0 0.0 0.0 0.0 0.0 0.0 0.0 0.0 0.0 0.0
13:00:45.600 0001 -0.3401437103748321 51.45878601074219 4.749 9.0 287.2761535644531 0.0 0.0 0.0 0.0 0.0 0.0 0.0 0.0 0.0 0.0 0.0 0.0 0.0 0.0 0.0 0.0 0.0 1.0 0.0 1.0 0.0 7.0 74.0 0.0 0.0 0.0 2708.15 0.0 Operational 38.0 0.0 0.0 0.0 0.0 0.0 0.0 0.0 0.0 0.0 0.0 0.0 0.0 0.0 0.0 0.0
13:00:45.700 0001 -0.3401437103748321 51.45878601074219 4.749 9.0 287.2761535644531 0.0 0.0 0.0 0.0 0.0 0.0 0.0 0.0 0.0 0.0 0.0 0.0 0.0 0.0 0.0 0.0 0.0 1.0 0.0 1.0 0.0 7.0 74.0 0.0 0.0 0.0 2708.15 0.0 Operational 38.0 0.0 0.0 0.0 0.0 0.0 0.0 0.0 0.0 0.0 0.0 0.0 0.0 0.0 0.0 0.0
13:00:45.800 0001 -0.3401437103748321 51.45878601074219 4.749 9.0 287.2761535644531 0.0 0.0 0.0 0.0 0.0 0.0 0.0 0.0 0.0 0.0 0.0 0.0 0.0 0.0 0.0 0.0 0.0 1.0 0.0 1.0 0.0 7.0 74.0 0.0 0.0 0.0 2708.15 0.0 Operational 38.0 0.0 0.0 0.0 0.0 0.0 0.0 0.0 0.0 0.0 0.0 0.0 0.0 0.0 0.0 0.0
13:00:45.900 0001 -0.3401511013507843 51.45881271362305 4.269 8.0 287.2761535644531 0.0 0.0 0.0 0.0 0.0 0.0 0.0 0.0 0.0 0.0 0.0 0.0 0.0 0.0 0.0 0.0 0.0 1.0 0.0 1.0 0.0 7.0 74.0 0.0 0.0 0.0 2708.15 0.0 Operational 38.0 0.0 0.0 0.0 0.0 0.0 0.0 0.0 0.0 0.0 0.0 0.0 0.0 0.0 0.0 0.0
13:00:46.000 0001 -0.3401511013507843 51.45881271362305 4.269 8.0 287.2761535644531 0.0 0.0 0.0 0.0 0.0 0.0 0.0 0.0 0.0 0.0 0.0 0.0 0.0 0.0 0.0 0.0 0.0 1.0 0.0 1.0 0.0 7.0 74.0 0.0 0.0 0.0 2708.15 0.0 Operational 38.0 0.0 0.0 0.0 0.0 0.0 0.0 0.0 0.0 0.0 0.0 0.0 0.0 0.0 0.0 0.0
13:00:46.100 0001 -0.3401511013507843 51.45881271362305 4.269 8.0 287.2761535644531 0.0 0.0 0.0 0.0 0.0 0.0 0.0 0.0 0.0 0.0 0.0 0.0 0.0 0.0 0.0 0.0 0.0 1.0 0.0 1.0 0.0 7.0 74.0 0.0 0.0 0.0 2708.15 0.0 Operational 38.0 0.0 0.0 0.0 0.0 0.0 0.0 0.0 0.0 0.0 0.0 0.0 0.0 0.0 0.0 0.0
13:00:46.200 0001 -0.3401511013507843 51.45881271362305 4.269 8.0 287.2761535644531 0.0 0.0 0.0 0.0 0.0 0.0 0.0 0.0 0.0 0.0 0.0 0.0 0.0 0.0 0.0 0.0 0.0 1.0 0.0 1.0 0.0 7.0 74.0 0.0 0.0 0.0 2708.15 0.0 Operational 38.0 0.0 0.0 0.0 0.0 0.0 0.0 0.0 0.0 0.0 0.0 0.0 0.0 0.0 0.0 0.0
13:00:46.300 0001 -0.3401511013507843 51.45881271362305 4.269 8.0 287.2761535644531 0.0 0.0 0.0 0.0 0.0 0.0 0.0 0.0 0.0 0.0 0.0 0.0 0.0 0.0 0.0 0.0 0.0 1.0 0.0 1.0 0.0 7.0 74.0 0.0 0.0 0.0 2708.15 0.0 Operational 38.0 0.0 0.0 0.0 0.0 0.0 0.0 0.0 0.0 0.0 0.0 0.0 0.0 0.0 0.0 0.0
13:00:46.400 0001 -0.3401511013507843 51.45881271362305 4.269 8.0 287.2761535644531 0.0 0.0 0.0 0.0 0.0 0.0 0.0 0.0 0.0 0.0 0.0 0.0 0.0 0.0 0.0 0.0 0.0 1.0 0.0 1.0 0.0 7.0 74.0 0.0 0.0 0.0 2708.15 0.0 Operational 38.0 0.0 0.0 0.0 0.0 0.0 0.0 0.0 0.0 0.0 0.0 0.0 0.0 0.0 0.0 0.0
13:00:46.500 0001 -0.3401511013507843 51.45881271362305 4.269 8.0 287.2761535644531 0.0 0.0 0.0 0.0 0.0 0.0 0.0 0.0 0.0 0.0 0.0 0.0 0.0 0.0 0.0 0.0 0.0 1.0 0.0 1.0 0.0 7.0 74.0 0.0 0.0 0.0 2708.15 0.0 Operational 38.0 0.0 0.0 0.0 0.0 0.0 0.0 0.0 0.0 0.0 0.0 0.0 0.0 0.0 0.0 0.0
13:00:46.600 0001 -0.3401511013507843 51.45881271362305 4.269 8.0 287.2761535644531 0.0 0.0 0.0 0.0 0.0 0.0 0.0 0.0 0.0 0.0 0.0 0.0 0.0 0.0 0.0 0.0 0.0 1.0 0.0 1.0 0.0 7.0 74.0 0.0 0.0 0.0 2708.15 0.0 Operational 38.0 0.0 0.0 0.0 0.0 0.0 0.0 0.0 0.0 0.0 0.0 0.0 0.0 0.0 0.0 0.0
13:00:46.700 0001 -0.3401511013507843 51.45881271362305 4.269 8.0 287.2761535644531 0.0 0.0 0.0 0.0 0.0 0.0 0.0 0.0 0.0 0.0 0.0 0.0 0.0 0.0 0.0 0.0 0.0 1.0 0.0 1.0 0.0 7.0 74.0 0.0 0.0 0.0 2708.15 0.0 Operational 38.0 0.0 0.0 0.0 0.0 0.0 0.0 0.0 0.0 0.0 0.0 0.0 0.0 0.0 0.0 0.0
13:00:46.800 0001 -0.3401511013507843 51.45881271362305 4.269 8.0 287.2761535644531 0.0 0.0 0.0 0.0 0.0 0.0 0.0 0.0 0.0 0.0 0.0 0.0 0.0 0.0 0.0 0.0 0.0 1.0 0.0 1.0 0.0 7.0 74.0 0.0 0.0 0.0 2708.15 0.0 Operational 38.0 0.0 0.0 0.0 0.0 0.0 0.0 0.0 0.0 0.0 0.0 0.0 0.0 0.0 0.0 0.0
13:00:46.900 0001 -0.3401511013507843 51.45881652832031 3.797 8.0 287.2761535644531 0.0 0.0 0.0 0.0 0.0 0.0 0.0 0.0 0.0 0.0 0.0 0.0 0.0 0.0 0.0 0.0 0.0 1.0 0.0 1.0 0.0 7.0 74.0 0.0 0.0 0.0 2708.15 0.0 Operational 38.0 0.0 0.0 0.0 0.0 0.0 0.0 0.0 0.0 0.0 0.0 0.0 0.0 0.0 0.0 0.0
13:00:47.000 0001 -0.3401511013507843 51.45881652832031 3.797 8.0 287.2761535644531 0.0 0.0 0.0 0.0 0.0 0.0 0.0 0.0 0.0 0.0 0.0 0.0 0.0 0.0 0.0 0.0 0.0 1.0 0.0 1.0 0.0 7.0 74.0 0.0 0.0 0.0 2708.15 0.0 Operational 38.0 0.0 0.0 0.0 0.0 0.0 0.0 0.0 0.0 0.0 0.0 0.0 0.0 0.0 0.0 0.0
13:00:47.100 0001 -0.3401511013507843 51.45881652832031 3.797 8.0 287.2761535644531 0.0 0.0 0.0 0.0 0.0 0.0 0.0 0.0 0.0 0.0 0.0 0.0 0.0 0.0 0.0 0.0 0.0 1.0 0.0 1.0 0.0 7.0 74.0 0.0 0.0 0.0 2708.15 0.0 Operational 38.0 0.0 0.0 0.0 0.0 0.0 0.0 0.0 0.0 0.0 0.0 0.0 0.0 0.0 0.0 0.0
13:00:47.200 0001 -0.3401511013507843 51.45881652832031 3.797 8.0 287.2761535644531 0.0 0.0 0.0 0.0 0.0 0.0 0.0 0.0 0.0 0.0 0.0 0.0 0.0 0.0 0.0 0.0 0.0 1.0 0.0 1.0 0.0 7.0 74.0 0.0 0.0 0.0 2708.15 0.0 Operational 38.0 0.0 0.0 0.0 0.0 0.0 0.0 0.0 0.0 0.0 0.0 0.0 0.0 0.0 0.0 0.0
13:00:47.300 0001 -0.3401511013507843 51.45881652832031 3.797 8.0 287.2761535644531 0.0 0.0 0.0 0.0 0.0 0.0 0.0 0.0 0.0 0.0 0.0 0.0 0.0 0.0 0.0 0.0 0.0 1.0 0.0 1.0 0.0 7.0 74.0 0.0 0.0 0.0 2708.15 0.0 Operational 38.0 0.0 0.0 0.0 0.0 0.0 0.0 0.0 0.0 0.0 0.0 0.0 0.0 0.0 0.0 0.0
13:00:47.400 0001 -0.3401511013507843 51.45881652832031 3.797 8.0 287.2761535644531 0.0 0.0 0.0 0.0 0.0 0.0 0.0 0.0 0.0 0.0 0.0 0.0 0.0 0.0 0.0 0.0 0.0 1.0 0.0 1.0 0.0 7.0 74.0 0.0 0.0 0.0 2708.15 0.0 Operational 38.0 0.0 0.0 0.0 0.0 0.0 0.0 0.0 0.0 0.0 0.0 0.0 0.0 0.0 0.0 0.0
13:00:47.500 0001 -0.3401511013507843 51.45881652832031 3.797 8.0 287.2761535644531 0.0 0.0 0.0 0.0 0.0 0.0 0.0 0.0 0.0 0.0 0.0 0.0 0.0 0.0 0.0 0.0 0.0 1.0 0.0 1.0 0.0 7.0 74.0 0.0 0.0 0.0 2708.15 0.0 Operational 38.0 0.0 0.0 0.0 0.0 0.0 0.0 0.0 0.0 0.0 0.0 0.0 0.0 0.0 0.0 0.0
13:00:47.600 0001 -0.3401511013507843 51.45881652832031 3.797 8.0 287.2761535644531 0.0 0.0 0.0 0.0 0.0 0.0 0.0 0.0 0.0 0.0 0.0 0.0 0.0 0.0 0.0 0.0 0.0 1.0 0.0 1.0 0.0 7.0 74.0 0.0 0.0 0.0 2708.15 0.0 Operational 38.0 0.0 0.0 0.0 0.0 0.0 0.0 0.0 0.0 0.0 0.0 0.0 0.0 0.0 0.0 0.0
13:00:47.700 0001 -0.3401511013507843 51.45881652832031 3.797 8.0 287.2761535644531 0.0 0.0 0.0 0.0 0.0 0.0 0.0 0.0 0.0 0.0 0.0 0.0 0.0 0.0 0.0 0.0 0.0 1.0 0.0 1.0 0.0 7.0 74.0 0.0 0.0 0.0 2708.15 0.0 Operational 38.0 0.0 0.0 0.0 0.0 0.0 0.0 0.0 0.0 0.0 0.0 0.0 0.0 0.0 0.0 0.0
13:00:47.800 0001 -0.3401511013507843 51.45881652832031 3.797 8.0 287.2761535644531 0.0 0.0 0.0 0.0 0.0 0.0 0.0 0.0 0.0 0.0 0.0 0.0 0.0 0.0 0.0 0.0 0.0 1.0 0.0 1.0 0.0 7.0 74.0 0.0 0.0 0.0 2708.15 0.0 Operational 38.0 0.0 0.0 0.0 0.0 0.0 0.0 0.0 0.0 0.0 0.0 0.0 0.0 0.0 0.0 0.0
13:00:47.900 0001 -0.3401162028312683 51.45880889892578 3.286 9.0 287.2761535644531 0.0 0.0 0.0 0.0 0.0 0.0 0.0 0.0 0.0 0.0 0.0 0.0 0.0 0.0 0.0 0.0 0.0 1.0 0.0 1.0 0.0 7.0 74.0 0.0 0.0 0.0 2708.15 0.0 Operational 38.0 0.0 0.0 0.0 0.0 0.0 0.0 0.0 0.0 0.0 0.0 0.0 0.0 0.0 0.0 0.0
13:00:48.000 0001 -0.3401162028312683 51.45880889892578 3.286 9.0 287.2761535644531 0.0 0.0 0.0 0.0 0.0 0.0 0.0 0.0 0.0 0.0 0.0 0.0 0.0 0.0 0.0 0.0 0.0 1.0 0.0 1.0 0.0 7.0 74.0 0.0 0.0 0.0 2708.15 0.0 Operational 38.0 0.0 0.0 0.0 0.0 0.0 0.0 0.0 0.0 0.0 0.0 0.0 0.0 0.0 0.0 0.0
13:00:48.100 0001 -0.3401162028312683 51.45880889892578 3.286 9.0 287.2761535644531 0.0 0.0 0.0 0.0 0.0 0.0 0.0 0.0 0.0 0.0 0.0 0.0 0.0 0.0 0.0 0.0 0.0 1.0 0.0 1.0 0.0 7.0 74.0 0.0 0.0 0.0 2708.15 0.0 Operational 38.0 0.0 0.0 0.0 0.0 0.0 0.0 0.0 0.0 0.0 0.0 0.0 0.0 0.0 0.0 0.0
13:00:48.200 0001 -0.3401162028312683 51.45880889892578 3.286 9.0 287.2761535644531 0.0 0.0 0.0 0.0 0.0 0.0 0.0 0.0 0.0 0.0 0.0 0.0 0.0 0.0 0.0 0.0 0.0 1.0 0.0 1.0 0.0 7.0 74.0 0.0 0.0 0.0 2708.15 0.0 Operational 38.0 0.0 0.0 0.0 0.0 0.0 0.0 0.0 0.0 0.0 0.0 0.0 0.0 0.0 0.0 0.0
13:00:48.300 0001 -0.3401162028312683 51.45880889892578 3.286 9.0 287.2761535644531 0.0 0.0 0.0 0.0 0.0 0.0 0.0 0.0 0.0 0.0 0.0 0.0 0.0 0.0 0.0 0.0 0.0 1.0 0.0 1.0 0.0 7.0 74.0 0.0 0.0 0.0 2708.15 0.0 Operational 38.0 0.0 0.0 0.0 0.0 0.0 0.0 0.0 0.0 0.0 0.0 0.0 0.0 0.0 0.0 0.0
13:00:48.400 0001 -0.3401162028312683 51.45880889892578 3.286 9.0 287.2761535644531 0.0 0.0 0.0 0.0 0.0 0.0 0.0 0.0 0.0 0.0 0.0 0.0 0.0 0.0 0.0 0.0 0.0 1.0 0.0 1.0 0.0 7.0 74.0 0.0 0.0 0.0 2708.15 0.0 Operational 38.0 0.0 0.0 0.0 0.0 0.0 0.0 0.0 0.0 0.0 0.0 0.0 0.0 0.0 0.0 0.0
13:00:48.500 0001 -0.3401162028312683 51.45880889892578 3.286 9.0 287.2761535644531 0.0 0.0 0.0 0.0 0.0 0.0 0.0 0.0 0.0 0.0 0.0 0.0 0.0 0.0 0.0 0.0 0.0 1.0 0.0 1.0 0.0 7.0 74.0 0.0 0.0 0.0 2708.15 0.0 Operational 38.0 0.0 0.0 0.0 0.0 0.0 0.0 0.0 0.0 0.0 0.0 0.0 0.0 0.0 0.0 0.0
13:00:48.600 0001 -0.3401162028312683 51.45880889892578 3.286 9.0 287.2761535644531 0.0 0.0 0.0 0.0 0.0 0.0 0.0 0.0 0.0 0.0 0.0 0.0 0.0 0.0 0.0 0.0 0.0 1.0 0.0 1.0 0.0 7.0 74.0 0.0 0.0 0.0 2708.15 0.0 Operational 38.0 0.0 0.0 0.0 0.0 0.0 0.0 0.0 0.0 0.0 0.0 0.0 0.0 0.0 0.0 0.0
13:00:48.700 0001 -0.3401162028312683 51.45880889892578 3.286 9.0 287.2761535644531 0.0 0.0 0.0 0.0 0.0 0.0 0.0 0.0 0.0 0.0 0.0 0.0 0.0 0.0 0.0 0.0 0.0 1.0 0.0 1.0 0.0 7.0 74.0 0.0 0.0 0.0 2708.15 0.0 Operational 38.0 0.0 0.0 0.0 0.0 0.0 0.0 0.0 0.0 0.0 0.0 0.0 0.0 0.0 0.0 0.0
13:00:48.800 0001 -0.3401162028312683 51.45880889892578 3.286 9.0 287.2761535644531 0.0 0.0 0.0 0.0 0.0 0.0 0.0 0.0 0.0 0.0 0.0 0.0 0.0 0.0 0.0 0.0 0.0 1.0 0.0 1.0 0.0 7.0 74.0 0.0 0.0 0.0 2708.15 0.0 Operational 38.0 0.0 0.0 0.0 0.0 0.0 0.0 0.0 0.0 0.0 0.0 0.0 0.0 0.0 0.0 0.0
13:00:48.900 0001 -0.3400740027427673 51.45884323120117 3.351 9.0 287.2761535644531 0.0 0.0 0.0 0.0 0.0 0.0 0.0 0.0 0.0 0.0 0.0 0.0 0.0 0.0 0.0 0.0 0.0 1.0 0.0 1.0 0.0 7.0 74.0 0.0 0.0 0.0 2708.15 0.0 Operational 38.0 0.0 0.0 0.0 0.0 0.0 0.0 0.0 0.0 0.0 0.0 0.0 0.0 0.0 0.0 0.0
13:00:49.000 0001 -0.3400740027427673 51.45884323120117 3.351 9.0 287.2761535644531 0.0 0.0 0.0 0.0 0.0 0.0 0.0 0.0 0.0 0.0 0.0 0.0 0.0 0.0 0.0 0.0 0.0 1.0 0.0 1.0 0.0 7.0 74.0 0.0 0.0 0.0 2708.15 0.0 Operational 38.0 0.0 0.0 0.0 0.0 0.0 0.0 0.0 0.0 0.0 0.0 0.0 0.0 0.0 0.0 0.0
13:00:49.100 0001 -0.3400740027427673 51.45884323120117 3.351 9.0 287.2761535644531 0.0 0.0 0.0 0.0 0.0 0.0 0.0 0.0 0.0 0.0 0.0 0.0 0.0 0.0 0.0 0.0 0.0 1.0 0.0 1.0 0.0 7.0 74.0 0.0 0.0 0.0 2708.15 0.0 Operational 38.0 0.0 0.0 0.0 0.0 0.0 0.0 0.0 0.0 0.0 0.0 0.0 0.0 0.0 0.0 0.0
13:00:49.200 0001 -0.3400740027427673 51.45884323120117 3.351 9.0 287.2761535644531 0.0 0.0 0.0 0.0 0.0 0.0 0.0 0.0 0.0 0.0 0.0 0.0 0.0 0.0 0.0 0.0 0.0 1.0 0.0 1.0 0.0 7.0 74.0 0.0 0.0 0.0 2708.15 0.0 Operational 38.0 0.0 0.0 0.0 0.0 0.0 0.0 0.0 0.0 0.0 0.0 0.0 0.0 0.0 0.0 0.0
13:00:49.300 0001 -0.3400740027427673 51.45884323120117 3.351 9.0 287.2761535644531 0.0 0.0 0.0 0.0 0.0 0.0 0.0 0.0 0.0 0.0 0.0 0.0 0.0 0.0 0.0 0.0 0.0 1.0 0.0 1.0 0.0 7.0 74.0 0.0 0.0 0.0 2708.15 0.0 Operational 38.0 0.0 0.0 0.0 0.0 0.0 0.0 0.0 0.0 0.0 0.0 0.0 0.0 0.0 0.0 0.0
13:00:49.400 0001 -0.3400740027427673 51.45884323120117 3.351 9.0 287.2761535644531 0.0 0.0 0.0 0.0 0.0 0.0 0.0 0.0 0.0 0.0 0.0 0.0 0.0 0.0 0.0 0.0 0.0 1.0 0.0 1.0 0.0 7.0 74.0 0.0 0.0 0.0 2708.15 0.0 Operational 38.0 0.0 0.0 0.0 0.0 0.0 0.0 0.0 0.0 0.0 0.0 0.0 0.0 0.0 0.0 0.0
13:00:49.500 0001 -0.3400740027427673 51.45884323120117 3.351 9.0 287.2761535644531 0.0 0.0 0.0 0.0 0.0 0.0 0.0 0.0 0.0 0.0 0.0 0.0 0.0 0.0 0.0 0.0 0.0 1.0 0.0 1.0 0.0 7.0 74.0 0.0 0.0 0.0 2708.15 0.0 Operational 38.0 0.0 0.0 0.0 0.0 0.0 0.0 0.0 0.0 0.0 0.0 0.0 0.0 0.0 0.0 0.0
13:00:49.600 0001 -0.3400740027427673 51.45884323120117 3.351 9.0 287.2761535644531 0.0 0.0 0.0 0.0 0.0 0.0 0.0 0.0 0.0 0.0 0.0 0.0 0.0 0.0 0.0 0.0 0.0 1.0 0.0 1.0 0.0 7.0 74.0 0.0 0.0 0.0 2708.15 0.0 Operational 38.0 0.0 0.0 0.0 0.0 0.0 0.0 0.0 0.0 0.0 0.0 0.0 0.0 0.0 0.0 0.0
13:00:49.700 0001 -0.3400740027427673 51.45884323120117 3.351 9.0 287.2761535644531 0.0 0.0 0.0 0.0 0.0 0.0 0.0 0.0 0.0 0.0 0.0 0.0 0.0 0.0 0.0 0.0 0.0 1.0 0.0 1.0 0.0 7.0 74.0 0.0 0.0 0.0 2708.15 0.0 Operational 38.0 0.0 0.0 0.0 0.0 0.0 0.0 0.0 0.0 0.0 0.0 0.0 0.0 0.0 0.0 0.0
13:00:49.800 0001 -0.3400740027427673 51.45884323120117 3.351 9.0 287.2761535644531 0.0 0.0 0.0 0.0 0.0 0.0 0.0 0.0 0.0 0.0 0.0 0.0 0.0 0.0 0.0 0.0 0.0 1.0 0.0 1.0 0.0 7.0 74.0 0.0 0.0 0.0 2708.15 0.0 Operational 38.0 0.0 0.0 0.0 0.0 0.0 0.0 0.0 0.0 0.0 0.0 0.0 0.0 0.0 0.0 0.0
13:00:49.900 0001 -0.3400624096393585 51.45884323120117 3.021 9.0 287.2761535644531 0.0 0.0 0.0 0.0 0.0 0.0 0.0 0.0 0.0 0.0 0.0 0.0 0.0 0.0 0.0 0.0 0.0 1.0 0.0 1.0 0.0 7.0 74.0 0.0 0.0 0.0 2708.15 0.0 Operational 38.0 0.0 0.0 0.0 0.0 0.0 0.0 0.0 0.0 0.0 0.0 0.0 0.0 0.0 0.0 0.0
13:00:50.000 0001 -0.3400624096393585 51.45884323120117 3.021 9.0 287.2761535644531 0.0 0.0 0.0 0.0 0.0 0.0 0.0 0.0 0.0 0.0 0.0 0.0 0.0 0.0 0.0 0.0 0.0 1.0 0.0 1.0 0.0 7.0 74.0 0.0 0.0 0.0 2708.15 0.0 Operational 38.0 0.0 0.0 0.0 0.0 0.0 0.0 0.0 0.0 0.0 0.0 0.0 0.0 0.0 0.0 0.0
13:00:50.100 0001 -0.3400624096393585 51.45884323120117 3.021 9.0 287.2761535644531 0.0 0.0 0.0 0.0 0.0 0.0 0.0 0.0 0.0 0.0 0.0 0.0 0.0 0.0 0.0 0.0 0.0 1.0 0.0 1.0 0.0 7.0 74.0 0.0 0.0 0.0 2708.15 0.0 Operational 38.0 0.0 0.0 0.0 0.0 0.0 0.0 0.0 0.0 0.0 0.0 0.0 0.0 0.0 0.0 0.0
13:00:50.200 0001 -0.3400624096393585 51.45884323120117 3.021 9.0 287.2761535644531 0.0 0.0 0.0 0.0 0.0 0.0 0.0 0.0 0.0 0.0 0.0 0.0 0.0 0.0 0.0 0.0 0.0 1.0 0.0 1.0 0.0 7.0 74.0 0.0 0.0 0.0 2708.15 0.0 Operational 38.0 0.0 0.0 0.0 0.0 0.0 0.0 0.0 0.0 0.0 0.0 0.0 0.0 0.0 0.0 0.0
13:00:50.300 0001 -0.3400624096393585 51.45884323120117 3.021 9.0 287.2761535644531 0.0 0.0 0.0 0.0 0.0 0.0 0.0 0.0 0.0 0.0 0.0 0.0 0.0 0.0 0.0 0.0 0.0 1.0 0.0 1.0 0.0 7.0 74.0 0.0 0.0 0.0 2708.15 0.0 Operational 38.0 0.0 0.0 0.0 0.0 0.0 0.0 0.0 0.0 0.0 0.0 0.0 0.0 0.0 0.0 0.0
13:00:50.400 0001 -0.3400624096393585 51.45884323120117 3.021 9.0 287.2761535644531 0.0 0.0 0.0 0.0 0.0 0.0 0.0 0.0 0.0 0.0 0.0 0.0 0.0 0.0 0.0 0.0 0.0 1.0 0.0 1.0 0.0 7.0 74.0 0.0 0.0 0.0 2708.15 0.0 Operational 38.0 0.0 0.0 0.0 0.0 0.0 0.0 0.0 0.0 0.0 0.0 0.0 0.0 0.0 0.0 0.0
13:00:50.500 0001 -0.3400624096393585 51.45884323120117 3.021 9.0 287.2761535644531 0.0 0.0 0.0 0.0 0.0 0.0 0.0 0.0 0.0 0.0 0.0 0.0 0.0 0.0 0.0 0.0 0.0 1.0 0.0 1.0 0.0 7.0 74.0 0.0 0.0 0.0 2708.15 0.0 Operational 38.0 0.0 0.0 0.0 0.0 0.0 0.0 0.0 0.0 0.0 0.0 0.0 0.0 0.0 0.0 0.0
13:00:50.600 0001 -0.3400624096393585 51.45884323120117 3.021 9.0 287.2761535644531 0.0 0.0 0.0 0.0 0.0 0.0 0.0 0.0 0.0 0.0 0.0 0.0 0.0 0.0 0.0 0.0 0.0 1.0 0.0 1.0 0.0 7.0 74.0 0.0 0.0 0.0 2708.15 0.0 Operational 38.0 0.0 0.0 0.0 0.0 0.0 0.0 0.0 0.0 0.0 0.0 0.0 0.0 0.0 0.0 0.0
13:00:50.700 0001 -0.3400624096393585 51.45884323120117 3.021 9.0 287.2761535644531 0.0 0.0 0.0 0.0 0.0 0.0 0.0 0.0 0.0 0.0 0.0 0.0 0.0 0.0 0.0 0.0 0.0 1.0 0.0 1.0 0.0 7.0 74.0 0.0 0.0 0.0 2708.15 0.0 Operational 38.0 0.0 0.0 0.0 0.0 0.0 0.0 0.0 0.0 0.0 0.0 0.0 0.0 0.0 0.0 0.0
13:00:50.800 0001 -0.3400624096393585 51.45884323120117 3.021 9.0 287.2761535644531 0.0 0.0 0.0 0.0 0.0 0.0 0.0 0.0 0.0 0.0 0.0 0.0 0.0 0.0 0.0 0.0 0.0 1.0 0.0 1.0 0.0 7.0 74.0 0.0 0.0 0.0 2708.15 0.0 Operational 38.0 0.0 0.0 0.0 0.0 0.0 0.0 0.0 0.0 0.0 0.0 0.0 0.0 0.0 0.0 0.0
13:00:50.900 0001 -0.3400599062442779 51.45884704589844 2.684 9.0 287.2761535644531 0.0 0.0 0.0 0.0 0.0 0.0 0.0 0.0 0.0 0.0 0.0 0.0 0.0 0.0 0.0 0.0 0.0 1.0 0.0 1.0 0.0 7.0 74.0 0.0 0.0 0.0 2708.15 0.0 Operational 38.0 0.0 0.0 0.0 0.0 0.0 0.0 0.0 0.0 0.0 0.0 0.0 0.0 0.0 0.0 0.0
13:00:51.000 0001 -0.3400599062442779 51.45884704589844 2.684 9.0 287.2761535644531 0.0 0.0 0.0 0.0 0.0 0.0 0.0 0.0 0.0 0.0 0.0 0.0 0.0 0.0 0.0 0.0 0.0 1.0 0.0 1.0 0.0 7.0 74.0 0.0 0.0 0.0 2708.15 0.0 Operational 38.0 0.0 0.0 0.0 0.0 0.0 0.0 0.0 0.0 0.0 0.0 0.0 0.0 0.0 0.0 0.0
13:00:51.100 0001 -0.3400599062442779 51.45884704589844 2.684 9.0 287.2761535644531 0.0 0.0 0.0 0.0 0.0 0.0 0.0 0.0 0.0 0.0 0.0 0.0 0.0 0.0 0.0 0.0 0.0 1.0 0.0 1.0 0.0 7.0 74.0 0.0 0.0 0.0 2708.15 0.0 Operational 38.0 0.0 0.0 0.0 0.0 0.0 0.0 0.0 0.0 0.0 0.0 0.0 0.0 0.0 0.0 0.0
13:00:51.200 0001 -0.3400599062442779 51.45884704589844 2.684 9.0 287.2761535644531 0.0 0.0 0.0 0.0 0.0 0.0 0.0 0.0 0.0 0.0 0.0 0.0 0.0 0.0 0.0 0.0 0.0 1.0 0.0 1.0 0.0 7.0 74.0 0.0 0.0 0.0 2708.15 0.0 Operational 38.0 0.0 0.0 0.0 0.0 0.0 0.0 0.0 0.0 0.0 0.0 0.0 0.0 0.0 0.0 0.0
13:00:51.300 0001 -0.3400599062442779 51.45884704589844 2.684 9.0 287.2761535644531 0.0 0.0 0.0 0.0 0.0 0.0 0.0 0.0 0.0 0.0 0.0 0.0 0.0 0.0 0.0 0.0 0.0 1.0 0.0 1.0 0.0 7.0 74.0 0.0 0.0 0.0 2708.15 0.0 Operational 38.0 0.0 0.0 0.0 0.0 0.0 0.0 0.0 0.0 0.0 0.0 0.0 0.0 0.0 0.0 0.0
13:00:51.400 0001 -0.3400599062442779 51.45884704589844 2.684 9.0 287.2761535644531 0.0 0.0 0.0 0.0 0.0 0.0 0.0 0.0 0.0 0.0 0.0 0.0 0.0 0.0 0.0 0.0 0.0 1.0 0.0 1.0 0.0 7.0 74.0 0.0 0.0 0.0 2708.15 0.0 Operational 38.0 0.0 0.0 0.0 0.0 0.0 0.0 0.0 0.0 0.0 0.0 0.0 0.0 0.0 0.0 0.0
13:00:51.500 0001 -0.3400599062442779 51.45884704589844 2.684 9.0 287.2761535644531 0.0 0.0 0.0 0.0 0.0 0.0 0.0 0.0 0.0 0.0 0.0 0.0 0.0 0.0 0.0 0.0 0.0 1.0 0.0 1.0 0.0 7.0 74.0 0.0 0.0 0.0 2708.15 0.0 Operational 38.0 0.0 0.0 0.0 0.0 0.0 0.0 0.0 0.0 0.0 0.0 0.0 0.0 0.0 0.0 0.0
13:00:51.600 0001 -0.3400599062442779 51.45884704589844 2.684 9.0 287.2761535644531 0.0 0.0 0.0 0.0 0.0 0.0 0.0 0.0 0.0 0.0 0.0 0.0 0.0 0.0 0.0 0.0 0.0 1.0 0.0 1.0 0.0 7.0 74.0 0.0 0.0 0.0 2708.15 0.0 Operational 38.0 0.0 0.0 0.0 0.0 0.0 0.0 0.0 0.0 0.0 0.0 0.0 0.0 0.0 0.0 0.0
13:00:51.700 0001 -0.3400599062442779 51.45884704589844 2.684 9.0 287.2761535644531 0.0 0.0 0.0 0.0 0.0 0.0 0.0 0.0 0.0 0.0 0.0 0.0 0.0 0.0 0.0 0.0 0.0 1.0 0.0 1.0 0.0 7.0 74.0 0.0 0.0 0.0 2708.15 0.0 Operational 38.0 0.0 0.0 0.0 0.0 0.0 0.0 0.0 0.0 0.0 0.0 0.0 0.0 0.0 0.0 0.0
13:00:51.800 0001 -0.3400599062442779 51.45884704589844 2.684 9.0 287.2761535644531 0.0 0.0 0.0 0.0 0.0 0.0 0.0 0.0 0.0 0.0 0.0 0.0 0.0 0.0 0.0 0.0 0.0 1.0 0.0 1.0 0.0 7.0 74.0 0.0 0.0 0.0 2708.15 0.0 Operational 38.0 0.0 0.0 0.0 0.0 0.0 0.0 0.0 0.0 0.0 0.0 0.0 0.0 0.0 0.0 0.0
13:00:51.900 0001 -0.3400397002696991 51.45882415771485 2.022 9.0 287.2761535644531 0.0 0.0 0.0 0.0 0.0 0.0 0.0 0.0 0.0 0.0 0.0 0.0 0.0 0.0 0.0 0.0 0.0 1.0 0.0 1.0 0.0 7.0 74.0 0.0 0.0 0.0 2708.15 0.0 Operational 38.0 0.0 0.0 0.0 0.0 0.0 0.0 0.0 0.0 0.0 0.0 0.0 0.0 0.0 0.0 0.0
