time,avifileindex,Longitude,Latitude,Altitude,Satellites,Heading,Nozzle1downTMSCS,Nozzle2downTMS,SideBrush1downTMS,SideBrush2downTMS,BrushCurrent,SideBrush1ExtendTMSCS,SideBrush2ExtendTMSCS,SideBrush1RetractTMSCS,SideBrush2RetractTMSCS,Nozzle1WaterSprayOnOffTMS,Nozzle2WaterSprayOnOffTMS,SideBrush1WaterSprayTMS,SideBrush2WaterSprayTMS,WSBMotoronoffTMS,FanOnTMS,WorkLight1OnOffTMS,WorkLight2OnOffTMS,NozGapOpen,NozGapClose,Pause_active,AutoSweepActive,EngineType,EngineSpeed,RoadSpeedTMSCS,EngineFuelRateTMSCS,FanSpeed,TotalFuelConsumption,WaterTankLevel,JVMheartbeat,JVMALerts,GutterSprayOnOff,AddWaterSprayOnOff,WaterRe_circOnOff,modbus_id,pm_sensor_serious_fault,pm_sensor_fault,pm_sensor_is_degraded_mode,pm_sensor_is_ready,pm_1,pm_2_5,pm_10,temperature,firmware_version,humidity,"error
",fuel_consumed
11:55:04.800,1,-1.3810343742370603,53.39792251586914,48.415,11.0,283.1256408691406,0.0,0.0,0.0,0.0,0.0,0.0,0.0,0.0,0.0,0.0,0.0,0.0,0.0,0.0,1.0,0.0,0.0,0.0,0.0,0.0,0.0,7.0,899.0,0.0,1.75,1546.0,2609.9500000000003,26.5,Operational,39.0,0.0,0.0,0.0,0.0,0.0,0.0,0.0,0.0,0.0,0.0,0.0,0.0,0.0,0.0,0.0,4.8611111111111115e-05
11:55:04.900,1,-1.3810343742370603,53.39792251586914,48.415,11.0,283.1256408691406,0.0,0.0,0.0,0.0,0.0,0.0,0.0,0.0,0.0,0.0,0.0,0.0,0.0,0.0,1.0,0.0,0.0,0.0,0.0,0.0,0.0,7.0,899.0,0.0,1.75,1546.0,2609.9500000000003,26.5,Operational,39.0,0.0,0.0,0.0,0.0,0.0,0.0,0.0,0.0,0.0,0.0,0.0,0.0,0.0,0.0,0.0,4.8611111111111115e-05
11:55:05.000,1,-1.3810343742370603,53.39792251586914,48.415,11.0,283.1256408691406,0.0,0.0,0.0,0.0,0.0,0.0,0.0,0.0,0.0,0.0,0.0,0.0,0.0,0.0,1.0,0.0,0.0,0.0,0.0,0.0,0.0,7.0,899.0,0.0,1.75,1546.0,2609.9500000000003,26.5,Operational,39.0,0.0,0.0,0.0,0.0,0.0,0.0,0.0,0.0,0.0,0.0,0.0,0.0,0.0,0.0,0.0,4.8611111111111115e-05
11:55:05.100,1,-1.3810343742370603,53.39792251586914,48.415,11.0,283.1256408691406,0.0,0.0,0.0,0.0,0.0,0.0,0.0,0.0,0.0,0.0,0.0,0.0,0.0,0.0,1.0,0.0,0.0,0.0,0.0,0.0,0.0,7.0,899.0,0.0,1.8,1546.0,2609.9500000000003,26.5,Operational,39.0,0.0,0.0,0.0,0.0,0.0,0.0,0.0,0.0,0.0,0.0,0.0,0.0,0.0,0.0,0.0,5e-05
11:55:05.200,1,-1.3810343742370603,53.39792251586914,48.415,11.0,283.1256408691406,0.0,0.0,0.0,0.0,0.0,0.0,0.0,0.0,0.0,0.0,0.0,0.0,0.0,0.0,1.0,0.0,0.0,0.0,0.0,0.0,0.0,7.0,899.0,0.0,1.8,1546.0,2609.9500000000003,26.5,Operational,39.0,0.0,0.0,0.0,0.0,0.0,0.0,0.0,0.0,0.0,0.0,0.0,0.0,0.0,0.0,0.0,5e-05
11:55:05.200,1,-1.3810343742370603,53.39792251586914,48.415,11.0,283.1256408691406,0.0,0.0,0.0,0.0,0.0,0.0,0.0,0.0,0.0,0.0,0.0,0.0,0.0,0.0,1.0,0.0,0.0,0.0,0.0,0.0,0.0,7.0,899.0,0.0,1.8,1546.0,2609.9500000000003,26.5,Operational,39.0,0.0,0.0,0.0,0.0,0.0,0.0,0.0,0.0,0.0,0.0,0.0,0.0,0.0,0.0,0.0,5e-05
11:55:05.300,1,-1.3810343742370603,53.39792251586914,48.415,11.0,283.1256408691406,0.0,0.0,0.0,0.0,0.0,0.0,0.0,0.0,0.0,0.0,0.0,0.0,0.0,0.0,1.0,0.0,0.0,0.0,0.0,0.0,0.0,7.0,899.0,0.0,1.8,1546.0,2609.9500000000003,26.5,Operational,39.0,0.0,0.0,0.0,0.0,0.0,0.0,0.0,0.0,0.0,0.0,0.0,0.0,0.0,0.0,0.0,5e-05
11:55:05.400,1,-1.3810343742370603,53.39792251586914,48.415,11.0,283.1256408691406,0.0,0.0,0.0,0.0,0.0,0.0,0.0,0.0,0.0,0.0,0.0,0.0,0.0,0.0,1.0,0.0,0.0,0.0,0.0,0.0,0.0,7.0,899.0,0.0,1.8,1546.0,2609.9500000000003,26.5,Operational,39.0,0.0,0.0,0.0,0.0,0.0,0.0,0.0,0.0,0.0,0.0,0.0,0.0,0.0,0.0,0.0,5e-05
11:55:05.500,1,-1.3810343742370603,53.39792251586914,48.415,11.0,283.1256408691406,0.0,0.0,0.0,0.0,0.0,0.0,0.0,0.0,0.0,0.0,0.0,0.0,0.0,0.0,1.0,0.0,0.0,0.0,0.0,0.0,0.0,7.0,900.0,0.0,1.8,1546.0,2609.9500000000003,26.5,Operational,39.0,0.0,0.0,0.0,0.0,0.0,0.0,0.0,0.0,0.0,0.0,0.0,0.0,0.0,0.0,0.0,5e-05
11:55:05.600,1,-1.3810343742370603,53.39792251586914,48.415,11.0,283.1256408691406,0.0,0.0,0.0,0.0,0.0,0.0,0.0,0.0,0.0,0.0,0.0,0.0,0.0,0.0,1.0,0.0,0.0,0.0,0.0,0.0,0.0,7.0,900.0,0.0,1.8,1546.0,2609.9500000000003,26.5,Operational,39.0,0.0,0.0,0.0,0.0,0.0,0.0,0.0,0.0,0.0,0.0,0.0,0.0,0.0,0.0,0.0,5e-05
11:55:05.700,1,-1.3810343742370603,53.39792251586914,48.415,11.0,283.1256408691406,0.0,0.0,0.0,0.0,0.0,0.0,0.0,0.0,0.0,0.0,0.0,0.0,0.0,0.0,1.0,0.0,0.0,0.0,0.0,0.0,0.0,7.0,900.0,0.0,1.8,1544.0,2609.9500000000003,26.5,Operational,39.0,0.0,0.0,0.0,0.0,0.0,0.0,0.0,0.0,0.0,0.0,0.0,0.0,0.0,0.0,0.0,5e-05
11:55:05.800,1,-1.3810343742370603,53.39792251586914,48.415,11.0,283.1256408691406,0.0,0.0,0.0,0.0,0.0,0.0,0.0,0.0,0.0,0.0,0.0,0.0,0.0,0.0,1.0,0.0,0.0,0.0,0.0,0.0,0.0,7.0,900.0,0.0,1.8,1546.0,2609.9500000000003,26.5,Operational,39.0,0.0,0.0,0.0,0.0,0.0,0.0,0.0,0.0,0.0,0.0,0.0,0.0,0.0,0.0,0.0,5e-05
11:55:05.900,1,-1.381034255027771,53.39791870117188,48.235,12.0,283.1256408691406,0.0,0.0,0.0,0.0,0.0,0.0,0.0,0.0,0.0,0.0,0.0,0.0,0.0,0.0,1.0,0.0,0.0,0.0,0.0,0.0,0.0,7.0,900.0,0.0,1.8,1546.0,2609.9500000000003,26.5,Operational,39.0,0.0,0.0,0.0,0.0,0.0,0.0,0.0,0.0,0.0,0.0,0.0,0.0,0.0,0.0,0.0,5e-05
11:55:06.000,1,-1.381034255027771,53.39791870117188,48.235,12.0,283.1256408691406,0.0,0.0,0.0,0.0,0.0,0.0,0.0,0.0,0.0,0.0,0.0,0.0,0.0,0.0,1.0,0.0,0.0,0.0,0.0,0.0,0.0,7.0,900.0,0.0,1.8,1544.0,2609.9500000000003,26.5,Operational,39.0,0.0,0.0,0.0,0.0,0.0,0.0,0.0,0.0,0.0,0.0,0.0,0.0,0.0,0.0,0.0,5e-05
11:55:06.100,1,-1.381034255027771,53.39791870117188,48.235,12.0,283.1256408691406,0.0,0.0,0.0,0.0,0.0,0.0,0.0,0.0,0.0,0.0,0.0,0.0,0.0,0.0,1.0,0.0,0.0,0.0,0.0,0.0,0.0,7.0,900.0,0.0,1.8,1546.0,2609.9500000000003,26.5,Operational,39.0,0.0,0.0,0.0,0.0,0.0,0.0,0.0,0.0,0.0,0.0,0.0,0.0,0.0,0.0,0.0,5e-05
11:55:06.200,1,-1.381034255027771,53.39791870117188,48.235,12.0,283.1256408691406,0.0,0.0,0.0,0.0,0.0,0.0,0.0,0.0,0.0,0.0,0.0,0.0,0.0,0.0,1.0,0.0,0.0,0.0,0.0,0.0,0.0,7.0,899.0,0.0,1.8,1546.0,2609.9500000000003,26.5,Operational,39.0,0.0,0.0,0.0,0.0,0.0,0.0,0.0,0.0,0.0,0.0,0.0,0.0,0.0,0.0,0.0,5e-05
11:55:06.300,1,-1.381034255027771,53.39791870117188,48.235,12.0,283.1256408691406,0.0,0.0,0.0,0.0,0.0,0.0,0.0,0.0,0.0,0.0,0.0,0.0,0.0,0.0,1.0,0.0,0.0,0.0,0.0,0.0,0.0,7.0,900.0,0.0,1.8,1544.0,2609.9500000000003,26.5,Operational,39.0,0.0,0.0,0.0,0.0,0.0,0.0,0.0,0.0,0.0,0.0,0.0,0.0,0.0,0.0,0.0,5e-05
11:55:06.400,1,-1.381034255027771,53.39791870117188,48.235,12.0,283.1256408691406,0.0,0.0,0.0,0.0,0.0,0.0,0.0,0.0,0.0,0.0,0.0,0.0,0.0,0.0,1.0,0.0,0.0,0.0,0.0,0.0,0.0,7.0,900.0,0.0,1.8,1546.0,2609.9500000000003,26.5,Operational,39.0,0.0,0.0,0.0,0.0,0.0,0.0,0.0,0.0,0.0,0.0,0.0,0.0,0.0,0.0,0.0,5e-05
11:55:06.500,1,-1.381034255027771,53.39791870117188,48.235,12.0,283.1256408691406,0.0,0.0,0.0,0.0,0.0,0.0,0.0,0.0,0.0,0.0,0.0,0.0,0.0,0.0,1.0,0.0,0.0,0.0,0.0,0.0,0.0,7.0,900.0,0.0,1.8,1546.0,2609.9500000000003,26.5,Operational,39.0,0.0,0.0,0.0,0.0,0.0,0.0,0.0,0.0,0.0,0.0,0.0,0.0,0.0,0.0,0.0,5e-05
11:55:06.600,1,-1.381034255027771,53.39791870117188,48.235,12.0,283.1256408691406,0.0,0.0,0.0,0.0,0.0,0.0,0.0,0.0,0.0,0.0,0.0,0.0,0.0,0.0,1.0,0.0,0.0,0.0,0.0,0.0,0.0,7.0,900.0,0.0,1.8,1544.0,2609.9500000000003,26.5,Operational,39.0,0.0,0.0,0.0,0.0,0.0,0.0,0.0,0.0,0.0,0.0,0.0,0.0,0.0,0.0,0.0,5e-05
11:55:06.700,1,-1.381034255027771,53.39791870117188,48.235,12.0,283.1256408691406,0.0,0.0,0.0,0.0,0.0,0.0,0.0,0.0,0.0,0.0,0.0,0.0,0.0,0.0,1.0,0.0,0.0,0.0,0.0,0.0,0.0,7.0,900.0,0.0,1.8,1546.0,2609.9500000000003,26.5,Operational,39.0,0.0,0.0,0.0,0.0,0.0,0.0,0.0,0.0,0.0,0.0,0.0,0.0,0.0,0.0,0.0,5e-05
11:55:06.800,1,-1.381034255027771,53.39791870117188,48.235,12.0,283.1256408691406,0.0,0.0,0.0,0.0,0.0,0.0,0.0,0.0,0.0,0.0,0.0,0.0,0.0,0.0,1.0,0.0,0.0,0.0,0.0,0.0,0.0,7.0,900.0,0.0,1.8,1546.0,2609.9500000000003,26.5,Operational,39.0,0.0,0.0,0.0,0.0,0.0,0.0,0.0,0.0,0.0,0.0,0.0,0.0,0.0,0.0,0.0,5e-05
11:55:06.900,1,-1.381037354469299,53.39791870117188,47.556,12.0,283.1256408691406,0.0,0.0,0.0,0.0,0.0,0.0,0.0,0.0,0.0,0.0,0.0,0.0,0.0,0.0,1.0,0.0,0.0,0.0,0.0,0.0,0.0,7.0,900.0,0.0,1.8,1546.0,2609.9500000000003,26.5,Operational,39.0,0.0,0.0,0.0,0.0,0.0,0.0,0.0,0.0,0.0,0.0,0.0,0.0,0.0,0.0,0.0,5e-05
11:55:07.000,1,-1.381037354469299,53.39791870117188,47.556,12.0,283.1256408691406,0.0,0.0,0.0,0.0,0.0,0.0,0.0,0.0,0.0,0.0,0.0,0.0,0.0,0.0,1.0,0.0,0.0,0.0,0.0,0.0,0.0,7.0,900.0,0.0,1.8,1546.0,2609.9500000000003,26.5,Operational,39.0,0.0,0.0,0.0,0.0,0.0,0.0,0.0,0.0,0.0,0.0,0.0,0.0,0.0,0.0,0.0,5e-05
11:55:07.100,1,-1.381037354469299,53.39791870117188,47.556,12.0,283.1256408691406,0.0,0.0,0.0,0.0,0.0,0.0,0.0,0.0,0.0,0.0,0.0,0.0,0.0,0.0,1.0,0.0,0.0,0.0,0.0,0.0,0.0,7.0,900.0,0.0,1.8,1544.0,2609.9500000000003,26.5,Operational,39.0,0.0,0.0,0.0,0.0,0.0,0.0,0.0,0.0,0.0,0.0,0.0,0.0,0.0,0.0,0.0,5e-05
11:55:07.200,1,-1.381037354469299,53.39791870117188,47.556,12.0,283.1256408691406,0.0,0.0,0.0,0.0,0.0,0.0,0.0,0.0,0.0,0.0,0.0,0.0,0.0,0.0,1.0,0.0,0.0,0.0,0.0,0.0,0.0,7.0,899.0,0.0,1.8,1546.0,2609.9500000000003,26.5,Operational,39.0,0.0,0.0,0.0,0.0,0.0,0.0,0.0,0.0,0.0,0.0,0.0,0.0,0.0,0.0,0.0,5e-05
11:55:07.300,1,-1.381037354469299,53.39791870117188,47.556,12.0,283.1256408691406,0.0,0.0,0.0,0.0,0.0,0.0,0.0,0.0,0.0,0.0,0.0,0.0,0.0,0.0,1.0,0.0,0.0,0.0,0.0,0.0,0.0,7.0,899.0,0.0,1.8,1544.0,2609.9500000000003,26.5,Operational,39.0,0.0,0.0,0.0,0.0,0.0,0.0,0.0,0.0,0.0,0.0,0.0,0.0,0.0,0.0,0.0,5e-05
11:55:07.400,1,-1.381037354469299,53.39791870117188,47.556,12.0,283.1256408691406,0.0,0.0,0.0,0.0,0.0,0.0,0.0,0.0,0.0,0.0,0.0,0.0,0.0,0.0,1.0,0.0,0.0,0.0,0.0,0.0,0.0,7.0,899.0,0.0,1.8,1546.0,2609.9500000000003,26.5,Operational,39.0,0.0,0.0,0.0,0.0,0.0,0.0,0.0,0.0,0.0,0.0,0.0,0.0,0.0,0.0,0.0,5e-05
11:55:07.500,1,-1.381037354469299,53.39791870117188,47.556,12.0,283.1256408691406,0.0,0.0,0.0,0.0,0.0,0.0,0.0,0.0,0.0,0.0,0.0,0.0,0.0,0.0,1.0,0.0,0.0,0.0,0.0,0.0,0.0,7.0,899.0,0.0,1.8,1544.0,2609.9500000000003,26.5,Operational,39.0,0.0,0.0,0.0,0.0,0.0,0.0,0.0,0.0,0.0,0.0,0.0,0.0,0.0,0.0,0.0,5e-05
11:55:07.600,1,-1.381037354469299,53.39791870117188,47.556,12.0,283.1256408691406,0.0,0.0,0.0,0.0,0.0,0.0,0.0,0.0,0.0,0.0,0.0,0.0,0.0,0.0,1.0,0.0,0.0,0.0,0.0,0.0,0.0,7.0,900.0,0.0,1.8,1546.0,2609.9500000000003,26.5,Operational,39.0,0.0,0.0,0.0,0.0,0.0,0.0,0.0,0.0,0.0,0.0,0.0,0.0,0.0,0.0,0.0,5e-05
11:55:07.700,1,-1.381037354469299,53.39791870117188,47.556,12.0,283.1256408691406,0.0,0.0,0.0,0.0,0.0,0.0,0.0,0.0,0.0,0.0,0.0,0.0,0.0,0.0,1.0,0.0,0.0,0.0,0.0,0.0,0.0,7.0,900.0,0.0,1.8,1544.0,2609.9500000000003,26.5,Operational,39.0,0.0,0.0,0.0,0.0,0.0,0.0,0.0,0.0,0.0,0.0,0.0,0.0,0.0,0.0,0.0,5e-05
11:55:07.800,1,-1.381037354469299,53.39791870117188,47.556,12.0,283.1256408691406,0.0,0.0,0.0,0.0,0.0,0.0,0.0,0.0,0.0,0.0,0.0,0.0,0.0,0.0,1.0,0.0,0.0,0.0,0.0,0.0,0.0,7.0,899.0,0.0,1.8,1544.0,2609.9500000000003,26.5,Operational,39.0,0.0,0.0,0.0,0.0,0.0,0.0,0.0,0.0,0.0,0.0,0.0,0.0,0.0,0.0,0.0,5e-05
11:55:07.900,1,-1.381037354469299,53.39791870117188,47.494,12.0,283.1256408691406,0.0,0.0,0.0,0.0,0.0,0.0,0.0,0.0,0.0,0.0,0.0,0.0,0.0,0.0,1.0,0.0,0.0,0.0,0.0,0.0,0.0,7.0,899.0,0.0,1.8,1544.0,2609.9500000000003,26.5,Operational,39.0,0.0,0.0,0.0,0.0,0.0,0.0,0.0,0.0,0.0,0.0,0.0,0.0,0.0,0.0,0.0,5e-05
11:55:08.000,1,-1.381037354469299,53.39791870117188,47.494,12.0,283.1256408691406,0.0,0.0,0.0,0.0,0.0,0.0,0.0,0.0,0.0,0.0,0.0,0.0,0.0,0.0,1.0,0.0,0.0,0.0,0.0,0.0,0.0,7.0,900.0,0.0,1.8,1546.0,2609.9500000000003,26.5,Operational,39.0,0.0,0.0,0.0,0.0,0.0,0.0,0.0,0.0,0.0,0.0,0.0,0.0,0.0,0.0,0.0,5e-05
11:55:08.100,1,-1.381037354469299,53.39791870117188,47.494,12.0,283.1256408691406,0.0,0.0,0.0,0.0,0.0,0.0,0.0,0.0,0.0,0.0,0.0,0.0,0.0,0.0,1.0,0.0,0.0,0.0,0.0,0.0,0.0,7.0,900.0,0.0,1.8,1544.0,2609.9500000000003,26.5,Operational,39.0,0.0,0.0,0.0,0.0,0.0,0.0,0.0,0.0,0.0,0.0,0.0,0.0,0.0,0.0,0.0,5e-05
11:55:08.200,1,-1.381037354469299,53.39791870117188,47.494,12.0,283.1256408691406,0.0,0.0,0.0,0.0,0.0,0.0,0.0,0.0,0.0,0.0,0.0,0.0,0.0,0.0,1.0,0.0,0.0,0.0,0.0,0.0,0.0,7.0,899.0,0.0,1.8,1544.0,2609.9500000000003,26.5,Operational,39.0,0.0,0.0,0.0,0.0,0.0,0.0,0.0,0.0,0.0,0.0,0.0,0.0,0.0,0.0,0.0,5e-05
11:55:08.300,1,-1.381037354469299,53.39791870117188,47.494,12.0,283.1256408691406,0.0,0.0,0.0,0.0,0.0,0.0,0.0,0.0,0.0,0.0,0.0,0.0,0.0,0.0,1.0,0.0,0.0,0.0,0.0,0.0,0.0,7.0,899.0,0.0,1.8,1544.0,2609.9500000000003,26.5,Operational,39.0,0.0,0.0,0.0,0.0,0.0,0.0,0.0,0.0,0.0,0.0,0.0,0.0,0.0,0.0,0.0,5e-05
11:55:08.400,1,-1.381037354469299,53.39791870117188,47.494,12.0,283.1256408691406,0.0,0.0,0.0,0.0,0.0,0.0,0.0,0.0,0.0,0.0,0.0,0.0,0.0,0.0,1.0,0.0,0.0,0.0,0.0,0.0,0.0,7.0,899.0,0.0,1.8,1544.0,2609.9500000000003,26.5,Operational,39.0,0.0,0.0,0.0,0.0,0.0,0.0,0.0,0.0,0.0,0.0,0.0,0.0,0.0,0.0,0.0,5e-05
11:55:08.500,1,-1.381037354469299,53.39791870117188,47.494,12.0,283.1256408691406,0.0,0.0,0.0,0.0,0.0,0.0,0.0,0.0,0.0,0.0,0.0,0.0,0.0,0.0,1.0,0.0,0.0,0.0,0.0,0.0,0.0,7.0,899.0,0.0,1.8,1544.0,2609.9500000000003,26.5,Operational,39.0,0.0,0.0,0.0,0.0,0.0,0.0,0.0,0.0,0.0,0.0,0.0,0.0,0.0,0.0,0.0,5e-05
11:55:08.600,1,-1.381037354469299,53.39791870117188,47.494,12.0,283.1256408691406,0.0,0.0,0.0,0.0,0.0,0.0,0.0,0.0,0.0,0.0,0.0,0.0,0.0,0.0,1.0,0.0,0.0,0.0,0.0,0.0,0.0,7.0,899.0,0.0,1.8,1544.0,2609.9500000000003,26.5,Operational,39.0,0.0,0.0,0.0,0.0,0.0,0.0,0.0,0.0,0.0,0.0,0.0,0.0,0.0,0.0,0.0,5e-05
11:55:08.700,1,-1.381037354469299,53.39791870117188,47.494,12.0,283.1256408691406,0.0,0.0,0.0,0.0,0.0,0.0,0.0,0.0,0.0,0.0,0.0,0.0,0.0,0.0,1.0,0.0,0.0,0.0,0.0,0.0,0.0,7.0,900.0,0.0,1.8,1544.0,2609.9500000000003,26.5,Operational,39.0,0.0,0.0,0.0,0.0,0.0,0.0,0.0,0.0,0.0,0.0,0.0,0.0,0.0,0.0,0.0,5e-05
11:55:08.800,1,-1.381037354469299,53.39791870117188,47.494,12.0,283.1256408691406,0.0,0.0,0.0,0.0,0.0,0.0,0.0,0.0,0.0,0.0,0.0,0.0,0.0,0.0,1.0,0.0,0.0,0.0,0.0,0.0,0.0,7.0,899.0,0.0,1.8,1546.0,2609.9500000000003,26.5,Operational,39.0,0.0,0.0,0.0,0.0,0.0,0.0,0.0,0.0,0.0,0.0,0.0,0.0,0.0,0.0,0.0,5e-05
11:55:08.900,1,-1.3810348510742188,53.39791870117188,47.884,12.0,283.1256408691406,0.0,0.0,0.0,0.0,0.0,0.0,0.0,0.0,0.0,0.0,0.0,0.0,0.0,0.0,1.0,0.0,0.0,0.0,0.0,0.0,0.0,7.0,899.0,0.0,1.8,1544.0,2609.9500000000003,26.5,Operational,39.0,0.0,0.0,0.0,0.0,0.0,0.0,0.0,0.0,0.0,0.0,0.0,0.0,0.0,0.0,0.0,5e-05
11:55:09.000,1,-1.3810348510742188,53.39791870117188,47.884,12.0,283.1256408691406,0.0,0.0,0.0,0.0,0.0,0.0,0.0,0.0,0.0,0.0,0.0,0.0,0.0,0.0,1.0,0.0,0.0,0.0,0.0,0.0,0.0,7.0,899.0,0.0,1.8,1544.0,2609.9500000000003,26.5,Operational,39.0,0.0,0.0,0.0,0.0,0.0,0.0,0.0,0.0,0.0,0.0,0.0,0.0,0.0,0.0,0.0,5e-05
11:55:09.100,1,-1.3810348510742188,53.39791870117188,47.884,12.0,283.1256408691406,0.0,0.0,0.0,0.0,0.0,0.0,0.0,0.0,0.0,0.0,0.0,0.0,0.0,0.0,1.0,0.0,0.0,0.0,0.0,0.0,0.0,7.0,899.0,0.0,1.8,1544.0,2609.9500000000003,26.0,Operational,39.0,0.0,0.0,0.0,0.0,0.0,0.0,0.0,0.0,0.0,0.0,0.0,0.0,0.0,0.0,0.0,5e-05
11:55:09.200,1,-1.3810348510742188,53.39791870117188,47.884,12.0,283.1256408691406,0.0,0.0,0.0,0.0,0.0,0.0,0.0,0.0,0.0,0.0,0.0,0.0,0.0,0.0,1.0,0.0,0.0,0.0,0.0,0.0,0.0,7.0,900.0,0.0,1.8,1544.0,2609.9500000000003,26.0,Operational,39.0,0.0,0.0,0.0,0.0,0.0,0.0,0.0,0.0,0.0,0.0,0.0,0.0,0.0,0.0,0.0,5e-05
11:55:09.300,1,-1.3810348510742188,53.39791870117188,47.884,12.0,283.1256408691406,0.0,0.0,0.0,0.0,0.0,0.0,0.0,0.0,0.0,0.0,0.0,0.0,0.0,0.0,1.0,0.0,0.0,0.0,0.0,0.0,0.0,7.0,899.0,0.0,1.8,1546.0,2609.9500000000003,26.0,Operational,39.0,0.0,0.0,0.0,0.0,0.0,0.0,0.0,0.0,0.0,0.0,0.0,0.0,0.0,0.0,0.0,5e-05
11:55:09.400,1,-1.3810348510742188,53.39791870117188,47.884,12.0,283.1256408691406,0.0,0.0,0.0,0.0,0.0,0.0,0.0,0.0,0.0,0.0,0.0,0.0,0.0,0.0,1.0,0.0,0.0,0.0,0.0,0.0,0.0,7.0,899.0,0.0,1.8,1544.0,2609.9500000000003,26.0,Operational,39.0,0.0,0.0,0.0,0.0,0.0,0.0,0.0,0.0,0.0,0.0,0.0,0.0,0.0,0.0,0.0,5e-05
11:55:09.500,1,-1.3810348510742188,53.39791870117188,47.884,12.0,283.1256408691406,0.0,0.0,0.0,0.0,0.0,0.0,0.0,0.0,0.0,0.0,0.0,0.0,0.0,0.0,1.0,0.0,0.0,0.0,0.0,0.0,0.0,7.0,899.0,0.0,1.8,1544.0,2609.9500000000003,26.0,Operational,39.0,0.0,0.0,0.0,0.0,0.0,0.0,0.0,0.0,0.0,0.0,0.0,0.0,0.0,0.0,0.0,5e-05
11:55:09.600,1,-1.3810348510742188,53.39791870117188,47.884,12.0,283.1256408691406,0.0,0.0,0.0,0.0,0.0,0.0,0.0,0.0,0.0,0.0,0.0,0.0,0.0,0.0,1.0,0.0,0.0,0.0,0.0,0.0,0.0,7.0,899.0,0.0,1.8,1544.0,2609.9500000000003,26.0,Operational,39.0,0.0,0.0,0.0,0.0,0.0,0.0,0.0,0.0,0.0,0.0,0.0,0.0,0.0,0.0,0.0,5e-05
11:55:09.700,1,-1.3810348510742188,53.39791870117188,47.884,12.0,283.1256408691406,0.0,0.0,0.0,0.0,0.0,0.0,0.0,0.0,0.0,0.0,0.0,0.0,0.0,0.0,1.0,0.0,0.0,0.0,0.0,0.0,0.0,7.0,899.0,0.0,1.8,1544.0,2609.9500000000003,26.0,Operational,39.0,0.0,0.0,0.0,0.0,0.0,0.0,0.0,0.0,0.0,0.0,0.0,0.0,0.0,0.0,0.0,5e-05
11:55:09.800,1,-1.3810348510742188,53.39791870117188,47.884,12.0,283.1256408691406,0.0,0.0,0.0,0.0,0.0,0.0,0.0,0.0,0.0,0.0,0.0,0.0,0.0,0.0,1.0,0.0,0.0,0.0,0.0,0.0,0.0,7.0,899.0,0.0,1.8,1546.0,2609.9500000000003,26.0,Operational,39.0,0.0,0.0,0.0,0.0,0.0,0.0,0.0,0.0,0.0,0.0,0.0,0.0,0.0,0.0,0.0,5e-05
11:55:09.900,1,-1.381034255027771,53.39791870117188,47.847,12.0,283.1256408691406,0.0,0.0,0.0,0.0,0.0,0.0,0.0,0.0,0.0,0.0,0.0,0.0,0.0,0.0,1.0,0.0,0.0,0.0,0.0,0.0,0.0,7.0,900.0,0.0,1.8,1546.0,2609.9500000000003,26.0,Operational,39.0,0.0,0.0,0.0,0.0,0.0,0.0,0.0,0.0,0.0,0.0,0.0,0.0,0.0,0.0,0.0,5e-05
11:55:10.000,1,-1.381034255027771,53.39791870117188,47.847,12.0,283.1256408691406,0.0,0.0,0.0,0.0,0.0,0.0,0.0,0.0,0.0,0.0,0.0,0.0,0.0,0.0,1.0,0.0,0.0,0.0,0.0,0.0,0.0,7.0,900.0,0.0,1.8,1546.0,2609.9500000000003,26.0,Operational,39.0,0.0,0.0,0.0,0.0,0.0,0.0,0.0,0.0,0.0,0.0,0.0,0.0,0.0,0.0,0.0,5e-05
11:55:10.100,1,-1.381034255027771,53.39791870117188,47.847,12.0,283.1256408691406,0.0,0.0,0.0,0.0,0.0,0.0,0.0,0.0,0.0,0.0,0.0,0.0,0.0,0.0,1.0,0.0,0.0,0.0,0.0,0.0,0.0,7.0,899.0,0.0,1.8,1546.0,2609.9500000000003,26.0,Operational,39.0,0.0,0.0,0.0,0.0,0.0,0.0,0.0,0.0,0.0,0.0,0.0,0.0,0.0,0.0,0.0,5e-05
11:55:10.200,1,-1.381034255027771,53.39791870117188,47.847,12.0,283.1256408691406,0.0,0.0,0.0,0.0,0.0,0.0,0.0,0.0,0.0,0.0,0.0,0.0,0.0,0.0,1.0,0.0,0.0,0.0,0.0,0.0,0.0,7.0,900.0,0.0,1.8,1546.0,2609.9500000000003,26.0,Operational,39.0,0.0,0.0,0.0,0.0,0.0,0.0,0.0,0.0,0.0,0.0,0.0,0.0,0.0,0.0,0.0,5e-05
11:55:10.300,1,-1.381034255027771,53.39791870117188,47.847,12.0,283.1256408691406,0.0,0.0,0.0,0.0,0.0,0.0,0.0,0.0,0.0,0.0,0.0,0.0,0.0,0.0,1.0,0.0,0.0,0.0,0.0,0.0,0.0,7.0,899.0,0.0,1.8,1544.0,2609.9500000000003,26.0,Operational,39.0,0.0,0.0,0.0,0.0,0.0,0.0,0.0,0.0,0.0,0.0,0.0,0.0,0.0,0.0,0.0,5e-05
11:55:10.400,1,-1.381034255027771,53.39791870117188,47.847,12.0,283.1256408691406,0.0,0.0,0.0,0.0,0.0,0.0,0.0,0.0,0.0,0.0,0.0,0.0,0.0,0.0,1.0,0.0,0.0,0.0,0.0,0.0,0.0,7.0,899.0,0.0,1.8,1544.0,2609.9500000000003,26.0,Operational,39.0,0.0,0.0,0.0,0.0,0.0,0.0,0.0,0.0,0.0,0.0,0.0,0.0,0.0,0.0,0.0,5e-05
11:55:10.500,1,-1.381034255027771,53.39791870117188,47.847,12.0,283.1256408691406,0.0,0.0,0.0,0.0,0.0,0.0,0.0,0.0,0.0,0.0,0.0,0.0,0.0,0.0,1.0,0.0,0.0,0.0,0.0,0.0,0.0,7.0,900.0,0.0,1.8,1546.0,2609.9500000000003,26.0,Operational,39.0,0.0,0.0,0.0,0.0,0.0,0.0,0.0,0.0,0.0,0.0,0.0,0.0,0.0,0.0,0.0,5e-05
11:55:10.600,1,-1.381034255027771,53.39791870117188,47.847,12.0,283.1256408691406,0.0,0.0,0.0,0.0,0.0,0.0,0.0,0.0,0.0,0.0,0.0,0.0,0.0,0.0,1.0,0.0,0.0,0.0,0.0,0.0,0.0,7.0,899.0,0.0,1.8,1546.0,2609.9500000000003,26.0,Operational,39.0,0.0,0.0,0.0,0.0,0.0,0.0,0.0,0.0,0.0,0.0,0.0,0.0,0.0,0.0,0.0,5e-05
11:55:10.700,1,-1.381034255027771,53.39791870117188,47.847,12.0,283.1256408691406,0.0,0.0,0.0,0.0,0.0,0.0,0.0,0.0,0.0,0.0,0.0,0.0,0.0,0.0,1.0,0.0,0.0,0.0,0.0,0.0,0.0,7.0,900.0,0.0,1.8,1546.0,2609.9500000000003,26.0,Operational,39.0,0.0,0.0,0.0,0.0,0.0,0.0,0.0,0.0,0.0,0.0,0.0,0.0,0.0,0.0,0.0,5e-05
11:55:10.800,1,-1.381034255027771,53.39791870117188,47.847,12.0,283.1256408691406,0.0,0.0,0.0,0.0,0.0,0.0,0.0,0.0,0.0,0.0,0.0,0.0,0.0,0.0,1.0,0.0,0.0,0.0,0.0,0.0,0.0,7.0,900.0,0.0,1.8,1546.0,2609.9500000000003,26.0,Operational,39.0,0.0,0.0,0.0,0.0,0.0,0.0,0.0,0.0,0.0,0.0,0.0,0.0,0.0,0.0,0.0,5e-05
11:55:10.900,1,-1.3810336589813232,53.39791488647461,47.84,12.0,283.1256408691406,0.0,0.0,0.0,0.0,0.0,0.0,0.0,0.0,0.0,0.0,0.0,0.0,0.0,0.0,1.0,0.0,0.0,0.0,0.0,0.0,0.0,7.0,900.0,0.0,1.8,1546.0,2609.9500000000003,26.0,Operational,39.0,0.0,0.0,0.0,0.0,0.0,0.0,0.0,0.0,0.0,0.0,0.0,0.0,0.0,0.0,0.0,5e-05
11:55:11.000,1,-1.3810336589813232,53.39791488647461,47.84,12.0,283.1256408691406,0.0,0.0,0.0,0.0,0.0,0.0,0.0,0.0,0.0,0.0,0.0,0.0,0.0,0.0,1.0,0.0,0.0,0.0,0.0,0.0,0.0,7.0,900.0,0.0,1.8,1544.0,2609.9500000000003,26.0,Operational,39.0,0.0,0.0,0.0,0.0,0.0,0.0,0.0,0.0,0.0,0.0,0.0,0.0,0.0,0.0,0.0,5e-05
11:55:11.100,1,-1.3810336589813232,53.39791488647461,47.84,12.0,283.1256408691406,0.0,0.0,0.0,0.0,0.0,0.0,0.0,0.0,0.0,0.0,0.0,0.0,0.0,0.0,1.0,0.0,0.0,0.0,0.0,0.0,0.0,7.0,900.0,0.0,1.8,1546.0,2609.9500000000003,26.0,Operational,39.0,0.0,0.0,0.0,0.0,0.0,0.0,0.0,0.0,0.0,0.0,0.0,0.0,0.0,0.0,0.0,5e-05
11:55:11.200,1,-1.3810336589813232,53.39791488647461,47.84,12.0,283.1256408691406,0.0,0.0,0.0,0.0,0.0,0.0,0.0,0.0,0.0,0.0,0.0,0.0,0.0,0.0,1.0,0.0,0.0,0.0,0.0,0.0,0.0,7.0,900.0,0.0,1.8,1546.0,2609.9500000000003,26.0,Operational,39.0,0.0,0.0,0.0,0.0,0.0,0.0,0.0,0.0,0.0,0.0,0.0,0.0,0.0,0.0,0.0,5e-05
11:55:11.300,1,-1.3810336589813232,53.39791488647461,47.84,12.0,283.1256408691406,0.0,0.0,0.0,0.0,0.0,0.0,0.0,0.0,0.0,0.0,0.0,0.0,0.0,0.0,1.0,0.0,0.0,0.0,0.0,0.0,0.0,7.0,900.0,0.0,1.8,1546.0,2609.9500000000003,26.0,Operational,39.0,0.0,0.0,0.0,0.0,0.0,0.0,0.0,0.0,0.0,0.0,0.0,0.0,0.0,0.0,0.0,5e-05
11:55:11.400,1,-1.3810336589813232,53.39791488647461,47.84,12.0,283.1256408691406,0.0,0.0,0.0,0.0,0.0,0.0,0.0,0.0,0.0,0.0,0.0,0.0,0.0,0.0,1.0,0.0,0.0,0.0,0.0,0.0,0.0,7.0,900.0,0.0,1.8,1544.0,2609.9500000000003,26.0,Operational,39.0,0.0,0.0,0.0,0.0,0.0,0.0,0.0,0.0,0.0,0.0,0.0,0.0,0.0,0.0,0.0,5e-05
11:55:11.500,1,-1.3810336589813232,53.39791488647461,47.84,12.0,283.1256408691406,0.0,0.0,0.0,0.0,0.0,0.0,0.0,0.0,0.0,0.0,0.0,0.0,0.0,0.0,1.0,0.0,0.0,0.0,0.0,0.0,0.0,7.0,900.0,0.0,1.8,1544.0,2609.9500000000003,26.0,Operational,39.0,0.0,0.0,0.0,0.0,0.0,0.0,0.0,0.0,0.0,0.0,0.0,0.0,0.0,0.0,0.0,5e-05
11:55:11.600,1,-1.3810336589813232,53.39791488647461,47.84,12.0,283.1256408691406,0.0,0.0,0.0,0.0,0.0,0.0,0.0,0.0,0.0,0.0,0.0,0.0,0.0,0.0,1.0,0.0,0.0,0.0,0.0,0.0,0.0,7.0,899.0,0.0,1.8,1544.0,2609.9500000000003,26.0,Operational,39.0,0.0,0.0,0.0,0.0,0.0,0.0,0.0,0.0,0.0,0.0,0.0,0.0,0.0,0.0,0.0,5e-05
11:55:11.700,1,-1.3810336589813232,53.39791488647461,47.84,12.0,283.1256408691406,0.0,0.0,0.0,0.0,0.0,0.0,0.0,0.0,0.0,0.0,0.0,0.0,0.0,0.0,1.0,0.0,0.0,0.0,0.0,0.0,0.0,7.0,900.0,0.0,1.8,1546.0,2609.9500000000003,26.0,Operational,39.0,0.0,0.0,0.0,0.0,0.0,0.0,0.0,0.0,0.0,0.0,0.0,0.0,0.0,0.0,0.0,5e-05
11:55:11.800,1,-1.3810336589813232,53.39791488647461,47.84,12.0,283.1256408691406,0.0,0.0,0.0,0.0,0.0,0.0,0.0,0.0,0.0,0.0,0.0,0.0,0.0,0.0,1.0,0.0,0.0,0.0,0.0,0.0,0.0,7.0,900.0,0.0,1.8,1546.0,2609.9500000000003,26.0,Operational,39.0,0.0,0.0,0.0,0.0,0.0,0.0,0.0,0.0,0.0,0.0,0.0,0.0,0.0,0.0,0.0,5e-05
11:55:11.900,1,-1.3810328245162964,53.39791488647461,47.892,12.0,283.1256408691406,0.0,0.0,0.0,0.0,0.0,0.0,0.0,0.0,0.0,0.0,0.0,0.0,0.0,0.0,1.0,0.0,0.0,0.0,0.0,0.0,0.0,7.0,900.0,0.0,1.8,1546.0,2609.9500000000003,26.0,Operational,39.0,0.0,0.0,0.0,0.0,0.0,0.0,0.0,0.0,0.0,0.0,0.0,0.0,0.0,0.0,0.0,5e-05
11:55:12.000,1,-1.3810328245162964,53.39791488647461,47.892,12.0,283.1256408691406,0.0,0.0,0.0,0.0,0.0,0.0,0.0,0.0,0.0,0.0,0.0,0.0,0.0,0.0,1.0,0.0,0.0,0.0,0.0,0.0,0.0,7.0,900.0,0.0,1.8,1546.0,2609.9500000000003,26.0,Operational,39.0,0.0,0.0,0.0,0.0,0.0,0.0,0.0,0.0,0.0,0.0,0.0,0.0,0.0,0.0,0.0,5e-05
11:55:12.100,1,-1.3810328245162964,53.39791488647461,47.892,12.0,283.1256408691406,0.0,0.0,0.0,0.0,0.0,0.0,0.0,0.0,0.0,0.0,0.0,0.0,0.0,0.0,1.0,0.0,0.0,0.0,0.0,0.0,0.0,7.0,900.0,0.0,1.8,1546.0,2609.9500000000003,26.0,Operational,39.0,0.0,0.0,0.0,0.0,0.0,0.0,0.0,0.0,0.0,0.0,0.0,0.0,0.0,0.0,0.0,5e-05
11:55:12.200,1,-1.3810328245162964,53.39791488647461,47.892,12.0,283.1256408691406,0.0,0.0,0.0,0.0,0.0,0.0,0.0,0.0,0.0,0.0,0.0,0.0,0.0,0.0,1.0,0.0,0.0,0.0,0.0,0.0,0.0,7.0,900.0,0.0,1.8,1546.0,2609.9500000000003,26.0,Operational,39.0,0.0,0.0,0.0,0.0,0.0,0.0,0.0,0.0,0.0,0.0,0.0,0.0,0.0,0.0,0.0,5e-05
11:55:12.300,1,-1.3810328245162964,53.39791488647461,47.892,12.0,283.1256408691406,0.0,0.0,0.0,0.0,0.0,0.0,0.0,0.0,0.0,0.0,0.0,0.0,0.0,0.0,1.0,0.0,0.0,0.0,0.0,0.0,0.0,7.0,900.0,0.0,1.8,1546.0,2609.9500000000003,26.0,Operational,39.0,0.0,0.0,0.0,0.0,0.0,0.0,0.0,0.0,0.0,0.0,0.0,0.0,0.0,0.0,0.0,5e-05
11:55:12.400,1,-1.3810328245162964,53.39791488647461,47.892,12.0,283.1256408691406,0.0,0.0,0.0,0.0,0.0,0.0,0.0,0.0,0.0,0.0,0.0,0.0,0.0,0.0,1.0,0.0,0.0,0.0,0.0,0.0,0.0,7.0,900.0,0.0,1.8,1546.0,2609.9500000000003,26.0,Operational,39.0,0.0,0.0,0.0,0.0,0.0,0.0,0.0,0.0,0.0,0.0,0.0,0.0,0.0,0.0,0.0,5e-05
11:55:12.500,1,-1.3810328245162964,53.39791488647461,47.892,12.0,283.1256408691406,0.0,0.0,0.0,0.0,0.0,0.0,0.0,0.0,0.0,0.0,0.0,0.0,0.0,0.0,1.0,0.0,0.0,0.0,0.0,0.0,0.0,7.0,899.0,0.0,1.8,1544.0,2609.9500000000003,26.0,Operational,39.0,0.0,0.0,0.0,0.0,0.0,0.0,0.0,0.0,0.0,0.0,0.0,0.0,0.0,0.0,0.0,5e-05
11:55:12.600,1,-1.3810328245162964,53.39791488647461,47.892,12.0,283.1256408691406,0.0,0.0,0.0,0.0,0.0,0.0,0.0,0.0,0.0,0.0,0.0,0.0,0.0,0.0,1.0,0.0,0.0,0.0,0.0,0.0,0.0,7.0,899.0,0.0,1.8,1546.0,2609.9500000000003,26.0,Operational,39.0,0.0,0.0,0.0,0.0,0.0,0.0,0.0,0.0,0.0,0.0,0.0,0.0,0.0,0.0,0.0,5e-05
11:55:12.700,1,-1.3810328245162964,53.39791488647461,47.892,12.0,283.1256408691406,0.0,0.0,0.0,0.0,0.0,0.0,0.0,0.0,0.0,0.0,0.0,0.0,0.0,0.0,1.0,0.0,0.0,0.0,0.0,0.0,0.0,7.0,900.0,0.0,1.8,1546.0,2609.9500000000003,26.0,Operational,39.0,0.0,0.0,0.0,0.0,0.0,0.0,0.0,0.0,0.0,0.0,0.0,0.0,0.0,0.0,0.0,5e-05
11:55:12.800,1,-1.3810328245162964,53.39791488647461,47.892,12.0,283.1256408691406,0.0,0.0,0.0,0.0,0.0,0.0,0.0,0.0,0.0,0.0,0.0,0.0,0.0,0.0,1.0,0.0,0.0,0.0,0.0,0.0,0.0,7.0,900.0,0.0,1.8,1546.0,2609.9500000000003,26.0,Operational,39.0,0.0,0.0,0.0,0.0,0.0,0.0,0.0,0.0,0.0,0.0,0.0,0.0,0.0,0.0,0.0,5e-05
11:55:12.900,1,-1.381030797958374,53.39791488647461,47.983,12.0,283.1256408691406,0.0,0.0,0.0,0.0,0.0,0.0,0.0,0.0,0.0,0.0,0.0,0.0,0.0,0.0,1.0,0.0,0.0,0.0,0.0,0.0,0.0,7.0,900.0,0.0,1.8,1546.0,2609.9500000000003,26.0,Operational,39.0,0.0,0.0,0.0,0.0,0.0,0.0,0.0,0.0,0.0,0.0,0.0,0.0,0.0,0.0,0.0,5e-05
11:55:13.000,1,-1.381030797958374,53.39791488647461,47.983,12.0,283.1256408691406,0.0,0.0,0.0,0.0,0.0,0.0,0.0,0.0,0.0,0.0,0.0,0.0,0.0,0.0,1.0,0.0,0.0,0.0,0.0,0.0,0.0,7.0,900.0,0.0,1.8,1546.0,2609.9500000000003,26.0,Operational,39.0,0.0,0.0,0.0,0.0,0.0,0.0,0.0,0.0,0.0,0.0,0.0,0.0,0.0,0.0,0.0,5e-05
11:55:13.100,1,-1.381030797958374,53.39791488647461,47.983,12.0,283.1256408691406,0.0,0.0,0.0,0.0,0.0,0.0,0.0,0.0,0.0,0.0,0.0,0.0,0.0,0.0,1.0,0.0,0.0,0.0,0.0,0.0,0.0,7.0,900.0,0.0,1.8,1546.0,2609.9500000000003,26.0,Operational,39.0,0.0,0.0,0.0,0.0,0.0,0.0,0.0,0.0,0.0,0.0,0.0,0.0,0.0,0.0,0.0,5e-05
11:55:13.200,1,-1.381030797958374,53.39791488647461,47.983,12.0,283.1256408691406,0.0,0.0,0.0,0.0,0.0,0.0,0.0,0.0,0.0,0.0,0.0,0.0,0.0,0.0,1.0,0.0,0.0,0.0,0.0,0.0,0.0,7.0,900.0,0.0,1.8,1546.0,2609.9500000000003,26.0,Operational,39.0,0.0,0.0,0.0,0.0,0.0,0.0,0.0,0.0,0.0,0.0,0.0,0.0,0.0,0.0,0.0,5e-05
11:55:13.300,1,-1.381030797958374,53.39791488647461,47.983,12.0,283.1256408691406,0.0,0.0,0.0,0.0,0.0,0.0,0.0,0.0,0.0,0.0,0.0,0.0,0.0,0.0,1.0,0.0,0.0,0.0,0.0,0.0,0.0,7.0,900.0,0.0,1.8,1546.0,2609.9500000000003,26.0,Operational,39.0,0.0,0.0,0.0,0.0,0.0,0.0,0.0,0.0,0.0,0.0,0.0,0.0,0.0,0.0,0.0,5e-05
11:55:13.400,1,-1.381030797958374,53.39791488647461,47.983,12.0,283.1256408691406,0.0,0.0,0.0,0.0,0.0,0.0,0.0,0.0,0.0,0.0,0.0,0.0,0.0,0.0,1.0,0.0,0.0,0.0,0.0,0.0,0.0,7.0,899.0,0.0,1.8,1544.0,2609.9500000000003,26.0,Operational,39.0,0.0,0.0,0.0,0.0,0.0,0.0,0.0,0.0,0.0,0.0,0.0,0.0,0.0,0.0,0.0,5e-05
11:55:13.500,1,-1.381030797958374,53.39791488647461,47.983,12.0,283.1256408691406,0.0,0.0,0.0,0.0,0.0,0.0,0.0,0.0,0.0,0.0,0.0,0.0,0.0,0.0,1.0,0.0,0.0,0.0,0.0,0.0,0.0,7.0,900.0,0.0,1.8,1544.0,2609.9500000000003,26.0,Operational,39.0,0.0,0.0,0.0,0.0,0.0,0.0,0.0,0.0,0.0,0.0,0.0,0.0,0.0,0.0,0.0,5e-05
11:55:13.600,1,-1.381030797958374,53.39791488647461,47.983,12.0,283.1256408691406,0.0,0.0,0.0,0.0,0.0,0.0,0.0,0.0,0.0,0.0,0.0,0.0,0.0,0.0,1.0,0.0,0.0,0.0,0.0,0.0,0.0,7.0,900.0,0.0,1.8,1546.0,2609.9500000000003,26.0,Operational,39.0,0.0,0.0,0.0,0.0,0.0,0.0,0.0,0.0,0.0,0.0,0.0,0.0,0.0,0.0,0.0,5e-05
11:55:13.700,1,-1.381030797958374,53.39791488647461,47.983,12.0,283.1256408691406,0.0,0.0,0.0,0.0,0.0,0.0,0.0,0.0,0.0,0.0,0.0,0.0,0.0,0.0,1.0,0.0,0.0,0.0,0.0,0.0,0.0,7.0,899.0,0.0,1.8,1544.0,2609.9500000000003,26.0,Operational,39.0,0.0,0.0,0.0,0.0,0.0,0.0,0.0,0.0,0.0,0.0,0.0,0.0,0.0,0.0,0.0,5e-05
11:55:13.800,1,-1.381030797958374,53.39791488647461,47.983,12.0,283.1256408691406,0.0,0.0,0.0,0.0,0.0,0.0,0.0,0.0,0.0,0.0,0.0,0.0,0.0,0.0,1.0,0.0,0.0,0.0,0.0,0.0,0.0,7.0,900.0,0.0,1.8,1544.0,2609.9500000000003,26.0,Operational,39.0,0.0,0.0,0.0,0.0,0.0,0.0,0.0,0.0,0.0,0.0,0.0,0.0,0.0,0.0,0.0,5e-05
11:55:13.900,1,-1.381029486656189,53.39791488647461,48.035,12.0,283.1256408691406,0.0,0.0,0.0,0.0,0.0,0.0,0.0,0.0,0.0,0.0,0.0,0.0,0.0,0.0,1.0,0.0,0.0,0.0,0.0,0.0,0.0,7.0,899.0,0.0,1.8,1544.0,2609.9500000000003,26.0,Operational,39.0,0.0,0.0,0.0,0.0,0.0,0.0,0.0,0.0,0.0,0.0,0.0,0.0,0.0,0.0,0.0,5e-05
11:55:14.000,1,-1.381029486656189,53.39791488647461,48.035,12.0,283.1256408691406,0.0,0.0,0.0,0.0,0.0,0.0,0.0,0.0,0.0,0.0,0.0,0.0,0.0,0.0,1.0,0.0,0.0,0.0,0.0,0.0,0.0,7.0,899.0,0.0,1.8,1544.0,2609.9500000000003,26.0,Operational,39.0,0.0,0.0,0.0,0.0,0.0,0.0,0.0,0.0,0.0,0.0,0.0,0.0,0.0,0.0,0.0,5e-05
11:55:14.100,1,-1.381029486656189,53.39791488647461,48.035,12.0,283.1256408691406,0.0,0.0,0.0,0.0,0.0,0.0,0.0,0.0,0.0,0.0,0.0,0.0,0.0,0.0,1.0,0.0,0.0,0.0,0.0,0.0,0.0,7.0,899.0,0.0,1.8,1544.0,2609.9500000000003,26.0,Operational,39.0,0.0,0.0,0.0,0.0,0.0,0.0,0.0,0.0,0.0,0.0,0.0,0.0,0.0,0.0,0.0,5e-05
11:55:14.200,1,-1.381029486656189,53.39791488647461,48.035,12.0,283.1256408691406,0.0,0.0,0.0,0.0,0.0,0.0,0.0,0.0,0.0,0.0,0.0,0.0,0.0,0.0,1.0,0.0,0.0,0.0,0.0,0.0,0.0,7.0,899.0,0.0,1.8,1544.0,2609.9500000000003,26.0,Operational,39.0,0.0,0.0,0.0,0.0,0.0,0.0,0.0,0.0,0.0,0.0,0.0,0.0,0.0,0.0,0.0,5e-05
11:55:14.300,1,-1.381029486656189,53.39791488647461,48.035,12.0,283.1256408691406,0.0,0.0,0.0,0.0,0.0,0.0,0.0,0.0,0.0,0.0,0.0,0.0,0.0,0.0,1.0,0.0,0.0,0.0,0.0,0.0,0.0,7.0,899.0,0.0,1.8,1544.0,2609.9500000000003,26.0,Operational,39.0,0.0,0.0,0.0,0.0,0.0,0.0,0.0,0.0,0.0,0.0,0.0,0.0,0.0,0.0,0.0,5e-05
11:55:14.400,1,-1.381029486656189,53.39791488647461,48.035,12.0,283.1256408691406,0.0,0.0,0.0,0.0,0.0,0.0,0.0,0.0,0.0,0.0,0.0,0.0,0.0,0.0,1.0,0.0,0.0,0.0,0.0,0.0,0.0,7.0,899.0,0.0,1.8,1544.0,2609.9500000000003,26.0,Operational,39.0,0.0,0.0,0.0,0.0,0.0,0.0,0.0,0.0,0.0,0.0,0.0,0.0,0.0,0.0,0.0,5e-05
11:55:14.500,1,-1.381029486656189,53.39791488647461,48.035,12.0,283.1256408691406,0.0,0.0,0.0,0.0,0.0,0.0,0.0,0.0,0.0,0.0,0.0,0.0,0.0,0.0,1.0,0.0,0.0,0.0,0.0,0.0,0.0,7.0,899.0,0.0,1.8,1544.0,2609.9500000000003,26.0,Operational,39.0,0.0,0.0,0.0,0.0,0.0,0.0,0.0,0.0,0.0,0.0,0.0,0.0,0.0,0.0,0.0,5e-05
11:55:14.600,1,-1.381029486656189,53.39791488647461,48.035,12.0,283.1256408691406,0.0,0.0,0.0,0.0,0.0,0.0,0.0,0.0,0.0,0.0,0.0,0.0,0.0,0.0,1.0,0.0,0.0,0.0,0.0,0.0,0.0,7.0,899.0,0.0,1.8,1544.0,2609.9500000000003,26.0,Operational,39.0,0.0,0.0,0.0,0.0,0.0,0.0,0.0,0.0,0.0,0.0,0.0,0.0,0.0,0.0,0.0,5e-05
11:55:14.700,1,-1.381029486656189,53.39791488647461,48.035,12.0,283.1256408691406,0.0,0.0,0.0,0.0,0.0,0.0,0.0,0.0,0.0,0.0,0.0,0.0,0.0,0.0,1.0,0.0,0.0,0.0,0.0,0.0,0.0,7.0,899.0,0.0,1.8,1544.0,2609.9500000000003,26.0,Operational,39.0,0.0,0.0,0.0,0.0,0.0,0.0,0.0,0.0,0.0,0.0,0.0,0.0,0.0,0.0,0.0,5e-05
11:55:14.800,1,-1.381029486656189,53.39791488647461,48.035,12.0,283.1256408691406,0.0,0.0,0.0,0.0,0.0,0.0,0.0,0.0,0.0,0.0,0.0,0.0,0.0,0.0,1.0,0.0,0.0,0.0,0.0,0.0,0.0,7.0,899.0,0.0,1.8,1544.0,2609.9500000000003,26.0,Operational,39.0,0.0,0.0,0.0,0.0,0.0,0.0,0.0,0.0,0.0,0.0,0.0,0.0,0.0,0.0,0.0,5e-05
11:55:14.900,1,-1.3810280561447144,53.39791870117188,48.144,12.0,283.1256408691406,0.0,0.0,0.0,0.0,0.0,0.0,0.0,0.0,0.0,0.0,0.0,0.0,0.0,0.0,1.0,0.0,0.0,0.0,0.0,0.0,0.0,7.0,899.0,0.0,1.8,1544.0,2609.9500000000003,26.0,Operational,39.0,0.0,0.0,0.0,0.0,0.0,0.0,0.0,0.0,0.0,0.0,0.0,0.0,0.0,0.0,0.0,5e-05
11:55:15.000,1,-1.3810280561447144,53.39791870117188,48.144,12.0,283.1256408691406,0.0,0.0,0.0,0.0,0.0,0.0,0.0,0.0,0.0,0.0,0.0,0.0,0.0,0.0,1.0,0.0,0.0,0.0,0.0,0.0,0.0,7.0,899.0,0.0,1.8,1544.0,2609.9500000000003,26.0,Operational,39.0,0.0,0.0,0.0,0.0,0.0,0.0,0.0,0.0,0.0,0.0,0.0,0.0,0.0,0.0,0.0,5e-05
11:55:15.100,1,-1.3810280561447144,53.39791870117188,48.144,12.0,283.1256408691406,0.0,0.0,0.0,0.0,0.0,0.0,0.0,0.0,0.0,0.0,0.0,0.0,0.0,0.0,1.0,0.0,0.0,0.0,0.0,0.0,0.0,7.0,899.0,0.0,1.8,1544.0,2609.9500000000003,26.0,Operational,39.0,0.0,0.0,0.0,0.0,0.0,0.0,0.0,0.0,0.0,0.0,0.0,0.0,0.0,0.0,0.0,5e-05
11:55:15.200,1,-1.3810280561447144,53.39791870117188,48.144,12.0,283.1256408691406,0.0,0.0,0.0,0.0,0.0,0.0,0.0,0.0,0.0,0.0,0.0,0.0,0.0,0.0,1.0,0.0,0.0,0.0,0.0,0.0,0.0,7.0,899.0,0.0,1.8,1544.0,2609.9500000000003,26.0,Operational,39.0,0.0,0.0,0.0,0.0,0.0,0.0,0.0,0.0,0.0,0.0,0.0,0.0,0.0,0.0,0.0,5e-05
11:55:15.300,1,-1.3810280561447144,53.39791870117188,48.144,12.0,283.1256408691406,0.0,0.0,0.0,0.0,0.0,0.0,0.0,0.0,0.0,0.0,0.0,0.0,0.0,0.0,1.0,0.0,0.0,0.0,0.0,0.0,0.0,7.0,899.0,0.0,1.8,1544.0,2609.9500000000003,26.0,Operational,39.0,0.0,0.0,0.0,0.0,0.0,0.0,0.0,0.0,0.0,0.0,0.0,0.0,0.0,0.0,0.0,5e-05
11:55:15.400,1,-1.3810280561447144,53.39791870117188,48.144,12.0,283.1256408691406,0.0,0.0,0.0,0.0,0.0,0.0,0.0,0.0,0.0,0.0,0.0,0.0,0.0,0.0,1.0,0.0,0.0,0.0,0.0,0.0,0.0,7.0,899.0,0.0,1.8,1544.0,2609.9500000000003,26.0,Operational,39.0,0.0,0.0,0.0,0.0,0.0,0.0,0.0,0.0,0.0,0.0,0.0,0.0,0.0,0.0,0.0,5e-05
11:55:15.500,1,-1.3810280561447144,53.39791870117188,48.144,12.0,283.1256408691406,0.0,0.0,0.0,0.0,0.0,0.0,0.0,0.0,0.0,0.0,0.0,0.0,0.0,0.0,1.0,0.0,0.0,0.0,0.0,0.0,0.0,7.0,899.0,0.0,1.8,1544.0,2609.9500000000003,26.0,Operational,39.0,0.0,0.0,0.0,0.0,0.0,0.0,0.0,0.0,0.0,0.0,0.0,0.0,0.0,0.0,0.0,5e-05
11:55:15.600,1,-1.3810280561447144,53.39791870117188,48.144,12.0,283.1256408691406,0.0,0.0,0.0,0.0,0.0,0.0,0.0,0.0,0.0,0.0,0.0,0.0,0.0,0.0,0.0,0.0,0.0,0.0,0.0,0.0,0.0,7.0,900.0,0.0,1.8,0.0,2609.9500000000003,26.0,Operational,39.0,0.0,0.0,0.0,0.0,0.0,0.0,0.0,0.0,0.0,0.0,0.0,0.0,0.0,0.0,0.0,5e-05
11:55:15.700,1,-1.3810280561447144,53.39791870117188,48.144,12.0,283.1256408691406,0.0,0.0,0.0,0.0,0.0,0.0,0.0,0.0,0.0,0.0,0.0,0.0,0.0,0.0,0.0,0.0,0.0,0.0,0.0,0.0,0.0,7.0,900.0,0.0,1.8,0.0,2609.9500000000003,26.0,Operational,39.0,0.0,0.0,0.0,0.0,0.0,0.0,0.0,0.0,0.0,0.0,0.0,0.0,0.0,0.0,0.0,5e-05
11:55:15.800,1,-1.3810280561447144,53.39791870117188,48.144,12.0,283.1256408691406,0.0,0.0,0.0,0.0,0.0,0.0,0.0,0.0,0.0,0.0,0.0,0.0,0.0,0.0,0.0,0.0,0.0,0.0,0.0,0.0,0.0,7.0,900.0,0.0,1.8,0.0,2609.9500000000003,26.0,Operational,39.0,0.0,0.0,0.0,0.0,0.0,0.0,0.0,0.0,0.0,0.0,0.0,0.0,0.0,0.0,0.0,5e-05
11:55:15.900,1,-1.3810279369354248,53.39791488647461,48.033,12.0,283.1256408691406,0.0,0.0,0.0,0.0,0.0,0.0,0.0,0.0,0.0,0.0,0.0,0.0,0.0,0.0,0.0,0.0,0.0,0.0,0.0,0.0,0.0,7.0,899.0,0.0,1.8,0.0,2609.9500000000003,26.0,Operational,39.0,0.0,0.0,0.0,0.0,0.0,0.0,0.0,0.0,0.0,0.0,0.0,0.0,0.0,0.0,0.0,5e-05
11:55:16.000,1,-1.3810279369354248,53.39791488647461,48.033,12.0,283.1256408691406,0.0,0.0,0.0,0.0,0.0,0.0,0.0,0.0,0.0,0.0,0.0,0.0,0.0,0.0,0.0,0.0,0.0,0.0,0.0,0.0,0.0,7.0,896.0,0.0,1.8,0.0,2609.9500000000003,26.0,Operational,39.0,0.0,0.0,0.0,0.0,0.0,0.0,0.0,0.0,0.0,0.0,0.0,0.0,0.0,0.0,0.0,5e-05
11:55:16.100,1,-1.3810279369354248,53.39791488647461,48.033,12.0,283.1256408691406,0.0,0.0,0.0,0.0,0.0,0.0,0.0,0.0,0.0,0.0,0.0,0.0,0.0,0.0,0.0,0.0,0.0,0.0,0.0,0.0,0.0,7.0,858.0,0.0,1.15,0.0,2609.9500000000003,26.0,Operational,39.0,0.0,0.0,0.0,0.0,0.0,0.0,0.0,0.0,0.0,0.0,0.0,0.0,0.0,0.0,0.0,3.194444444444444e-05
11:55:16.200,1,-1.3810279369354248,53.39791488647461,48.033,12.0,283.1256408691406,0.0,0.0,0.0,0.0,0.0,0.0,0.0,0.0,0.0,0.0,0.0,0.0,0.0,0.0,0.0,0.0,0.0,0.0,0.0,0.0,0.0,7.0,824.0,0.0,0.0,0.0,2609.9500000000003,26.0,Operational,39.0,0.0,0.0,0.0,0.0,0.0,0.0,0.0,0.0,0.0,0.0,0.0,0.0,0.0,0.0,0.0,0.0
11:55:16.300,1,-1.3810279369354248,53.39791488647461,48.033,12.0,283.1256408691406,0.0,0.0,0.0,0.0,0.0,0.0,0.0,0.0,0.0,0.0,0.0,0.0,0.0,0.0,0.0,0.0,0.0,0.0,0.0,0.0,0.0,7.0,818.0,0.0,0.0,0.0,2609.9500000000003,26.0,Operational,39.0,0.0,0.0,0.0,0.0,0.0,0.0,0.0,0.0,0.0,0.0,0.0,0.0,0.0,0.0,0.0,0.0
11:55:16.400,1,-1.3810279369354248,53.39791488647461,48.033,12.0,283.1256408691406,0.0,0.0,0.0,0.0,0.0,0.0,0.0,0.0,0.0,0.0,0.0,0.0,0.0,0.0,0.0,0.0,0.0,0.0,0.0,0.0,0.0,7.0,812.0,0.0,0.0,0.0,2609.9500000000003,26.0,Operational,39.0,0.0,0.0,0.0,0.0,0.0,0.0,0.0,0.0,0.0,0.0,0.0,0.0,0.0,0.0,0.0,0.0
11:55:16.500,1,-1.3810279369354248,53.39791488647461,48.033,12.0,283.1256408691406,0.0,0.0,0.0,0.0,0.0,0.0,0.0,0.0,0.0,0.0,0.0,0.0,0.0,0.0,0.0,0.0,0.0,0.0,0.0,0.0,0.0,7.0,803.0,0.0,0.0,0.0,2609.9500000000003,26.0,Operational,39.0,0.0,0.0,0.0,0.0,0.0,0.0,0.0,0.0,0.0,0.0,0.0,0.0,0.0,0.0,0.0,0.0
11:55:16.600,1,-1.3810279369354248,53.39791488647461,48.033,12.0,283.1256408691406,0.0,0.0,0.0,0.0,0.0,0.0,0.0,0.0,0.0,0.0,0.0,0.0,0.0,0.0,0.0,0.0,0.0,0.0,0.0,0.0,0.0,7.0,795.0,0.0,0.0,0.0,2609.9500000000003,26.0,Operational,39.0,0.0,0.0,0.0,0.0,0.0,0.0,0.0,0.0,0.0,0.0,0.0,0.0,0.0,0.0,0.0,0.0
11:55:16.700,1,-1.3810279369354248,53.39791488647461,48.033,12.0,283.1256408691406,0.0,0.0,0.0,0.0,0.0,0.0,0.0,0.0,0.0,0.0,0.0,0.0,0.0,0.0,0.0,0.0,0.0,0.0,0.0,0.0,0.0,7.0,790.0,0.0,0.0,0.0,2609.9500000000003,26.0,Operational,39.0,0.0,0.0,0.0,0.0,0.0,0.0,0.0,0.0,0.0,0.0,0.0,0.0,0.0,0.0,0.0,0.0
11:55:16.800,1,-1.3810279369354248,53.39791488647461,48.033,12.0,283.1256408691406,0.0,0.0,0.0,0.0,0.0,0.0,0.0,0.0,0.0,0.0,0.0,0.0,0.0,0.0,0.0,0.0,0.0,0.0,0.0,0.0,0.0,7.0,781.0,0.0,0.0,0.0,2609.9500000000003,26.0,Operational,39.0,0.0,0.0,0.0,0.0,0.0,0.0,0.0,0.0,0.0,0.0,0.0,0.0,0.0,0.0,0.0,0.0
11:55:16.900,1,-1.3810267448425293,53.39791488647461,48.089,12.0,283.1256408691406,0.0,0.0,0.0,0.0,0.0,0.0,0.0,0.0,0.0,0.0,0.0,0.0,0.0,0.0,0.0,0.0,0.0,0.0,0.0,0.0,0.0,7.0,774.0,0.0,0.0,0.0,2609.9500000000003,26.0,Operational,39.0,0.0,0.0,0.0,0.0,0.0,0.0,0.0,0.0,0.0,0.0,0.0,0.0,0.0,0.0,0.0,0.0
11:55:17.000,1,-1.3810267448425293,53.39791488647461,48.089,12.0,283.1256408691406,0.0,0.0,0.0,0.0,0.0,0.0,0.0,0.0,0.0,0.0,0.0,0.0,0.0,0.0,0.0,0.0,0.0,0.0,0.0,0.0,0.0,7.0,769.0,0.0,0.0,0.0,2609.9500000000003,26.0,Operational,39.0,0.0,0.0,0.0,0.0,0.0,0.0,0.0,0.0,0.0,0.0,0.0,0.0,0.0,0.0,0.0,0.0
11:55:17.100,1,-1.3810267448425293,53.39791488647461,48.089,12.0,283.1256408691406,0.0,0.0,0.0,0.0,0.0,0.0,0.0,0.0,0.0,0.0,0.0,0.0,0.0,0.0,0.0,0.0,0.0,0.0,0.0,0.0,0.0,7.0,760.0,0.0,0.0,0.0,2609.9500000000003,26.0,Operational,39.0,0.0,0.0,0.0,0.0,0.0,0.0,0.0,0.0,0.0,0.0,0.0,0.0,0.0,0.0,0.0,0.0
11:55:17.200,1,-1.3810267448425293,53.39791488647461,48.089,12.0,283.1256408691406,0.0,0.0,0.0,0.0,0.0,0.0,0.0,0.0,0.0,0.0,0.0,0.0,0.0,0.0,0.0,0.0,0.0,0.0,0.0,0.0,0.0,7.0,749.0,0.0,0.0,0.0,2609.9500000000003,26.0,Operational,39.0,0.0,0.0,0.0,0.0,0.0,0.0,0.0,0.0,0.0,0.0,0.0,0.0,0.0,0.0,0.0,0.0
11:55:17.300,1,-1.3810267448425293,53.39791488647461,48.089,12.0,283.1256408691406,0.0,0.0,0.0,0.0,0.0,0.0,0.0,0.0,0.0,0.0,0.0,0.0,0.0,0.0,0.0,0.0,0.0,0.0,0.0,0.0,0.0,7.0,745.0,0.0,0.0,0.0,2609.9500000000003,26.0,Operational,39.0,0.0,0.0,0.0,0.0,0.0,0.0,0.0,0.0,0.0,0.0,0.0,0.0,0.0,0.0,0.0,0.0
11:55:17.400,1,-1.3810267448425293,53.39791488647461,48.089,12.0,283.1256408691406,0.0,0.0,0.0,0.0,0.0,0.0,0.0,0.0,0.0,0.0,0.0,0.0,0.0,0.0,0.0,0.0,0.0,0.0,0.0,0.0,0.0,7.0,734.0,0.0,0.0,0.0,2609.9500000000003,26.0,Operational,39.0,0.0,0.0,0.0,0.0,0.0,0.0,0.0,0.0,0.0,0.0,0.0,0.0,0.0,0.0,0.0,0.0
11:55:17.500,1,-1.3810267448425293,53.39791488647461,48.089,12.0,283.1256408691406,0.0,0.0,0.0,0.0,0.0,0.0,0.0,0.0,0.0,0.0,0.0,0.0,0.0,0.0,0.0,0.0,0.0,0.0,0.0,0.0,0.0,7.0,731.0,0.0,0.0,0.0,2609.9500000000003,26.0,Operational,39.0,0.0,0.0,0.0,0.0,0.0,0.0,0.0,0.0,0.0,0.0,0.0,0.0,0.0,0.0,0.0,0.0
11:55:17.600,1,-1.3810267448425293,53.39791488647461,48.089,12.0,283.1256408691406,0.0,0.0,0.0,0.0,0.0,0.0,0.0,0.0,0.0,0.0,0.0,0.0,0.0,0.0,0.0,0.0,0.0,0.0,0.0,0.0,0.0,7.0,721.0,0.0,0.0,0.0,2609.9500000000003,26.0,Operational,39.0,0.0,0.0,0.0,0.0,0.0,0.0,0.0,0.0,0.0,0.0,0.0,0.0,0.0,0.0,0.0,0.0
11:55:17.700,1,-1.3810267448425293,53.39791488647461,48.089,12.0,283.1256408691406,0.0,0.0,0.0,0.0,0.0,0.0,0.0,0.0,0.0,0.0,0.0,0.0,0.0,0.0,0.0,0.0,0.0,0.0,0.0,0.0,0.0,7.0,716.0,0.0,0.0,0.0,2609.9500000000003,26.0,Operational,39.0,0.0,0.0,0.0,0.0,0.0,0.0,0.0,0.0,0.0,0.0,0.0,0.0,0.0,0.0,0.0,0.0
11:55:17.800,1,-1.3810267448425293,53.39791488647461,48.089,12.0,283.1256408691406,0.0,0.0,0.0,0.0,0.0,0.0,0.0,0.0,0.0,0.0,0.0,0.0,0.0,0.0,0.0,0.0,0.0,0.0,0.0,0.0,0.0,7.0,707.0,0.0,0.0,0.0,2609.9500000000003,26.0,Operational,39.0,0.0,0.0,0.0,0.0,0.0,0.0,0.0,0.0,0.0,0.0,0.0,0.0,0.0,0.0,0.0,0.0
11:55:17.900,1,-1.3810263872146606,53.39791488647461,48.158,12.0,283.1256408691406,0.0,0.0,0.0,0.0,0.0,0.0,0.0,0.0,0.0,0.0,0.0,0.0,0.0,0.0,0.0,0.0,0.0,0.0,0.0,0.0,0.0,7.0,704.0,0.0,0.0,0.0,2609.9500000000003,26.0,Operational,39.0,0.0,0.0,0.0,0.0,0.0,0.0,0.0,0.0,0.0,0.0,0.0,0.0,0.0,0.0,0.0,0.0
11:55:18.000,1,-1.3810263872146606,53.39791488647461,48.158,12.0,283.1256408691406,0.0,0.0,0.0,0.0,0.0,0.0,0.0,0.0,0.0,0.0,0.0,0.0,0.0,0.0,0.0,0.0,0.0,0.0,0.0,0.0,0.0,7.0,689.0,0.0,0.0,0.0,2609.9500000000003,26.0,Operational,39.0,0.0,0.0,0.0,0.0,0.0,0.0,0.0,0.0,0.0,0.0,0.0,0.0,0.0,0.0,0.0,0.0
11:55:18.100,1,-1.3810263872146606,53.39791488647461,48.158,12.0,283.1256408691406,0.0,0.0,0.0,0.0,0.0,0.0,0.0,0.0,0.0,0.0,0.0,0.0,0.0,0.0,0.0,0.0,0.0,0.0,0.0,0.0,0.0,7.0,683.0,0.0,0.0,0.0,2609.9500000000003,26.0,Operational,39.0,0.0,0.0,0.0,0.0,0.0,0.0,0.0,0.0,0.0,0.0,0.0,0.0,0.0,0.0,0.0,0.0
11:55:18.200,1,-1.3810263872146606,53.39791488647461,48.158,12.0,283.1256408691406,0.0,0.0,0.0,0.0,0.0,0.0,0.0,0.0,0.0,0.0,0.0,0.0,0.0,0.0,0.0,0.0,0.0,0.0,0.0,0.0,0.0,7.0,677.0,0.0,0.0,0.0,2609.9500000000003,26.0,Operational,39.0,0.0,0.0,0.0,0.0,0.0,0.0,0.0,0.0,0.0,0.0,0.0,0.0,0.0,0.0,0.0,0.0
11:55:18.300,1,-1.3810263872146606,53.39791488647461,48.158,12.0,283.1256408691406,0.0,0.0,0.0,0.0,0.0,0.0,0.0,0.0,0.0,0.0,0.0,0.0,0.0,0.0,0.0,0.0,0.0,0.0,0.0,0.0,0.0,7.0,672.0,0.0,0.0,0.0,2609.9500000000003,26.0,Operational,39.0,0.0,0.0,0.0,0.0,0.0,0.0,0.0,0.0,0.0,0.0,0.0,0.0,0.0,0.0,0.0,0.0
11:55:18.400,1,-1.3810263872146606,53.39791488647461,48.158,12.0,283.1256408691406,0.0,0.0,0.0,0.0,0.0,0.0,0.0,0.0,0.0,0.0,0.0,0.0,0.0,0.0,0.0,0.0,0.0,0.0,0.0,0.0,0.0,7.0,664.0,0.0,0.0,0.0,2609.9500000000003,26.0,Operational,39.0,0.0,0.0,0.0,0.0,0.0,0.0,0.0,0.0,0.0,0.0,0.0,0.0,0.0,0.0,0.0,0.0
11:55:18.500,1,-1.3810263872146606,53.39791488647461,48.158,12.0,283.1256408691406,0.0,0.0,0.0,0.0,0.0,0.0,0.0,0.0,0.0,0.0,0.0,0.0,0.0,0.0,0.0,0.0,0.0,0.0,0.0,0.0,0.0,7.0,661.0,0.0,0.0,0.0,2609.9500000000003,26.0,Operational,39.0,0.0,0.0,0.0,0.0,0.0,0.0,0.0,0.0,0.0,0.0,0.0,0.0,0.0,0.0,0.0,0.0
11:55:18.600,1,-1.3810263872146606,53.39791488647461,48.158,12.0,283.1256408691406,0.0,0.0,0.0,0.0,0.0,0.0,0.0,0.0,0.0,0.0,0.0,0.0,0.0,0.0,0.0,0.0,0.0,0.0,0.0,0.0,0.0,7.0,655.0,0.0,0.0,0.0,2609.9500000000003,26.0,Operational,39.0,0.0,0.0,0.0,0.0,0.0,0.0,0.0,0.0,0.0,0.0,0.0,0.0,0.0,0.0,0.0,0.0
11:55:18.700,1,-1.3810263872146606,53.39791488647461,48.158,12.0,283.1256408691406,0.0,0.0,0.0,0.0,0.0,0.0,0.0,0.0,0.0,0.0,0.0,0.0,0.0,0.0,0.0,0.0,0.0,0.0,0.0,0.0,0.0,7.0,646.0,0.0,0.0,0.0,2609.9500000000003,26.0,Operational,39.0,0.0,0.0,0.0,0.0,0.0,0.0,0.0,0.0,0.0,0.0,0.0,0.0,0.0,0.0,0.0,0.0
11:55:18.800,1,-1.3810263872146606,53.39791488647461,48.158,12.0,283.1256408691406,0.0,0.0,0.0,0.0,0.0,0.0,0.0,0.0,0.0,0.0,0.0,0.0,0.0,0.0,0.0,0.0,0.0,0.0,0.0,0.0,0.0,7.0,640.0,0.0,0.0,0.0,2609.9500000000003,26.0,Operational,39.0,0.0,0.0,0.0,0.0,0.0,0.0,0.0,0.0,0.0,0.0,0.0,0.0,0.0,0.0,0.0,0.0
11:55:18.900,1,-1.3810269832611084,53.39791488647461,48.151,12.0,283.1256408691406,0.0,0.0,0.0,0.0,0.0,0.0,0.0,0.0,0.0,0.0,0.0,0.0,0.0,0.0,0.0,0.0,0.0,0.0,0.0,0.0,0.0,7.0,633.0,0.0,0.0,0.0,2609.9500000000003,26.0,Operational,39.0,0.0,0.0,0.0,0.0,0.0,0.0,0.0,0.0,0.0,0.0,0.0,0.0,0.0,0.0,0.0,0.0
11:55:19.000,1,-1.3810269832611084,53.39791488647461,48.151,12.0,283.1256408691406,0.0,0.0,0.0,0.0,0.0,0.0,0.0,0.0,0.0,0.0,0.0,0.0,0.0,0.0,0.0,0.0,0.0,0.0,0.0,0.0,0.0,7.0,624.0,0.0,0.0,0.0,2609.9500000000003,26.0,Operational,39.0,0.0,0.0,0.0,0.0,0.0,0.0,0.0,0.0,0.0,0.0,0.0,0.0,0.0,0.0,0.0,0.0
11:55:19.100,1,-1.3810269832611084,53.39791488647461,48.151,12.0,283.1256408691406,0.0,0.0,0.0,0.0,0.0,0.0,0.0,0.0,0.0,0.0,0.0,0.0,0.0,0.0,0.0,0.0,0.0,0.0,0.0,0.0,0.0,7.0,618.0,0.0,0.0,0.0,2609.9500000000003,26.0,Operational,39.0,0.0,0.0,0.0,0.0,0.0,0.0,0.0,0.0,0.0,0.0,0.0,0.0,0.0,0.0,0.0,0.0
11:55:19.200,1,-1.3810269832611084,53.39791488647461,48.151,12.0,283.1256408691406,0.0,0.0,0.0,0.0,0.0,0.0,0.0,0.0,0.0,0.0,0.0,0.0,0.0,0.0,0.0,0.0,0.0,0.0,0.0,0.0,0.0,7.0,615.0,0.0,0.0,0.0,2609.9500000000003,26.0,Operational,39.0,0.0,0.0,0.0,0.0,0.0,0.0,0.0,0.0,0.0,0.0,0.0,0.0,0.0,0.0,0.0,0.0
11:55:19.300,1,-1.3810269832611084,53.39791488647461,48.151,12.0,283.1256408691406,0.0,0.0,0.0,0.0,0.0,0.0,0.0,0.0,0.0,0.0,0.0,0.0,0.0,0.0,0.0,0.0,0.0,0.0,0.0,0.0,0.0,7.0,605.0,0.0,0.0,0.0,2609.9500000000003,26.0,Operational,39.0,0.0,0.0,0.0,0.0,0.0,0.0,0.0,0.0,0.0,0.0,0.0,0.0,0.0,0.0,0.0,0.0
11:55:19.400,1,-1.3810269832611084,53.39791488647461,48.151,12.0,283.1256408691406,0.0,0.0,0.0,0.0,0.0,0.0,0.0,0.0,0.0,0.0,0.0,0.0,0.0,0.0,0.0,0.0,0.0,0.0,0.0,0.0,0.0,7.0,602.0,0.0,0.0,0.0,2609.9500000000003,26.0,Operational,39.0,0.0,0.0,0.0,0.0,0.0,0.0,0.0,0.0,0.0,0.0,0.0,0.0,0.0,0.0,0.0,0.0
11:55:19.500,1,-1.3810269832611084,53.39791488647461,48.151,12.0,283.1256408691406,0.0,0.0,0.0,0.0,0.0,0.0,0.0,0.0,0.0,0.0,0.0,0.0,0.0,0.0,0.0,0.0,0.0,0.0,0.0,0.0,0.0,7.0,593.0,0.0,0.0,0.0,2609.9500000000003,26.0,Operational,39.0,0.0,0.0,0.0,0.0,0.0,0.0,0.0,0.0,0.0,0.0,0.0,0.0,0.0,0.0,0.0,0.0
11:55:19.600,1,-1.3810269832611084,53.39791488647461,48.151,12.0,283.1256408691406,0.0,0.0,0.0,0.0,0.0,0.0,0.0,0.0,0.0,0.0,0.0,0.0,0.0,0.0,0.0,0.0,0.0,0.0,0.0,0.0,0.0,7.0,590.0,0.0,0.0,0.0,2609.9500000000003,26.0,Operational,39.0,0.0,0.0,0.0,0.0,0.0,0.0,0.0,0.0,0.0,0.0,0.0,0.0,0.0,0.0,0.0,0.0
11:55:19.700,1,-1.3810269832611084,53.39791488647461,48.151,12.0,283.1256408691406,0.0,0.0,0.0,0.0,0.0,0.0,0.0,0.0,0.0,0.0,0.0,0.0,0.0,0.0,0.0,0.0,0.0,0.0,0.0,0.0,0.0,7.0,580.0,0.0,0.0,0.0,2609.9500000000003,26.0,Operational,39.0,0.0,0.0,0.0,0.0,0.0,0.0,0.0,0.0,0.0,0.0,0.0,0.0,0.0,0.0,0.0,0.0
11:55:19.800,1,-1.3810269832611084,53.39791488647461,48.151,12.0,283.1256408691406,0.0,0.0,0.0,0.0,0.0,0.0,0.0,0.0,0.0,0.0,0.0,0.0,0.0,0.0,0.0,0.0,0.0,0.0,0.0,0.0,0.0,7.0,574.0,0.0,0.0,0.0,2609.9500000000003,26.0,Operational,39.0,0.0,0.0,0.0,0.0,0.0,0.0,0.0,0.0,0.0,0.0,0.0,0.0,0.0,0.0,0.0,0.0
11:55:19.900,1,-1.3810267448425293,53.39791870117188,48.32,13.0,283.1256408691406,0.0,0.0,0.0,0.0,0.0,0.0,0.0,0.0,0.0,0.0,0.0,0.0,0.0,0.0,0.0,0.0,0.0,0.0,0.0,0.0,0.0,7.0,570.0,0.0,0.0,0.0,2609.9500000000003,26.0,Operational,39.0,0.0,0.0,0.0,0.0,0.0,0.0,0.0,0.0,0.0,0.0,0.0,0.0,0.0,0.0,0.0,0.0
11:55:20.000,1,-1.3810267448425293,53.39791870117188,48.32,13.0,283.1256408691406,0.0,0.0,0.0,0.0,0.0,0.0,0.0,0.0,0.0,0.0,0.0,0.0,0.0,0.0,0.0,0.0,0.0,0.0,0.0,0.0,0.0,7.0,564.0,0.0,0.0,0.0,2609.9500000000003,26.0,Operational,39.0,0.0,0.0,0.0,0.0,0.0,0.0,0.0,0.0,0.0,0.0,0.0,0.0,0.0,0.0,0.0,0.0
11:55:20.100,1,-1.3810267448425293,53.39791870117188,48.32,13.0,283.1256408691406,0.0,0.0,0.0,0.0,0.0,0.0,0.0,0.0,0.0,0.0,0.0,0.0,0.0,0.0,0.0,0.0,0.0,0.0,0.0,0.0,0.0,7.0,560.0,0.0,0.0,0.0,2609.9500000000003,26.0,Operational,39.0,0.0,0.0,0.0,0.0,0.0,0.0,0.0,0.0,0.0,0.0,0.0,0.0,0.0,0.0,0.0,0.0
11:55:20.200,1,-1.3810267448425293,53.39791870117188,48.32,13.0,283.1256408691406,0.0,0.0,0.0,0.0,0.0,0.0,0.0,0.0,0.0,0.0,0.0,0.0,0.0,0.0,0.0,0.0,0.0,0.0,0.0,0.0,0.0,7.0,550.0,0.0,0.0,0.0,2609.9500000000003,26.0,Operational,39.0,0.0,0.0,0.0,0.0,0.0,0.0,0.0,0.0,0.0,0.0,0.0,0.0,0.0,0.0,0.0,0.0
11:55:20.300,1,-1.3810267448425293,53.39791870117188,48.32,13.0,283.1256408691406,0.0,0.0,0.0,0.0,0.0,0.0,0.0,0.0,0.0,0.0,0.0,0.0,0.0,0.0,0.0,0.0,0.0,0.0,0.0,0.0,0.0,7.0,547.0,0.0,0.0,0.0,2609.9500000000003,26.0,Operational,39.0,0.0,0.0,0.0,0.0,0.0,0.0,0.0,0.0,0.0,0.0,0.0,0.0,0.0,0.0,0.0,0.0
11:55:20.400,1,-1.3810267448425293,53.39791870117188,48.32,13.0,283.1256408691406,0.0,0.0,0.0,0.0,0.0,0.0,0.0,0.0,0.0,0.0,0.0,0.0,0.0,0.0,0.0,0.0,0.0,0.0,0.0,0.0,0.0,7.0,536.0,0.0,0.0,0.0,2609.9500000000003,26.0,Operational,39.0,0.0,0.0,0.0,0.0,0.0,0.0,0.0,0.0,0.0,0.0,0.0,0.0,0.0,0.0,0.0,0.0
11:55:20.500,1,-1.3810267448425293,53.39791870117188,48.32,13.0,283.1256408691406,0.0,0.0,0.0,0.0,0.0,0.0,0.0,0.0,0.0,0.0,0.0,0.0,0.0,0.0,0.0,0.0,0.0,0.0,0.0,0.0,0.0,7.0,533.0,0.0,0.0,0.0,2609.9500000000003,26.0,Operational,39.0,0.0,0.0,0.0,0.0,0.0,0.0,0.0,0.0,0.0,0.0,0.0,0.0,0.0,0.0,0.0,0.0
11:55:20.600,1,-1.3810267448425293,53.39791870117188,48.32,13.0,283.1256408691406,0.0,0.0,0.0,0.0,0.0,0.0,0.0,0.0,0.0,0.0,0.0,0.0,0.0,0.0,0.0,0.0,0.0,0.0,0.0,0.0,0.0,7.0,526.0,0.0,0.0,0.0,2609.9500000000003,26.0,Operational,39.0,0.0,0.0,0.0,0.0,0.0,0.0,0.0,0.0,0.0,0.0,0.0,0.0,0.0,0.0,0.0,0.0
11:55:20.700,1,-1.3810267448425293,53.39791870117188,48.32,13.0,283.1256408691406,0.0,0.0,0.0,0.0,0.0,0.0,0.0,0.0,0.0,0.0,0.0,0.0,0.0,0.0,0.0,0.0,0.0,0.0,0.0,0.0,0.0,7.0,522.0,0.0,0.0,0.0,2609.9500000000003,26.0,Operational,39.0,0.0,0.0,0.0,0.0,0.0,0.0,0.0,0.0,0.0,0.0,0.0,0.0,0.0,0.0,0.0,0.0
11:55:20.800,1,-1.3810267448425293,53.39791870117188,48.32,13.0,283.1256408691406,0.0,0.0,0.0,0.0,0.0,0.0,0.0,0.0,0.0,0.0,0.0,0.0,0.0,0.0,0.0,0.0,0.0,0.0,0.0,0.0,0.0,7.0,511.0,0.0,0.0,0.0,2609.9500000000003,26.0,Operational,39.0,0.0,0.0,0.0,0.0,0.0,0.0,0.0,0.0,0.0,0.0,0.0,0.0,0.0,0.0,0.0,0.0
11:55:20.900,1,-1.381019949913025,53.39791870117188,49.515,12.0,283.1256408691406,0.0,0.0,0.0,0.0,0.0,0.0,0.0,0.0,0.0,0.0,0.0,0.0,0.0,0.0,0.0,0.0,0.0,0.0,0.0,0.0,0.0,7.0,504.0,0.0,0.0,0.0,2609.9500000000003,26.0,Operational,39.0,0.0,0.0,0.0,0.0,0.0,0.0,0.0,0.0,0.0,0.0,0.0,0.0,0.0,0.0,0.0,0.0
11:55:21.000,1,-1.381019949913025,53.39791870117188,49.515,12.0,283.1256408691406,0.0,0.0,0.0,0.0,0.0,0.0,0.0,0.0,0.0,0.0,0.0,0.0,0.0,0.0,0.0,0.0,0.0,0.0,0.0,0.0,0.0,7.0,500.0,0.0,0.0,0.0,2609.9500000000003,26.0,Operational,39.0,0.0,0.0,0.0,0.0,0.0,0.0,0.0,0.0,0.0,0.0,0.0,0.0,0.0,0.0,0.0,0.0
11:55:21.100,1,-1.381019949913025,53.39791870117188,49.515,12.0,283.1256408691406,0.0,0.0,0.0,0.0,0.0,0.0,0.0,0.0,0.0,0.0,0.0,0.0,0.0,0.0,0.0,0.0,0.0,0.0,0.0,0.0,0.0,7.0,493.0,0.0,0.0,0.0,2609.9500000000003,26.0,Operational,39.0,0.0,0.0,0.0,0.0,0.0,0.0,0.0,0.0,0.0,0.0,0.0,0.0,0.0,0.0,0.0,0.0
11:55:21.200,1,-1.381019949913025,53.39791870117188,49.515,12.0,283.1256408691406,0.0,0.0,0.0,0.0,0.0,0.0,0.0,0.0,0.0,0.0,0.0,0.0,0.0,0.0,0.0,0.0,0.0,0.0,0.0,0.0,0.0,7.0,489.0,0.0,0.0,0.0,2609.9500000000003,26.0,Operational,39.0,0.0,0.0,0.0,0.0,0.0,0.0,0.0,0.0,0.0,0.0,0.0,0.0,0.0,0.0,0.0,0.0
11:55:21.300,1,-1.381019949913025,53.39791870117188,49.515,12.0,283.1256408691406,0.0,0.0,0.0,0.0,0.0,0.0,0.0,0.0,0.0,0.0,0.0,0.0,0.0,0.0,0.0,0.0,0.0,0.0,0.0,0.0,0.0,7.0,481.0,0.0,0.0,0.0,2609.9500000000003,26.0,Operational,39.0,0.0,0.0,0.0,0.0,0.0,0.0,0.0,0.0,0.0,0.0,0.0,0.0,0.0,0.0,0.0,0.0
11:55:21.400,1,-1.381019949913025,53.39791870117188,49.515,12.0,283.1256408691406,0.0,0.0,0.0,0.0,0.0,0.0,0.0,0.0,0.0,0.0,0.0,0.0,0.0,0.0,0.0,0.0,0.0,0.0,0.0,0.0,0.0,7.0,477.0,0.0,0.0,0.0,2609.9500000000003,26.0,Operational,39.0,0.0,0.0,0.0,0.0,0.0,0.0,0.0,0.0,0.0,0.0,0.0,0.0,0.0,0.0,0.0,0.0
11:55:21.500,1,-1.381019949913025,53.39791870117188,49.515,12.0,283.1256408691406,0.0,0.0,0.0,0.0,0.0,0.0,0.0,0.0,0.0,0.0,0.0,0.0,0.0,0.0,0.0,0.0,0.0,0.0,0.0,0.0,0.0,7.0,472.0,0.0,0.0,0.0,2609.9500000000003,26.0,Operational,39.0,0.0,0.0,0.0,0.0,0.0,0.0,0.0,0.0,0.0,0.0,0.0,0.0,0.0,0.0,0.0,0.0
11:55:21.600,1,-1.381019949913025,53.39791870117188,49.515,12.0,283.1256408691406,0.0,0.0,0.0,0.0,0.0,0.0,0.0,0.0,0.0,0.0,0.0,0.0,0.0,0.0,0.0,0.0,0.0,0.0,0.0,0.0,0.0,7.0,464.0,0.0,0.0,0.0,2609.9500000000003,26.0,Operational,39.0,0.0,0.0,0.0,0.0,0.0,0.0,0.0,0.0,0.0,0.0,0.0,0.0,0.0,0.0,0.0,0.0
11:55:21.700,1,-1.381019949913025,53.39791870117188,49.515,12.0,283.1256408691406,0.0,0.0,0.0,0.0,0.0,0.0,0.0,0.0,0.0,0.0,0.0,0.0,0.0,0.0,0.0,0.0,0.0,0.0,0.0,0.0,0.0,7.0,455.0,0.0,0.0,0.0,2609.9500000000003,26.0,Operational,39.0,0.0,0.0,0.0,0.0,0.0,0.0,0.0,0.0,0.0,0.0,0.0,0.0,0.0,0.0,0.0,0.0
11:55:21.800,1,-1.381019949913025,53.39791870117188,49.515,12.0,283.1256408691406,0.0,0.0,0.0,0.0,0.0,0.0,0.0,0.0,0.0,0.0,0.0,0.0,0.0,0.0,0.0,0.0,0.0,0.0,0.0,0.0,0.0,7.0,451.0,0.0,0.0,0.0,2609.9500000000003,26.0,Operational,39.0,0.0,0.0,0.0,0.0,0.0,0.0,0.0,0.0,0.0,0.0,0.0,0.0,0.0,0.0,0.0,0.0
11:55:21.900,1,-1.381017565727234,53.39792251586914,49.93,13.0,283.1256408691406,0.0,0.0,0.0,0.0,0.0,0.0,0.0,0.0,0.0,0.0,0.0,0.0,0.0,0.0,0.0,0.0,0.0,0.0,0.0,0.0,0.0,7.0,440.0,0.0,0.0,0.0,2609.9500000000003,26.0,Operational,39.0,0.0,0.0,0.0,0.0,0.0,0.0,0.0,0.0,0.0,0.0,0.0,0.0,0.0,0.0,0.0,0.0
11:55:22.000,1,-1.381017565727234,53.39792251586914,49.93,13.0,283.1256408691406,0.0,0.0,0.0,0.0,0.0,0.0,0.0,0.0,0.0,0.0,0.0,0.0,0.0,0.0,0.0,0.0,0.0,0.0,0.0,0.0,0.0,7.0,435.0,0.0,0.0,0.0,2609.9500000000003,26.0,Operational,39.0,0.0,0.0,0.0,0.0,0.0,0.0,0.0,0.0,0.0,0.0,0.0,0.0,0.0,0.0,0.0,0.0
11:55:22.100,1,-1.381017565727234,53.39792251586914,49.93,13.0,283.1256408691406,0.0,0.0,0.0,0.0,0.0,0.0,0.0,0.0,0.0,0.0,0.0,0.0,0.0,0.0,0.0,0.0,0.0,0.0,0.0,0.0,0.0,7.0,424.0,0.0,0.0,0.0,2609.9500000000003,26.0,Operational,39.0,0.0,0.0,0.0,0.0,0.0,0.0,0.0,0.0,0.0,0.0,0.0,0.0,0.0,0.0,0.0,0.0
11:55:22.200,1,-1.381017565727234,53.39792251586914,49.93,13.0,283.1256408691406,0.0,0.0,0.0,0.0,0.0,0.0,0.0,0.0,0.0,0.0,0.0,0.0,0.0,0.0,0.0,0.0,0.0,0.0,0.0,0.0,0.0,7.0,420.0,0.0,0.0,0.0,2609.9500000000003,26.0,Operational,39.0,0.0,0.0,0.0,0.0,0.0,0.0,0.0,0.0,0.0,0.0,0.0,0.0,0.0,0.0,0.0,0.0
11:55:22.300,1,-1.381017565727234,53.39792251586914,49.93,13.0,283.1256408691406,0.0,0.0,0.0,0.0,0.0,0.0,0.0,0.0,0.0,0.0,0.0,0.0,0.0,0.0,0.0,0.0,0.0,0.0,0.0,0.0,0.0,7.0,410.0,0.0,0.0,0.0,2609.9500000000003,26.0,Operational,39.0,0.0,0.0,0.0,0.0,0.0,0.0,0.0,0.0,0.0,0.0,0.0,0.0,0.0,0.0,0.0,0.0
11:55:22.400,1,-1.381017565727234,53.39792251586914,49.93,13.0,283.1256408691406,0.0,0.0,0.0,0.0,0.0,0.0,0.0,0.0,0.0,0.0,0.0,0.0,0.0,0.0,0.0,0.0,0.0,0.0,0.0,0.0,0.0,7.0,410.0,0.0,0.0,0.0,2609.9500000000003,26.0,Operational,39.0,0.0,0.0,0.0,0.0,0.0,0.0,0.0,0.0,0.0,0.0,0.0,0.0,0.0,0.0,0.0,0.0
11:55:22.500,1,-1.381017565727234,53.39792251586914,49.93,13.0,283.1256408691406,0.0,0.0,0.0,0.0,0.0,0.0,0.0,0.0,0.0,0.0,0.0,0.0,0.0,0.0,0.0,0.0,0.0,0.0,0.0,0.0,0.0,7.0,400.0,0.0,0.0,0.0,2609.9500000000003,26.0,Operational,39.0,0.0,0.0,0.0,0.0,0.0,0.0,0.0,0.0,0.0,0.0,0.0,0.0,0.0,0.0,0.0,0.0
11:55:22.600,1,-1.381017565727234,53.39792251586914,49.93,13.0,283.1256408691406,0.0,0.0,0.0,0.0,0.0,0.0,0.0,0.0,0.0,0.0,0.0,0.0,0.0,0.0,0.0,0.0,0.0,0.0,0.0,0.0,0.0,7.0,395.0,0.0,0.0,0.0,2609.9500000000003,26.0,Operational,39.0,0.0,0.0,0.0,0.0,0.0,0.0,0.0,0.0,0.0,0.0,0.0,0.0,0.0,0.0,0.0,0.0
11:55:22.700,1,-1.381017565727234,53.39792251586914,49.93,13.0,283.1256408691406,0.0,0.0,0.0,0.0,0.0,0.0,0.0,0.0,0.0,0.0,0.0,0.0,0.0,0.0,0.0,0.0,0.0,0.0,0.0,0.0,0.0,7.0,386.0,0.0,0.0,0.0,2609.9500000000003,26.0,Operational,39.0,0.0,0.0,0.0,0.0,0.0,0.0,0.0,0.0,0.0,0.0,0.0,0.0,0.0,0.0,0.0,0.0
11:55:22.800,1,-1.381017565727234,53.39792251586914,49.93,13.0,283.1256408691406,0.0,0.0,0.0,0.0,0.0,0.0,0.0,0.0,0.0,0.0,0.0,0.0,0.0,0.0,0.0,0.0,0.0,0.0,0.0,0.0,0.0,7.0,376.0,0.0,0.0,0.0,2609.9500000000003,26.0,Operational,39.0,0.0,0.0,0.0,0.0,0.0,0.0,0.0,0.0,0.0,0.0,0.0,0.0,0.0,0.0,0.0,0.0
11:55:22.900,1,-1.3810168504714966,53.397926330566406,50.306,12.0,336.02392578125,0.0,0.0,0.0,0.0,0.0,0.0,0.0,0.0,0.0,0.0,0.0,0.0,0.0,0.0,0.0,0.0,0.0,0.0,0.0,0.0,0.0,7.0,364.0,0.0,0.0,0.0,2609.9500000000003,26.0,Operational,39.0,0.0,0.0,0.0,0.0,0.0,0.0,0.0,0.0,0.0,0.0,0.0,0.0,0.0,0.0,0.0,0.0
11:55:23.000,1,-1.3810168504714966,53.397926330566406,50.306,12.0,336.02392578125,0.0,0.0,0.0,0.0,0.0,0.0,0.0,0.0,0.0,0.0,0.0,0.0,0.0,0.0,0.0,0.0,0.0,0.0,0.0,0.0,0.0,7.0,371.0,0.0,0.0,0.0,2609.9500000000003,26.0,Operational,39.0,0.0,0.0,0.0,0.0,0.0,0.0,0.0,0.0,0.0,0.0,0.0,0.0,0.0,0.0,0.0,0.0
11:55:23.100,1,-1.3810168504714966,53.397926330566406,50.306,12.0,336.02392578125,0.0,0.0,0.0,0.0,0.0,0.0,0.0,0.0,0.0,0.0,0.0,0.0,0.0,0.0,0.0,0.0,0.0,0.0,0.0,0.0,0.0,7.0,351.0,0.0,0.0,0.0,2609.9500000000003,26.0,Operational,39.0,0.0,0.0,0.0,0.0,0.0,0.0,0.0,0.0,0.0,0.0,0.0,0.0,0.0,0.0,0.0,0.0
11:55:23.200,1,-1.3810168504714966,53.397926330566406,50.306,12.0,336.02392578125,0.0,0.0,0.0,0.0,0.0,0.0,0.0,0.0,0.0,0.0,0.0,0.0,0.0,0.0,0.0,0.0,0.0,0.0,0.0,0.0,0.0,7.0,355.0,0.0,0.0,0.0,2609.9500000000003,26.0,Operational,39.0,0.0,0.0,0.0,0.0,0.0,0.0,0.0,0.0,0.0,0.0,0.0,0.0,0.0,0.0,0.0,0.0
11:55:23.300,1,-1.3810168504714966,53.397926330566406,50.306,12.0,336.02392578125,0.0,0.0,0.0,0.0,0.0,0.0,0.0,0.0,0.0,0.0,0.0,0.0,0.0,0.0,0.0,0.0,0.0,0.0,0.0,0.0,0.0,7.0,346.0,0.0,0.0,0.0,2609.9500000000003,26.0,Operational,39.0,0.0,0.0,0.0,0.0,0.0,0.0,0.0,0.0,0.0,0.0,0.0,0.0,0.0,0.0,0.0,0.0
11:55:23.400,1,-1.3810168504714966,53.397926330566406,50.306,12.0,336.02392578125,0.0,0.0,0.0,0.0,0.0,0.0,0.0,0.0,0.0,0.0,0.0,0.0,0.0,0.0,0.0,0.0,0.0,0.0,0.0,0.0,0.0,7.0,332.0,0.0,0.0,0.0,2609.9500000000003,26.0,Operational,39.0,0.0,0.0,0.0,0.0,0.0,0.0,0.0,0.0,0.0,0.0,0.0,0.0,0.0,0.0,0.0,0.0
11:55:23.500,1,-1.3810168504714966,53.397926330566406,50.306,12.0,336.02392578125,0.0,0.0,0.0,0.0,0.0,0.0,0.0,0.0,0.0,0.0,0.0,0.0,0.0,0.0,0.0,0.0,0.0,0.0,0.0,0.0,0.0,7.0,336.0,0.0,0.0,0.0,2609.9500000000003,26.0,Operational,39.0,0.0,0.0,0.0,0.0,0.0,0.0,0.0,0.0,0.0,0.0,0.0,0.0,0.0,0.0,0.0,0.0
11:55:23.600,1,-1.3810168504714966,53.397926330566406,50.306,12.0,336.02392578125,0.0,0.0,0.0,0.0,0.0,0.0,0.0,0.0,0.0,0.0,0.0,0.0,0.0,0.0,0.0,0.0,0.0,0.0,0.0,0.0,0.0,7.0,324.0,0.0,0.0,0.0,2609.9500000000003,26.0,Operational,39.0,0.0,0.0,0.0,0.0,0.0,0.0,0.0,0.0,0.0,0.0,0.0,0.0,0.0,0.0,0.0,0.0
11:55:23.700,1,-1.3810168504714966,53.397926330566406,50.306,12.0,336.02392578125,0.0,0.0,0.0,0.0,0.0,0.0,0.0,0.0,0.0,0.0,0.0,0.0,0.0,0.0,0.0,0.0,0.0,0.0,0.0,0.0,0.0,7.0,323.0,0.0,0.0,0.0,2609.9500000000003,26.0,Operational,39.0,0.0,0.0,0.0,0.0,0.0,0.0,0.0,0.0,0.0,0.0,0.0,0.0,0.0,0.0,0.0,0.0
11:55:23.800,1,-1.3810168504714966,53.397926330566406,50.306,12.0,336.02392578125,0.0,0.0,0.0,0.0,0.0,0.0,0.0,0.0,0.0,0.0,0.0,0.0,0.0,0.0,0.0,0.0,0.0,0.0,0.0,0.0,0.0,7.0,312.0,0.0,0.0,0.0,2609.9500000000003,26.0,Operational,39.0,0.0,0.0,0.0,0.0,0.0,0.0,0.0,0.0,0.0,0.0,0.0,0.0,0.0,0.0,0.0,0.0
11:55:23.900,1,-1.3810179233551023,53.39793014526367,50.289,12.0,336.02392578125,0.0,0.0,0.0,0.0,0.0,0.0,0.0,0.0,0.0,0.0,0.0,0.0,0.0,0.0,0.0,0.0,0.0,0.0,0.0,0.0,0.0,7.0,309.0,0.0,0.0,0.0,2609.9500000000003,26.0,Operational,39.0,0.0,0.0,0.0,0.0,0.0,0.0,0.0,0.0,0.0,0.0,0.0,0.0,0.0,0.0,0.0,0.0
11:55:24.000,1,-1.3810179233551023,53.39793014526367,50.289,12.0,336.02392578125,0.0,0.0,0.0,0.0,0.0,0.0,0.0,0.0,0.0,0.0,0.0,0.0,0.0,0.0,0.0,0.0,0.0,0.0,0.0,0.0,0.0,7.0,297.0,0.0,0.0,0.0,2609.9500000000003,26.0,Operational,39.0,0.0,0.0,0.0,0.0,0.0,0.0,0.0,0.0,0.0,0.0,0.0,0.0,0.0,0.0,0.0,0.0
11:55:24.100,1,-1.3810179233551023,53.39793014526367,50.289,12.0,336.02392578125,0.0,0.0,0.0,0.0,0.0,0.0,0.0,0.0,0.0,0.0,0.0,0.0,0.0,0.0,0.0,0.0,0.0,0.0,0.0,0.0,0.0,7.0,293.0,0.0,0.0,0.0,2609.9500000000003,26.0,Operational,39.0,0.0,0.0,0.0,0.0,0.0,0.0,0.0,0.0,0.0,0.0,0.0,0.0,0.0,0.0,0.0,0.0
11:55:24.200,1,-1.3810179233551023,53.39793014526367,50.289,12.0,336.02392578125,0.0,0.0,0.0,0.0,0.0,0.0,0.0,0.0,0.0,0.0,0.0,0.0,0.0,0.0,0.0,0.0,0.0,0.0,0.0,0.0,0.0,7.0,285.0,0.0,0.0,0.0,2609.9500000000003,26.0,Operational,39.0,0.0,0.0,0.0,0.0,0.0,0.0,0.0,0.0,0.0,0.0,0.0,0.0,0.0,0.0,0.0,0.0
11:55:24.300,1,-1.3810179233551023,53.39793014526367,50.289,12.0,336.02392578125,0.0,0.0,0.0,0.0,0.0,0.0,0.0,0.0,0.0,0.0,0.0,0.0,0.0,0.0,0.0,0.0,0.0,0.0,0.0,0.0,0.0,7.0,272.0,0.0,0.0,0.0,2609.9500000000003,26.0,Operational,39.0,0.0,0.0,0.0,0.0,0.0,0.0,0.0,0.0,0.0,0.0,0.0,0.0,0.0,0.0,0.0,0.0
11:55:24.400,1,-1.3810179233551023,53.39793014526367,50.289,12.0,336.02392578125,0.0,0.0,0.0,0.0,0.0,0.0,0.0,0.0,0.0,0.0,0.0,0.0,0.0,0.0,0.0,0.0,0.0,0.0,0.0,0.0,0.0,7.0,264.0,0.0,0.0,0.0,2609.9500000000003,26.0,Operational,39.0,0.0,0.0,0.0,0.0,0.0,0.0,0.0,0.0,0.0,0.0,0.0,0.0,0.0,0.0,0.0,0.0
11:55:24.500,1,-1.3810179233551023,53.39793014526367,50.289,12.0,336.02392578125,0.0,0.0,0.0,0.0,0.0,0.0,0.0,0.0,0.0,0.0,0.0,0.0,0.0,0.0,0.0,0.0,0.0,0.0,0.0,0.0,0.0,7.0,264.0,0.0,0.0,0.0,2609.9500000000003,26.0,Operational,39.0,0.0,0.0,0.0,0.0,0.0,0.0,0.0,0.0,0.0,0.0,0.0,0.0,0.0,0.0,0.0,0.0
11:55:24.600,1,-1.3810179233551023,53.39793014526367,50.289,12.0,336.02392578125,0.0,0.0,0.0,0.0,0.0,0.0,0.0,0.0,0.0,0.0,0.0,0.0,0.0,0.0,0.0,0.0,0.0,0.0,0.0,0.0,0.0,7.0,264.0,0.0,0.0,0.0,2609.9500000000003,26.0,Operational,39.0,0.0,0.0,0.0,0.0,0.0,0.0,0.0,0.0,0.0,0.0,0.0,0.0,0.0,0.0,0.0,0.0
11:55:24.700,1,-1.3810179233551023,53.39793014526367,50.289,12.0,336.02392578125,0.0,0.0,0.0,0.0,0.0,0.0,0.0,0.0,0.0,0.0,0.0,0.0,0.0,0.0,0.0,0.0,0.0,0.0,0.0,0.0,0.0,7.0,264.0,0.0,0.0,0.0,2609.9500000000003,26.0,Operational,39.0,0.0,0.0,0.0,0.0,0.0,0.0,0.0,0.0,0.0,0.0,0.0,0.0,0.0,0.0,0.0,0.0
11:55:24.800,1,-1.3810179233551023,53.39793014526367,50.289,12.0,336.02392578125,0.0,0.0,0.0,0.0,0.0,0.0,0.0,0.0,0.0,0.0,0.0,0.0,0.0,0.0,0.0,0.0,0.0,0.0,0.0,0.0,0.0,7.0,264.0,0.0,0.0,0.0,2609.9500000000003,26.0,Operational,39.0,0.0,0.0,0.0,0.0,0.0,0.0,0.0,0.0,0.0,0.0,0.0,0.0,0.0,0.0,0.0,0.0
11:55:24.900,1,-1.3810162544250488,53.39793014526367,50.602,12.0,336.02392578125,0.0,0.0,0.0,0.0,0.0,0.0,0.0,0.0,0.0,0.0,0.0,0.0,0.0,0.0,0.0,0.0,0.0,0.0,0.0,0.0,0.0,7.0,264.0,0.0,0.0,0.0,2609.9500000000003,26.0,Operational,39.0,0.0,0.0,0.0,0.0,0.0,0.0,0.0,0.0,0.0,0.0,0.0,0.0,0.0,0.0,0.0,0.0
11:55:25.000,1,-1.3810162544250488,53.39793014526367,50.602,12.0,336.02392578125,0.0,0.0,0.0,0.0,0.0,0.0,0.0,0.0,0.0,0.0,0.0,0.0,0.0,0.0,0.0,0.0,0.0,0.0,0.0,0.0,0.0,7.0,264.0,0.0,0.0,0.0,2609.9500000000003,26.0,Operational,39.0,0.0,0.0,0.0,0.0,0.0,0.0,0.0,0.0,0.0,0.0,0.0,0.0,0.0,0.0,0.0,0.0
11:55:25.100,1,-1.3810162544250488,53.39793014526367,50.602,12.0,336.02392578125,0.0,0.0,0.0,0.0,0.0,0.0,0.0,0.0,0.0,0.0,0.0,0.0,0.0,0.0,0.0,0.0,0.0,0.0,0.0,0.0,0.0,7.0,264.0,0.0,0.0,0.0,2609.9500000000003,26.0,Operational,39.0,0.0,0.0,0.0,0.0,0.0,0.0,0.0,0.0,0.0,0.0,0.0,0.0,0.0,0.0,0.0,0.0
11:55:25.200,1,-1.3810162544250488,53.39793014526367,50.602,12.0,336.02392578125,0.0,0.0,0.0,0.0,0.0,0.0,0.0,0.0,0.0,0.0,0.0,0.0,0.0,0.0,0.0,0.0,0.0,0.0,0.0,0.0,0.0,7.0,264.0,0.0,0.0,0.0,2609.9500000000003,26.0,Operational,39.0,0.0,0.0,0.0,0.0,0.0,0.0,0.0,0.0,0.0,0.0,0.0,0.0,0.0,0.0,0.0,0.0
11:55:25.300,1,-1.3810162544250488,53.39793014526367,50.602,12.0,336.02392578125,0.0,0.0,0.0,0.0,0.0,0.0,0.0,0.0,0.0,0.0,0.0,0.0,0.0,0.0,0.0,0.0,0.0,0.0,0.0,0.0,0.0,7.0,264.0,0.0,0.0,0.0,2609.9500000000003,26.0,Operational,39.0,0.0,0.0,0.0,0.0,0.0,0.0,0.0,0.0,0.0,0.0,0.0,0.0,0.0,0.0,0.0,0.0
11:55:25.400,1,-1.3810162544250488,53.39793014526367,50.602,12.0,336.02392578125,0.0,0.0,0.0,0.0,0.0,0.0,0.0,0.0,0.0,0.0,0.0,0.0,0.0,0.0,0.0,0.0,0.0,0.0,0.0,0.0,0.0,7.0,264.0,0.0,0.0,0.0,2609.9500000000003,26.0,Operational,39.0,0.0,0.0,0.0,0.0,0.0,0.0,0.0,0.0,0.0,0.0,0.0,0.0,0.0,0.0,0.0,0.0
11:55:25.500,1,-1.3810162544250488,53.39793014526367,50.602,12.0,336.02392578125,0.0,0.0,0.0,0.0,0.0,0.0,0.0,0.0,0.0,0.0,0.0,0.0,0.0,0.0,0.0,0.0,0.0,0.0,0.0,0.0,0.0,7.0,264.0,0.0,0.0,0.0,2609.9500000000003,26.0,Operational,39.0,0.0,0.0,0.0,0.0,0.0,0.0,0.0,0.0,0.0,0.0,0.0,0.0,0.0,0.0,0.0,0.0
11:55:25.600,1,-1.3810162544250488,53.39793014526367,50.602,12.0,336.02392578125,0.0,0.0,0.0,0.0,0.0,0.0,0.0,0.0,0.0,0.0,0.0,0.0,0.0,0.0,0.0,0.0,0.0,0.0,0.0,0.0,0.0,7.0,264.0,0.0,0.0,0.0,2609.9500000000003,26.0,Operational,39.0,0.0,0.0,0.0,0.0,0.0,0.0,0.0,0.0,0.0,0.0,0.0,0.0,0.0,0.0,0.0,0.0
11:55:25.700,1,-1.3810162544250488,53.39793014526367,50.602,12.0,336.02392578125,0.0,0.0,0.0,0.0,0.0,0.0,0.0,0.0,0.0,0.0,0.0,0.0,0.0,0.0,0.0,0.0,0.0,0.0,0.0,0.0,0.0,7.0,264.0,0.0,0.0,0.0,2609.9500000000003,26.0,Operational,39.0,0.0,0.0,0.0,0.0,0.0,0.0,0.0,0.0,0.0,0.0,0.0,0.0,0.0,0.0,0.0,0.0
11:55:25.800,1,-1.3810162544250488,53.39793014526367,50.602,12.0,336.02392578125,0.0,0.0,0.0,0.0,0.0,0.0,0.0,0.0,0.0,0.0,0.0,0.0,0.0,0.0,0.0,0.0,0.0,0.0,0.0,0.0,0.0,7.0,264.0,0.0,0.0,0.0,2609.9500000000003,26.0,Operational,39.0,0.0,0.0,0.0,0.0,0.0,0.0,0.0,0.0,0.0,0.0,0.0,0.0,0.0,0.0,0.0,0.0
11:55:25.900,1,-1.3810144662857056,53.39793014526367,50.917,12.0,336.02392578125,0.0,0.0,0.0,0.0,0.0,0.0,0.0,0.0,0.0,0.0,0.0,0.0,0.0,0.0,0.0,0.0,0.0,0.0,0.0,0.0,0.0,7.0,264.0,0.0,0.0,0.0,2609.9500000000003,26.0,Operational,39.0,0.0,0.0,0.0,0.0,0.0,0.0,0.0,0.0,0.0,0.0,0.0,0.0,0.0,0.0,0.0,0.0
11:55:26.000,1,-1.3810144662857056,53.39793014526367,50.917,12.0,336.02392578125,0.0,0.0,0.0,0.0,0.0,0.0,0.0,0.0,0.0,0.0,0.0,0.0,0.0,0.0,0.0,0.0,0.0,0.0,0.0,0.0,0.0,7.0,264.0,0.0,0.0,0.0,2609.9500000000003,26.0,Operational,39.0,0.0,0.0,0.0,0.0,0.0,0.0,0.0,0.0,0.0,0.0,0.0,0.0,0.0,0.0,0.0,0.0
11:55:26.100,1,-1.3810144662857056,53.39793014526367,50.917,12.0,336.02392578125,0.0,0.0,0.0,0.0,0.0,0.0,0.0,0.0,0.0,0.0,0.0,0.0,0.0,0.0,0.0,0.0,0.0,0.0,0.0,0.0,0.0,7.0,264.0,0.0,0.0,0.0,2609.9500000000003,26.0,Operational,39.0,0.0,0.0,0.0,0.0,0.0,0.0,0.0,0.0,0.0,0.0,0.0,0.0,0.0,0.0,0.0,0.0
11:55:26.200,1,-1.3810144662857056,53.39793014526367,50.917,12.0,336.02392578125,0.0,0.0,0.0,0.0,0.0,0.0,0.0,0.0,0.0,0.0,0.0,0.0,0.0,0.0,0.0,0.0,0.0,0.0,0.0,0.0,0.0,7.0,264.0,0.0,0.0,0.0,2609.9500000000003,26.0,Operational,39.0,0.0,0.0,0.0,0.0,0.0,0.0,0.0,0.0,0.0,0.0,0.0,0.0,0.0,0.0,0.0,0.0
11:55:26.300,1,-1.3810144662857056,53.39793014526367,50.917,12.0,336.02392578125,0.0,0.0,0.0,0.0,0.0,0.0,0.0,0.0,0.0,0.0,0.0,0.0,0.0,0.0,0.0,0.0,0.0,0.0,0.0,0.0,0.0,7.0,264.0,0.0,0.0,0.0,2609.9500000000003,26.0,Operational,39.0,0.0,0.0,0.0,0.0,0.0,0.0,0.0,0.0,0.0,0.0,0.0,0.0,0.0,0.0,0.0,0.0
11:55:26.400,1,-1.3810144662857056,53.39793014526367,50.917,12.0,336.02392578125,0.0,0.0,0.0,0.0,0.0,0.0,0.0,0.0,0.0,0.0,0.0,0.0,0.0,0.0,0.0,0.0,0.0,0.0,0.0,0.0,0.0,7.0,264.0,0.0,0.0,0.0,2609.9500000000003,26.0,Operational,39.0,0.0,0.0,0.0,0.0,0.0,0.0,0.0,0.0,0.0,0.0,0.0,0.0,0.0,0.0,0.0,0.0
11:55:26.500,1,-1.3810144662857056,53.39793014526367,50.917,12.0,336.02392578125,0.0,0.0,0.0,0.0,0.0,0.0,0.0,0.0,0.0,0.0,0.0,0.0,0.0,0.0,0.0,0.0,0.0,0.0,0.0,0.0,0.0,7.0,264.0,0.0,0.0,0.0,2609.9500000000003,26.0,Operational,39.0,0.0,0.0,0.0,0.0,0.0,0.0,0.0,0.0,0.0,0.0,0.0,0.0,0.0,0.0,0.0,0.0
11:55:26.600,1,-1.3810144662857056,53.39793014526367,50.917,12.0,336.02392578125,0.0,0.0,0.0,0.0,0.0,0.0,0.0,0.0,0.0,0.0,0.0,0.0,0.0,0.0,0.0,0.0,0.0,0.0,0.0,0.0,0.0,7.0,264.0,0.0,0.0,0.0,2609.9500000000003,26.0,Operational,39.0,0.0,0.0,0.0,0.0,0.0,0.0,0.0,0.0,0.0,0.0,0.0,0.0,0.0,0.0,0.0,0.0
11:55:26.700,1,-1.3810144662857056,53.39793014526367,50.917,12.0,336.02392578125,0.0,0.0,0.0,0.0,0.0,0.0,0.0,0.0,0.0,0.0,0.0,0.0,0.0,0.0,0.0,0.0,0.0,0.0,0.0,0.0,0.0,7.0,264.0,0.0,0.0,0.0,2609.9500000000003,26.0,Operational,39.0,0.0,0.0,0.0,0.0,0.0,0.0,0.0,0.0,0.0,0.0,0.0,0.0,0.0,0.0,0.0,0.0
11:55:26.800,1,-1.3810144662857056,53.39793014526367,50.917,12.0,336.02392578125,0.0,0.0,0.0,0.0,0.0,0.0,0.0,0.0,0.0,0.0,0.0,0.0,0.0,0.0,0.0,0.0,0.0,0.0,0.0,0.0,0.0,7.0,264.0,0.0,0.0,0.0,2609.9500000000003,26.0,Operational,39.0,0.0,0.0,0.0,0.0,0.0,0.0,0.0,0.0,0.0,0.0,0.0,0.0,0.0,0.0,0.0,0.0
11:55:26.900,1,-1.3810157775878906,53.397926330566406,50.605,11.0,336.02392578125,0.0,0.0,0.0,0.0,0.0,0.0,0.0,0.0,0.0,0.0,0.0,0.0,0.0,0.0,0.0,0.0,0.0,0.0,0.0,0.0,0.0,7.0,264.0,0.0,0.0,0.0,2609.9500000000003,26.0,Operational,39.0,0.0,0.0,0.0,0.0,0.0,0.0,0.0,0.0,0.0,0.0,0.0,0.0,0.0,0.0,0.0,0.0
11:55:27.000,1,-1.3810157775878906,53.397926330566406,50.605,11.0,336.02392578125,0.0,0.0,0.0,0.0,0.0,0.0,0.0,0.0,0.0,0.0,0.0,0.0,0.0,0.0,0.0,0.0,0.0,0.0,0.0,0.0,0.0,7.0,264.0,0.0,0.0,0.0,2609.9500000000003,26.0,Operational,39.0,0.0,0.0,0.0,0.0,0.0,0.0,0.0,0.0,0.0,0.0,0.0,0.0,0.0,0.0,0.0,0.0
11:55:27.100,1,-1.3810157775878906,53.397926330566406,50.605,11.0,336.02392578125,0.0,0.0,0.0,0.0,0.0,0.0,0.0,0.0,0.0,0.0,0.0,0.0,0.0,0.0,0.0,0.0,0.0,0.0,0.0,0.0,0.0,7.0,264.0,0.0,0.0,0.0,2609.9500000000003,26.0,Operational,39.0,0.0,0.0,0.0,0.0,0.0,0.0,0.0,0.0,0.0,0.0,0.0,0.0,0.0,0.0,0.0,0.0
11:55:27.200,1,-1.3810157775878906,53.397926330566406,50.605,11.0,336.02392578125,0.0,0.0,0.0,0.0,0.0,0.0,0.0,0.0,0.0,0.0,0.0,0.0,0.0,0.0,0.0,0.0,0.0,0.0,0.0,0.0,0.0,7.0,264.0,0.0,0.0,0.0,2609.9500000000003,26.0,Operational,39.0,0.0,0.0,0.0,0.0,0.0,0.0,0.0,0.0,0.0,0.0,0.0,0.0,0.0,0.0,0.0,0.0
11:55:27.300,1,-1.3810157775878906,53.397926330566406,50.605,11.0,336.02392578125,0.0,0.0,0.0,0.0,0.0,0.0,0.0,0.0,0.0,0.0,0.0,0.0,0.0,0.0,0.0,0.0,0.0,0.0,0.0,0.0,0.0,7.0,264.0,0.0,0.0,0.0,2609.9500000000003,26.0,Operational,39.0,0.0,0.0,0.0,0.0,0.0,0.0,0.0,0.0,0.0,0.0,0.0,0.0,0.0,0.0,0.0,0.0
11:55:27.400,1,-1.3810157775878906,53.397926330566406,50.605,11.0,336.02392578125,0.0,0.0,0.0,0.0,0.0,0.0,0.0,0.0,0.0,0.0,0.0,0.0,0.0,0.0,0.0,0.0,0.0,0.0,0.0,0.0,0.0,7.0,264.0,0.0,0.0,0.0,2609.9500000000003,26.0,Operational,39.0,0.0,0.0,0.0,0.0,0.0,0.0,0.0,0.0,0.0,0.0,0.0,0.0,0.0,0.0,0.0,0.0
11:55:27.500,1,-1.3810157775878906,53.397926330566406,50.605,11.0,336.02392578125,0.0,0.0,0.0,0.0,0.0,0.0,0.0,0.0,0.0,0.0,0.0,0.0,0.0,0.0,0.0,0.0,0.0,0.0,0.0,0.0,0.0,7.0,264.0,0.0,0.0,0.0,2609.9500000000003,26.0,Operational,39.0,0.0,0.0,0.0,0.0,0.0,0.0,0.0,0.0,0.0,0.0,0.0,0.0,0.0,0.0,0.0,0.0
11:55:27.600,1,-1.3810157775878906,53.397926330566406,50.605,11.0,336.02392578125,0.0,0.0,0.0,0.0,0.0,0.0,0.0,0.0,0.0,0.0,0.0,0.0,0.0,0.0,0.0,0.0,0.0,0.0,0.0,0.0,0.0,7.0,264.0,0.0,0.0,0.0,2609.9500000000003,26.0,Operational,39.0,0.0,0.0,0.0,0.0,0.0,0.0,0.0,0.0,0.0,0.0,0.0,0.0,0.0,0.0,0.0,0.0
11:55:27.700,1,-1.3810157775878906,53.397926330566406,50.605,11.0,336.02392578125,0.0,0.0,0.0,0.0,0.0,0.0,0.0,0.0,0.0,0.0,0.0,0.0,0.0,0.0,0.0,0.0,0.0,0.0,0.0,0.0,0.0,7.0,264.0,0.0,0.0,0.0,2609.9500000000003,26.0,Operational,39.0,0.0,0.0,0.0,0.0,0.0,0.0,0.0,0.0,0.0,0.0,0.0,0.0,0.0,0.0,0.0,0.0
11:55:27.800,1,-1.3810157775878906,53.397926330566406,50.605,11.0,336.02392578125,0.0,0.0,0.0,0.0,0.0,0.0,0.0,0.0,0.0,0.0,0.0,0.0,0.0,0.0,0.0,0.0,0.0,0.0,0.0,0.0,0.0,7.0,264.0,0.0,0.0,0.0,2609.9500000000003,26.0,Operational,39.0,0.0,0.0,0.0,0.0,0.0,0.0,0.0,0.0,0.0,0.0,0.0,0.0,0.0,0.0,0.0,0.0
11:55:27.900,1,-1.3810160160064695,53.39792251586914,50.553,11.0,336.02392578125,0.0,0.0,0.0,0.0,0.0,0.0,0.0,0.0,0.0,0.0,0.0,0.0,0.0,0.0,0.0,0.0,0.0,0.0,0.0,0.0,0.0,7.0,264.0,0.0,0.0,0.0,2609.9500000000003,26.0,Operational,39.0,0.0,0.0,0.0,0.0,0.0,0.0,0.0,0.0,0.0,0.0,0.0,0.0,0.0,0.0,0.0,0.0
11:55:28.000,1,-1.3810160160064695,53.39792251586914,50.553,11.0,336.02392578125,0.0,0.0,0.0,0.0,0.0,0.0,0.0,0.0,0.0,0.0,0.0,0.0,0.0,0.0,0.0,0.0,0.0,0.0,0.0,0.0,0.0,7.0,264.0,0.0,0.0,0.0,2609.9500000000003,26.0,Operational,39.0,0.0,0.0,0.0,0.0,0.0,0.0,0.0,0.0,0.0,0.0,0.0,0.0,0.0,0.0,0.0,0.0
11:55:28.100,1,-1.3810160160064695,53.39792251586914,50.553,11.0,336.02392578125,0.0,0.0,0.0,0.0,0.0,0.0,0.0,0.0,0.0,0.0,0.0,0.0,0.0,0.0,0.0,0.0,0.0,0.0,0.0,0.0,0.0,7.0,264.0,0.0,0.0,0.0,2609.9500000000003,26.0,Operational,39.0,0.0,0.0,0.0,0.0,0.0,0.0,0.0,0.0,0.0,0.0,0.0,0.0,0.0,0.0,0.0,0.0
11:55:28.200,1,-1.3810160160064695,53.39792251586914,50.553,11.0,336.02392578125,0.0,0.0,0.0,0.0,0.0,0.0,0.0,0.0,0.0,0.0,0.0,0.0,0.0,0.0,0.0,0.0,0.0,0.0,0.0,0.0,0.0,7.0,264.0,0.0,0.0,0.0,2609.9500000000003,26.0,Operational,39.0,0.0,0.0,0.0,0.0,0.0,0.0,0.0,0.0,0.0,0.0,0.0,0.0,0.0,0.0,0.0,0.0
11:55:28.300,1,-1.3810160160064695,53.39792251586914,50.553,11.0,336.02392578125,0.0,0.0,0.0,0.0,0.0,0.0,0.0,0.0,0.0,0.0,0.0,0.0,0.0,0.0,0.0,0.0,0.0,0.0,0.0,0.0,0.0,7.0,264.0,0.0,0.0,0.0,2609.9500000000003,26.0,Operational,39.0,0.0,0.0,0.0,0.0,0.0,0.0,0.0,0.0,0.0,0.0,0.0,0.0,0.0,0.0,0.0,0.0
11:55:28.400,1,-1.3810160160064695,53.39792251586914,50.553,11.0,336.02392578125,0.0,0.0,0.0,0.0,0.0,0.0,0.0,0.0,0.0,0.0,0.0,0.0,0.0,0.0,0.0,0.0,0.0,0.0,0.0,0.0,0.0,7.0,264.0,0.0,0.0,0.0,2609.9500000000003,26.0,Operational,39.0,0.0,0.0,0.0,0.0,0.0,0.0,0.0,0.0,0.0,0.0,0.0,0.0,0.0,0.0,0.0,0.0
11:55:28.500,1,-1.3810160160064695,53.39792251586914,50.553,11.0,336.02392578125,0.0,0.0,0.0,0.0,0.0,0.0,0.0,0.0,0.0,0.0,0.0,0.0,0.0,0.0,0.0,0.0,0.0,0.0,0.0,0.0,0.0,7.0,264.0,0.0,0.0,0.0,2609.9500000000003,26.0,Operational,39.0,0.0,0.0,0.0,0.0,0.0,0.0,0.0,0.0,0.0,0.0,0.0,0.0,0.0,0.0,0.0,0.0
11:55:28.600,1,-1.3810160160064695,53.39792251586914,50.553,11.0,336.02392578125,0.0,0.0,0.0,0.0,0.0,0.0,0.0,0.0,0.0,0.0,0.0,0.0,0.0,0.0,0.0,0.0,0.0,0.0,0.0,0.0,0.0,7.0,264.0,0.0,0.0,0.0,2609.9500000000003,26.0,Operational,39.0,0.0,0.0,0.0,0.0,0.0,0.0,0.0,0.0,0.0,0.0,0.0,0.0,0.0,0.0,0.0,0.0
11:55:28.700,1,-1.3810160160064695,53.39792251586914,50.553,11.0,336.02392578125,0.0,0.0,0.0,0.0,0.0,0.0,0.0,0.0,0.0,0.0,0.0,0.0,0.0,0.0,0.0,0.0,0.0,0.0,0.0,0.0,0.0,7.0,264.0,0.0,0.0,0.0,2609.9500000000003,26.0,Operational,39.0,0.0,0.0,0.0,0.0,0.0,0.0,0.0,0.0,0.0,0.0,0.0,0.0,0.0,0.0,0.0,0.0
11:55:28.800,1,-1.3810160160064695,53.39792251586914,50.553,11.0,336.02392578125,0.0,0.0,0.0,0.0,0.0,0.0,0.0,0.0,0.0,0.0,0.0,0.0,0.0,0.0,0.0,0.0,0.0,0.0,0.0,0.0,0.0,7.0,264.0,0.0,0.0,0.0,2609.9500000000003,26.0,Operational,39.0,0.0,0.0,0.0,0.0,0.0,0.0,0.0,0.0,0.0,0.0,0.0,0.0,0.0,0.0,0.0,0.0
11:55:28.900,1,-1.381016492843628,53.39791870117188,50.394,12.0,336.02392578125,0.0,0.0,0.0,0.0,0.0,0.0,0.0,0.0,0.0,0.0,0.0,0.0,0.0,0.0,0.0,0.0,0.0,0.0,0.0,0.0,0.0,7.0,264.0,0.0,0.0,0.0,2609.9500000000003,26.0,Operational,39.0,0.0,0.0,0.0,0.0,0.0,0.0,0.0,0.0,0.0,0.0,0.0,0.0,0.0,0.0,0.0,0.0
11:55:29.000,1,-1.381016492843628,53.39791870117188,50.394,12.0,336.02392578125,0.0,0.0,0.0,0.0,0.0,0.0,0.0,0.0,0.0,0.0,0.0,0.0,0.0,0.0,0.0,0.0,0.0,0.0,0.0,0.0,0.0,7.0,264.0,0.0,0.0,0.0,2609.9500000000003,26.0,Operational,39.0,0.0,0.0,0.0,0.0,0.0,0.0,0.0,0.0,0.0,0.0,0.0,0.0,0.0,0.0,0.0,0.0
11:55:29.100,1,-1.381016492843628,53.39791870117188,50.394,12.0,336.02392578125,0.0,0.0,0.0,0.0,0.0,0.0,0.0,0.0,0.0,0.0,0.0,0.0,0.0,0.0,0.0,0.0,0.0,0.0,0.0,0.0,0.0,7.0,264.0,0.0,0.0,0.0,2609.9500000000003,26.0,Operational,39.0,0.0,0.0,0.0,0.0,0.0,0.0,0.0,0.0,0.0,0.0,0.0,0.0,0.0,0.0,0.0,0.0
11:55:29.200,1,-1.381016492843628,53.39791870117188,50.394,12.0,336.02392578125,0.0,0.0,0.0,0.0,0.0,0.0,0.0,0.0,0.0,0.0,0.0,0.0,0.0,0.0,0.0,0.0,0.0,0.0,0.0,0.0,0.0,7.0,264.0,0.0,0.0,0.0,2609.9500000000003,26.0,Operational,39.0,0.0,0.0,0.0,0.0,0.0,0.0,0.0,0.0,0.0,0.0,0.0,0.0,0.0,0.0,0.0,0.0
11:55:29.300,1,-1.381016492843628,53.39791870117188,50.394,12.0,336.02392578125,0.0,0.0,0.0,0.0,0.0,0.0,0.0,0.0,0.0,0.0,0.0,0.0,0.0,0.0,0.0,0.0,0.0,0.0,0.0,0.0,0.0,7.0,264.0,0.0,0.0,0.0,2609.9500000000003,26.0,Operational,39.0,0.0,0.0,0.0,0.0,0.0,0.0,0.0,0.0,0.0,0.0,0.0,0.0,0.0,0.0,0.0,0.0
11:55:29.400,1,-1.381016492843628,53.39791870117188,50.394,12.0,336.02392578125,0.0,0.0,0.0,0.0,0.0,0.0,0.0,0.0,0.0,0.0,0.0,0.0,0.0,0.0,0.0,0.0,0.0,0.0,0.0,0.0,0.0,7.0,264.0,0.0,0.0,0.0,2609.9500000000003,26.0,Operational,39.0,0.0,0.0,0.0,0.0,0.0,0.0,0.0,0.0,0.0,0.0,0.0,0.0,0.0,0.0,0.0,0.0
11:55:29.500,1,-1.381016492843628,53.39791870117188,50.394,12.0,336.02392578125,0.0,0.0,0.0,0.0,0.0,0.0,0.0,0.0,0.0,0.0,0.0,0.0,0.0,0.0,0.0,0.0,0.0,0.0,0.0,0.0,0.0,7.0,264.0,0.0,0.0,0.0,2609.9500000000003,26.0,Operational,39.0,0.0,0.0,0.0,0.0,0.0,0.0,0.0,0.0,0.0,0.0,0.0,0.0,0.0,0.0,0.0,0.0
11:55:29.600,1,-1.381016492843628,53.39791870117188,50.394,12.0,336.02392578125,0.0,0.0,0.0,0.0,0.0,0.0,0.0,0.0,0.0,0.0,0.0,0.0,0.0,0.0,0.0,0.0,0.0,0.0,0.0,0.0,0.0,7.0,264.0,0.0,0.0,0.0,2609.9500000000003,26.0,Operational,39.0,0.0,0.0,0.0,0.0,0.0,0.0,0.0,0.0,0.0,0.0,0.0,0.0,0.0,0.0,0.0,0.0
