time,avifileindex,Longitude,Latitude,Altitude,Satellites,Heading,Nozzle1downTMSCS,Nozzle2downTMS,SideBrush1downTMS,SideBrush2downTMS,BrushCurrent,SideBrush1ExtendTMSCS,SideBrush2ExtendTMSCS,SideBrush1RetractTMSCS,SideBrush2RetractTMSCS,Nozzle1WaterSprayOnOffTMS,Nozzle2WaterSprayOnOffTMS,SideBrush1WaterSprayTMS,SideBrush2WaterSprayTMS,WSBMotoronoffTMS,FanOnTMS,WorkLight1OnOffTMS,WorkLight2OnOffTMS,NozGapOpen,NozGapClose,Pause_active,AutoSweepActive,EngineType,EngineSpeed,RoadSpeedTMSCS,EngineFuelRateTMSCS,FanSpeed,TotalFuelConsumption,WaterTankLevel,JVMheartbeat,JVMALerts,GutterSprayOnOff,AddWaterSprayOnOff,WaterRe_circOnOff,modbus_id,pm_sensor_serious_fault,pm_sensor_fault,pm_sensor_is_degraded_mode,pm_sensor_is_ready,pm_1,pm_2_5,pm_10,temperature,firmware_version,humidity,"error
"
13:12:11.000,0001,-0.3443481922149658,51.448280334472656,-3.848,9.0,31.116010665893555,0.0,0.0,0.0,0.0,0.0,0.0,0.0,0.0,0.0,0.0,0.0,0.0,0.0,0.0,0.0,0.0,0.0,0.0,0.0,0.0,0.0,7.0,0.0,0.0,0.0,0.0,2578.15,10.0,Operational,39.0,0.0,0.0,0.0,4.0,0.0,0.0,0.0,1.0,0.03,0.047,0.047,2524.0,4162.0,4048.0,"0.0
"
13:12:11.100,0001,-0.3443481922149658,51.448280334472656,-3.848,9.0,31.116010665893555,0.0,0.0,0.0,0.0,0.0,0.0,0.0,0.0,0.0,0.0,0.0,0.0,0.0,0.0,0.0,0.0,0.0,0.0,0.0,0.0,0.0,7.0,0.0,0.0,0.0,0.0,2578.15,10.0,Operational,39.0,0.0,0.0,0.0,4.0,0.0,0.0,0.0,1.0,0.03,0.047,0.047,2524.0,4162.0,4048.0,"0.0
"
13:12:11.200,0001,-0.3443481922149658,51.448280334472656,-3.848,9.0,31.116010665893555,0.0,0.0,0.0,0.0,0.0,0.0,0.0,0.0,0.0,0.0,0.0,0.0,0.0,0.0,0.0,0.0,0.0,0.0,0.0,0.0,0.0,7.0,0.0,0.0,0.0,0.0,2578.15,10.0,Operational,39.0,0.0,0.0,0.0,4.0,0.0,0.0,0.0,1.0,0.03,0.047,0.047,2524.0,4162.0,4048.0,"0.0
"
13:12:11.300,0001,-0.3443481922149658,51.448280334472656,-3.848,9.0,31.116010665893555,0.0,0.0,0.0,0.0,0.0,0.0,0.0,0.0,0.0,0.0,0.0,0.0,0.0,0.0,0.0,0.0,0.0,0.0,0.0,0.0,0.0,7.0,0.0,0.0,0.0,0.0,2578.15,10.0,Operational,39.0,0.0,0.0,0.0,4.0,0.0,0.0,0.0,1.0,0.03,0.047,0.047,2524.0,4162.0,4048.0,"0.0
"
13:12:11.400,0001,-0.3443481922149658,51.448280334472656,-3.848,9.0,31.116010665893555,0.0,0.0,0.0,0.0,0.0,0.0,0.0,0.0,0.0,0.0,0.0,0.0,0.0,0.0,0.0,0.0,0.0,0.0,0.0,0.0,0.0,7.0,0.0,0.0,0.0,0.0,2578.15,10.0,Operational,39.0,0.0,0.0,0.0,4.0,0.0,0.0,0.0,1.0,0.03,0.047,0.047,2524.0,4162.0,4048.0,"0.0
"
13:12:11.500,0001,-0.3443481922149658,51.448280334472656,-3.848,9.0,31.116010665893555,0.0,0.0,0.0,0.0,0.0,0.0,0.0,0.0,0.0,0.0,0.0,0.0,0.0,0.0,0.0,0.0,0.0,0.0,0.0,0.0,0.0,7.0,0.0,0.0,0.0,0.0,2578.15,10.0,Operational,39.0,0.0,0.0,0.0,4.0,0.0,0.0,0.0,1.0,0.03,0.047,0.047,2524.0,4162.0,4048.0,"0.0
"
13:12:11.500,0001,-0.3443481922149658,51.448280334472656,-3.848,9.0,31.116010665893555,0.0,0.0,0.0,0.0,0.0,0.0,0.0,0.0,0.0,0.0,0.0,0.0,0.0,0.0,0.0,0.0,0.0,0.0,0.0,0.0,0.0,7.0,0.0,0.0,0.0,0.0,2578.15,10.0,Operational,39.0,0.0,0.0,0.0,4.0,0.0,0.0,0.0,1.0,0.03,0.047,0.047,2524.0,4162.0,4048.0,"0.0
"
13:12:11.600,0001,-0.3443481922149658,51.448280334472656,-3.848,9.0,31.116010665893555,0.0,0.0,0.0,0.0,0.0,0.0,0.0,0.0,0.0,0.0,0.0,0.0,0.0,0.0,0.0,0.0,0.0,0.0,0.0,0.0,0.0,7.0,0.0,0.0,0.0,0.0,2578.15,10.0,Operational,39.0,0.0,0.0,0.0,4.0,0.0,0.0,0.0,1.0,0.03,0.047,0.047,2524.0,4162.0,4048.0,"0.0
"
13:12:11.700,0001,-0.3443481922149658,51.448280334472656,-3.848,9.0,31.116010665893555,0.0,0.0,0.0,0.0,0.0,0.0,0.0,0.0,0.0,0.0,0.0,0.0,0.0,0.0,0.0,0.0,0.0,0.0,0.0,0.0,0.0,7.0,0.0,0.0,0.0,0.0,2578.15,10.0,Operational,39.0,0.0,0.0,0.0,4.0,0.0,0.0,0.0,1.0,0.03,0.047,0.047,2524.0,4162.0,4048.0,"0.0
"
13:12:11.800,0001,-0.3443481922149658,51.448280334472656,-3.848,9.0,31.116010665893555,0.0,0.0,0.0,0.0,0.0,0.0,0.0,0.0,0.0,0.0,0.0,0.0,0.0,0.0,0.0,0.0,0.0,0.0,0.0,0.0,0.0,7.0,0.0,0.0,0.0,0.0,2578.15,10.0,Operational,39.0,0.0,0.0,0.0,4.0,0.0,0.0,0.0,1.0,0.03,0.047,0.047,2524.0,4162.0,4048.0,"0.0
"
13:12:11.900,0001,-0.3443500101566314,51.448280334472656,-4.198,9.0,31.116010665893555,0.0,0.0,0.0,0.0,0.0,0.0,0.0,0.0,0.0,0.0,0.0,0.0,0.0,0.0,0.0,0.0,0.0,0.0,0.0,0.0,0.0,7.0,0.0,0.0,0.0,0.0,2578.15,10.0,Operational,39.0,0.0,0.0,0.0,4.0,0.0,0.0,0.0,1.0,0.03,0.047,0.047,2524.0,4162.0,4048.0,"0.0
"
13:12:12.000,0001,-0.3443500101566314,51.448280334472656,-4.198,9.0,31.116010665893555,0.0,0.0,0.0,0.0,0.0,0.0,0.0,0.0,0.0,0.0,0.0,0.0,0.0,0.0,0.0,0.0,0.0,0.0,0.0,0.0,0.0,7.0,0.0,0.0,0.0,0.0,2578.15,10.0,Operational,39.0,0.0,0.0,0.0,4.0,0.0,0.0,0.0,1.0,0.03,0.047,0.047,2524.0,4162.0,4048.0,"0.0
"
13:12:12.100,0001,-0.3443500101566314,51.448280334472656,-4.198,9.0,31.116010665893555,0.0,0.0,0.0,0.0,0.0,0.0,0.0,0.0,0.0,0.0,0.0,0.0,0.0,0.0,0.0,0.0,0.0,0.0,0.0,0.0,0.0,7.0,0.0,0.0,0.0,0.0,2578.15,10.0,Operational,39.0,0.0,0.0,0.0,4.0,0.0,0.0,0.0,1.0,0.03,0.047,0.047,2524.0,4162.0,4048.0,"0.0
"
13:12:12.200,0001,-0.3443500101566314,51.448280334472656,-4.198,9.0,31.116010665893555,0.0,0.0,0.0,0.0,0.0,0.0,0.0,0.0,0.0,0.0,0.0,0.0,0.0,0.0,0.0,0.0,0.0,0.0,0.0,0.0,0.0,7.0,0.0,0.0,0.0,0.0,2578.15,10.0,Operational,39.0,0.0,0.0,0.0,5.0,0.0,0.0,0.0,1.0,0.02,0.02,0.02,2819.0,4162.0,3677.0,"0.0
"
13:12:12.300,0001,-0.3443500101566314,51.448280334472656,-4.198,9.0,31.116010665893555,0.0,0.0,0.0,0.0,0.0,0.0,0.0,0.0,0.0,0.0,0.0,0.0,0.0,0.0,0.0,0.0,0.0,0.0,0.0,0.0,0.0,7.0,0.0,0.0,0.0,0.0,2578.15,10.0,Operational,39.0,0.0,0.0,0.0,5.0,0.0,0.0,0.0,1.0,0.02,0.02,0.02,2819.0,4162.0,3677.0,"0.0
"
13:12:12.400,0001,-0.3443500101566314,51.448280334472656,-4.198,9.0,31.116010665893555,0.0,0.0,0.0,0.0,0.0,0.0,0.0,0.0,0.0,0.0,0.0,0.0,0.0,0.0,0.0,0.0,0.0,0.0,0.0,0.0,0.0,7.0,0.0,0.0,0.0,0.0,2578.15,10.0,Operational,39.0,0.0,0.0,0.0,5.0,0.0,0.0,0.0,1.0,0.02,0.02,0.02,2819.0,4162.0,3677.0,"0.0
"
13:12:12.500,0001,-0.3443500101566314,51.448280334472656,-4.198,9.0,31.116010665893555,0.0,0.0,0.0,0.0,0.0,0.0,0.0,0.0,0.0,0.0,0.0,0.0,0.0,0.0,0.0,0.0,0.0,0.0,0.0,0.0,0.0,7.0,0.0,0.0,0.0,0.0,2578.15,10.0,Operational,39.0,0.0,0.0,0.0,5.0,0.0,0.0,0.0,1.0,0.02,0.02,0.02,2819.0,4162.0,3677.0,"0.0
"
13:12:12.600,0001,-0.3443500101566314,51.448280334472656,-4.198,9.0,31.116010665893555,0.0,0.0,0.0,0.0,0.0,0.0,0.0,0.0,0.0,0.0,0.0,0.0,0.0,0.0,0.0,0.0,0.0,0.0,0.0,0.0,0.0,7.0,0.0,0.0,0.0,0.0,2578.15,10.0,Operational,39.0,0.0,0.0,0.0,5.0,0.0,0.0,0.0,1.0,0.02,0.02,0.02,2819.0,4162.0,3677.0,"0.0
"
13:12:12.700,0001,-0.3443500101566314,51.448280334472656,-4.198,9.0,31.116010665893555,0.0,0.0,0.0,0.0,0.0,0.0,0.0,0.0,0.0,0.0,0.0,0.0,0.0,0.0,0.0,0.0,0.0,0.0,0.0,0.0,0.0,7.0,0.0,0.0,0.0,0.0,2578.15,10.0,Operational,39.0,0.0,0.0,0.0,5.0,0.0,0.0,0.0,1.0,0.02,0.02,0.02,2819.0,4162.0,3677.0,"0.0
"
13:12:12.800,0001,-0.3443500101566314,51.448280334472656,-4.198,9.0,31.116010665893555,0.0,0.0,0.0,0.0,0.0,0.0,0.0,0.0,0.0,0.0,0.0,0.0,0.0,0.0,0.0,0.0,0.0,0.0,0.0,0.0,0.0,7.0,0.0,0.0,0.0,0.0,2578.15,10.0,Operational,39.0,0.0,0.0,0.0,5.0,0.0,0.0,0.0,1.0,0.02,0.02,0.02,2819.0,4162.0,3677.0,"0.0
"
13:12:12.900,0001,-0.3443511128425598,51.448280334472656,-4.379,9.0,31.116010665893555,0.0,0.0,0.0,0.0,0.0,0.0,0.0,0.0,0.0,0.0,0.0,0.0,0.0,0.0,0.0,0.0,0.0,0.0,0.0,0.0,0.0,7.0,0.0,0.0,0.0,0.0,2578.15,10.0,Operational,39.0,0.0,0.0,0.0,5.0,0.0,0.0,0.0,1.0,0.02,0.02,0.02,2819.0,4162.0,3677.0,"0.0
"
13:12:13.000,0001,-0.3443511128425598,51.448280334472656,-4.379,9.0,31.116010665893555,0.0,0.0,0.0,0.0,0.0,0.0,0.0,0.0,0.0,0.0,0.0,0.0,0.0,0.0,0.0,0.0,0.0,0.0,0.0,0.0,0.0,7.0,0.0,0.0,0.0,0.0,2578.15,10.0,Operational,39.0,0.0,0.0,0.0,1.0,0.0,0.0,0.0,1.0,0.025,0.025,0.025,3448.0,4162.0,2774.0,"0.0
"
13:12:13.100,0001,-0.3443511128425598,51.448280334472656,-4.379,9.0,31.116010665893555,0.0,0.0,0.0,0.0,0.0,0.0,0.0,0.0,0.0,0.0,0.0,0.0,0.0,0.0,0.0,0.0,0.0,0.0,0.0,0.0,0.0,7.0,0.0,0.0,0.0,0.0,2578.15,10.0,Operational,39.0,0.0,0.0,0.0,1.0,0.0,0.0,0.0,1.0,0.025,0.025,0.025,3448.0,4162.0,2774.0,"0.0
"
13:12:13.200,0001,-0.3443511128425598,51.448280334472656,-4.379,9.0,31.116010665893555,0.0,0.0,0.0,0.0,0.0,0.0,0.0,0.0,0.0,0.0,0.0,0.0,0.0,0.0,0.0,0.0,0.0,0.0,0.0,0.0,0.0,7.0,0.0,0.0,0.0,0.0,2578.15,10.0,Operational,39.0,0.0,0.0,0.0,1.0,0.0,0.0,0.0,1.0,0.025,0.025,0.025,3448.0,4162.0,2774.0,"0.0
"
13:12:13.300,0001,-0.3443511128425598,51.448280334472656,-4.379,9.0,31.116010665893555,0.0,0.0,0.0,0.0,0.0,0.0,0.0,0.0,0.0,0.0,0.0,0.0,0.0,0.0,0.0,0.0,0.0,0.0,0.0,0.0,0.0,7.0,0.0,0.0,0.0,0.0,2578.15,10.0,Operational,39.0,0.0,0.0,0.0,1.0,0.0,0.0,0.0,1.0,0.025,0.025,0.025,3448.0,4162.0,2774.0,"0.0
"
13:12:13.400,0001,-0.3443511128425598,51.448280334472656,-4.379,9.0,31.116010665893555,0.0,0.0,0.0,0.0,0.0,0.0,0.0,0.0,0.0,0.0,0.0,0.0,0.0,0.0,0.0,0.0,0.0,0.0,0.0,0.0,0.0,7.0,0.0,0.0,0.0,0.0,2578.15,10.0,Operational,39.0,0.0,0.0,0.0,1.0,0.0,0.0,0.0,1.0,0.025,0.025,0.025,3448.0,4162.0,2774.0,"0.0
"
13:12:13.500,0001,-0.3443511128425598,51.448280334472656,-4.379,9.0,31.116010665893555,0.0,0.0,0.0,0.0,0.0,0.0,0.0,0.0,0.0,0.0,0.0,0.0,0.0,0.0,0.0,0.0,0.0,0.0,0.0,0.0,0.0,7.0,0.0,0.0,0.0,0.0,2578.15,10.0,Operational,39.0,0.0,0.0,0.0,1.0,0.0,0.0,0.0,1.0,0.025,0.025,0.025,3448.0,4162.0,2774.0,"0.0
"
13:12:13.600,0001,-0.3443511128425598,51.448280334472656,-4.379,9.0,31.116010665893555,0.0,0.0,0.0,0.0,0.0,0.0,0.0,0.0,0.0,0.0,0.0,0.0,0.0,0.0,0.0,0.0,0.0,0.0,0.0,0.0,0.0,7.0,0.0,0.0,0.0,0.0,2578.15,10.0,Operational,39.0,0.0,0.0,0.0,1.0,0.0,0.0,0.0,1.0,0.025,0.025,0.025,3448.0,4162.0,2774.0,"0.0
"
13:12:13.700,0001,-0.3443511128425598,51.448280334472656,-4.379,9.0,31.116010665893555,0.0,0.0,0.0,0.0,0.0,0.0,0.0,0.0,0.0,0.0,0.0,0.0,0.0,0.0,0.0,0.0,0.0,0.0,0.0,0.0,0.0,7.0,0.0,0.0,0.0,0.0,2578.15,10.0,Operational,39.0,0.0,0.0,0.0,1.0,0.0,0.0,0.0,1.0,0.025,0.025,0.025,3448.0,4162.0,2774.0,"0.0
"
13:12:13.800,0001,-0.3443511128425598,51.448280334472656,-4.379,9.0,31.116010665893555,0.0,0.0,0.0,0.0,0.0,0.0,0.0,0.0,0.0,0.0,0.0,0.0,0.0,0.0,0.0,0.0,0.0,0.0,0.0,0.0,0.0,7.0,0.0,0.0,0.0,0.0,2578.15,10.0,Operational,39.0,0.0,0.0,0.0,2.0,0.0,0.0,0.0,1.0,0.013,0.029,0.029,2606.0,4162.0,4330.0,"0.0
"
13:12:13.900,0001,-0.344351202249527,51.448280334472656,-4.406,8.0,31.116010665893555,0.0,0.0,0.0,0.0,0.0,0.0,0.0,0.0,0.0,0.0,0.0,0.0,0.0,0.0,0.0,0.0,0.0,0.0,0.0,0.0,0.0,7.0,0.0,0.0,0.0,0.0,2578.15,10.0,Operational,39.0,0.0,0.0,0.0,2.0,0.0,0.0,0.0,1.0,0.013,0.029,0.029,2606.0,4162.0,4330.0,"0.0
"
13:12:14.000,0001,-0.344351202249527,51.448280334472656,-4.406,8.0,31.116010665893555,0.0,0.0,0.0,0.0,0.0,0.0,0.0,0.0,0.0,0.0,0.0,0.0,0.0,0.0,0.0,0.0,0.0,0.0,0.0,0.0,0.0,7.0,0.0,0.0,0.0,0.0,2578.15,10.0,Operational,39.0,0.0,0.0,0.0,2.0,0.0,0.0,0.0,1.0,0.013,0.029,0.029,2606.0,4162.0,4330.0,"0.0
"
13:12:14.100,0001,-0.344351202249527,51.448280334472656,-4.406,8.0,31.116010665893555,0.0,0.0,0.0,0.0,0.0,0.0,0.0,0.0,0.0,0.0,0.0,0.0,0.0,0.0,0.0,0.0,0.0,0.0,0.0,0.0,0.0,7.0,0.0,0.0,0.0,0.0,2578.15,10.0,Operational,39.0,0.0,0.0,0.0,2.0,0.0,0.0,0.0,1.0,0.013,0.029,0.029,2606.0,4162.0,4330.0,"0.0
"
13:12:14.200,0001,-0.344351202249527,51.448280334472656,-4.406,8.0,31.116010665893555,0.0,0.0,0.0,0.0,0.0,0.0,0.0,0.0,0.0,0.0,0.0,0.0,0.0,0.0,0.0,0.0,0.0,0.0,0.0,0.0,0.0,7.0,0.0,0.0,0.0,0.0,2578.15,10.0,Operational,39.0,0.0,0.0,0.0,2.0,0.0,0.0,0.0,1.0,0.013,0.029,0.029,2606.0,4162.0,4330.0,"0.0
"
13:12:14.300,0001,-0.344351202249527,51.448280334472656,-4.406,8.0,31.116010665893555,0.0,0.0,0.0,0.0,0.0,0.0,0.0,0.0,0.0,0.0,0.0,0.0,0.0,0.0,0.0,0.0,0.0,0.0,0.0,0.0,0.0,7.0,0.0,0.0,0.0,0.0,2578.15,10.0,Operational,39.0,0.0,0.0,0.0,2.0,0.0,0.0,0.0,1.0,0.013,0.029,0.029,2606.0,4162.0,4330.0,"0.0
"
13:12:14.400,0001,-0.344351202249527,51.448280334472656,-4.406,8.0,31.116010665893555,0.0,0.0,0.0,0.0,0.0,0.0,0.0,0.0,0.0,0.0,0.0,0.0,0.0,0.0,0.0,0.0,0.0,0.0,0.0,0.0,0.0,7.0,0.0,0.0,0.0,0.0,2578.15,10.0,Operational,39.0,0.0,0.0,0.0,2.0,0.0,0.0,0.0,1.0,0.013,0.029,0.029,2606.0,4162.0,4330.0,"0.0
"
13:12:14.500,0001,-0.344351202249527,51.448280334472656,-4.406,8.0,31.116010665893555,0.0,0.0,0.0,0.0,0.0,0.0,0.0,0.0,0.0,0.0,0.0,0.0,0.0,0.0,0.0,0.0,0.0,0.0,0.0,0.0,0.0,7.0,0.0,0.0,0.0,0.0,2578.15,10.0,Operational,39.0,0.0,0.0,0.0,2.0,0.0,0.0,0.0,1.0,0.013,0.029,0.029,2606.0,4162.0,4330.0,"0.0
"
13:12:14.600,0001,-0.344351202249527,51.448280334472656,-4.406,8.0,31.116010665893555,0.0,0.0,0.0,0.0,0.0,0.0,0.0,0.0,0.0,0.0,0.0,0.0,0.0,0.0,0.0,0.0,0.0,0.0,0.0,0.0,0.0,7.0,0.0,0.0,0.0,0.0,2578.15,10.0,Operational,39.0,0.0,0.0,0.0,3.0,0.0,0.0,0.0,1.0,0.015,0.015,0.015,2658.0,4162.0,3898.0,"0.0
"
13:12:14.700,0001,-0.344351202249527,51.448280334472656,-4.406,8.0,31.116010665893555,0.0,0.0,0.0,0.0,0.0,0.0,0.0,0.0,0.0,0.0,0.0,0.0,0.0,0.0,0.0,0.0,0.0,0.0,0.0,0.0,0.0,7.0,0.0,0.0,0.0,0.0,2578.15,10.0,Operational,39.0,0.0,0.0,0.0,3.0,0.0,0.0,0.0,1.0,0.015,0.015,0.015,2658.0,4162.0,3898.0,"0.0
"
13:12:14.800,0001,-0.344351202249527,51.448280334472656,-4.406,8.0,31.116010665893555,0.0,0.0,0.0,0.0,0.0,0.0,0.0,0.0,0.0,0.0,0.0,0.0,0.0,0.0,0.0,0.0,0.0,0.0,0.0,0.0,0.0,7.0,0.0,0.0,0.0,0.0,2578.15,10.0,Operational,39.0,0.0,0.0,0.0,3.0,0.0,0.0,0.0,1.0,0.015,0.015,0.015,2658.0,4162.0,3898.0,"0.0
"
13:12:14.900,0001,-0.3443514108657837,51.448280334472656,-4.464,8.0,31.116010665893555,0.0,0.0,0.0,0.0,0.0,0.0,0.0,0.0,0.0,0.0,0.0,0.0,0.0,0.0,0.0,0.0,0.0,0.0,0.0,0.0,0.0,7.0,0.0,0.0,0.0,0.0,2578.15,10.0,Operational,39.0,0.0,0.0,0.0,3.0,0.0,0.0,0.0,1.0,0.015,0.015,0.015,2658.0,4162.0,3898.0,"0.0
"
13:12:15.000,0001,-0.3443514108657837,51.448280334472656,-4.464,8.0,31.116010665893555,0.0,0.0,0.0,0.0,0.0,0.0,0.0,0.0,0.0,0.0,0.0,0.0,0.0,0.0,0.0,0.0,0.0,0.0,0.0,0.0,0.0,7.0,0.0,0.0,0.0,0.0,2578.15,10.0,Operational,39.0,0.0,0.0,0.0,3.0,0.0,0.0,0.0,1.0,0.015,0.015,0.015,2658.0,4162.0,3898.0,"0.0
"
13:12:15.100,0001,-0.3443514108657837,51.448280334472656,-4.464,8.0,31.116010665893555,0.0,0.0,0.0,0.0,0.0,0.0,0.0,0.0,0.0,0.0,0.0,0.0,0.0,0.0,0.0,0.0,0.0,0.0,0.0,0.0,0.0,7.0,0.0,0.0,0.0,0.0,2578.15,10.0,Operational,39.0,0.0,0.0,0.0,3.0,0.0,0.0,0.0,1.0,0.015,0.015,0.015,2658.0,4162.0,3898.0,"0.0
"
13:12:15.200,0001,-0.3443514108657837,51.448280334472656,-4.464,8.0,31.116010665893555,0.0,0.0,0.0,0.0,0.0,0.0,0.0,0.0,0.0,0.0,0.0,0.0,0.0,0.0,0.0,0.0,0.0,0.0,0.0,0.0,0.0,7.0,0.0,0.0,0.0,0.0,2578.15,10.0,Operational,39.0,0.0,0.0,0.0,3.0,0.0,0.0,0.0,1.0,0.015,0.015,0.015,2658.0,4162.0,3898.0,"0.0
"
13:12:15.300,0001,-0.3443514108657837,51.448280334472656,-4.464,8.0,31.116010665893555,0.0,0.0,0.0,0.0,0.0,0.0,0.0,0.0,0.0,0.0,0.0,0.0,0.0,0.0,0.0,0.0,0.0,0.0,0.0,0.0,0.0,7.0,0.0,0.0,0.0,0.0,2578.15,10.0,Operational,39.0,0.0,0.0,0.0,3.0,0.0,0.0,0.0,1.0,0.015,0.015,0.015,2658.0,4162.0,3898.0,"0.0
"
13:12:15.400,0001,-0.3443514108657837,51.448280334472656,-4.464,8.0,31.116010665893555,0.0,0.0,0.0,0.0,0.0,0.0,0.0,0.0,0.0,0.0,0.0,0.0,0.0,0.0,0.0,0.0,0.0,0.0,0.0,0.0,0.0,7.0,0.0,0.0,0.0,0.0,2578.15,10.0,Operational,39.0,0.0,0.0,0.0,4.0,0.0,0.0,0.0,1.0,0.032,0.081,0.081,2528.0,4162.0,4050.0,"0.0
"
13:12:15.500,0001,-0.3443514108657837,51.448280334472656,-4.464,8.0,31.116010665893555,0.0,0.0,0.0,0.0,0.0,0.0,0.0,0.0,0.0,0.0,0.0,0.0,0.0,0.0,0.0,0.0,0.0,0.0,0.0,0.0,0.0,7.0,0.0,0.0,0.0,0.0,2578.15,10.0,Operational,39.0,0.0,0.0,0.0,4.0,0.0,0.0,0.0,1.0,0.032,0.081,0.081,2528.0,4162.0,4050.0,"0.0
"
13:12:15.600,0001,-0.3443514108657837,51.448280334472656,-4.464,8.0,31.116010665893555,0.0,0.0,0.0,0.0,0.0,0.0,0.0,0.0,0.0,0.0,0.0,0.0,0.0,0.0,0.0,0.0,0.0,0.0,0.0,0.0,0.0,7.0,0.0,0.0,0.0,0.0,2578.15,10.0,Operational,39.0,0.0,0.0,0.0,4.0,0.0,0.0,0.0,1.0,0.032,0.081,0.081,2528.0,4162.0,4050.0,"0.0
"
13:12:15.700,0001,-0.3443514108657837,51.448280334472656,-4.464,8.0,31.116010665893555,0.0,0.0,0.0,0.0,0.0,0.0,0.0,0.0,0.0,0.0,0.0,0.0,0.0,0.0,0.0,0.0,0.0,0.0,0.0,0.0,0.0,7.0,0.0,0.0,0.0,0.0,2578.15,10.0,Operational,39.0,0.0,0.0,0.0,4.0,0.0,0.0,0.0,1.0,0.032,0.081,0.081,2528.0,4162.0,4050.0,"0.0
"
13:12:15.800,0001,-0.3443514108657837,51.448280334472656,-4.464,8.0,31.116010665893555,0.0,0.0,0.0,0.0,0.0,0.0,0.0,0.0,0.0,0.0,0.0,0.0,0.0,0.0,0.0,0.0,0.0,0.0,0.0,0.0,0.0,7.0,0.0,0.0,0.0,0.0,2578.15,10.0,Operational,39.0,0.0,0.0,0.0,4.0,0.0,0.0,0.0,1.0,0.032,0.081,0.081,2528.0,4162.0,4050.0,"0.0
"
13:12:15.900,0001,-0.3443511128425598,51.448280334472656,-4.51,9.0,31.116010665893555,0.0,0.0,0.0,0.0,0.0,0.0,0.0,0.0,0.0,0.0,0.0,0.0,0.0,0.0,0.0,0.0,0.0,0.0,0.0,0.0,0.0,7.0,0.0,0.0,0.0,0.0,2578.15,10.0,Operational,39.0,0.0,0.0,0.0,4.0,0.0,0.0,0.0,1.0,0.032,0.081,0.081,2528.0,4162.0,4050.0,"0.0
"
13:12:16.000,0001,-0.3443511128425598,51.448280334472656,-4.51,9.0,31.116010665893555,0.0,0.0,0.0,0.0,0.0,0.0,0.0,0.0,0.0,0.0,0.0,0.0,0.0,0.0,0.0,0.0,0.0,0.0,0.0,0.0,0.0,7.0,0.0,0.0,0.0,0.0,2578.15,10.0,Operational,39.0,0.0,0.0,0.0,4.0,0.0,0.0,0.0,1.0,0.032,0.081,0.081,2528.0,4162.0,4050.0,"0.0
"
13:12:16.100,0001,-0.3443511128425598,51.448280334472656,-4.51,9.0,31.116010665893555,0.0,0.0,0.0,0.0,0.0,0.0,0.0,0.0,0.0,0.0,0.0,0.0,0.0,0.0,0.0,0.0,0.0,0.0,0.0,0.0,0.0,7.0,0.0,0.0,0.0,0.0,2578.15,10.0,Operational,39.0,0.0,0.0,0.0,4.0,0.0,0.0,0.0,1.0,0.032,0.081,0.081,2528.0,4162.0,4050.0,"0.0
"
13:12:16.200,0001,-0.3443511128425598,51.448280334472656,-4.51,9.0,31.116010665893555,0.0,0.0,0.0,0.0,0.0,0.0,0.0,0.0,0.0,0.0,0.0,0.0,0.0,0.0,0.0,0.0,0.0,0.0,0.0,0.0,0.0,7.0,0.0,0.0,0.0,0.0,2578.15,10.0,Operational,39.0,0.0,0.0,0.0,4.0,0.0,0.0,0.0,1.0,0.032,0.081,0.081,2528.0,4162.0,4050.0,"0.0
"
13:12:16.300,0001,-0.3443511128425598,51.448280334472656,-4.51,9.0,31.116010665893555,0.0,0.0,0.0,0.0,0.0,0.0,0.0,0.0,0.0,0.0,0.0,0.0,0.0,0.0,0.0,0.0,0.0,0.0,0.0,0.0,0.0,7.0,0.0,0.0,0.0,0.0,2578.15,10.0,Operational,39.0,0.0,0.0,0.0,4.0,0.0,0.0,0.0,1.0,0.032,0.081,0.081,2528.0,4162.0,4050.0,"0.0
"
13:12:16.400,0001,-0.3443511128425598,51.448280334472656,-4.51,9.0,31.116010665893555,0.0,0.0,0.0,0.0,0.0,0.0,0.0,0.0,0.0,0.0,0.0,0.0,0.0,0.0,0.0,0.0,0.0,0.0,0.0,0.0,0.0,7.0,0.0,0.0,0.0,0.0,2578.15,10.0,Operational,39.0,0.0,0.0,0.0,4.0,0.0,0.0,0.0,1.0,0.032,0.081,0.081,2528.0,4162.0,4050.0,"0.0
"
13:12:16.500,0001,-0.3443511128425598,51.448280334472656,-4.51,9.0,31.116010665893555,0.0,0.0,0.0,0.0,0.0,0.0,0.0,0.0,0.0,0.0,0.0,0.0,0.0,0.0,0.0,0.0,0.0,0.0,0.0,0.0,0.0,7.0,0.0,0.0,0.0,0.0,2578.15,10.0,Operational,39.0,0.0,0.0,0.0,5.0,0.0,0.0,0.0,1.0,0.02,0.02,0.02,2821.0,4162.0,3676.0,"0.0
"
13:12:16.600,0001,-0.3443511128425598,51.448280334472656,-4.51,9.0,31.116010665893555,0.0,0.0,0.0,0.0,0.0,0.0,0.0,0.0,0.0,0.0,0.0,0.0,0.0,0.0,0.0,0.0,0.0,0.0,0.0,0.0,0.0,7.0,0.0,0.0,0.0,0.0,2578.15,10.0,Operational,39.0,0.0,0.0,0.0,5.0,0.0,0.0,0.0,1.0,0.02,0.02,0.02,2821.0,4162.0,3676.0,"0.0
"
13:12:16.700,0001,-0.3443511128425598,51.448280334472656,-4.51,9.0,31.116010665893555,0.0,0.0,0.0,0.0,0.0,0.0,0.0,0.0,0.0,0.0,0.0,0.0,0.0,0.0,0.0,0.0,0.0,0.0,0.0,0.0,0.0,7.0,0.0,0.0,0.0,0.0,2578.15,10.0,Operational,39.0,0.0,0.0,0.0,5.0,0.0,0.0,0.0,1.0,0.02,0.02,0.02,2821.0,4162.0,3676.0,"0.0
"
13:12:16.800,0001,-0.3443511128425598,51.448280334472656,-4.51,9.0,31.116010665893555,0.0,0.0,0.0,0.0,0.0,0.0,0.0,0.0,0.0,0.0,0.0,0.0,0.0,0.0,0.0,0.0,0.0,0.0,0.0,0.0,0.0,7.0,0.0,0.0,0.0,0.0,2578.15,10.0,Operational,39.0,0.0,0.0,0.0,5.0,0.0,0.0,0.0,1.0,0.02,0.02,0.02,2821.0,4162.0,3676.0,"0.0
"
13:12:16.900,0001,-0.344351589679718,51.448280334472656,-4.79,9.0,31.116010665893555,0.0,0.0,0.0,0.0,0.0,0.0,0.0,0.0,0.0,0.0,0.0,0.0,0.0,0.0,0.0,0.0,0.0,0.0,0.0,0.0,0.0,7.0,0.0,0.0,0.0,0.0,2578.15,10.0,Operational,39.0,0.0,0.0,0.0,5.0,0.0,0.0,0.0,1.0,0.02,0.02,0.02,2821.0,4162.0,3676.0,"0.0
"
13:12:17.000,0001,-0.344351589679718,51.448280334472656,-4.79,9.0,31.116010665893555,0.0,0.0,0.0,0.0,0.0,0.0,0.0,0.0,0.0,0.0,0.0,0.0,0.0,0.0,0.0,0.0,0.0,0.0,0.0,0.0,0.0,7.0,0.0,0.0,0.0,0.0,2578.15,10.0,Operational,39.0,0.0,0.0,0.0,5.0,0.0,0.0,0.0,1.0,0.02,0.02,0.02,2821.0,4162.0,3676.0,"0.0
"
13:12:17.100,0001,-0.344351589679718,51.448280334472656,-4.79,9.0,31.116010665893555,0.0,0.0,0.0,0.0,0.0,0.0,0.0,0.0,0.0,0.0,0.0,0.0,0.0,0.0,0.0,0.0,0.0,0.0,0.0,0.0,0.0,7.0,0.0,0.0,0.0,0.0,2578.15,10.0,Operational,39.0,0.0,0.0,0.0,5.0,0.0,0.0,0.0,1.0,0.02,0.02,0.02,2821.0,4162.0,3676.0,"0.0
"
13:12:17.200,0001,-0.344351589679718,51.448280334472656,-4.79,9.0,31.116010665893555,0.0,0.0,0.0,0.0,0.0,0.0,0.0,0.0,0.0,0.0,0.0,0.0,0.0,0.0,0.0,0.0,0.0,0.0,0.0,0.0,0.0,7.0,0.0,0.0,0.0,0.0,2578.15,10.0,Operational,39.0,0.0,0.0,0.0,5.0,0.0,0.0,0.0,1.0,0.02,0.02,0.02,2821.0,4162.0,3676.0,"0.0
"
13:12:17.300,0001,-0.344351589679718,51.448280334472656,-4.79,9.0,31.116010665893555,0.0,0.0,0.0,0.0,0.0,0.0,0.0,0.0,0.0,0.0,0.0,0.0,0.0,0.0,0.0,0.0,0.0,0.0,0.0,0.0,0.0,7.0,0.0,0.0,0.0,0.0,2578.15,10.0,Operational,39.0,0.0,0.0,0.0,1.0,0.0,0.0,0.0,1.0,0.019,0.019,0.019,3450.0,4162.0,2799.0,"0.0
"
13:12:17.400,0001,-0.344351589679718,51.448280334472656,-4.79,9.0,31.116010665893555,0.0,0.0,0.0,0.0,0.0,0.0,0.0,0.0,0.0,0.0,0.0,0.0,0.0,0.0,0.0,0.0,0.0,0.0,0.0,0.0,0.0,7.0,0.0,0.0,0.0,0.0,2578.15,10.0,Operational,39.0,0.0,0.0,0.0,1.0,0.0,0.0,0.0,1.0,0.019,0.019,0.019,3450.0,4162.0,2799.0,"0.0
"
13:12:17.500,0001,-0.344351589679718,51.448280334472656,-4.79,9.0,31.116010665893555,0.0,0.0,0.0,0.0,0.0,0.0,0.0,0.0,0.0,0.0,0.0,0.0,0.0,0.0,0.0,0.0,0.0,0.0,0.0,0.0,0.0,7.0,0.0,0.0,0.0,0.0,2578.15,10.0,Operational,39.0,0.0,0.0,0.0,1.0,0.0,0.0,0.0,1.0,0.019,0.019,0.019,3450.0,4162.0,2799.0,"0.0
"
13:12:17.600,0001,-0.344351589679718,51.448280334472656,-4.79,9.0,31.116010665893555,0.0,0.0,0.0,0.0,0.0,0.0,0.0,0.0,0.0,0.0,0.0,0.0,0.0,0.0,0.0,0.0,0.0,0.0,0.0,0.0,0.0,7.0,0.0,0.0,0.0,0.0,2578.15,10.0,Operational,39.0,0.0,0.0,0.0,1.0,0.0,0.0,0.0,1.0,0.019,0.019,0.019,3450.0,4162.0,2799.0,"0.0
"
13:12:17.700,0001,-0.344351589679718,51.448280334472656,-4.79,9.0,31.116010665893555,0.0,0.0,0.0,0.0,0.0,0.0,0.0,0.0,0.0,0.0,0.0,0.0,0.0,0.0,0.0,0.0,0.0,0.0,0.0,0.0,0.0,7.0,0.0,0.0,0.0,0.0,2578.15,10.0,Operational,39.0,0.0,0.0,0.0,1.0,0.0,0.0,0.0,1.0,0.019,0.019,0.019,3450.0,4162.0,2799.0,"0.0
"
13:12:17.800,0001,-0.344351589679718,51.448280334472656,-4.79,9.0,31.116010665893555,0.0,0.0,0.0,0.0,0.0,0.0,0.0,0.0,0.0,0.0,0.0,0.0,0.0,0.0,0.0,0.0,0.0,0.0,0.0,0.0,0.0,7.0,0.0,0.0,0.0,0.0,2578.15,10.0,Operational,39.0,0.0,0.0,0.0,1.0,0.0,0.0,0.0,1.0,0.019,0.019,0.019,3450.0,4162.0,2799.0,"0.0
"
13:12:17.900,0001,-0.3443506956100464,51.448280334472656,-4.8340000000000005,10.0,31.116010665893555,0.0,0.0,0.0,0.0,0.0,0.0,0.0,0.0,0.0,0.0,0.0,0.0,0.0,0.0,0.0,0.0,0.0,0.0,0.0,0.0,0.0,7.0,0.0,0.0,0.0,0.0,2578.15,10.0,Operational,39.0,0.0,0.0,0.0,1.0,0.0,0.0,0.0,1.0,0.019,0.019,0.019,3450.0,4162.0,2799.0,"0.0
"
13:12:18.000,0001,-0.3443506956100464,51.448280334472656,-4.8340000000000005,10.0,31.116010665893555,0.0,0.0,0.0,0.0,0.0,0.0,0.0,0.0,0.0,0.0,0.0,0.0,0.0,0.0,0.0,0.0,0.0,0.0,0.0,0.0,0.0,7.0,0.0,0.0,0.0,0.0,2578.15,10.0,Operational,39.0,0.0,0.0,0.0,1.0,0.0,0.0,0.0,1.0,0.019,0.019,0.019,3450.0,4162.0,2799.0,"0.0
"
13:12:18.100,0001,-0.3443506956100464,51.448280334472656,-4.8340000000000005,10.0,31.116010665893555,0.0,0.0,0.0,0.0,0.0,0.0,0.0,0.0,0.0,0.0,0.0,0.0,0.0,0.0,0.0,0.0,0.0,0.0,0.0,0.0,0.0,7.0,0.0,0.0,0.0,0.0,2578.15,10.0,Operational,39.0,0.0,0.0,0.0,2.0,0.0,0.0,0.0,1.0,0.017,0.033,0.033,2609.0,4162.0,4339.0,"0.0
"
13:12:18.200,0001,-0.3443506956100464,51.448280334472656,-4.8340000000000005,10.0,31.116010665893555,0.0,0.0,0.0,0.0,0.0,0.0,0.0,0.0,0.0,0.0,0.0,0.0,0.0,0.0,0.0,0.0,0.0,0.0,0.0,0.0,0.0,7.0,0.0,0.0,0.0,0.0,2578.15,10.0,Operational,39.0,0.0,0.0,0.0,2.0,0.0,0.0,0.0,1.0,0.017,0.033,0.033,2609.0,4162.0,4339.0,"0.0
"
13:12:18.300,0001,-0.3443506956100464,51.448280334472656,-4.8340000000000005,10.0,31.116010665893555,0.0,0.0,0.0,0.0,0.0,0.0,0.0,0.0,0.0,0.0,0.0,0.0,0.0,0.0,0.0,0.0,0.0,0.0,0.0,0.0,0.0,7.0,0.0,0.0,0.0,0.0,2578.15,10.0,Operational,39.0,0.0,0.0,0.0,2.0,0.0,0.0,0.0,1.0,0.017,0.033,0.033,2609.0,4162.0,4339.0,"0.0
"
13:12:18.400,0001,-0.3443506956100464,51.448280334472656,-4.8340000000000005,10.0,31.116010665893555,0.0,0.0,0.0,0.0,0.0,0.0,0.0,0.0,0.0,0.0,0.0,0.0,0.0,0.0,0.0,0.0,0.0,0.0,0.0,0.0,0.0,7.0,0.0,0.0,0.0,0.0,2578.15,10.0,Operational,39.0,0.0,0.0,0.0,2.0,0.0,0.0,0.0,1.0,0.017,0.033,0.033,2609.0,4162.0,4339.0,"0.0
"
13:12:18.500,0001,-0.3443506956100464,51.448280334472656,-4.8340000000000005,10.0,31.116010665893555,0.0,0.0,0.0,0.0,0.0,0.0,0.0,0.0,0.0,0.0,0.0,0.0,0.0,0.0,0.0,0.0,0.0,0.0,0.0,0.0,0.0,7.0,0.0,0.0,0.0,0.0,2578.15,10.0,Operational,39.0,0.0,0.0,0.0,2.0,0.0,0.0,0.0,1.0,0.017,0.033,0.033,2609.0,4162.0,4339.0,"0.0
"
13:12:18.600,0001,-0.3443506956100464,51.448280334472656,-4.8340000000000005,10.0,31.116010665893555,0.0,0.0,0.0,0.0,0.0,0.0,0.0,0.0,0.0,0.0,0.0,0.0,0.0,0.0,0.0,0.0,0.0,0.0,0.0,0.0,0.0,7.0,0.0,0.0,0.0,0.0,2578.15,10.0,Operational,39.0,0.0,0.0,0.0,2.0,0.0,0.0,0.0,1.0,0.017,0.033,0.033,2609.0,4162.0,4339.0,"0.0
"
13:12:18.700,0001,-0.3443506956100464,51.448280334472656,-4.8340000000000005,10.0,31.116010665893555,0.0,0.0,0.0,0.0,0.0,0.0,0.0,0.0,0.0,0.0,0.0,0.0,0.0,0.0,0.0,0.0,0.0,0.0,0.0,0.0,0.0,7.0,0.0,0.0,0.0,0.0,2578.15,10.0,Operational,39.0,0.0,0.0,0.0,2.0,0.0,0.0,0.0,1.0,0.017,0.033,0.033,2609.0,4162.0,4339.0,"0.0
"
13:12:18.800,0001,-0.3443506956100464,51.448280334472656,-4.8340000000000005,10.0,31.116010665893555,0.0,0.0,0.0,0.0,0.0,0.0,0.0,0.0,0.0,0.0,0.0,0.0,0.0,0.0,0.0,0.0,0.0,0.0,0.0,0.0,0.0,7.0,0.0,0.0,0.0,0.0,2578.15,10.0,Operational,39.0,0.0,0.0,0.0,2.0,0.0,0.0,0.0,1.0,0.017,0.033,0.033,2609.0,4162.0,4339.0,"0.0
"
13:12:18.900,0001,-0.3443503975868225,51.448280334472656,-4.832,10.0,31.116010665893555,0.0,0.0,0.0,0.0,0.0,0.0,0.0,0.0,0.0,0.0,0.0,0.0,0.0,0.0,0.0,0.0,0.0,0.0,0.0,0.0,0.0,7.0,0.0,0.0,0.0,0.0,2578.15,10.0,Operational,39.0,0.0,0.0,0.0,3.0,0.0,0.0,0.0,1.0,0.019,0.019,0.019,2654.0,4162.0,3906.0,"0.0
"
13:12:19.000,0001,-0.3443503975868225,51.448280334472656,-4.832,10.0,31.116010665893555,0.0,0.0,0.0,0.0,0.0,0.0,0.0,0.0,0.0,0.0,0.0,0.0,0.0,0.0,0.0,0.0,0.0,0.0,0.0,0.0,0.0,7.0,0.0,0.0,0.0,0.0,2578.15,10.0,Operational,39.0,0.0,0.0,0.0,3.0,0.0,0.0,0.0,1.0,0.019,0.019,0.019,2654.0,4162.0,3906.0,"0.0
"
13:12:19.100,0001,-0.3443503975868225,51.448280334472656,-4.832,10.0,31.116010665893555,0.0,0.0,0.0,0.0,0.0,0.0,0.0,0.0,0.0,0.0,0.0,0.0,0.0,0.0,0.0,0.0,0.0,0.0,0.0,0.0,0.0,7.0,0.0,0.0,0.0,0.0,2578.15,10.0,Operational,39.0,0.0,0.0,0.0,3.0,0.0,0.0,0.0,1.0,0.019,0.019,0.019,2654.0,4162.0,3906.0,"0.0
"
13:12:19.200,0001,-0.3443503975868225,51.448280334472656,-4.832,10.0,31.116010665893555,0.0,0.0,0.0,0.0,0.0,0.0,0.0,0.0,0.0,0.0,0.0,0.0,0.0,0.0,0.0,0.0,0.0,0.0,0.0,0.0,0.0,7.0,0.0,0.0,0.0,0.0,2578.15,10.0,Operational,39.0,0.0,0.0,0.0,3.0,0.0,0.0,0.0,1.0,0.019,0.019,0.019,2654.0,4162.0,3906.0,"0.0
"
13:12:19.300,0001,-0.3443503975868225,51.448280334472656,-4.832,10.0,31.116010665893555,0.0,0.0,0.0,0.0,0.0,0.0,0.0,0.0,0.0,0.0,0.0,0.0,0.0,0.0,0.0,0.0,0.0,0.0,0.0,0.0,0.0,7.0,0.0,0.0,0.0,0.0,2578.15,10.0,Operational,39.0,0.0,0.0,0.0,3.0,0.0,0.0,0.0,1.0,0.019,0.019,0.019,2654.0,4162.0,3906.0,"0.0
"
13:12:19.400,0001,-0.3443503975868225,51.448280334472656,-4.832,10.0,31.116010665893555,0.0,0.0,0.0,0.0,0.0,0.0,0.0,0.0,0.0,0.0,0.0,0.0,0.0,0.0,0.0,0.0,0.0,0.0,0.0,0.0,0.0,7.0,0.0,0.0,0.0,0.0,2578.15,10.0,Operational,39.0,0.0,0.0,0.0,3.0,0.0,0.0,0.0,1.0,0.019,0.019,0.019,2654.0,4162.0,3906.0,"0.0
"
13:12:19.500,0001,-0.3443503975868225,51.448280334472656,-4.832,10.0,31.116010665893555,0.0,0.0,0.0,0.0,0.0,0.0,0.0,0.0,0.0,0.0,0.0,0.0,0.0,0.0,0.0,0.0,0.0,0.0,0.0,0.0,0.0,7.0,0.0,0.0,0.0,0.0,2578.15,10.0,Operational,39.0,0.0,0.0,0.0,3.0,0.0,0.0,0.0,1.0,0.019,0.019,0.019,2654.0,4162.0,3906.0,"0.0
"
13:12:19.600,0001,-0.3443503975868225,51.448280334472656,-4.832,10.0,31.116010665893555,0.0,0.0,0.0,0.0,0.0,0.0,0.0,0.0,0.0,0.0,0.0,0.0,0.0,0.0,0.0,0.0,0.0,0.0,0.0,0.0,0.0,7.0,0.0,0.0,0.0,0.0,2578.15,10.0,Operational,39.0,0.0,0.0,0.0,3.0,0.0,0.0,0.0,1.0,0.019,0.019,0.019,2654.0,4162.0,3906.0,"0.0
"
13:12:19.700,0001,-0.3443503975868225,51.448280334472656,-4.832,10.0,31.116010665893555,0.0,0.0,0.0,0.0,0.0,0.0,0.0,0.0,0.0,0.0,0.0,0.0,0.0,0.0,0.0,0.0,0.0,0.0,0.0,0.0,0.0,7.0,0.0,0.0,0.0,0.0,2578.15,10.0,Operational,39.0,0.0,0.0,0.0,4.0,0.0,0.0,0.0,1.0,0.03,0.079,0.079,2526.0,4162.0,4054.0,"0.0
"
13:12:19.800,0001,-0.3443503975868225,51.448280334472656,-4.832,10.0,31.116010665893555,0.0,0.0,0.0,0.0,0.0,0.0,0.0,0.0,0.0,0.0,0.0,0.0,0.0,0.0,0.0,0.0,0.0,0.0,0.0,0.0,0.0,7.0,0.0,0.0,0.0,0.0,2578.15,10.0,Operational,39.0,0.0,0.0,0.0,4.0,0.0,0.0,0.0,1.0,0.03,0.079,0.079,2526.0,4162.0,4054.0,"0.0
"
13:12:19.900,0001,-0.344349205493927,51.448280334472656,-4.663,10.0,31.116010665893555,0.0,0.0,0.0,0.0,0.0,0.0,0.0,0.0,0.0,0.0,0.0,0.0,0.0,0.0,0.0,0.0,0.0,0.0,0.0,0.0,0.0,7.0,0.0,0.0,0.0,0.0,2578.15,10.0,Operational,39.0,0.0,0.0,0.0,4.0,0.0,0.0,0.0,1.0,0.03,0.079,0.079,2526.0,4162.0,4054.0,"0.0
"
13:12:20.000,0001,-0.344349205493927,51.448280334472656,-4.663,10.0,31.116010665893555,0.0,0.0,0.0,0.0,0.0,0.0,0.0,0.0,0.0,0.0,0.0,0.0,0.0,0.0,0.0,0.0,0.0,0.0,0.0,0.0,0.0,7.0,0.0,0.0,0.0,0.0,2578.15,10.0,Operational,39.0,0.0,0.0,0.0,4.0,0.0,0.0,0.0,1.0,0.03,0.079,0.079,2526.0,4162.0,4054.0,"0.0
"
13:12:20.100,0001,-0.344349205493927,51.448280334472656,-4.663,10.0,31.116010665893555,0.0,0.0,0.0,0.0,0.0,0.0,0.0,0.0,0.0,0.0,0.0,0.0,0.0,0.0,0.0,0.0,0.0,0.0,0.0,0.0,0.0,7.0,0.0,0.0,0.0,0.0,2578.15,10.0,Operational,39.0,0.0,0.0,0.0,4.0,0.0,0.0,0.0,1.0,0.03,0.079,0.079,2526.0,4162.0,4054.0,"0.0
"
13:12:20.200,0001,-0.344349205493927,51.448280334472656,-4.663,10.0,31.116010665893555,0.0,0.0,0.0,0.0,0.0,0.0,0.0,0.0,0.0,0.0,0.0,0.0,0.0,0.0,0.0,0.0,0.0,0.0,0.0,0.0,0.0,7.0,0.0,0.0,0.0,0.0,2578.15,10.0,Operational,39.0,0.0,0.0,0.0,4.0,0.0,0.0,0.0,1.0,0.03,0.079,0.079,2526.0,4162.0,4054.0,"0.0
"
13:12:20.300,0001,-0.344349205493927,51.448280334472656,-4.663,10.0,31.116010665893555,0.0,0.0,0.0,0.0,0.0,0.0,0.0,0.0,0.0,0.0,0.0,0.0,0.0,0.0,0.0,0.0,0.0,0.0,0.0,0.0,0.0,7.0,0.0,0.0,0.0,0.0,2578.15,10.0,Operational,39.0,0.0,0.0,0.0,4.0,0.0,0.0,0.0,1.0,0.03,0.079,0.079,2526.0,4162.0,4054.0,"0.0
"
13:12:20.400,0001,-0.344349205493927,51.448280334472656,-4.663,10.0,31.116010665893555,0.0,0.0,0.0,0.0,0.0,0.0,0.0,0.0,0.0,0.0,0.0,0.0,0.0,0.0,0.0,0.0,0.0,0.0,0.0,0.0,0.0,7.0,0.0,0.0,0.0,0.0,2578.15,10.0,Operational,39.0,0.0,0.0,0.0,4.0,0.0,0.0,0.0,1.0,0.03,0.079,0.079,2526.0,4162.0,4054.0,"0.0
"
13:12:20.500,0001,-0.344349205493927,51.448280334472656,-4.663,10.0,31.116010665893555,0.0,0.0,0.0,0.0,0.0,0.0,0.0,0.0,0.0,0.0,0.0,0.0,0.0,0.0,0.0,0.0,0.0,0.0,0.0,0.0,0.0,7.0,0.0,0.0,0.0,0.0,2578.15,10.0,Operational,39.0,0.0,0.0,0.0,5.0,0.0,0.0,0.0,1.0,0.018,0.034,0.034,2821.0,4162.0,3677.0,"0.0
"
13:12:20.600,0001,-0.344349205493927,51.448280334472656,-4.663,10.0,31.116010665893555,0.0,0.0,0.0,0.0,0.0,0.0,0.0,0.0,0.0,0.0,0.0,0.0,0.0,0.0,0.0,0.0,0.0,0.0,0.0,0.0,0.0,7.0,0.0,0.0,0.0,0.0,2578.15,10.0,Operational,39.0,0.0,0.0,0.0,5.0,0.0,0.0,0.0,1.0,0.018,0.034,0.034,2821.0,4162.0,3677.0,"0.0
"
13:12:20.700,0001,-0.344349205493927,51.448280334472656,-4.663,10.0,31.116010665893555,0.0,0.0,0.0,0.0,0.0,0.0,0.0,0.0,0.0,0.0,0.0,0.0,0.0,0.0,0.0,0.0,0.0,0.0,0.0,0.0,0.0,7.0,0.0,0.0,0.0,0.0,2578.15,10.0,Operational,39.0,0.0,0.0,0.0,5.0,0.0,0.0,0.0,1.0,0.018,0.034,0.034,2821.0,4162.0,3677.0,"0.0
"
13:12:20.800,0001,-0.344349205493927,51.448280334472656,-4.663,10.0,31.116010665893555,0.0,0.0,0.0,0.0,0.0,0.0,0.0,0.0,0.0,0.0,0.0,0.0,0.0,0.0,0.0,0.0,0.0,0.0,0.0,0.0,0.0,7.0,0.0,0.0,0.0,0.0,2578.15,10.0,Operational,39.0,0.0,0.0,0.0,5.0,0.0,0.0,0.0,1.0,0.018,0.034,0.034,2821.0,4162.0,3677.0,"0.0
"
13:12:20.900,0001,-0.3443481922149658,51.448280334472656,-4.49,9.0,31.116010665893555,0.0,0.0,0.0,0.0,0.0,0.0,0.0,0.0,0.0,0.0,0.0,0.0,0.0,0.0,0.0,0.0,0.0,0.0,0.0,0.0,0.0,7.0,0.0,0.0,0.0,0.0,2578.15,10.0,Operational,39.0,0.0,0.0,0.0,5.0,0.0,0.0,0.0,1.0,0.018,0.034,0.034,2821.0,4162.0,3677.0,"0.0
"
13:12:21.000,0001,-0.3443481922149658,51.448280334472656,-4.49,9.0,31.116010665893555,0.0,0.0,0.0,0.0,0.0,0.0,0.0,0.0,0.0,0.0,0.0,0.0,0.0,0.0,0.0,0.0,0.0,0.0,0.0,0.0,0.0,7.0,0.0,0.0,0.0,0.0,2578.15,10.0,Operational,39.0,0.0,0.0,0.0,5.0,0.0,0.0,0.0,1.0,0.018,0.034,0.034,2821.0,4162.0,3677.0,"0.0
"
13:12:21.100,0001,-0.3443481922149658,51.448280334472656,-4.49,9.0,31.116010665893555,0.0,0.0,0.0,0.0,0.0,0.0,0.0,0.0,0.0,0.0,0.0,0.0,0.0,0.0,0.0,0.0,0.0,0.0,0.0,0.0,0.0,7.0,0.0,0.0,0.0,0.0,2578.15,10.0,Operational,39.0,0.0,0.0,0.0,5.0,0.0,0.0,0.0,1.0,0.018,0.034,0.034,2821.0,4162.0,3677.0,"0.0
"
13:12:21.200,0001,-0.3443481922149658,51.448280334472656,-4.49,9.0,31.116010665893555,0.0,0.0,0.0,0.0,0.0,0.0,0.0,0.0,0.0,0.0,0.0,0.0,0.0,0.0,0.0,0.0,0.0,0.0,0.0,0.0,0.0,7.0,0.0,0.0,0.0,0.0,2578.15,10.0,Operational,39.0,0.0,0.0,0.0,5.0,0.0,0.0,0.0,1.0,0.018,0.034,0.034,2821.0,4162.0,3677.0,"0.0
"
13:12:21.300,0001,-0.3443481922149658,51.448280334472656,-4.49,9.0,31.116010665893555,0.0,0.0,0.0,0.0,0.0,0.0,0.0,0.0,0.0,0.0,0.0,0.0,0.0,0.0,0.0,0.0,0.0,0.0,0.0,0.0,0.0,7.0,0.0,0.0,0.0,0.0,2578.15,10.0,Operational,39.0,0.0,0.0,0.0,5.0,0.0,0.0,0.0,1.0,0.018,0.034,0.034,2821.0,4162.0,3677.0,"0.0
"
13:12:21.400,0001,-0.3443481922149658,51.448280334472656,-4.49,9.0,31.116010665893555,0.0,0.0,0.0,0.0,0.0,0.0,0.0,0.0,0.0,0.0,0.0,0.0,0.0,0.0,0.0,0.0,0.0,0.0,0.0,0.0,0.0,7.0,0.0,0.0,0.0,0.0,2578.15,10.0,Operational,39.0,0.0,0.0,0.0,5.0,0.0,0.0,0.0,1.0,0.018,0.034,0.034,2821.0,4162.0,3677.0,"0.0
"
13:12:21.500,0001,-0.3443481922149658,51.448280334472656,-4.49,9.0,31.116010665893555,0.0,0.0,0.0,0.0,0.0,0.0,0.0,0.0,0.0,0.0,0.0,0.0,0.0,0.0,0.0,0.0,0.0,0.0,0.0,0.0,0.0,7.0,0.0,0.0,0.0,0.0,2578.15,10.0,Operational,39.0,0.0,0.0,0.0,5.0,0.0,0.0,0.0,1.0,0.018,0.034,0.034,2821.0,4162.0,3677.0,"0.0
"
13:12:21.600,0001,-0.3443481922149658,51.448280334472656,-4.49,9.0,31.116010665893555,0.0,0.0,0.0,0.0,0.0,0.0,0.0,0.0,0.0,0.0,0.0,0.0,0.0,0.0,0.0,0.0,0.0,0.0,0.0,0.0,0.0,7.0,0.0,0.0,0.0,0.0,2578.15,10.0,Operational,39.0,0.0,0.0,0.0,5.0,0.0,0.0,0.0,1.0,0.018,0.034,0.034,2821.0,4162.0,3677.0,"0.0
"
13:12:21.700,0001,-0.3443481922149658,51.448280334472656,-4.49,9.0,31.116010665893555,0.0,0.0,0.0,0.0,0.0,0.0,0.0,0.0,0.0,0.0,0.0,0.0,0.0,0.0,0.0,0.0,0.0,0.0,0.0,0.0,0.0,7.0,0.0,0.0,0.0,0.0,2578.15,10.0,Operational,39.0,0.0,0.0,0.0,1.0,0.0,0.0,0.0,1.0,0.021,0.021,0.106,3454.0,4162.0,2830.0,"0.0
"
13:12:21.800,0001,-0.3443481922149658,51.448280334472656,-4.49,9.0,31.116010665893555,0.0,0.0,0.0,0.0,0.0,0.0,0.0,0.0,0.0,0.0,0.0,0.0,0.0,0.0,0.0,0.0,0.0,0.0,0.0,0.0,0.0,7.0,0.0,0.0,0.0,0.0,2578.15,10.0,Operational,39.0,0.0,0.0,0.0,1.0,0.0,0.0,0.0,1.0,0.021,0.021,0.106,3454.0,4162.0,2830.0,"0.0
"
13:12:21.900,0001,-0.3443476855754852,51.448280334472656,-4.371,10.0,31.116010665893555,0.0,0.0,0.0,0.0,0.0,0.0,0.0,0.0,0.0,0.0,0.0,0.0,0.0,0.0,0.0,0.0,0.0,0.0,0.0,0.0,0.0,7.0,0.0,0.0,0.0,0.0,2578.15,10.0,Operational,39.0,0.0,0.0,0.0,1.0,0.0,0.0,0.0,1.0,0.021,0.021,0.106,3454.0,4162.0,2830.0,"0.0
"
13:12:22.000,0001,-0.3443476855754852,51.448280334472656,-4.371,10.0,31.116010665893555,0.0,0.0,0.0,0.0,0.0,0.0,0.0,0.0,0.0,0.0,0.0,0.0,0.0,0.0,0.0,0.0,0.0,0.0,0.0,0.0,0.0,7.0,0.0,0.0,0.0,0.0,2578.15,10.0,Operational,39.0,0.0,0.0,0.0,1.0,0.0,0.0,0.0,1.0,0.021,0.021,0.106,3454.0,4162.0,2830.0,"0.0
"
13:12:22.100,0001,-0.3443476855754852,51.448280334472656,-4.371,10.0,31.116010665893555,0.0,0.0,0.0,0.0,0.0,0.0,0.0,0.0,0.0,0.0,0.0,0.0,0.0,0.0,0.0,0.0,0.0,0.0,0.0,0.0,0.0,7.0,0.0,0.0,0.0,0.0,2578.15,10.0,Operational,39.0,0.0,0.0,0.0,1.0,0.0,0.0,0.0,1.0,0.021,0.021,0.106,3454.0,4162.0,2830.0,"0.0
"
13:12:22.200,0001,-0.3443476855754852,51.448280334472656,-4.371,10.0,31.116010665893555,0.0,0.0,0.0,0.0,0.0,0.0,0.0,0.0,0.0,0.0,0.0,0.0,0.0,0.0,0.0,0.0,0.0,0.0,0.0,0.0,0.0,7.0,0.0,0.0,0.0,0.0,2578.15,10.0,Operational,39.0,0.0,0.0,0.0,1.0,0.0,0.0,0.0,1.0,0.021,0.021,0.106,3454.0,4162.0,2830.0,"0.0
"
13:12:22.300,0001,-0.3443476855754852,51.448280334472656,-4.371,10.0,31.116010665893555,0.0,0.0,0.0,0.0,0.0,0.0,0.0,0.0,0.0,0.0,0.0,0.0,0.0,0.0,0.0,0.0,0.0,0.0,0.0,0.0,0.0,7.0,0.0,0.0,0.0,0.0,2578.15,10.0,Operational,39.0,0.0,0.0,0.0,1.0,0.0,0.0,0.0,1.0,0.021,0.021,0.106,3454.0,4162.0,2830.0,"0.0
"
13:12:22.400,0001,-0.3443476855754852,51.448280334472656,-4.371,10.0,31.116010665893555,0.0,0.0,0.0,0.0,0.0,0.0,0.0,0.0,0.0,0.0,0.0,0.0,0.0,0.0,0.0,0.0,0.0,0.0,0.0,0.0,0.0,7.0,0.0,0.0,0.0,0.0,2578.15,10.0,Operational,39.0,0.0,0.0,0.0,1.0,0.0,0.0,0.0,1.0,0.021,0.021,0.106,3454.0,4162.0,2830.0,"0.0
"
13:12:22.500,0001,-0.3443476855754852,51.448280334472656,-4.371,10.0,31.116010665893555,0.0,0.0,0.0,0.0,0.0,0.0,0.0,0.0,0.0,0.0,0.0,0.0,0.0,0.0,0.0,0.0,0.0,0.0,0.0,0.0,0.0,7.0,0.0,0.0,0.0,0.0,2578.15,10.0,Operational,39.0,0.0,0.0,0.0,2.0,0.0,0.0,0.0,1.0,0.017,0.033,0.119,2607.0,4162.0,4345.0,"0.0
"
13:12:22.600,0001,-0.3443476855754852,51.448280334472656,-4.371,10.0,31.116010665893555,0.0,0.0,0.0,0.0,0.0,0.0,0.0,0.0,0.0,0.0,0.0,0.0,0.0,0.0,0.0,0.0,0.0,0.0,0.0,0.0,0.0,7.0,0.0,0.0,0.0,0.0,2578.15,10.0,Operational,39.0,0.0,0.0,0.0,2.0,0.0,0.0,0.0,1.0,0.017,0.033,0.119,2607.0,4162.0,4345.0,"0.0
"
13:12:22.700,0001,-0.3443476855754852,51.448280334472656,-4.371,10.0,31.116010665893555,0.0,0.0,0.0,0.0,0.0,0.0,0.0,0.0,0.0,0.0,0.0,0.0,0.0,0.0,0.0,0.0,0.0,0.0,0.0,0.0,0.0,7.0,0.0,0.0,0.0,0.0,2578.15,10.0,Operational,39.0,0.0,0.0,0.0,2.0,0.0,0.0,0.0,1.0,0.017,0.033,0.119,2607.0,4162.0,4345.0,"0.0
"
13:12:22.800,0001,-0.3443476855754852,51.448280334472656,-4.371,10.0,31.116010665893555,0.0,0.0,0.0,0.0,0.0,0.0,0.0,0.0,0.0,0.0,0.0,0.0,0.0,0.0,0.0,0.0,0.0,0.0,0.0,0.0,0.0,7.0,0.0,0.0,0.0,0.0,2578.15,10.0,Operational,39.0,0.0,0.0,0.0,2.0,0.0,0.0,0.0,1.0,0.017,0.033,0.119,2607.0,4162.0,4345.0,"0.0
"
13:12:22.900,0001,-0.344347596168518,51.448280334472656,-4.426,10.0,31.116010665893555,0.0,0.0,0.0,0.0,0.0,0.0,0.0,0.0,0.0,0.0,0.0,0.0,0.0,0.0,0.0,0.0,0.0,0.0,0.0,0.0,0.0,7.0,0.0,0.0,0.0,0.0,2578.15,10.0,Operational,39.0,0.0,0.0,0.0,2.0,0.0,0.0,0.0,1.0,0.017,0.033,0.119,2607.0,4162.0,4345.0,"0.0
"
13:12:23.000,0001,-0.344347596168518,51.448280334472656,-4.426,10.0,31.116010665893555,0.0,0.0,0.0,0.0,0.0,0.0,0.0,0.0,0.0,0.0,0.0,0.0,0.0,0.0,0.0,0.0,0.0,0.0,0.0,0.0,0.0,7.0,0.0,0.0,0.0,0.0,2578.15,10.0,Operational,39.0,0.0,0.0,0.0,2.0,0.0,0.0,0.0,1.0,0.017,0.033,0.119,2607.0,4162.0,4345.0,"0.0
"
13:12:23.100,0001,-0.344347596168518,51.448280334472656,-4.426,10.0,31.116010665893555,0.0,0.0,0.0,0.0,0.0,0.0,0.0,0.0,0.0,0.0,0.0,0.0,0.0,0.0,0.0,0.0,0.0,0.0,0.0,0.0,0.0,7.0,0.0,0.0,0.0,0.0,2578.15,10.0,Operational,39.0,0.0,0.0,0.0,2.0,0.0,0.0,0.0,1.0,0.017,0.033,0.119,2607.0,4162.0,4345.0,"0.0
"
13:12:23.200,0001,-0.344347596168518,51.448280334472656,-4.426,10.0,31.116010665893555,0.0,0.0,0.0,0.0,0.0,0.0,0.0,0.0,0.0,0.0,0.0,0.0,0.0,0.0,0.0,0.0,0.0,0.0,0.0,0.0,0.0,7.0,0.0,0.0,0.0,0.0,2578.15,10.0,Operational,39.0,0.0,0.0,0.0,2.0,0.0,0.0,0.0,1.0,0.017,0.033,0.119,2607.0,4162.0,4345.0,"0.0
"
13:12:23.300,0001,-0.344347596168518,51.448280334472656,-4.426,10.0,31.116010665893555,0.0,0.0,0.0,0.0,0.0,0.0,0.0,0.0,0.0,0.0,0.0,0.0,0.0,0.0,0.0,0.0,0.0,0.0,0.0,0.0,0.0,7.0,0.0,0.0,0.0,0.0,2578.15,10.0,Operational,39.0,0.0,0.0,0.0,3.0,0.0,0.0,0.0,1.0,0.023,0.023,0.023,2656.0,4162.0,3918.0,"0.0
"
13:12:23.400,0001,-0.344347596168518,51.448280334472656,-4.426,10.0,31.116010665893555,0.0,0.0,0.0,0.0,0.0,0.0,0.0,0.0,0.0,0.0,0.0,0.0,0.0,0.0,0.0,0.0,0.0,0.0,0.0,0.0,0.0,7.0,0.0,0.0,0.0,0.0,2578.15,10.0,Operational,39.0,0.0,0.0,0.0,3.0,0.0,0.0,0.0,1.0,0.023,0.023,0.023,2656.0,4162.0,3918.0,"0.0
"
13:12:23.500,0001,-0.344347596168518,51.448280334472656,-4.426,10.0,31.116010665893555,0.0,0.0,0.0,0.0,0.0,0.0,0.0,0.0,0.0,0.0,0.0,0.0,0.0,0.0,0.0,0.0,0.0,0.0,0.0,0.0,0.0,7.0,0.0,0.0,0.0,0.0,2578.15,10.0,Operational,39.0,0.0,0.0,0.0,3.0,0.0,0.0,0.0,1.0,0.023,0.023,0.023,2656.0,4162.0,3918.0,"0.0
"
13:12:23.600,0001,-0.344347596168518,51.448280334472656,-4.426,10.0,31.116010665893555,0.0,0.0,0.0,0.0,0.0,0.0,0.0,0.0,0.0,0.0,0.0,0.0,0.0,0.0,0.0,0.0,0.0,0.0,0.0,0.0,0.0,7.0,0.0,0.0,0.0,0.0,2578.15,10.0,Operational,39.0,0.0,0.0,0.0,3.0,0.0,0.0,0.0,1.0,0.023,0.023,0.023,2656.0,4162.0,3918.0,"0.0
"
13:12:23.700,0001,-0.344347596168518,51.448280334472656,-4.426,10.0,31.116010665893555,0.0,0.0,0.0,0.0,0.0,0.0,0.0,0.0,0.0,0.0,0.0,0.0,0.0,0.0,0.0,0.0,0.0,0.0,0.0,0.0,0.0,7.0,0.0,0.0,0.0,0.0,2578.15,10.0,Operational,39.0,0.0,0.0,0.0,3.0,0.0,0.0,0.0,1.0,0.023,0.023,0.023,2656.0,4162.0,3918.0,"0.0
"
13:12:23.800,0001,-0.344347596168518,51.448280334472656,-4.426,10.0,31.116010665893555,0.0,0.0,0.0,0.0,0.0,0.0,0.0,0.0,0.0,0.0,0.0,0.0,0.0,0.0,0.0,0.0,0.0,0.0,0.0,0.0,0.0,7.0,0.0,0.0,0.0,0.0,2578.15,10.0,Operational,39.0,0.0,0.0,0.0,3.0,0.0,0.0,0.0,1.0,0.023,0.023,0.023,2656.0,4162.0,3918.0,"0.0
"
13:12:23.900,0001,-0.3443469107151031,51.448280334472656,-4.5280000000000005,10.0,31.116010665893555,0.0,0.0,0.0,0.0,0.0,0.0,0.0,0.0,0.0,0.0,0.0,0.0,0.0,0.0,0.0,0.0,0.0,0.0,0.0,0.0,0.0,7.0,0.0,0.0,0.0,0.0,2578.15,10.0,Operational,39.0,0.0,0.0,0.0,3.0,0.0,0.0,0.0,1.0,0.023,0.023,0.023,2656.0,4162.0,3918.0,"0.0
"
13:12:24.000,0001,-0.3443469107151031,51.448280334472656,-4.5280000000000005,10.0,31.116010665893555,0.0,0.0,0.0,0.0,0.0,0.0,0.0,0.0,0.0,0.0,0.0,0.0,0.0,0.0,0.0,0.0,0.0,0.0,0.0,0.0,0.0,7.0,0.0,0.0,0.0,0.0,2578.15,10.0,Operational,39.0,0.0,0.0,0.0,3.0,0.0,0.0,0.0,1.0,0.023,0.023,0.023,2656.0,4162.0,3918.0,"0.0
"
13:12:24.100,0001,-0.3443469107151031,51.448280334472656,-4.5280000000000005,10.0,31.116010665893555,0.0,0.0,0.0,0.0,0.0,0.0,0.0,0.0,0.0,0.0,0.0,0.0,0.0,0.0,0.0,0.0,0.0,0.0,0.0,0.0,0.0,7.0,0.0,0.0,0.0,0.0,2578.15,10.0,Operational,39.0,0.0,0.0,0.0,4.0,0.0,0.0,0.0,1.0,0.029,0.046,0.066,2531.0,4162.0,4060.0,"0.0
"
13:12:24.200,0001,-0.3443469107151031,51.448280334472656,-4.5280000000000005,10.0,31.116010665893555,0.0,0.0,0.0,0.0,0.0,0.0,0.0,0.0,0.0,0.0,0.0,0.0,0.0,0.0,0.0,0.0,0.0,0.0,0.0,0.0,0.0,7.0,0.0,0.0,0.0,0.0,2578.15,10.0,Operational,39.0,0.0,0.0,0.0,4.0,0.0,0.0,0.0,1.0,0.029,0.046,0.066,2531.0,4162.0,4060.0,"0.0
"
13:12:24.300,0001,-0.3443469107151031,51.448280334472656,-4.5280000000000005,10.0,31.116010665893555,0.0,0.0,0.0,0.0,0.0,0.0,0.0,0.0,0.0,0.0,0.0,0.0,0.0,0.0,0.0,0.0,0.0,0.0,0.0,0.0,0.0,7.0,0.0,0.0,0.0,0.0,2578.15,10.0,Operational,39.0,0.0,0.0,0.0,4.0,0.0,0.0,0.0,1.0,0.029,0.046,0.066,2531.0,4162.0,4060.0,"0.0
"
13:12:24.400,0001,-0.3443469107151031,51.448280334472656,-4.5280000000000005,10.0,31.116010665893555,0.0,0.0,0.0,0.0,0.0,0.0,0.0,0.0,0.0,0.0,0.0,0.0,0.0,0.0,0.0,0.0,0.0,0.0,0.0,0.0,0.0,7.0,0.0,0.0,0.0,0.0,2578.15,10.0,Operational,39.0,0.0,0.0,0.0,4.0,0.0,0.0,0.0,1.0,0.029,0.046,0.066,2531.0,4162.0,4060.0,"0.0
"
13:12:24.500,0001,-0.3443469107151031,51.448280334472656,-4.5280000000000005,10.0,31.116010665893555,0.0,0.0,0.0,0.0,0.0,0.0,0.0,0.0,0.0,0.0,0.0,0.0,0.0,0.0,0.0,0.0,0.0,0.0,0.0,0.0,0.0,7.0,0.0,0.0,0.0,0.0,2578.15,10.0,Operational,39.0,0.0,0.0,0.0,4.0,0.0,0.0,0.0,1.0,0.029,0.046,0.066,2531.0,4162.0,4060.0,"0.0
"
13:12:24.600,0001,-0.3443469107151031,51.448280334472656,-4.5280000000000005,10.0,31.116010665893555,0.0,0.0,0.0,0.0,0.0,0.0,0.0,0.0,0.0,0.0,0.0,0.0,0.0,0.0,0.0,0.0,0.0,0.0,0.0,0.0,0.0,7.0,0.0,0.0,0.0,0.0,2578.15,10.0,Operational,39.0,0.0,0.0,0.0,4.0,0.0,0.0,0.0,1.0,0.029,0.046,0.066,2531.0,4162.0,4060.0,"0.0
"
13:12:24.700,0001,-0.3443469107151031,51.448280334472656,-4.5280000000000005,10.0,31.116010665893555,0.0,0.0,0.0,0.0,0.0,0.0,0.0,0.0,0.0,0.0,0.0,0.0,0.0,0.0,0.0,0.0,0.0,0.0,0.0,0.0,0.0,7.0,0.0,0.0,0.0,0.0,2578.15,10.0,Operational,39.0,0.0,0.0,0.0,4.0,0.0,0.0,0.0,1.0,0.029,0.046,0.066,2531.0,4162.0,4060.0,"0.0
"
13:12:24.800,0001,-0.3443469107151031,51.448280334472656,-4.5280000000000005,10.0,31.116010665893555,0.0,0.0,0.0,0.0,0.0,0.0,0.0,0.0,0.0,0.0,0.0,0.0,0.0,0.0,0.0,0.0,0.0,0.0,0.0,0.0,0.0,7.0,0.0,0.0,0.0,0.0,2578.15,10.0,Operational,39.0,0.0,0.0,0.0,4.0,0.0,0.0,0.0,1.0,0.029,0.046,0.066,2531.0,4162.0,4060.0,"0.0
"
13:12:24.900,0001,-0.3443467020988464,51.448280334472656,-4.523,10.0,31.116010665893555,0.0,0.0,0.0,0.0,0.0,0.0,0.0,0.0,0.0,0.0,0.0,0.0,0.0,0.0,0.0,0.0,0.0,0.0,0.0,0.0,0.0,7.0,0.0,0.0,0.0,0.0,2578.15,10.0,Operational,39.0,0.0,0.0,0.0,5.0,0.0,0.0,0.0,1.0,0.02,0.053,0.139,2818.0,4162.0,3689.0,"0.0
"
13:12:25.000,0001,-0.3443467020988464,51.448280334472656,-4.523,10.0,31.116010665893555,0.0,0.0,0.0,0.0,0.0,0.0,0.0,0.0,0.0,0.0,0.0,0.0,0.0,0.0,0.0,0.0,0.0,0.0,0.0,0.0,0.0,7.0,0.0,0.0,0.0,0.0,2578.15,10.0,Operational,39.0,0.0,0.0,0.0,5.0,0.0,0.0,0.0,1.0,0.02,0.053,0.139,2818.0,4162.0,3689.0,"0.0
"
13:12:25.100,0001,-0.3443467020988464,51.448280334472656,-4.523,10.0,31.116010665893555,0.0,0.0,0.0,0.0,0.0,0.0,0.0,0.0,0.0,0.0,0.0,0.0,0.0,0.0,0.0,0.0,0.0,0.0,0.0,0.0,0.0,7.0,0.0,0.0,0.0,0.0,2578.15,10.0,Operational,39.0,0.0,0.0,0.0,5.0,0.0,0.0,0.0,1.0,0.02,0.053,0.139,2818.0,4162.0,3689.0,"0.0
"
13:12:25.200,0001,-0.3443467020988464,51.448280334472656,-4.523,10.0,31.116010665893555,0.0,0.0,0.0,0.0,0.0,0.0,0.0,0.0,0.0,0.0,0.0,0.0,0.0,0.0,0.0,0.0,0.0,0.0,0.0,0.0,0.0,7.0,0.0,0.0,0.0,0.0,2578.15,10.0,Operational,39.0,0.0,0.0,0.0,5.0,0.0,0.0,0.0,1.0,0.02,0.053,0.139,2818.0,4162.0,3689.0,"0.0
"
13:12:25.300,0001,-0.3443467020988464,51.448280334472656,-4.523,10.0,31.116010665893555,0.0,0.0,0.0,0.0,0.0,0.0,0.0,0.0,0.0,0.0,0.0,0.0,0.0,0.0,0.0,0.0,0.0,0.0,0.0,0.0,0.0,7.0,0.0,0.0,0.0,0.0,2578.15,10.0,Operational,39.0,0.0,0.0,0.0,5.0,0.0,0.0,0.0,1.0,0.02,0.053,0.139,2818.0,4162.0,3689.0,"0.0
"
13:12:25.400,0001,-0.3443467020988464,51.448280334472656,-4.523,10.0,31.116010665893555,0.0,0.0,0.0,0.0,0.0,0.0,0.0,0.0,0.0,0.0,0.0,0.0,0.0,0.0,0.0,0.0,0.0,0.0,0.0,0.0,0.0,7.0,0.0,0.0,0.0,0.0,2578.15,10.0,Operational,39.0,0.0,0.0,0.0,5.0,0.0,0.0,0.0,1.0,0.02,0.053,0.139,2818.0,4162.0,3689.0,"0.0
"
13:12:25.500,0001,-0.3443467020988464,51.448280334472656,-4.523,10.0,31.116010665893555,0.0,0.0,0.0,0.0,0.0,0.0,0.0,0.0,0.0,0.0,0.0,0.0,0.0,0.0,0.0,0.0,0.0,0.0,0.0,0.0,0.0,7.0,0.0,0.0,0.0,0.0,2578.15,10.0,Operational,39.0,0.0,0.0,0.0,5.0,0.0,0.0,0.0,1.0,0.02,0.053,0.139,2818.0,4162.0,3689.0,"0.0
"
13:12:25.600,0001,-0.3443467020988464,51.448280334472656,-4.523,10.0,31.116010665893555,0.0,0.0,0.0,0.0,0.0,0.0,0.0,0.0,0.0,0.0,0.0,0.0,0.0,0.0,0.0,0.0,0.0,0.0,0.0,0.0,0.0,7.0,0.0,0.0,0.0,0.0,2578.15,10.0,Operational,39.0,0.0,0.0,0.0,5.0,0.0,0.0,0.0,1.0,0.02,0.053,0.139,2818.0,4162.0,3689.0,"0.0
"
13:12:25.700,0001,-0.3443467020988464,51.448280334472656,-4.523,10.0,31.116010665893555,0.0,0.0,0.0,0.0,0.0,0.0,0.0,0.0,0.0,0.0,0.0,0.0,0.0,0.0,0.0,0.0,0.0,0.0,0.0,0.0,0.0,7.0,0.0,0.0,0.0,0.0,2578.15,10.0,Operational,39.0,0.0,0.0,0.0,1.0,0.0,0.0,0.0,1.0,0.02,0.036,0.122,3452.0,4162.0,2842.0,"0.0
"
13:12:25.800,0001,-0.3443467020988464,51.448280334472656,-4.523,10.0,31.116010665893555,0.0,0.0,0.0,0.0,0.0,0.0,0.0,0.0,0.0,0.0,0.0,0.0,0.0,0.0,0.0,0.0,0.0,0.0,0.0,0.0,0.0,7.0,0.0,0.0,0.0,0.0,2578.15,10.0,Operational,39.0,0.0,0.0,0.0,1.0,0.0,0.0,0.0,1.0,0.02,0.036,0.122,3452.0,4162.0,2842.0,"0.0
"
13:12:25.900,0001,-0.3443455994129181,51.448280334472656,-4.366,10.0,31.116010665893555,0.0,0.0,0.0,0.0,0.0,0.0,0.0,0.0,0.0,0.0,0.0,0.0,0.0,0.0,0.0,0.0,0.0,0.0,0.0,0.0,0.0,7.0,0.0,0.0,0.0,0.0,2578.15,10.0,Operational,39.0,0.0,0.0,0.0,1.0,0.0,0.0,0.0,1.0,0.02,0.036,0.122,3452.0,4162.0,2842.0,"0.0
"
13:12:26.000,0001,-0.3443455994129181,51.448280334472656,-4.366,10.0,31.116010665893555,0.0,0.0,0.0,0.0,0.0,0.0,0.0,0.0,0.0,0.0,0.0,0.0,0.0,0.0,0.0,0.0,0.0,0.0,0.0,0.0,0.0,7.0,0.0,0.0,0.0,0.0,2578.15,10.0,Operational,39.0,0.0,0.0,0.0,1.0,0.0,0.0,0.0,1.0,0.02,0.036,0.122,3452.0,4162.0,2842.0,"0.0
"
13:12:26.100,0001,-0.3443455994129181,51.448280334472656,-4.366,10.0,31.116010665893555,0.0,0.0,0.0,0.0,0.0,0.0,0.0,0.0,0.0,0.0,0.0,0.0,0.0,0.0,0.0,0.0,0.0,0.0,0.0,0.0,0.0,7.0,0.0,0.0,0.0,0.0,2578.15,10.0,Operational,39.0,0.0,0.0,0.0,1.0,0.0,0.0,0.0,1.0,0.02,0.036,0.122,3452.0,4162.0,2842.0,"0.0
"
13:12:26.200,0001,-0.3443455994129181,51.448280334472656,-4.366,10.0,31.116010665893555,0.0,0.0,0.0,0.0,0.0,0.0,0.0,0.0,0.0,0.0,0.0,0.0,0.0,0.0,0.0,0.0,0.0,0.0,0.0,0.0,0.0,7.0,0.0,0.0,0.0,0.0,2578.15,10.0,Operational,39.0,0.0,0.0,0.0,1.0,0.0,0.0,0.0,1.0,0.02,0.036,0.122,3452.0,4162.0,2842.0,"0.0
"
13:12:26.300,0001,-0.3443455994129181,51.448280334472656,-4.366,10.0,31.116010665893555,0.0,0.0,0.0,0.0,0.0,0.0,0.0,0.0,0.0,0.0,0.0,0.0,0.0,0.0,0.0,0.0,0.0,0.0,0.0,0.0,0.0,7.0,0.0,0.0,0.0,0.0,2578.15,10.0,Operational,39.0,0.0,0.0,0.0,1.0,0.0,0.0,0.0,1.0,0.02,0.036,0.122,3452.0,4162.0,2842.0,"0.0
"
13:12:26.400,0001,-0.3443455994129181,51.448280334472656,-4.366,10.0,31.116010665893555,0.0,0.0,0.0,0.0,0.0,0.0,0.0,0.0,0.0,0.0,0.0,0.0,0.0,0.0,0.0,0.0,0.0,0.0,0.0,0.0,0.0,7.0,0.0,0.0,0.0,0.0,2578.15,10.0,Operational,39.0,0.0,0.0,0.0,1.0,0.0,0.0,0.0,1.0,0.02,0.036,0.122,3452.0,4162.0,2842.0,"0.0
"
13:12:26.500,0001,-0.3443455994129181,51.448280334472656,-4.366,10.0,31.116010665893555,0.0,0.0,0.0,0.0,0.0,0.0,0.0,0.0,0.0,0.0,0.0,0.0,0.0,0.0,0.0,0.0,0.0,0.0,0.0,0.0,0.0,7.0,0.0,0.0,0.0,0.0,2578.15,10.0,Operational,39.0,0.0,0.0,0.0,2.0,0.0,0.0,0.0,1.0,0.017,0.017,0.103,2611.0,4162.0,4352.0,"0.0
"
13:12:26.600,0001,-0.3443455994129181,51.448280334472656,-4.366,10.0,31.116010665893555,0.0,0.0,0.0,0.0,0.0,0.0,0.0,0.0,0.0,0.0,0.0,0.0,0.0,0.0,0.0,0.0,0.0,0.0,0.0,0.0,0.0,7.0,0.0,0.0,0.0,0.0,2578.15,10.0,Operational,39.0,0.0,0.0,0.0,2.0,0.0,0.0,0.0,1.0,0.017,0.017,0.103,2611.0,4162.0,4352.0,"0.0
"
13:12:26.700,0001,-0.3443455994129181,51.448280334472656,-4.366,10.0,31.116010665893555,0.0,0.0,0.0,0.0,0.0,0.0,0.0,0.0,0.0,0.0,0.0,0.0,0.0,0.0,0.0,0.0,0.0,0.0,0.0,0.0,0.0,7.0,0.0,0.0,0.0,0.0,2578.15,10.0,Operational,39.0,0.0,0.0,0.0,2.0,0.0,0.0,0.0,1.0,0.017,0.017,0.103,2611.0,4162.0,4352.0,"0.0
"
13:12:26.800,0001,-0.3443455994129181,51.448280334472656,-4.366,10.0,31.116010665893555,0.0,0.0,0.0,0.0,0.0,0.0,0.0,0.0,0.0,0.0,0.0,0.0,0.0,0.0,0.0,0.0,0.0,0.0,0.0,0.0,0.0,7.0,0.0,0.0,0.0,0.0,2578.15,10.0,Operational,39.0,0.0,0.0,0.0,2.0,0.0,0.0,0.0,1.0,0.017,0.017,0.103,2611.0,4162.0,4352.0,"0.0
"
13:12:26.900,0001,-0.3443424105644226,51.448280334472656,-3.692,10.0,31.116010665893555,0.0,0.0,0.0,0.0,0.0,0.0,0.0,0.0,0.0,0.0,0.0,0.0,0.0,0.0,0.0,0.0,0.0,0.0,0.0,0.0,0.0,7.0,0.0,0.0,0.0,0.0,2578.15,10.0,Operational,39.0,0.0,0.0,0.0,2.0,0.0,0.0,0.0,1.0,0.017,0.017,0.103,2611.0,4162.0,4352.0,"0.0
"
13:12:27.000,0001,-0.3443424105644226,51.448280334472656,-3.692,10.0,31.116010665893555,0.0,0.0,0.0,0.0,0.0,0.0,0.0,0.0,0.0,0.0,0.0,0.0,0.0,0.0,0.0,0.0,0.0,0.0,0.0,0.0,0.0,7.0,0.0,0.0,0.0,0.0,2578.15,10.0,Operational,39.0,0.0,0.0,0.0,2.0,0.0,0.0,0.0,1.0,0.017,0.017,0.103,2611.0,4162.0,4352.0,"0.0
"
13:12:27.100,0001,-0.3443424105644226,51.448280334472656,-3.692,10.0,31.116010665893555,0.0,0.0,0.0,0.0,0.0,0.0,0.0,0.0,0.0,0.0,0.0,0.0,0.0,0.0,0.0,0.0,0.0,0.0,0.0,0.0,0.0,7.0,0.0,0.0,0.0,0.0,2578.15,10.0,Operational,39.0,0.0,0.0,0.0,2.0,0.0,0.0,0.0,1.0,0.017,0.017,0.103,2611.0,4162.0,4352.0,"0.0
"
13:12:27.200,0001,-0.3443424105644226,51.448280334472656,-3.692,10.0,31.116010665893555,0.0,0.0,0.0,0.0,0.0,0.0,0.0,0.0,0.0,0.0,0.0,0.0,0.0,0.0,0.0,0.0,0.0,0.0,0.0,0.0,0.0,7.0,0.0,0.0,0.0,0.0,2578.15,10.0,Operational,39.0,0.0,0.0,0.0,2.0,0.0,0.0,0.0,1.0,0.017,0.017,0.103,2611.0,4162.0,4352.0,"0.0
"
13:12:27.300,0001,-0.3443424105644226,51.448280334472656,-3.692,10.0,31.116010665893555,0.0,0.0,0.0,0.0,0.0,0.0,0.0,0.0,0.0,0.0,0.0,0.0,0.0,0.0,0.0,0.0,0.0,0.0,0.0,0.0,0.0,7.0,0.0,0.0,0.0,0.0,2578.15,10.0,Operational,39.0,0.0,0.0,0.0,3.0,0.0,0.0,0.0,1.0,0.029,0.029,0.029,2658.0,4162.0,3909.0,"0.0
"
13:12:27.400,0001,-0.3443424105644226,51.448280334472656,-3.692,10.0,31.116010665893555,0.0,0.0,0.0,0.0,0.0,0.0,0.0,0.0,0.0,0.0,0.0,0.0,0.0,0.0,0.0,0.0,0.0,0.0,0.0,0.0,0.0,7.0,0.0,0.0,0.0,0.0,2578.15,10.0,Operational,39.0,0.0,0.0,0.0,3.0,0.0,0.0,0.0,1.0,0.029,0.029,0.029,2658.0,4162.0,3909.0,"0.0
"
13:12:27.500,0001,-0.3443424105644226,51.448280334472656,-3.692,10.0,31.116010665893555,0.0,0.0,0.0,0.0,0.0,0.0,0.0,0.0,0.0,0.0,0.0,0.0,0.0,0.0,0.0,0.0,0.0,0.0,0.0,0.0,0.0,7.0,0.0,0.0,0.0,0.0,2578.15,10.0,Operational,39.0,0.0,0.0,0.0,3.0,0.0,0.0,0.0,1.0,0.029,0.029,0.029,2658.0,4162.0,3909.0,"0.0
"
13:12:27.600,0001,-0.3443424105644226,51.448280334472656,-3.692,10.0,31.116010665893555,0.0,0.0,0.0,0.0,0.0,0.0,0.0,0.0,0.0,0.0,0.0,0.0,0.0,0.0,0.0,0.0,0.0,0.0,0.0,0.0,0.0,7.0,0.0,0.0,0.0,0.0,2578.15,10.0,Operational,39.0,0.0,0.0,0.0,3.0,0.0,0.0,0.0,1.0,0.029,0.029,0.029,2658.0,4162.0,3909.0,"0.0
"
13:12:27.700,0001,-0.3443424105644226,51.448280334472656,-3.692,10.0,31.116010665893555,0.0,0.0,0.0,0.0,0.0,0.0,0.0,0.0,0.0,0.0,0.0,0.0,0.0,0.0,0.0,0.0,0.0,0.0,0.0,0.0,0.0,7.0,0.0,0.0,0.0,0.0,2578.15,10.0,Operational,39.0,0.0,0.0,0.0,3.0,0.0,0.0,0.0,1.0,0.029,0.029,0.029,2658.0,4162.0,3909.0,"0.0
"
13:12:27.800,0001,-0.3443424105644226,51.448280334472656,-3.692,10.0,31.116010665893555,0.0,0.0,0.0,0.0,0.0,0.0,0.0,0.0,0.0,0.0,0.0,0.0,0.0,0.0,0.0,0.0,0.0,0.0,0.0,0.0,0.0,7.0,0.0,0.0,0.0,0.0,2578.15,10.0,Operational,39.0,0.0,0.0,0.0,3.0,0.0,0.0,0.0,1.0,0.029,0.029,0.029,2658.0,4162.0,3909.0,"0.0
"
13:12:27.900,0001,-0.3443404138088226,51.448280334472656,-3.4,10.0,31.116010665893555,0.0,0.0,0.0,0.0,0.0,0.0,0.0,0.0,0.0,0.0,0.0,0.0,0.0,0.0,0.0,0.0,0.0,0.0,0.0,0.0,0.0,7.0,0.0,0.0,0.0,0.0,2578.15,10.0,Operational,39.0,0.0,0.0,0.0,3.0,0.0,0.0,0.0,1.0,0.029,0.029,0.029,2658.0,4162.0,3909.0,"0.0
"
13:12:28.000,0001,-0.3443404138088226,51.448280334472656,-3.4,10.0,31.116010665893555,0.0,0.0,0.0,0.0,0.0,0.0,0.0,0.0,0.0,0.0,0.0,0.0,0.0,0.0,0.0,0.0,0.0,0.0,0.0,0.0,0.0,7.0,0.0,0.0,0.0,0.0,2578.15,10.0,Operational,39.0,0.0,0.0,0.0,3.0,0.0,0.0,0.0,1.0,0.029,0.029,0.029,2658.0,4162.0,3909.0,"0.0
"
13:12:28.100,0001,-0.3443404138088226,51.448280334472656,-3.4,10.0,31.116010665893555,0.0,0.0,0.0,0.0,0.0,0.0,0.0,0.0,0.0,0.0,0.0,0.0,0.0,0.0,0.0,0.0,0.0,0.0,0.0,0.0,0.0,7.0,0.0,0.0,0.0,0.0,2578.15,10.0,Operational,39.0,0.0,0.0,0.0,4.0,0.0,0.0,0.0,1.0,0.034,0.034,0.074,2526.0,4162.0,4060.0,"0.0
"
13:12:28.200,0001,-0.3443404138088226,51.448280334472656,-3.4,10.0,31.116010665893555,0.0,0.0,0.0,0.0,0.0,0.0,0.0,0.0,0.0,0.0,0.0,0.0,0.0,0.0,0.0,0.0,0.0,0.0,0.0,0.0,0.0,7.0,0.0,0.0,0.0,0.0,2578.15,10.0,Operational,39.0,0.0,0.0,0.0,4.0,0.0,0.0,0.0,1.0,0.034,0.034,0.074,2526.0,4162.0,4060.0,"0.0
"
13:12:28.300,0001,-0.3443404138088226,51.448280334472656,-3.4,10.0,31.116010665893555,0.0,0.0,0.0,0.0,0.0,0.0,0.0,0.0,0.0,0.0,0.0,0.0,0.0,0.0,0.0,0.0,0.0,0.0,0.0,0.0,0.0,7.0,0.0,0.0,0.0,0.0,2578.15,10.0,Operational,39.0,0.0,0.0,0.0,4.0,0.0,0.0,0.0,1.0,0.034,0.034,0.074,2526.0,4162.0,4060.0,"0.0
"
13:12:28.400,0001,-0.3443404138088226,51.448280334472656,-3.4,10.0,31.116010665893555,0.0,0.0,0.0,0.0,0.0,0.0,0.0,0.0,0.0,0.0,0.0,0.0,0.0,0.0,0.0,0.0,0.0,0.0,0.0,0.0,0.0,7.0,0.0,0.0,0.0,0.0,2578.15,10.0,Operational,39.0,0.0,0.0,0.0,4.0,0.0,0.0,0.0,1.0,0.034,0.034,0.074,2526.0,4162.0,4060.0,"0.0
"
13:12:28.500,0001,-0.3443404138088226,51.448280334472656,-3.4,10.0,31.116010665893555,0.0,0.0,0.0,0.0,0.0,0.0,0.0,0.0,0.0,0.0,0.0,0.0,0.0,0.0,0.0,0.0,0.0,0.0,0.0,0.0,0.0,7.0,0.0,0.0,0.0,0.0,2578.15,10.0,Operational,39.0,0.0,0.0,0.0,4.0,0.0,0.0,0.0,1.0,0.034,0.034,0.074,2526.0,4162.0,4060.0,"0.0
"
13:12:28.600,0001,-0.3443404138088226,51.448280334472656,-3.4,10.0,31.116010665893555,0.0,0.0,0.0,0.0,0.0,0.0,0.0,0.0,0.0,0.0,0.0,0.0,0.0,0.0,0.0,0.0,0.0,0.0,0.0,0.0,0.0,7.0,0.0,0.0,0.0,0.0,2578.15,10.0,Operational,39.0,0.0,0.0,0.0,4.0,0.0,0.0,0.0,1.0,0.034,0.034,0.074,2526.0,4162.0,4060.0,"0.0
"
13:12:28.700,0001,-0.3443404138088226,51.448280334472656,-3.4,10.0,31.116010665893555,0.0,0.0,0.0,0.0,0.0,0.0,0.0,0.0,0.0,0.0,0.0,0.0,0.0,0.0,0.0,0.0,0.0,0.0,0.0,0.0,0.0,7.0,0.0,0.0,0.0,0.0,2578.15,10.0,Operational,39.0,0.0,0.0,0.0,4.0,0.0,0.0,0.0,1.0,0.034,0.034,0.074,2526.0,4162.0,4060.0,"0.0
"
13:12:28.800,0001,-0.3443404138088226,51.448280334472656,-3.4,10.0,31.116010665893555,0.0,0.0,0.0,0.0,0.0,0.0,0.0,0.0,0.0,0.0,0.0,0.0,0.0,0.0,0.0,0.0,0.0,0.0,0.0,0.0,0.0,7.0,0.0,0.0,0.0,0.0,2578.15,10.0,Operational,39.0,0.0,0.0,0.0,4.0,0.0,0.0,0.0,1.0,0.034,0.034,0.074,2526.0,4162.0,4060.0,"0.0
"
13:12:28.900,0001,-0.3443393111228943,51.448280334472656,-3.314,10.0,31.116010665893555,0.0,0.0,0.0,0.0,0.0,0.0,0.0,0.0,0.0,0.0,0.0,0.0,0.0,0.0,0.0,0.0,0.0,0.0,0.0,0.0,0.0,7.0,0.0,0.0,0.0,0.0,2578.15,10.0,Operational,39.0,0.0,0.0,0.0,5.0,0.0,0.0,0.0,1.0,0.022,0.055,0.141,2819.0,4162.0,3683.0,"0.0
"
13:12:29.000,0001,-0.3443393111228943,51.448280334472656,-3.314,10.0,31.116010665893555,0.0,0.0,0.0,0.0,0.0,0.0,0.0,0.0,0.0,0.0,0.0,0.0,0.0,0.0,0.0,0.0,0.0,0.0,0.0,0.0,0.0,7.0,0.0,0.0,0.0,0.0,2578.15,10.0,Operational,39.0,0.0,0.0,0.0,5.0,0.0,0.0,0.0,1.0,0.022,0.055,0.141,2819.0,4162.0,3683.0,"0.0
"
13:12:29.100,0001,-0.3443393111228943,51.448280334472656,-3.314,10.0,31.116010665893555,0.0,0.0,0.0,0.0,0.0,0.0,0.0,0.0,0.0,0.0,0.0,0.0,0.0,0.0,0.0,0.0,0.0,0.0,0.0,0.0,0.0,7.0,0.0,0.0,0.0,0.0,2578.15,10.0,Operational,39.0,0.0,0.0,0.0,5.0,0.0,0.0,0.0,1.0,0.022,0.055,0.141,2819.0,4162.0,3683.0,"0.0
"
13:12:29.200,0001,-0.3443393111228943,51.448280334472656,-3.314,10.0,31.116010665893555,0.0,0.0,0.0,0.0,0.0,0.0,0.0,0.0,0.0,0.0,0.0,0.0,0.0,0.0,0.0,0.0,0.0,0.0,0.0,0.0,0.0,7.0,0.0,0.0,0.0,0.0,2578.15,10.0,Operational,39.0,0.0,0.0,0.0,5.0,0.0,0.0,0.0,1.0,0.022,0.055,0.141,2819.0,4162.0,3683.0,"0.0
"
13:12:29.300,0001,-0.3443393111228943,51.448280334472656,-3.314,10.0,31.116010665893555,0.0,0.0,0.0,0.0,0.0,0.0,0.0,0.0,0.0,0.0,0.0,0.0,0.0,0.0,0.0,0.0,0.0,0.0,0.0,0.0,0.0,7.0,0.0,0.0,0.0,0.0,2578.15,10.0,Operational,39.0,0.0,0.0,0.0,5.0,0.0,0.0,0.0,1.0,0.022,0.055,0.141,2819.0,4162.0,3683.0,"0.0
"
13:12:29.400,0001,-0.3443393111228943,51.448280334472656,-3.314,10.0,31.116010665893555,0.0,0.0,0.0,0.0,0.0,0.0,0.0,0.0,0.0,0.0,0.0,0.0,0.0,0.0,0.0,0.0,0.0,0.0,0.0,0.0,0.0,7.0,0.0,0.0,0.0,0.0,2578.15,10.0,Operational,39.0,0.0,0.0,0.0,5.0,0.0,0.0,0.0,1.0,0.022,0.055,0.141,2819.0,4162.0,3683.0,"0.0
"
13:12:29.500,0001,-0.3443393111228943,51.448280334472656,-3.314,10.0,31.116010665893555,0.0,0.0,0.0,0.0,0.0,0.0,0.0,0.0,0.0,0.0,0.0,0.0,0.0,0.0,0.0,0.0,0.0,0.0,0.0,0.0,0.0,7.0,0.0,0.0,0.0,0.0,2578.15,10.0,Operational,39.0,0.0,0.0,0.0,5.0,0.0,0.0,0.0,1.0,0.022,0.055,0.141,2819.0,4162.0,3683.0,"0.0
"
13:12:29.600,0001,-0.3443393111228943,51.448280334472656,-3.314,10.0,31.116010665893555,0.0,0.0,0.0,0.0,0.0,0.0,0.0,0.0,0.0,0.0,0.0,0.0,0.0,0.0,0.0,0.0,0.0,0.0,0.0,0.0,0.0,7.0,0.0,0.0,0.0,0.0,2578.15,10.0,Operational,39.0,0.0,0.0,0.0,5.0,0.0,0.0,0.0,1.0,0.022,0.055,0.141,2819.0,4162.0,3683.0,"0.0
"
13:12:29.700,0001,-0.3443393111228943,51.448280334472656,-3.314,10.0,31.116010665893555,0.0,0.0,0.0,0.0,0.0,0.0,0.0,0.0,0.0,0.0,0.0,0.0,0.0,0.0,0.0,0.0,0.0,0.0,0.0,0.0,0.0,7.0,0.0,0.0,0.0,0.0,2578.15,10.0,Operational,39.0,0.0,0.0,0.0,1.0,0.0,0.0,0.0,1.0,0.017,0.033,0.033,3456.0,4162.0,2852.0,"0.0
"
13:12:29.800,0001,-0.3443393111228943,51.448280334472656,-3.314,10.0,31.116010665893555,0.0,0.0,0.0,0.0,0.0,0.0,0.0,0.0,0.0,0.0,0.0,0.0,0.0,0.0,0.0,0.0,0.0,0.0,0.0,0.0,0.0,7.0,0.0,0.0,0.0,0.0,2578.15,10.0,Operational,39.0,0.0,0.0,0.0,1.0,0.0,0.0,0.0,1.0,0.017,0.033,0.033,3456.0,4162.0,2852.0,"0.0
"
13:12:29.900,0001,-0.3443371951580047,51.448280334472656,-2.9410000000000003,10.0,31.116010665893555,0.0,0.0,0.0,0.0,0.0,0.0,0.0,0.0,0.0,0.0,0.0,0.0,0.0,0.0,0.0,0.0,0.0,0.0,0.0,0.0,0.0,7.0,0.0,0.0,0.0,0.0,2578.15,10.0,Operational,39.0,0.0,0.0,0.0,1.0,0.0,0.0,0.0,1.0,0.017,0.033,0.033,3456.0,4162.0,2852.0,"0.0
"
13:12:30.000,0001,-0.3443371951580047,51.448280334472656,-2.9410000000000003,10.0,31.116010665893555,0.0,0.0,0.0,0.0,0.0,0.0,0.0,0.0,0.0,0.0,0.0,0.0,0.0,0.0,0.0,0.0,0.0,0.0,0.0,0.0,0.0,7.0,0.0,0.0,0.0,0.0,2578.15,10.0,Operational,39.0,0.0,0.0,0.0,1.0,0.0,0.0,0.0,1.0,0.017,0.033,0.033,3456.0,4162.0,2852.0,"0.0
"
13:12:30.100,0001,-0.3443371951580047,51.448280334472656,-2.9410000000000003,10.0,31.116010665893555,0.0,0.0,0.0,0.0,0.0,0.0,0.0,0.0,0.0,0.0,0.0,0.0,0.0,0.0,0.0,0.0,0.0,0.0,0.0,0.0,0.0,7.0,0.0,0.0,0.0,0.0,2578.15,10.0,Operational,39.0,0.0,0.0,0.0,1.0,0.0,0.0,0.0,1.0,0.017,0.033,0.033,3456.0,4162.0,2852.0,"0.0
"
13:12:30.200,0001,-0.3443371951580047,51.448280334472656,-2.9410000000000003,10.0,31.116010665893555,0.0,0.0,0.0,0.0,0.0,0.0,0.0,0.0,0.0,0.0,0.0,0.0,0.0,0.0,0.0,0.0,0.0,0.0,0.0,0.0,0.0,7.0,0.0,0.0,0.0,0.0,2578.15,10.0,Operational,39.0,0.0,0.0,0.0,1.0,0.0,0.0,0.0,1.0,0.017,0.033,0.033,3456.0,4162.0,2852.0,"0.0
"
13:12:30.300,0001,-0.3443371951580047,51.448280334472656,-2.9410000000000003,10.0,31.116010665893555,0.0,0.0,0.0,0.0,0.0,0.0,0.0,0.0,0.0,0.0,0.0,0.0,0.0,0.0,0.0,0.0,0.0,0.0,0.0,0.0,0.0,7.0,0.0,0.0,0.0,0.0,2578.15,10.0,Operational,39.0,0.0,0.0,0.0,1.0,0.0,0.0,0.0,1.0,0.017,0.033,0.033,3456.0,4162.0,2852.0,"0.0
"
13:12:30.400,0001,-0.3443371951580047,51.448280334472656,-2.9410000000000003,10.0,31.116010665893555,0.0,0.0,0.0,0.0,0.0,0.0,0.0,0.0,0.0,0.0,0.0,0.0,0.0,0.0,0.0,0.0,0.0,0.0,0.0,0.0,0.0,7.0,0.0,0.0,0.0,0.0,2578.15,10.0,Operational,39.0,0.0,0.0,0.0,1.0,0.0,0.0,0.0,1.0,0.017,0.033,0.033,3456.0,4162.0,2852.0,"0.0
"
13:12:30.500,0001,-0.3443371951580047,51.448280334472656,-2.9410000000000003,10.0,31.116010665893555,0.0,0.0,0.0,0.0,0.0,0.0,0.0,0.0,0.0,0.0,0.0,0.0,0.0,0.0,0.0,0.0,0.0,0.0,0.0,0.0,0.0,7.0,0.0,0.0,0.0,0.0,2578.15,10.0,Operational,39.0,0.0,0.0,0.0,2.0,0.0,0.0,0.0,1.0,0.018,0.018,0.018,3456.0,4162.0,2852.0,"0.0
"
13:12:30.600,0001,-0.3443371951580047,51.448280334472656,-2.9410000000000003,10.0,31.116010665893555,0.0,0.0,0.0,0.0,0.0,0.0,0.0,0.0,0.0,0.0,0.0,0.0,0.0,0.0,0.0,0.0,0.0,0.0,0.0,0.0,0.0,7.0,0.0,0.0,0.0,0.0,2578.15,10.0,Operational,39.0,0.0,0.0,0.0,2.0,0.0,0.0,0.0,1.0,0.018,0.018,0.018,2613.0,4162.0,4347.0,"0.0
"
13:12:30.700,0001,-0.3443371951580047,51.448280334472656,-2.9410000000000003,10.0,31.116010665893555,0.0,0.0,0.0,0.0,0.0,0.0,0.0,0.0,0.0,0.0,0.0,0.0,0.0,0.0,0.0,0.0,0.0,0.0,0.0,0.0,0.0,7.0,0.0,0.0,0.0,0.0,2578.15,10.0,Operational,39.0,0.0,0.0,0.0,2.0,0.0,0.0,0.0,1.0,0.018,0.018,0.018,2613.0,4162.0,4347.0,"0.0
"
13:12:30.800,0001,-0.3443371951580047,51.448280334472656,-2.9410000000000003,10.0,31.116010665893555,0.0,0.0,0.0,0.0,0.0,0.0,0.0,0.0,0.0,0.0,0.0,0.0,0.0,0.0,0.0,0.0,0.0,0.0,0.0,0.0,0.0,7.0,0.0,0.0,0.0,0.0,2578.15,10.0,Operational,39.0,0.0,0.0,0.0,2.0,0.0,0.0,0.0,1.0,0.018,0.018,0.018,2613.0,4162.0,4347.0,"0.0
"
13:12:30.900,0001,-0.3443337976932525,51.44828414916992,-2.375,10.0,31.116010665893555,0.0,0.0,0.0,0.0,0.0,0.0,0.0,0.0,0.0,0.0,0.0,0.0,0.0,0.0,0.0,0.0,0.0,0.0,0.0,0.0,0.0,7.0,0.0,0.0,0.0,0.0,2578.15,10.0,Operational,39.0,0.0,0.0,0.0,2.0,0.0,0.0,0.0,1.0,0.018,0.018,0.018,2613.0,4162.0,4347.0,"0.0
"
13:12:31.000,0001,-0.3443337976932525,51.44828414916992,-2.375,10.0,31.116010665893555,0.0,0.0,0.0,0.0,0.0,0.0,0.0,0.0,0.0,0.0,0.0,0.0,0.0,0.0,0.0,0.0,0.0,0.0,0.0,0.0,0.0,7.0,0.0,0.0,0.0,0.0,2578.15,10.0,Operational,39.0,0.0,0.0,0.0,2.0,0.0,0.0,0.0,1.0,0.018,0.018,0.018,2613.0,4162.0,4347.0,"0.0
"
13:12:31.100,0001,-0.3443337976932525,51.44828414916992,-2.375,10.0,31.116010665893555,0.0,0.0,0.0,0.0,0.0,0.0,0.0,0.0,0.0,0.0,0.0,0.0,0.0,0.0,0.0,0.0,0.0,0.0,0.0,0.0,0.0,7.0,0.0,0.0,0.0,0.0,2578.15,10.0,Operational,39.0,0.0,0.0,0.0,2.0,0.0,0.0,0.0,1.0,0.018,0.018,0.018,2613.0,4162.0,4347.0,"0.0
"
13:12:31.200,0001,-0.3443337976932525,51.44828414916992,-2.375,10.0,31.116010665893555,0.0,0.0,0.0,0.0,0.0,0.0,0.0,0.0,0.0,0.0,0.0,0.0,0.0,0.0,0.0,0.0,0.0,0.0,0.0,0.0,0.0,7.0,0.0,0.0,0.0,0.0,2578.15,10.0,Operational,39.0,0.0,0.0,0.0,2.0,0.0,0.0,0.0,1.0,0.018,0.018,0.018,2613.0,4162.0,4347.0,"0.0
"
13:12:31.300,0001,-0.3443337976932525,51.44828414916992,-2.375,10.0,31.116010665893555,0.0,0.0,0.0,0.0,0.0,0.0,0.0,0.0,0.0,0.0,0.0,0.0,0.0,0.0,0.0,0.0,0.0,0.0,0.0,0.0,0.0,7.0,0.0,0.0,0.0,0.0,2578.15,10.0,Operational,39.0,0.0,0.0,0.0,2.0,0.0,0.0,0.0,1.0,0.018,0.018,0.018,2613.0,4162.0,4347.0,"0.0
"
13:12:31.400,0001,-0.3443337976932525,51.44828414916992,-2.375,10.0,31.116010665893555,0.0,0.0,0.0,0.0,0.0,0.0,0.0,0.0,0.0,0.0,0.0,0.0,0.0,0.0,0.0,0.0,0.0,0.0,0.0,0.0,0.0,7.0,0.0,0.0,0.0,0.0,2578.15,10.0,Operational,39.0,0.0,0.0,0.0,3.0,0.0,0.0,0.0,1.0,0.031,0.031,0.031,2654.0,4162.0,3917.0,"0.0
"
13:12:31.500,0001,-0.3443337976932525,51.44828414916992,-2.375,10.0,31.116010665893555,0.0,0.0,0.0,0.0,0.0,0.0,0.0,0.0,0.0,0.0,0.0,0.0,0.0,0.0,0.0,0.0,0.0,0.0,0.0,0.0,0.0,7.0,0.0,0.0,0.0,0.0,2578.15,10.0,Operational,39.0,0.0,0.0,0.0,3.0,0.0,0.0,0.0,1.0,0.031,0.031,0.031,2654.0,4162.0,3917.0,"0.0
"
13:12:31.600,0001,-0.3443337976932525,51.44828414916992,-2.375,10.0,31.116010665893555,0.0,0.0,0.0,0.0,0.0,0.0,0.0,0.0,0.0,0.0,0.0,0.0,0.0,0.0,0.0,0.0,0.0,0.0,0.0,0.0,0.0,7.0,0.0,0.0,0.0,0.0,2578.15,10.0,Operational,39.0,0.0,0.0,0.0,3.0,0.0,0.0,0.0,1.0,0.031,0.031,0.031,2654.0,4162.0,3917.0,"0.0
"
13:12:31.700,0001,-0.3443337976932525,51.44828414916992,-2.375,10.0,31.116010665893555,0.0,0.0,0.0,0.0,0.0,0.0,0.0,0.0,0.0,0.0,0.0,0.0,0.0,0.0,0.0,0.0,0.0,0.0,0.0,0.0,0.0,7.0,0.0,0.0,0.0,0.0,2578.15,10.0,Operational,39.0,0.0,0.0,0.0,3.0,0.0,0.0,0.0,1.0,0.031,0.031,0.031,2654.0,4162.0,3917.0,"0.0
"
13:12:31.800,0001,-0.3443337976932525,51.44828414916992,-2.375,10.0,31.116010665893555,0.0,0.0,0.0,0.0,0.0,0.0,0.0,0.0,0.0,0.0,0.0,0.0,0.0,0.0,0.0,0.0,0.0,0.0,0.0,0.0,0.0,7.0,0.0,0.0,0.0,0.0,2578.15,10.0,Operational,39.0,0.0,0.0,0.0,3.0,0.0,0.0,0.0,1.0,0.031,0.031,0.031,2654.0,4162.0,3917.0,"0.0
"
13:12:31.900,0001,-0.3443312048912048,51.44828414916992,-1.939,10.0,31.116010665893555,0.0,0.0,0.0,0.0,0.0,0.0,0.0,0.0,0.0,0.0,0.0,0.0,0.0,0.0,0.0,0.0,0.0,0.0,0.0,0.0,0.0,7.0,0.0,0.0,0.0,0.0,2578.15,10.0,Operational,39.0,0.0,0.0,0.0,3.0,0.0,0.0,0.0,1.0,0.031,0.031,0.031,2654.0,4162.0,3917.0,"0.0
"
13:12:32.000,0001,-0.3443312048912048,51.44828414916992,-1.939,10.0,31.116010665893555,0.0,0.0,0.0,0.0,0.0,0.0,0.0,0.0,0.0,0.0,0.0,0.0,0.0,0.0,0.0,0.0,0.0,0.0,0.0,0.0,0.0,7.0,0.0,0.0,0.0,0.0,2578.15,10.0,Operational,39.0,0.0,0.0,0.0,3.0,0.0,0.0,0.0,1.0,0.031,0.031,0.031,2654.0,4162.0,3917.0,"0.0
"
13:12:32.100,0001,-0.3443312048912048,51.44828414916992,-1.939,10.0,31.116010665893555,0.0,0.0,0.0,0.0,0.0,0.0,0.0,0.0,0.0,0.0,0.0,0.0,0.0,0.0,0.0,0.0,0.0,0.0,0.0,0.0,0.0,7.0,0.0,0.0,0.0,0.0,2578.15,10.0,Operational,39.0,0.0,0.0,0.0,3.0,0.0,0.0,0.0,1.0,0.031,0.031,0.031,2654.0,4162.0,3917.0,"0.0
"
13:12:32.200,0001,-0.3443312048912048,51.44828414916992,-1.939,10.0,31.116010665893555,0.0,0.0,0.0,0.0,0.0,0.0,0.0,0.0,0.0,0.0,0.0,0.0,0.0,0.0,0.0,0.0,0.0,0.0,0.0,0.0,0.0,7.0,0.0,0.0,0.0,0.0,2578.15,10.0,Operational,39.0,0.0,0.0,0.0,4.0,0.0,0.0,0.0,1.0,0.037,0.037,0.077,2531.0,4162.0,4058.0,"0.0
"
13:12:32.300,0001,-0.3443312048912048,51.44828414916992,-1.939,10.0,31.116010665893555,0.0,0.0,0.0,0.0,0.0,0.0,0.0,0.0,0.0,0.0,0.0,0.0,0.0,0.0,0.0,0.0,0.0,0.0,0.0,0.0,0.0,7.0,0.0,0.0,0.0,0.0,2578.15,10.0,Operational,39.0,0.0,0.0,0.0,4.0,0.0,0.0,0.0,1.0,0.037,0.037,0.077,2531.0,4162.0,4058.0,"0.0
"
13:12:32.400,0001,-0.3443312048912048,51.44828414916992,-1.939,10.0,31.116010665893555,0.0,0.0,0.0,0.0,0.0,0.0,0.0,0.0,0.0,0.0,0.0,0.0,0.0,0.0,0.0,0.0,0.0,0.0,0.0,0.0,0.0,7.0,0.0,0.0,0.0,0.0,2578.15,10.0,Operational,39.0,0.0,0.0,0.0,4.0,0.0,0.0,0.0,1.0,0.037,0.037,0.077,2531.0,4162.0,4058.0,"0.0
"
13:12:32.500,0001,-0.3443312048912048,51.44828414916992,-1.939,10.0,31.116010665893555,0.0,0.0,0.0,0.0,0.0,0.0,0.0,0.0,0.0,0.0,0.0,0.0,0.0,0.0,0.0,0.0,0.0,0.0,0.0,0.0,0.0,7.0,0.0,0.0,0.0,0.0,2578.15,10.0,Operational,39.0,0.0,0.0,0.0,4.0,0.0,0.0,0.0,1.0,0.037,0.037,0.077,2531.0,4162.0,4058.0,"0.0
"
13:12:32.600,0001,-0.3443312048912048,51.44828414916992,-1.939,10.0,31.116010665893555,0.0,0.0,0.0,0.0,0.0,0.0,0.0,0.0,0.0,0.0,0.0,0.0,0.0,0.0,0.0,0.0,0.0,0.0,0.0,0.0,0.0,7.0,0.0,0.0,0.0,0.0,2578.15,10.0,Operational,39.0,0.0,0.0,0.0,4.0,0.0,0.0,0.0,1.0,0.037,0.037,0.077,2531.0,4162.0,4058.0,"0.0
"
13:12:32.700,0001,-0.3443312048912048,51.44828414916992,-1.939,10.0,31.116010665893555,0.0,0.0,0.0,0.0,0.0,0.0,0.0,0.0,0.0,0.0,0.0,0.0,0.0,0.0,0.0,0.0,0.0,0.0,0.0,0.0,0.0,7.0,0.0,0.0,0.0,0.0,2578.15,10.0,Operational,39.0,0.0,0.0,0.0,4.0,0.0,0.0,0.0,1.0,0.037,0.037,0.077,2531.0,4162.0,4058.0,"0.0
"
13:12:32.800,0001,-0.3443312048912048,51.44828414916992,-1.939,10.0,31.116010665893555,0.0,0.0,0.0,0.0,0.0,0.0,0.0,0.0,0.0,0.0,0.0,0.0,0.0,0.0,0.0,0.0,0.0,0.0,0.0,0.0,0.0,7.0,0.0,0.0,0.0,0.0,2578.15,10.0,Operational,39.0,0.0,0.0,0.0,4.0,0.0,0.0,0.0,1.0,0.037,0.037,0.077,2531.0,4162.0,4058.0,"0.0
"
13:12:32.900,0001,-0.3443303108215332,51.44828414916992,-1.878,10.0,31.116010665893555,0.0,0.0,0.0,0.0,0.0,0.0,0.0,0.0,0.0,0.0,0.0,0.0,0.0,0.0,0.0,0.0,0.0,0.0,0.0,0.0,0.0,7.0,0.0,0.0,0.0,0.0,2578.15,10.0,Operational,39.0,0.0,0.0,0.0,4.0,0.0,0.0,0.0,1.0,0.037,0.037,0.077,2531.0,4162.0,4058.0,"0.0
"
13:12:33.000,0001,-0.3443303108215332,51.44828414916992,-1.878,10.0,31.116010665893555,0.0,0.0,0.0,0.0,0.0,0.0,0.0,0.0,0.0,0.0,0.0,0.0,0.0,0.0,0.0,0.0,0.0,0.0,0.0,0.0,0.0,7.0,0.0,0.0,0.0,0.0,2578.15,10.0,Operational,39.0,0.0,0.0,0.0,4.0,0.0,0.0,0.0,1.0,0.037,0.037,0.077,2531.0,4162.0,4058.0,"0.0
"
13:12:33.100,0001,-0.3443303108215332,51.44828414916992,-1.878,10.0,31.116010665893555,0.0,0.0,0.0,0.0,0.0,0.0,0.0,0.0,0.0,0.0,0.0,0.0,0.0,0.0,0.0,0.0,0.0,0.0,0.0,0.0,0.0,7.0,0.0,0.0,0.0,0.0,2578.15,10.0,Operational,39.0,0.0,0.0,0.0,4.0,0.0,0.0,0.0,1.0,0.037,0.037,0.077,2531.0,4162.0,4058.0,"0.0
"
13:12:33.200,0001,-0.3443303108215332,51.44828414916992,-1.878,10.0,31.116010665893555,0.0,0.0,0.0,0.0,0.0,0.0,0.0,0.0,0.0,0.0,0.0,0.0,0.0,0.0,0.0,0.0,0.0,0.0,0.0,0.0,0.0,7.0,0.0,0.0,0.0,0.0,2578.15,10.0,Operational,39.0,0.0,0.0,0.0,4.0,0.0,0.0,0.0,1.0,0.037,0.037,0.077,2531.0,4162.0,4058.0,"0.0
"
13:12:33.300,0001,-0.3443303108215332,51.44828414916992,-1.878,10.0,31.116010665893555,0.0,0.0,0.0,0.0,0.0,0.0,0.0,0.0,0.0,0.0,0.0,0.0,0.0,0.0,0.0,0.0,0.0,0.0,0.0,0.0,0.0,7.0,0.0,0.0,0.0,0.0,2578.15,10.0,Operational,39.0,0.0,0.0,0.0,5.0,0.0,0.0,0.0,1.0,0.02,0.07,0.175,2819.0,4162.0,3687.0,"0.0
"
13:12:33.400,0001,-0.3443303108215332,51.44828414916992,-1.878,10.0,31.116010665893555,0.0,0.0,0.0,0.0,0.0,0.0,0.0,0.0,0.0,0.0,0.0,0.0,0.0,0.0,0.0,0.0,0.0,0.0,0.0,0.0,0.0,7.0,0.0,0.0,0.0,0.0,2578.15,10.0,Operational,39.0,0.0,0.0,0.0,5.0,0.0,0.0,0.0,1.0,0.02,0.07,0.175,2819.0,4162.0,3687.0,"0.0
"
13:12:33.500,0001,-0.3443303108215332,51.44828414916992,-1.878,10.0,31.116010665893555,0.0,0.0,0.0,0.0,0.0,0.0,0.0,0.0,0.0,0.0,0.0,0.0,0.0,0.0,0.0,0.0,0.0,0.0,0.0,0.0,0.0,7.0,0.0,0.0,0.0,0.0,2578.15,10.0,Operational,39.0,0.0,0.0,0.0,5.0,0.0,0.0,0.0,1.0,0.02,0.07,0.175,2819.0,4162.0,3687.0,"0.0
"
13:12:33.600,0001,-0.3443303108215332,51.44828414916992,-1.878,10.0,31.116010665893555,0.0,0.0,0.0,0.0,0.0,0.0,0.0,0.0,0.0,0.0,0.0,0.0,0.0,0.0,0.0,0.0,0.0,0.0,0.0,0.0,0.0,7.0,0.0,0.0,0.0,0.0,2578.15,10.0,Operational,39.0,0.0,0.0,0.0,5.0,0.0,0.0,0.0,1.0,0.02,0.07,0.175,2819.0,4162.0,3687.0,"0.0
"
13:12:33.700,0001,-0.3443303108215332,51.44828414916992,-1.878,10.0,31.116010665893555,0.0,0.0,0.0,0.0,0.0,0.0,0.0,0.0,0.0,0.0,0.0,0.0,0.0,0.0,0.0,0.0,0.0,0.0,0.0,0.0,0.0,7.0,0.0,0.0,0.0,0.0,2578.15,10.0,Operational,39.0,0.0,0.0,0.0,5.0,0.0,0.0,0.0,1.0,0.02,0.07,0.175,2819.0,4162.0,3687.0,"0.0
"
13:12:33.800,0001,-0.3443303108215332,51.44828414916992,-1.878,10.0,31.116010665893555,0.0,0.0,0.0,0.0,0.0,0.0,0.0,0.0,0.0,0.0,0.0,0.0,0.0,0.0,0.0,0.0,0.0,0.0,0.0,0.0,0.0,7.0,0.0,0.0,0.0,0.0,2578.15,10.0,Operational,39.0,0.0,0.0,0.0,5.0,0.0,0.0,0.0,1.0,0.02,0.07,0.175,2819.0,4162.0,3687.0,"0.0
"
13:12:33.900,0001,-0.3443310856819153,51.448280334472656,-2.248,10.0,31.116010665893555,0.0,0.0,0.0,0.0,0.0,0.0,0.0,0.0,0.0,0.0,0.0,0.0,0.0,0.0,0.0,0.0,0.0,0.0,0.0,0.0,0.0,7.0,0.0,0.0,0.0,0.0,2578.15,10.0,Operational,39.0,0.0,0.0,0.0,5.0,0.0,0.0,0.0,1.0,0.02,0.07,0.175,2819.0,4162.0,3687.0,"0.0
"
13:12:34.000,0001,-0.3443310856819153,51.448280334472656,-2.248,10.0,31.116010665893555,0.0,0.0,0.0,0.0,0.0,0.0,0.0,0.0,0.0,0.0,0.0,0.0,0.0,0.0,0.0,0.0,0.0,0.0,0.0,0.0,0.0,7.0,0.0,0.0,0.0,0.0,2578.15,10.0,Operational,39.0,0.0,0.0,0.0,5.0,0.0,0.0,0.0,1.0,0.02,0.07,0.175,2819.0,4162.0,3687.0,"0.0
"
13:12:34.100,0001,-0.3443310856819153,51.448280334472656,-2.248,10.0,31.116010665893555,0.0,0.0,0.0,0.0,0.0,0.0,0.0,0.0,0.0,0.0,0.0,0.0,0.0,0.0,0.0,0.0,0.0,0.0,0.0,0.0,0.0,7.0,0.0,0.0,0.0,0.0,2578.15,10.0,Operational,39.0,0.0,0.0,0.0,5.0,0.0,0.0,0.0,1.0,0.02,0.07,0.175,2819.0,4162.0,3687.0,"0.0
"
13:12:34.200,0001,-0.3443310856819153,51.448280334472656,-2.248,10.0,31.116010665893555,0.0,0.0,0.0,0.0,0.0,0.0,0.0,0.0,0.0,0.0,0.0,0.0,0.0,0.0,0.0,0.0,0.0,0.0,0.0,0.0,0.0,7.0,0.0,0.0,0.0,0.0,2578.15,10.0,Operational,39.0,0.0,0.0,0.0,5.0,0.0,0.0,0.0,1.0,0.02,0.07,0.175,2819.0,4162.0,3687.0,"0.0
"
13:12:34.300,0001,-0.3443310856819153,51.448280334472656,-2.248,10.0,31.116010665893555,0.0,0.0,0.0,0.0,0.0,0.0,0.0,0.0,0.0,0.0,0.0,0.0,0.0,0.0,0.0,0.0,0.0,0.0,0.0,0.0,0.0,7.0,0.0,0.0,0.0,0.0,2578.15,10.0,Operational,39.0,0.0,0.0,0.0,5.0,0.0,0.0,0.0,1.0,0.02,0.07,0.175,2819.0,4162.0,3687.0,"0.0
"
13:12:34.400,0001,-0.3443310856819153,51.448280334472656,-2.248,10.0,31.116010665893555,0.0,0.0,0.0,0.0,0.0,0.0,0.0,0.0,0.0,0.0,0.0,0.0,0.0,0.0,0.0,0.0,0.0,0.0,0.0,0.0,0.0,7.0,0.0,0.0,0.0,0.0,2578.15,10.0,Operational,39.0,0.0,0.0,0.0,1.0,0.0,0.0,0.0,1.0,0.015,0.031,0.031,3456.0,4162.0,2861.0,"0.0
"
13:12:34.500,0001,-0.3443310856819153,51.448280334472656,-2.248,10.0,31.116010665893555,0.0,0.0,0.0,0.0,0.0,0.0,0.0,0.0,0.0,0.0,0.0,0.0,0.0,0.0,0.0,0.0,0.0,0.0,0.0,0.0,0.0,7.0,0.0,0.0,0.0,0.0,2578.15,10.0,Operational,39.0,0.0,0.0,0.0,1.0,0.0,0.0,0.0,1.0,0.015,0.031,0.031,3456.0,4162.0,2861.0,"0.0
"
13:12:34.600,0001,-0.3443310856819153,51.448280334472656,-2.248,10.0,31.116010665893555,0.0,0.0,0.0,0.0,0.0,0.0,0.0,0.0,0.0,0.0,0.0,0.0,0.0,0.0,0.0,0.0,0.0,0.0,0.0,0.0,0.0,7.0,0.0,0.0,0.0,0.0,2578.15,10.0,Operational,39.0,0.0,0.0,0.0,1.0,0.0,0.0,0.0,1.0,0.015,0.031,0.031,3456.0,4162.0,2861.0,"0.0
"
13:12:34.700,0001,-0.3443310856819153,51.448280334472656,-2.248,10.0,31.116010665893555,0.0,0.0,0.0,0.0,0.0,0.0,0.0,0.0,0.0,0.0,0.0,0.0,0.0,0.0,0.0,0.0,0.0,0.0,0.0,0.0,0.0,7.0,0.0,0.0,0.0,0.0,2578.15,10.0,Operational,39.0,0.0,0.0,0.0,1.0,0.0,0.0,0.0,1.0,0.015,0.031,0.031,3456.0,4162.0,2861.0,"0.0
"
13:12:34.800,0001,-0.3443310856819153,51.448280334472656,-2.248,10.0,31.116010665893555,0.0,0.0,0.0,0.0,0.0,0.0,0.0,0.0,0.0,0.0,0.0,0.0,0.0,0.0,0.0,0.0,0.0,0.0,0.0,0.0,0.0,7.0,0.0,0.0,0.0,0.0,2578.15,10.0,Operational,39.0,0.0,0.0,0.0,1.0,0.0,0.0,0.0,1.0,0.015,0.031,0.031,3456.0,4162.0,2861.0,"0.0
"
13:12:34.900,0001,-0.3443317115306854,51.448280334472656,-2.451,10.0,31.116010665893555,0.0,0.0,0.0,0.0,0.0,0.0,0.0,0.0,0.0,0.0,0.0,0.0,0.0,0.0,0.0,0.0,0.0,0.0,0.0,0.0,0.0,7.0,0.0,0.0,0.0,0.0,2578.15,10.0,Operational,39.0,0.0,0.0,0.0,1.0,0.0,0.0,0.0,1.0,0.015,0.031,0.031,3456.0,4162.0,2861.0,"0.0
"
13:12:35.000,0001,-0.3443317115306854,51.448280334472656,-2.451,10.0,31.116010665893555,0.0,0.0,0.0,0.0,0.0,0.0,0.0,0.0,0.0,0.0,0.0,0.0,0.0,0.0,0.0,0.0,0.0,0.0,0.0,0.0,0.0,7.0,0.0,0.0,0.0,0.0,2578.15,10.0,Operational,39.0,0.0,0.0,0.0,1.0,0.0,0.0,0.0,1.0,0.015,0.031,0.031,3456.0,4162.0,2861.0,"0.0
"
13:12:35.100,0001,-0.3443317115306854,51.448280334472656,-2.451,10.0,31.116010665893555,0.0,0.0,0.0,0.0,0.0,0.0,0.0,0.0,0.0,0.0,0.0,0.0,0.0,0.0,0.0,0.0,0.0,0.0,0.0,0.0,0.0,7.0,0.0,0.0,0.0,0.0,2578.15,10.0,Operational,39.0,0.0,0.0,0.0,1.0,0.0,0.0,0.0,1.0,0.015,0.031,0.031,3456.0,4162.0,2861.0,"0.0
"
13:12:35.200,0001,-0.3443317115306854,51.448280334472656,-2.451,10.0,31.116010665893555,0.0,0.0,0.0,0.0,0.0,0.0,0.0,0.0,0.0,0.0,0.0,0.0,0.0,0.0,0.0,0.0,0.0,0.0,0.0,0.0,0.0,7.0,0.0,0.0,0.0,0.0,2578.15,10.0,Operational,39.0,0.0,0.0,0.0,2.0,0.0,0.0,0.0,1.0,0.013,0.013,0.013,2611.0,4162.0,4358.0,"0.0
"
13:12:35.300,0001,-0.3443317115306854,51.448280334472656,-2.451,10.0,31.116010665893555,0.0,0.0,0.0,0.0,0.0,0.0,0.0,0.0,0.0,0.0,0.0,0.0,0.0,0.0,0.0,0.0,0.0,0.0,0.0,0.0,0.0,7.0,0.0,0.0,0.0,0.0,2578.15,10.0,Operational,39.0,0.0,0.0,0.0,2.0,0.0,0.0,0.0,1.0,0.013,0.013,0.013,2611.0,4162.0,4358.0,"0.0
"
13:12:35.400,0001,-0.3443317115306854,51.448280334472656,-2.451,10.0,31.116010665893555,0.0,0.0,0.0,0.0,0.0,0.0,0.0,0.0,0.0,0.0,0.0,0.0,0.0,0.0,0.0,0.0,0.0,0.0,0.0,0.0,0.0,7.0,0.0,0.0,0.0,0.0,2578.15,10.0,Operational,39.0,0.0,0.0,0.0,2.0,0.0,0.0,0.0,1.0,0.013,0.013,0.013,2611.0,4162.0,4358.0,"0.0
"
13:12:35.500,0001,-0.3443317115306854,51.448280334472656,-2.451,10.0,31.116010665893555,0.0,0.0,0.0,0.0,0.0,0.0,0.0,0.0,0.0,0.0,0.0,0.0,0.0,0.0,0.0,0.0,0.0,0.0,0.0,0.0,0.0,7.0,0.0,0.0,0.0,0.0,2578.15,10.0,Operational,39.0,0.0,0.0,0.0,2.0,0.0,0.0,0.0,1.0,0.013,0.013,0.013,2611.0,4162.0,4358.0,"0.0
"
13:12:35.600,0001,-0.3443317115306854,51.448280334472656,-2.451,10.0,31.116010665893555,0.0,0.0,0.0,0.0,0.0,0.0,0.0,0.0,0.0,0.0,0.0,0.0,0.0,0.0,0.0,0.0,0.0,0.0,0.0,0.0,0.0,7.0,0.0,0.0,0.0,0.0,2578.15,10.0,Operational,39.0,0.0,0.0,0.0,2.0,0.0,0.0,0.0,1.0,0.013,0.013,0.013,2611.0,4162.0,4358.0,"0.0
"
13:12:35.700,0001,-0.3443317115306854,51.448280334472656,-2.451,10.0,31.116010665893555,0.0,0.0,0.0,0.0,0.0,0.0,0.0,0.0,0.0,0.0,0.0,0.0,0.0,0.0,0.0,0.0,0.0,0.0,0.0,0.0,0.0,7.0,0.0,0.0,0.0,0.0,2578.15,10.0,Operational,39.0,0.0,0.0,0.0,2.0,0.0,0.0,0.0,1.0,0.013,0.013,0.013,2611.0,4162.0,4358.0,"0.0
"
13:12:35.800,0001,-0.3443317115306854,51.448280334472656,-2.451,10.0,31.116010665893555,0.0,0.0,0.0,0.0,0.0,0.0,0.0,0.0,0.0,0.0,0.0,0.0,0.0,0.0,0.0,0.0,0.0,0.0,0.0,0.0,0.0,7.0,0.0,0.0,0.0,0.0,2578.15,10.0,Operational,39.0,0.0,0.0,0.0,2.0,0.0,0.0,0.0,1.0,0.013,0.013,0.013,2611.0,4162.0,4358.0,"0.0
"
13:12:35.900,0001,-0.3443331122398376,51.448280334472656,-2.866,10.0,31.116010665893555,0.0,0.0,0.0,0.0,0.0,0.0,0.0,0.0,0.0,0.0,0.0,0.0,0.0,0.0,0.0,0.0,0.0,0.0,0.0,0.0,0.0,7.0,0.0,0.0,0.0,0.0,2578.15,10.0,Operational,39.0,0.0,0.0,0.0,2.0,0.0,0.0,0.0,1.0,0.013,0.013,0.013,2611.0,4162.0,4358.0,"0.0
"
13:12:36.000,0001,-0.3443331122398376,51.448280334472656,-2.866,10.0,31.116010665893555,0.0,0.0,0.0,0.0,0.0,0.0,0.0,0.0,0.0,0.0,0.0,0.0,0.0,0.0,0.0,0.0,0.0,0.0,0.0,0.0,0.0,7.0,0.0,0.0,0.0,0.0,2578.15,10.0,Operational,39.0,0.0,0.0,0.0,2.0,0.0,0.0,0.0,1.0,0.013,0.013,0.013,2611.0,4162.0,4358.0,"0.0
"
