time,avifileindex,Longitude,Latitude,Altitude,Satellites,Heading,Nozzle1downTMSCS,Nozzle2downTMS,SideBrush1downTMS,SideBrush2downTMS,BrushCurrent,SideBrush1ExtendTMSCS,SideBrush2ExtendTMSCS,SideBrush1RetractTMSCS,SideBrush2RetractTMSCS,Nozzle1WaterSprayOnOffTMS,Nozzle2WaterSprayOnOffTMS,SideBrush1WaterSprayTMS,SideBrush2WaterSprayTMS,WSBMotoronoffTMS,FanOnTMS,WorkLight1OnOffTMS,WorkLight2OnOffTMS,NozGapOpen,NozGapClose,Pause_active,AutoSweepActive,EngineType,EngineSpeed,RoadSpeedTMSCS,EngineFuelRateTMSCS,FanSpeed,TotalFuelConsumption,WaterTankLevel,JVMheartbeat,JVMALerts,GutterSprayOnOff,AddWaterSprayOnOff,WaterRe_circOnOff,modbus_id,pm_sensor_serious_fault,pm_sensor_fault,pm_sensor_is_degraded_mode,pm_sensor_is_ready,pm_1,pm_2_5,pm_10,temperature,firmware_version,humidity,"error
"
10:29:52.900,0001,-0.3041616976261139,51.4366569519043,16.503,11.0,26.7281494140625,0.0,0.0,0.0,0.0,0.0,0.0,0.0,0.0,0.0,0.0,0.0,0.0,0.0,0.0,1.0,0.0,1.0,1.0,0.0,1.0,0.0,7.0,899.0,0.0,1.75,1544.0,2697.4,0.0,Operational,0.0,0.0,0.0,0.0,0.0,0.0,0.0,0.0,0.0,0.0,0.0,0.0,0.0,0.0,0.0,"0.0
"
10:29:53.000,0001,-0.3041616976261139,51.4366569519043,16.503,11.0,26.7281494140625,0.0,0.0,0.0,0.0,0.0,0.0,0.0,0.0,0.0,0.0,0.0,0.0,0.0,0.0,1.0,0.0,1.0,1.0,0.0,1.0,0.0,7.0,899.0,0.0,1.75,1544.0,2697.4,0.0,Operational,0.0,0.0,0.0,0.0,0.0,0.0,0.0,0.0,0.0,0.0,0.0,0.0,0.0,0.0,0.0,"0.0
"
10:29:53.100,0001,-0.3041616976261139,51.4366569519043,16.503,11.0,26.7281494140625,0.0,0.0,0.0,0.0,0.0,0.0,0.0,0.0,0.0,0.0,0.0,0.0,0.0,0.0,1.0,0.0,1.0,1.0,0.0,1.0,0.0,7.0,899.0,0.0,1.75,1544.0,2697.4,0.0,Operational,0.0,0.0,0.0,0.0,0.0,0.0,0.0,0.0,0.0,0.0,0.0,0.0,0.0,0.0,0.0,"0.0
"
10:29:53.200,0001,-0.3041616976261139,51.4366569519043,16.503,11.0,26.7281494140625,0.0,0.0,0.0,0.0,0.0,0.0,0.0,0.0,0.0,0.0,0.0,0.0,0.0,0.0,1.0,0.0,1.0,1.0,0.0,1.0,0.0,7.0,899.0,0.0,1.75,1544.0,2697.4,0.0,Operational,0.0,0.0,0.0,0.0,0.0,0.0,0.0,0.0,0.0,0.0,0.0,0.0,0.0,0.0,0.0,"0.0
"
10:29:53.300,0001,-0.3041616976261139,51.4366569519043,16.503,11.0,26.7281494140625,0.0,0.0,0.0,0.0,0.0,0.0,0.0,0.0,0.0,0.0,0.0,0.0,0.0,0.0,1.0,0.0,1.0,1.0,0.0,1.0,0.0,7.0,900.0,0.0,1.75,1546.0,2697.4,0.0,Operational,0.0,0.0,0.0,0.0,0.0,0.0,0.0,0.0,0.0,0.0,0.0,0.0,0.0,0.0,0.0,"0.0
"
10:29:53.400,0001,-0.3041616976261139,51.4366569519043,16.503,11.0,26.7281494140625,0.0,0.0,0.0,0.0,0.0,0.0,0.0,0.0,0.0,0.0,0.0,0.0,0.0,0.0,1.0,0.0,1.0,1.0,0.0,1.0,0.0,7.0,900.0,0.0,1.75,1546.0,2697.4,0.0,Operational,0.0,0.0,0.0,0.0,0.0,0.0,0.0,0.0,0.0,0.0,0.0,0.0,0.0,0.0,0.0,"0.0
"
10:29:53.500,0001,-0.3041616976261139,51.4366569519043,16.503,11.0,26.7281494140625,0.0,0.0,0.0,0.0,0.0,0.0,0.0,0.0,0.0,0.0,0.0,0.0,0.0,0.0,1.0,0.0,1.0,1.0,0.0,1.0,0.0,7.0,900.0,0.0,1.75,1546.0,2697.4,0.0,Operational,0.0,0.0,0.0,0.0,0.0,0.0,0.0,0.0,0.0,0.0,0.0,0.0,0.0,0.0,0.0,"0.0
"
10:29:53.500,0001,-0.3041616976261139,51.4366569519043,16.503,11.0,26.7281494140625,0.0,0.0,0.0,0.0,0.0,0.0,0.0,0.0,0.0,0.0,0.0,0.0,0.0,0.0,1.0,0.0,1.0,1.0,0.0,1.0,0.0,7.0,900.0,0.0,1.75,1546.0,2697.4,0.0,Operational,0.0,0.0,0.0,0.0,0.0,0.0,0.0,0.0,0.0,0.0,0.0,0.0,0.0,0.0,0.0,"0.0
"
10:29:53.600,0001,-0.3041616976261139,51.4366569519043,16.503,11.0,26.7281494140625,0.0,0.0,0.0,0.0,0.0,0.0,0.0,0.0,0.0,0.0,0.0,0.0,0.0,0.0,1.0,0.0,1.0,1.0,0.0,1.0,0.0,7.0,900.0,0.0,1.75,1546.0,2697.4,0.0,Operational,0.0,0.0,0.0,0.0,0.0,0.0,0.0,0.0,0.0,0.0,0.0,0.0,0.0,0.0,0.0,"0.0
"
10:29:53.700,0001,-0.3041616976261139,51.4366569519043,16.503,11.0,26.7281494140625,0.0,0.0,0.0,0.0,0.0,0.0,0.0,0.0,0.0,0.0,0.0,0.0,0.0,0.0,1.0,0.0,1.0,1.0,0.0,1.0,0.0,7.0,900.0,0.0,1.75,1546.0,2697.4,0.0,Operational,0.0,0.0,0.0,0.0,0.0,0.0,0.0,0.0,0.0,0.0,0.0,0.0,0.0,0.0,0.0,"0.0
"
10:29:53.800,0001,-0.3041616976261139,51.4366569519043,16.503,11.0,26.7281494140625,0.0,0.0,0.0,0.0,0.0,0.0,0.0,0.0,0.0,0.0,0.0,0.0,0.0,0.0,1.0,0.0,1.0,1.0,0.0,1.0,0.0,7.0,900.0,0.0,1.75,1546.0,2697.4,0.0,Operational,0.0,0.0,0.0,0.0,0.0,0.0,0.0,0.0,0.0,0.0,0.0,0.0,0.0,0.0,0.0,"0.0
"
10:29:53.900,0001,-0.30416339635849,51.4366569519043,16.159,11.0,26.7281494140625,0.0,0.0,0.0,0.0,0.0,0.0,0.0,0.0,0.0,0.0,0.0,0.0,0.0,0.0,1.0,0.0,1.0,1.0,0.0,1.0,0.0,7.0,900.0,0.0,1.75,1546.0,2697.4,0.0,Operational,0.0,0.0,0.0,0.0,0.0,0.0,0.0,0.0,0.0,0.0,0.0,0.0,0.0,0.0,0.0,"0.0
"
10:29:54.000,0001,-0.30416339635849,51.4366569519043,16.159,11.0,26.7281494140625,0.0,0.0,0.0,0.0,0.0,0.0,0.0,0.0,0.0,0.0,0.0,0.0,0.0,0.0,1.0,0.0,1.0,1.0,0.0,1.0,0.0,7.0,900.0,0.0,1.75,1546.0,2697.4,0.0,Operational,0.0,0.0,0.0,0.0,0.0,0.0,0.0,0.0,0.0,0.0,0.0,0.0,0.0,0.0,0.0,"0.0
"
10:29:54.100,0001,-0.30416339635849,51.4366569519043,16.159,11.0,26.7281494140625,0.0,0.0,0.0,0.0,0.0,0.0,0.0,0.0,0.0,0.0,0.0,0.0,0.0,0.0,1.0,0.0,1.0,1.0,0.0,1.0,0.0,7.0,900.0,0.0,1.75,1546.0,2697.4,0.0,Operational,0.0,0.0,0.0,0.0,0.0,0.0,0.0,0.0,0.0,0.0,0.0,0.0,0.0,0.0,0.0,"0.0
"
10:29:54.200,0001,-0.30416339635849,51.4366569519043,16.159,11.0,26.7281494140625,0.0,0.0,0.0,0.0,0.0,0.0,0.0,0.0,0.0,0.0,0.0,0.0,0.0,0.0,1.0,0.0,1.0,1.0,0.0,1.0,0.0,7.0,900.0,0.0,1.75,1546.0,2697.4,0.0,Operational,0.0,0.0,0.0,0.0,0.0,0.0,0.0,0.0,0.0,0.0,0.0,0.0,0.0,0.0,0.0,"0.0
"
10:29:54.300,0001,-0.30416339635849,51.4366569519043,16.159,11.0,26.7281494140625,0.0,0.0,0.0,0.0,0.0,0.0,0.0,0.0,0.0,0.0,0.0,0.0,0.0,0.0,1.0,0.0,1.0,1.0,0.0,1.0,0.0,7.0,900.0,0.0,1.75,1546.0,2697.4,0.0,Operational,0.0,0.0,0.0,0.0,0.0,0.0,0.0,0.0,0.0,0.0,0.0,0.0,0.0,0.0,0.0,"0.0
"
10:29:54.400,0001,-0.30416339635849,51.4366569519043,16.159,11.0,26.7281494140625,0.0,0.0,0.0,0.0,0.0,0.0,0.0,0.0,0.0,0.0,0.0,0.0,0.0,0.0,1.0,0.0,1.0,1.0,0.0,1.0,0.0,7.0,900.0,0.0,1.75,1546.0,2697.4,0.0,Operational,0.0,0.0,0.0,0.0,0.0,0.0,0.0,0.0,0.0,0.0,0.0,0.0,0.0,0.0,0.0,"0.0
"
10:29:54.500,0001,-0.30416339635849,51.4366569519043,16.159,11.0,26.7281494140625,0.0,0.0,0.0,0.0,0.0,0.0,0.0,0.0,0.0,0.0,0.0,0.0,0.0,0.0,1.0,0.0,1.0,1.0,0.0,1.0,0.0,7.0,900.0,0.0,1.75,1546.0,2697.4,0.0,Operational,0.0,0.0,0.0,0.0,0.0,0.0,0.0,0.0,0.0,0.0,0.0,0.0,0.0,0.0,0.0,"0.0
"
10:29:54.600,0001,-0.30416339635849,51.4366569519043,16.159,11.0,26.7281494140625,0.0,0.0,0.0,0.0,0.0,0.0,0.0,0.0,0.0,0.0,0.0,0.0,0.0,0.0,1.0,0.0,1.0,1.0,0.0,1.0,0.0,7.0,900.0,0.0,1.75,1546.0,2697.4,0.0,Operational,0.0,0.0,0.0,0.0,0.0,0.0,0.0,0.0,0.0,0.0,0.0,0.0,0.0,0.0,0.0,"0.0
"
10:29:54.700,0001,-0.30416339635849,51.4366569519043,16.159,11.0,26.7281494140625,0.0,0.0,0.0,0.0,0.0,0.0,0.0,0.0,0.0,0.0,0.0,0.0,0.0,0.0,1.0,0.0,1.0,1.0,0.0,1.0,0.0,7.0,900.0,0.0,1.75,1546.0,2697.4,0.0,Operational,0.0,0.0,0.0,0.0,0.0,0.0,0.0,0.0,0.0,0.0,0.0,0.0,0.0,0.0,0.0,"0.0
"
10:29:54.800,0001,-0.30416339635849,51.4366569519043,16.159,11.0,26.7281494140625,0.0,0.0,0.0,0.0,0.0,0.0,0.0,0.0,0.0,0.0,0.0,0.0,0.0,0.0,1.0,0.0,1.0,1.0,0.0,1.0,0.0,7.0,900.0,0.0,1.75,1546.0,2697.4,0.0,Operational,0.0,0.0,0.0,0.0,0.0,0.0,0.0,0.0,0.0,0.0,0.0,0.0,0.0,0.0,0.0,"0.0
"
10:29:54.900,0001,-0.3041645884513855,51.4366569519043,16.055,11.0,26.7281494140625,0.0,0.0,0.0,0.0,0.0,0.0,0.0,0.0,0.0,0.0,0.0,0.0,0.0,0.0,1.0,0.0,1.0,1.0,0.0,1.0,0.0,7.0,900.0,0.0,1.75,1546.0,2697.4,0.0,Operational,0.0,0.0,0.0,0.0,0.0,0.0,0.0,0.0,0.0,0.0,0.0,0.0,0.0,0.0,0.0,"0.0
"
10:29:55.000,0001,-0.3041645884513855,51.4366569519043,16.055,11.0,26.7281494140625,0.0,0.0,0.0,0.0,0.0,0.0,0.0,0.0,0.0,0.0,0.0,0.0,0.0,0.0,1.0,0.0,1.0,1.0,0.0,1.0,0.0,7.0,900.0,0.0,1.75,1546.0,2697.4,0.0,Operational,0.0,0.0,0.0,0.0,0.0,0.0,0.0,0.0,0.0,0.0,0.0,0.0,0.0,0.0,0.0,"0.0
"
10:29:55.100,0001,-0.3041645884513855,51.4366569519043,16.055,11.0,26.7281494140625,0.0,0.0,0.0,0.0,0.0,0.0,0.0,0.0,0.0,0.0,0.0,0.0,0.0,0.0,1.0,0.0,1.0,1.0,0.0,1.0,0.0,7.0,900.0,0.0,1.75,1546.0,2697.4,0.0,Operational,0.0,0.0,0.0,0.0,0.0,0.0,0.0,0.0,0.0,0.0,0.0,0.0,0.0,0.0,0.0,"0.0
"
10:29:55.200,0001,-0.3041645884513855,51.4366569519043,16.055,11.0,26.7281494140625,0.0,0.0,0.0,0.0,0.0,0.0,0.0,0.0,0.0,0.0,0.0,0.0,0.0,0.0,1.0,0.0,1.0,1.0,0.0,1.0,0.0,7.0,900.0,0.0,1.75,1546.0,2697.4,0.0,Operational,0.0,0.0,0.0,0.0,0.0,0.0,0.0,0.0,0.0,0.0,0.0,0.0,0.0,0.0,0.0,"0.0
"
10:29:55.300,0001,-0.3041645884513855,51.4366569519043,16.055,11.0,26.7281494140625,0.0,0.0,0.0,0.0,0.0,0.0,0.0,0.0,0.0,0.0,0.0,0.0,0.0,0.0,1.0,0.0,1.0,1.0,0.0,1.0,0.0,7.0,900.0,0.0,1.75,1546.0,2697.4,0.0,Operational,0.0,0.0,0.0,0.0,0.0,0.0,0.0,0.0,0.0,0.0,0.0,0.0,0.0,0.0,0.0,"0.0
"
10:29:55.400,0001,-0.3041645884513855,51.4366569519043,16.055,11.0,26.7281494140625,0.0,0.0,0.0,0.0,0.0,0.0,0.0,0.0,0.0,0.0,0.0,0.0,0.0,0.0,1.0,0.0,1.0,1.0,0.0,1.0,0.0,7.0,900.0,0.0,1.75,1546.0,2697.4,0.0,Operational,0.0,0.0,0.0,0.0,0.0,0.0,0.0,0.0,0.0,0.0,0.0,0.0,0.0,0.0,0.0,"0.0
"
10:29:55.500,0001,-0.3041645884513855,51.4366569519043,16.055,11.0,26.7281494140625,0.0,0.0,0.0,0.0,0.0,0.0,0.0,0.0,0.0,0.0,0.0,0.0,0.0,0.0,1.0,0.0,1.0,1.0,0.0,1.0,0.0,7.0,900.0,0.0,1.75,1546.0,2697.4,0.0,Operational,0.0,0.0,0.0,0.0,0.0,0.0,0.0,0.0,0.0,0.0,0.0,0.0,0.0,0.0,0.0,"0.0
"
10:29:55.600,0001,-0.3041645884513855,51.4366569519043,16.055,11.0,26.7281494140625,0.0,0.0,0.0,0.0,0.0,0.0,0.0,0.0,0.0,0.0,0.0,0.0,0.0,0.0,1.0,0.0,1.0,1.0,0.0,1.0,0.0,7.0,900.0,0.0,1.75,1546.0,2697.4,0.0,Operational,0.0,0.0,0.0,0.0,0.0,0.0,0.0,0.0,0.0,0.0,0.0,0.0,0.0,0.0,0.0,"0.0
"
10:29:55.700,0001,-0.3041645884513855,51.4366569519043,16.055,11.0,26.7281494140625,0.0,0.0,0.0,0.0,0.0,0.0,0.0,0.0,0.0,0.0,0.0,0.0,0.0,0.0,1.0,0.0,1.0,1.0,0.0,1.0,0.0,7.0,900.0,0.0,1.75,1546.0,2697.4,0.0,Operational,0.0,0.0,0.0,0.0,0.0,0.0,0.0,0.0,0.0,0.0,0.0,0.0,0.0,0.0,0.0,"0.0
"
10:29:55.800,0001,-0.3041645884513855,51.4366569519043,16.055,11.0,26.7281494140625,0.0,0.0,0.0,0.0,0.0,0.0,0.0,0.0,0.0,0.0,0.0,0.0,0.0,0.0,1.0,0.0,1.0,1.0,0.0,1.0,0.0,7.0,900.0,0.0,1.75,1546.0,2697.4,0.0,Operational,0.0,0.0,0.0,0.0,0.0,0.0,0.0,0.0,0.0,0.0,0.0,0.0,0.0,0.0,0.0,"0.0
"
10:29:55.900,0001,-0.3041665852069855,51.43665313720703,15.867,11.0,26.7281494140625,0.0,0.0,0.0,0.0,0.0,0.0,0.0,0.0,0.0,0.0,0.0,0.0,0.0,0.0,1.0,0.0,1.0,1.0,0.0,1.0,0.0,7.0,900.0,0.0,1.75,1546.0,2697.4,0.0,Operational,0.0,0.0,0.0,0.0,0.0,0.0,0.0,0.0,0.0,0.0,0.0,0.0,0.0,0.0,0.0,"0.0
"
10:29:56.000,0001,-0.3041665852069855,51.43665313720703,15.867,11.0,26.7281494140625,0.0,0.0,0.0,0.0,0.0,0.0,0.0,0.0,0.0,0.0,0.0,0.0,0.0,0.0,1.0,0.0,1.0,1.0,0.0,1.0,0.0,7.0,900.0,0.0,1.75,1546.0,2697.4,0.0,Operational,0.0,0.0,0.0,0.0,0.0,0.0,0.0,0.0,0.0,0.0,0.0,0.0,0.0,0.0,0.0,"0.0
"
10:29:56.100,0001,-0.3041665852069855,51.43665313720703,15.867,11.0,26.7281494140625,0.0,0.0,0.0,0.0,0.0,0.0,0.0,0.0,0.0,0.0,0.0,0.0,0.0,0.0,1.0,0.0,1.0,1.0,0.0,1.0,0.0,7.0,900.0,0.0,1.75,1546.0,2697.4,0.0,Operational,0.0,0.0,0.0,0.0,0.0,0.0,0.0,0.0,0.0,0.0,0.0,0.0,0.0,0.0,0.0,"0.0
"
10:29:56.200,0001,-0.3041665852069855,51.43665313720703,15.867,11.0,26.7281494140625,0.0,0.0,0.0,0.0,0.0,0.0,0.0,0.0,0.0,0.0,0.0,0.0,0.0,0.0,1.0,0.0,1.0,1.0,0.0,1.0,0.0,7.0,900.0,0.0,1.75,1546.0,2697.4,0.0,Operational,0.0,0.0,0.0,0.0,0.0,0.0,0.0,0.0,0.0,0.0,0.0,0.0,0.0,0.0,0.0,"0.0
"
10:29:56.300,0001,-0.3041665852069855,51.43665313720703,15.867,11.0,26.7281494140625,0.0,0.0,0.0,0.0,0.0,0.0,0.0,0.0,0.0,0.0,0.0,0.0,0.0,0.0,1.0,0.0,1.0,1.0,0.0,1.0,0.0,7.0,900.0,0.0,1.75,1546.0,2697.4,0.0,Operational,0.0,0.0,0.0,0.0,0.0,0.0,0.0,0.0,0.0,0.0,0.0,0.0,0.0,0.0,0.0,"0.0
"
10:29:56.400,0001,-0.3041665852069855,51.43665313720703,15.867,11.0,26.7281494140625,0.0,0.0,0.0,0.0,0.0,0.0,0.0,0.0,0.0,0.0,0.0,0.0,0.0,0.0,1.0,0.0,1.0,1.0,0.0,1.0,0.0,7.0,900.0,0.0,1.75,1546.0,2697.4,0.0,Operational,0.0,0.0,0.0,0.0,0.0,0.0,0.0,0.0,0.0,0.0,0.0,0.0,0.0,0.0,0.0,"0.0
"
10:29:56.500,0001,-0.3041665852069855,51.43665313720703,15.867,11.0,26.7281494140625,0.0,0.0,0.0,0.0,0.0,0.0,0.0,0.0,0.0,0.0,0.0,0.0,0.0,0.0,1.0,0.0,1.0,1.0,0.0,1.0,0.0,7.0,900.0,0.0,1.75,1546.0,2697.4,0.0,Operational,0.0,0.0,0.0,0.0,0.0,0.0,0.0,0.0,0.0,0.0,0.0,0.0,0.0,0.0,0.0,"0.0
"
10:29:56.600,0001,-0.3041665852069855,51.43665313720703,15.867,11.0,26.7281494140625,0.0,0.0,0.0,0.0,0.0,0.0,0.0,0.0,0.0,0.0,0.0,0.0,0.0,0.0,1.0,0.0,1.0,1.0,0.0,1.0,0.0,7.0,900.0,0.0,1.75,1546.0,2697.4,0.0,Operational,0.0,0.0,0.0,0.0,0.0,0.0,0.0,0.0,0.0,0.0,0.0,0.0,0.0,0.0,0.0,"0.0
"
10:29:56.700,0001,-0.3041665852069855,51.43665313720703,15.867,11.0,26.7281494140625,0.0,0.0,0.0,0.0,0.0,0.0,0.0,0.0,0.0,0.0,0.0,0.0,0.0,0.0,1.0,0.0,1.0,1.0,0.0,1.0,0.0,7.0,900.0,0.0,1.75,1546.0,2697.4,0.0,Operational,0.0,0.0,0.0,0.0,0.0,0.0,0.0,0.0,0.0,0.0,0.0,0.0,0.0,0.0,0.0,"0.0
"
10:29:56.800,0001,-0.3041665852069855,51.43665313720703,15.867,11.0,26.7281494140625,0.0,0.0,0.0,0.0,0.0,0.0,0.0,0.0,0.0,0.0,0.0,0.0,0.0,0.0,1.0,0.0,1.0,1.0,0.0,1.0,0.0,7.0,900.0,0.0,1.75,1546.0,2697.4,0.0,Operational,0.0,0.0,0.0,0.0,0.0,0.0,0.0,0.0,0.0,0.0,0.0,0.0,0.0,0.0,0.0,"0.0
"
10:29:56.900,0001,-0.3041695058345794,51.43665313720703,15.325,11.0,26.7281494140625,0.0,0.0,0.0,0.0,0.0,0.0,0.0,0.0,0.0,0.0,0.0,0.0,0.0,0.0,1.0,0.0,1.0,1.0,0.0,1.0,0.0,7.0,900.0,0.0,1.75,1546.0,2697.4,0.0,Operational,0.0,0.0,0.0,0.0,0.0,0.0,0.0,0.0,0.0,0.0,0.0,0.0,0.0,0.0,0.0,"0.0
"
10:29:57.000,0001,-0.3041695058345794,51.43665313720703,15.325,11.0,26.7281494140625,0.0,0.0,0.0,0.0,0.0,0.0,0.0,0.0,0.0,0.0,0.0,0.0,0.0,0.0,1.0,0.0,1.0,1.0,0.0,1.0,0.0,7.0,900.0,0.0,1.75,1546.0,2697.4,0.0,Operational,0.0,0.0,0.0,0.0,0.0,0.0,0.0,0.0,0.0,0.0,0.0,0.0,0.0,0.0,0.0,"0.0
"
10:29:57.100,0001,-0.3041695058345794,51.43665313720703,15.325,11.0,26.7281494140625,0.0,0.0,0.0,0.0,0.0,0.0,0.0,0.0,0.0,0.0,0.0,0.0,0.0,0.0,1.0,0.0,1.0,1.0,0.0,1.0,0.0,7.0,900.0,0.0,1.75,1546.0,2697.4,0.0,Operational,0.0,0.0,0.0,0.0,0.0,0.0,0.0,0.0,0.0,0.0,0.0,0.0,0.0,0.0,0.0,"0.0
"
10:29:57.200,0001,-0.3041695058345794,51.43665313720703,15.325,11.0,26.7281494140625,0.0,0.0,0.0,0.0,0.0,0.0,0.0,0.0,0.0,0.0,0.0,0.0,0.0,0.0,1.0,0.0,1.0,1.0,0.0,1.0,0.0,7.0,900.0,0.0,1.75,1546.0,2697.4,0.0,Operational,0.0,0.0,0.0,0.0,0.0,0.0,0.0,0.0,0.0,0.0,0.0,0.0,0.0,0.0,0.0,"0.0
"
10:29:57.300,0001,-0.3041695058345794,51.43665313720703,15.325,11.0,26.7281494140625,0.0,0.0,0.0,0.0,0.0,0.0,0.0,0.0,0.0,0.0,0.0,0.0,0.0,0.0,1.0,0.0,1.0,1.0,0.0,1.0,0.0,7.0,900.0,0.0,1.75,1546.0,2697.4,0.0,Operational,0.0,0.0,0.0,0.0,0.0,0.0,0.0,0.0,0.0,0.0,0.0,0.0,0.0,0.0,0.0,"0.0
"
10:29:57.400,0001,-0.3041695058345794,51.43665313720703,15.325,11.0,26.7281494140625,0.0,0.0,0.0,0.0,0.0,0.0,0.0,0.0,0.0,0.0,0.0,0.0,0.0,0.0,1.0,0.0,1.0,1.0,0.0,1.0,0.0,7.0,900.0,0.0,1.75,1546.0,2697.4,0.0,Operational,0.0,0.0,0.0,0.0,0.0,0.0,0.0,0.0,0.0,0.0,0.0,0.0,0.0,0.0,0.0,"0.0
"
10:29:57.500,0001,-0.3041695058345794,51.43665313720703,15.325,11.0,26.7281494140625,0.0,0.0,0.0,0.0,0.0,0.0,0.0,0.0,0.0,0.0,0.0,0.0,0.0,0.0,1.0,0.0,1.0,1.0,0.0,1.0,0.0,7.0,900.0,0.0,1.75,1546.0,2697.4,0.0,Operational,0.0,0.0,0.0,0.0,0.0,0.0,0.0,0.0,0.0,0.0,0.0,0.0,0.0,0.0,0.0,"0.0
"
10:29:57.600,0001,-0.3041695058345794,51.43665313720703,15.325,11.0,26.7281494140625,0.0,0.0,0.0,0.0,0.0,0.0,0.0,0.0,0.0,0.0,0.0,0.0,0.0,0.0,1.0,0.0,1.0,1.0,0.0,1.0,0.0,7.0,900.0,0.0,1.75,1546.0,2697.4,0.0,Operational,0.0,0.0,0.0,0.0,0.0,0.0,0.0,0.0,0.0,0.0,0.0,0.0,0.0,0.0,0.0,"0.0
"
10:29:57.700,0001,-0.3041695058345794,51.43665313720703,15.325,11.0,26.7281494140625,0.0,0.0,0.0,0.0,0.0,0.0,0.0,0.0,0.0,0.0,0.0,0.0,0.0,0.0,1.0,0.0,1.0,1.0,0.0,1.0,0.0,7.0,900.0,0.0,1.75,1546.0,2697.4,0.0,Operational,0.0,0.0,0.0,0.0,0.0,0.0,0.0,0.0,0.0,0.0,0.0,0.0,0.0,0.0,0.0,"0.0
"
10:29:57.800,0001,-0.3041695058345794,51.43665313720703,15.325,11.0,26.7281494140625,0.0,0.0,0.0,0.0,0.0,0.0,0.0,0.0,0.0,0.0,0.0,0.0,0.0,0.0,1.0,0.0,1.0,1.0,0.0,1.0,0.0,7.0,900.0,0.0,1.75,1546.0,2697.4,0.0,Operational,0.0,0.0,0.0,0.0,0.0,0.0,0.0,0.0,0.0,0.0,0.0,0.0,0.0,0.0,0.0,"0.0
"
10:29:57.900,0001,-0.30417200922966,51.4366455078125,14.977,11.0,26.7281494140625,0.0,0.0,0.0,0.0,0.0,0.0,0.0,0.0,0.0,0.0,0.0,0.0,0.0,0.0,1.0,0.0,1.0,1.0,0.0,1.0,0.0,7.0,900.0,0.0,1.75,1546.0,2697.4,0.0,Operational,0.0,0.0,0.0,0.0,0.0,0.0,0.0,0.0,0.0,0.0,0.0,0.0,0.0,0.0,0.0,"0.0
"
10:29:58.000,0001,-0.30417200922966,51.4366455078125,14.977,11.0,26.7281494140625,0.0,0.0,0.0,0.0,0.0,0.0,0.0,0.0,0.0,0.0,0.0,0.0,0.0,0.0,1.0,0.0,1.0,1.0,0.0,1.0,0.0,7.0,900.0,0.0,1.75,1546.0,2697.4,0.0,Operational,0.0,0.0,0.0,0.0,0.0,0.0,0.0,0.0,0.0,0.0,0.0,0.0,0.0,0.0,0.0,"0.0
"
10:29:58.100,0001,-0.30417200922966,51.4366455078125,14.977,11.0,26.7281494140625,0.0,0.0,0.0,0.0,0.0,0.0,0.0,0.0,0.0,0.0,0.0,0.0,0.0,0.0,1.0,0.0,1.0,1.0,0.0,1.0,0.0,7.0,900.0,0.0,1.75,1546.0,2697.4,0.0,Operational,0.0,0.0,0.0,0.0,0.0,0.0,0.0,0.0,0.0,0.0,0.0,0.0,0.0,0.0,0.0,"0.0
"
10:29:58.200,0001,-0.30417200922966,51.4366455078125,14.977,11.0,26.7281494140625,0.0,0.0,0.0,0.0,0.0,0.0,0.0,0.0,0.0,0.0,0.0,0.0,0.0,0.0,1.0,0.0,1.0,1.0,0.0,1.0,0.0,7.0,900.0,0.0,1.75,1546.0,2697.4,0.0,Operational,0.0,0.0,0.0,0.0,0.0,0.0,0.0,0.0,0.0,0.0,0.0,0.0,0.0,0.0,0.0,"0.0
"
10:29:58.300,0001,-0.30417200922966,51.4366455078125,14.977,11.0,26.7281494140625,0.0,0.0,0.0,0.0,0.0,0.0,0.0,0.0,0.0,0.0,0.0,0.0,0.0,0.0,1.0,0.0,1.0,1.0,0.0,1.0,0.0,7.0,900.0,0.0,1.75,1546.0,2697.4,0.0,Operational,0.0,0.0,0.0,0.0,0.0,0.0,0.0,0.0,0.0,0.0,0.0,0.0,0.0,0.0,0.0,"0.0
"
10:29:58.400,0001,-0.30417200922966,51.4366455078125,14.977,11.0,26.7281494140625,0.0,0.0,0.0,0.0,0.0,0.0,0.0,0.0,0.0,0.0,0.0,0.0,0.0,0.0,1.0,0.0,1.0,1.0,0.0,1.0,0.0,7.0,900.0,0.0,1.75,1546.0,2697.4,0.0,Operational,0.0,0.0,0.0,0.0,0.0,0.0,0.0,0.0,0.0,0.0,0.0,0.0,0.0,0.0,0.0,"0.0
"
10:29:58.500,0001,-0.30417200922966,51.4366455078125,14.977,11.0,26.7281494140625,0.0,0.0,0.0,0.0,0.0,0.0,0.0,0.0,0.0,0.0,0.0,0.0,0.0,0.0,1.0,0.0,1.0,1.0,0.0,1.0,0.0,7.0,900.0,0.0,1.75,1546.0,2697.4,0.0,Operational,0.0,0.0,0.0,0.0,0.0,0.0,0.0,0.0,0.0,0.0,0.0,0.0,0.0,0.0,0.0,"0.0
"
10:29:58.600,0001,-0.30417200922966,51.4366455078125,14.977,11.0,26.7281494140625,0.0,0.0,0.0,0.0,0.0,0.0,0.0,0.0,0.0,0.0,0.0,0.0,0.0,0.0,1.0,0.0,1.0,1.0,0.0,1.0,0.0,7.0,900.0,0.0,1.75,1546.0,2697.4,0.0,Operational,0.0,0.0,0.0,0.0,0.0,0.0,0.0,0.0,0.0,0.0,0.0,0.0,0.0,0.0,0.0,"0.0
"
